Copyright 1986-2021 Xilinx, Inc. All Rights Reserved.
------------------------------------------------------------------------------------------
| Tool Version : Vivado v.2021.2 (lin64) Build 3367213 Tue Oct 19 02:47:39 MDT 2021
| Date         : Thu Nov 28 13:53:29 2024
| Host         : hacc-gpu0 running 64-bit Ubuntu 20.04.6 LTS
| Command      : report_utilization -slr -file slr_util_routed.rpt -pb slr_util_routed.pb
| Design       : pfm_top_wrapper
| Device       : xcu280-fsvh2892-2L-e
| Speed File   : -2L
| Design State : Routed
------------------------------------------------------------------------------------------

Utilization Design Information

Table of Contents
-----------------
1. SLR Connectivity
2. SLR Connectivity Matrix
3. SLR CLB Logic and Dedicated Block Utilization
4. SLR IO Utilization

1. SLR Connectivity
-------------------

+----------------------------------+-------+-------+-----------+-------+
|                                  |  Used | Fixed | Available | Util% |
+----------------------------------+-------+-------+-----------+-------+
| SLR2 <-> SLR1                    |  6667 |       |     23040 | 28.94 |
|   SLR1 -> SLR2                   |  3406 |       |           | 14.78 |
|     Using TX_REG only            |   268 |     1 |           |       |
|     Using RX_REG only            |   285 |    18 |           |       |
|     Using Both TX_REG and RX_REG |   268 |     1 |           |       |
|   SLR2 -> SLR1                   |  3261 |       |           | 14.15 |
|     Using TX_REG only            |   408 |     0 |           |       |
|     Using RX_REG only            |   414 |     4 |           |       |
|     Using Both TX_REG and RX_REG |   408 |     0 |           |       |
| SLR1 <-> SLR0                    |  9717 |       |     23040 | 42.17 |
|   SLR0 -> SLR1                   |  5472 |       |           | 23.75 |
|     Using TX_REG only            |   379 |    71 |           |       |
|     Using RX_REG only            |   369 |    61 |           |       |
|     Using Both TX_REG and RX_REG |   363 |    55 |           |       |
|   SLR1 -> SLR0                   |  4245 |       |           | 18.42 |
|     Using TX_REG only            |   444 |    62 |           |       |
|     Using RX_REG only            |   455 |    71 |           |       |
|     Using Both TX_REG and RX_REG |   442 |    60 |           |       |
+----------------------------------+-------+-------+-----------+-------+
| Total SLLs Used                  | 16384 |       |           |       |
+----------------------------------+-------+-------+-----------+-------+


2. SLR Connectivity Matrix
--------------------------

+-----------+------+------+------+
| FROM \ TO | SLR2 | SLR1 | SLR0 |
+-----------+------+------+------+
| SLR2      |    0 | 3119 |  142 |
| SLR1      | 3268 |    0 | 4103 |
| SLR0      |  138 | 5334 |    0 |
+-----------+------+------+------+


3. SLR CLB Logic and Dedicated Block Utilization
------------------------------------------------

+----------------------------+--------+--------+-------+--------+--------+--------+
|          Site Type         |  SLR0  |  SLR1  |  SLR2 | SLR0 % | SLR1 % | SLR2 % |
+----------------------------+--------+--------+-------+--------+--------+--------+
| CLB                        |  16449 |  34701 |  8983 |  29.93 |  64.26 |  16.64 |
|   CLBL                     |   8486 |  18335 |  4619 |  28.98 |  62.62 |  15.78 |
|   CLBM                     |   7963 |  16366 |  4364 |  31.01 |  66.21 |  17.65 |
| CLB LUTs                   |  63129 | 185385 | 40010 |  14.36 |  42.91 |   9.26 |
|   LUT as Logic             |  52187 | 139023 | 35524 |  11.87 |  32.18 |   8.22 |
|     using O5 output only   |   1745 |   1023 |  1101 |   0.40 |   0.24 |   0.25 |
|     using O6 output only   |  31355 | 100508 | 20885 |   7.13 |  23.27 |   4.83 |
|     using O5 and O6        |  19087 |  37492 | 13538 |   4.34 |   8.68 |   3.13 |
|   LUT as Memory            |  10942 |  46362 |  4486 |   5.33 |  23.44 |   2.27 |
|     LUT as Distributed RAM |   8384 |   7063 |  1968 |   4.08 |   3.57 |   1.00 |
|       using O5 output only |      0 |      0 |     0 |   0.00 |   0.00 |   0.00 |
|       using O6 output only |    104 |    733 |    88 |   0.05 |   0.37 |   0.04 |
|       using O5 and O6      |   8280 |   6330 |  1880 |   4.03 |   3.20 |   0.95 |
|     LUT as Shift Register  |   2558 |  39299 |  2518 |   1.25 |  19.87 |   1.27 |
|       using O5 output only |      0 |      0 |     0 |   0.00 |   0.00 |   0.00 |
|       using O6 output only |   1657 |  34439 |  2388 |   0.81 |  17.41 |   1.21 |
|       using O5 and O6      |    901 |   4860 |   130 |   0.44 |   2.46 |   0.07 |
| CLB Registers              | 109204 | 212245 | 70100 |  12.42 |  24.57 |   8.11 |
| CARRY8                     |    680 |   3654 |   313 |   1.24 |   6.77 |   0.58 |
| F7 Muxes                   |   1006 |  22903 |  1055 |   0.46 |  10.60 |   0.49 |
| F8 Muxes                   |    109 |    142 |    47 |   0.10 |   0.13 |   0.04 |
| F9 Muxes                   |      0 |      0 |     0 |   0.00 |   0.00 |   0.00 |
| Block RAM Tile             |    120 |    397 |    94 |  17.86 |  59.08 |  13.99 |
|   RAMB36/FIFO              |    116 |    376 |    92 |  17.26 |  55.95 |  13.69 |
|     RAMB36E2 only          |    116 |    376 |    92 |  17.26 |  55.95 |  13.69 |
|   RAMB18                   |      8 |     42 |     4 |   0.60 |   3.13 |   0.30 |
|     RAMB18E2 only          |      8 |     42 |     4 |   0.60 |   3.13 |   0.30 |
| URAM                       |      0 |    320 |     0 |   0.00 | 100.00 |   0.00 |
| DSPs                       |      3 |    219 |     4 |   0.10 |   7.13 |   0.13 |
| Unique Control Sets        |   3715 |   4024 |  2904 |   3.38 |   3.73 |   2.69 |
+----------------------------+--------+--------+-------+--------+--------+--------+
* Note: Available Control Sets based on CLB Registers / 8


4. SLR IO Utilization
---------------------

+-----------+-----------+---------+------------+----------+------------+----------+-----+
| SLR Index | Used IOBs | (%)IOBs | Used IPADs | (%)IPADs | Used OPADs | (%)OPADs | GTs |
+-----------+-----------+---------+------------+----------+------------+----------+-----+
| SLR2      |        18 |    8.65 |          0 |     0.00 |          0 |     0.00 |   0 |
| SLR1      |         0 |    0.00 |          0 |     0.00 |          0 |     0.00 |   0 |
| SLR0      |       140 |   67.31 |          0 |     0.00 |          0 |     0.00 |  16 |
+-----------+-----------+---------+------------+----------+------------+----------+-----+
| Total     |       158 |         |          0 |          |          0 |          |  16 |
+-----------+-----------+---------+------------+----------+------------+----------+-----+


