Copyright 1986-2021 Xilinx, Inc. All Rights Reserved.
------------------------------------------------------------------------------------------
| Tool Version : Vivado v.2021.2 (lin64) Build 3367213 Tue Oct 19 02:47:39 MDT 2021
| Date         : Thu Oct 17 08:01:29 2024
| Host         : hacc-gpu0 running 64-bit Ubuntu 20.04.6 LTS
| Command      : report_utilization -slr -file slr_util_routed.rpt -pb slr_util_routed.pb
| Design       : pfm_top_wrapper
| Device       : xcu280-fsvh2892-2L-e
| Speed File   : -2L
| Design State : Routed
------------------------------------------------------------------------------------------

Utilization Design Information

Table of Contents
-----------------
1. SLR Connectivity
2. SLR Connectivity Matrix
3. SLR CLB Logic and Dedicated Block Utilization
4. SLR IO Utilization

1. SLR Connectivity
-------------------

+----------------------------------+------+-------+-----------+-------+
|                                  | Used | Fixed | Available | Util% |
+----------------------------------+------+-------+-----------+-------+
| SLR2 <-> SLR1                    | 4589 |       |     23040 | 19.92 |
|   SLR1 -> SLR2                   | 2391 |       |           | 10.38 |
|     Using TX_REG only            |  529 |     1 |           |       |
|     Using RX_REG only            |  546 |    18 |           |       |
|     Using Both TX_REG and RX_REG |  529 |     1 |           |       |
|   SLR2 -> SLR1                   | 2198 |       |           |  9.54 |
|     Using TX_REG only            |  681 |     0 |           |       |
|     Using RX_REG only            |  686 |     4 |           |       |
|     Using Both TX_REG and RX_REG |  681 |     0 |           |       |
| SLR1 <-> SLR0                    | 3145 |       |     23040 | 13.65 |
|   SLR0 -> SLR1                   | 1428 |       |           |  6.20 |
|     Using TX_REG only            |  599 |    71 |           |       |
|     Using RX_REG only            |  589 |    61 |           |       |
|     Using Both TX_REG and RX_REG |  583 |    55 |           |       |
|   SLR1 -> SLR0                   | 1717 |       |           |  7.45 |
|     Using TX_REG only            |  743 |    62 |           |       |
|     Using RX_REG only            |  753 |    71 |           |       |
|     Using Both TX_REG and RX_REG |  741 |    60 |           |       |
+----------------------------------+------+-------+-----------+-------+
| Total SLLs Used                  | 7734 |       |           |       |
+----------------------------------+------+-------+-----------+-------+


2. SLR Connectivity Matrix
--------------------------

+-----------+------+------+------+
| FROM \ TO | SLR2 | SLR1 | SLR0 |
+-----------+------+------+------+
| SLR2      |    0 | 2029 |  169 |
| SLR1      | 2228 |    0 | 1548 |
| SLR0      |  163 | 1265 |    0 |
+-----------+------+------+------+


3. SLR CLB Logic and Dedicated Block Utilization
------------------------------------------------

+----------------------------+--------+-------+-------+--------+--------+--------+
|          Site Type         |  SLR0  |  SLR1 |  SLR2 | SLR0 % | SLR1 % | SLR2 % |
+----------------------------+--------+-------+-------+--------+--------+--------+
| CLB                        |  39420 |  6872 |  7811 |  71.72 |  12.73 |  14.46 |
|   CLBL                     |  20233 |  3471 |  4053 |  69.10 |  11.85 |  13.84 |
|   CLBM                     |  19187 |  3401 |  3758 |  74.72 |  13.76 |  15.20 |
| CLB LUTs                   | 135976 | 47667 | 33792 |  30.93 |  11.03 |   7.82 |
|   LUT as Logic             |  99323 | 43695 | 30997 |  22.59 |  10.11 |   7.18 |
|     using O5 output only   |   2997 |   288 |   930 |   0.68 |   0.07 |   0.22 |
|     using O6 output only   |  62818 | 34268 | 18909 |  14.29 |   7.93 |   4.38 |
|     using O5 and O6        |  33508 |  9139 | 11158 |   7.62 |   2.12 |   2.58 |
|   LUT as Memory            |  36653 |  3972 |  2795 |  17.84 |   2.01 |   1.41 |
|     LUT as Distributed RAM |  20056 |  3837 |   936 |   9.76 |   1.94 |   0.47 |
|       using O5 output only |      0 |     0 |     0 |   0.00 |   0.00 |   0.00 |
|       using O6 output only |     84 |   215 |    80 |   0.04 |   0.11 |   0.04 |
|       using O5 and O6      |  19972 |  3622 |   856 |   9.72 |   1.83 |   0.43 |
|     LUT as Shift Register  |  16597 |   135 |  1859 |   8.08 |   0.07 |   0.94 |
|       using O5 output only |      0 |     0 |     0 |   0.00 |   0.00 |   0.00 |
|       using O6 output only |  10867 |   135 |  1729 |   5.29 |   0.07 |   0.87 |
|       using O5 and O6      |   5730 |     0 |   130 |   2.79 |   0.00 |   0.07 |
| CLB Registers              | 270598 | 48674 | 60234 |  30.77 |   5.63 |   6.97 |
| CARRY8                     |   2616 |   473 |   299 |   4.76 |   0.88 |   0.55 |
| F7 Muxes                   |   3586 |   651 |  1316 |   1.63 |   0.30 |   0.61 |
| F8 Muxes                   |     16 |   141 |    47 |   0.01 |   0.13 |   0.04 |
| F9 Muxes                   |      0 |     0 |     0 |   0.00 |   0.00 |   0.00 |
| Block RAM Tile             |  277.5 |  80.5 |    94 |  41.29 |  11.98 |  13.99 |
|   RAMB36/FIFO              |    268 |    80 |    92 |  39.88 |  11.90 |  13.69 |
|     RAMB36E2 only          |    268 |    80 |    92 |  39.88 |  11.90 |  13.69 |
|   RAMB18                   |     19 |     1 |     4 |   1.41 |   0.07 |   0.30 |
|     RAMB18E2 only          |     19 |     1 |     4 |   1.41 |   0.07 |   0.30 |
| URAM                       |      0 |     0 |     0 |   0.00 |   0.00 |   0.00 |
| DSPs                       |     32 |     0 |     4 |   1.11 |   0.00 |   0.13 |
| Unique Control Sets        |   7683 |  1506 |  2615 |   6.99 |   1.39 |   2.42 |
+----------------------------+--------+-------+-------+--------+--------+--------+
* Note: Available Control Sets based on CLB Registers / 8


4. SLR IO Utilization
---------------------

+-----------+-----------+---------+------------+----------+------------+----------+-----+
| SLR Index | Used IOBs | (%)IOBs | Used IPADs | (%)IPADs | Used OPADs | (%)OPADs | GTs |
+-----------+-----------+---------+------------+----------+------------+----------+-----+
| SLR2      |        18 |    8.65 |          0 |     0.00 |          0 |     0.00 |   0 |
| SLR1      |         0 |    0.00 |          0 |     0.00 |          0 |     0.00 |   0 |
| SLR0      |         1 |    0.48 |          0 |     0.00 |          0 |     0.00 |  16 |
+-----------+-----------+---------+------------+----------+------------+----------+-----+
| Total     |        19 |         |          0 |          |          0 |          |  16 |
+-----------+-----------+---------+------------+----------+------------+----------+-----+


