Copyright 1986-2021 Xilinx, Inc. All Rights Reserved.
----------------------------------------------------------------------------------------------------------------------------------------------------------------------------------------------------------------------------------------------------------------------------------------------------------------------------------------------------------------------------------------------------------------------------------------------------------------------------------------------------------------------------------------------------------------------------------------------------------------------------------------------------------------------------------------------------------------------------------
| Tool Version : Vivado v.2021.2 (lin64) Build 3367213 Tue Oct 19 02:47:39 MDT 2021
| Date         : Thu Oct 17 05:58:39 2024
| Host         : hacc-gpu0 running 64-bit Ubuntu 20.04.6 LTS
| Command      : report_accelerator_utilization -kernels { krnl_vaddmul:pfm_top_i/dynamic_region/krnl_vaddmul_1/inst:krnl_vaddmul_1 krnl_vaddmul:pfm_top_i/dynamic_region/krnl_vaddmul_2/inst:krnl_vaddmul_2 krnl_vaddmul:pfm_top_i/dynamic_region/krnl_vaddmul_3/inst:krnl_vaddmul_3 krnl_vaddmul:pfm_top_i/dynamic_region/krnl_vaddmul_4/inst:krnl_vaddmul_4 krnl_vaddmul:pfm_top_i/dynamic_region/krnl_vaddmul_5/inst:krnl_vaddmul_5 krnl_vaddmul:pfm_top_i/dynamic_region/krnl_vaddmul_6/inst:krnl_vaddmul_6 krnl_vaddmul:pfm_top_i/dynamic_region/krnl_vaddmul_7/inst:krnl_vaddmul_7 krnl_vaddmul:pfm_top_i/dynamic_region/krnl_vaddmul_8/inst:krnl_vaddmul_8} -file kernel_util_synthed.rpt -name kernel_util_synthed -json
| Design       : pfm_top_wrapper
| Device       : xcu280
| Design State : Synthesized
----------------------------------------------------------------------------------------------------------------------------------------------------------------------------------------------------------------------------------------------------------------------------------------------------------------------------------------------------------------------------------------------------------------------------------------------------------------------------------------------------------------------------------------------------------------------------------------------------------------------------------------------------------------------------------------------------------------------------------

Accelerator Utilization Design Information

Table of Contents
-----------------
1. System Utilization

1. System Utilization
---------------------

+---------------------+-------------------+------------------+-------------------+----------------+---------------+----------------+
| Name                | LUT               | LUTAsMem         | REG               | BRAM           | URAM          | DSP            |
+---------------------+-------------------+------------------+-------------------+----------------+---------------+----------------+
| Platform            |  195371 [ 15.00%] |  38120 [  6.35%] |  297556 [ 11.41%] |  204 [ 10.12%] |   0 [  0.00%] |    4 [  0.04%] |
| User Budget         | 1107349 [100.00%] | 562360 [100.00%] | 2309804 [100.00%] | 1812 [100.00%] | 960 [100.00%] | 9020 [100.00%] |
|    Used Resources   |   62344 [  5.63%] |  18976 [  3.37%] |  125944 [  5.45%] |  248 [ 13.69%] |   0 [  0.00%] |   32 [  0.35%] |
|    Unused Resources | 1045005 [ 94.37%] | 543384 [ 96.63%] | 2183860 [ 94.55%] | 1564 [ 86.31%] | 960 [100.00%] | 8988 [ 99.65%] |
| krnl_vaddmul        |   62344 [  5.63%] |  18976 [  3.37%] |  125944 [  5.45%] |  248 [ 13.69%] |   0 [  0.00%] |   32 [  0.35%] |
|    krnl_vaddmul_1   |    7793 [  0.70%] |   2372 [  0.42%] |   15743 [  0.68%] |   31 [  1.71%] |   0 [  0.00%] |    4 [  0.04%] |
|    krnl_vaddmul_2   |    7793 [  0.70%] |   2372 [  0.42%] |   15743 [  0.68%] |   31 [  1.71%] |   0 [  0.00%] |    4 [  0.04%] |
|    krnl_vaddmul_3   |    7793 [  0.70%] |   2372 [  0.42%] |   15743 [  0.68%] |   31 [  1.71%] |   0 [  0.00%] |    4 [  0.04%] |
|    krnl_vaddmul_4   |    7793 [  0.70%] |   2372 [  0.42%] |   15743 [  0.68%] |   31 [  1.71%] |   0 [  0.00%] |    4 [  0.04%] |
|    krnl_vaddmul_5   |    7793 [  0.70%] |   2372 [  0.42%] |   15743 [  0.68%] |   31 [  1.71%] |   0 [  0.00%] |    4 [  0.04%] |
|    krnl_vaddmul_6   |    7793 [  0.70%] |   2372 [  0.42%] |   15743 [  0.68%] |   31 [  1.71%] |   0 [  0.00%] |    4 [  0.04%] |
|    krnl_vaddmul_7   |    7793 [  0.70%] |   2372 [  0.42%] |   15743 [  0.68%] |   31 [  1.71%] |   0 [  0.00%] |    4 [  0.04%] |
|    krnl_vaddmul_8   |    7793 [  0.70%] |   2372 [  0.42%] |   15743 [  0.68%] |   31 [  1.71%] |   0 [  0.00%] |    4 [  0.04%] |
+---------------------+-------------------+------------------+-------------------+----------------+---------------+----------------+


