Copyright 1986-2021 Xilinx, Inc. All Rights Reserved.
-----------------------------------------------------------------------------------------------------------------------------------------------------------------------------------------------------------------------------------------------------------------------------------------------------------------------------------------------------
| Tool Version : Vivado v.2021.2 (lin64) Build 3367213 Tue Oct 19 02:47:39 MDT 2021
| Date         : Mon Nov  4 23:39:40 2024
| Host         : hacc-gpu0 running 64-bit Ubuntu 20.04.6 LTS
| Command      : report_accelerator_utilization -kernels { krnl_vaddmul:pfm_top_i/dynamic_region/krnl_vaddmul_1/inst:krnl_vaddmul_1 krnl_vaddmul:pfm_top_i/dynamic_region/krnl_vaddmul_2/inst:krnl_vaddmul_2 krnl_vaddmul:pfm_top_i/dynamic_region/krnl_vaddmul_3/inst:krnl_vaddmul_3} -file kernel_util_synthed.rpt -name kernel_util_synthed -json
| Design       : pfm_top_wrapper
| Device       : xcu280
| Design State : Synthesized
-----------------------------------------------------------------------------------------------------------------------------------------------------------------------------------------------------------------------------------------------------------------------------------------------------------------------------------------------------

Accelerator Utilization Design Information

Table of Contents
-----------------
1. System Utilization

1. System Utilization
---------------------

+---------------------+-------------------+------------------+-------------------+----------------+---------------+----------------+
| Name                | LUT               | LUTAsMem         | REG               | BRAM           | URAM          | DSP            |
+---------------------+-------------------+------------------+-------------------+----------------+---------------+----------------+
| Platform            |  150836 [ 11.58%] |  28072 [  4.67%] |  217640 [  8.35%] |  204 [ 10.12%] |   0 [  0.00%] |    4 [  0.04%] |
| User Budget         | 1151884 [100.00%] | 572408 [100.00%] | 2389720 [100.00%] | 1812 [100.00%] | 960 [100.00%] | 9020 [100.00%] |
|    Used Resources   |   34437 [  2.99%] |  18903 [  3.30%] |   41079 [  1.72%] |   60 [  3.31%] |   0 [  0.00%] |   24 [  0.27%] |
|    Unused Resources | 1117447 [ 97.01%] | 553505 [ 96.70%] | 2348641 [ 98.28%] | 1752 [ 96.69%] | 960 [100.00%] | 8996 [ 99.73%] |
| krnl_vaddmul        |   34437 [  2.99%] |  18903 [  3.30%] |   41079 [  1.72%] |   60 [  3.31%] |   0 [  0.00%] |   24 [  0.27%] |
|    krnl_vaddmul_1   |   11479 [  1.00%] |   6301 [  1.10%] |   13693 [  0.57%] |   20 [  1.10%] |   0 [  0.00%] |    8 [  0.09%] |
|    krnl_vaddmul_2   |   11479 [  1.00%] |   6301 [  1.10%] |   13693 [  0.57%] |   20 [  1.10%] |   0 [  0.00%] |    8 [  0.09%] |
|    krnl_vaddmul_3   |   11479 [  1.00%] |   6301 [  1.10%] |   13693 [  0.57%] |   20 [  1.10%] |   0 [  0.00%] |    8 [  0.09%] |
+---------------------+-------------------+------------------+-------------------+----------------+---------------+----------------+


