Copyright 1986-2021 Xilinx, Inc. All Rights Reserved.
------------------------------------------------------------------------------------------
| Tool Version : Vivado v.2021.2 (lin64) Build 3367213 Tue Oct 19 02:47:39 MDT 2021
| Date         : Sat Nov  2 11:45:08 2024
| Host         : hacc-gpu0 running 64-bit Ubuntu 20.04.6 LTS
| Command      : report_utilization -slr -file slr_util_placed.rpt -pb slr_util_placed.pb
| Design       : pfm_top_wrapper
| Device       : xcu280-fsvh2892-2L-e
| Speed File   : -2L
| Design State : Fully Placed
------------------------------------------------------------------------------------------

Utilization Design Information

Table of Contents
-----------------
1. SLR Connectivity
2. SLR Connectivity Matrix
3. SLR CLB Logic and Dedicated Block Utilization
4. SLR IO Utilization

1. SLR Connectivity
-------------------

+----------------------------------+------+-------+-----------+-------+
|                                  | Used | Fixed | Available | Util% |
+----------------------------------+------+-------+-----------+-------+
| SLR2 <-> SLR1                    | 3957 |       |     23040 | 17.17 |
|   SLR1 -> SLR2                   | 2088 |       |           |  9.06 |
|     Using TX_REG only            |    1 |     1 |           |       |
|     Using RX_REG only            |   18 |    18 |           |       |
|     Using Both TX_REG and RX_REG |  267 |     1 |           |       |
|   SLR2 -> SLR1                   | 1869 |       |           |  8.11 |
|     Using TX_REG only            |    0 |     0 |           |       |
|     Using RX_REG only            |    4 |     4 |           |       |
|     Using Both TX_REG and RX_REG |  407 |     0 |           |       |
| SLR1 <-> SLR0                    | 2529 |       |     23040 | 10.98 |
|   SLR0 -> SLR1                   | 1137 |       |           |  4.93 |
|     Using TX_REG only            |   71 |    71 |           |       |
|     Using RX_REG only            |   61 |    61 |           |       |
|     Using Both TX_REG and RX_REG |  355 |    55 |           |       |
|   SLR1 -> SLR0                   | 1392 |       |           |  6.04 |
|     Using TX_REG only            |   62 |    62 |           |       |
|     Using RX_REG only            |   72 |    71 |           |       |
|     Using Both TX_REG and RX_REG |  435 |    60 |           |       |
+----------------------------------+------+-------+-----------+-------+
| Total SLLs Used                  | 6486 |       |           |       |
+----------------------------------+------+-------+-----------+-------+


2. SLR Connectivity Matrix
--------------------------

+-----------+------+------+------+
| FROM \ TO | SLR2 | SLR1 | SLR0 |
+-----------+------+------+------+
| SLR2      |    0 | 1712 |  157 |
| SLR1      | 1978 |    0 | 1235 |
| SLR0      |  110 | 1027 |    0 |
+-----------+------+------+------+


3. SLR CLB Logic and Dedicated Block Utilization
------------------------------------------------

+----------------------------+--------+-------+-------+--------+--------+--------+
|          Site Type         |  SLR0  |  SLR1 |  SLR2 | SLR0 % | SLR1 % | SLR2 % |
+----------------------------+--------+-------+-------+--------+--------+--------+
| CLB                        |  16274 |  6946 |  8124 |  29.61 |  12.86 |  15.04 |
|   CLBL                     |   8194 |  3483 |  4232 |  27.98 |  11.90 |  14.45 |
|   CLBM                     |   8080 |  3463 |  3892 |  31.46 |  14.01 |  15.74 |
| CLB LUTs                   |  66188 | 47659 | 35363 |  15.05 |  11.03 |   8.19 |
|   LUT as Logic             |  44567 | 43687 | 32325 |  10.14 |  10.11 |   7.48 |
|     using O5 output only   |   1302 |   286 |  1006 |   0.30 |   0.07 |   0.23 |
|     using O6 output only   |  28546 | 34252 | 19497 |   6.49 |   7.93 |   4.51 |
|     using O5 and O6        |  14719 |  9149 | 11822 |   3.35 |   2.12 |   2.74 |
|   LUT as Memory            |  21621 |  3972 |  3038 |  10.52 |   2.01 |   1.54 |
|     LUT as Distributed RAM |  10360 |  3837 |  1660 |   5.04 |   1.94 |   0.84 |
|       using O5 output only |      0 |     0 |     0 |   0.00 |   0.00 |   0.00 |
|       using O6 output only |     80 |   215 |    84 |   0.04 |   0.11 |   0.04 |
|       using O5 and O6      |  10280 |  3622 |  1576 |   5.00 |   1.83 |   0.80 |
|     LUT as Shift Register  |  11261 |   135 |  1378 |   5.48 |   0.07 |   0.70 |
|       using O5 output only |      0 |     0 |     0 |   0.00 |   0.00 |   0.00 |
|       using O6 output only |   6801 |   135 |  1248 |   3.31 |   0.07 |   0.63 |
|       using O5 and O6      |   4460 |     0 |   130 |   2.17 |   0.00 |   0.07 |
| CLB Registers              | 116970 | 46365 | 60932 |  13.30 |   5.37 |   7.05 |
| CARRY8                     |   1630 |   473 |   313 |   2.97 |   0.88 |   0.58 |
| F7 Muxes                   |   2576 |   651 |  1054 |   1.17 |   0.30 |   0.49 |
| F8 Muxes                   |    712 |   141 |    47 |   0.65 |   0.13 |   0.04 |
| F9 Muxes                   |      0 |     0 |     0 |   0.00 |   0.00 |   0.00 |
| Block RAM Tile             |  105.5 |  80.5 |    94 |  15.70 |  11.98 |  13.99 |
|   RAMB36/FIFO              |    104 |    80 |    92 |  15.48 |  11.90 |  13.69 |
|     RAMB36E2 only          |    104 |    80 |    92 |  15.48 |  11.90 |  13.69 |
|   RAMB18                   |      3 |     1 |     4 |   0.22 |   0.07 |   0.30 |
|     RAMB18E2 only          |      3 |     1 |     4 |   0.22 |   0.07 |   0.30 |
| URAM                       |      0 |     0 |     0 |   0.00 |   0.00 |   0.00 |
| DSPs                       |     24 |     0 |     4 |   0.83 |   0.00 |   0.13 |
| Unique Control Sets        |   3504 |  1504 |  2723 |   3.19 |   1.39 |   2.52 |
+----------------------------+--------+-------+-------+--------+--------+--------+
* Note: Available Control Sets based on CLB Registers / 8


4. SLR IO Utilization
---------------------

+-----------+-----------+---------+------------+----------+------------+----------+-----+
| SLR Index | Used IOBs | (%)IOBs | Used IPADs | (%)IPADs | Used OPADs | (%)OPADs | GTs |
+-----------+-----------+---------+------------+----------+------------+----------+-----+
| SLR2      |        18 |    8.65 |          0 |     0.00 |          0 |     0.00 |   0 |
| SLR1      |         0 |    0.00 |          0 |     0.00 |          0 |     0.00 |   0 |
| SLR0      |         1 |    0.48 |          0 |     0.00 |          0 |     0.00 |  16 |
+-----------+-----------+---------+------------+----------+------------+----------+-----+
| Total     |        19 |         |          0 |          |          0 |          |  16 |
+-----------+-----------+---------+------------+----------+------------+----------+-----+


