Copyright 1986-2021 Xilinx, Inc. All Rights Reserved.
----------------------------------------------------------------------------------------------------------------------------------------------------------------------------------
| Tool Version : Vivado v.2021.2 (lin64) Build 3367213 Tue Oct 19 02:47:39 MDT 2021
| Date         : Mon Dec 16 11:53:47 2024
| Host         : hacc-gpu0 running 64-bit Ubuntu 20.04.6 LTS
| Command      : report_accelerator_utilization -kernels { overlay:pfm_top_i/dynamic_region/overlay_1/inst:overlay_1} -file kernel_util_placed.rpt -name kernel_util_placed -json
| Design       : pfm_top_wrapper
| Device       : xcu280
| Design State : Fully Placed
----------------------------------------------------------------------------------------------------------------------------------------------------------------------------------

Accelerator Utilization Design Information

Table of Contents
-----------------
1. System Utilization

1. System Utilization
---------------------

+---------------------+-------------------+------------------+-------------------+----------------+---------------+----------------+
| Name                | LUT               | LUTAsMem         | REG               | BRAM           | URAM          | DSP            |
+---------------------+-------------------+------------------+-------------------+----------------+---------------+----------------+
| Platform            |  169640 [ 13.02%] |  26366 [  4.39%] |  267613 [ 10.26%] |  303 [ 15.03%] |   0 [  0.00%] |    7 [  0.08%] |
| User Budget         | 1133080 [100.00%] | 574114 [100.00%] | 2339747 [100.00%] | 1713 [100.00%] | 960 [100.00%] | 9017 [100.00%] |
|    Used Resources   |  211464 [ 18.66%] |  63119 [ 10.99%] |  226177 [  9.67%] |  577 [ 33.68%] | 640 [ 66.67%] |  387 [  4.29%] |
|    Unused Resources |  921616 [ 81.34%] | 510995 [ 89.01%] | 2113570 [ 90.33%] | 1136 [ 66.32%] | 320 [ 33.33%] | 8630 [ 95.71%] |
| overlay             |  211464 [ 18.66%] |  63119 [ 10.99%] |  226177 [  9.67%] |  577 [ 33.68%] | 640 [ 66.67%] |  387 [  4.29%] |
|    overlay_1        |  211464 [ 18.66%] |  63119 [ 10.99%] |  226177 [  9.67%] |  577 [ 33.68%] | 640 [ 66.67%] |  387 [  4.29%] |
+---------------------+-------------------+------------------+-------------------+----------------+---------------+----------------+


