Copyright 1986-2021 Xilinx, Inc. All Rights Reserved.
------------------------------------------------------------------------------------------
| Tool Version : Vivado v.2021.2 (lin64) Build 3367213 Tue Oct 19 02:47:39 MDT 2021
| Date         : Tue Nov 19 19:12:27 2024
| Host         : hacc-gpu0 running 64-bit Ubuntu 20.04.6 LTS
| Command      : report_utilization -slr -file slr_util_placed.rpt -pb slr_util_placed.pb
| Design       : pfm_top_wrapper
| Device       : xcu280-fsvh2892-2L-e
| Speed File   : -2L
| Design State : Fully Placed
------------------------------------------------------------------------------------------

Utilization Design Information

Table of Contents
-----------------
1. SLR Connectivity
2. SLR Connectivity Matrix
3. SLR CLB Logic and Dedicated Block Utilization
4. SLR IO Utilization

1. SLR Connectivity
-------------------

+----------------------------------+------+-------+-----------+-------+
|                                  | Used | Fixed | Available | Util% |
+----------------------------------+------+-------+-----------+-------+
| SLR2 <-> SLR1                    | 3950 |       |     23040 | 17.14 |
|   SLR1 -> SLR2                   | 2081 |       |           |  9.03 |
|     Using TX_REG only            |    1 |     1 |           |       |
|     Using RX_REG only            |   18 |    18 |           |       |
|     Using Both TX_REG and RX_REG |  273 |     1 |           |       |
|   SLR2 -> SLR1                   | 1869 |       |           |  8.11 |
|     Using TX_REG only            |    0 |     0 |           |       |
|     Using RX_REG only            |    4 |     4 |           |       |
|     Using Both TX_REG and RX_REG |  407 |     0 |           |       |
| SLR1 <-> SLR0                    | 2525 |       |     23040 | 10.96 |
|   SLR0 -> SLR1                   | 1135 |       |           |  4.93 |
|     Using TX_REG only            |   71 |    71 |           |       |
|     Using RX_REG only            |   61 |    61 |           |       |
|     Using Both TX_REG and RX_REG |  355 |    55 |           |       |
|   SLR1 -> SLR0                   | 1390 |       |           |  6.03 |
|     Using TX_REG only            |   62 |    62 |           |       |
|     Using RX_REG only            |   72 |    71 |           |       |
|     Using Both TX_REG and RX_REG |  439 |    60 |           |       |
+----------------------------------+------+-------+-----------+-------+
| Total SLLs Used                  | 6475 |       |           |       |
+----------------------------------+------+-------+-----------+-------+


2. SLR Connectivity Matrix
--------------------------

+-----------+------+------+------+
| FROM \ TO | SLR2 | SLR1 | SLR0 |
+-----------+------+------+------+
| SLR2      |    0 | 1677 |  192 |
| SLR1      | 1939 |    0 | 1198 |
| SLR0      |  142 |  993 |    0 |
+-----------+------+------+------+


3. SLR CLB Logic and Dedicated Block Utilization
------------------------------------------------

+----------------------------+-------+-------+-------+--------+--------+--------+
|          Site Type         |  SLR0 |  SLR1 |  SLR2 | SLR0 % | SLR1 % | SLR2 % |
+----------------------------+-------+-------+-------+--------+--------+--------+
| CLB                        | 10193 |  7332 |  8230 |  18.55 |  13.58 |  15.24 |
|   CLBL                     |  5039 |  3697 |  4195 |  17.21 |  12.63 |  14.33 |
|   CLBM                     |  5154 |  3635 |  4035 |  20.07 |  14.70 |  16.32 |
| CLB LUTs                   | 36276 | 47517 | 35443 |   8.25 |  11.00 |   8.20 |
|   LUT as Logic             | 31836 | 43583 | 32369 |   7.24 |  10.09 |   7.49 |
|     using O5 output only   |   531 |   286 |  1012 |   0.12 |   0.07 |   0.23 |
|     using O6 output only   | 21411 | 34188 | 19557 |   4.87 |   7.91 |   4.53 |
|     using O5 and O6        |  9894 |  9109 | 11800 |   2.25 |   2.11 |   2.73 |
|   LUT as Memory            |  4440 |  3934 |  3074 |   2.16 |   1.99 |   1.55 |
|     LUT as Distributed RAM |  1232 |  3837 |  1660 |   0.60 |   1.94 |   0.84 |
|       using O5 output only |     0 |     0 |     0 |   0.00 |   0.00 |   0.00 |
|       using O6 output only |    80 |   215 |    84 |   0.04 |   0.11 |   0.04 |
|       using O5 and O6      |  1152 |  3622 |  1576 |   0.56 |   1.83 |   0.80 |
|     LUT as Shift Register  |  3208 |    97 |  1414 |   1.56 |   0.05 |   0.72 |
|       using O5 output only |     0 |     0 |     0 |   0.00 |   0.00 |   0.00 |
|       using O6 output only |  2181 |    97 |  1284 |   1.06 |   0.05 |   0.65 |
|       using O5 and O6      |  1027 |     0 |   130 |   0.50 |   0.00 |   0.07 |
| CLB Registers              | 67241 | 46222 | 60820 |   7.65 |   5.35 |   7.04 |
| CARRY8                     |  1737 |   473 |   313 |   3.16 |   0.88 |   0.58 |
| F7 Muxes                   |   687 |   651 |  1054 |   0.31 |   0.30 |   0.49 |
| F8 Muxes                   |    16 |   141 |    47 |   0.01 |   0.13 |   0.04 |
| F9 Muxes                   |     0 |     0 |     0 |   0.00 |   0.00 |   0.00 |
| Block RAM Tile             |  39.5 |  80.5 |    94 |   5.88 |  11.98 |  13.99 |
|   RAMB36/FIFO              |    38 |    80 |    92 |   5.65 |  11.90 |  13.69 |
|     RAMB36E2 only          |    38 |    80 |    92 |   5.65 |  11.90 |  13.69 |
|   RAMB18                   |     3 |     1 |     4 |   0.22 |   0.07 |   0.30 |
|     RAMB18E2 only          |     3 |     1 |     4 |   0.22 |   0.07 |   0.30 |
| URAM                       |     0 |     0 |     0 |   0.00 |   0.00 |   0.00 |
| DSPs                       |     0 |     0 |     4 |   0.00 |   0.00 |   0.13 |
| Unique Control Sets        |  1730 |  1495 |  2726 |   1.57 |   1.38 |   2.52 |
+----------------------------+-------+-------+-------+--------+--------+--------+
* Note: Available Control Sets based on CLB Registers / 8


4. SLR IO Utilization
---------------------

+-----------+-----------+---------+------------+----------+------------+----------+-----+
| SLR Index | Used IOBs | (%)IOBs | Used IPADs | (%)IPADs | Used OPADs | (%)OPADs | GTs |
+-----------+-----------+---------+------------+----------+------------+----------+-----+
| SLR2      |        18 |    8.65 |          0 |     0.00 |          0 |     0.00 |   0 |
| SLR1      |         0 |    0.00 |          0 |     0.00 |          0 |     0.00 |   0 |
| SLR0      |         1 |    0.48 |          0 |     0.00 |          0 |     0.00 |  16 |
+-----------+-----------+---------+------------+----------+------------+----------+-----+
| Total     |        19 |         |          0 |          |          0 |          |  16 |
+-----------+-----------+---------+------------+----------+------------+----------+-----+


