INFO: [v++ 60-1306] Additional information associated with this v++ link can be found at:
	Reports: /home/ziyuanwang/hbm/Vitis_Accel_Examples/performance/hbm_bandwidth_pseudo_random/_x_8core_maxsize512_16.hw.xilinx_u280_xdma_201920_3/reports/link
	Log files: /home/ziyuanwang/hbm/Vitis_Accel_Examples/performance/hbm_bandwidth_pseudo_random/_x_8core_maxsize512_16.hw.xilinx_u280_xdma_201920_3/logs/link
INFO: [v++ 60-1548] Creating build summary session with primary output /home/ziyuanwang/hbm/Vitis_Accel_Examples/performance/hbm_bandwidth_pseudo_random/build_dir_8core_maxsize512_16.hw.xilinx_u280_xdma_201920_3/krnl_vaddmul.link.xclbin.link_summary, at Tue Oct 29 15:05:59 2024
INFO: [v++ 60-1316] Initiating connection to rulecheck server, at Tue Oct 29 15:05:59 2024
INFO: [v++ 60-1315] Creating rulecheck session with output '/home/ziyuanwang/hbm/Vitis_Accel_Examples/performance/hbm_bandwidth_pseudo_random/_x_8core_maxsize512_16.hw.xilinx_u280_xdma_201920_3/reports/link/v++_link_krnl_vaddmul.link_guidance.html', at Tue Oct 29 15:06:02 2024
INFO: [v++ 60-895]   Target platform: /opt/xilinx/platforms/xilinx_u280_xdma_201920_3/xilinx_u280_xdma_201920_3.xpfm
INFO: [v++ 60-1578]   This platform contains Xilinx Shell Archive '/opt/xilinx/platforms/xilinx_u280_xdma_201920_3/hw/xilinx_u280_xdma_201920_3.xsa'
INFO: [v++ 74-78] Compiler Version string: 2021.2
INFO: [v++ 60-1302] Platform 'xilinx_u280_xdma_201920_3.xpfm' has been explicitly enabled for this release.
INFO: [v++ 60-629] Linking for hardware target
INFO: [v++ 60-423]   Target device: xilinx_u280_xdma_201920_3
INFO: [v++ 60-1332] Run 'run_link' status: Not started
INFO: [v++ 60-1443] [15:06:25] Run run_link: Step system_link: Started
INFO: [v++ 60-1453] Command Line: system_link --xo /home/ziyuanwang/hbm/Vitis_Accel_Examples/performance/hbm_bandwidth_pseudo_random/_x_8core_maxsize512_16.hw.xilinx_u280_xdma_201920_3/krnl_vaddmul.xo -keep --config /home/ziyuanwang/hbm/Vitis_Accel_Examples/performance/hbm_bandwidth_pseudo_random/_x_8core_maxsize512_16.hw.xilinx_u280_xdma_201920_3/link/int/syslinkConfig.ini --xpfm /opt/xilinx/platforms/xilinx_u280_xdma_201920_3/xilinx_u280_xdma_201920_3.xpfm --target hw --output_dir /home/ziyuanwang/hbm/Vitis_Accel_Examples/performance/hbm_bandwidth_pseudo_random/_x_8core_maxsize512_16.hw.xilinx_u280_xdma_201920_3/link/int --temp_dir /home/ziyuanwang/hbm/Vitis_Accel_Examples/performance/hbm_bandwidth_pseudo_random/_x_8core_maxsize512_16.hw.xilinx_u280_xdma_201920_3/link/sys_link
INFO: [v++ 60-1454] Run Directory: /home/ziyuanwang/hbm/Vitis_Accel_Examples/performance/hbm_bandwidth_pseudo_random/_x_8core_maxsize512_16.hw.xilinx_u280_xdma_201920_3/link/run_link
INFO: [SYSTEM_LINK 60-1316] Initiating connection to rulecheck server, at Tue Oct 29 15:06:29 2024
INFO: [SYSTEM_LINK 82-70] Extracting xo v3 file /home/ziyuanwang/hbm/Vitis_Accel_Examples/performance/hbm_bandwidth_pseudo_random/_x_8core_maxsize512_16.hw.xilinx_u280_xdma_201920_3/krnl_vaddmul.xo
INFO: [SYSTEM_LINK 82-53] Creating IP database /home/ziyuanwang/hbm/Vitis_Accel_Examples/performance/hbm_bandwidth_pseudo_random/_x_8core_maxsize512_16.hw.xilinx_u280_xdma_201920_3/link/sys_link/_sysl/.cdb/xd_ip_db.xml
INFO: [SYSTEM_LINK 82-38] [15:07:04] build_xd_ip_db started: /tools/Xilinx/Vitis/2021.2/bin/build_xd_ip_db -ip_search 0  -sds-pf /home/ziyuanwang/hbm/Vitis_Accel_Examples/performance/hbm_bandwidth_pseudo_random/_x_8core_maxsize512_16.hw.xilinx_u280_xdma_201920_3/link/sys_link/xilinx_u280_xdma_201920_3.hpfm -clkid 0 -ip /home/ziyuanwang/hbm/Vitis_Accel_Examples/performance/hbm_bandwidth_pseudo_random/_x_8core_maxsize512_16.hw.xilinx_u280_xdma_201920_3/link/sys_link/iprepo/xilinx_com_hls_krnl_vaddmul_1_0,krnl_vaddmul -o /home/ziyuanwang/hbm/Vitis_Accel_Examples/performance/hbm_bandwidth_pseudo_random/_x_8core_maxsize512_16.hw.xilinx_u280_xdma_201920_3/link/sys_link/_sysl/.cdb/xd_ip_db.xml
INFO: [SYSTEM_LINK 82-37] [15:07:17] build_xd_ip_db finished successfully
Time (s): cpu = 00:00:04 ; elapsed = 00:00:13 . Memory (MB): peak = 2167.246 ; gain = 0.000 ; free physical = 89327 ; free virtual = 496158
INFO: [SYSTEM_LINK 82-51] Create system connectivity graph
INFO: [SYSTEM_LINK 82-102] Applying explicit connections to the system connectivity graph: /home/ziyuanwang/hbm/Vitis_Accel_Examples/performance/hbm_bandwidth_pseudo_random/_x_8core_maxsize512_16.hw.xilinx_u280_xdma_201920_3/link/sys_link/cfgraph/cfgen_cfgraph.xml
INFO: [SYSTEM_LINK 82-38] [15:07:17] cfgen started: /tools/Xilinx/Vitis/2021.2/bin/cfgen  -nk krnl_vaddmul:8 -sp krnl_vaddmul_1.in1:HBM[0] -sp krnl_vaddmul_1.in2:HBM[1] -sp krnl_vaddmul_1.out_add:HBM[2] -sp krnl_vaddmul_1.out_mul:HBM[3] -sp krnl_vaddmul_2.in1:HBM[4] -sp krnl_vaddmul_2.in2:HBM[5] -sp krnl_vaddmul_2.out_add:HBM[6] -sp krnl_vaddmul_2.out_mul:HBM[7] -sp krnl_vaddmul_3.in1:HBM[8] -sp krnl_vaddmul_3.in2:HBM[9] -sp krnl_vaddmul_3.out_add:HBM[10] -sp krnl_vaddmul_3.out_mul:HBM[11] -sp krnl_vaddmul_4.in1:HBM[12] -sp krnl_vaddmul_4.in2:HBM[13] -sp krnl_vaddmul_4.out_add:HBM[15] -sp krnl_vaddmul_4.out_mul:HBM[14] -sp krnl_vaddmul_5.in1:HBM[16] -sp krnl_vaddmul_5.in2:HBM[17] -sp krnl_vaddmul_5.out_add:HBM[18] -sp krnl_vaddmul_5.out_mul:HBM[19] -sp krnl_vaddmul_6.in1:HBM[20] -sp krnl_vaddmul_6.in2:HBM[21] -sp krnl_vaddmul_6.out_add:HBM[22] -sp krnl_vaddmul_6.out_mul:HBM[23] -sp krnl_vaddmul_7.in1:HBM[24] -sp krnl_vaddmul_7.in2:HBM[25] -sp krnl_vaddmul_7.out_add:HBM[26] -sp krnl_vaddmul_7.out_mul:HBM[27] -sp krnl_vaddmul_8.in1:HBM[28] -sp krnl_vaddmul_8.in2:HBM[29] -sp krnl_vaddmul_8.out_add:HBM[30] -sp krnl_vaddmul_8.out_mul:HBM[31] -dmclkid 0 -r /home/ziyuanwang/hbm/Vitis_Accel_Examples/performance/hbm_bandwidth_pseudo_random/_x_8core_maxsize512_16.hw.xilinx_u280_xdma_201920_3/link/sys_link/_sysl/.cdb/xd_ip_db.xml -o /home/ziyuanwang/hbm/Vitis_Accel_Examples/performance/hbm_bandwidth_pseudo_random/_x_8core_maxsize512_16.hw.xilinx_u280_xdma_201920_3/link/sys_link/cfgraph/cfgen_cfgraph.xml
INFO: [CFGEN 83-0] Kernel Specs: 
INFO: [CFGEN 83-0]   kernel: krnl_vaddmul, num: 8  {krnl_vaddmul_1 krnl_vaddmul_2 krnl_vaddmul_3 krnl_vaddmul_4 krnl_vaddmul_5 krnl_vaddmul_6 krnl_vaddmul_7 krnl_vaddmul_8}
INFO: [CFGEN 83-0] Port Specs: 
INFO: [CFGEN 83-0]   kernel: krnl_vaddmul_1, k_port: in1, sptag: HBM[0]
INFO: [CFGEN 83-0]   kernel: krnl_vaddmul_1, k_port: in2, sptag: HBM[1]
INFO: [CFGEN 83-0]   kernel: krnl_vaddmul_1, k_port: out_add, sptag: HBM[2]
INFO: [CFGEN 83-0]   kernel: krnl_vaddmul_1, k_port: out_mul, sptag: HBM[3]
INFO: [CFGEN 83-0]   kernel: krnl_vaddmul_2, k_port: in1, sptag: HBM[4]
INFO: [CFGEN 83-0]   kernel: krnl_vaddmul_2, k_port: in2, sptag: HBM[5]
INFO: [CFGEN 83-0]   kernel: krnl_vaddmul_2, k_port: out_add, sptag: HBM[6]
INFO: [CFGEN 83-0]   kernel: krnl_vaddmul_2, k_port: out_mul, sptag: HBM[7]
INFO: [CFGEN 83-0]   kernel: krnl_vaddmul_3, k_port: in1, sptag: HBM[8]
INFO: [CFGEN 83-0]   kernel: krnl_vaddmul_3, k_port: in2, sptag: HBM[9]
INFO: [CFGEN 83-0]   kernel: krnl_vaddmul_3, k_port: out_add, sptag: HBM[10]
INFO: [CFGEN 83-0]   kernel: krnl_vaddmul_3, k_port: out_mul, sptag: HBM[11]
INFO: [CFGEN 83-0]   kernel: krnl_vaddmul_4, k_port: in1, sptag: HBM[12]
INFO: [CFGEN 83-0]   kernel: krnl_vaddmul_4, k_port: in2, sptag: HBM[13]
INFO: [CFGEN 83-0]   kernel: krnl_vaddmul_4, k_port: out_add, sptag: HBM[15]
INFO: [CFGEN 83-0]   kernel: krnl_vaddmul_4, k_port: out_mul, sptag: HBM[14]
INFO: [CFGEN 83-0]   kernel: krnl_vaddmul_5, k_port: in1, sptag: HBM[16]
INFO: [CFGEN 83-0]   kernel: krnl_vaddmul_5, k_port: in2, sptag: HBM[17]
INFO: [CFGEN 83-0]   kernel: krnl_vaddmul_5, k_port: out_add, sptag: HBM[18]
INFO: [CFGEN 83-0]   kernel: krnl_vaddmul_5, k_port: out_mul, sptag: HBM[19]
INFO: [CFGEN 83-0]   kernel: krnl_vaddmul_6, k_port: in1, sptag: HBM[20]
INFO: [CFGEN 83-0]   kernel: krnl_vaddmul_6, k_port: in2, sptag: HBM[21]
INFO: [CFGEN 83-0]   kernel: krnl_vaddmul_6, k_port: out_add, sptag: HBM[22]
INFO: [CFGEN 83-0]   kernel: krnl_vaddmul_6, k_port: out_mul, sptag: HBM[23]
INFO: [CFGEN 83-0]   kernel: krnl_vaddmul_7, k_port: in1, sptag: HBM[24]
INFO: [CFGEN 83-0]   kernel: krnl_vaddmul_7, k_port: in2, sptag: HBM[25]
INFO: [CFGEN 83-0]   kernel: krnl_vaddmul_7, k_port: out_add, sptag: HBM[26]
INFO: [CFGEN 83-0]   kernel: krnl_vaddmul_7, k_port: out_mul, sptag: HBM[27]
INFO: [CFGEN 83-0]   kernel: krnl_vaddmul_8, k_port: in1, sptag: HBM[28]
INFO: [CFGEN 83-0]   kernel: krnl_vaddmul_8, k_port: in2, sptag: HBM[29]
INFO: [CFGEN 83-0]   kernel: krnl_vaddmul_8, k_port: out_add, sptag: HBM[30]
INFO: [CFGEN 83-0]   kernel: krnl_vaddmul_8, k_port: out_mul, sptag: HBM[31]
INFO: [CFGEN 83-2228] Creating mapping for argument krnl_vaddmul_1.in1 to HBM[0] for directive krnl_vaddmul_1.in1:HBM[0]
INFO: [CFGEN 83-2228] Creating mapping for argument krnl_vaddmul_1.in2 to HBM[1] for directive krnl_vaddmul_1.in2:HBM[1]
INFO: [CFGEN 83-2228] Creating mapping for argument krnl_vaddmul_1.out_add to HBM[2] for directive krnl_vaddmul_1.out_add:HBM[2]
INFO: [CFGEN 83-2228] Creating mapping for argument krnl_vaddmul_1.out_mul to HBM[3] for directive krnl_vaddmul_1.out_mul:HBM[3]
INFO: [CFGEN 83-2228] Creating mapping for argument krnl_vaddmul_2.in1 to HBM[4] for directive krnl_vaddmul_2.in1:HBM[4]
INFO: [CFGEN 83-2228] Creating mapping for argument krnl_vaddmul_2.in2 to HBM[5] for directive krnl_vaddmul_2.in2:HBM[5]
INFO: [CFGEN 83-2228] Creating mapping for argument krnl_vaddmul_2.out_add to HBM[6] for directive krnl_vaddmul_2.out_add:HBM[6]
INFO: [CFGEN 83-2228] Creating mapping for argument krnl_vaddmul_2.out_mul to HBM[7] for directive krnl_vaddmul_2.out_mul:HBM[7]
INFO: [CFGEN 83-2228] Creating mapping for argument krnl_vaddmul_3.in1 to HBM[8] for directive krnl_vaddmul_3.in1:HBM[8]
INFO: [CFGEN 83-2228] Creating mapping for argument krnl_vaddmul_3.in2 to HBM[9] for directive krnl_vaddmul_3.in2:HBM[9]
INFO: [CFGEN 83-2228] Creating mapping for argument krnl_vaddmul_3.out_add to HBM[10] for directive krnl_vaddmul_3.out_add:HBM[10]
INFO: [CFGEN 83-2228] Creating mapping for argument krnl_vaddmul_3.out_mul to HBM[11] for directive krnl_vaddmul_3.out_mul:HBM[11]
INFO: [CFGEN 83-2228] Creating mapping for argument krnl_vaddmul_4.in1 to HBM[12] for directive krnl_vaddmul_4.in1:HBM[12]
INFO: [CFGEN 83-2228] Creating mapping for argument krnl_vaddmul_4.in2 to HBM[13] for directive krnl_vaddmul_4.in2:HBM[13]
INFO: [CFGEN 83-2228] Creating mapping for argument krnl_vaddmul_4.out_add to HBM[15] for directive krnl_vaddmul_4.out_add:HBM[15]
INFO: [CFGEN 83-2228] Creating mapping for argument krnl_vaddmul_4.out_mul to HBM[14] for directive krnl_vaddmul_4.out_mul:HBM[14]
INFO: [CFGEN 83-2228] Creating mapping for argument krnl_vaddmul_5.in1 to HBM[16] for directive krnl_vaddmul_5.in1:HBM[16]
INFO: [CFGEN 83-2228] Creating mapping for argument krnl_vaddmul_5.in2 to HBM[17] for directive krnl_vaddmul_5.in2:HBM[17]
INFO: [CFGEN 83-2228] Creating mapping for argument krnl_vaddmul_5.out_add to HBM[18] for directive krnl_vaddmul_5.out_add:HBM[18]
INFO: [CFGEN 83-2228] Creating mapping for argument krnl_vaddmul_5.out_mul to HBM[19] for directive krnl_vaddmul_5.out_mul:HBM[19]
INFO: [CFGEN 83-2228] Creating mapping for argument krnl_vaddmul_6.in1 to HBM[20] for directive krnl_vaddmul_6.in1:HBM[20]
INFO: [CFGEN 83-2228] Creating mapping for argument krnl_vaddmul_6.in2 to HBM[21] for directive krnl_vaddmul_6.in2:HBM[21]
INFO: [CFGEN 83-2228] Creating mapping for argument krnl_vaddmul_6.out_add to HBM[22] for directive krnl_vaddmul_6.out_add:HBM[22]
INFO: [CFGEN 83-2228] Creating mapping for argument krnl_vaddmul_6.out_mul to HBM[23] for directive krnl_vaddmul_6.out_mul:HBM[23]
INFO: [CFGEN 83-2228] Creating mapping for argument krnl_vaddmul_7.in1 to HBM[24] for directive krnl_vaddmul_7.in1:HBM[24]
INFO: [CFGEN 83-2228] Creating mapping for argument krnl_vaddmul_7.in2 to HBM[25] for directive krnl_vaddmul_7.in2:HBM[25]
INFO: [CFGEN 83-2228] Creating mapping for argument krnl_vaddmul_7.out_add to HBM[26] for directive krnl_vaddmul_7.out_add:HBM[26]
INFO: [CFGEN 83-2228] Creating mapping for argument krnl_vaddmul_7.out_mul to HBM[27] for directive krnl_vaddmul_7.out_mul:HBM[27]
INFO: [CFGEN 83-2228] Creating mapping for argument krnl_vaddmul_8.in1 to HBM[28] for directive krnl_vaddmul_8.in1:HBM[28]
INFO: [CFGEN 83-2228] Creating mapping for argument krnl_vaddmul_8.in2 to HBM[29] for directive krnl_vaddmul_8.in2:HBM[29]
INFO: [CFGEN 83-2228] Creating mapping for argument krnl_vaddmul_8.out_add to HBM[30] for directive krnl_vaddmul_8.out_add:HBM[30]
INFO: [CFGEN 83-2228] Creating mapping for argument krnl_vaddmul_8.out_mul to HBM[31] for directive krnl_vaddmul_8.out_mul:HBM[31]
INFO: [SYSTEM_LINK 82-37] [15:07:25] cfgen finished successfully
Time (s): cpu = 00:00:07 ; elapsed = 00:00:08 . Memory (MB): peak = 2167.246 ; gain = 0.000 ; free physical = 89330 ; free virtual = 496161
INFO: [SYSTEM_LINK 82-52] Create top-level block diagram
INFO: [SYSTEM_LINK 82-38] [15:07:25] cf2bd started: /tools/Xilinx/Vitis/2021.2/bin/cf2bd  --linux --trace_buffer 1024 --input_file /home/ziyuanwang/hbm/Vitis_Accel_Examples/performance/hbm_bandwidth_pseudo_random/_x_8core_maxsize512_16.hw.xilinx_u280_xdma_201920_3/link/sys_link/cfgraph/cfgen_cfgraph.xml --ip_db /home/ziyuanwang/hbm/Vitis_Accel_Examples/performance/hbm_bandwidth_pseudo_random/_x_8core_maxsize512_16.hw.xilinx_u280_xdma_201920_3/link/sys_link/_sysl/.cdb/xd_ip_db.xml --cf_name dr --working_dir /home/ziyuanwang/hbm/Vitis_Accel_Examples/performance/hbm_bandwidth_pseudo_random/_x_8core_maxsize512_16.hw.xilinx_u280_xdma_201920_3/link/sys_link/_sysl/.xsd --temp_dir /home/ziyuanwang/hbm/Vitis_Accel_Examples/performance/hbm_bandwidth_pseudo_random/_x_8core_maxsize512_16.hw.xilinx_u280_xdma_201920_3/link/sys_link --output_dir /home/ziyuanwang/hbm/Vitis_Accel_Examples/performance/hbm_bandwidth_pseudo_random/_x_8core_maxsize512_16.hw.xilinx_u280_xdma_201920_3/link/int --target_bd pfm_dynamic.bd
INFO: [CF2BD 82-31] Launching cf2xd: cf2xd -linux -trace-buffer 1024 -i /home/ziyuanwang/hbm/Vitis_Accel_Examples/performance/hbm_bandwidth_pseudo_random/_x_8core_maxsize512_16.hw.xilinx_u280_xdma_201920_3/link/sys_link/cfgraph/cfgen_cfgraph.xml -r /home/ziyuanwang/hbm/Vitis_Accel_Examples/performance/hbm_bandwidth_pseudo_random/_x_8core_maxsize512_16.hw.xilinx_u280_xdma_201920_3/link/sys_link/_sysl/.cdb/xd_ip_db.xml -o dr.xml
INFO: [CF2BD 82-28] cf2xd finished successfully
INFO: [CF2BD 82-31] Launching cf_xsd: cf_xsd -disable-address-gen -bd pfm_dynamic.bd -dn dr -dp /home/ziyuanwang/hbm/Vitis_Accel_Examples/performance/hbm_bandwidth_pseudo_random/_x_8core_maxsize512_16.hw.xilinx_u280_xdma_201920_3/link/sys_link/_sysl/.xsd
INFO: [CF2BD 82-28] cf_xsd finished successfully
INFO: [SYSTEM_LINK 82-37] [15:07:32] cf2bd finished successfully
Time (s): cpu = 00:00:06 ; elapsed = 00:00:08 . Memory (MB): peak = 2167.246 ; gain = 0.000 ; free physical = 89323 ; free virtual = 496159
INFO: [v++ 60-1441] [15:07:33] Run run_link: Step system_link: Completed
Time (s): cpu = 00:00:21 ; elapsed = 00:01:07 . Memory (MB): peak = 2062.203 ; gain = 0.000 ; free physical = 89366 ; free virtual = 496203
INFO: [v++ 60-1443] [15:07:33] Run run_link: Step cf2sw: Started
INFO: [v++ 60-1453] Command Line: cf2sw -sdsl /home/ziyuanwang/hbm/Vitis_Accel_Examples/performance/hbm_bandwidth_pseudo_random/_x_8core_maxsize512_16.hw.xilinx_u280_xdma_201920_3/link/int/sdsl.dat -rtd /home/ziyuanwang/hbm/Vitis_Accel_Examples/performance/hbm_bandwidth_pseudo_random/_x_8core_maxsize512_16.hw.xilinx_u280_xdma_201920_3/link/int/cf2sw.rtd -nofilter /home/ziyuanwang/hbm/Vitis_Accel_Examples/performance/hbm_bandwidth_pseudo_random/_x_8core_maxsize512_16.hw.xilinx_u280_xdma_201920_3/link/int/cf2sw_full.rtd -xclbin /home/ziyuanwang/hbm/Vitis_Accel_Examples/performance/hbm_bandwidth_pseudo_random/_x_8core_maxsize512_16.hw.xilinx_u280_xdma_201920_3/link/int/xclbin_orig.xml -o /home/ziyuanwang/hbm/Vitis_Accel_Examples/performance/hbm_bandwidth_pseudo_random/_x_8core_maxsize512_16.hw.xilinx_u280_xdma_201920_3/link/int/xclbin_orig.1.xml
INFO: [v++ 60-1454] Run Directory: /home/ziyuanwang/hbm/Vitis_Accel_Examples/performance/hbm_bandwidth_pseudo_random/_x_8core_maxsize512_16.hw.xilinx_u280_xdma_201920_3/link/run_link
INFO: [v++ 60-1441] [15:07:43] Run run_link: Step cf2sw: Completed
Time (s): cpu = 00:00:08 ; elapsed = 00:00:10 . Memory (MB): peak = 2062.203 ; gain = 0.000 ; free physical = 89362 ; free virtual = 496199
INFO: [v++ 60-1443] [15:07:43] Run run_link: Step rtd2_system_diagram: Started
INFO: [v++ 60-1453] Command Line: rtd2SystemDiagram
INFO: [v++ 60-1454] Run Directory: /home/ziyuanwang/hbm/Vitis_Accel_Examples/performance/hbm_bandwidth_pseudo_random/_x_8core_maxsize512_16.hw.xilinx_u280_xdma_201920_3/link/run_link
INFO: [v++ 60-1441] [15:07:44] Run run_link: Step rtd2_system_diagram: Completed
Time (s): cpu = 00:00:00 ; elapsed = 00:00:01 . Memory (MB): peak = 2062.203 ; gain = 0.000 ; free physical = 89354 ; free virtual = 496191
INFO: [v++ 60-1443] [15:07:44] Run run_link: Step vpl: Started
INFO: [v++ 60-1453] Command Line: vpl -t hw -f xilinx_u280_xdma_201920_3 --remote_ip_cache /home/ziyuanwang/hbm/Vitis_Accel_Examples/performance/hbm_bandwidth_pseudo_random/.ipcache -s --output_dir /home/ziyuanwang/hbm/Vitis_Accel_Examples/performance/hbm_bandwidth_pseudo_random/_x_8core_maxsize512_16.hw.xilinx_u280_xdma_201920_3/link/int --log_dir /home/ziyuanwang/hbm/Vitis_Accel_Examples/performance/hbm_bandwidth_pseudo_random/_x_8core_maxsize512_16.hw.xilinx_u280_xdma_201920_3/logs/link --report_dir /home/ziyuanwang/hbm/Vitis_Accel_Examples/performance/hbm_bandwidth_pseudo_random/_x_8core_maxsize512_16.hw.xilinx_u280_xdma_201920_3/reports/link --config /home/ziyuanwang/hbm/Vitis_Accel_Examples/performance/hbm_bandwidth_pseudo_random/_x_8core_maxsize512_16.hw.xilinx_u280_xdma_201920_3/link/int/vplConfig.ini -k /home/ziyuanwang/hbm/Vitis_Accel_Examples/performance/hbm_bandwidth_pseudo_random/_x_8core_maxsize512_16.hw.xilinx_u280_xdma_201920_3/link/int/kernel_info.dat --webtalk_flag Vitis --temp_dir /home/ziyuanwang/hbm/Vitis_Accel_Examples/performance/hbm_bandwidth_pseudo_random/_x_8core_maxsize512_16.hw.xilinx_u280_xdma_201920_3/link --no-info --iprepo /home/ziyuanwang/hbm/Vitis_Accel_Examples/performance/hbm_bandwidth_pseudo_random/_x_8core_maxsize512_16.hw.xilinx_u280_xdma_201920_3/link/int/xo/ip_repo/xilinx_com_hls_krnl_vaddmul_1_0 --messageDb /home/ziyuanwang/hbm/Vitis_Accel_Examples/performance/hbm_bandwidth_pseudo_random/_x_8core_maxsize512_16.hw.xilinx_u280_xdma_201920_3/link/run_link/vpl.pb /home/ziyuanwang/hbm/Vitis_Accel_Examples/performance/hbm_bandwidth_pseudo_random/_x_8core_maxsize512_16.hw.xilinx_u280_xdma_201920_3/link/int/dr.bd.tcl
INFO: [v++ 60-1454] Run Directory: /home/ziyuanwang/hbm/Vitis_Accel_Examples/performance/hbm_bandwidth_pseudo_random/_x_8core_maxsize512_16.hw.xilinx_u280_xdma_201920_3/link/run_link

****** vpl v2021.2 (64-bit)
  **** SW Build 3363252 on 2021-10-14-04:41:01
    ** Copyright 1986-2020 Xilinx, Inc. All Rights Reserved.

INFO: [VPL 60-839] Read in kernel information from file '/home/ziyuanwang/hbm/Vitis_Accel_Examples/performance/hbm_bandwidth_pseudo_random/_x_8core_maxsize512_16.hw.xilinx_u280_xdma_201920_3/link/int/kernel_info.dat'.
INFO: [VPL 74-78] Compiler Version string: 2021.2
INFO: [VPL 60-423]   Target device: xilinx_u280_xdma_201920_3
INFO: [VPL 60-1032] Extracting hardware platform to /home/ziyuanwang/hbm/Vitis_Accel_Examples/performance/hbm_bandwidth_pseudo_random/_x_8core_maxsize512_16.hw.xilinx_u280_xdma_201920_3/link/vivado/vpl/.local/hw_platform
[15:31:33] Run vpl: Step create_project: Started
Creating Vivado project.
[15:32:06] Run vpl: Step create_project: Completed
[15:32:06] Run vpl: Step create_bd: Started
[15:33:25] Run vpl: Step create_bd: RUNNING...
[15:34:44] Run vpl: Step create_bd: RUNNING...
[15:36:01] Run vpl: Step create_bd: RUNNING...
[15:37:20] Run vpl: Step create_bd: RUNNING...
[15:38:37] Run vpl: Step create_bd: RUNNING...
[15:39:57] Run vpl: Step create_bd: RUNNING...
[15:41:18] Run vpl: Step create_bd: RUNNING...
[15:42:37] Run vpl: Step create_bd: RUNNING...
[15:43:55] Run vpl: Step create_bd: RUNNING...
[15:45:13] Run vpl: Step create_bd: RUNNING...
[15:46:29] Run vpl: Step create_bd: Completed
[15:46:29] Run vpl: Step update_bd: Started
[15:46:33] Run vpl: Step update_bd: Completed
[15:46:33] Run vpl: Step generate_target: Started
[15:47:51] Run vpl: Step generate_target: RUNNING...
[15:49:09] Run vpl: Step generate_target: RUNNING...
[15:50:26] Run vpl: Step generate_target: RUNNING...
[15:51:44] Run vpl: Step generate_target: RUNNING...
[15:53:02] Run vpl: Step generate_target: RUNNING...
[15:54:23] Run vpl: Step generate_target: RUNNING...
[15:55:41] Run vpl: Step generate_target: RUNNING...
[15:57:01] Run vpl: Step generate_target: RUNNING...
[15:58:20] Run vpl: Step generate_target: RUNNING...
[15:59:40] Run vpl: Step generate_target: RUNNING...
[16:00:59] Run vpl: Step generate_target: RUNNING...
[16:01:58] Run vpl: Step generate_target: Completed
[16:01:58] Run vpl: Step config_hw_runs: Started
[16:02:42] Run vpl: Step config_hw_runs: Completed
[16:02:42] Run vpl: Step synth: Started
[16:03:50] Block-level synthesis in progress, 0 of 8 jobs complete, 1 job running.
[16:04:22] Block-level synthesis in progress, 0 of 8 jobs complete, 1 job running.
[16:04:54] Block-level synthesis in progress, 0 of 8 jobs complete, 1 job running.
[16:05:26] Block-level synthesis in progress, 0 of 8 jobs complete, 1 job running.
[16:05:58] Block-level synthesis in progress, 0 of 8 jobs complete, 1 job running.
[16:06:30] Block-level synthesis in progress, 1 of 8 jobs complete, 0 jobs running.
[16:06:31] Run vpl: Step synth: Completed
[16:06:31] Run vpl: Step impl: Started
[16:26:17] Finished 2nd of 6 tasks (FPGA linking synthesized kernels to platform). Elapsed time: 01h 18m 31s 

[16:26:17] Starting logic optimization..
[16:29:29] Phase 1 Retarget
[16:30:00] Phase 2 Constant propagation
[16:30:33] Phase 3 Sweep
[16:34:29] Phase 4 BUFG optimization
[16:35:02] Phase 5 Shift Register Optimization
[16:35:33] Phase 6 Post Processing Netlist
[16:39:51] Finished 3rd of 6 tasks (FPGA logic optimization). Elapsed time: 00h 13m 33s 

[16:39:51] Starting logic placement..
[16:41:28] Phase 1 Placer Initialization
[16:41:28] Phase 1.1 Placer Initialization Netlist Sorting
[16:47:20] Phase 1.2 IO Placement/ Clock Placement/ Build Placer Device
[16:49:29] Phase 1.3 Build Placer Netlist Model
[16:53:47] Phase 1.4 Constrain Clocks/Macros
[16:54:19] Phase 2 Global Placement
[16:54:19] Phase 2.1 Floorplanning
[16:55:56] Phase 2.1.1 Partition Driven Placement
[16:55:56] Phase 2.1.1.1 PBP: Partition Driven Placement
[16:58:38] Phase 2.1.1.2 PBP: Clock Region Placement
[16:59:43] Phase 2.1.1.3 PBP: Compute Congestion
[17:00:16] Phase 2.1.1.4 PBP: UpdateTiming
[17:01:21] Phase 2.1.1.5 PBP: Add part constraints
[17:01:21] Phase 2.2 Physical Synthesis After Floorplan
[17:02:59] Phase 2.3 Update Timing before SLR Path Opt
[17:02:59] Phase 2.4 Post-Processing in Floorplanning
[17:02:59] Phase 2.5 Global Placement Core
[17:18:39] Phase 2.5.1 Physical Synthesis In Placer
[17:26:19] Phase 3 Detail Placement
[17:26:19] Phase 3.1 Commit Multi Column Macros
[17:26:51] Phase 3.2 Commit Most Macros & LUTRAMs
[17:30:07] Phase 3.3 Small Shape DP
[17:30:07] Phase 3.3.1 Small Shape Clustering
[17:30:07] Phase 3.3.2 Flow Legalize Slice Clusters
[17:30:38] Phase 3.3.3 Slice Area Swap
[17:34:59] Phase 3.4 Place Remaining
[17:34:59] Phase 3.5 Re-assign LUT pins
[17:36:04] Phase 3.6 Pipeline Register Optimization
[17:36:04] Phase 3.7 Fast Optimization
[17:38:48] Phase 4 Post Placement Optimization and Clean-Up
[17:38:48] Phase 4.1 Post Commit Optimization
[17:43:10] Phase 4.1.1 Post Placement Optimization
[17:43:10] Phase 4.1.1.1 BUFG Insertion
[17:43:10] Phase 1 Physical Synthesis Initialization
[17:44:47] Phase 4.1.1.2 BUFG Replication
[17:44:47] Phase 4.1.1.3 Post Placement Timing Optimization
[17:51:50] Phase 4.1.1.4 Replication
[17:54:32] Phase 4.2 Post Placement Cleanup
[17:54:32] Phase 4.3 Placer Reporting
[17:54:32] Phase 4.3.1 Print Estimated Congestion
[17:55:05] Phase 4.4 Final Placement Cleanup
[18:14:44] Finished 4th of 6 tasks (FPGA logic placement). Elapsed time: 01h 34m 53s 

[18:14:44] Starting logic routing..
[18:16:20] Phase 1 Build RT Design
[18:21:25] Phase 2 Router Initialization
[18:21:25] Phase 2.1 Fix Topology Constraints
[18:21:56] Phase 2.2 Pre Route Cleanup
[18:22:29] Phase 2.3 Global Clock Net Routing
[18:23:35] Phase 2.4 Update Timing
[18:30:11] Phase 2.5 Update Timing for Bus Skew
[18:30:11] Phase 2.5.1 Update Timing
[18:32:53] Phase 3 Initial Routing
[18:32:53] Phase 3.1 Global Routing
[18:37:49] Phase 4 Rip-up And Reroute
[18:37:49] Phase 4.1 Global Iteration 0
[00:01:18] Phase 4.2 Global Iteration 1
[00:23:31] Phase 4.3 Global Iteration 2
[00:41:25] Phase 4.4 Global Iteration 3
[01:05:48] Phase 4.5 Global Iteration 4
[01:36:44] Phase 4.6 Global Iteration 5
[01:54:45] Phase 5 Delay and Skew Optimization
[01:54:45] Phase 5.1 Delay CleanUp
[01:54:45] Phase 5.1.1 Update Timing
[01:58:01] Phase 5.1.2 Update Timing
[02:00:11] Phase 5.2 Clock Skew Optimization
[02:01:16] Phase 6 Post Hold Fix
[02:01:16] Phase 6.1 Hold Fix Iter
[02:01:16] Phase 6.1.1 Update Timing
[02:03:27] Phase 6.1.2 Lut RouteThru Assignment for hold
[02:04:00] Phase 6.2 Additional Hold Fix
[02:08:21] Phase 7 Leaf Clock Prog Delay Opt
[02:13:50] Phase 7.1 Delay CleanUp
[02:13:50] Phase 7.1.1 Update Timing
[02:16:33] Phase 7.1.2 Update Timing
[02:18:43] Phase 7.2 Hold Fix Iter
[02:18:43] Phase 7.2.1 Update Timing
[02:21:25] Phase 7.2.2 Lut RouteThru Assignment for hold
[02:21:58] Phase 7.3 Additional Hold Fix
[02:38:45] Phase 8 Route finalize
[02:39:18] Phase 9 Verifying routed nets
[02:39:18] Phase 10 Depositing Routes
[02:40:54] Phase 11 Resolve XTalk
[02:41:28] Phase 12 Post Router Timing
[02:44:11] Phase 13 Physical Synthesis in Router
[02:44:11] Phase 13.1 Physical Synthesis Initialization
[02:48:00] Phase 13.2 Critical Path Optimization
[02:49:36] Finished 5th of 6 tasks (FPGA routing). Elapsed time: 08h 34m 52s 

[02:49:36] Starting bitstream generation..
[03:11:27] Creating bitmap...
[03:22:57] Writing bitstream ./pfm_top_i_dynamic_region_my_rm_partial.bit...
[03:22:57] Finished 6th of 6 tasks (FPGA bitstream generation). Elapsed time: 00h 33m 20s 
[03:23:22] Run vpl: Step impl: Completed
[03:23:24] Run vpl: FINISHED. Run Status: impl Complete!
INFO: [v++ 60-1441] [03:23:29] Run run_link: Step vpl: Completed
Time (s): cpu = 00:07:36 ; elapsed = 12:15:45 . Memory (MB): peak = 2062.203 ; gain = 0.000 ; free physical = 73873 ; free virtual = 488923
INFO: [v++ 60-1443] [03:23:29] Run run_link: Step rtdgen: Started
INFO: [v++ 60-1453] Command Line: rtdgen
INFO: [v++ 60-1454] Run Directory: /home/ziyuanwang/hbm/Vitis_Accel_Examples/performance/hbm_bandwidth_pseudo_random/_x_8core_maxsize512_16.hw.xilinx_u280_xdma_201920_3/link/run_link
INFO: [v++ 60-991] clock name 'clkwiz_kernel_clk_out1' (clock ID '0') is being mapped to clock name 'DATA_CLK' in the xclbin
INFO: [v++ 60-991] clock name 'clkwiz_kernel2_clk_out1' (clock ID '1') is being mapped to clock name 'KERNEL_CLK' in the xclbin
INFO: [v++ 60-991] clock name 'clk_out1_pfm_top_clkwiz_hbm_aclk_0' (clock ID '') is being mapped to clock name 'clk_out1_pfm_top_clkwiz_hbm_aclk_0' in the xclbin
INFO: [v++ 60-1230] The compiler selected the following frequencies for the runtime controllable kernel clock(s) and scalable system clock(s): System (SYSTEM) clock: clk_out1_pfm_top_clkwiz_hbm_aclk_0 = 383, Kernel (DATA) clock: clkwiz_kernel_clk_out1 = 247, Kernel (KERNEL) clock: clkwiz_kernel2_clk_out1 = 500
INFO: [v++ 60-1453] Command Line: cf2sw -a /home/ziyuanwang/hbm/Vitis_Accel_Examples/performance/hbm_bandwidth_pseudo_random/_x_8core_maxsize512_16.hw.xilinx_u280_xdma_201920_3/link/int/address_map.xml -sdsl /home/ziyuanwang/hbm/Vitis_Accel_Examples/performance/hbm_bandwidth_pseudo_random/_x_8core_maxsize512_16.hw.xilinx_u280_xdma_201920_3/link/int/sdsl.dat -xclbin /home/ziyuanwang/hbm/Vitis_Accel_Examples/performance/hbm_bandwidth_pseudo_random/_x_8core_maxsize512_16.hw.xilinx_u280_xdma_201920_3/link/int/xclbin_orig.xml -rtd /home/ziyuanwang/hbm/Vitis_Accel_Examples/performance/hbm_bandwidth_pseudo_random/_x_8core_maxsize512_16.hw.xilinx_u280_xdma_201920_3/link/int/krnl_vaddmul.link.rtd -o /home/ziyuanwang/hbm/Vitis_Accel_Examples/performance/hbm_bandwidth_pseudo_random/_x_8core_maxsize512_16.hw.xilinx_u280_xdma_201920_3/link/int/krnl_vaddmul.link.xml
INFO: [v++ 60-1652] Cf2sw returned exit code: 0
INFO: [v++ 60-1441] [03:23:37] Run run_link: Step rtdgen: Completed
Time (s): cpu = 00:00:07 ; elapsed = 00:00:08 . Memory (MB): peak = 2062.203 ; gain = 0.000 ; free physical = 73871 ; free virtual = 488921
INFO: [v++ 60-1443] [03:23:37] Run run_link: Step xclbinutil: Started
INFO: [v++ 60-1453] Command Line: xclbinutil --add-section DEBUG_IP_LAYOUT:JSON:/home/ziyuanwang/hbm/Vitis_Accel_Examples/performance/hbm_bandwidth_pseudo_random/_x_8core_maxsize512_16.hw.xilinx_u280_xdma_201920_3/link/int/debug_ip_layout.rtd --add-section BITSTREAM:RAW:/home/ziyuanwang/hbm/Vitis_Accel_Examples/performance/hbm_bandwidth_pseudo_random/_x_8core_maxsize512_16.hw.xilinx_u280_xdma_201920_3/link/int/partial.bit --force --target hw --key-value SYS:dfx_enable:true --add-section :JSON:/home/ziyuanwang/hbm/Vitis_Accel_Examples/performance/hbm_bandwidth_pseudo_random/_x_8core_maxsize512_16.hw.xilinx_u280_xdma_201920_3/link/int/krnl_vaddmul.link.rtd --append-section :JSON:/home/ziyuanwang/hbm/Vitis_Accel_Examples/performance/hbm_bandwidth_pseudo_random/_x_8core_maxsize512_16.hw.xilinx_u280_xdma_201920_3/link/int/appendSection.rtd --add-section CLOCK_FREQ_TOPOLOGY:JSON:/home/ziyuanwang/hbm/Vitis_Accel_Examples/performance/hbm_bandwidth_pseudo_random/_x_8core_maxsize512_16.hw.xilinx_u280_xdma_201920_3/link/int/krnl_vaddmul.link_xml.rtd --add-section BUILD_METADATA:JSON:/home/ziyuanwang/hbm/Vitis_Accel_Examples/performance/hbm_bandwidth_pseudo_random/_x_8core_maxsize512_16.hw.xilinx_u280_xdma_201920_3/link/int/krnl_vaddmul.link_build.rtd --add-section EMBEDDED_METADATA:RAW:/home/ziyuanwang/hbm/Vitis_Accel_Examples/performance/hbm_bandwidth_pseudo_random/_x_8core_maxsize512_16.hw.xilinx_u280_xdma_201920_3/link/int/krnl_vaddmul.link.xml --add-section SYSTEM_METADATA:RAW:/home/ziyuanwang/hbm/Vitis_Accel_Examples/performance/hbm_bandwidth_pseudo_random/_x_8core_maxsize512_16.hw.xilinx_u280_xdma_201920_3/link/int/systemDiagramModelSlrBaseAddress.json --output /home/ziyuanwang/hbm/Vitis_Accel_Examples/performance/hbm_bandwidth_pseudo_random/./build_dir_8core_maxsize512_16.hw.xilinx_u280_xdma_201920_3/krnl_vaddmul.link.xclbin
INFO: [v++ 60-1454] Run Directory: /home/ziyuanwang/hbm/Vitis_Accel_Examples/performance/hbm_bandwidth_pseudo_random/_x_8core_maxsize512_16.hw.xilinx_u280_xdma_201920_3/link/run_link
XRT Build Version: 2.14.354 (2022.2)
       Build Date: 2022-10-08 09:49:58
          Hash ID: 43926231f7183688add2dccfd391b36a1f000bea
Creating a default 'in-memory' xclbin image.

Section: 'DEBUG_IP_LAYOUT'(9) was successfully added.
Size   : 296 bytes
Format : JSON
File   : '/home/ziyuanwang/hbm/Vitis_Accel_Examples/performance/hbm_bandwidth_pseudo_random/_x_8core_maxsize512_16.hw.xilinx_u280_xdma_201920_3/link/int/debug_ip_layout.rtd'

Section: 'BITSTREAM'(0) was successfully added.
Size   : 58485087 bytes
Format : RAW
File   : '/home/ziyuanwang/hbm/Vitis_Accel_Examples/performance/hbm_bandwidth_pseudo_random/_x_8core_maxsize512_16.hw.xilinx_u280_xdma_201920_3/link/int/partial.bit'

Section: 'MEM_TOPOLOGY'(6) was successfully added.
Format : JSON
File   : 'mem_topology'

Section: 'IP_LAYOUT'(8) was successfully added.
Format : JSON
File   : 'ip_layout'

Section: 'CONNECTIVITY'(7) was successfully added.
Format : JSON
File   : 'connectivity'

Section: 'CLOCK_FREQ_TOPOLOGY'(11) was successfully added.
Size   : 410 bytes
Format : JSON
File   : '/home/ziyuanwang/hbm/Vitis_Accel_Examples/performance/hbm_bandwidth_pseudo_random/_x_8core_maxsize512_16.hw.xilinx_u280_xdma_201920_3/link/int/krnl_vaddmul.link_xml.rtd'

Section: 'BUILD_METADATA'(14) was successfully added.
Size   : 5340 bytes
Format : JSON
File   : '/home/ziyuanwang/hbm/Vitis_Accel_Examples/performance/hbm_bandwidth_pseudo_random/_x_8core_maxsize512_16.hw.xilinx_u280_xdma_201920_3/link/int/krnl_vaddmul.link_build.rtd'

Section: 'EMBEDDED_METADATA'(2) was successfully added.
Size   : 11686 bytes
Format : RAW
File   : '/home/ziyuanwang/hbm/Vitis_Accel_Examples/performance/hbm_bandwidth_pseudo_random/_x_8core_maxsize512_16.hw.xilinx_u280_xdma_201920_3/link/int/krnl_vaddmul.link.xml'

Section: 'SYSTEM_METADATA'(22) was successfully added.
Size   : 33054 bytes
Format : RAW
File   : '/home/ziyuanwang/hbm/Vitis_Accel_Examples/performance/hbm_bandwidth_pseudo_random/_x_8core_maxsize512_16.hw.xilinx_u280_xdma_201920_3/link/int/systemDiagramModelSlrBaseAddress.json'

Section: 'IP_LAYOUT'(8) was successfully appended to.
Format : JSON
File   : 'ip_layout'
Successfully wrote (58571947 bytes) to the output file: /home/ziyuanwang/hbm/Vitis_Accel_Examples/performance/hbm_bandwidth_pseudo_random/./build_dir_8core_maxsize512_16.hw.xilinx_u280_xdma_201920_3/krnl_vaddmul.link.xclbin
Leaving xclbinutil.
INFO: [v++ 60-1441] [03:23:39] Run run_link: Step xclbinutil: Completed
Time (s): cpu = 00:00:00.09 ; elapsed = 00:00:02 . Memory (MB): peak = 2062.203 ; gain = 0.000 ; free physical = 73816 ; free virtual = 488922
INFO: [v++ 60-1443] [03:23:39] Run run_link: Step xclbinutilinfo: Started
INFO: [v++ 60-1453] Command Line: xclbinutil --quiet --force --info /home/ziyuanwang/hbm/Vitis_Accel_Examples/performance/hbm_bandwidth_pseudo_random/./build_dir_8core_maxsize512_16.hw.xilinx_u280_xdma_201920_3/krnl_vaddmul.link.xclbin.info --input /home/ziyuanwang/hbm/Vitis_Accel_Examples/performance/hbm_bandwidth_pseudo_random/./build_dir_8core_maxsize512_16.hw.xilinx_u280_xdma_201920_3/krnl_vaddmul.link.xclbin
INFO: [v++ 60-1454] Run Directory: /home/ziyuanwang/hbm/Vitis_Accel_Examples/performance/hbm_bandwidth_pseudo_random/_x_8core_maxsize512_16.hw.xilinx_u280_xdma_201920_3/link/run_link
INFO: [v++ 60-1441] [03:23:40] Run run_link: Step xclbinutilinfo: Completed
Time (s): cpu = 00:00:00.52 ; elapsed = 00:00:00.99 . Memory (MB): peak = 2062.203 ; gain = 0.000 ; free physical = 73816 ; free virtual = 488922
INFO: [v++ 60-1443] [03:23:40] Run run_link: Step generate_sc_driver: Started
INFO: [v++ 60-1453] Command Line: 
INFO: [v++ 60-1454] Run Directory: /home/ziyuanwang/hbm/Vitis_Accel_Examples/performance/hbm_bandwidth_pseudo_random/_x_8core_maxsize512_16.hw.xilinx_u280_xdma_201920_3/link/run_link
INFO: [v++ 60-1441] [03:23:40] Run run_link: Step generate_sc_driver: Completed
Time (s): cpu = 00:00:00 ; elapsed = 00:00:00.22 . Memory (MB): peak = 2062.203 ; gain = 0.000 ; free physical = 73816 ; free virtual = 488922
INFO: [v++ 60-244] Generating system estimate report...
INFO: [v++ 60-1092] Generated system estimate report: /home/ziyuanwang/hbm/Vitis_Accel_Examples/performance/hbm_bandwidth_pseudo_random/_x_8core_maxsize512_16.hw.xilinx_u280_xdma_201920_3/reports/link/system_estimate_krnl_vaddmul.link.xtxt
INFO: [v++ 60-586] Created /home/ziyuanwang/hbm/Vitis_Accel_Examples/performance/hbm_bandwidth_pseudo_random/build_dir_8core_maxsize512_16.hw.xilinx_u280_xdma_201920_3/krnl_vaddmul.link.ltx
INFO: [v++ 60-586] Created ./build_dir_8core_maxsize512_16.hw.xilinx_u280_xdma_201920_3/krnl_vaddmul.link.xclbin
INFO: [v++ 60-1307] Run completed. Additional information can be found in:
	Guidance: /home/ziyuanwang/hbm/Vitis_Accel_Examples/performance/hbm_bandwidth_pseudo_random/_x_8core_maxsize512_16.hw.xilinx_u280_xdma_201920_3/reports/link/v++_link_krnl_vaddmul.link_guidance.html
	Timing Report: /home/ziyuanwang/hbm/Vitis_Accel_Examples/performance/hbm_bandwidth_pseudo_random/_x_8core_maxsize512_16.hw.xilinx_u280_xdma_201920_3/reports/link/imp/impl_1_xilinx_u280_xdma_201920_3_bb_locked_timing_summary_routed.rpt
	Vivado Log: /home/ziyuanwang/hbm/Vitis_Accel_Examples/performance/hbm_bandwidth_pseudo_random/_x_8core_maxsize512_16.hw.xilinx_u280_xdma_201920_3/logs/link/vivado.log
	Steps Log File: /home/ziyuanwang/hbm/Vitis_Accel_Examples/performance/hbm_bandwidth_pseudo_random/_x_8core_maxsize512_16.hw.xilinx_u280_xdma_201920_3/logs/link/link.steps.log

INFO: [v++ 60-2343] Use the vitis_analyzer tool to visualize and navigate the relevant reports. Run the following command. 
    vitis_analyzer /home/ziyuanwang/hbm/Vitis_Accel_Examples/performance/hbm_bandwidth_pseudo_random/build_dir_8core_maxsize512_16.hw.xilinx_u280_xdma_201920_3/krnl_vaddmul.link.xclbin.link_summary 
INFO: [v++ 60-791] Total elapsed time: 12h 17m 53s
