Copyright 1986-2021 Xilinx, Inc. All Rights Reserved.
----------------------------------------------------------------------------------------------------------------------------------------------------------------------------------------------------------------------------------------------------------------------------------------------------------------------------------------------------------------------------------------------------------------------------------------------------------------------------------------------------------------------------
| Tool Version : Vivado v.2021.2 (lin64) Build 3367213 Tue Oct 19 02:47:39 MDT 2021
| Date         : Fri Nov 29 10:12:43 2024
| Host         : hacc-gpu0 running 64-bit Ubuntu 20.04.6 LTS
| Command      : report_accelerator_utilization -kernels { spmv_result_drain:pfm_top_i/dynamic_region/RD/inst:RD spmv_sk0:pfm_top_i/dynamic_region/SK0/inst:SK0 spmv_sk1:pfm_top_i/dynamic_region/SK1/inst:SK1 spmv_sk2:pfm_top_i/dynamic_region/SK2/inst:SK2 spmv_vector_loader:pfm_top_i/dynamic_region/VL/inst:VL k2k_relay:pfm_top_i/dynamic_region/relay_SK2_rout/inst:relay_SK2_rout k2k_relay:pfm_top_i/dynamic_region/relay_SK2_vin/inst:relay_SK2_vin} -file kernel_util_routed.rpt -name kernel_util_routed -json
| Design       : pfm_top_wrapper
| Device       : xcu280
| Design State : Routed
----------------------------------------------------------------------------------------------------------------------------------------------------------------------------------------------------------------------------------------------------------------------------------------------------------------------------------------------------------------------------------------------------------------------------------------------------------------------------------------------------------------------------

Accelerator Utilization Design Information

Table of Contents
-----------------
1. System Utilization

1. System Utilization
---------------------

+---------------------+-------------------+------------------+-------------------+----------------+---------------+----------------+
| Name                | LUT               | LUTAsMem         | REG               | BRAM           | URAM          | DSP            |
+---------------------+-------------------+------------------+-------------------+----------------+---------------+----------------+
| Platform            |  150976 [ 11.59%] |  32690 [  5.44%] |  281709 [ 10.80%] |  244 [ 12.10%] |   0 [  0.00%] |    4 [  0.04%] |
| User Budget         | 1151744 [100.00%] | 567790 [100.00%] | 2325651 [100.00%] | 1772 [100.00%] | 960 [100.00%] | 9020 [100.00%] |
|    Used Resources   |  591182 [ 51.33%] | 136047 [ 23.96%] |  728881 [ 31.34%] |  576 [ 32.51%] | 256 [ 26.67%] | 2482 [ 27.52%] |
|    Unused Resources |  560562 [ 48.67%] | 431743 [ 76.04%] | 1596770 [ 68.66%] | 1196 [ 67.49%] | 704 [ 73.33%] | 6538 [ 72.48%] |
| k2k_relay           |     782 [  0.07%] |      0 [  0.00%] |    2981 [  0.13%] |    0 [  0.00%] |   0 [  0.00%] |    0 [  0.00%] |
|    relay_SK2_rout   |     388 [  0.03%] |      0 [  0.00%] |    1479 [  0.06%] |    0 [  0.00%] |   0 [  0.00%] |    0 [  0.00%] |
|    relay_SK2_vin    |     394 [  0.03%] |      0 [  0.00%] |    1502 [  0.06%] |    0 [  0.00%] |   0 [  0.00%] |    0 [  0.00%] |
| spmv_result_drain   |    2141 [  0.19%] |    412 [  0.07%] |    4560 [  0.20%] |    4 [  0.23%] |   0 [  0.00%] |    2 [  0.02%] |
|    RD               |    2141 [  0.19%] |    412 [  0.07%] |    4560 [  0.20%] |    4 [  0.23%] |   0 [  0.00%] |    2 [  0.02%] |
| spmv_sk0            |  148079 [ 12.86%] |  33719 [  5.94%] |  179949 [  7.74%] |  142 [  8.01%] |  64 [  6.67%] |  620 [  6.87%] |
|    SK0              |  148079 [ 12.86%] |  33719 [  5.94%] |  179949 [  7.74%] |  142 [  8.01%] |  64 [  6.67%] |  620 [  6.87%] |
| spmv_sk1            |  218931 [ 19.01%] |  50580 [  8.91%] |  268234 [ 11.53%] |  213 [ 12.02%] |  96 [ 10.00%] |  930 [ 10.31%] |
|    SK1              |  218931 [ 19.01%] |  50580 [  8.91%] |  268234 [ 11.53%] |  213 [ 12.02%] |  96 [ 10.00%] |  930 [ 10.31%] |
| spmv_sk2            |  218759 [ 18.99%] |  50580 [  8.91%] |  267751 [ 11.51%] |  213 [ 12.02%] |  96 [ 10.00%] |  930 [ 10.31%] |
|    SK2              |  218759 [ 18.99%] |  50580 [  8.91%] |  267751 [ 11.51%] |  213 [ 12.02%] |  96 [ 10.00%] |  930 [ 10.31%] |
| spmv_vector_loader  |    2490 [  0.22%] |    756 [  0.13%] |    5406 [  0.23%] |    4 [  0.23%] |   0 [  0.00%] |    0 [  0.00%] |
|    VL               |    2490 [  0.22%] |    756 [  0.13%] |    5406 [  0.23%] |    4 [  0.23%] |   0 [  0.00%] |    0 [  0.00%] |
+---------------------+-------------------+------------------+-------------------+----------------+---------------+----------------+


