Copyright 1986-2021 Xilinx, Inc. All Rights Reserved.
------------------------------------------------------------------------------------------------------------------------------------------------------------------------------------------------------------------------------------------------------------------------------------------------------------------------------------------------------------------------------------------------------------------------------------------------------------------------------------------------------------------------------
| Tool Version : Vivado v.2021.2 (lin64) Build 3367213 Tue Oct 19 02:47:39 MDT 2021
| Date         : Thu Nov 28 22:45:38 2024
| Host         : hacc-gpu0 running 64-bit Ubuntu 20.04.6 LTS
| Command      : report_accelerator_utilization -kernels { spmv_result_drain:pfm_top_i/dynamic_region/RD/inst:RD spmv_sk0:pfm_top_i/dynamic_region/SK0/inst:SK0 spmv_sk1:pfm_top_i/dynamic_region/SK1/inst:SK1 spmv_sk2:pfm_top_i/dynamic_region/SK2/inst:SK2 spmv_vector_loader:pfm_top_i/dynamic_region/VL/inst:VL k2k_relay:pfm_top_i/dynamic_region/relay_SK2_rout/inst:relay_SK2_rout k2k_relay:pfm_top_i/dynamic_region/relay_SK2_vin/inst:relay_SK2_vin} -file kernel_util_synthed.rpt -name kernel_util_synthed -json
| Design       : pfm_top_wrapper
| Device       : xcu280
| Design State : Synthesized
------------------------------------------------------------------------------------------------------------------------------------------------------------------------------------------------------------------------------------------------------------------------------------------------------------------------------------------------------------------------------------------------------------------------------------------------------------------------------------------------------------------------------

Accelerator Utilization Design Information

Table of Contents
-----------------
1. System Utilization

1. System Utilization
---------------------

+---------------------+-------------------+------------------+-------------------+----------------+---------------+----------------+
| Name                | LUT               | LUTAsMem         | REG               | BRAM           | URAM          | DSP            |
+---------------------+-------------------+------------------+-------------------+----------------+---------------+----------------+
| Platform            |  172978 [ 13.28%] |  36217 [  6.03%] |  320998 [ 12.31%] |  320 [ 15.87%] |   0 [  0.00%] |    4 [  0.04%] |
| User Budget         | 1129742 [100.00%] | 564263 [100.00%] | 2286362 [100.00%] | 1696 [100.00%] | 960 [100.00%] | 9020 [100.00%] |
|    Used Resources   |  659102 [ 58.34%] | 152891 [ 27.10%] |  739346 [ 32.34%] |  576 [ 33.96%] | 256 [ 26.67%] | 2482 [ 27.52%] |
|    Unused Resources |  470640 [ 41.66%] | 411372 [ 72.90%] | 1547016 [ 67.66%] | 1120 [ 66.04%] | 704 [ 73.33%] | 6538 [ 72.48%] |
| k2k_relay           |    2072 [  0.18%] |      0 [  0.00%] |    8220 [  0.36%] |    0 [  0.00%] |   0 [  0.00%] |    0 [  0.00%] |
|    relay_SK2_rout   |    1036 [  0.09%] |      0 [  0.00%] |    4110 [  0.18%] |    0 [  0.00%] |   0 [  0.00%] |    0 [  0.00%] |
|    relay_SK2_vin    |    1036 [  0.09%] |      0 [  0.00%] |    4110 [  0.18%] |    0 [  0.00%] |   0 [  0.00%] |    0 [  0.00%] |
| spmv_result_drain   |    2371 [  0.21%] |    591 [  0.10%] |    4590 [  0.20%] |    4 [  0.24%] |   0 [  0.00%] |    2 [  0.02%] |
|    RD               |    2371 [  0.21%] |    591 [  0.10%] |    4590 [  0.20%] |    4 [  0.24%] |   0 [  0.00%] |    2 [  0.02%] |
| spmv_sk0            |  163261 [ 14.45%] |  37886 [  6.71%] |  181163 [  7.92%] |  142 [  8.37%] |  64 [  6.67%] |  620 [  6.87%] |
|    SK0              |  163261 [ 14.45%] |  37886 [  6.71%] |  181163 [  7.92%] |  142 [  8.37%] |  64 [  6.67%] |  620 [  6.87%] |
| spmv_sk1            |  244442 [ 21.64%] |  56829 [ 10.07%] |  269996 [ 11.81%] |  213 [ 12.56%] |  96 [ 10.00%] |  930 [ 10.31%] |
|    SK1              |  244442 [ 21.64%] |  56829 [ 10.07%] |  269996 [ 11.81%] |  213 [ 12.56%] |  96 [ 10.00%] |  930 [ 10.31%] |
| spmv_sk2            |  244442 [ 21.64%] |  56829 [ 10.07%] |  269996 [ 11.81%] |  213 [ 12.56%] |  96 [ 10.00%] |  930 [ 10.31%] |
|    SK2              |  244442 [ 21.64%] |  56829 [ 10.07%] |  269996 [ 11.81%] |  213 [ 12.56%] |  96 [ 10.00%] |  930 [ 10.31%] |
| spmv_vector_loader  |    2514 [  0.22%] |    756 [  0.13%] |    5381 [  0.24%] |    4 [  0.24%] |   0 [  0.00%] |    0 [  0.00%] |
|    VL               |    2514 [  0.22%] |    756 [  0.13%] |    5381 [  0.24%] |    4 [  0.24%] |   0 [  0.00%] |    0 [  0.00%] |
+---------------------+-------------------+------------------+-------------------+----------------+---------------+----------------+


