Copyright 1986-2021 Xilinx, Inc. All Rights Reserved.
-----------------------------------------------------------------------------------------------------------------------------------------------------------------------------------------------------------------------------------------------------------------------------------------------------------------------------------------------------------------------------------------------------------------------------------------------------------------------------------------------------
| Tool Version : Vivado v.2021.2 (lin64) Build 3367213 Tue Oct 19 02:47:39 MDT 2021
| Date         : Wed Nov 20 13:24:30 2024
| Host         : hacc-gpu0 running 64-bit Ubuntu 20.04.6 LTS
| Command      : report_accelerator_utilization -kernels { krnl_vaddmul:pfm_top_i/dynamic_region/krnl_vaddmul_1/inst:krnl_vaddmul_1 krnl_vaddmul:pfm_top_i/dynamic_region/krnl_vaddmul_2/inst:krnl_vaddmul_2 krnl_vaddmul:pfm_top_i/dynamic_region/krnl_vaddmul_3/inst:krnl_vaddmul_3 krnl_vaddmul:pfm_top_i/dynamic_region/krnl_vaddmul_4/inst:krnl_vaddmul_4 krnl_vaddmul:pfm_top_i/dynamic_region/krnl_vaddmul_5/inst:krnl_vaddmul_5} -file kernel_util_placed.rpt -name kernel_util_placed -json
| Design       : pfm_top_wrapper
| Device       : xcu280
| Design State : Fully Placed
-----------------------------------------------------------------------------------------------------------------------------------------------------------------------------------------------------------------------------------------------------------------------------------------------------------------------------------------------------------------------------------------------------------------------------------------------------------------------------------------------------

Accelerator Utilization Design Information

Table of Contents
-----------------
1. System Utilization

1. System Utilization
---------------------

+---------------------+-------------------+------------------+-------------------+----------------+---------------+----------------+
| Name                | LUT               | LUTAsMem         | REG               | BRAM           | URAM          | DSP            |
+---------------------+-------------------+------------------+-------------------+----------------+---------------+----------------+
| Platform            |  142219 [ 10.92%] |  26464 [  4.41%] |  212800 [  8.16%] |  204 [ 10.12%] |   0 [  0.00%] |    4 [  0.04%] |
| User Budget         | 1160501 [100.00%] | 574016 [100.00%] | 2394560 [100.00%] | 1812 [100.00%] | 960 [100.00%] | 9020 [100.00%] |
|    Used Resources   |  119495 [ 10.30%] |  17520 [  3.05%] |  173220 [  7.23%] |  160 [  8.83%] |   0 [  0.00%] |   40 [  0.44%] |
|    Unused Resources | 1041006 [ 89.70%] | 556496 [ 96.95%] | 2221340 [ 92.77%] | 1652 [ 91.17%] | 960 [100.00%] | 8980 [ 99.56%] |
| krnl_vaddmul        |  119495 [ 10.30%] |  17520 [  3.05%] |  173220 [  7.23%] |  160 [  8.83%] |   0 [  0.00%] |   40 [  0.44%] |
|    krnl_vaddmul_1   |   23903 [  2.06%] |   3504 [  0.61%] |   34645 [  1.45%] |   32 [  1.77%] |   0 [  0.00%] |    8 [  0.09%] |
|    krnl_vaddmul_2   |   23898 [  2.06%] |   3504 [  0.61%] |   34662 [  1.45%] |   32 [  1.77%] |   0 [  0.00%] |    8 [  0.09%] |
|    krnl_vaddmul_3   |   23896 [  2.06%] |   3504 [  0.61%] |   34617 [  1.45%] |   32 [  1.77%] |   0 [  0.00%] |    8 [  0.09%] |
|    krnl_vaddmul_4   |   23904 [  2.06%] |   3504 [  0.61%] |   34624 [  1.45%] |   32 [  1.77%] |   0 [  0.00%] |    8 [  0.09%] |
|    krnl_vaddmul_5   |   23894 [  2.06%] |   3504 [  0.61%] |   34672 [  1.45%] |   32 [  1.77%] |   0 [  0.00%] |    8 [  0.09%] |
+---------------------+-------------------+------------------+-------------------+----------------+---------------+----------------+


