Copyright 1986-2021 Xilinx, Inc. All Rights Reserved.
------------------------------------------------------------------------------------------
| Tool Version : Vivado v.2021.2 (lin64) Build 3367213 Tue Oct 19 02:47:39 MDT 2021
| Date         : Wed Nov 20 15:03:10 2024
| Host         : hacc-gpu0 running 64-bit Ubuntu 20.04.6 LTS
| Command      : report_utilization -slr -file slr_util_routed.rpt -pb slr_util_routed.pb
| Design       : pfm_top_wrapper
| Device       : xcu280-fsvh2892-2L-e
| Speed File   : -2L
| Design State : Routed
------------------------------------------------------------------------------------------

Utilization Design Information

Table of Contents
-----------------
1. SLR Connectivity
2. SLR Connectivity Matrix
3. SLR CLB Logic and Dedicated Block Utilization
4. SLR IO Utilization

1. SLR Connectivity
-------------------

+----------------------------------+------+-------+-----------+-------+
|                                  | Used | Fixed | Available | Util% |
+----------------------------------+------+-------+-----------+-------+
| SLR2 <-> SLR1                    | 3986 |       |     23040 | 17.30 |
|   SLR1 -> SLR2                   | 2104 |       |           |  9.13 |
|     Using TX_REG only            |  267 |     1 |           |       |
|     Using RX_REG only            |  284 |    18 |           |       |
|     Using Both TX_REG and RX_REG |  267 |     1 |           |       |
|   SLR2 -> SLR1                   | 1882 |       |           |  8.17 |
|     Using TX_REG only            |  407 |     0 |           |       |
|     Using RX_REG only            |  411 |     4 |           |       |
|     Using Both TX_REG and RX_REG |  407 |     0 |           |       |
| SLR1 <-> SLR0                    | 2548 |       |     23040 | 11.06 |
|   SLR0 -> SLR1                   | 1144 |       |           |  4.97 |
|     Using TX_REG only            |  371 |    71 |           |       |
|     Using RX_REG only            |  361 |    61 |           |       |
|     Using Both TX_REG and RX_REG |  355 |    55 |           |       |
|   SLR1 -> SLR0                   | 1404 |       |           |  6.09 |
|     Using TX_REG only            |  437 |    62 |           |       |
|     Using RX_REG only            |  447 |    71 |           |       |
|     Using Both TX_REG and RX_REG |  435 |    60 |           |       |
+----------------------------------+------+-------+-----------+-------+
| Total SLLs Used                  | 6534 |       |           |       |
+----------------------------------+------+-------+-----------+-------+


2. SLR Connectivity Matrix
--------------------------

+-----------+------+------+------+
| FROM \ TO | SLR2 | SLR1 | SLR0 |
+-----------+------+------+------+
| SLR2      |    0 | 1720 |  162 |
| SLR1      | 1963 |    0 | 1242 |
| SLR0      |  141 | 1003 |    0 |
+-----------+------+------+------+


3. SLR CLB Logic and Dedicated Block Utilization
------------------------------------------------

+----------------------------+--------+-------+-------+--------+--------+--------+
|          Site Type         |  SLR0  |  SLR1 |  SLR2 | SLR0 % | SLR1 % | SLR2 % |
+----------------------------+--------+-------+-------+--------+--------+--------+
| CLB                        |  38287 |  6888 |  7762 |  69.66 |  12.76 |  14.37 |
|   CLBL                     |  19894 |  3465 |  4019 |  67.94 |  11.83 |  13.73 |
|   CLBM                     |  18393 |  3423 |  3743 |  71.62 |  13.85 |  15.14 |
| CLB LUTs                   | 178717 | 47704 | 35286 |  40.65 |  11.04 |   8.17 |
|   LUT as Logic             | 141712 | 43732 | 32279 |  32.23 |  10.12 |   7.47 |
|     using O5 output only   |   1998 |   291 |  1009 |   0.45 |   0.07 |   0.23 |
|     using O6 output only   |  95281 | 34271 | 19469 |  21.67 |   7.93 |   4.51 |
|     using O5 and O6        |  44433 |  9170 | 11801 |  10.11 |   2.12 |   2.73 |
|   LUT as Memory            |  37005 |  3972 |  3007 |  18.01 |   2.01 |   1.52 |
|     LUT as Distributed RAM |  17400 |  3837 |  1660 |   8.47 |   1.94 |   0.84 |
|       using O5 output only |      0 |     0 |     0 |   0.00 |   0.00 |   0.00 |
|       using O6 output only |     80 |   215 |    84 |   0.04 |   0.11 |   0.04 |
|       using O5 and O6      |  17320 |  3622 |  1576 |   8.43 |   1.83 |   0.80 |
|     LUT as Shift Register  |  19605 |   135 |  1347 |   9.54 |   0.07 |   0.68 |
|       using O5 output only |      0 |     0 |     0 |   0.00 |   0.00 |   0.00 |
|       using O6 output only |  12754 |   135 |  1217 |   6.21 |   0.07 |   0.62 |
|       using O5 and O6      |   6851 |     0 |   130 |   3.33 |   0.00 |   0.07 |
| CLB Registers              | 279134 | 46338 | 60548 |  31.74 |   5.36 |   7.01 |
| CARRY8                     |  10257 |   473 |   313 |  18.66 |   0.88 |   0.58 |
| F7 Muxes                   |   4016 |   651 |  1054 |   1.83 |   0.30 |   0.49 |
| F8 Muxes                   |   1176 |   141 |    47 |   1.07 |   0.13 |   0.04 |
| F9 Muxes                   |      0 |     0 |     0 |   0.00 |   0.00 |   0.00 |
| Block RAM Tile             |  189.5 |  80.5 |    94 |  28.20 |  11.98 |  13.99 |
|   RAMB36/FIFO              |    188 |    80 |    92 |  27.98 |  11.90 |  13.69 |
|     RAMB36E2 only          |    188 |    80 |    92 |  27.98 |  11.90 |  13.69 |
|   RAMB18                   |      3 |     1 |     4 |   0.22 |   0.07 |   0.30 |
|     RAMB18E2 only          |      3 |     1 |     4 |   0.22 |   0.07 |   0.30 |
| URAM                       |      0 |     0 |     0 |   0.00 |   0.00 |   0.00 |
| DSPs                       |     40 |     0 |     4 |   1.39 |   0.00 |   0.13 |
| Unique Control Sets        |   5621 |  1505 |  2722 |   5.11 |   1.39 |   2.52 |
+----------------------------+--------+-------+-------+--------+--------+--------+
* Note: Available Control Sets based on CLB Registers / 8


4. SLR IO Utilization
---------------------

+-----------+-----------+---------+------------+----------+------------+----------+-----+
| SLR Index | Used IOBs | (%)IOBs | Used IPADs | (%)IPADs | Used OPADs | (%)OPADs | GTs |
+-----------+-----------+---------+------------+----------+------------+----------+-----+
| SLR2      |        18 |    8.65 |          0 |     0.00 |          0 |     0.00 |   0 |
| SLR1      |         0 |    0.00 |          0 |     0.00 |          0 |     0.00 |   0 |
| SLR0      |         1 |    0.48 |          0 |     0.00 |          0 |     0.00 |  16 |
+-----------+-----------+---------+------------+----------+------------+----------+-----+
| Total     |        19 |         |          0 |          |          0 |          |  16 |
+-----------+-----------+---------+------------+----------+------------+----------+-----+


