Copyright 1986-2021 Xilinx, Inc. All Rights Reserved.
-------------------------------------------------------------------------------------------------------------------------------------------------------------------------------------------------------------------------------------------------------------------------------------------------------------------------------------------------------------------------------------------------------------------------------------------------------------------------------------------------------
| Tool Version : Vivado v.2021.2 (lin64) Build 3367213 Tue Oct 19 02:47:39 MDT 2021
| Date         : Wed Nov 20 12:10:06 2024
| Host         : hacc-gpu0 running 64-bit Ubuntu 20.04.6 LTS
| Command      : report_accelerator_utilization -kernels { krnl_vaddmul:pfm_top_i/dynamic_region/krnl_vaddmul_1/inst:krnl_vaddmul_1 krnl_vaddmul:pfm_top_i/dynamic_region/krnl_vaddmul_2/inst:krnl_vaddmul_2 krnl_vaddmul:pfm_top_i/dynamic_region/krnl_vaddmul_3/inst:krnl_vaddmul_3 krnl_vaddmul:pfm_top_i/dynamic_region/krnl_vaddmul_4/inst:krnl_vaddmul_4 krnl_vaddmul:pfm_top_i/dynamic_region/krnl_vaddmul_5/inst:krnl_vaddmul_5} -file kernel_util_synthed.rpt -name kernel_util_synthed -json
| Design       : pfm_top_wrapper
| Device       : xcu280
| Design State : Synthesized
-------------------------------------------------------------------------------------------------------------------------------------------------------------------------------------------------------------------------------------------------------------------------------------------------------------------------------------------------------------------------------------------------------------------------------------------------------------------------------------------------------

Accelerator Utilization Design Information

Table of Contents
-----------------
1. System Utilization

1. System Utilization
---------------------

+---------------------+-------------------+------------------+-------------------+----------------+---------------+----------------+
| Name                | LUT               | LUTAsMem         | REG               | BRAM           | URAM          | DSP            |
+---------------------+-------------------+------------------+-------------------+----------------+---------------+----------------+
| Platform            |  175604 [ 13.48%] |  39692 [  6.61%] |  262802 [ 10.08%] |  204 [ 10.12%] |   0 [  0.00%] |    4 [  0.04%] |
| User Budget         | 1127116 [100.00%] | 560788 [100.00%] | 2344558 [100.00%] | 1812 [100.00%] | 960 [100.00%] | 9020 [100.00%] |
|    Used Resources   |  137210 [ 12.17%] |  33480 [  5.97%] |  180450 [  7.70%] |  160 [  8.83%] |   0 [  0.00%] |   40 [  0.44%] |
|    Unused Resources |  989906 [ 87.83%] | 527308 [ 94.03%] | 2164108 [ 92.30%] | 1652 [ 91.17%] | 960 [100.00%] | 8980 [ 99.56%] |
| krnl_vaddmul        |  137210 [ 12.17%] |  33480 [  5.97%] |  180450 [  7.70%] |  160 [  8.83%] |   0 [  0.00%] |   40 [  0.44%] |
|    krnl_vaddmul_1   |   27442 [  2.43%] |   6696 [  1.19%] |   36090 [  1.54%] |   32 [  1.77%] |   0 [  0.00%] |    8 [  0.09%] |
|    krnl_vaddmul_2   |   27442 [  2.43%] |   6696 [  1.19%] |   36090 [  1.54%] |   32 [  1.77%] |   0 [  0.00%] |    8 [  0.09%] |
|    krnl_vaddmul_3   |   27442 [  2.43%] |   6696 [  1.19%] |   36090 [  1.54%] |   32 [  1.77%] |   0 [  0.00%] |    8 [  0.09%] |
|    krnl_vaddmul_4   |   27442 [  2.43%] |   6696 [  1.19%] |   36090 [  1.54%] |   32 [  1.77%] |   0 [  0.00%] |    8 [  0.09%] |
|    krnl_vaddmul_5   |   27442 [  2.43%] |   6696 [  1.19%] |   36090 [  1.54%] |   32 [  1.77%] |   0 [  0.00%] |    8 [  0.09%] |
+---------------------+-------------------+------------------+-------------------+----------------+---------------+----------------+


