Copyright 1986-2021 Xilinx, Inc. All Rights Reserved.
------------------------------------------------------------------------------------------
| Tool Version : Vivado v.2021.2 (lin64) Build 3367213 Tue Oct 19 02:47:39 MDT 2021
| Date         : Sat Nov 16 17:34:24 2024
| Host         : hacc-gpu0 running 64-bit Ubuntu 20.04.6 LTS
| Command      : report_utilization -slr -file slr_util_placed.rpt -pb slr_util_placed.pb
| Design       : pfm_top_wrapper
| Device       : xcu280-fsvh2892-2L-e
| Speed File   : -2L
| Design State : Fully Placed
------------------------------------------------------------------------------------------

Utilization Design Information

Table of Contents
-----------------
1. SLR Connectivity
2. SLR Connectivity Matrix
3. SLR CLB Logic and Dedicated Block Utilization
4. SLR IO Utilization

1. SLR Connectivity
-------------------

+----------------------------------+------+-------+-----------+-------+
|                                  | Used | Fixed | Available | Util% |
+----------------------------------+------+-------+-----------+-------+
| SLR2 <-> SLR1                    | 3958 |       |     23040 | 17.18 |
|   SLR1 -> SLR2                   | 2086 |       |           |  9.05 |
|     Using TX_REG only            |    1 |     1 |           |       |
|     Using RX_REG only            |   18 |    18 |           |       |
|     Using Both TX_REG and RX_REG |  267 |     1 |           |       |
|   SLR2 -> SLR1                   | 1872 |       |           |  8.13 |
|     Using TX_REG only            |    0 |     0 |           |       |
|     Using RX_REG only            |    4 |     4 |           |       |
|     Using Both TX_REG and RX_REG |  407 |     0 |           |       |
| SLR1 <-> SLR0                    | 2529 |       |     23040 | 10.98 |
|   SLR0 -> SLR1                   | 1138 |       |           |  4.94 |
|     Using TX_REG only            |   71 |    71 |           |       |
|     Using RX_REG only            |   61 |    61 |           |       |
|     Using Both TX_REG and RX_REG |  355 |    55 |           |       |
|   SLR1 -> SLR0                   | 1391 |       |           |  6.04 |
|     Using TX_REG only            |   62 |    62 |           |       |
|     Using RX_REG only            |   72 |    71 |           |       |
|     Using Both TX_REG and RX_REG |  435 |    60 |           |       |
+----------------------------------+------+-------+-----------+-------+
| Total SLLs Used                  | 6487 |       |           |       |
+----------------------------------+------+-------+-----------+-------+


2. SLR Connectivity Matrix
--------------------------

+-----------+------+------+------+
| FROM \ TO | SLR2 | SLR1 | SLR0 |
+-----------+------+------+------+
| SLR2      |    0 | 1715 |  157 |
| SLR1      | 1974 |    0 | 1234 |
| SLR0      |  112 | 1026 |    0 |
+-----------+------+------+------+


3. SLR CLB Logic and Dedicated Block Utilization
------------------------------------------------

+----------------------------+--------+-------+-------+--------+--------+--------+
|          Site Type         |  SLR0  |  SLR1 |  SLR2 | SLR0 % | SLR1 % | SLR2 % |
+----------------------------+--------+-------+-------+--------+--------+--------+
| CLB                        |  16696 |  7645 |  8418 |  30.38 |  14.16 |  15.59 |
|   CLBL                     |   8251 |  3849 |  4365 |  28.18 |  13.15 |  14.91 |
|   CLBM                     |   8445 |  3796 |  4053 |  32.89 |  15.36 |  16.40 |
| CLB LUTs                   |  59974 | 47645 | 35336 |  13.64 |  11.03 |   8.18 |
|   LUT as Logic             |  44196 | 43673 | 32298 |  10.05 |  10.11 |   7.48 |
|     using O5 output only   |   1039 |   287 |  1006 |   0.24 |   0.07 |   0.23 |
|     using O6 output only   |  28066 | 34241 | 19540 |   6.38 |   7.93 |   4.52 |
|     using O5 and O6        |  15091 |  9145 | 11752 |   3.43 |   2.12 |   2.72 |
|   LUT as Memory            |  15778 |  3972 |  3038 |   7.68 |   2.01 |   1.54 |
|     LUT as Distributed RAM |   7776 |  3837 |  1660 |   3.79 |   1.94 |   0.84 |
|       using O5 output only |      0 |     0 |     0 |   0.00 |   0.00 |   0.00 |
|       using O6 output only |     80 |   215 |    84 |   0.04 |   0.11 |   0.04 |
|       using O5 and O6      |   7696 |  3622 |  1576 |   3.75 |   1.83 |   0.80 |
|     LUT as Shift Register  |   8002 |   135 |  1378 |   3.90 |   0.07 |   0.70 |
|       using O5 output only |      0 |     0 |     0 |   0.00 |   0.00 |   0.00 |
|       using O6 output only |   4768 |   135 |  1248 |   2.32 |   0.07 |   0.63 |
|       using O5 and O6      |   3234 |     0 |   130 |   1.57 |   0.00 |   0.07 |
| CLB Registers              | 114802 | 46361 | 60707 |  13.06 |   5.37 |   7.03 |
| CARRY8                     |   1664 |   473 |   313 |   3.03 |   0.88 |   0.58 |
| F7 Muxes                   |   1860 |   651 |  1054 |   0.85 |   0.30 |   0.49 |
| F8 Muxes                   |    480 |   141 |    47 |   0.44 |   0.13 |   0.04 |
| F9 Muxes                   |      0 |     0 |     0 |   0.00 |   0.00 |   0.00 |
| Block RAM Tile             |  135.5 |  80.5 |    94 |  20.16 |  11.98 |  13.99 |
|   RAMB36/FIFO              |    134 |    80 |    92 |  19.94 |  11.90 |  13.69 |
|     RAMB36E2 only          |    134 |    80 |    92 |  19.94 |  11.90 |  13.69 |
|   RAMB18                   |      3 |     1 |     4 |   0.22 |   0.07 |   0.30 |
|     RAMB18E2 only          |      3 |     1 |     4 |   0.22 |   0.07 |   0.30 |
| URAM                       |      0 |     0 |     0 |   0.00 |   0.00 |   0.00 |
| DSPs                       |    208 |     0 |     4 |   7.22 |   0.00 |   0.13 |
| Unique Control Sets        |   2972 |  1504 |  2720 |   2.70 |   1.39 |   2.52 |
+----------------------------+--------+-------+-------+--------+--------+--------+
* Note: Available Control Sets based on CLB Registers / 8


4. SLR IO Utilization
---------------------

+-----------+-----------+---------+------------+----------+------------+----------+-----+
| SLR Index | Used IOBs | (%)IOBs | Used IPADs | (%)IPADs | Used OPADs | (%)OPADs | GTs |
+-----------+-----------+---------+------------+----------+------------+----------+-----+
| SLR2      |        18 |    8.65 |          0 |     0.00 |          0 |     0.00 |   0 |
| SLR1      |         0 |    0.00 |          0 |     0.00 |          0 |     0.00 |   0 |
| SLR0      |         1 |    0.48 |          0 |     0.00 |          0 |     0.00 |  16 |
+-----------+-----------+---------+------------+----------+------------+----------+-----+
| Total     |        19 |         |          0 |          |          0 |          |  16 |
+-----------+-----------+---------+------------+----------+------------+----------+-----+


