Copyright 1986-2021 Xilinx, Inc. All Rights Reserved.
---------------------------------------------------------------------------------------------------------------------------------------------------------------------------------------------------------------------------------------------------------------------------------------------------------------------------------------------------
| Tool Version : Vivado v.2021.2 (lin64) Build 3367213 Tue Oct 19 02:47:39 MDT 2021
| Date         : Tue Nov  5 17:42:38 2024
| Host         : hacc-gpu0 running 64-bit Ubuntu 20.04.6 LTS
| Command      : report_accelerator_utilization -kernels { krnl_vaddmul:pfm_top_i/dynamic_region/krnl_vaddmul_1/inst:krnl_vaddmul_1 krnl_vaddmul:pfm_top_i/dynamic_region/krnl_vaddmul_2/inst:krnl_vaddmul_2 krnl_vaddmul:pfm_top_i/dynamic_region/krnl_vaddmul_3/inst:krnl_vaddmul_3} -file kernel_util_placed.rpt -name kernel_util_placed -json
| Design       : pfm_top_wrapper
| Device       : xcu280
| Design State : Fully Placed
---------------------------------------------------------------------------------------------------------------------------------------------------------------------------------------------------------------------------------------------------------------------------------------------------------------------------------------------------

Accelerator Utilization Design Information

Table of Contents
-----------------
1. System Utilization

1. System Utilization
---------------------

+---------------------+-------------------+------------------+-------------------+----------------+---------------+----------------+
| Name                | LUT               | LUTAsMem         | REG               | BRAM           | URAM          | DSP            |
+---------------------+-------------------+------------------+-------------------+----------------+---------------+----------------+
| Platform            |  124640 [  9.57%] |  18988 [  3.16%] |  182951 [  7.02%] |  204 [ 10.12%] |   0 [  0.00%] |    4 [  0.04%] |
| User Budget         | 1178080 [100.00%] | 581492 [100.00%] | 2424409 [100.00%] | 1812 [100.00%] | 960 [100.00%] | 9020 [100.00%] |
|    Used Resources   |   23404 [  1.99%] |   9357 [  1.61%] |   36116 [  1.49%] |   60 [  3.31%] |   0 [  0.00%] |   12 [  0.13%] |
|    Unused Resources | 1154676 [ 98.01%] | 572135 [ 98.39%] | 2388293 [ 98.51%] | 1752 [ 96.69%] | 960 [100.00%] | 9008 [ 99.87%] |
| krnl_vaddmul        |   23404 [  1.99%] |   9357 [  1.61%] |   36116 [  1.49%] |   60 [  3.31%] |   0 [  0.00%] |   12 [  0.13%] |
|    krnl_vaddmul_1   |    7803 [  0.66%] |   3119 [  0.54%] |   12019 [  0.50%] |   20 [  1.10%] |   0 [  0.00%] |    4 [  0.04%] |
|    krnl_vaddmul_2   |    7795 [  0.66%] |   3119 [  0.54%] |   12049 [  0.50%] |   20 [  1.10%] |   0 [  0.00%] |    4 [  0.04%] |
|    krnl_vaddmul_3   |    7806 [  0.66%] |   3119 [  0.54%] |   12048 [  0.50%] |   20 [  1.10%] |   0 [  0.00%] |    4 [  0.04%] |
+---------------------+-------------------+------------------+-------------------+----------------+---------------+----------------+


