INFO: [v++ 60-1306] Additional information associated with this v++ link can be found at:
	Reports: /home/ziyuanwang/hbm/Vitis_Accel_Examples/performance/hbm_bandwidth/_x.hw.xilinx_u280_xdma_201920_3/reports/link
	Log files: /home/ziyuanwang/hbm/Vitis_Accel_Examples/performance/hbm_bandwidth/_x.hw.xilinx_u280_xdma_201920_3/logs/link
INFO: [v++ 60-1548] Creating build summary session with primary output /home/ziyuanwang/hbm/Vitis_Accel_Examples/performance/hbm_bandwidth/build_dir.hw.xilinx_u280_xdma_201920_3/krnl_vaddmul.link.xclbin.link_summary, at Fri Oct 11 00:20:43 2024
INFO: [v++ 60-1316] Initiating connection to rulecheck server, at Fri Oct 11 00:20:43 2024
INFO: [v++ 60-1315] Creating rulecheck session with output '/home/ziyuanwang/hbm/Vitis_Accel_Examples/performance/hbm_bandwidth/_x.hw.xilinx_u280_xdma_201920_3/reports/link/v++_link_krnl_vaddmul.link_guidance.html', at Fri Oct 11 00:20:45 2024
INFO: [v++ 60-895]   Target platform: /opt/xilinx/platforms/xilinx_u280_xdma_201920_3/xilinx_u280_xdma_201920_3.xpfm
INFO: [v++ 60-1578]   This platform contains Xilinx Shell Archive '/opt/xilinx/platforms/xilinx_u280_xdma_201920_3/hw/xilinx_u280_xdma_201920_3.xsa'
INFO: [v++ 74-78] Compiler Version string: 2021.2
INFO: [v++ 60-1302] Platform 'xilinx_u280_xdma_201920_3.xpfm' has been explicitly enabled for this release.
INFO: [v++ 60-629] Linking for hardware target
INFO: [v++ 60-423]   Target device: xilinx_u280_xdma_201920_3
INFO: [v++ 60-1332] Run 'run_link' status: Not started
INFO: [v++ 60-1443] [00:20:59] Run run_link: Step system_link: Started
INFO: [v++ 60-1453] Command Line: system_link --xo /home/ziyuanwang/hbm/Vitis_Accel_Examples/performance/hbm_bandwidth/_x.hw.xilinx_u280_xdma_201920_3/krnl_vaddmul.xo -keep --config /home/ziyuanwang/hbm/Vitis_Accel_Examples/performance/hbm_bandwidth/_x.hw.xilinx_u280_xdma_201920_3/link/int/syslinkConfig.ini --xpfm /opt/xilinx/platforms/xilinx_u280_xdma_201920_3/xilinx_u280_xdma_201920_3.xpfm --target hw --output_dir /home/ziyuanwang/hbm/Vitis_Accel_Examples/performance/hbm_bandwidth/_x.hw.xilinx_u280_xdma_201920_3/link/int --temp_dir /home/ziyuanwang/hbm/Vitis_Accel_Examples/performance/hbm_bandwidth/_x.hw.xilinx_u280_xdma_201920_3/link/sys_link
INFO: [v++ 60-1454] Run Directory: /home/ziyuanwang/hbm/Vitis_Accel_Examples/performance/hbm_bandwidth/_x.hw.xilinx_u280_xdma_201920_3/link/run_link
INFO: [SYSTEM_LINK 60-1316] Initiating connection to rulecheck server, at Fri Oct 11 00:21:02 2024
INFO: [SYSTEM_LINK 82-70] Extracting xo v3 file /home/ziyuanwang/hbm/Vitis_Accel_Examples/performance/hbm_bandwidth/_x.hw.xilinx_u280_xdma_201920_3/krnl_vaddmul.xo
INFO: [SYSTEM_LINK 82-53] Creating IP database /home/ziyuanwang/hbm/Vitis_Accel_Examples/performance/hbm_bandwidth/_x.hw.xilinx_u280_xdma_201920_3/link/sys_link/_sysl/.cdb/xd_ip_db.xml
INFO: [SYSTEM_LINK 82-38] [00:21:13] build_xd_ip_db started: /tools/Xilinx/Vitis/2021.2/bin/build_xd_ip_db -ip_search 0  -sds-pf /home/ziyuanwang/hbm/Vitis_Accel_Examples/performance/hbm_bandwidth/_x.hw.xilinx_u280_xdma_201920_3/link/sys_link/xilinx_u280_xdma_201920_3.hpfm -clkid 0 -ip /home/ziyuanwang/hbm/Vitis_Accel_Examples/performance/hbm_bandwidth/_x.hw.xilinx_u280_xdma_201920_3/link/sys_link/iprepo/xilinx_com_hls_krnl_vaddmul_1_0,krnl_vaddmul -o /home/ziyuanwang/hbm/Vitis_Accel_Examples/performance/hbm_bandwidth/_x.hw.xilinx_u280_xdma_201920_3/link/sys_link/_sysl/.cdb/xd_ip_db.xml
INFO: [SYSTEM_LINK 82-37] [00:21:25] build_xd_ip_db finished successfully
Time (s): cpu = 00:00:08 ; elapsed = 00:00:12 . Memory (MB): peak = 2171.230 ; gain = 0.000 ; free physical = 51760 ; free virtual = 165595
INFO: [SYSTEM_LINK 82-51] Create system connectivity graph
INFO: [SYSTEM_LINK 82-102] Applying explicit connections to the system connectivity graph: /home/ziyuanwang/hbm/Vitis_Accel_Examples/performance/hbm_bandwidth/_x.hw.xilinx_u280_xdma_201920_3/link/sys_link/cfgraph/cfgen_cfgraph.xml
INFO: [SYSTEM_LINK 82-38] [00:21:25] cfgen started: /tools/Xilinx/Vitis/2021.2/bin/cfgen  -nk krnl_vaddmul:8 -sp krnl_vaddmul_1.in1:HBM[0] -sp krnl_vaddmul_1.in2:HBM[1] -sp krnl_vaddmul_1.out_add:HBM[2] -sp krnl_vaddmul_1.out_mul:HBM[3] -sp krnl_vaddmul_2.in1:HBM[4] -sp krnl_vaddmul_2.in2:HBM[5] -sp krnl_vaddmul_2.out_add:HBM[6] -sp krnl_vaddmul_2.out_mul:HBM[7] -sp krnl_vaddmul_3.in1:HBM[8] -sp krnl_vaddmul_3.in2:HBM[9] -sp krnl_vaddmul_3.out_add:HBM[10] -sp krnl_vaddmul_3.out_mul:HBM[11] -sp krnl_vaddmul_4.in1:HBM[12] -sp krnl_vaddmul_4.in2:HBM[13] -sp krnl_vaddmul_4.out_add:HBM[14] -sp krnl_vaddmul_4.out_mul:HBM[15] -sp krnl_vaddmul_5.in1:HBM[16] -sp krnl_vaddmul_5.in2:HBM[17] -sp krnl_vaddmul_5.out_add:HBM[18] -sp krnl_vaddmul_5.out_mul:HBM[19] -sp krnl_vaddmul_6.in1:HBM[20] -sp krnl_vaddmul_6.in2:HBM[21] -sp krnl_vaddmul_6.out_add:HBM[22] -sp krnl_vaddmul_6.out_mul:HBM[23] -sp krnl_vaddmul_7.in1:HBM[24] -sp krnl_vaddmul_7.in2:HBM[25] -sp krnl_vaddmul_7.out_add:HBM[26] -sp krnl_vaddmul_7.out_mul:HBM[27] -sp krnl_vaddmul_8.in1:HBM[28] -sp krnl_vaddmul_8.in2:HBM[29] -sp krnl_vaddmul_8.out_add:HBM[30] -sp krnl_vaddmul_8.out_mul:HBM[31] -dmclkid 0 -r /home/ziyuanwang/hbm/Vitis_Accel_Examples/performance/hbm_bandwidth/_x.hw.xilinx_u280_xdma_201920_3/link/sys_link/_sysl/.cdb/xd_ip_db.xml -o /home/ziyuanwang/hbm/Vitis_Accel_Examples/performance/hbm_bandwidth/_x.hw.xilinx_u280_xdma_201920_3/link/sys_link/cfgraph/cfgen_cfgraph.xml
INFO: [CFGEN 83-0] Kernel Specs: 
INFO: [CFGEN 83-0]   kernel: krnl_vaddmul, num: 8  {krnl_vaddmul_1 krnl_vaddmul_2 krnl_vaddmul_3 krnl_vaddmul_4 krnl_vaddmul_5 krnl_vaddmul_6 krnl_vaddmul_7 krnl_vaddmul_8}
INFO: [CFGEN 83-0] Port Specs: 
INFO: [CFGEN 83-0]   kernel: krnl_vaddmul_1, k_port: in1, sptag: HBM[0]
INFO: [CFGEN 83-0]   kernel: krnl_vaddmul_1, k_port: in2, sptag: HBM[1]
INFO: [CFGEN 83-0]   kernel: krnl_vaddmul_1, k_port: out_add, sptag: HBM[2]
INFO: [CFGEN 83-0]   kernel: krnl_vaddmul_1, k_port: out_mul, sptag: HBM[3]
INFO: [CFGEN 83-0]   kernel: krnl_vaddmul_2, k_port: in1, sptag: HBM[4]
INFO: [CFGEN 83-0]   kernel: krnl_vaddmul_2, k_port: in2, sptag: HBM[5]
INFO: [CFGEN 83-0]   kernel: krnl_vaddmul_2, k_port: out_add, sptag: HBM[6]
INFO: [CFGEN 83-0]   kernel: krnl_vaddmul_2, k_port: out_mul, sptag: HBM[7]
INFO: [CFGEN 83-0]   kernel: krnl_vaddmul_3, k_port: in1, sptag: HBM[8]
INFO: [CFGEN 83-0]   kernel: krnl_vaddmul_3, k_port: in2, sptag: HBM[9]
INFO: [CFGEN 83-0]   kernel: krnl_vaddmul_3, k_port: out_add, sptag: HBM[10]
INFO: [CFGEN 83-0]   kernel: krnl_vaddmul_3, k_port: out_mul, sptag: HBM[11]
INFO: [CFGEN 83-0]   kernel: krnl_vaddmul_4, k_port: in1, sptag: HBM[12]
INFO: [CFGEN 83-0]   kernel: krnl_vaddmul_4, k_port: in2, sptag: HBM[13]
INFO: [CFGEN 83-0]   kernel: krnl_vaddmul_4, k_port: out_add, sptag: HBM[14]
INFO: [CFGEN 83-0]   kernel: krnl_vaddmul_4, k_port: out_mul, sptag: HBM[15]
INFO: [CFGEN 83-0]   kernel: krnl_vaddmul_5, k_port: in1, sptag: HBM[16]
INFO: [CFGEN 83-0]   kernel: krnl_vaddmul_5, k_port: in2, sptag: HBM[17]
INFO: [CFGEN 83-0]   kernel: krnl_vaddmul_5, k_port: out_add, sptag: HBM[18]
INFO: [CFGEN 83-0]   kernel: krnl_vaddmul_5, k_port: out_mul, sptag: HBM[19]
INFO: [CFGEN 83-0]   kernel: krnl_vaddmul_6, k_port: in1, sptag: HBM[20]
INFO: [CFGEN 83-0]   kernel: krnl_vaddmul_6, k_port: in2, sptag: HBM[21]
INFO: [CFGEN 83-0]   kernel: krnl_vaddmul_6, k_port: out_add, sptag: HBM[22]
INFO: [CFGEN 83-0]   kernel: krnl_vaddmul_6, k_port: out_mul, sptag: HBM[23]
INFO: [CFGEN 83-0]   kernel: krnl_vaddmul_7, k_port: in1, sptag: HBM[24]
INFO: [CFGEN 83-0]   kernel: krnl_vaddmul_7, k_port: in2, sptag: HBM[25]
INFO: [CFGEN 83-0]   kernel: krnl_vaddmul_7, k_port: out_add, sptag: HBM[26]
INFO: [CFGEN 83-0]   kernel: krnl_vaddmul_7, k_port: out_mul, sptag: HBM[27]
INFO: [CFGEN 83-0]   kernel: krnl_vaddmul_8, k_port: in1, sptag: HBM[28]
INFO: [CFGEN 83-0]   kernel: krnl_vaddmul_8, k_port: in2, sptag: HBM[29]
INFO: [CFGEN 83-0]   kernel: krnl_vaddmul_8, k_port: out_add, sptag: HBM[30]
INFO: [CFGEN 83-0]   kernel: krnl_vaddmul_8, k_port: out_mul, sptag: HBM[31]
INFO: [CFGEN 83-2228] Creating mapping for argument krnl_vaddmul_1.in1 to HBM[0] for directive krnl_vaddmul_1.in1:HBM[0]
INFO: [CFGEN 83-2228] Creating mapping for argument krnl_vaddmul_1.in2 to HBM[1] for directive krnl_vaddmul_1.in2:HBM[1]
INFO: [CFGEN 83-2228] Creating mapping for argument krnl_vaddmul_1.out_add to HBM[2] for directive krnl_vaddmul_1.out_add:HBM[2]
INFO: [CFGEN 83-2228] Creating mapping for argument krnl_vaddmul_1.out_mul to HBM[3] for directive krnl_vaddmul_1.out_mul:HBM[3]
INFO: [CFGEN 83-2228] Creating mapping for argument krnl_vaddmul_2.in1 to HBM[4] for directive krnl_vaddmul_2.in1:HBM[4]
INFO: [CFGEN 83-2228] Creating mapping for argument krnl_vaddmul_2.in2 to HBM[5] for directive krnl_vaddmul_2.in2:HBM[5]
INFO: [CFGEN 83-2228] Creating mapping for argument krnl_vaddmul_2.out_add to HBM[6] for directive krnl_vaddmul_2.out_add:HBM[6]
INFO: [CFGEN 83-2228] Creating mapping for argument krnl_vaddmul_2.out_mul to HBM[7] for directive krnl_vaddmul_2.out_mul:HBM[7]
INFO: [CFGEN 83-2228] Creating mapping for argument krnl_vaddmul_3.in1 to HBM[8] for directive krnl_vaddmul_3.in1:HBM[8]
INFO: [CFGEN 83-2228] Creating mapping for argument krnl_vaddmul_3.in2 to HBM[9] for directive krnl_vaddmul_3.in2:HBM[9]
INFO: [CFGEN 83-2228] Creating mapping for argument krnl_vaddmul_3.out_add to HBM[10] for directive krnl_vaddmul_3.out_add:HBM[10]
INFO: [CFGEN 83-2228] Creating mapping for argument krnl_vaddmul_3.out_mul to HBM[11] for directive krnl_vaddmul_3.out_mul:HBM[11]
INFO: [CFGEN 83-2228] Creating mapping for argument krnl_vaddmul_4.in1 to HBM[12] for directive krnl_vaddmul_4.in1:HBM[12]
INFO: [CFGEN 83-2228] Creating mapping for argument krnl_vaddmul_4.in2 to HBM[13] for directive krnl_vaddmul_4.in2:HBM[13]
INFO: [CFGEN 83-2228] Creating mapping for argument krnl_vaddmul_4.out_add to HBM[14] for directive krnl_vaddmul_4.out_add:HBM[14]
INFO: [CFGEN 83-2228] Creating mapping for argument krnl_vaddmul_4.out_mul to HBM[15] for directive krnl_vaddmul_4.out_mul:HBM[15]
INFO: [CFGEN 83-2228] Creating mapping for argument krnl_vaddmul_5.in1 to HBM[16] for directive krnl_vaddmul_5.in1:HBM[16]
INFO: [CFGEN 83-2228] Creating mapping for argument krnl_vaddmul_5.in2 to HBM[17] for directive krnl_vaddmul_5.in2:HBM[17]
INFO: [CFGEN 83-2228] Creating mapping for argument krnl_vaddmul_5.out_add to HBM[18] for directive krnl_vaddmul_5.out_add:HBM[18]
INFO: [CFGEN 83-2228] Creating mapping for argument krnl_vaddmul_5.out_mul to HBM[19] for directive krnl_vaddmul_5.out_mul:HBM[19]
INFO: [CFGEN 83-2228] Creating mapping for argument krnl_vaddmul_6.in1 to HBM[20] for directive krnl_vaddmul_6.in1:HBM[20]
INFO: [CFGEN 83-2228] Creating mapping for argument krnl_vaddmul_6.in2 to HBM[21] for directive krnl_vaddmul_6.in2:HBM[21]
INFO: [CFGEN 83-2228] Creating mapping for argument krnl_vaddmul_6.out_add to HBM[22] for directive krnl_vaddmul_6.out_add:HBM[22]
INFO: [CFGEN 83-2228] Creating mapping for argument krnl_vaddmul_6.out_mul to HBM[23] for directive krnl_vaddmul_6.out_mul:HBM[23]
INFO: [CFGEN 83-2228] Creating mapping for argument krnl_vaddmul_7.in1 to HBM[24] for directive krnl_vaddmul_7.in1:HBM[24]
INFO: [CFGEN 83-2228] Creating mapping for argument krnl_vaddmul_7.in2 to HBM[25] for directive krnl_vaddmul_7.in2:HBM[25]
INFO: [CFGEN 83-2228] Creating mapping for argument krnl_vaddmul_7.out_add to HBM[26] for directive krnl_vaddmul_7.out_add:HBM[26]
INFO: [CFGEN 83-2228] Creating mapping for argument krnl_vaddmul_7.out_mul to HBM[27] for directive krnl_vaddmul_7.out_mul:HBM[27]
INFO: [CFGEN 83-2228] Creating mapping for argument krnl_vaddmul_8.in1 to HBM[28] for directive krnl_vaddmul_8.in1:HBM[28]
INFO: [CFGEN 83-2228] Creating mapping for argument krnl_vaddmul_8.in2 to HBM[29] for directive krnl_vaddmul_8.in2:HBM[29]
INFO: [CFGEN 83-2228] Creating mapping for argument krnl_vaddmul_8.out_add to HBM[30] for directive krnl_vaddmul_8.out_add:HBM[30]
INFO: [CFGEN 83-2228] Creating mapping for argument krnl_vaddmul_8.out_mul to HBM[31] for directive krnl_vaddmul_8.out_mul:HBM[31]
INFO: [SYSTEM_LINK 82-37] [00:21:33] cfgen finished successfully
Time (s): cpu = 00:00:07 ; elapsed = 00:00:08 . Memory (MB): peak = 2171.230 ; gain = 0.000 ; free physical = 51776 ; free virtual = 165611
INFO: [SYSTEM_LINK 82-52] Create top-level block diagram
INFO: [SYSTEM_LINK 82-38] [00:21:33] cf2bd started: /tools/Xilinx/Vitis/2021.2/bin/cf2bd  --linux --trace_buffer 1024 --input_file /home/ziyuanwang/hbm/Vitis_Accel_Examples/performance/hbm_bandwidth/_x.hw.xilinx_u280_xdma_201920_3/link/sys_link/cfgraph/cfgen_cfgraph.xml --ip_db /home/ziyuanwang/hbm/Vitis_Accel_Examples/performance/hbm_bandwidth/_x.hw.xilinx_u280_xdma_201920_3/link/sys_link/_sysl/.cdb/xd_ip_db.xml --cf_name dr --working_dir /home/ziyuanwang/hbm/Vitis_Accel_Examples/performance/hbm_bandwidth/_x.hw.xilinx_u280_xdma_201920_3/link/sys_link/_sysl/.xsd --temp_dir /home/ziyuanwang/hbm/Vitis_Accel_Examples/performance/hbm_bandwidth/_x.hw.xilinx_u280_xdma_201920_3/link/sys_link --output_dir /home/ziyuanwang/hbm/Vitis_Accel_Examples/performance/hbm_bandwidth/_x.hw.xilinx_u280_xdma_201920_3/link/int --target_bd pfm_dynamic.bd
INFO: [CF2BD 82-31] Launching cf2xd: cf2xd -linux -trace-buffer 1024 -i /home/ziyuanwang/hbm/Vitis_Accel_Examples/performance/hbm_bandwidth/_x.hw.xilinx_u280_xdma_201920_3/link/sys_link/cfgraph/cfgen_cfgraph.xml -r /home/ziyuanwang/hbm/Vitis_Accel_Examples/performance/hbm_bandwidth/_x.hw.xilinx_u280_xdma_201920_3/link/sys_link/_sysl/.cdb/xd_ip_db.xml -o dr.xml
INFO: [CF2BD 82-28] cf2xd finished successfully
INFO: [CF2BD 82-31] Launching cf_xsd: cf_xsd -disable-address-gen -bd pfm_dynamic.bd -dn dr -dp /home/ziyuanwang/hbm/Vitis_Accel_Examples/performance/hbm_bandwidth/_x.hw.xilinx_u280_xdma_201920_3/link/sys_link/_sysl/.xsd
INFO: [CF2BD 82-28] cf_xsd finished successfully
INFO: [SYSTEM_LINK 82-37] [00:21:40] cf2bd finished successfully
Time (s): cpu = 00:00:06 ; elapsed = 00:00:08 . Memory (MB): peak = 2171.230 ; gain = 0.000 ; free physical = 51775 ; free virtual = 165615
INFO: [v++ 60-1441] [00:21:40] Run run_link: Step system_link: Completed
Time (s): cpu = 00:00:26 ; elapsed = 00:00:41 . Memory (MB): peak = 2042.426 ; gain = 0.000 ; free physical = 51815 ; free virtual = 165655
INFO: [v++ 60-1443] [00:21:40] Run run_link: Step cf2sw: Started
INFO: [v++ 60-1453] Command Line: cf2sw -sdsl /home/ziyuanwang/hbm/Vitis_Accel_Examples/performance/hbm_bandwidth/_x.hw.xilinx_u280_xdma_201920_3/link/int/sdsl.dat -rtd /home/ziyuanwang/hbm/Vitis_Accel_Examples/performance/hbm_bandwidth/_x.hw.xilinx_u280_xdma_201920_3/link/int/cf2sw.rtd -nofilter /home/ziyuanwang/hbm/Vitis_Accel_Examples/performance/hbm_bandwidth/_x.hw.xilinx_u280_xdma_201920_3/link/int/cf2sw_full.rtd -xclbin /home/ziyuanwang/hbm/Vitis_Accel_Examples/performance/hbm_bandwidth/_x.hw.xilinx_u280_xdma_201920_3/link/int/xclbin_orig.xml -o /home/ziyuanwang/hbm/Vitis_Accel_Examples/performance/hbm_bandwidth/_x.hw.xilinx_u280_xdma_201920_3/link/int/xclbin_orig.1.xml
INFO: [v++ 60-1454] Run Directory: /home/ziyuanwang/hbm/Vitis_Accel_Examples/performance/hbm_bandwidth/_x.hw.xilinx_u280_xdma_201920_3/link/run_link
INFO: [v++ 60-1441] [00:21:49] Run run_link: Step cf2sw: Completed
Time (s): cpu = 00:00:08 ; elapsed = 00:00:09 . Memory (MB): peak = 2042.426 ; gain = 0.000 ; free physical = 51806 ; free virtual = 165673
INFO: [v++ 60-1443] [00:21:49] Run run_link: Step rtd2_system_diagram: Started
INFO: [v++ 60-1453] Command Line: rtd2SystemDiagram
INFO: [v++ 60-1454] Run Directory: /home/ziyuanwang/hbm/Vitis_Accel_Examples/performance/hbm_bandwidth/_x.hw.xilinx_u280_xdma_201920_3/link/run_link
INFO: [v++ 60-1441] [00:21:50] Run run_link: Step rtd2_system_diagram: Completed
Time (s): cpu = 00:00:00 ; elapsed = 00:00:00.80 . Memory (MB): peak = 2042.426 ; gain = 0.000 ; free physical = 51763 ; free virtual = 165629
INFO: [v++ 60-1443] [00:21:50] Run run_link: Step vpl: Started
INFO: [v++ 60-1453] Command Line: vpl -t hw -f xilinx_u280_xdma_201920_3 --remote_ip_cache /home/ziyuanwang/hbm/Vitis_Accel_Examples/performance/hbm_bandwidth/.ipcache -s --output_dir /home/ziyuanwang/hbm/Vitis_Accel_Examples/performance/hbm_bandwidth/_x.hw.xilinx_u280_xdma_201920_3/link/int --log_dir /home/ziyuanwang/hbm/Vitis_Accel_Examples/performance/hbm_bandwidth/_x.hw.xilinx_u280_xdma_201920_3/logs/link --report_dir /home/ziyuanwang/hbm/Vitis_Accel_Examples/performance/hbm_bandwidth/_x.hw.xilinx_u280_xdma_201920_3/reports/link --config /home/ziyuanwang/hbm/Vitis_Accel_Examples/performance/hbm_bandwidth/_x.hw.xilinx_u280_xdma_201920_3/link/int/vplConfig.ini -k /home/ziyuanwang/hbm/Vitis_Accel_Examples/performance/hbm_bandwidth/_x.hw.xilinx_u280_xdma_201920_3/link/int/kernel_info.dat --webtalk_flag Vitis --temp_dir /home/ziyuanwang/hbm/Vitis_Accel_Examples/performance/hbm_bandwidth/_x.hw.xilinx_u280_xdma_201920_3/link --no-info --iprepo /home/ziyuanwang/hbm/Vitis_Accel_Examples/performance/hbm_bandwidth/_x.hw.xilinx_u280_xdma_201920_3/link/int/xo/ip_repo/xilinx_com_hls_krnl_vaddmul_1_0 --messageDb /home/ziyuanwang/hbm/Vitis_Accel_Examples/performance/hbm_bandwidth/_x.hw.xilinx_u280_xdma_201920_3/link/run_link/vpl.pb /home/ziyuanwang/hbm/Vitis_Accel_Examples/performance/hbm_bandwidth/_x.hw.xilinx_u280_xdma_201920_3/link/int/dr.bd.tcl
INFO: [v++ 60-1454] Run Directory: /home/ziyuanwang/hbm/Vitis_Accel_Examples/performance/hbm_bandwidth/_x.hw.xilinx_u280_xdma_201920_3/link/run_link

****** vpl v2021.2 (64-bit)
  **** SW Build 3363252 on 2021-10-14-04:41:01
    ** Copyright 1986-2020 Xilinx, Inc. All Rights Reserved.

INFO: [VPL 60-839] Read in kernel information from file '/home/ziyuanwang/hbm/Vitis_Accel_Examples/performance/hbm_bandwidth/_x.hw.xilinx_u280_xdma_201920_3/link/int/kernel_info.dat'.
INFO: [VPL 74-78] Compiler Version string: 2021.2
INFO: [VPL 60-423]   Target device: xilinx_u280_xdma_201920_3
INFO: [VPL 60-1032] Extracting hardware platform to /home/ziyuanwang/hbm/Vitis_Accel_Examples/performance/hbm_bandwidth/_x.hw.xilinx_u280_xdma_201920_3/link/vivado/vpl/.local/hw_platform
[00:31:25] Run vpl: Step create_project: Started
Creating Vivado project.
[00:31:41] Run vpl: Step create_project: Completed
[00:31:41] Run vpl: Step create_bd: Started
[00:32:59] Run vpl: Step create_bd: RUNNING...
[00:34:16] Run vpl: Step create_bd: RUNNING...
[00:35:32] Run vpl: Step create_bd: RUNNING...
[00:36:49] Run vpl: Step create_bd: RUNNING...
[00:38:06] Run vpl: Step create_bd: RUNNING...
[00:39:23] Run vpl: Step create_bd: RUNNING...
[00:40:39] Run vpl: Step create_bd: RUNNING...
[00:41:55] Run vpl: Step create_bd: RUNNING...
[00:43:11] Run vpl: Step create_bd: RUNNING...
[00:44:09] Run vpl: Step create_bd: Completed
[00:44:09] Run vpl: Step update_bd: Started
[00:44:13] Run vpl: Step update_bd: Completed
[00:44:13] Run vpl: Step generate_target: Started
[00:45:31] Run vpl: Step generate_target: RUNNING...
[00:46:48] Run vpl: Step generate_target: RUNNING...
[00:48:04] Run vpl: Step generate_target: RUNNING...
[00:49:22] Run vpl: Step generate_target: RUNNING...
[00:50:39] Run vpl: Step generate_target: RUNNING...
[00:51:57] Run vpl: Step generate_target: RUNNING...
[00:53:13] Run vpl: Step generate_target: RUNNING...
[00:54:32] Run vpl: Step generate_target: RUNNING...
[00:55:15] Run vpl: Step generate_target: Completed
[00:55:15] Run vpl: Step config_hw_runs: Started
[00:56:33] Run vpl: Step config_hw_runs: RUNNING...
[00:57:51] Run vpl: Step config_hw_runs: RUNNING...
[00:59:09] Run vpl: Step config_hw_runs: RUNNING...
[00:59:28] Run vpl: Step config_hw_runs: Completed
[00:59:28] Run vpl: Step synth: Started
[01:02:36] Block-level synthesis in progress, 0 of 137 jobs complete, 8 jobs running.
[01:03:09] Block-level synthesis in progress, 0 of 137 jobs complete, 8 jobs running.
[01:03:41] Block-level synthesis in progress, 0 of 137 jobs complete, 8 jobs running.
[01:04:13] Block-level synthesis in progress, 6 of 137 jobs complete, 5 jobs running.
[01:04:44] Block-level synthesis in progress, 7 of 137 jobs complete, 8 jobs running.
[01:05:17] Block-level synthesis in progress, 9 of 137 jobs complete, 8 jobs running.
[01:05:49] Block-level synthesis in progress, 12 of 137 jobs complete, 6 jobs running.
[01:06:23] Block-level synthesis in progress, 15 of 137 jobs complete, 8 jobs running.
[01:06:54] Block-level synthesis in progress, 18 of 137 jobs complete, 7 jobs running.
[01:07:26] Block-level synthesis in progress, 21 of 137 jobs complete, 6 jobs running.
[01:07:58] Block-level synthesis in progress, 25 of 137 jobs complete, 6 jobs running.
[01:08:30] Block-level synthesis in progress, 25 of 137 jobs complete, 8 jobs running.
[01:09:02] Block-level synthesis in progress, 27 of 137 jobs complete, 6 jobs running.
[01:09:33] Block-level synthesis in progress, 29 of 137 jobs complete, 6 jobs running.
[01:10:06] Block-level synthesis in progress, 33 of 137 jobs complete, 4 jobs running.
[01:10:38] Block-level synthesis in progress, 36 of 137 jobs complete, 7 jobs running.
[01:11:10] Block-level synthesis in progress, 38 of 137 jobs complete, 7 jobs running.
[01:11:41] Block-level synthesis in progress, 42 of 137 jobs complete, 6 jobs running.
[01:12:14] Block-level synthesis in progress, 44 of 137 jobs complete, 7 jobs running.
[01:12:47] Block-level synthesis in progress, 45 of 137 jobs complete, 8 jobs running.
[01:13:18] Block-level synthesis in progress, 48 of 137 jobs complete, 7 jobs running.
[01:13:51] Block-level synthesis in progress, 51 of 137 jobs complete, 6 jobs running.
[01:14:23] Block-level synthesis in progress, 57 of 137 jobs complete, 4 jobs running.
[01:14:56] Block-level synthesis in progress, 62 of 137 jobs complete, 5 jobs running.
[01:15:28] Block-level synthesis in progress, 64 of 137 jobs complete, 7 jobs running.
[01:16:01] Block-level synthesis in progress, 67 of 137 jobs complete, 6 jobs running.
[01:16:32] Block-level synthesis in progress, 68 of 137 jobs complete, 7 jobs running.
[01:17:06] Block-level synthesis in progress, 72 of 137 jobs complete, 6 jobs running.
[01:17:38] Block-level synthesis in progress, 77 of 137 jobs complete, 5 jobs running.
[01:18:12] Block-level synthesis in progress, 79 of 137 jobs complete, 6 jobs running.
[01:18:45] Block-level synthesis in progress, 82 of 137 jobs complete, 7 jobs running.
[01:19:18] Block-level synthesis in progress, 82 of 137 jobs complete, 8 jobs running.
[01:19:51] Block-level synthesis in progress, 85 of 137 jobs complete, 6 jobs running.
[01:20:21] Block-level synthesis in progress, 88 of 137 jobs complete, 6 jobs running.
[01:20:55] Block-level synthesis in progress, 89 of 137 jobs complete, 8 jobs running.
[01:21:27] Block-level synthesis in progress, 93 of 137 jobs complete, 6 jobs running.
[01:21:59] Block-level synthesis in progress, 99 of 137 jobs complete, 4 jobs running.
[01:22:31] Block-level synthesis in progress, 101 of 137 jobs complete, 6 jobs running.
[01:23:04] Block-level synthesis in progress, 103 of 137 jobs complete, 6 jobs running.
[01:23:36] Block-level synthesis in progress, 108 of 137 jobs complete, 5 jobs running.
[01:24:09] Block-level synthesis in progress, 109 of 137 jobs complete, 7 jobs running.
[01:24:41] Block-level synthesis in progress, 111 of 137 jobs complete, 6 jobs running.
[01:25:13] Block-level synthesis in progress, 118 of 137 jobs complete, 2 jobs running.
[01:25:45] Block-level synthesis in progress, 126 of 137 jobs complete, 4 jobs running.
[01:26:17] Block-level synthesis in progress, 129 of 137 jobs complete, 1 job running.
[01:26:48] Block-level synthesis in progress, 129 of 137 jobs complete, 1 job running.
[01:27:20] Block-level synthesis in progress, 129 of 137 jobs complete, 1 job running.
[01:27:52] Block-level synthesis in progress, 130 of 137 jobs complete, 0 jobs running.
[01:28:24] Block-level synthesis in progress, 137 of 137 jobs complete, 0 jobs running.
[01:28:56] Top-level synthesis in progress.
[01:29:27] Top-level synthesis in progress.
[01:29:59] Top-level synthesis in progress.
[01:30:31] Top-level synthesis in progress.
[01:31:19] Run vpl: Step synth: Completed
[01:31:19] Run vpl: Step impl: Started
[01:45:03] Finished 2nd of 6 tasks (FPGA linking synthesized kernels to platform). Elapsed time: 01h 23m 10s 

[01:45:03] Starting logic optimization..
[01:47:10] Phase 1 Retarget
[01:47:42] Phase 2 Constant propagation
[01:47:42] Phase 3 Sweep
[01:50:21] Phase 4 BUFG optimization
[01:50:53] Phase 5 Shift Register Optimization
[01:50:53] Phase 6 Post Processing Netlist
[01:54:03] Finished 3rd of 6 tasks (FPGA logic optimization). Elapsed time: 00h 09m 00s 

[01:54:03] Starting logic placement..
[01:54:35] Phase 1 Placer Initialization
[01:54:35] Phase 1.1 Placer Initialization Netlist Sorting
[01:59:20] Phase 1.2 IO Placement/ Clock Placement/ Build Placer Device
[02:00:24] Phase 1.3 Build Placer Netlist Model
[02:03:02] Phase 1.4 Constrain Clocks/Macros
[02:03:34] Phase 2 Global Placement
[02:03:34] Phase 2.1 Floorplanning
[02:04:37] Phase 2.1.1 Partition Driven Placement
[02:04:37] Phase 2.1.1.1 PBP: Partition Driven Placement
[02:06:13] Phase 2.1.1.2 PBP: Clock Region Placement
[02:07:16] Phase 2.1.1.3 PBP: Compute Congestion
[02:07:16] Phase 2.1.1.4 PBP: UpdateTiming
[02:07:49] Phase 2.1.1.5 PBP: Add part constraints
[02:08:20] Phase 2.2 Physical Synthesis After Floorplan
[02:08:52] Phase 2.3 Update Timing before SLR Path Opt
[02:08:52] Phase 2.4 Post-Processing in Floorplanning
[02:09:24] Phase 2.5 Global Placement Core
[02:20:01] Phase 2.5.1 Physical Synthesis In Placer
[02:25:19] Phase 3 Detail Placement
[02:25:19] Phase 3.1 Commit Multi Column Macros
[02:25:19] Phase 3.2 Commit Most Macros & LUTRAMs
[02:27:26] Phase 3.3 Small Shape DP
[02:27:26] Phase 3.3.1 Small Shape Clustering
[02:27:58] Phase 3.3.2 Flow Legalize Slice Clusters
[02:27:58] Phase 3.3.3 Slice Area Swap
[02:30:36] Phase 3.4 Place Remaining
[02:30:36] Phase 3.5 Re-assign LUT pins
[02:31:08] Phase 3.6 Pipeline Register Optimization
[02:31:40] Phase 3.7 Fast Optimization
[02:32:43] Phase 4 Post Placement Optimization and Clean-Up
[02:32:43] Phase 4.1 Post Commit Optimization
[02:34:50] Phase 4.1.1 Post Placement Optimization
[02:35:22] Phase 4.1.1.1 BUFG Insertion
[02:35:22] Phase 1 Physical Synthesis Initialization
[02:35:54] Phase 4.1.1.2 BUFG Replication
[02:35:54] Phase 4.1.1.3 Post Placement Timing Optimization
[02:46:29] Phase 4.1.1.4 Replication
[02:48:05] Phase 4.2 Post Placement Cleanup
[02:48:05] Phase 4.3 Placer Reporting
[02:48:05] Phase 4.3.1 Print Estimated Congestion
[02:48:36] Phase 4.4 Final Placement Cleanup
[02:52:50] Finished 4th of 6 tasks (FPGA logic placement). Elapsed time: 00h 58m 46s 

[02:52:50] Starting logic routing..
[02:54:26] Phase 1 Build RT Design
[02:56:33] Phase 2 Router Initialization
[02:57:05] Phase 2.1 Fix Topology Constraints
[02:57:05] Phase 2.2 Pre Route Cleanup
[02:57:37] Phase 2.3 Global Clock Net Routing
[02:58:09] Phase 2.4 Update Timing
[03:01:19] Phase 2.5 Update Timing for Bus Skew
[03:01:19] Phase 2.5.1 Update Timing
[03:02:54] Phase 3 Initial Routing
[03:02:54] Phase 3.1 Global Routing
[03:04:29] Phase 4 Rip-up And Reroute
[03:04:29] Phase 4.1 Global Iteration 0
[03:31:29] Phase 4.2 Global Iteration 1
[03:37:19] Phase 4.3 Global Iteration 2
[03:39:57] Phase 5 Delay and Skew Optimization
[03:39:57] Phase 5.1 Delay CleanUp
[03:39:57] Phase 5.1.1 Update Timing
[03:41:32] Phase 5.2 Clock Skew Optimization
[03:42:04] Phase 6 Post Hold Fix
[03:42:04] Phase 6.1 Hold Fix Iter
[03:42:04] Phase 6.1.1 Update Timing
[03:43:40] Phase 6.1.2 Lut RouteThru Assignment for hold
[03:44:12] Phase 6.2 Additional Hold Fix
[03:46:50] Phase 7 Leaf Clock Prog Delay Opt
[03:47:54] Phase 8 Route finalize
[03:47:54] Phase 9 Verifying routed nets
[03:48:26] Phase 10 Depositing Routes
[03:49:29] Phase 11 Resolve XTalk
[03:49:29] Phase 12 Post Router Timing
[03:50:01] Finished 5th of 6 tasks (FPGA routing). Elapsed time: 00h 57m 11s 

[03:50:01] Starting bitstream generation..
[04:04:22] Creating bitmap...
[04:09:08] Writing bitstream ./pfm_top_i_dynamic_region_my_rm_partial.bit...
[04:09:08] Finished 6th of 6 tasks (FPGA bitstream generation). Elapsed time: 00h 19m 06s 
[04:09:50] Run vpl: Step impl: Completed
[04:09:52] Run vpl: FINISHED. Run Status: impl Complete!
INFO: [v++ 60-1441] [04:10:15] Run run_link: Step vpl: Completed
Time (s): cpu = 00:03:32 ; elapsed = 03:48:25 . Memory (MB): peak = 2042.426 ; gain = 0.000 ; free physical = 37210 ; free virtual = 155314
INFO: [v++ 60-1443] [04:10:15] Run run_link: Step rtdgen: Started
INFO: [v++ 60-1453] Command Line: rtdgen
INFO: [v++ 60-1454] Run Directory: /home/ziyuanwang/hbm/Vitis_Accel_Examples/performance/hbm_bandwidth/_x.hw.xilinx_u280_xdma_201920_3/link/run_link
INFO: [v++ 60-991] clock name 'clkwiz_kernel_clk_out1' (clock ID '0') is being mapped to clock name 'DATA_CLK' in the xclbin
INFO: [v++ 60-991] clock name 'clkwiz_kernel2_clk_out1' (clock ID '1') is being mapped to clock name 'KERNEL_CLK' in the xclbin
INFO: [v++ 60-991] clock name 'clk_out1_pfm_top_clkwiz_hbm_aclk_0' (clock ID '') is being mapped to clock name 'clk_out1_pfm_top_clkwiz_hbm_aclk_0' in the xclbin
INFO: [v++ 60-1230] The compiler selected the following frequencies for the runtime controllable kernel clock(s) and scalable system clock(s): System (SYSTEM) clock: clk_out1_pfm_top_clkwiz_hbm_aclk_0 = 450, Kernel (DATA) clock: clkwiz_kernel_clk_out1 = 300, Kernel (KERNEL) clock: clkwiz_kernel2_clk_out1 = 500
INFO: [v++ 60-1453] Command Line: cf2sw -a /home/ziyuanwang/hbm/Vitis_Accel_Examples/performance/hbm_bandwidth/_x.hw.xilinx_u280_xdma_201920_3/link/int/address_map.xml -sdsl /home/ziyuanwang/hbm/Vitis_Accel_Examples/performance/hbm_bandwidth/_x.hw.xilinx_u280_xdma_201920_3/link/int/sdsl.dat -xclbin /home/ziyuanwang/hbm/Vitis_Accel_Examples/performance/hbm_bandwidth/_x.hw.xilinx_u280_xdma_201920_3/link/int/xclbin_orig.xml -rtd /home/ziyuanwang/hbm/Vitis_Accel_Examples/performance/hbm_bandwidth/_x.hw.xilinx_u280_xdma_201920_3/link/int/krnl_vaddmul.link.rtd -o /home/ziyuanwang/hbm/Vitis_Accel_Examples/performance/hbm_bandwidth/_x.hw.xilinx_u280_xdma_201920_3/link/int/krnl_vaddmul.link.xml
INFO: [v++ 60-1652] Cf2sw returned exit code: 0
INFO: [v++ 60-1441] [04:10:23] Run run_link: Step rtdgen: Completed
Time (s): cpu = 00:00:07 ; elapsed = 00:00:08 . Memory (MB): peak = 2042.426 ; gain = 0.000 ; free physical = 37217 ; free virtual = 155321
INFO: [v++ 60-1443] [04:10:23] Run run_link: Step xclbinutil: Started
INFO: [v++ 60-1453] Command Line: xclbinutil --add-section DEBUG_IP_LAYOUT:JSON:/home/ziyuanwang/hbm/Vitis_Accel_Examples/performance/hbm_bandwidth/_x.hw.xilinx_u280_xdma_201920_3/link/int/debug_ip_layout.rtd --add-section BITSTREAM:RAW:/home/ziyuanwang/hbm/Vitis_Accel_Examples/performance/hbm_bandwidth/_x.hw.xilinx_u280_xdma_201920_3/link/int/partial.bit --force --target hw --key-value SYS:dfx_enable:true --add-section :JSON:/home/ziyuanwang/hbm/Vitis_Accel_Examples/performance/hbm_bandwidth/_x.hw.xilinx_u280_xdma_201920_3/link/int/krnl_vaddmul.link.rtd --append-section :JSON:/home/ziyuanwang/hbm/Vitis_Accel_Examples/performance/hbm_bandwidth/_x.hw.xilinx_u280_xdma_201920_3/link/int/appendSection.rtd --add-section CLOCK_FREQ_TOPOLOGY:JSON:/home/ziyuanwang/hbm/Vitis_Accel_Examples/performance/hbm_bandwidth/_x.hw.xilinx_u280_xdma_201920_3/link/int/krnl_vaddmul.link_xml.rtd --add-section BUILD_METADATA:JSON:/home/ziyuanwang/hbm/Vitis_Accel_Examples/performance/hbm_bandwidth/_x.hw.xilinx_u280_xdma_201920_3/link/int/krnl_vaddmul.link_build.rtd --add-section EMBEDDED_METADATA:RAW:/home/ziyuanwang/hbm/Vitis_Accel_Examples/performance/hbm_bandwidth/_x.hw.xilinx_u280_xdma_201920_3/link/int/krnl_vaddmul.link.xml --add-section SYSTEM_METADATA:RAW:/home/ziyuanwang/hbm/Vitis_Accel_Examples/performance/hbm_bandwidth/_x.hw.xilinx_u280_xdma_201920_3/link/int/systemDiagramModelSlrBaseAddress.json --output /home/ziyuanwang/hbm/Vitis_Accel_Examples/performance/hbm_bandwidth/./build_dir.hw.xilinx_u280_xdma_201920_3/krnl_vaddmul.link.xclbin
INFO: [v++ 60-1454] Run Directory: /home/ziyuanwang/hbm/Vitis_Accel_Examples/performance/hbm_bandwidth/_x.hw.xilinx_u280_xdma_201920_3/link/run_link
XRT Build Version: 2.14.354 (2022.2)
       Build Date: 2022-10-08 09:49:58
          Hash ID: 43926231f7183688add2dccfd391b36a1f000bea
Creating a default 'in-memory' xclbin image.

Section: 'DEBUG_IP_LAYOUT'(9) was successfully added.
Size   : 296 bytes
Format : JSON
File   : '/home/ziyuanwang/hbm/Vitis_Accel_Examples/performance/hbm_bandwidth/_x.hw.xilinx_u280_xdma_201920_3/link/int/debug_ip_layout.rtd'

Section: 'BITSTREAM'(0) was successfully added.
Size   : 51399447 bytes
Format : RAW
File   : '/home/ziyuanwang/hbm/Vitis_Accel_Examples/performance/hbm_bandwidth/_x.hw.xilinx_u280_xdma_201920_3/link/int/partial.bit'

Section: 'MEM_TOPOLOGY'(6) was successfully added.
Format : JSON
File   : 'mem_topology'

Section: 'IP_LAYOUT'(8) was successfully added.
Format : JSON
File   : 'ip_layout'

Section: 'CONNECTIVITY'(7) was successfully added.
Format : JSON
File   : 'connectivity'

Section: 'CLOCK_FREQ_TOPOLOGY'(11) was successfully added.
Size   : 410 bytes
Format : JSON
File   : '/home/ziyuanwang/hbm/Vitis_Accel_Examples/performance/hbm_bandwidth/_x.hw.xilinx_u280_xdma_201920_3/link/int/krnl_vaddmul.link_xml.rtd'

Section: 'BUILD_METADATA'(14) was successfully added.
Size   : 5276 bytes
Format : JSON
File   : '/home/ziyuanwang/hbm/Vitis_Accel_Examples/performance/hbm_bandwidth/_x.hw.xilinx_u280_xdma_201920_3/link/int/krnl_vaddmul.link_build.rtd'

Section: 'EMBEDDED_METADATA'(2) was successfully added.
Size   : 11786 bytes
Format : RAW
File   : '/home/ziyuanwang/hbm/Vitis_Accel_Examples/performance/hbm_bandwidth/_x.hw.xilinx_u280_xdma_201920_3/link/int/krnl_vaddmul.link.xml'

Section: 'SYSTEM_METADATA'(22) was successfully added.
Size   : 32974 bytes
Format : RAW
File   : '/home/ziyuanwang/hbm/Vitis_Accel_Examples/performance/hbm_bandwidth/_x.hw.xilinx_u280_xdma_201920_3/link/int/systemDiagramModelSlrBaseAddress.json'

Section: 'IP_LAYOUT'(8) was successfully appended to.
Format : JSON
File   : 'ip_layout'
Successfully wrote (51486203 bytes) to the output file: /home/ziyuanwang/hbm/Vitis_Accel_Examples/performance/hbm_bandwidth/./build_dir.hw.xilinx_u280_xdma_201920_3/krnl_vaddmul.link.xclbin
Leaving xclbinutil.
INFO: [v++ 60-1441] [04:10:24] Run run_link: Step xclbinutil: Completed
Time (s): cpu = 00:00:00.22 ; elapsed = 00:00:01 . Memory (MB): peak = 2042.426 ; gain = 0.000 ; free physical = 37171 ; free virtual = 155324
INFO: [v++ 60-1443] [04:10:25] Run run_link: Step xclbinutilinfo: Started
INFO: [v++ 60-1453] Command Line: xclbinutil --quiet --force --info /home/ziyuanwang/hbm/Vitis_Accel_Examples/performance/hbm_bandwidth/./build_dir.hw.xilinx_u280_xdma_201920_3/krnl_vaddmul.link.xclbin.info --input /home/ziyuanwang/hbm/Vitis_Accel_Examples/performance/hbm_bandwidth/./build_dir.hw.xilinx_u280_xdma_201920_3/krnl_vaddmul.link.xclbin
INFO: [v++ 60-1454] Run Directory: /home/ziyuanwang/hbm/Vitis_Accel_Examples/performance/hbm_bandwidth/_x.hw.xilinx_u280_xdma_201920_3/link/run_link
INFO: [v++ 60-1441] [04:10:26] Run run_link: Step xclbinutilinfo: Completed
Time (s): cpu = 00:00:00.59 ; elapsed = 00:00:01 . Memory (MB): peak = 2042.426 ; gain = 0.000 ; free physical = 37170 ; free virtual = 155323
INFO: [v++ 60-1443] [04:10:26] Run run_link: Step generate_sc_driver: Started
INFO: [v++ 60-1453] Command Line: 
INFO: [v++ 60-1454] Run Directory: /home/ziyuanwang/hbm/Vitis_Accel_Examples/performance/hbm_bandwidth/_x.hw.xilinx_u280_xdma_201920_3/link/run_link
INFO: [v++ 60-1441] [04:10:26] Run run_link: Step generate_sc_driver: Completed
Time (s): cpu = 00:00:00 ; elapsed = 00:00:00.20 . Memory (MB): peak = 2042.426 ; gain = 0.000 ; free physical = 37170 ; free virtual = 155323
INFO: [v++ 60-244] Generating system estimate report...
INFO: [v++ 60-1092] Generated system estimate report: /home/ziyuanwang/hbm/Vitis_Accel_Examples/performance/hbm_bandwidth/_x.hw.xilinx_u280_xdma_201920_3/reports/link/system_estimate_krnl_vaddmul.link.xtxt
INFO: [v++ 60-586] Created /home/ziyuanwang/hbm/Vitis_Accel_Examples/performance/hbm_bandwidth/build_dir.hw.xilinx_u280_xdma_201920_3/krnl_vaddmul.link.ltx
INFO: [v++ 60-586] Created ./build_dir.hw.xilinx_u280_xdma_201920_3/krnl_vaddmul.link.xclbin
INFO: [v++ 60-1307] Run completed. Additional information can be found in:
	Guidance: /home/ziyuanwang/hbm/Vitis_Accel_Examples/performance/hbm_bandwidth/_x.hw.xilinx_u280_xdma_201920_3/reports/link/v++_link_krnl_vaddmul.link_guidance.html
	Timing Report: /home/ziyuanwang/hbm/Vitis_Accel_Examples/performance/hbm_bandwidth/_x.hw.xilinx_u280_xdma_201920_3/reports/link/imp/impl_1_xilinx_u280_xdma_201920_3_bb_locked_timing_summary_routed.rpt
	Vivado Log: /home/ziyuanwang/hbm/Vitis_Accel_Examples/performance/hbm_bandwidth/_x.hw.xilinx_u280_xdma_201920_3/logs/link/vivado.log
	Steps Log File: /home/ziyuanwang/hbm/Vitis_Accel_Examples/performance/hbm_bandwidth/_x.hw.xilinx_u280_xdma_201920_3/logs/link/link.steps.log

INFO: [v++ 60-2343] Use the vitis_analyzer tool to visualize and navigate the relevant reports. Run the following command. 
    vitis_analyzer /home/ziyuanwang/hbm/Vitis_Accel_Examples/performance/hbm_bandwidth/build_dir.hw.xilinx_u280_xdma_201920_3/krnl_vaddmul.link.xclbin.link_summary 
INFO: [v++ 60-791] Total elapsed time: 3h 50m 6s
