Copyright 1986-2021 Xilinx, Inc. All Rights Reserved.
------------------------------------------------------------------------------------------
| Tool Version : Vivado v.2021.2 (lin64) Build 3367213 Tue Oct 19 02:47:39 MDT 2021
| Date         : Tue Dec 17 10:31:57 2024
| Host         : hacc-gpu0 running 64-bit Ubuntu 20.04.6 LTS
| Command      : report_utilization -slr -file slr_util_routed.rpt -pb slr_util_routed.pb
| Design       : pfm_top_wrapper
| Device       : xcu280-fsvh2892-2L-e
| Speed File   : -2L
| Design State : Routed
------------------------------------------------------------------------------------------

Utilization Design Information

Table of Contents
-----------------
1. SLR Connectivity
2. SLR Connectivity Matrix
3. SLR CLB Logic and Dedicated Block Utilization
4. SLR IO Utilization

1. SLR Connectivity
-------------------

+----------------------------------+-------+-------+-----------+-------+
|                                  |  Used | Fixed | Available | Util% |
+----------------------------------+-------+-------+-----------+-------+
| SLR2 <-> SLR1                    |  6597 |       |     23040 | 28.63 |
|   SLR1 -> SLR2                   |  3357 |       |           | 14.57 |
|     Using TX_REG only            |   267 |     1 |           |       |
|     Using RX_REG only            |   284 |    18 |           |       |
|     Using Both TX_REG and RX_REG |   267 |     1 |           |       |
|   SLR2 -> SLR1                   |  3240 |       |           | 14.06 |
|     Using TX_REG only            |   408 |     0 |           |       |
|     Using RX_REG only            |   413 |     4 |           |       |
|     Using Both TX_REG and RX_REG |   408 |     0 |           |       |
| SLR1 <-> SLR0                    |  4033 |       |     23040 | 17.50 |
|   SLR0 -> SLR1                   |  1762 |       |           |  7.65 |
|     Using TX_REG only            |   373 |    71 |           |       |
|     Using RX_REG only            |   363 |    61 |           |       |
|     Using Both TX_REG and RX_REG |   357 |    55 |           |       |
|   SLR1 -> SLR0                   |  2271 |       |           |  9.86 |
|     Using TX_REG only            |   442 |    62 |           |       |
|     Using RX_REG only            |   452 |    71 |           |       |
|     Using Both TX_REG and RX_REG |   440 |    60 |           |       |
+----------------------------------+-------+-------+-----------+-------+
| Total SLLs Used                  | 10630 |       |           |       |
+----------------------------------+-------+-------+-----------+-------+


2. SLR Connectivity Matrix
--------------------------

+-----------+------+------+------+
| FROM \ TO | SLR2 | SLR1 | SLR0 |
+-----------+------+------+------+
| SLR2      |    0 | 3028 |  212 |
| SLR1      | 3213 |    0 | 2059 |
| SLR0      |  144 | 1618 |    0 |
+-----------+------+------+------+


3. SLR CLB Logic and Dedicated Block Utilization
------------------------------------------------

+----------------------------+--------+-------+-------+--------+--------+--------+
|          Site Type         |  SLR0  |  SLR1 |  SLR2 | SLR0 % | SLR1 % | SLR2 % |
+----------------------------+--------+-------+-------+--------+--------+--------+
| CLB                        |  30850 | 10500 |  8920 |  56.13 |  19.44 |  16.52 |
|   CLBL                     |  16172 |  5166 |  4674 |  55.23 |  17.64 |  15.96 |
|   CLBM                     |  14678 |  5334 |  4246 |  57.16 |  21.58 |  17.18 |
| CLB LUTs                   | 139891 | 59442 | 40553 |  31.82 |  13.76 |   9.39 |
|   LUT as Logic             | 106454 | 51558 | 35896 |  24.21 |  11.93 |   8.31 |
|     using O5 output only   |   2000 |   574 |  1112 |   0.45 |   0.13 |   0.26 |
|     using O6 output only   |  72195 | 37435 | 21181 |  16.42 |   8.67 |   4.90 |
|     using O5 and O6        |  32259 | 13549 | 13603 |   7.34 |   3.14 |   3.15 |
|   LUT as Memory            |  33437 |  7884 |  4657 |  16.28 |   3.99 |   2.35 |
|     LUT as Distributed RAM |   7464 |  6551 |  1968 |   3.63 |   3.31 |   1.00 |
|       using O5 output only |      0 |     0 |     0 |   0.00 |   0.00 |   0.00 |
|       using O6 output only |    608 |   221 |    88 |   0.30 |   0.11 |   0.04 |
|       using O5 and O6      |   6856 |  6330 |  1880 |   3.34 |   3.20 |   0.95 |
|     LUT as Shift Register  |  25973 |  1333 |  2689 |  12.64 |   0.67 |   1.36 |
|       using O5 output only |      0 |     0 |     0 |   0.00 |   0.00 |   0.00 |
|       using O6 output only |  22003 |  1333 |  2559 |  10.71 |   0.67 |   1.29 |
|       using O5 and O6      |   3970 |     0 |   130 |   1.93 |   0.00 |   0.07 |
| CLB Registers              | 192581 | 73612 | 70549 |  21.90 |   8.52 |   8.17 |
| CARRY8                     |   2871 |   505 |   313 |   5.22 |   0.94 |   0.58 |
| F7 Muxes                   |  14234 |   652 |  1055 |   6.47 |   0.30 |   0.49 |
| F8 Muxes                   |    110 |   141 |    47 |   0.10 |   0.13 |   0.04 |
| F9 Muxes                   |      0 |     0 |     0 |   0.00 |   0.00 |   0.00 |
| Block RAM Tile             |  400.5 |  93.5 |    94 |  59.60 |  13.91 |  13.99 |
|   RAMB36/FIFO              |    385 |    93 |    92 |  57.29 |  13.84 |  13.69 |
|     RAMB36E2 only          |    385 |    93 |    92 |  57.29 |  13.84 |  13.69 |
|   RAMB18                   |     31 |     1 |     4 |   2.31 |   0.07 |   0.30 |
|     RAMB18E2 only          |     31 |     1 |     4 |   2.31 |   0.07 |   0.30 |
| URAM                       |    288 |     0 |     0 |  90.00 |   0.00 |   0.00 |
| DSPs                       |    138 |     0 |     4 |   4.79 |   0.00 |   0.13 |
| Unique Control Sets        |   5508 |  1992 |  2947 |   5.01 |   1.84 |   2.73 |
+----------------------------+--------+-------+-------+--------+--------+--------+
* Note: Available Control Sets based on CLB Registers / 8


4. SLR IO Utilization
---------------------

+-----------+-----------+---------+------------+----------+------------+----------+-----+
| SLR Index | Used IOBs | (%)IOBs | Used IPADs | (%)IPADs | Used OPADs | (%)OPADs | GTs |
+-----------+-----------+---------+------------+----------+------------+----------+-----+
| SLR2      |        18 |    8.65 |          0 |     0.00 |          0 |     0.00 |   0 |
| SLR1      |         0 |    0.00 |          0 |     0.00 |          0 |     0.00 |   0 |
| SLR0      |       140 |   67.31 |          0 |     0.00 |          0 |     0.00 |  16 |
+-----------+-----------+---------+------------+----------+------------+----------+-----+
| Total     |       158 |         |          0 |          |          0 |          |  16 |
+-----------+-----------+---------+------------+----------+------------+----------+-----+


