Copyright 1986-2021 Xilinx, Inc. All Rights Reserved.
---------------------------------------------------------------------------------------
| Tool Version : Vivado v.2021.2 (lin64) Build 3367213 Tue Oct 19 02:47:39 MDT 2021
| Date         : Sat Dec 21 19:38:22 2024
| Host         : hacc-gpu0 running 64-bit Ubuntu 20.04.6 LTS
| Command      : report_utilization -file full_util_placed.rpt -pb full_util_placed.pb
| Design       : pfm_top_wrapper
| Device       : xcu280-fsvh2892-2L-e
| Speed File   : -2L
| Design State : Fully Placed
---------------------------------------------------------------------------------------

Utilization Design Information

Table of Contents
-----------------
1. CLB Logic
1.1 Summary of Registers by Type
2. CLB Logic Distribution
3. BLOCKRAM
4. ARITHMETIC
5. I/O
6. CLOCK
7. ADVANCED
8. CONFIGURATION
9. Primitives
10. Black Boxes
11. Instantiated Netlists
12. SLR Connectivity
13. SLR Connectivity Matrix
14. SLR CLB Logic and Dedicated Block Utilization
15. SLR IO Utilization

1. CLB Logic
------------

+----------------------------+--------+--------+------------+-----------+-------+
|          Site Type         |  Used  |  Fixed | Prohibited | Available | Util% |
+----------------------------+--------+--------+------------+-----------+-------+
| CLB LUTs                   | 692189 |  93280 |        960 |   1302720 | 53.13 |
|   LUT as Logic             | 504952 |  86419 |        960 |   1302720 | 38.76 |
|   LUT as Memory            | 187237 |   6861 |        480 |    600480 | 31.18 |
|     LUT as Distributed RAM |  18529 |   5173 |            |           |       |
|     LUT as Shift Register  | 168708 |   1688 |            |           |       |
| CLB Registers              | 818005 | 128746 |          0 |   2607360 | 31.37 |
|   Register as Flip Flop    | 818003 | 128744 |          0 |   2607360 | 31.37 |
|   Register as Latch        |      0 |      0 |          0 |   2607360 |  0.00 |
|   Register as AND/OR       |      2 |      2 |          0 |   2607360 | <0.01 |
| CARRY8                     |  12650 |   1069 |        120 |    162840 |  7.77 |
| F7 Muxes                   |  82845 |   1495 |        480 |    651360 | 12.72 |
| F8 Muxes                   |    204 |    204 |        240 |    325680 |  0.06 |
| F9 Muxes                   |      0 |      0 |        120 |    162840 |  0.00 |
+----------------------------+--------+--------+------------+-----------+-------+


1.1 Summary of Registers by Type
--------------------------------

+--------+--------------+-------------+--------------+
|  Total | Clock Enable | Synchronous | Asynchronous |
+--------+--------------+-------------+--------------+
| 2      |            _ |           - |            - |
| 0      |            _ |           - |          Set |
| 0      |            _ |           - |        Reset |
| 0      |            _ |         Set |            - |
| 0      |            _ |       Reset |            - |
| 0      |          Yes |           - |            - |
| 1026   |          Yes |           - |          Set |
| 5193   |          Yes |           - |        Reset |
| 15586  |          Yes |         Set |            - |
| 796198 |          Yes |       Reset |            - |
+--------+--------------+-------------+--------------+


2. CLB Logic Distribution
-------------------------

+--------------------------------------------+--------+-------+------------+-----------+-------+
|                  Site Type                 |  Used  | Fixed | Prohibited | Available | Util% |
+--------------------------------------------+--------+-------+------------+-----------+-------+
| CLB                                        | 139593 |     0 |        120 |    162840 | 85.72 |
|   CLBL                                     |  73877 |     0 |            |           |       |
|   CLBM                                     |  65716 |     0 |            |           |       |
| LUT as Logic                               | 504952 | 86419 |        960 |   1302720 | 38.76 |
|   using O5 output only                     |   5035 |       |            |           |       |
|   using O6 output only                     | 353664 |       |            |           |       |
|   using O5 and O6                          | 146253 |       |            |           |       |
| LUT as Memory                              | 187237 |  6861 |        480 |    600480 | 31.18 |
|   LUT as Distributed RAM                   |  18529 |  5173 |            |           |       |
|     using O5 output only                   |      0 |       |            |           |       |
|     using O6 output only                   |    443 |       |            |           |       |
|     using O5 and O6                        |  18086 |       |            |           |       |
|   LUT as Shift Register                    | 168708 |  1688 |            |           |       |
|     using O5 output only                   |      0 |       |            |           |       |
|     using O6 output only                   | 149631 |       |            |           |       |
|     using O5 and O6                        |  19077 |       |            |           |       |
| CLB Registers                              | 818005 |     0 |          0 |   2607360 | 31.37 |
|   Register driven from within the CLB      | 394410 |       |            |           |       |
|   Register driven from outside the CLB     | 423595 |       |            |           |       |
|     LUT in front of the register is unused | 282649 |       |            |           |       |
|     LUT in front of the register is used   | 140946 |       |            |           |       |
| Unique Control Sets                        |  19526 |       |        240 |    325680 |  6.00 |
+--------------------------------------------+--------+-------+------------+-----------+-------+
* * Note: Available Control Sets calculated as Slices * 2, Review the Control Sets Report for more information regarding control sets.


3. BLOCKRAM
-----------

+-------------------+------+-------+------------+-----------+-------+
|     Site Type     | Used | Fixed | Prohibited | Available | Util% |
+-------------------+------+-------+------------+-----------+-------+
| Block RAM Tile    |  372 |     0 |          0 |      2016 | 18.45 |
|   RAMB36/FIFO*    |  360 |   196 |          0 |      2016 | 17.86 |
|     RAMB36E2 only |  360 |       |            |           |       |
|   RAMB18          |   24 |     8 |          0 |      4032 |  0.60 |
|     RAMB18E2 only |   24 |       |            |           |       |
| URAM              |  512 |     0 |          0 |       960 | 53.33 |
+-------------------+------+-------+------------+-----------+-------+
* Note: Each Block RAM Tile only has one FIFO logic available and therefore can accommodate only one FIFO36E2 or one FIFO18E2. However, if a FIFO18E2 occupies a Block RAM Tile, that tile can still accommodate a RAMB18E2


4. ARITHMETIC
-------------

+----------------+------+-------+------------+-----------+-------+
|    Site Type   | Used | Fixed | Prohibited | Available | Util% |
+----------------+------+-------+------------+-----------+-------+
| DSPs           |  436 |     4 |          0 |      9024 |  4.83 |
|   DSP48E2 only |  436 |       |            |           |       |
+----------------+------+-------+------------+-----------+-------+


5. I/O
------

+------------------+------+-------+------------+-----------+-------+
|     Site Type    | Used | Fixed | Prohibited | Available | Util% |
+------------------+------+-------+------------+-----------+-------+
| Bonded IOB       |   19 |    19 |        327 |       297 |  6.40 |
| HPIOB_M          |    7 |     7 |        144 |       144 |  4.86 |
|   INPUT          |    3 |       |            |           |       |
|   OUTPUT         |    2 |       |            |           |       |
|   BIDIR          |    2 |       |            |           |       |
| HPIOB_S          |    9 |     9 |        145 |       143 |  6.29 |
|   INPUT          |    2 |       |            |           |       |
|   OUTPUT         |    5 |       |            |           |       |
|   BIDIR          |    2 |       |            |           |       |
| HPIOB_SNGL       |    3 |     3 |         38 |        10 | 30.00 |
|   INPUT          |    0 |       |            |           |       |
|   OUTPUT         |    1 |       |            |           |       |
|   BIDIR          |    2 |       |            |           |       |
| HPIOBDIFFINBUF   |    1 |     1 |          0 |       288 |  0.35 |
|   DIFFINBUF      |    1 |     1 |            |           |       |
| HPIOBDIFFOUTBUF  |    0 |     0 |          0 |       288 |  0.00 |
| BITSLICE_CONTROL |    0 |     0 |          0 |        96 |  0.00 |
| BITSLICE_RX_TX   |    0 |     0 |          0 |      3744 |  0.00 |
| BITSLICE_TX      |    0 |     0 |          0 |        96 |  0.00 |
| RIU_OR           |    0 |     0 |          0 |        48 |  0.00 |
+------------------+------+-------+------------+-----------+-------+


6. CLOCK
--------

+----------------------+------+-------+------------+-----------+-------+
|       Site Type      | Used | Fixed | Prohibited | Available | Util% |
+----------------------+------+-------+------------+-----------+-------+
| GLOBAL CLOCK BUFFERs |   40 |    37 |          0 |      1008 |  3.97 |
|   BUFGCE             |   16 |    13 |          0 |       288 |  5.56 |
|   BUFGCE_DIV         |    0 |     0 |          0 |        48 |  0.00 |
|   BUFG_GT            |   22 |    22 |          0 |       576 |  3.82 |
|   BUFGCTRL*          |    1 |     1 |          0 |        96 |  1.04 |
| PLL                  |    4 |     4 |          0 |        24 | 16.67 |
| MMCM                 |    3 |     3 |          0 |        12 | 25.00 |
+----------------------+------+-------+------------+-----------+-------+
* Note: Each used BUFGCTRL counts as two GLOBAL CLOCK BUFFERs. This table does not include global clocking resources, only buffer cell usage. See the Clock Utilization Report (report_clock_utilization) for detailed accounting of global clocking resource availability.


7. ADVANCED
-----------

+----------------------+------+-------+------------+-----------+--------+
|       Site Type      | Used | Fixed | Prohibited | Available |  Util% |
+----------------------+------+-------+------------+-----------+--------+
| CMACE4               |    0 |     0 |          0 |         8 |   0.00 |
| GTYE4_CHANNEL        |   16 |    16 |          0 |        24 |  66.67 |
| GTYE4_COMMON         |    4 |     4 |          0 |         6 |  66.67 |
| HBM_REF_CLK          |    2 |     2 |          0 |         2 | 100.00 |
| HBM_SNGLBLI_INTF_APB |    2 |     2 |          0 |        32 |   6.25 |
| HBM_SNGLBLI_INTF_AXI |   32 |    32 |          0 |        32 | 100.00 |
| ILKNE4               |    0 |     0 |          0 |         4 |   0.00 |
| OBUFDS_GTE4          |    0 |     0 |          0 |        12 |   0.00 |
| OBUFDS_GTE4_ADV      |    0 |     0 |          0 |        12 |   0.00 |
| PCIE40E4             |    0 |     0 |          0 |         2 |   0.00 |
| PCIE4CE4             |    1 |     1 |          0 |         4 |  25.00 |
| SYSMONE4             |    1 |     1 |          0 |         3 |  33.33 |
+----------------------+------+-------+------------+-----------+--------+


8. CONFIGURATION
----------------

+-------------+------+-------+------------+-----------+-------+
|  Site Type  | Used | Fixed | Prohibited | Available | Util% |
+-------------+------+-------+------------+-----------+-------+
| BSCANE2     |    1 |     1 |          0 |        12 |  8.33 |
| DNA_PORTE2  |    0 |     0 |          0 |         3 |  0.00 |
| EFUSE_USR   |    0 |     0 |          0 |         3 |  0.00 |
| FRAME_ECCE4 |    0 |     0 |          0 |         3 |  0.00 |
| ICAPE3      |    1 |     1 |          0 |         6 | 16.67 |
| MASTER_JTAG |    0 |     0 |          0 |         3 |  0.00 |
| STARTUPE3   |    1 |     1 |          0 |         3 | 33.33 |
+-------------+------+-------+------------+-----------+-------+


9. Primitives
-------------

+----------------------+--------+---------------------+
|       Ref Name       |  Used  | Functional Category |
+----------------------+--------+---------------------+
| FDRE                 | 821992 |            Register |
| LUT3                 | 181876 |                 CLB |
| LUT4                 | 163947 |                 CLB |
| LUT6                 | 163011 |                 CLB |
| SRLC32E              | 145286 |                 CLB |
| LUT5                 |  84639 |                 CLB |
| MUXF7                |  82845 |                 CLB |
| LUT2                 |  45383 |                 CLB |
| SRL16E               |  42485 |                 CLB |
| RAMD32               |  31822 |                 CLB |
| FDSE                 |  15586 |            Register |
| CARRY8               |  12650 |                 CLB |
| LUT1                 |  12349 |                 CLB |
| FDCE                 |   5398 |            Register |
| RAMS32               |   4469 |                 CLB |
| FDPE                 |   1026 |            Register |
| URAM288              |    512 |            BLOCKRAM |
| DSP48E2              |    436 |          Arithmetic |
| RAMB36E2             |    360 |            BLOCKRAM |
| RAMD64E              |    288 |                 CLB |
| MUXF8                |    204 |                 CLB |
| RAMS64E              |     36 |                 CLB |
| HBM_SNGLBLI_INTF_AXI |     32 |            Advanced |
| RAMB18E2             |     24 |            BLOCKRAM |
| BUFG_GT              |     22 |               Clock |
| BUFG_GT_SYNC         |     17 |               Clock |
| GTYE4_CHANNEL        |     16 |            Advanced |
| BUFGCE               |     16 |               Clock |
| SRLC16E              |     14 |                 CLB |
| IBUFCTRL             |     10 |              Others |
| INBUF                |      9 |                 I/O |
| OBUF                 |      8 |                 I/O |
| OBUFT                |      6 |                 I/O |
| PLLE4_ADV            |      4 |               Clock |
| GTYE4_COMMON         |      4 |            Advanced |
| MMCME4_ADV           |      3 |               Clock |
| HBM_SNGLBLI_INTF_APB |      2 |            Advanced |
| HBM_REF_CLK          |      2 |            Advanced |
| AND2B1L              |      2 |              Others |
| SYSMONE4             |      1 |            Advanced |
| STARTUPE3            |      1 |       Configuration |
| PCIE4CE4             |      1 |            Advanced |
| ICAPE3               |      1 |       Configuration |
| IBUFDS_GTE4          |      1 |                 I/O |
| DIFFINBUF            |      1 |                 I/O |
| BUFGCTRL             |      1 |               Clock |
| BSCANE2              |      1 |       Configuration |
+----------------------+--------+---------------------+


10. Black Boxes
---------------

+------------------------------------------------------------------------+------+
|                                Ref Name                                | Used |
+------------------------------------------------------------------------+------+
| bd_5dca_interconnect9_8_0_sc_node_v1_0_14_si_handler__parameterized3   |    1 |
| bd_5dca_interconnect9_8_0_sc_node_v1_0_14_si_handler__parameterized0   |    1 |
| bd_5dca_interconnect8_7_0_sc_node_v1_0_14_si_handler__parameterized3   |    1 |
| bd_5dca_interconnect8_7_0_sc_node_v1_0_14_si_handler__parameterized0   |    1 |
| bd_5dca_interconnect7_6_0_sc_node_v1_0_14_si_handler__parameterized3   |    1 |
| bd_5dca_interconnect7_6_0_sc_node_v1_0_14_si_handler__parameterized0   |    1 |
| bd_5dca_interconnect6_5_0_sc_node_v1_0_14_si_handler__parameterized3   |    1 |
| bd_5dca_interconnect6_5_0_sc_node_v1_0_14_si_handler__parameterized0   |    1 |
| bd_5dca_interconnect5_4_0_sc_node_v1_0_14_si_handler__parameterized3   |    1 |
| bd_5dca_interconnect5_4_0_sc_node_v1_0_14_si_handler__parameterized0   |    1 |
| bd_5dca_interconnect4_3_0_sc_node_v1_0_14_si_handler__parameterized3   |    1 |
| bd_5dca_interconnect4_3_0_sc_node_v1_0_14_si_handler__parameterized0   |    1 |
| bd_5dca_interconnect3_2_0_sc_node_v1_0_14_si_handler__parameterized3   |    1 |
| bd_5dca_interconnect3_2_0_sc_node_v1_0_14_si_handler__parameterized0   |    1 |
| bd_5dca_interconnect2_1_0_sc_node_v1_0_14_si_handler__parameterized3   |    1 |
| bd_5dca_interconnect2_1_0_sc_node_v1_0_14_si_handler__parameterized0   |    1 |
| bd_5dca_interconnect1_0_0_sc_node_v1_0_14_si_handler__parameterized3   |    1 |
| bd_5dca_interconnect1_0_0_sc_node_v1_0_14_si_handler__parameterized0   |    1 |
| bd_5dca_interconnect18_21_0_sc_node_v1_0_14_si_handler                 |    1 |
| bd_5dca_interconnect17_20_0_sc_node_v1_0_14_si_handler__parameterized3 |    1 |
| bd_5dca_interconnect17_20_0_sc_node_v1_0_14_si_handler__parameterized0 |    1 |
| bd_5dca_interconnect16_15_0_sc_node_v1_0_14_si_handler__parameterized3 |    1 |
| bd_5dca_interconnect16_15_0_sc_node_v1_0_14_si_handler__parameterized0 |    1 |
| bd_5dca_interconnect15_14_0_sc_node_v1_0_14_si_handler__parameterized3 |    1 |
| bd_5dca_interconnect15_14_0_sc_node_v1_0_14_si_handler__parameterized0 |    1 |
| bd_5dca_interconnect14_13_0_sc_node_v1_0_14_si_handler__parameterized3 |    1 |
| bd_5dca_interconnect14_13_0_sc_node_v1_0_14_si_handler__parameterized0 |    1 |
| bd_5dca_interconnect13_12_0_sc_node_v1_0_14_si_handler__parameterized3 |    1 |
| bd_5dca_interconnect13_12_0_sc_node_v1_0_14_si_handler__parameterized0 |    1 |
| bd_5dca_interconnect12_11_0_sc_node_v1_0_14_si_handler__parameterized3 |    1 |
| bd_5dca_interconnect12_11_0_sc_node_v1_0_14_si_handler__parameterized0 |    1 |
| bd_5dca_interconnect11_10_0_sc_node_v1_0_14_si_handler__parameterized3 |    1 |
| bd_5dca_interconnect11_10_0_sc_node_v1_0_14_si_handler__parameterized0 |    1 |
| bd_5dca_interconnect10_9_0_sc_node_v1_0_14_si_handler__parameterized3  |    1 |
| bd_5dca_interconnect10_9_0_sc_node_v1_0_14_si_handler__parameterized0  |    1 |
+------------------------------------------------------------------------+------+


11. Instantiated Netlists
-------------------------

+---------------------------------------------+------+
|                   Ref Name                  | Used |
+---------------------------------------------+------+
| xsdbm                                       |    1 |
| pfm_top_xmc_clk_ibuf_0                      |    1 |
| pfm_top_xbar_9                              |    1 |
| pfm_top_xbar_8                              |    1 |
| pfm_top_xbar_7                              |    1 |
| pfm_top_xbar_6                              |    1 |
| pfm_top_xbar_5                              |    1 |
| pfm_top_xbar_4                              |    1 |
| pfm_top_xbar_3                              |    1 |
| pfm_top_xbar_2                              |    1 |
| pfm_top_xbar_15                             |    1 |
| pfm_top_xbar_14                             |    1 |
| pfm_top_xbar_13                             |    1 |
| pfm_top_xbar_12                             |    1 |
| pfm_top_xbar_11                             |    1 |
| pfm_top_xbar_10                             |    1 |
| pfm_top_xbar_1                              |    1 |
| pfm_top_xbar_0                              |    1 |
| pfm_top_util_vector_logic_0_1               |    1 |
| pfm_top_util_vector_logic_0_0               |    1 |
| pfm_top_util_ds_buf_0_0                     |    1 |
| pfm_top_user_debug_hub_0                    |    1 |
| pfm_top_user_debug_bridge_0                 |    1 |
| pfm_top_sys_mgmt_wiz_0                      |    1 |
| pfm_top_scratchpad_ram_ctrl_0               |    1 |
| pfm_top_scratchpad_ram_0                    |    1 |
| pfm_top_scheduler_bram_ctrl_0               |    1 |
| pfm_top_s01_regslice_8                      |    1 |
| pfm_top_s01_regslice_7                      |    1 |
| pfm_top_s01_regslice_6                      |    1 |
| pfm_top_s00_regslice_20                     |    1 |
| pfm_top_s00_regslice_19                     |    1 |
| pfm_top_s00_regslice_18                     |    1 |
| pfm_top_s00_regslice_17                     |    1 |
| pfm_top_s00_regslice_16                     |    1 |
| pfm_top_s00_regslice_15                     |    1 |
| pfm_top_s00_regslice_14                     |    1 |
| pfm_top_reset_wdt_0                         |    1 |
| pfm_top_regslice_freq_cntr_1_0              |    1 |
| pfm_top_regslice_freq_cntr_0_0              |    1 |
| pfm_top_regslice_data_0                     |    1 |
| pfm_top_regslice_control_userpf_0           |    1 |
| pfm_top_regslice_control_mgntpf_0           |    1 |
| pfm_top_regslice_control_hbm_mgntpf_0       |    1 |
| pfm_top_register_map_ctrl_0                 |    1 |
| pfm_top_register_map_bram_0                 |    1 |
| pfm_top_psreset_scheduler_0                 |    1 |
| pfm_top_psreset_regslice_data_pr_0          |    1 |
| pfm_top_psreset_regslice_ctrl_pr_0          |    1 |
| pfm_top_psreset_ctrlclk_0                   |    1 |
| pfm_top_psreset_board_control_0             |    1 |
| pfm_top_psreset_axi_0                       |    1 |
| pfm_top_proc_sys_reset_0_0                  |    1 |
| pfm_top_pr_decoupler_3_0                    |    1 |
| pfm_top_pr_decoupler_2_0                    |    1 |
| pfm_top_pr_decoupler_1_0                    |    1 |
| pfm_top_pr_decoupler_0_0                    |    1 |
| pfm_top_pf_demux_0_0                        |    1 |
| pfm_top_pcie_0                              |    1 |
| pfm_top_msp432_bsl_crc_gen_0_0              |    1 |
| pfm_top_microblaze_scheduler_0              |    1 |
| pfm_top_microblaze_board_control_0          |    1 |
| pfm_top_mgmt_debug_hub_0                    |    1 |
| pfm_top_mgmt_debug_bridge_0                 |    1 |
| pfm_top_mdm_board_control_0                 |    1 |
| pfm_top_mb_bram_ctrl_0                      |    1 |
| pfm_top_mailbox_0_0                         |    1 |
| pfm_top_m05_regslice_0                      |    1 |
| pfm_top_m04_regslice_0                      |    1 |
| pfm_top_m03_regslice_0                      |    1 |
| pfm_top_m02_regslice_0                      |    1 |
| pfm_top_m00_regslice_0                      |    1 |
| pfm_top_logic_pll_lock_0                    |    1 |
| pfm_top_logic_hbm_init_op_0                 |    1 |
| pfm_top_lmb_bram_if_cntlr_1                 |    1 |
| pfm_top_lmb_bram_if_cntlr_0                 |    1 |
| pfm_top_lmb_bram_1                          |    1 |
| pfm_top_lmb_bram_0                          |    1 |
| pfm_top_jtag_fallback_0                     |    1 |
| pfm_top_irq_or_gate_userfirewall_0          |    1 |
| pfm_top_irq_or_gate_userdebug_firewall_0    |    1 |
| pfm_top_irq_or_gate_mgmtfirewall_0          |    1 |
| pfm_top_irq_or_gate_maxifirewall_0          |    1 |
| pfm_top_iob_static_0                        |    1 |
| pfm_top_invert_rst_0                        |    1 |
| pfm_top_invert_nearly_full_0                |    1 |
| pfm_top_invert_nearly_empty_0               |    1 |
| pfm_top_ilmb_v10_1                          |    1 |
| pfm_top_ilmb_v10_0                          |    1 |
| pfm_top_hbm_and_sdx_init_status_0           |    1 |
| pfm_top_gate_pr_inv_0                       |    1 |
| pfm_top_gate_pr_0                           |    1 |
| pfm_top_flash_programmer_0                  |    1 |
| pfm_top_fifo_generator_0_0                  |    1 |
| pfm_top_feature_rom_mmu_0                   |    1 |
| pfm_top_feature_rom_ctrl_0                  |    1 |
| pfm_top_feature_rom_0                       |    1 |
| pfm_top_embedded_scheduler_hw_0_0           |    1 |
| pfm_top_dma_pcie_0                          |    1 |
| pfm_top_dlmb_v10_1                          |    1 |
| pfm_top_dlmb_v10_0                          |    1 |
| pfm_top_cuisr_0_0                           |    1 |
| pfm_top_cq_bram_ctlr_0                      |    1 |
| pfm_top_clkwiz_sysclks_0                    |    1 |
| pfm_top_clkwiz_scheduler_0                  |    1 |
| pfm_top_clkwiz_pcie_0                       |    1 |
| pfm_top_clkwiz_kernel_0                     |    1 |
| pfm_top_clkwiz_kernel2_0                    |    1 |
| pfm_top_clkwiz_hbm_aclk_0                   |    1 |
| pfm_top_clk_wiz_0_0                         |    1 |
| pfm_top_buf_refclk_ibuf_0                   |    1 |
| pfm_top_board_i2c_ctrl_0                    |    1 |
| pfm_top_axis_register_slice_rq_0            |    1 |
| pfm_top_axis_register_slice_rc_0            |    1 |
| pfm_top_axis_register_slice_cq_0            |    1 |
| pfm_top_axis_register_slice_cc_0            |    1 |
| pfm_top_axi_vip_data_0                      |    1 |
| pfm_top_axi_vip_ctrl_userpf_0               |    1 |
| pfm_top_axi_vip_ctrl_mgntpf_0               |    1 |
| pfm_top_axi_uartlite_usb_0                  |    1 |
| pfm_top_axi_uartlite_0_0                    |    1 |
| pfm_top_axi_timebase_wdt_0                  |    1 |
| pfm_top_axi_register_slice_0_0              |    1 |
| pfm_top_axi_protocol_converter_0_0          |    1 |
| pfm_top_axi_mb_interrupts_0                 |    1 |
| pfm_top_axi_intc_0_1                        |    1 |
| pfm_top_axi_intc_0_0                        |    1 |
| pfm_top_axi_hwicap_0                        |    1 |
| pfm_top_axi_gpio_wdt_0                      |    1 |
| pfm_top_axi_gpio_qsfp_0                     |    1 |
| pfm_top_axi_gpio_mb_ctrl_0                  |    1 |
| pfm_top_axi_gpio_hbm_temp_0                 |    1 |
| pfm_top_axi_gpio_axi_rstn_0                 |    1 |
| pfm_top_axi_firewall_data_0                 |    1 |
| pfm_top_axi_firewall_ctrl_user_debug_0      |    1 |
| pfm_top_axi_firewall_ctrl_user_0            |    1 |
| pfm_top_axi_firewall_ctrl_0                 |    1 |
| pfm_top_axi_bypass_addr_0_0                 |    1 |
| pfm_top_axi_bram_ctrl_0_bram_0              |    1 |
| pfm_top_axi_bmc_gpio_0                      |    1 |
| pfm_top_auto_pc_9                           |    1 |
| pfm_top_auto_pc_8                           |    1 |
| pfm_top_auto_pc_7                           |    1 |
| pfm_top_auto_pc_6                           |    1 |
| pfm_top_auto_pc_5                           |    1 |
| pfm_top_auto_pc_4                           |    1 |
| pfm_top_auto_pc_3                           |    1 |
| pfm_top_auto_pc_2                           |    1 |
| pfm_top_auto_pc_12                          |    1 |
| pfm_top_auto_pc_11                          |    1 |
| pfm_top_auto_pc_10                          |    1 |
| pfm_top_auto_pc_1                           |    1 |
| pfm_top_auto_pc_0                           |    1 |
| pfm_top_auto_cc_9                           |    1 |
| pfm_top_auto_cc_8                           |    1 |
| pfm_top_auto_cc_7                           |    1 |
| pfm_top_auto_cc_6                           |    1 |
| pfm_top_auto_cc_5                           |    1 |
| pfm_top_auto_cc_4                           |    1 |
| pfm_top_auto_cc_3                           |    1 |
| pfm_top_auto_cc_24                          |    1 |
| pfm_top_auto_cc_23                          |    1 |
| pfm_top_auto_cc_22                          |    1 |
| pfm_top_auto_cc_21                          |    1 |
| pfm_top_auto_cc_20                          |    1 |
| pfm_top_auto_cc_2                           |    1 |
| pfm_top_auto_cc_19                          |    1 |
| pfm_top_auto_cc_18                          |    1 |
| pfm_top_auto_cc_17                          |    1 |
| pfm_top_auto_cc_16                          |    1 |
| pfm_top_auto_cc_15                          |    1 |
| pfm_top_auto_cc_14                          |    1 |
| pfm_top_auto_cc_13                          |    1 |
| pfm_top_auto_cc_12                          |    1 |
| pfm_top_auto_cc_11                          |    1 |
| pfm_top_auto_cc_10                          |    1 |
| pfm_top_auto_cc_1                           |    1 |
| pfm_top_auto_cc_0                           |    1 |
| pfm_top_Monitor_AXI_Master_p2p_0            |    1 |
| pfm_top_Monitor_AXI_Master_dma_pcie_0       |    1 |
| pfm_top_CuDmaController_0_0                 |    1 |
| pfm_dynamic_xbar_5                          |    1 |
| pfm_dynamic_xbar_4                          |    1 |
| pfm_dynamic_xbar_2                          |    1 |
| pfm_dynamic_util_and2_slr1_0                |    1 |
| pfm_dynamic_util_and2_slr0_0                |    1 |
| pfm_dynamic_util_and2_hbm_ctrl_reset_0      |    1 |
| pfm_dynamic_util_and2_hbm_0                 |    1 |
| pfm_dynamic_s00_regslice_17                 |    1 |
| pfm_dynamic_s00_regslice_16                 |    1 |
| pfm_dynamic_s00_regslice_15                 |    1 |
| pfm_dynamic_relay_SK2_vin_0                 |    1 |
| pfm_dynamic_relay_SK2_rout_0                |    1 |
| pfm_dynamic_regslice_pipe_ctrl_hbm_mgntpf_0 |    1 |
| pfm_dynamic_psreset_gate_pr_kernel_2        |    1 |
| pfm_dynamic_psreset_gate_pr_kernel_1        |    1 |
| pfm_dynamic_psreset_gate_pr_kernel_0        |    1 |
| pfm_dynamic_psreset_gate_pr_dataclk_0       |    1 |
| pfm_dynamic_psreset_gate_pr_data_1          |    1 |
| pfm_dynamic_psreset_gate_pr_control_2       |    1 |
| pfm_dynamic_psreset_gate_pr_control_1       |    1 |
| pfm_dynamic_psreset_gate_pr_control_0       |    1 |
| pfm_dynamic_m03_regslice_3                  |    1 |
| pfm_dynamic_m03_regslice_2                  |    1 |
| pfm_dynamic_m02_regslice_4                  |    1 |
| pfm_dynamic_m02_regslice_3                  |    1 |
| pfm_dynamic_m01_regslice_13                 |    1 |
| pfm_dynamic_m01_regslice_12                 |    1 |
| pfm_dynamic_m01_regslice_11                 |    1 |
| pfm_dynamic_m00_regslice_6                  |    1 |
| pfm_dynamic_m00_regslice_5                  |    1 |
| pfm_dynamic_m00_regslice_4                  |    1 |
| pfm_dynamic_hmss_0_0                        |    1 |
| pfm_dynamic_freq_counter_1_0                |    1 |
| pfm_dynamic_freq_counter_0_0                |    1 |
| pfm_dynamic_debug_bridge_xsdbm_0            |    1 |
| pfm_dynamic_buffer_relay_SK2_vin_out_r_0    |    1 |
| pfm_dynamic_buffer_relay_SK2_rout_out_r_0   |    1 |
| pfm_dynamic_buffer_VL_to_SLR2_0             |    1 |
| pfm_dynamic_buffer_VL_to_SLR1_0             |    1 |
| pfm_dynamic_buffer_VL_to_SLR0_0             |    1 |
| pfm_dynamic_buffer_SK2_res_out_0            |    1 |
| pfm_dynamic_buffer_SK1_res_out_0            |    1 |
| pfm_dynamic_buffer_SK0_res_out_0            |    1 |
| pfm_dynamic_axilite_user_input_reg_0        |    1 |
| pfm_dynamic_axi_vip_data_0                  |    1 |
| pfm_dynamic_axi_vip_ctrl_userpf_0           |    1 |
| pfm_dynamic_axi_vip_ctrl_mgntpf_0           |    1 |
| pfm_dynamic_axi_vip_ctrl_hbm_mgntpf_0       |    1 |
| pfm_dynamic_axi_gpio_null_slr2_0            |    1 |
| pfm_dynamic_axi_gpio_null_slr1_0            |    1 |
| pfm_dynamic_axi_gpio_null_slr0_0            |    1 |
| pfm_dynamic_auto_cc_4                       |    1 |
| pfm_dynamic_auto_cc_3                       |    1 |
| pfm_dynamic_auto_cc_2                       |    1 |
| pfm_dynamic_auto_cc_1                       |    1 |
| pfm_dynamic_auto_cc_0                       |    1 |
| pfm_dynamic_VL_0                            |    1 |
| pfm_dynamic_SK2_0                           |    1 |
| pfm_dynamic_SK1_0                           |    1 |
| pfm_dynamic_SK0_0                           |    1 |
| pfm_dynamic_RD_0                            |    1 |
| pfm_dynamic                                 |    1 |
| bd_ebbe_xsdbm_0                             |    1 |
| bd_ebbe_lut_buffer_0                        |    1 |
| bd_5dca_vip_S18_0                           |    1 |
| bd_5dca_vip_S17_0                           |    1 |
| bd_5dca_vip_S16_0                           |    1 |
| bd_5dca_vip_S15_0                           |    1 |
| bd_5dca_vip_S14_0                           |    1 |
| bd_5dca_vip_S13_0                           |    1 |
| bd_5dca_vip_S12_0                           |    1 |
| bd_5dca_vip_S11_0                           |    1 |
| bd_5dca_vip_S10_0                           |    1 |
| bd_5dca_vip_S09_0                           |    1 |
| bd_5dca_vip_S08_0                           |    1 |
| bd_5dca_vip_S07_0                           |    1 |
| bd_5dca_vip_S06_0                           |    1 |
| bd_5dca_vip_S05_0                           |    1 |
| bd_5dca_vip_S04_0                           |    1 |
| bd_5dca_vip_S03_0                           |    1 |
| bd_5dca_vip_S02_0                           |    1 |
| bd_5dca_vip_S01_0                           |    1 |
| bd_5dca_vip_S00_0                           |    1 |
| bd_5dca_util_vector_logic_0                 |    1 |
| bd_5dca_slice9_8_0                          |    1 |
| bd_5dca_slice8_7_0                          |    1 |
| bd_5dca_slice7_6_0                          |    1 |
| bd_5dca_slice6_5_0                          |    1 |
| bd_5dca_slice5_4_0                          |    1 |
| bd_5dca_slice4_3_0                          |    1 |
| bd_5dca_slice3_2_0                          |    1 |
| bd_5dca_slice2_1_0                          |    1 |
| bd_5dca_slice1_0_0                          |    1 |
| bd_5dca_slice18_21_0                        |    1 |
| bd_5dca_slice17_20_0                        |    1 |
| bd_5dca_slice16_15_0                        |    1 |
| bd_5dca_slice15_14_0                        |    1 |
| bd_5dca_slice14_13_0                        |    1 |
| bd_5dca_slice13_12_0                        |    1 |
| bd_5dca_slice12_11_0                        |    1 |
| bd_5dca_slice11_10_0                        |    1 |
| bd_5dca_slice10_9_0                         |    1 |
| bd_5dca_slice0_16_0                         |    1 |
| bd_5dca_interconnect9_8_0                   |    1 |
| bd_5dca_interconnect8_7_0                   |    1 |
| bd_5dca_interconnect7_6_0                   |    1 |
| bd_5dca_interconnect6_5_0                   |    1 |
| bd_5dca_interconnect5_4_0                   |    1 |
| bd_5dca_interconnect4_3_0                   |    1 |
| bd_5dca_interconnect3_2_0                   |    1 |
| bd_5dca_interconnect2_1_0                   |    1 |
| bd_5dca_interconnect1_0_0                   |    1 |
| bd_5dca_interconnect18_21_0                 |    1 |
| bd_5dca_interconnect17_20_0                 |    1 |
| bd_5dca_interconnect16_15_0                 |    1 |
| bd_5dca_interconnect15_14_0                 |    1 |
| bd_5dca_interconnect14_13_0                 |    1 |
| bd_5dca_interconnect13_12_0                 |    1 |
| bd_5dca_interconnect12_11_0                 |    1 |
| bd_5dca_interconnect11_10_0                 |    1 |
| bd_5dca_interconnect10_9_0                  |    1 |
| bd_5dca_interconnect0_16_0                  |    1 |
| bd_5dca_init_reduce_0                       |    1 |
| bd_5dca_hbm_reset_sync_SLR2_0               |    1 |
| bd_5dca_hbm_reset_sync_SLR1_0               |    1 |
| bd_5dca_hbm_reset_sync_SLR0_0               |    1 |
| bd_5dca_hbm_inst_0                          |    1 |
| bd_5dca_axi_apb_bridge_inst_0               |    1 |
| bd_4042_bs_switch_0                         |    1 |
| bd_3566_bsip_0                              |    1 |
| bd_3566_bs_switch_1_0                       |    1 |
| bd_3566_axi_jtag_0                          |    1 |
| bd_2e71_xsdbm_0                             |    1 |
| bd_2e71_lut_buffer_0                        |    1 |
| bd_2e71_bs_switch_0                         |    1 |
| bd_256f_lut_buffer_0                        |    1 |
| bd_256f_bs_switch_0                         |    1 |
| bd_0301_bsip_0                              |    1 |
| bd_0301_bs_switch_2                         |    1 |
| bd_0301_bs_switch_1_0                       |    1 |
| bd_0301_bs_mux_0                            |    1 |
| bd_0301_axi_jtag_0                          |    1 |
+---------------------------------------------+------+


12. SLR Connectivity
--------------------

+----------------------------------+-------+-------+-----------+-------+
|                                  |  Used | Fixed | Available | Util% |
+----------------------------------+-------+-------+-----------+-------+
| SLR2 <-> SLR1                    |  8419 |       |     23040 | 36.54 |
|   SLR1 -> SLR2                   |  4000 |       |           | 17.36 |
|     Using TX_REG only            |     1 |     1 |           |       |
|     Using RX_REG only            |    18 |    18 |           |       |
|     Using Both TX_REG and RX_REG |  1855 |     1 |           |       |
|   SLR2 -> SLR1                   |  4419 |       |           | 19.18 |
|     Using TX_REG only            |     0 |     0 |           |       |
|     Using RX_REG only            |     4 |     4 |           |       |
|     Using Both TX_REG and RX_REG |  2659 |     0 |           |       |
| SLR1 <-> SLR0                    | 11493 |       |     23040 | 49.88 |
|   SLR0 -> SLR1                   |  4942 |       |           | 21.45 |
|     Using TX_REG only            |    71 |    71 |           |       |
|     Using RX_REG only            |    61 |    61 |           |       |
|     Using Both TX_REG and RX_REG |  3523 |    55 |           |       |
|   SLR1 -> SLR0                   |  6551 |       |           | 28.43 |
|     Using TX_REG only            |    62 |    62 |           |       |
|     Using RX_REG only            |    73 |    71 |           |       |
|     Using Both TX_REG and RX_REG |  4935 |    60 |           |       |
+----------------------------------+-------+-------+-----------+-------+
| Total SLLs Used                  | 19912 |       |           |       |
+----------------------------------+-------+-------+-----------+-------+


13. SLR Connectivity Matrix
---------------------------

+-----------+------+------+------+
| FROM \ TO | SLR2 | SLR1 | SLR0 |
+-----------+------+------+------+
| SLR2      |    0 | 4244 |  175 |
| SLR1      | 3864 |    0 | 6376 |
| SLR0      |  136 | 4806 |    0 |
+-----------+------+------+------+


14. SLR CLB Logic and Dedicated Block Utilization
-------------------------------------------------

+----------------------------+--------+--------+--------+--------+--------+--------+
|          Site Type         |  SLR0  |  SLR1  |  SLR2  | SLR0 % | SLR1 % | SLR2 % |
+----------------------------+--------+--------+--------+--------+--------+--------+
| CLB                        |  43158 |  48454 |  47981 |  78.53 |  89.73 |  88.85 |
|   CLBL                     |  22300 |  25877 |  25700 |  76.16 |  88.38 |  87.77 |
|   CLBM                     |  20858 |  22577 |  22281 |  81.22 |  91.33 |  90.13 |
| CLB LUTs                   | 178651 | 262432 | 251106 |  40.63 |  60.75 |  58.13 |
|   LUT as Logic             | 126871 | 195014 | 183067 |  28.86 |  45.14 |  42.38 |
|     using O5 output only   |   1454 |   1452 |   2129 |   0.33 |   0.34 |   0.49 |
|     using O6 output only   |  88805 | 139667 | 125192 |  20.20 |  32.33 |  28.98 |
|     using O5 and O6        |  36612 |  53895 |  55746 |   8.33 |  12.48 |  12.90 |
|   LUT as Memory            |  51780 |  67418 |  68039 |  25.20 |  34.09 |  34.40 |
|     LUT as Distributed RAM |   4440 |   8133 |   5956 |   2.16 |   4.11 |   3.01 |
|       using O5 output only |      0 |      0 |      0 |   0.00 |   0.00 |   0.00 |
|       using O6 output only |     96 |    239 |    108 |   0.05 |   0.12 |   0.05 |
|       using O5 and O6      |   4344 |   7894 |   5848 |   2.11 |   3.99 |   2.96 |
|     LUT as Shift Register  |  47340 |  59285 |  62083 |  23.04 |  29.98 |  31.39 |
|       using O5 output only |      0 |      0 |      0 |   0.00 |   0.00 |   0.00 |
|       using O6 output only |  41833 |  52565 |  55233 |  20.36 |  26.58 |  27.93 |
|       using O5 and O6      |   5507 |   6720 |   6850 |   2.68 |   3.40 |   3.46 |
| CLB Registers              | 234913 | 293246 | 289846 |  26.71 |  33.94 |  33.55 |
| CARRY8                     |   3312 |   4749 |   4589 |   6.03 |   8.79 |   8.50 |
| F7 Muxes                   |  21954 |  29467 |  31424 |   9.99 |  13.64 |  14.55 |
| F8 Muxes                   |     16 |    141 |     47 |   0.01 |   0.13 |   0.04 |
| F9 Muxes                   |      0 |      0 |      0 |   0.00 |   0.00 |   0.00 |
| Block RAM Tile             |   97.5 |  135.5 |    139 |  14.51 |  20.16 |  20.68 |
|   RAMB36/FIFO              |     94 |    132 |    134 |  13.99 |  19.64 |  19.94 |
|     RAMB36E2 only          |     94 |    132 |    134 |  13.99 |  19.64 |  19.94 |
|   RAMB18                   |      7 |      7 |     10 |   0.52 |   0.52 |   0.74 |
|     RAMB18E2 only          |      7 |      7 |     10 |   0.52 |   0.52 |   0.74 |
| URAM                       |    128 |    192 |    192 |  40.00 |  60.00 |  60.00 |
| DSPs                       |    108 |    162 |    166 |   3.75 |   5.27 |   5.40 |
| Unique Control Sets        |   5500 |   6452 |   7605 |   5.00 |   5.97 |   7.04 |
+----------------------------+--------+--------+--------+--------+--------+--------+
* Note: Available Control Sets based on CLB Registers / 8


15. SLR IO Utilization
----------------------

+-----------+-----------+---------+------------+----------+------------+----------+-----+
| SLR Index | Used IOBs | (%)IOBs | Used IPADs | (%)IPADs | Used OPADs | (%)OPADs | GTs |
+-----------+-----------+---------+------------+----------+------------+----------+-----+
| SLR2      |        18 |    8.65 |          0 |     0.00 |          0 |     0.00 |   0 |
| SLR1      |         0 |    0.00 |          0 |     0.00 |          0 |     0.00 |   0 |
| SLR0      |         1 |    0.48 |          0 |     0.00 |          0 |     0.00 |  16 |
+-----------+-----------+---------+------------+----------+------------+----------+-----+
| Total     |        19 |         |          0 |          |          0 |          |  16 |
+-----------+-----------+---------+------------+----------+------------+----------+-----+


