Copyright 1986-2021 Xilinx, Inc. All Rights Reserved.
------------------------------------------------------------------------------------------
| Tool Version : Vivado v.2021.2 (lin64) Build 3367213 Tue Oct 19 02:47:39 MDT 2021
| Date         : Sun Dec 22 00:39:33 2024
| Host         : hacc-gpu0 running 64-bit Ubuntu 20.04.6 LTS
| Command      : report_utilization -slr -file slr_util_routed.rpt -pb slr_util_routed.pb
| Design       : pfm_top_wrapper
| Device       : xcu280-fsvh2892-2L-e
| Speed File   : -2L
| Design State : Routed
------------------------------------------------------------------------------------------

Utilization Design Information

Table of Contents
-----------------
1. SLR Connectivity
2. SLR Connectivity Matrix
3. SLR CLB Logic and Dedicated Block Utilization
4. SLR IO Utilization

1. SLR Connectivity
-------------------

+----------------------------------+-------+-------+-----------+-------+
|                                  |  Used | Fixed | Available | Util% |
+----------------------------------+-------+-------+-----------+-------+
| SLR2 <-> SLR1                    |  8430 |       |     23040 | 36.59 |
|   SLR1 -> SLR2                   |  4003 |       |           | 17.37 |
|     Using TX_REG only            |  1855 |     1 |           |       |
|     Using RX_REG only            |  1872 |    18 |           |       |
|     Using Both TX_REG and RX_REG |  1855 |     1 |           |       |
|   SLR2 -> SLR1                   |  4427 |       |           | 19.21 |
|     Using TX_REG only            |  2659 |     0 |           |       |
|     Using RX_REG only            |  2664 |     4 |           |       |
|     Using Both TX_REG and RX_REG |  2659 |     0 |           |       |
| SLR1 <-> SLR0                    | 11499 |       |     23040 | 49.91 |
|   SLR0 -> SLR1                   |  4942 |       |           | 21.45 |
|     Using TX_REG only            |  3539 |    71 |           |       |
|     Using RX_REG only            |  3529 |    61 |           |       |
|     Using Both TX_REG and RX_REG |  3523 |    55 |           |       |
|   SLR1 -> SLR0                   |  6557 |       |           | 28.46 |
|     Using TX_REG only            |  4937 |    62 |           |       |
|     Using RX_REG only            |  4951 |    71 |           |       |
|     Using Both TX_REG and RX_REG |  4935 |    60 |           |       |
+----------------------------------+-------+-------+-----------+-------+
| Total SLLs Used                  | 19929 |       |           |       |
+----------------------------------+-------+-------+-----------+-------+


2. SLR Connectivity Matrix
--------------------------

+-----------+------+------+------+
| FROM \ TO | SLR2 | SLR1 | SLR0 |
+-----------+------+------+------+
| SLR2      |    0 | 4250 |  177 |
| SLR1      | 3867 |    0 | 6380 |
| SLR0      |  136 | 4806 |    0 |
+-----------+------+------+------+


3. SLR CLB Logic and Dedicated Block Utilization
------------------------------------------------

+----------------------------+--------+--------+--------+--------+--------+--------+
|          Site Type         |  SLR0  |  SLR1  |  SLR2  | SLR0 % | SLR1 % | SLR2 % |
+----------------------------+--------+--------+--------+--------+--------+--------+
| CLB                        |  43163 |  48454 |  47981 |  78.54 |  89.73 |  88.85 |
|   CLBL                     |  22303 |  25877 |  25700 |  76.17 |  88.38 |  87.77 |
|   CLBM                     |  20860 |  22577 |  22281 |  81.23 |  91.33 |  90.13 |
| CLB LUTs                   | 178666 | 262432 | 251106 |  40.64 |  60.75 |  58.13 |
|   LUT as Logic             | 126886 | 195014 | 183067 |  28.86 |  45.14 |  42.38 |
|     using O5 output only   |   1455 |   1452 |   2129 |   0.33 |   0.34 |   0.49 |
|     using O6 output only   |  88819 | 139667 | 125192 |  20.20 |  32.33 |  28.98 |
|     using O5 and O6        |  36612 |  53895 |  55746 |   8.33 |  12.48 |  12.90 |
|   LUT as Memory            |  51780 |  67418 |  68039 |  25.20 |  34.09 |  34.40 |
|     LUT as Distributed RAM |   4440 |   8133 |   5956 |   2.16 |   4.11 |   3.01 |
|       using O5 output only |      0 |      0 |      0 |   0.00 |   0.00 |   0.00 |
|       using O6 output only |     96 |    239 |    108 |   0.05 |   0.12 |   0.05 |
|       using O5 and O6      |   4344 |   7894 |   5848 |   2.11 |   3.99 |   2.96 |
|     LUT as Shift Register  |  47340 |  59285 |  62083 |  23.04 |  29.98 |  31.39 |
|       using O5 output only |      0 |      0 |      0 |   0.00 |   0.00 |   0.00 |
|       using O6 output only |  41833 |  52565 |  55233 |  20.36 |  26.58 |  27.93 |
|       using O5 and O6      |   5507 |   6720 |   6850 |   2.68 |   3.40 |   3.46 |
| CLB Registers              | 234942 | 293246 | 289846 |  26.72 |  33.94 |  33.55 |
| CARRY8                     |   3312 |   4749 |   4589 |   6.03 |   8.79 |   8.50 |
| F7 Muxes                   |  21954 |  29467 |  31424 |   9.99 |  13.64 |  14.55 |
| F8 Muxes                   |     16 |    141 |     47 |   0.01 |   0.13 |   0.04 |
| F9 Muxes                   |      0 |      0 |      0 |   0.00 |   0.00 |   0.00 |
| Block RAM Tile             |   97.5 |  135.5 |    139 |  14.51 |  20.16 |  20.68 |
|   RAMB36/FIFO              |     94 |    132 |    134 |  13.99 |  19.64 |  19.94 |
|     RAMB36E2 only          |     94 |    132 |    134 |  13.99 |  19.64 |  19.94 |
|   RAMB18                   |      7 |      7 |     10 |   0.52 |   0.52 |   0.74 |
|     RAMB18E2 only          |      7 |      7 |     10 |   0.52 |   0.52 |   0.74 |
| URAM                       |    128 |    192 |    192 |  40.00 |  60.00 |  60.00 |
| DSPs                       |    108 |    162 |    166 |   3.75 |   5.27 |   5.40 |
| Unique Control Sets        |   5503 |   6452 |   7605 |   5.01 |   5.97 |   7.04 |
+----------------------------+--------+--------+--------+--------+--------+--------+
* Note: Available Control Sets based on CLB Registers / 8


4. SLR IO Utilization
---------------------

+-----------+-----------+---------+------------+----------+------------+----------+-----+
| SLR Index | Used IOBs | (%)IOBs | Used IPADs | (%)IPADs | Used OPADs | (%)OPADs | GTs |
+-----------+-----------+---------+------------+----------+------------+----------+-----+
| SLR2      |        18 |    8.65 |          0 |     0.00 |          0 |     0.00 |   0 |
| SLR1      |         0 |    0.00 |          0 |     0.00 |          0 |     0.00 |   0 |
| SLR0      |         1 |    0.48 |          0 |     0.00 |          0 |     0.00 |  16 |
+-----------+-----------+---------+------------+----------+------------+----------+-----+
| Total     |        19 |         |          0 |          |          0 |          |  16 |
+-----------+-----------+---------+------------+----------+------------+----------+-----+


