Copyright 1986-2021 Xilinx, Inc. All Rights Reserved.
----------------------------------------------------------------------------------------------------------------------------------------------------------------------------------------
| Tool Version : Vivado v.2021.2 (lin64) Build 3367213 Tue Oct 19 02:47:39 MDT 2021
| Date         : Thu Nov 21 21:29:27 2024
| Host         : hacc-gpu0 running 64-bit Ubuntu 20.04.6 LTS
| Command      : report_accelerator_utilization -kernels { krnl_vadd:pfm_top_i/dynamic_region/krnl_vadd_1/inst:krnl_vadd_1} -file kernel_util_placed.rpt -name kernel_util_placed -json
| Design       : pfm_top_wrapper
| Device       : xcu280
| Design State : Fully Placed
----------------------------------------------------------------------------------------------------------------------------------------------------------------------------------------

Accelerator Utilization Design Information

Table of Contents
-----------------
1. System Utilization

1. System Utilization
---------------------

+---------------------+-------------------+------------------+-------------------+----------------+---------------+----------------+
| Name                | LUT               | LUTAsMem         | REG               | BRAM           | URAM          | DSP            |
+---------------------+-------------------+------------------+-------------------+----------------+---------------+----------------+
| Platform            |  103086 [  7.91%] |   9960 [  1.66%] |  150626 [  5.78%] |  202 [ 10.02%] |   0 [  0.00%] |    4 [  0.04%] |
| User Budget         | 1199634 [100.00%] | 590520 [100.00%] | 2456734 [100.00%] | 1814 [100.00%] | 960 [100.00%] | 9020 [100.00%] |
|    Used Resources   |    3750 [  0.31%] |    933 [  0.16%] |    5073 [  0.21%] |    3 [  0.17%] |   0 [  0.00%] |    9 [  0.10%] |
|    Unused Resources | 1195884 [ 99.69%] | 589587 [ 99.84%] | 2451661 [ 99.79%] | 1811 [ 99.83%] | 960 [100.00%] | 9011 [ 99.90%] |
| krnl_vadd           |    3750 [  0.31%] |    933 [  0.16%] |    5073 [  0.21%] |    3 [  0.17%] |   0 [  0.00%] |    9 [  0.10%] |
|    krnl_vadd_1      |    3750 [  0.31%] |    933 [  0.16%] |    5073 [  0.21%] |    3 [  0.17%] |   0 [  0.00%] |    9 [  0.10%] |
+---------------------+-------------------+------------------+-------------------+----------------+---------------+----------------+


