Copyright 1986-2021 Xilinx, Inc. All Rights Reserved.
------------------------------------------------------------------------------------------------------------------------------------------------------------------------------------
| Tool Version : Vivado v.2021.2 (lin64) Build 3367213 Tue Oct 19 02:47:39 MDT 2021
| Date         : Wed Dec 11 23:12:33 2024
| Host         : hacc-gpu0 running 64-bit Ubuntu 20.04.6 LTS
| Command      : report_accelerator_utilization -kernels { overlay:pfm_top_i/dynamic_region/overlay_1/inst:overlay_1} -file kernel_util_synthed.rpt -name kernel_util_synthed -json
| Design       : pfm_top_wrapper
| Device       : xcu280
| Design State : Synthesized
------------------------------------------------------------------------------------------------------------------------------------------------------------------------------------

Accelerator Utilization Design Information

Table of Contents
-----------------
1. System Utilization

1. System Utilization
---------------------

+---------------------+-------------------+------------------+-------------------+----------------+---------------+----------------+
| Name                | LUT               | LUTAsMem         | REG               | BRAM           | URAM          | DSP            |
+---------------------+-------------------+------------------+-------------------+----------------+---------------+----------------+
| Platform            |  182028 [ 13.97%] |  25896 [  4.31%] |  262062 [ 10.05%] |  303 [ 15.03%] |   0 [  0.00%] |    7 [  0.08%] |
| User Budget         | 1120692 [100.00%] | 574584 [100.00%] | 2345298 [100.00%] | 1713 [100.00%] | 960 [100.00%] | 9017 [100.00%] |
|    Used Resources   |  134926 [ 12.04%] |  43401 [  7.55%] |  139820 [  5.96%] |  531 [ 31.00%] | 576 [ 60.00%] |  219 [  2.43%] |
|    Unused Resources |  985766 [ 87.96%] | 531183 [ 92.45%] | 2205478 [ 94.04%] | 1182 [ 69.00%] | 384 [ 40.00%] | 8798 [ 97.57%] |
| overlay             |  134926 [ 12.04%] |  43401 [  7.55%] |  139820 [  5.96%] |  531 [ 31.00%] | 576 [ 60.00%] |  219 [  2.43%] |
|    overlay_1        |  134926 [ 12.04%] |  43401 [  7.55%] |  139820 [  5.96%] |  531 [ 31.00%] | 576 [ 60.00%] |  219 [  2.43%] |
+---------------------+-------------------+------------------+-------------------+----------------+---------------+----------------+


