

================================================================
== Vitis HLS Report for 'krnl_vaddmul'
================================================================
* Date:           Sat Nov  9 16:52:31 2024

* Version:        2021.2 (Build 3367213 on Tue Oct 19 02:47:39 MDT 2021)
* Project:        krnl_vaddmul
* Solution:       solution (Vitis Kernel Flow Target)
* Product family: virtexuplus
* Target device:  xcu280-fsvh2892-2L-e


================================================================
== Performance Estimates
================================================================
+ Timing: 
    * Summary: 
    +--------+---------+----------+------------+
    |  Clock |  Target | Estimated| Uncertainty|
    +--------+---------+----------+------------+
    |ap_clk  |  3.33 ns|  2.433 ns|     0.90 ns|
    +--------+---------+----------+------------+

+ Latency: 
    * Summary: 
    +---------+---------+----------+----------+-----+-----+---------+
    |  Latency (cycles) |  Latency (absolute) |  Interval | Pipeline|
    |   min   |   max   |    min   |    max   | min | max |   Type  |
    +---------+---------+----------+----------+-----+-----+---------+
    |        ?|        ?|         ?|         ?|    ?|    ?|       no|
    +---------+---------+----------+----------+-----+-----+---------+

    + Detail: 
        * Instance: 
        +-----------------------------------------------+------------------------------------+---------+---------+----------+----------+-----+-----+---------+
        |                                               |                                    |  Latency (cycles) |  Latency (absolute) |  Interval | Pipeline|
        |                    Instance                   |               Module               |   min   |   max   |    min   |    max   | min | max |   Type  |
        +-----------------------------------------------+------------------------------------+---------+---------+----------+----------+-----+-----+---------+
        |grp_krnl_vaddmul_Pipeline_L_vops_vops1_fu_126  |krnl_vaddmul_Pipeline_L_vops_vops1  |        ?|        ?|         ?|         ?|    ?|    ?|       no|
        +-----------------------------------------------+------------------------------------+---------+---------+----------+----------+-----+-----+---------+

        * Loop: 
        N/A



================================================================
== Utilization Estimates
================================================================
* Summary: 
+---------------------+---------+------+---------+---------+-----+
|         Name        | BRAM_18K|  DSP |    FF   |   LUT   | URAM|
+---------------------+---------+------+---------+---------+-----+
|DSP                  |        -|     -|        -|        -|    -|
|Expression           |        -|     -|        0|       98|    -|
|FIFO                 |        -|     -|        -|        -|    -|
|Instance             |      232|     6|    16658|    14716|    0|
|Memory               |        -|     -|        -|        -|    -|
|Multiplexer          |        -|     -|        -|      142|    -|
|Register             |        -|     -|      417|        -|    -|
+---------------------+---------+------+---------+---------+-----+
|Total                |      232|     6|    17075|    14956|    0|
+---------------------+---------+------+---------+---------+-----+
|Available SLR        |     1344|  3008|   869120|   434560|  320|
+---------------------+---------+------+---------+---------+-----+
|Utilization SLR (%)  |       17|    ~0|        1|        3|    0|
+---------------------+---------+------+---------+---------+-----+
|Available            |     4032|  9024|  2607360|  1303680|  960|
+---------------------+---------+------+---------+---------+-----+
|Utilization (%)      |        5|    ~0|       ~0|        1|    0|
+---------------------+---------+------+---------+---------+-----+

+ Detail: 
    * Instance: 
    +-----------------------------------------------+------------------------------------+---------+----+------+------+-----+
    |                    Instance                   |               Module               | BRAM_18K| DSP|  FF  |  LUT | URAM|
    +-----------------------------------------------+------------------------------------+---------+----+------+------+-----+
    |control_s_axi_U                                |control_s_axi                       |        0|   0|   399|   682|    0|
    |gmem0_m_axi_U                                  |gmem0_m_axi                         |       58|   0|  2493|  2663|    0|
    |gmem1_m_axi_U                                  |gmem1_m_axi                         |       58|   0|  2493|  2663|    0|
    |gmem2_m_axi_U                                  |gmem2_m_axi                         |       58|   0|  2493|  2663|    0|
    |gmem3_m_axi_U                                  |gmem3_m_axi                         |       58|   0|  2493|  2663|    0|
    |grp_krnl_vaddmul_Pipeline_L_vops_vops1_fu_126  |krnl_vaddmul_Pipeline_L_vops_vops1  |        0|   0|  5949|  3280|    0|
    |mul_32ns_28ns_60_2_1_U14                       |mul_32ns_28ns_60_2_1                |        0|   3|   165|    49|    0|
    |mul_32ns_34ns_65_2_1_U13                       |mul_32ns_34ns_65_2_1                |        0|   3|   173|    53|    0|
    +-----------------------------------------------+------------------------------------+---------+----+------+------+-----+
    |Total                                          |                                    |      232|   6| 16658| 14716|    0|
    +-----------------------------------------------+------------------------------------+---------+----+------+------+-----+

    * DSP: 
    N/A

    * Memory: 
    N/A

    * FIFO: 
    N/A

    * Expression: 
    +---------------------------------+----------+----+---+----+------------+------------+
    |          Variable Name          | Operation| DSP| FF| LUT| Bitwidth P0| Bitwidth P1|
    +---------------------------------+----------+----+---+----+------------+------------+
    |add_ln66_fu_144_p2               |         +|   0|  0|  39|          32|           2|
    |vSize_fu_169_p2                  |         +|   0|  0|  35|          28|           1|
    |ap_block_state7_on_subcall_done  |       and|   0|  0|   2|           1|           1|
    |icmp_ln76_fu_174_p2              |      icmp|   0|  0|  20|          32|           1|
    |ap_block_state1                  |        or|   0|  0|   2|           1|           1|
    +---------------------------------+----------+----+---+----+------------+------------+
    |Total                            |          |   0|  0|  98|          94|           6|
    +---------------------------------+----------+----+---+----+------------+------------+

    * Multiplexer: 
    +---------------+----+-----------+-----+-----------+
    |      Name     | LUT| Input Size| Bits| Total Bits|
    +---------------+----+-----------+-----+-----------+
    |ap_NS_fsm      |  43|          8|    1|          8|
    |ap_done        |   9|          2|    1|          2|
    |gmem0_ARVALID  |   9|          2|    1|          2|
    |gmem0_RREADY   |   9|          2|    1|          2|
    |gmem1_ARVALID  |   9|          2|    1|          2|
    |gmem1_RREADY   |   9|          2|    1|          2|
    |gmem2_AWVALID  |   9|          2|    1|          2|
    |gmem2_BREADY   |   9|          2|    1|          2|
    |gmem2_WVALID   |   9|          2|    1|          2|
    |gmem3_AWVALID  |   9|          2|    1|          2|
    |gmem3_BREADY   |   9|          2|    1|          2|
    |gmem3_WVALID   |   9|          2|    1|          2|
    +---------------+----+-----------+-----+-----------+
    |Total          | 142|         30|   12|         30|
    +---------------+----+-----------+-----+-----------+

    * Register: 
    +------------------------------------------------------------+----+----+-----+-----------+
    |                            Name                            | FF | LUT| Bits| Const Bits|
    +------------------------------------------------------------+----+----+-----+-----------+
    |add_ln66_reg_192                                            |  32|   0|   32|          0|
    |ap_CS_fsm                                                   |   7|   0|    7|          0|
    |ap_done_reg                                                 |   1|   0|    1|          0|
    |ap_rst_n_inv                                                |   1|   0|    1|          0|
    |ap_rst_reg_1                                                |   1|   0|    1|          0|
    |ap_rst_reg_2                                                |   1|   0|    1|          0|
    |grp_krnl_vaddmul_Pipeline_L_vops_vops1_fu_126_ap_start_reg  |   1|   0|    1|          0|
    |icmp_ln76_reg_239                                           |   1|   0|    1|          0|
    |in1_read_reg_234                                            |  64|   0|   64|          0|
    |in2_read_reg_229                                            |  64|   0|   64|          0|
    |mul_ln76_reg_253                                            |  60|   0|   60|          0|
    |out_add_read_reg_224                                        |  64|   0|   64|          0|
    |out_mul_read_reg_219                                        |  64|   0|   64|          0|
    |trunc_ln_reg_202                                            |  28|   0|   28|          0|
    |vSize_reg_213                                               |  28|   0|   28|          0|
    +------------------------------------------------------------+----+----+-----+-----------+
    |Total                                                       | 417|   0|  417|          0|
    +------------------------------------------------------------+----+----+-----+-----------+



================================================================
== Interface
================================================================
* Summary: 
+-----------------------+-----+------+---------------+--------------+--------------+
|       RTL Ports       | Dir | Bits |    Protocol   | Source Object|    C Type    |
+-----------------------+-----+------+---------------+--------------+--------------+
|s_axi_control_AWVALID  |   in|     1|          s_axi|       control|        scalar|
|s_axi_control_AWREADY  |  out|     1|          s_axi|       control|        scalar|
|s_axi_control_AWADDR   |   in|     7|          s_axi|       control|        scalar|
|s_axi_control_WVALID   |   in|     1|          s_axi|       control|        scalar|
|s_axi_control_WREADY   |  out|     1|          s_axi|       control|        scalar|
|s_axi_control_WDATA    |   in|    32|          s_axi|       control|        scalar|
|s_axi_control_WSTRB    |   in|     4|          s_axi|       control|        scalar|
|s_axi_control_ARVALID  |   in|     1|          s_axi|       control|        scalar|
|s_axi_control_ARREADY  |  out|     1|          s_axi|       control|        scalar|
|s_axi_control_ARADDR   |   in|     7|          s_axi|       control|        scalar|
|s_axi_control_RVALID   |  out|     1|          s_axi|       control|        scalar|
|s_axi_control_RREADY   |   in|     1|          s_axi|       control|        scalar|
|s_axi_control_RDATA    |  out|    32|          s_axi|       control|        scalar|
|s_axi_control_RRESP    |  out|     2|          s_axi|       control|        scalar|
|s_axi_control_BVALID   |  out|     1|          s_axi|       control|        scalar|
|s_axi_control_BREADY   |   in|     1|          s_axi|       control|        scalar|
|s_axi_control_BRESP    |  out|     2|          s_axi|       control|        scalar|
|ap_local_block         |  out|     1|  ap_ctrl_chain|  krnl_vaddmul|  return value|
|ap_clk                 |   in|     1|  ap_ctrl_chain|  krnl_vaddmul|  return value|
|ap_rst_n               |   in|     1|  ap_ctrl_chain|  krnl_vaddmul|  return value|
|interrupt              |  out|     1|  ap_ctrl_chain|  krnl_vaddmul|  return value|
|m_axi_gmem0_AWVALID    |  out|     1|          m_axi|         gmem0|       pointer|
|m_axi_gmem0_AWREADY    |   in|     1|          m_axi|         gmem0|       pointer|
|m_axi_gmem0_AWADDR     |  out|    64|          m_axi|         gmem0|       pointer|
|m_axi_gmem0_AWID       |  out|     1|          m_axi|         gmem0|       pointer|
|m_axi_gmem0_AWLEN      |  out|     8|          m_axi|         gmem0|       pointer|
|m_axi_gmem0_AWSIZE     |  out|     3|          m_axi|         gmem0|       pointer|
|m_axi_gmem0_AWBURST    |  out|     2|          m_axi|         gmem0|       pointer|
|m_axi_gmem0_AWLOCK     |  out|     2|          m_axi|         gmem0|       pointer|
|m_axi_gmem0_AWCACHE    |  out|     4|          m_axi|         gmem0|       pointer|
|m_axi_gmem0_AWPROT     |  out|     3|          m_axi|         gmem0|       pointer|
|m_axi_gmem0_AWQOS      |  out|     4|          m_axi|         gmem0|       pointer|
|m_axi_gmem0_AWREGION   |  out|     4|          m_axi|         gmem0|       pointer|
|m_axi_gmem0_AWUSER     |  out|     1|          m_axi|         gmem0|       pointer|
|m_axi_gmem0_WVALID     |  out|     1|          m_axi|         gmem0|       pointer|
|m_axi_gmem0_WREADY     |   in|     1|          m_axi|         gmem0|       pointer|
|m_axi_gmem0_WDATA      |  out|  1024|          m_axi|         gmem0|       pointer|
|m_axi_gmem0_WSTRB      |  out|   128|          m_axi|         gmem0|       pointer|
|m_axi_gmem0_WLAST      |  out|     1|          m_axi|         gmem0|       pointer|
|m_axi_gmem0_WID        |  out|     1|          m_axi|         gmem0|       pointer|
|m_axi_gmem0_WUSER      |  out|     1|          m_axi|         gmem0|       pointer|
|m_axi_gmem0_ARVALID    |  out|     1|          m_axi|         gmem0|       pointer|
|m_axi_gmem0_ARREADY    |   in|     1|          m_axi|         gmem0|       pointer|
|m_axi_gmem0_ARADDR     |  out|    64|          m_axi|         gmem0|       pointer|
|m_axi_gmem0_ARID       |  out|     1|          m_axi|         gmem0|       pointer|
|m_axi_gmem0_ARLEN      |  out|     8|          m_axi|         gmem0|       pointer|
|m_axi_gmem0_ARSIZE     |  out|     3|          m_axi|         gmem0|       pointer|
|m_axi_gmem0_ARBURST    |  out|     2|          m_axi|         gmem0|       pointer|
|m_axi_gmem0_ARLOCK     |  out|     2|          m_axi|         gmem0|       pointer|
|m_axi_gmem0_ARCACHE    |  out|     4|          m_axi|         gmem0|       pointer|
|m_axi_gmem0_ARPROT     |  out|     3|          m_axi|         gmem0|       pointer|
|m_axi_gmem0_ARQOS      |  out|     4|          m_axi|         gmem0|       pointer|
|m_axi_gmem0_ARREGION   |  out|     4|          m_axi|         gmem0|       pointer|
|m_axi_gmem0_ARUSER     |  out|     1|          m_axi|         gmem0|       pointer|
|m_axi_gmem0_RVALID     |   in|     1|          m_axi|         gmem0|       pointer|
|m_axi_gmem0_RREADY     |  out|     1|          m_axi|         gmem0|       pointer|
|m_axi_gmem0_RDATA      |   in|  1024|          m_axi|         gmem0|       pointer|
|m_axi_gmem0_RLAST      |   in|     1|          m_axi|         gmem0|       pointer|
|m_axi_gmem0_RID        |   in|     1|          m_axi|         gmem0|       pointer|
|m_axi_gmem0_RUSER      |   in|     1|          m_axi|         gmem0|       pointer|
|m_axi_gmem0_RRESP      |   in|     2|          m_axi|         gmem0|       pointer|
|m_axi_gmem0_BVALID     |   in|     1|          m_axi|         gmem0|       pointer|
|m_axi_gmem0_BREADY     |  out|     1|          m_axi|         gmem0|       pointer|
|m_axi_gmem0_BRESP      |   in|     2|          m_axi|         gmem0|       pointer|
|m_axi_gmem0_BID        |   in|     1|          m_axi|         gmem0|       pointer|
|m_axi_gmem0_BUSER      |   in|     1|          m_axi|         gmem0|       pointer|
|m_axi_gmem1_AWVALID    |  out|     1|          m_axi|         gmem1|       pointer|
|m_axi_gmem1_AWREADY    |   in|     1|          m_axi|         gmem1|       pointer|
|m_axi_gmem1_AWADDR     |  out|    64|          m_axi|         gmem1|       pointer|
|m_axi_gmem1_AWID       |  out|     1|          m_axi|         gmem1|       pointer|
|m_axi_gmem1_AWLEN      |  out|     8|          m_axi|         gmem1|       pointer|
|m_axi_gmem1_AWSIZE     |  out|     3|          m_axi|         gmem1|       pointer|
|m_axi_gmem1_AWBURST    |  out|     2|          m_axi|         gmem1|       pointer|
|m_axi_gmem1_AWLOCK     |  out|     2|          m_axi|         gmem1|       pointer|
|m_axi_gmem1_AWCACHE    |  out|     4|          m_axi|         gmem1|       pointer|
|m_axi_gmem1_AWPROT     |  out|     3|          m_axi|         gmem1|       pointer|
|m_axi_gmem1_AWQOS      |  out|     4|          m_axi|         gmem1|       pointer|
|m_axi_gmem1_AWREGION   |  out|     4|          m_axi|         gmem1|       pointer|
|m_axi_gmem1_AWUSER     |  out|     1|          m_axi|         gmem1|       pointer|
|m_axi_gmem1_WVALID     |  out|     1|          m_axi|         gmem1|       pointer|
|m_axi_gmem1_WREADY     |   in|     1|          m_axi|         gmem1|       pointer|
|m_axi_gmem1_WDATA      |  out|  1024|          m_axi|         gmem1|       pointer|
|m_axi_gmem1_WSTRB      |  out|   128|          m_axi|         gmem1|       pointer|
|m_axi_gmem1_WLAST      |  out|     1|          m_axi|         gmem1|       pointer|
|m_axi_gmem1_WID        |  out|     1|          m_axi|         gmem1|       pointer|
|m_axi_gmem1_WUSER      |  out|     1|          m_axi|         gmem1|       pointer|
|m_axi_gmem1_ARVALID    |  out|     1|          m_axi|         gmem1|       pointer|
|m_axi_gmem1_ARREADY    |   in|     1|          m_axi|         gmem1|       pointer|
|m_axi_gmem1_ARADDR     |  out|    64|          m_axi|         gmem1|       pointer|
|m_axi_gmem1_ARID       |  out|     1|          m_axi|         gmem1|       pointer|
|m_axi_gmem1_ARLEN      |  out|     8|          m_axi|         gmem1|       pointer|
|m_axi_gmem1_ARSIZE     |  out|     3|          m_axi|         gmem1|       pointer|
|m_axi_gmem1_ARBURST    |  out|     2|          m_axi|         gmem1|       pointer|
|m_axi_gmem1_ARLOCK     |  out|     2|          m_axi|         gmem1|       pointer|
|m_axi_gmem1_ARCACHE    |  out|     4|          m_axi|         gmem1|       pointer|
|m_axi_gmem1_ARPROT     |  out|     3|          m_axi|         gmem1|       pointer|
|m_axi_gmem1_ARQOS      |  out|     4|          m_axi|         gmem1|       pointer|
|m_axi_gmem1_ARREGION   |  out|     4|          m_axi|         gmem1|       pointer|
|m_axi_gmem1_ARUSER     |  out|     1|          m_axi|         gmem1|       pointer|
|m_axi_gmem1_RVALID     |   in|     1|          m_axi|         gmem1|       pointer|
|m_axi_gmem1_RREADY     |  out|     1|          m_axi|         gmem1|       pointer|
|m_axi_gmem1_RDATA      |   in|  1024|          m_axi|         gmem1|       pointer|
|m_axi_gmem1_RLAST      |   in|     1|          m_axi|         gmem1|       pointer|
|m_axi_gmem1_RID        |   in|     1|          m_axi|         gmem1|       pointer|
|m_axi_gmem1_RUSER      |   in|     1|          m_axi|         gmem1|       pointer|
|m_axi_gmem1_RRESP      |   in|     2|          m_axi|         gmem1|       pointer|
|m_axi_gmem1_BVALID     |   in|     1|          m_axi|         gmem1|       pointer|
|m_axi_gmem1_BREADY     |  out|     1|          m_axi|         gmem1|       pointer|
|m_axi_gmem1_BRESP      |   in|     2|          m_axi|         gmem1|       pointer|
|m_axi_gmem1_BID        |   in|     1|          m_axi|         gmem1|       pointer|
|m_axi_gmem1_BUSER      |   in|     1|          m_axi|         gmem1|       pointer|
|m_axi_gmem2_AWVALID    |  out|     1|          m_axi|         gmem2|       pointer|
|m_axi_gmem2_AWREADY    |   in|     1|          m_axi|         gmem2|       pointer|
|m_axi_gmem2_AWADDR     |  out|    64|          m_axi|         gmem2|       pointer|
|m_axi_gmem2_AWID       |  out|     1|          m_axi|         gmem2|       pointer|
|m_axi_gmem2_AWLEN      |  out|     8|          m_axi|         gmem2|       pointer|
|m_axi_gmem2_AWSIZE     |  out|     3|          m_axi|         gmem2|       pointer|
|m_axi_gmem2_AWBURST    |  out|     2|          m_axi|         gmem2|       pointer|
|m_axi_gmem2_AWLOCK     |  out|     2|          m_axi|         gmem2|       pointer|
|m_axi_gmem2_AWCACHE    |  out|     4|          m_axi|         gmem2|       pointer|
|m_axi_gmem2_AWPROT     |  out|     3|          m_axi|         gmem2|       pointer|
|m_axi_gmem2_AWQOS      |  out|     4|          m_axi|         gmem2|       pointer|
|m_axi_gmem2_AWREGION   |  out|     4|          m_axi|         gmem2|       pointer|
|m_axi_gmem2_AWUSER     |  out|     1|          m_axi|         gmem2|       pointer|
|m_axi_gmem2_WVALID     |  out|     1|          m_axi|         gmem2|       pointer|
|m_axi_gmem2_WREADY     |   in|     1|          m_axi|         gmem2|       pointer|
|m_axi_gmem2_WDATA      |  out|  1024|          m_axi|         gmem2|       pointer|
|m_axi_gmem2_WSTRB      |  out|   128|          m_axi|         gmem2|       pointer|
|m_axi_gmem2_WLAST      |  out|     1|          m_axi|         gmem2|       pointer|
|m_axi_gmem2_WID        |  out|     1|          m_axi|         gmem2|       pointer|
|m_axi_gmem2_WUSER      |  out|     1|          m_axi|         gmem2|       pointer|
|m_axi_gmem2_ARVALID    |  out|     1|          m_axi|         gmem2|       pointer|
|m_axi_gmem2_ARREADY    |   in|     1|          m_axi|         gmem2|       pointer|
|m_axi_gmem2_ARADDR     |  out|    64|          m_axi|         gmem2|       pointer|
|m_axi_gmem2_ARID       |  out|     1|          m_axi|         gmem2|       pointer|
|m_axi_gmem2_ARLEN      |  out|     8|          m_axi|         gmem2|       pointer|
|m_axi_gmem2_ARSIZE     |  out|     3|          m_axi|         gmem2|       pointer|
|m_axi_gmem2_ARBURST    |  out|     2|          m_axi|         gmem2|       pointer|
|m_axi_gmem2_ARLOCK     |  out|     2|          m_axi|         gmem2|       pointer|
|m_axi_gmem2_ARCACHE    |  out|     4|          m_axi|         gmem2|       pointer|
|m_axi_gmem2_ARPROT     |  out|     3|          m_axi|         gmem2|       pointer|
|m_axi_gmem2_ARQOS      |  out|     4|          m_axi|         gmem2|       pointer|
|m_axi_gmem2_ARREGION   |  out|     4|          m_axi|         gmem2|       pointer|
|m_axi_gmem2_ARUSER     |  out|     1|          m_axi|         gmem2|       pointer|
|m_axi_gmem2_RVALID     |   in|     1|          m_axi|         gmem2|       pointer|
|m_axi_gmem2_RREADY     |  out|     1|          m_axi|         gmem2|       pointer|
|m_axi_gmem2_RDATA      |   in|  1024|          m_axi|         gmem2|       pointer|
|m_axi_gmem2_RLAST      |   in|     1|          m_axi|         gmem2|       pointer|
|m_axi_gmem2_RID        |   in|     1|          m_axi|         gmem2|       pointer|
|m_axi_gmem2_RUSER      |   in|     1|          m_axi|         gmem2|       pointer|
|m_axi_gmem2_RRESP      |   in|     2|          m_axi|         gmem2|       pointer|
|m_axi_gmem2_BVALID     |   in|     1|          m_axi|         gmem2|       pointer|
|m_axi_gmem2_BREADY     |  out|     1|          m_axi|         gmem2|       pointer|
|m_axi_gmem2_BRESP      |   in|     2|          m_axi|         gmem2|       pointer|
|m_axi_gmem2_BID        |   in|     1|          m_axi|         gmem2|       pointer|
|m_axi_gmem2_BUSER      |   in|     1|          m_axi|         gmem2|       pointer|
|m_axi_gmem3_AWVALID    |  out|     1|          m_axi|         gmem3|       pointer|
|m_axi_gmem3_AWREADY    |   in|     1|          m_axi|         gmem3|       pointer|
|m_axi_gmem3_AWADDR     |  out|    64|          m_axi|         gmem3|       pointer|
|m_axi_gmem3_AWID       |  out|     1|          m_axi|         gmem3|       pointer|
|m_axi_gmem3_AWLEN      |  out|     8|          m_axi|         gmem3|       pointer|
|m_axi_gmem3_AWSIZE     |  out|     3|          m_axi|         gmem3|       pointer|
|m_axi_gmem3_AWBURST    |  out|     2|          m_axi|         gmem3|       pointer|
|m_axi_gmem3_AWLOCK     |  out|     2|          m_axi|         gmem3|       pointer|
|m_axi_gmem3_AWCACHE    |  out|     4|          m_axi|         gmem3|       pointer|
|m_axi_gmem3_AWPROT     |  out|     3|          m_axi|         gmem3|       pointer|
|m_axi_gmem3_AWQOS      |  out|     4|          m_axi|         gmem3|       pointer|
|m_axi_gmem3_AWREGION   |  out|     4|          m_axi|         gmem3|       pointer|
|m_axi_gmem3_AWUSER     |  out|     1|          m_axi|         gmem3|       pointer|
|m_axi_gmem3_WVALID     |  out|     1|          m_axi|         gmem3|       pointer|
|m_axi_gmem3_WREADY     |   in|     1|          m_axi|         gmem3|       pointer|
|m_axi_gmem3_WDATA      |  out|  1024|          m_axi|         gmem3|       pointer|
|m_axi_gmem3_WSTRB      |  out|   128|          m_axi|         gmem3|       pointer|
|m_axi_gmem3_WLAST      |  out|     1|          m_axi|         gmem3|       pointer|
|m_axi_gmem3_WID        |  out|     1|          m_axi|         gmem3|       pointer|
|m_axi_gmem3_WUSER      |  out|     1|          m_axi|         gmem3|       pointer|
|m_axi_gmem3_ARVALID    |  out|     1|          m_axi|         gmem3|       pointer|
|m_axi_gmem3_ARREADY    |   in|     1|          m_axi|         gmem3|       pointer|
|m_axi_gmem3_ARADDR     |  out|    64|          m_axi|         gmem3|       pointer|
|m_axi_gmem3_ARID       |  out|     1|          m_axi|         gmem3|       pointer|
|m_axi_gmem3_ARLEN      |  out|     8|          m_axi|         gmem3|       pointer|
|m_axi_gmem3_ARSIZE     |  out|     3|          m_axi|         gmem3|       pointer|
|m_axi_gmem3_ARBURST    |  out|     2|          m_axi|         gmem3|       pointer|
|m_axi_gmem3_ARLOCK     |  out|     2|          m_axi|         gmem3|       pointer|
|m_axi_gmem3_ARCACHE    |  out|     4|          m_axi|         gmem3|       pointer|
|m_axi_gmem3_ARPROT     |  out|     3|          m_axi|         gmem3|       pointer|
|m_axi_gmem3_ARQOS      |  out|     4|          m_axi|         gmem3|       pointer|
|m_axi_gmem3_ARREGION   |  out|     4|          m_axi|         gmem3|       pointer|
|m_axi_gmem3_ARUSER     |  out|     1|          m_axi|         gmem3|       pointer|
|m_axi_gmem3_RVALID     |   in|     1|          m_axi|         gmem3|       pointer|
|m_axi_gmem3_RREADY     |  out|     1|          m_axi|         gmem3|       pointer|
|m_axi_gmem3_RDATA      |   in|  1024|          m_axi|         gmem3|       pointer|
|m_axi_gmem3_RLAST      |   in|     1|          m_axi|         gmem3|       pointer|
|m_axi_gmem3_RID        |   in|     1|          m_axi|         gmem3|       pointer|
|m_axi_gmem3_RUSER      |   in|     1|          m_axi|         gmem3|       pointer|
|m_axi_gmem3_RRESP      |   in|     2|          m_axi|         gmem3|       pointer|
|m_axi_gmem3_BVALID     |   in|     1|          m_axi|         gmem3|       pointer|
|m_axi_gmem3_BREADY     |  out|     1|          m_axi|         gmem3|       pointer|
|m_axi_gmem3_BRESP      |   in|     2|          m_axi|         gmem3|       pointer|
|m_axi_gmem3_BID        |   in|     1|          m_axi|         gmem3|       pointer|
|m_axi_gmem3_BUSER      |   in|     1|          m_axi|         gmem3|       pointer|
+-----------------------+-----+------+---------------+--------------+--------------+

