Copyright 1986-2021 Xilinx, Inc. All Rights Reserved.
---------------------------------------------------------------------------------------------------------------------------------------------------------------------------------------------------------------------------------------------------------------------------------------------------------------------------------------------------
| Tool Version : Vivado v.2021.2 (lin64) Build 3367213 Tue Oct 19 02:47:39 MDT 2021
| Date         : Sat Nov  2 15:57:32 2024
| Host         : hacc-gpu0 running 64-bit Ubuntu 20.04.6 LTS
| Command      : report_accelerator_utilization -kernels { krnl_vaddmul:pfm_top_i/dynamic_region/krnl_vaddmul_1/inst:krnl_vaddmul_1 krnl_vaddmul:pfm_top_i/dynamic_region/krnl_vaddmul_2/inst:krnl_vaddmul_2 krnl_vaddmul:pfm_top_i/dynamic_region/krnl_vaddmul_3/inst:krnl_vaddmul_3} -file kernel_util_routed.rpt -name kernel_util_routed -json
| Design       : pfm_top_wrapper
| Device       : xcu280
| Design State : Routed
---------------------------------------------------------------------------------------------------------------------------------------------------------------------------------------------------------------------------------------------------------------------------------------------------------------------------------------------------

Accelerator Utilization Design Information

Table of Contents
-----------------
1. System Utilization

1. System Utilization
---------------------

+---------------------+-------------------+------------------+-------------------+----------------+---------------+----------------+
| Name                | LUT               | LUTAsMem         | REG               | BRAM           | URAM          | DSP            |
+---------------------+-------------------+------------------+-------------------+----------------+---------------+----------------+
| Platform            |  125005 [  9.60%] |  19514 [  3.25%] |  185429 [  7.11%] |  202 [ 10.02%] |   0 [  0.00%] |    4 [  0.04%] |
| User Budget         | 1177715 [100.00%] | 580966 [100.00%] | 2421931 [100.00%] | 1814 [100.00%] | 960 [100.00%] | 9020 [100.00%] |
|    Used Resources   |   25863 [  2.20%] |   9327 [  1.61%] |   44945 [  1.86%] |   96 [  5.29%] |   0 [  0.00%] |   24 [  0.27%] |
|    Unused Resources | 1151852 [ 97.80%] | 571639 [ 98.39%] | 2376986 [ 98.14%] | 1718 [ 94.71%] | 960 [100.00%] | 8996 [ 99.73%] |
| krnl_vaddmul        |   25863 [  2.20%] |   9327 [  1.61%] |   44945 [  1.86%] |   96 [  5.29%] |   0 [  0.00%] |   24 [  0.27%] |
|    krnl_vaddmul_1   |    8620 [  0.73%] |   3109 [  0.54%] |   14989 [  0.62%] |   32 [  1.76%] |   0 [  0.00%] |    8 [  0.09%] |
|    krnl_vaddmul_2   |    8622 [  0.73%] |   3109 [  0.54%] |   14964 [  0.62%] |   32 [  1.76%] |   0 [  0.00%] |    8 [  0.09%] |
|    krnl_vaddmul_3   |    8621 [  0.73%] |   3109 [  0.54%] |   14992 [  0.62%] |   32 [  1.76%] |   0 [  0.00%] |    8 [  0.09%] |
+---------------------+-------------------+------------------+-------------------+----------------+---------------+----------------+


