Copyright 1986-2021 Xilinx, Inc. All Rights Reserved.
-----------------------------------------------------------------------------------------------------------------------------------------------------------------------------------------------------------------------------------------------------------------------------------------------------------------------------------------------------
| Tool Version : Vivado v.2021.2 (lin64) Build 3367213 Tue Oct 19 02:47:39 MDT 2021
| Date         : Sat Nov  2 14:14:57 2024
| Host         : hacc-gpu0 running 64-bit Ubuntu 20.04.6 LTS
| Command      : report_accelerator_utilization -kernels { krnl_vaddmul:pfm_top_i/dynamic_region/krnl_vaddmul_1/inst:krnl_vaddmul_1 krnl_vaddmul:pfm_top_i/dynamic_region/krnl_vaddmul_2/inst:krnl_vaddmul_2 krnl_vaddmul:pfm_top_i/dynamic_region/krnl_vaddmul_3/inst:krnl_vaddmul_3} -file kernel_util_synthed.rpt -name kernel_util_synthed -json
| Design       : pfm_top_wrapper
| Device       : xcu280
| Design State : Synthesized
-----------------------------------------------------------------------------------------------------------------------------------------------------------------------------------------------------------------------------------------------------------------------------------------------------------------------------------------------------

Accelerator Utilization Design Information

Table of Contents
-----------------
1. System Utilization

1. System Utilization
---------------------

+---------------------+-------------------+------------------+-------------------+----------------+---------------+----------------+
| Name                | LUT               | LUTAsMem         | REG               | BRAM           | URAM          | DSP            |
+---------------------+-------------------+------------------+-------------------+----------------+---------------+----------------+
| Platform            |  150272 [ 11.54%] |  28072 [  4.67%] |  217225 [  8.33%] |  202 [ 10.02%] |   0 [  0.00%] |    4 [  0.04%] |
| User Budget         | 1152448 [100.00%] | 572408 [100.00%] | 2390135 [100.00%] | 1814 [100.00%] | 960 [100.00%] | 9020 [100.00%] |
|    Used Resources   |   36624 [  3.18%] |  18903 [  3.30%] |   49284 [  2.06%] |   96 [  5.29%] |   0 [  0.00%] |   24 [  0.27%] |
|    Unused Resources | 1115824 [ 96.82%] | 553505 [ 96.70%] | 2340851 [ 97.94%] | 1718 [ 94.71%] | 960 [100.00%] | 8996 [ 99.73%] |
| krnl_vaddmul        |   36624 [  3.18%] |  18903 [  3.30%] |   49284 [  2.06%] |   96 [  5.29%] |   0 [  0.00%] |   24 [  0.27%] |
|    krnl_vaddmul_1   |   12208 [  1.06%] |   6301 [  1.10%] |   16428 [  0.69%] |   32 [  1.76%] |   0 [  0.00%] |    8 [  0.09%] |
|    krnl_vaddmul_2   |   12208 [  1.06%] |   6301 [  1.10%] |   16428 [  0.69%] |   32 [  1.76%] |   0 [  0.00%] |    8 [  0.09%] |
|    krnl_vaddmul_3   |   12208 [  1.06%] |   6301 [  1.10%] |   16428 [  0.69%] |   32 [  1.76%] |   0 [  0.00%] |    8 [  0.09%] |
+---------------------+-------------------+------------------+-------------------+----------------+---------------+----------------+


