Copyright 1986-2021 Xilinx, Inc. All Rights Reserved.
------------------------------------------------------------------------------------------
| Tool Version : Vivado v.2021.2 (lin64) Build 3367213 Tue Oct 19 02:47:39 MDT 2021
| Date         : Thu Nov 21 16:32:46 2024
| Host         : hacc-gpu0 running 64-bit Ubuntu 20.04.6 LTS
| Command      : report_utilization -slr -file slr_util_routed.rpt -pb slr_util_routed.pb
| Design       : pfm_top_wrapper
| Device       : xcu280-fsvh2892-2L-e
| Speed File   : -2L
| Design State : Routed
------------------------------------------------------------------------------------------

Utilization Design Information

Table of Contents
-----------------
1. SLR Connectivity
2. SLR Connectivity Matrix
3. SLR CLB Logic and Dedicated Block Utilization
4. SLR IO Utilization

1. SLR Connectivity
-------------------

+----------------------------------+------+-------+-----------+-------+
|                                  | Used | Fixed | Available | Util% |
+----------------------------------+------+-------+-----------+-------+
| SLR2 <-> SLR1                    | 3959 |       |     23040 | 17.18 |
|   SLR1 -> SLR2                   | 2084 |       |           |  9.05 |
|     Using TX_REG only            |  267 |     1 |           |       |
|     Using RX_REG only            |  284 |    18 |           |       |
|     Using Both TX_REG and RX_REG |  267 |     1 |           |       |
|   SLR2 -> SLR1                   | 1875 |       |           |  8.14 |
|     Using TX_REG only            |  407 |     0 |           |       |
|     Using RX_REG only            |  412 |     4 |           |       |
|     Using Both TX_REG and RX_REG |  407 |     0 |           |       |
| SLR1 <-> SLR0                    | 2521 |       |     23040 | 10.94 |
|   SLR0 -> SLR1                   | 1127 |       |           |  4.89 |
|     Using TX_REG only            |  371 |    71 |           |       |
|     Using RX_REG only            |  361 |    61 |           |       |
|     Using Both TX_REG and RX_REG |  355 |    55 |           |       |
|   SLR1 -> SLR0                   | 1394 |       |           |  6.05 |
|     Using TX_REG only            |  441 |    62 |           |       |
|     Using RX_REG only            |  452 |    71 |           |       |
|     Using Both TX_REG and RX_REG |  439 |    60 |           |       |
+----------------------------------+------+-------+-----------+-------+
| Total SLLs Used                  | 6480 |       |           |       |
+----------------------------------+------+-------+-----------+-------+


2. SLR Connectivity Matrix
--------------------------

+-----------+------+------+------+
| FROM \ TO | SLR2 | SLR1 | SLR0 |
+-----------+------+------+------+
| SLR2      |    0 | 1738 |  137 |
| SLR1      | 1984 |    0 | 1257 |
| SLR0      |  100 | 1027 |    0 |
+-----------+------+------+------+


3. SLR CLB Logic and Dedicated Block Utilization
------------------------------------------------

+----------------------------+-------+-------+-------+--------+--------+--------+
|          Site Type         |  SLR0 |  SLR1 |  SLR2 | SLR0 % | SLR1 % | SLR2 % |
+----------------------------+-------+-------+-------+--------+--------+--------+
| CLB                        |  7156 |  7350 |  8308 |  13.02 |  13.61 |  15.39 |
|   CLBL                     |  3547 |  3685 |  4260 |  12.11 |  12.59 |  14.55 |
|   CLBM                     |  3609 |  3665 |  4048 |  14.05 |  14.83 |  16.38 |
| CLB LUTs                   | 23452 | 48158 | 35283 |   5.33 |  11.15 |   8.17 |
|   LUT as Logic             | 19567 | 44156 | 32277 |   4.45 |  10.22 |   7.47 |
|     using O5 output only   |   548 |   296 |  1016 |   0.12 |   0.07 |   0.24 |
|     using O6 output only   | 12900 | 34646 | 19497 |   2.93 |   8.02 |   4.51 |
|     using O5 and O6        |  6119 |  9214 | 11764 |   1.39 |   2.13 |   2.72 |
|   LUT as Memory            |  3885 |  4002 |  3006 |   1.89 |   2.02 |   1.52 |
|     LUT as Distributed RAM |  1232 |  3837 |  1660 |   0.60 |   1.94 |   0.84 |
|       using O5 output only |     0 |     0 |     0 |   0.00 |   0.00 |   0.00 |
|       using O6 output only |    80 |   215 |    84 |   0.04 |   0.11 |   0.04 |
|       using O5 and O6      |  1152 |  3622 |  1576 |   0.56 |   1.83 |   0.80 |
|     LUT as Shift Register  |  2653 |   165 |  1346 |   1.29 |   0.08 |   0.68 |
|       using O5 output only |     0 |     0 |     0 |   0.00 |   0.00 |   0.00 |
|       using O6 output only |  1732 |   165 |  1216 |   0.84 |   0.08 |   0.61 |
|       using O5 and O6      |   921 |     0 |   130 |   0.45 |   0.00 |   0.07 |
| CLB Registers              | 48257 | 46989 | 60477 |   5.49 |   5.44 |   7.00 |
| CARRY8                     |   502 |   480 |   313 |   0.91 |   0.89 |   0.58 |
| F7 Muxes                   |   701 |   651 |  1054 |   0.32 |   0.30 |   0.49 |
| F8 Muxes                   |    17 |   141 |    47 |   0.02 |   0.13 |   0.04 |
| F9 Muxes                   |     0 |     0 |     0 |   0.00 |   0.00 |   0.00 |
| Block RAM Tile             |  28.5 |  82.5 |    94 |   4.24 |  12.28 |  13.99 |
|   RAMB36/FIFO              |    27 |    82 |    92 |   4.02 |  12.20 |  13.69 |
|     RAMB36E2 only          |    27 |    82 |    92 |   4.02 |  12.20 |  13.69 |
|   RAMB18                   |     3 |     1 |     4 |   0.22 |   0.07 |   0.30 |
|     RAMB18E2 only          |     3 |     1 |     4 |   0.22 |   0.07 |   0.30 |
| URAM                       |     0 |     0 |     0 |   0.00 |   0.00 |   0.00 |
| DSPs                       |     9 |     0 |     4 |   0.31 |   0.00 |   0.13 |
| Unique Control Sets        |  1716 |  1522 |  2716 |   1.56 |   1.41 |   2.51 |
+----------------------------+-------+-------+-------+--------+--------+--------+
* Note: Available Control Sets based on CLB Registers / 8


4. SLR IO Utilization
---------------------

+-----------+-----------+---------+------------+----------+------------+----------+-----+
| SLR Index | Used IOBs | (%)IOBs | Used IPADs | (%)IPADs | Used OPADs | (%)OPADs | GTs |
+-----------+-----------+---------+------------+----------+------------+----------+-----+
| SLR2      |        18 |    8.65 |          0 |     0.00 |          0 |     0.00 |   0 |
| SLR1      |         0 |    0.00 |          0 |     0.00 |          0 |     0.00 |   0 |
| SLR0      |         1 |    0.48 |          0 |     0.00 |          0 |     0.00 |  16 |
+-----------+-----------+---------+------------+----------+------------+----------+-----+
| Total     |        19 |         |          0 |          |          0 |          |  16 |
+-----------+-----------+---------+------------+----------+------------+----------+-----+


