Copyright 1986-2021 Xilinx, Inc. All Rights Reserved.
-----------------------------------------------------------------------------------------------------------------------------------------------------------------------------------------------------------------------------------------------------------------------------------------------------------------------------------------------------------------------------------------------------------------------------------------------------------------------------------------------------
| Tool Version : Vivado v.2021.2 (lin64) Build 3367213 Tue Oct 19 02:47:39 MDT 2021
| Date         : Wed Nov 20 10:27:32 2024
| Host         : hacc-gpu0 running 64-bit Ubuntu 20.04.6 LTS
| Command      : report_accelerator_utilization -kernels { krnl_vaddmul:pfm_top_i/dynamic_region/krnl_vaddmul_1/inst:krnl_vaddmul_1 krnl_vaddmul:pfm_top_i/dynamic_region/krnl_vaddmul_2/inst:krnl_vaddmul_2 krnl_vaddmul:pfm_top_i/dynamic_region/krnl_vaddmul_3/inst:krnl_vaddmul_3 krnl_vaddmul:pfm_top_i/dynamic_region/krnl_vaddmul_4/inst:krnl_vaddmul_4 krnl_vaddmul:pfm_top_i/dynamic_region/krnl_vaddmul_5/inst:krnl_vaddmul_5} -file kernel_util_routed.rpt -name kernel_util_routed -json
| Design       : pfm_top_wrapper
| Device       : xcu280
| Design State : Routed
-----------------------------------------------------------------------------------------------------------------------------------------------------------------------------------------------------------------------------------------------------------------------------------------------------------------------------------------------------------------------------------------------------------------------------------------------------------------------------------------------------

Accelerator Utilization Design Information

Table of Contents
-----------------
1. System Utilization

1. System Utilization
---------------------

+---------------------+-------------------+------------------+-------------------+----------------+---------------+----------------+
| Name                | LUT               | LUTAsMem         | REG               | BRAM           | URAM          | DSP            |
+---------------------+-------------------+------------------+-------------------+----------------+---------------+----------------+
| Platform            |  133329 [ 10.23%] |  23664 [  3.94%] |  200840 [  7.70%] |  204 [ 10.12%] |   0 [  0.00%] |    4 [  0.04%] |
| User Budget         | 1169391 [100.00%] | 576816 [100.00%] | 2406520 [100.00%] | 1812 [100.00%] | 960 [100.00%] | 9020 [100.00%] |
|    Used Resources   |  121339 [ 10.38%] |   9135 [  1.58%] |  145116 [  6.03%] |  230 [ 12.69%] |   0 [  0.00%] |  375 [  4.16%] |
|    Unused Resources | 1048052 [ 89.62%] | 567681 [ 98.42%] | 2261404 [ 93.97%] | 1582 [ 87.31%] | 960 [100.00%] | 8645 [ 95.84%] |
| krnl_vaddmul        |  121339 [ 10.38%] |   9135 [  1.58%] |  145116 [  6.03%] |  230 [ 12.69%] |   0 [  0.00%] |  375 [  4.16%] |
|    krnl_vaddmul_1   |   24414 [  2.09%] |   1827 [  0.32%] |   29303 [  1.22%] |   46 [  2.54%] |   0 [  0.00%] |   75 [  0.83%] |
|    krnl_vaddmul_2   |   24209 [  2.07%] |   1827 [  0.32%] |   28536 [  1.19%] |   46 [  2.54%] |   0 [  0.00%] |   75 [  0.83%] |
|    krnl_vaddmul_3   |   24281 [  2.08%] |   1827 [  0.32%] |   29338 [  1.22%] |   46 [  2.54%] |   0 [  0.00%] |   75 [  0.83%] |
|    krnl_vaddmul_4   |   24211 [  2.07%] |   1827 [  0.32%] |   29417 [  1.22%] |   46 [  2.54%] |   0 [  0.00%] |   75 [  0.83%] |
|    krnl_vaddmul_5   |   24224 [  2.07%] |   1827 [  0.32%] |   28522 [  1.19%] |   46 [  2.54%] |   0 [  0.00%] |   75 [  0.83%] |
+---------------------+-------------------+------------------+-------------------+----------------+---------------+----------------+


