Copyright 1986-2021 Xilinx, Inc. All Rights Reserved.
------------------------------------------------------------------------------------------
| Tool Version : Vivado v.2021.2 (lin64) Build 3367213 Tue Oct 19 02:47:39 MDT 2021
| Date         : Wed Nov 20 08:32:45 2024
| Host         : hacc-gpu0 running 64-bit Ubuntu 20.04.6 LTS
| Command      : report_utilization -slr -file slr_util_placed.rpt -pb slr_util_placed.pb
| Design       : pfm_top_wrapper
| Device       : xcu280-fsvh2892-2L-e
| Speed File   : -2L
| Design State : Fully Placed
------------------------------------------------------------------------------------------

Utilization Design Information

Table of Contents
-----------------
1. SLR Connectivity
2. SLR Connectivity Matrix
3. SLR CLB Logic and Dedicated Block Utilization
4. SLR IO Utilization

1. SLR Connectivity
-------------------

+----------------------------------+------+-------+-----------+-------+
|                                  | Used | Fixed | Available | Util% |
+----------------------------------+------+-------+-----------+-------+
| SLR2 <-> SLR1                    | 3974 |       |     23040 | 17.25 |
|   SLR1 -> SLR2                   | 2102 |       |           |  9.12 |
|     Using TX_REG only            |    1 |     1 |           |       |
|     Using RX_REG only            |   18 |    18 |           |       |
|     Using Both TX_REG and RX_REG |  267 |     1 |           |       |
|   SLR2 -> SLR1                   | 1872 |       |           |  8.13 |
|     Using TX_REG only            |    0 |     0 |           |       |
|     Using RX_REG only            |    4 |     4 |           |       |
|     Using Both TX_REG and RX_REG |  407 |     0 |           |       |
| SLR1 <-> SLR0                    | 2542 |       |     23040 | 11.03 |
|   SLR0 -> SLR1                   | 1145 |       |           |  4.97 |
|     Using TX_REG only            |   71 |    71 |           |       |
|     Using RX_REG only            |   61 |    61 |           |       |
|     Using Both TX_REG and RX_REG |  355 |    55 |           |       |
|   SLR1 -> SLR0                   | 1397 |       |           |  6.06 |
|     Using TX_REG only            |   62 |    62 |           |       |
|     Using RX_REG only            |   72 |    71 |           |       |
|     Using Both TX_REG and RX_REG |  435 |    60 |           |       |
+----------------------------------+------+-------+-----------+-------+
| Total SLLs Used                  | 6516 |       |           |       |
+----------------------------------+------+-------+-----------+-------+


2. SLR Connectivity Matrix
--------------------------

+-----------+------+------+------+
| FROM \ TO | SLR2 | SLR1 | SLR0 |
+-----------+------+------+------+
| SLR2      |    0 | 1715 |  157 |
| SLR1      | 1960 |    0 | 1240 |
| SLR0      |  142 | 1003 |    0 |
+-----------+------+------+------+


3. SLR CLB Logic and Dedicated Block Utilization
------------------------------------------------

+----------------------------+--------+-------+-------+--------+--------+--------+
|          Site Type         |  SLR0  |  SLR1 |  SLR2 | SLR0 % | SLR1 % | SLR2 % |
+----------------------------+--------+-------+-------+--------+--------+--------+
| CLB                        |  37716 |  6705 |  7810 |  68.62 |  12.42 |  14.46 |
|   CLBL                     |  19567 |  3352 |  4044 |  66.83 |  11.45 |  13.81 |
|   CLBM                     |  18149 |  3353 |  3766 |  70.67 |  13.56 |  15.23 |
| CLB LUTs                   | 171674 | 47683 | 35282 |  39.05 |  11.04 |   8.17 |
|   LUT as Logic             | 145854 | 43711 | 32275 |  33.17 |  10.12 |   7.47 |
|     using O5 output only   |   1849 |   288 |  1012 |   0.42 |   0.07 |   0.23 |
|     using O6 output only   | 113494 | 34267 | 19459 |  25.81 |   7.93 |   4.50 |
|     using O5 and O6        |  30511 |  9156 | 11804 |   6.94 |   2.12 |   2.73 |
|   LUT as Memory            |  25820 |  3972 |  3007 |  12.57 |   2.01 |   1.52 |
|     LUT as Distributed RAM |  14750 |  3837 |  1660 |   7.18 |   1.94 |   0.84 |
|       using O5 output only |      0 |     0 |     0 |   0.00 |   0.00 |   0.00 |
|       using O6 output only |     80 |   215 |    84 |   0.04 |   0.11 |   0.04 |
|       using O5 and O6      |  14670 |  3622 |  1576 |   7.14 |   1.83 |   0.80 |
|     LUT as Shift Register  |  11070 |   135 |  1347 |   5.39 |   0.07 |   0.68 |
|       using O5 output only |      0 |     0 |     0 |   0.00 |   0.00 |   0.00 |
|       using O6 output only |   4284 |   135 |  1217 |   2.09 |   0.07 |   0.62 |
|       using O5 and O6      |   6786 |     0 |   130 |   3.30 |   0.00 |   0.07 |
| CLB Registers              | 238224 | 46338 | 60545 |  27.09 |   5.36 |   7.01 |
| CARRY8                     |   2052 |   473 |   313 |   3.73 |   0.88 |   0.58 |
| F7 Muxes                   |   1356 |   651 |  1054 |   0.62 |   0.30 |   0.49 |
| F8 Muxes                   |     16 |   141 |    47 |   0.01 |   0.13 |   0.04 |
| F9 Muxes                   |      0 |     0 |     0 |   0.00 |   0.00 |   0.00 |
| Block RAM Tile             |    262 |  80.5 |    94 |  38.99 |  11.98 |  13.99 |
|   RAMB36/FIFO              |    258 |    80 |    92 |  38.39 |  11.90 |  13.69 |
|     RAMB36E2 only          |    258 |    80 |    92 |  38.39 |  11.90 |  13.69 |
|   RAMB18                   |      8 |     1 |     4 |   0.60 |   0.07 |   0.30 |
|     RAMB18E2 only          |      8 |     1 |     4 |   0.60 |   0.07 |   0.30 |
| URAM                       |      0 |     0 |     0 |   0.00 |   0.00 |   0.00 |
| DSPs                       |    375 |     0 |     4 |  13.02 |   0.00 |   0.13 |
| Unique Control Sets        |   5430 |  1505 |  2721 |   4.94 |   1.39 |   2.52 |
+----------------------------+--------+-------+-------+--------+--------+--------+
* Note: Available Control Sets based on CLB Registers / 8


4. SLR IO Utilization
---------------------

+-----------+-----------+---------+------------+----------+------------+----------+-----+
| SLR Index | Used IOBs | (%)IOBs | Used IPADs | (%)IPADs | Used OPADs | (%)OPADs | GTs |
+-----------+-----------+---------+------------+----------+------------+----------+-----+
| SLR2      |        18 |    8.65 |          0 |     0.00 |          0 |     0.00 |   0 |
| SLR1      |         0 |    0.00 |          0 |     0.00 |          0 |     0.00 |   0 |
| SLR0      |         1 |    0.48 |          0 |     0.00 |          0 |     0.00 |  16 |
+-----------+-----------+---------+------------+----------+------------+----------+-----+
| Total     |        19 |         |          0 |          |          0 |          |  16 |
+-----------+-----------+---------+------------+----------+------------+----------+-----+


