Copyright 1986-2021 Xilinx, Inc. All Rights Reserved.
----------------------------------------------------------------------------------------------------------------------------------------------------------------------------------------
| Tool Version : Vivado v.2021.2 (lin64) Build 3367213 Tue Oct 19 02:47:39 MDT 2021
| Date         : Thu Nov 21 06:34:22 2024
| Host         : hacc-gpu0 running 64-bit Ubuntu 20.04.6 LTS
| Command      : report_accelerator_utilization -kernels { krnl_vadd:pfm_top_i/dynamic_region/krnl_vadd_1/inst:krnl_vadd_1} -file kernel_util_placed.rpt -name kernel_util_placed -json
| Design       : pfm_top_wrapper
| Device       : xcu280
| Design State : Fully Placed
----------------------------------------------------------------------------------------------------------------------------------------------------------------------------------------

Accelerator Utilization Design Information

Table of Contents
-----------------
1. System Utilization

1. System Utilization
---------------------

+---------------------+-------------------+------------------+-------------------+----------------+---------------+----------------+
| Name                | LUT               | LUTAsMem         | REG               | BRAM           | URAM          | DSP            |
+---------------------+-------------------+------------------+-------------------+----------------+---------------+----------------+
| Platform            |  102907 [  7.90%] |   9952 [  1.66%] |  150293 [  5.76%] |  202 [ 10.02%] |   0 [  0.00%] |    4 [  0.04%] |
| User Budget         | 1199813 [100.00%] | 590528 [100.00%] | 2457067 [100.00%] | 1814 [100.00%] | 960 [100.00%] | 9020 [100.00%] |
|    Used Resources   |    6528 [  0.54%] |   1047 [  0.18%] |   10339 [  0.42%] |   12 [  0.66%] |   0 [  0.00%] |   12 [  0.13%] |
|    Unused Resources | 1193285 [ 99.46%] | 589481 [ 99.82%] | 2446728 [ 99.58%] | 1802 [ 99.34%] | 960 [100.00%] | 9008 [ 99.87%] |
| krnl_vadd           |    6528 [  0.54%] |   1047 [  0.18%] |   10339 [  0.42%] |   12 [  0.66%] |   0 [  0.00%] |   12 [  0.13%] |
|    krnl_vadd_1      |    6528 [  0.54%] |   1047 [  0.18%] |   10339 [  0.42%] |   12 [  0.66%] |   0 [  0.00%] |   12 [  0.13%] |
+---------------------+-------------------+------------------+-------------------+----------------+---------------+----------------+


