Copyright 1986-2021 Xilinx, Inc. All Rights Reserved.
------------------------------------------------------------------------------------------
| Tool Version : Vivado v.2021.2 (lin64) Build 3367213 Tue Oct 19 02:47:39 MDT 2021
| Date         : Tue Nov 19 21:56:59 2024
| Host         : hacc-gpu0 running 64-bit Ubuntu 20.04.6 LTS
| Command      : report_utilization -slr -file slr_util_placed.rpt -pb slr_util_placed.pb
| Design       : pfm_top_wrapper
| Device       : xcu280-fsvh2892-2L-e
| Speed File   : -2L
| Design State : Fully Placed
------------------------------------------------------------------------------------------

Utilization Design Information

Table of Contents
-----------------
1. SLR Connectivity
2. SLR Connectivity Matrix
3. SLR CLB Logic and Dedicated Block Utilization
4. SLR IO Utilization

1. SLR Connectivity
-------------------

+----------------------------------+------+-------+-----------+-------+
|                                  | Used | Fixed | Available | Util% |
+----------------------------------+------+-------+-----------+-------+
| SLR2 <-> SLR1                    | 3955 |       |     23040 | 17.17 |
|   SLR1 -> SLR2                   | 2080 |       |           |  9.03 |
|     Using TX_REG only            |    1 |     1 |           |       |
|     Using RX_REG only            |   18 |    18 |           |       |
|     Using Both TX_REG and RX_REG |  286 |     1 |           |       |
|   SLR2 -> SLR1                   | 1875 |       |           |  8.14 |
|     Using TX_REG only            |    0 |     0 |           |       |
|     Using RX_REG only            |    4 |     4 |           |       |
|     Using Both TX_REG and RX_REG |  407 |     0 |           |       |
| SLR1 <-> SLR0                    | 2529 |       |     23040 | 10.98 |
|   SLR0 -> SLR1                   | 1138 |       |           |  4.94 |
|     Using TX_REG only            |   71 |    71 |           |       |
|     Using RX_REG only            |   61 |    61 |           |       |
|     Using Both TX_REG and RX_REG |  355 |    55 |           |       |
|   SLR1 -> SLR0                   | 1391 |       |           |  6.04 |
|     Using TX_REG only            |   62 |    62 |           |       |
|     Using RX_REG only            |   72 |    71 |           |       |
|     Using Both TX_REG and RX_REG |  439 |    60 |           |       |
+----------------------------------+------+-------+-----------+-------+
| Total SLLs Used                  | 6484 |       |           |       |
+----------------------------------+------+-------+-----------+-------+


2. SLR Connectivity Matrix
--------------------------

+-----------+------+------+------+
| FROM \ TO | SLR2 | SLR1 | SLR0 |
+-----------+------+------+------+
| SLR2      |    0 | 1716 |  159 |
| SLR1      | 1949 |    0 | 1232 |
| SLR0      |  131 | 1007 |    0 |
+-----------+------+------+------+


3. SLR CLB Logic and Dedicated Block Utilization
------------------------------------------------

+----------------------------+-------+-------+-------+--------+--------+--------+
|          Site Type         |  SLR0 |  SLR1 |  SLR2 | SLR0 % | SLR1 % | SLR2 % |
+----------------------------+-------+-------+-------+--------+--------+--------+
| CLB                        |  9165 |  7548 |  8341 |  16.68 |  13.98 |  15.45 |
|   CLBL                     |  4572 |  3816 |  4287 |  15.61 |  13.03 |  14.64 |
|   CLBM                     |  4593 |  3732 |  4054 |  17.89 |  15.10 |  16.40 |
| CLB LUTs                   | 29521 | 47538 | 35439 |   6.71 |  11.00 |   8.20 |
|   LUT as Logic             | 24893 | 43604 | 32365 |   5.66 |  10.09 |   7.49 |
|     using O5 output only   |   553 |   287 |  1012 |   0.13 |   0.07 |   0.23 |
|     using O6 output only   | 16833 | 34185 | 19585 |   3.83 |   7.91 |   4.53 |
|     using O5 and O6        |  7507 |  9132 | 11768 |   1.71 |   2.11 |   2.72 |
|   LUT as Memory            |  4628 |  3934 |  3074 |   2.25 |   1.99 |   1.55 |
|     LUT as Distributed RAM |  1832 |  3837 |  1660 |   0.89 |   1.94 |   0.84 |
|       using O5 output only |     0 |     0 |     0 |   0.00 |   0.00 |   0.00 |
|       using O6 output only |    88 |   215 |    84 |   0.04 |   0.11 |   0.04 |
|       using O5 and O6      |  1744 |  3622 |  1576 |   0.85 |   1.83 |   0.80 |
|     LUT as Shift Register  |  2796 |    97 |  1414 |   1.36 |   0.05 |   0.72 |
|       using O5 output only |     0 |     0 |     0 |   0.00 |   0.00 |   0.00 |
|       using O6 output only |  1626 |    97 |  1284 |   0.79 |   0.05 |   0.65 |
|       using O5 and O6      |  1170 |     0 |   130 |   0.57 |   0.00 |   0.07 |
| CLB Registers              | 60097 | 46315 | 60704 |   6.83 |   5.36 |   7.03 |
| CARRY8                     |   676 |   473 |   313 |   1.23 |   0.88 |   0.58 |
| F7 Muxes                   |   597 |   651 |  1054 |   0.27 |   0.30 |   0.49 |
| F8 Muxes                   |    16 |   141 |    47 |   0.01 |   0.13 |   0.04 |
| F9 Muxes                   |     0 |     0 |     0 |   0.00 |   0.00 |   0.00 |
| Block RAM Tile             |  50.5 |  80.5 |    94 |   7.51 |  11.98 |  13.99 |
|   RAMB36/FIFO              |    48 |    80 |    92 |   7.14 |  11.90 |  13.69 |
|     RAMB36E2 only          |    48 |    80 |    92 |   7.14 |  11.90 |  13.69 |
|   RAMB18                   |     5 |     1 |     4 |   0.37 |   0.07 |   0.30 |
|     RAMB18E2 only          |     5 |     1 |     4 |   0.37 |   0.07 |   0.30 |
| URAM                       |     0 |     0 |     0 |   0.00 |   0.00 |   0.00 |
| DSPs                       |     4 |     0 |     4 |   0.14 |   0.00 |   0.13 |
| Unique Control Sets        |  1770 |  1498 |  2729 |   1.61 |   1.39 |   2.53 |
+----------------------------+-------+-------+-------+--------+--------+--------+
* Note: Available Control Sets based on CLB Registers / 8


4. SLR IO Utilization
---------------------

+-----------+-----------+---------+------------+----------+------------+----------+-----+
| SLR Index | Used IOBs | (%)IOBs | Used IPADs | (%)IPADs | Used OPADs | (%)OPADs | GTs |
+-----------+-----------+---------+------------+----------+------------+----------+-----+
| SLR2      |        18 |    8.65 |          0 |     0.00 |          0 |     0.00 |   0 |
| SLR1      |         0 |    0.00 |          0 |     0.00 |          0 |     0.00 |   0 |
| SLR0      |         1 |    0.48 |          0 |     0.00 |          0 |     0.00 |  16 |
+-----------+-----------+---------+------------+----------+------------+----------+-----+
| Total     |        19 |         |          0 |          |          0 |          |  16 |
+-----------+-----------+---------+------------+----------+------------+----------+-----+


