
*** Running vivado
    with args -log pfm_dynamic_krnl_vadd_1_0.vds -m64 -product Vivado -mode batch -messageDb vivado.pb -notrace -source pfm_dynamic_krnl_vadd_1_0.tcl


****** Vivado v2021.2 (64-bit)
  **** SW Build 3367213 on Tue Oct 19 02:47:39 MDT 2021
  **** IP Build 3369179 on Thu Oct 21 08:25:16 MDT 2021
    ** Copyright 1986-2021 Xilinx, Inc. All Rights Reserved.

source pfm_dynamic_krnl_vadd_1_0.tcl -notrace
INFO: Dispatch client connection id - 43387
create_project: Time (s): cpu = 00:00:04 ; elapsed = 00:00:05 . Memory (MB): peak = 2740.652 ; gain = 0.023 ; free physical = 11087 ; free virtual = 466507
INFO: [IP_Flow 19-234] Refreshing IP repositories
INFO: [IP_Flow 19-1700] Loaded user IP repository '/home/ziyuanwang/hbm/Vitis_Accel_Examples/host_xrt/hbm_simple_xrt/_x_double_32.hw.xilinx_u280_xdma_201920_3/link/int/xo/ip_repo/xilinx_com_hls_krnl_vadd_1_0'.
INFO: [IP_Flow 19-1700] Loaded user IP repository '/home/ziyuanwang/hbm/Vitis_Accel_Examples/host_xrt/hbm_simple_xrt/_x_double_32.hw.xilinx_u280_xdma_201920_3/link/vivado/vpl/.local/hw_platform/iprepo'.
INFO: [IP_Flow 19-1700] Loaded user IP repository '/tools/Xilinx/Vitis/2021.2/data/cache/xilinx'.
INFO: [IP_Flow 19-1700] Loaded user IP repository '/home/ziyuanwang/hbm/Vitis_Accel_Examples/host_xrt/hbm_simple_xrt/_x_double_32.hw.xilinx_u280_xdma_201920_3/link/vivado/vpl/.local/hw_platform/ipcache'.
INFO: [IP_Flow 19-1700] Loaded user IP repository '/tools/Xilinx/Vitis/2021.2/data/ip'.
INFO: [IP_Flow 19-2313] Loaded Vivado IP repository '/tools/Xilinx/Vivado/2021.2/data/ip'.
Command: synth_design -top pfm_dynamic_krnl_vadd_1_0 -part xcu280-fsvh2892-2L-e -directive sdx_optimization_effort_high -mode out_of_context
Starting synth_design
Attempting to get a license for feature 'Synthesis' and/or device 'xcu280'
INFO: [Common 17-349] Got license for feature 'Synthesis' and/or device 'xcu280'
INFO: [Device 21-403] Loading part xcu280-fsvh2892-2L-e
INFO: [Synth 8-7079] Multithreading enabled for synth_design using a maximum of 1 processes.
INFO: [Synth 8-7078] Launching helper process for spawning children vivado processes
INFO: [Synth 8-7075] Helper process launched with PID 1299482
---------------------------------------------------------------------------------
Starting RTL Elaboration : Time (s): cpu = 00:00:04 ; elapsed = 00:00:05 . Memory (MB): peak = 3519.941 ; gain = 287.637 ; free physical = 8494 ; free virtual = 463914
---------------------------------------------------------------------------------
INFO: [Synth 8-6157] synthesizing module 'pfm_dynamic_krnl_vadd_1_0' [/home/ziyuanwang/hbm/Vitis_Accel_Examples/host_xrt/hbm_simple_xrt/_x_double_32.hw.xilinx_u280_xdma_201920_3/link/vivado/vpl/prj/prj.gen/my_rm/bd/bd/ip/pfm_dynamic_krnl_vadd_1_0/synth/pfm_dynamic_krnl_vadd_1_0.v:59]
INFO: [Synth 8-6157] synthesizing module 'krnl_vadd' [/home/ziyuanwang/hbm/Vitis_Accel_Examples/host_xrt/hbm_simple_xrt/_x_double_32.hw.xilinx_u280_xdma_201920_3/link/vivado/vpl/prj/prj.gen/my_rm/bd/bd/ipshared/761b/hdl/verilog/krnl_vadd.v:12]
INFO: [Synth 8-6157] synthesizing module 'krnl_vadd_krnl_vadd_Pipeline_vadd1_vadd2' [/home/ziyuanwang/hbm/Vitis_Accel_Examples/host_xrt/hbm_simple_xrt/_x_double_32.hw.xilinx_u280_xdma_201920_3/link/vivado/vpl/prj/prj.gen/my_rm/bd/bd/ipshared/761b/hdl/verilog/krnl_vadd_krnl_vadd_Pipeline_vadd1_vadd2.v:10]
INFO: [Synth 8-6157] synthesizing module 'krnl_vadd_dadd_64ns_64ns_64_8_full_dsp_1' [/home/ziyuanwang/hbm/Vitis_Accel_Examples/host_xrt/hbm_simple_xrt/_x_double_32.hw.xilinx_u280_xdma_201920_3/link/vivado/vpl/prj/prj.gen/my_rm/bd/bd/ipshared/761b/hdl/verilog/krnl_vadd_dadd_64ns_64ns_64_8_full_dsp_1.v:9]
INFO: [Synth 8-6157] synthesizing module 'krnl_vadd_dadd_64ns_64ns_64_8_full_dsp_1_ip' [/home/ziyuanwang/hbm/Vitis_Accel_Examples/host_xrt/hbm_simple_xrt/_x_double_32.hw.xilinx_u280_xdma_201920_3/link/vivado/vpl/prj/prj.gen/my_rm/bd/bd/ipshared/761b/hdl/ip/krnl_vadd_dadd_64ns_64ns_64_8_full_dsp_1_ip.v:60]
INFO: [Synth 8-6157] synthesizing module 'LUT1' [/tools/Xilinx/Vivado/2021.2/scripts/rt/data/unisim_comp.v:62649]
INFO: [Synth 8-6155] done synthesizing module 'LUT1' (1#1) [/tools/Xilinx/Vivado/2021.2/scripts/rt/data/unisim_comp.v:62649]
INFO: [Synth 8-6155] done synthesizing module 'krnl_vadd_dadd_64ns_64ns_64_8_full_dsp_1_ip' (29#1) [/home/ziyuanwang/hbm/Vitis_Accel_Examples/host_xrt/hbm_simple_xrt/_x_double_32.hw.xilinx_u280_xdma_201920_3/link/vivado/vpl/prj/prj.gen/my_rm/bd/bd/ipshared/761b/hdl/ip/krnl_vadd_dadd_64ns_64ns_64_8_full_dsp_1_ip.v:60]
INFO: [Synth 8-6155] done synthesizing module 'krnl_vadd_dadd_64ns_64ns_64_8_full_dsp_1' (30#1) [/home/ziyuanwang/hbm/Vitis_Accel_Examples/host_xrt/hbm_simple_xrt/_x_double_32.hw.xilinx_u280_xdma_201920_3/link/vivado/vpl/prj/prj.gen/my_rm/bd/bd/ipshared/761b/hdl/verilog/krnl_vadd_dadd_64ns_64ns_64_8_full_dsp_1.v:9]
INFO: [Synth 8-6157] synthesizing module 'krnl_vadd_flow_control_loop_pipe_sequential_init' [/home/ziyuanwang/hbm/Vitis_Accel_Examples/host_xrt/hbm_simple_xrt/_x_double_32.hw.xilinx_u280_xdma_201920_3/link/vivado/vpl/prj/prj.gen/my_rm/bd/bd/ipshared/761b/hdl/verilog/krnl_vadd_flow_control_loop_pipe_sequential_init.v:8]
INFO: [Synth 8-6155] done synthesizing module 'krnl_vadd_flow_control_loop_pipe_sequential_init' (31#1) [/home/ziyuanwang/hbm/Vitis_Accel_Examples/host_xrt/hbm_simple_xrt/_x_double_32.hw.xilinx_u280_xdma_201920_3/link/vivado/vpl/prj/prj.gen/my_rm/bd/bd/ipshared/761b/hdl/verilog/krnl_vadd_flow_control_loop_pipe_sequential_init.v:8]
INFO: [Synth 8-6155] done synthesizing module 'krnl_vadd_krnl_vadd_Pipeline_vadd1_vadd2' (32#1) [/home/ziyuanwang/hbm/Vitis_Accel_Examples/host_xrt/hbm_simple_xrt/_x_double_32.hw.xilinx_u280_xdma_201920_3/link/vivado/vpl/prj/prj.gen/my_rm/bd/bd/ipshared/761b/hdl/verilog/krnl_vadd_krnl_vadd_Pipeline_vadd1_vadd2.v:10]
INFO: [Synth 8-6157] synthesizing module 'krnl_vadd_control_s_axi' [/home/ziyuanwang/hbm/Vitis_Accel_Examples/host_xrt/hbm_simple_xrt/_x_double_32.hw.xilinx_u280_xdma_201920_3/link/vivado/vpl/prj/prj.gen/my_rm/bd/bd/ipshared/761b/hdl/verilog/krnl_vadd_control_s_axi.v:6]
INFO: [Synth 8-155] case statement is not full and has no default [/home/ziyuanwang/hbm/Vitis_Accel_Examples/host_xrt/hbm_simple_xrt/_x_double_32.hw.xilinx_u280_xdma_201920_3/link/vivado/vpl/prj/prj.gen/my_rm/bd/bd/ipshared/761b/hdl/verilog/krnl_vadd_control_s_axi.v:233]
WARNING: [Synth 8-6014] Unused sequential element int_ap_done_reg was removed.  [/home/ziyuanwang/hbm/Vitis_Accel_Examples/host_xrt/hbm_simple_xrt/_x_double_32.hw.xilinx_u280_xdma_201920_3/link/vivado/vpl/prj/prj.gen/my_rm/bd/bd/ipshared/761b/hdl/verilog/krnl_vadd_control_s_axi.v:303]
INFO: [Synth 8-6155] done synthesizing module 'krnl_vadd_control_s_axi' (33#1) [/home/ziyuanwang/hbm/Vitis_Accel_Examples/host_xrt/hbm_simple_xrt/_x_double_32.hw.xilinx_u280_xdma_201920_3/link/vivado/vpl/prj/prj.gen/my_rm/bd/bd/ipshared/761b/hdl/verilog/krnl_vadd_control_s_axi.v:6]
INFO: [Synth 8-6157] synthesizing module 'krnl_vadd_gmem0_m_axi' [/home/ziyuanwang/hbm/Vitis_Accel_Examples/host_xrt/hbm_simple_xrt/_x_double_32.hw.xilinx_u280_xdma_201920_3/link/vivado/vpl/prj/prj.gen/my_rm/bd/bd/ipshared/761b/hdl/verilog/krnl_vadd_gmem0_m_axi.v:8]
INFO: [Synth 8-6157] synthesizing module 'krnl_vadd_gmem0_m_axi_write' [/home/ziyuanwang/hbm/Vitis_Accel_Examples/host_xrt/hbm_simple_xrt/_x_double_32.hw.xilinx_u280_xdma_201920_3/link/vivado/vpl/prj/prj.gen/my_rm/bd/bd/ipshared/761b/hdl/verilog/krnl_vadd_gmem0_m_axi.v:1742]
INFO: [Synth 8-6157] synthesizing module 'krnl_vadd_gmem0_m_axi_fifo' [/home/ziyuanwang/hbm/Vitis_Accel_Examples/host_xrt/hbm_simple_xrt/_x_double_32.hw.xilinx_u280_xdma_201920_3/link/vivado/vpl/prj/prj.gen/my_rm/bd/bd/ipshared/761b/hdl/verilog/krnl_vadd_gmem0_m_axi.v:435]
INFO: [Synth 8-6155] done synthesizing module 'krnl_vadd_gmem0_m_axi_fifo' (34#1) [/home/ziyuanwang/hbm/Vitis_Accel_Examples/host_xrt/hbm_simple_xrt/_x_double_32.hw.xilinx_u280_xdma_201920_3/link/vivado/vpl/prj/prj.gen/my_rm/bd/bd/ipshared/761b/hdl/verilog/krnl_vadd_gmem0_m_axi.v:435]
INFO: [Synth 8-6157] synthesizing module 'krnl_vadd_gmem0_m_axi_reg_slice' [/home/ziyuanwang/hbm/Vitis_Accel_Examples/host_xrt/hbm_simple_xrt/_x_double_32.hw.xilinx_u280_xdma_201920_3/link/vivado/vpl/prj/prj.gen/my_rm/bd/bd/ipshared/761b/hdl/verilog/krnl_vadd_gmem0_m_axi.v:318]
INFO: [Synth 8-6155] done synthesizing module 'krnl_vadd_gmem0_m_axi_reg_slice' (35#1) [/home/ziyuanwang/hbm/Vitis_Accel_Examples/host_xrt/hbm_simple_xrt/_x_double_32.hw.xilinx_u280_xdma_201920_3/link/vivado/vpl/prj/prj.gen/my_rm/bd/bd/ipshared/761b/hdl/verilog/krnl_vadd_gmem0_m_axi.v:318]
INFO: [Synth 8-6157] synthesizing module 'krnl_vadd_gmem0_m_axi_fifo__parameterized0' [/home/ziyuanwang/hbm/Vitis_Accel_Examples/host_xrt/hbm_simple_xrt/_x_double_32.hw.xilinx_u280_xdma_201920_3/link/vivado/vpl/prj/prj.gen/my_rm/bd/bd/ipshared/761b/hdl/verilog/krnl_vadd_gmem0_m_axi.v:435]
INFO: [Synth 8-6155] done synthesizing module 'krnl_vadd_gmem0_m_axi_fifo__parameterized0' (35#1) [/home/ziyuanwang/hbm/Vitis_Accel_Examples/host_xrt/hbm_simple_xrt/_x_double_32.hw.xilinx_u280_xdma_201920_3/link/vivado/vpl/prj/prj.gen/my_rm/bd/bd/ipshared/761b/hdl/verilog/krnl_vadd_gmem0_m_axi.v:435]
INFO: [Synth 8-6157] synthesizing module 'krnl_vadd_gmem0_m_axi_buffer' [/home/ziyuanwang/hbm/Vitis_Accel_Examples/host_xrt/hbm_simple_xrt/_x_double_32.hw.xilinx_u280_xdma_201920_3/link/vivado/vpl/prj/prj.gen/my_rm/bd/bd/ipshared/761b/hdl/verilog/krnl_vadd_gmem0_m_axi.v:546]
WARNING: [Synth 8-589] replacing case/wildcard equality operator === with logical equality operator == [/home/ziyuanwang/hbm/Vitis_Accel_Examples/host_xrt/hbm_simple_xrt/_x_double_32.hw.xilinx_u280_xdma_201920_3/link/vivado/vpl/prj/prj.gen/my_rm/bd/bd/ipshared/761b/hdl/verilog/krnl_vadd_gmem0_m_axi.v:600]
INFO: [Synth 8-6155] done synthesizing module 'krnl_vadd_gmem0_m_axi_buffer' (36#1) [/home/ziyuanwang/hbm/Vitis_Accel_Examples/host_xrt/hbm_simple_xrt/_x_double_32.hw.xilinx_u280_xdma_201920_3/link/vivado/vpl/prj/prj.gen/my_rm/bd/bd/ipshared/761b/hdl/verilog/krnl_vadd_gmem0_m_axi.v:546]
INFO: [Synth 8-6157] synthesizing module 'krnl_vadd_gmem0_m_axi_fifo__parameterized1' [/home/ziyuanwang/hbm/Vitis_Accel_Examples/host_xrt/hbm_simple_xrt/_x_double_32.hw.xilinx_u280_xdma_201920_3/link/vivado/vpl/prj/prj.gen/my_rm/bd/bd/ipshared/761b/hdl/verilog/krnl_vadd_gmem0_m_axi.v:435]
INFO: [Synth 8-6155] done synthesizing module 'krnl_vadd_gmem0_m_axi_fifo__parameterized1' (36#1) [/home/ziyuanwang/hbm/Vitis_Accel_Examples/host_xrt/hbm_simple_xrt/_x_double_32.hw.xilinx_u280_xdma_201920_3/link/vivado/vpl/prj/prj.gen/my_rm/bd/bd/ipshared/761b/hdl/verilog/krnl_vadd_gmem0_m_axi.v:435]
INFO: [Synth 8-6157] synthesizing module 'krnl_vadd_gmem0_m_axi_fifo__parameterized2' [/home/ziyuanwang/hbm/Vitis_Accel_Examples/host_xrt/hbm_simple_xrt/_x_double_32.hw.xilinx_u280_xdma_201920_3/link/vivado/vpl/prj/prj.gen/my_rm/bd/bd/ipshared/761b/hdl/verilog/krnl_vadd_gmem0_m_axi.v:435]
INFO: [Synth 8-6155] done synthesizing module 'krnl_vadd_gmem0_m_axi_fifo__parameterized2' (36#1) [/home/ziyuanwang/hbm/Vitis_Accel_Examples/host_xrt/hbm_simple_xrt/_x_double_32.hw.xilinx_u280_xdma_201920_3/link/vivado/vpl/prj/prj.gen/my_rm/bd/bd/ipshared/761b/hdl/verilog/krnl_vadd_gmem0_m_axi.v:435]
WARNING: [Synth 8-6014] Unused sequential element sect_end_buf_reg was removed.  [/home/ziyuanwang/hbm/Vitis_Accel_Examples/host_xrt/hbm_simple_xrt/_x_double_32.hw.xilinx_u280_xdma_201920_3/link/vivado/vpl/prj/prj.gen/my_rm/bd/bd/ipshared/761b/hdl/verilog/krnl_vadd_gmem0_m_axi.v:2111]
INFO: [Synth 8-6155] done synthesizing module 'krnl_vadd_gmem0_m_axi_write' (37#1) [/home/ziyuanwang/hbm/Vitis_Accel_Examples/host_xrt/hbm_simple_xrt/_x_double_32.hw.xilinx_u280_xdma_201920_3/link/vivado/vpl/prj/prj.gen/my_rm/bd/bd/ipshared/761b/hdl/verilog/krnl_vadd_gmem0_m_axi.v:1742]
INFO: [Synth 8-6157] synthesizing module 'krnl_vadd_gmem0_m_axi_read' [/home/ziyuanwang/hbm/Vitis_Accel_Examples/host_xrt/hbm_simple_xrt/_x_double_32.hw.xilinx_u280_xdma_201920_3/link/vivado/vpl/prj/prj.gen/my_rm/bd/bd/ipshared/761b/hdl/verilog/krnl_vadd_gmem0_m_axi.v:951]
INFO: [Synth 8-6157] synthesizing module 'krnl_vadd_gmem0_m_axi_buffer__parameterized0' [/home/ziyuanwang/hbm/Vitis_Accel_Examples/host_xrt/hbm_simple_xrt/_x_double_32.hw.xilinx_u280_xdma_201920_3/link/vivado/vpl/prj/prj.gen/my_rm/bd/bd/ipshared/761b/hdl/verilog/krnl_vadd_gmem0_m_axi.v:546]
WARNING: [Synth 8-589] replacing case/wildcard equality operator === with logical equality operator == [/home/ziyuanwang/hbm/Vitis_Accel_Examples/host_xrt/hbm_simple_xrt/_x_double_32.hw.xilinx_u280_xdma_201920_3/link/vivado/vpl/prj/prj.gen/my_rm/bd/bd/ipshared/761b/hdl/verilog/krnl_vadd_gmem0_m_axi.v:600]
INFO: [Synth 8-6155] done synthesizing module 'krnl_vadd_gmem0_m_axi_buffer__parameterized0' (37#1) [/home/ziyuanwang/hbm/Vitis_Accel_Examples/host_xrt/hbm_simple_xrt/_x_double_32.hw.xilinx_u280_xdma_201920_3/link/vivado/vpl/prj/prj.gen/my_rm/bd/bd/ipshared/761b/hdl/verilog/krnl_vadd_gmem0_m_axi.v:546]
INFO: [Synth 8-6157] synthesizing module 'krnl_vadd_gmem0_m_axi_reg_slice__parameterized0' [/home/ziyuanwang/hbm/Vitis_Accel_Examples/host_xrt/hbm_simple_xrt/_x_double_32.hw.xilinx_u280_xdma_201920_3/link/vivado/vpl/prj/prj.gen/my_rm/bd/bd/ipshared/761b/hdl/verilog/krnl_vadd_gmem0_m_axi.v:318]
INFO: [Synth 8-6155] done synthesizing module 'krnl_vadd_gmem0_m_axi_reg_slice__parameterized0' (37#1) [/home/ziyuanwang/hbm/Vitis_Accel_Examples/host_xrt/hbm_simple_xrt/_x_double_32.hw.xilinx_u280_xdma_201920_3/link/vivado/vpl/prj/prj.gen/my_rm/bd/bd/ipshared/761b/hdl/verilog/krnl_vadd_gmem0_m_axi.v:318]
WARNING: [Synth 8-6014] Unused sequential element sect_end_buf_reg was removed.  [/home/ziyuanwang/hbm/Vitis_Accel_Examples/host_xrt/hbm_simple_xrt/_x_double_32.hw.xilinx_u280_xdma_201920_3/link/vivado/vpl/prj/prj.gen/my_rm/bd/bd/ipshared/761b/hdl/verilog/krnl_vadd_gmem0_m_axi.v:1237]
INFO: [Synth 8-6155] done synthesizing module 'krnl_vadd_gmem0_m_axi_read' (38#1) [/home/ziyuanwang/hbm/Vitis_Accel_Examples/host_xrt/hbm_simple_xrt/_x_double_32.hw.xilinx_u280_xdma_201920_3/link/vivado/vpl/prj/prj.gen/my_rm/bd/bd/ipshared/761b/hdl/verilog/krnl_vadd_gmem0_m_axi.v:951]
INFO: [Synth 8-6157] synthesizing module 'krnl_vadd_gmem0_m_axi_throttle' [/home/ziyuanwang/hbm/Vitis_Accel_Examples/host_xrt/hbm_simple_xrt/_x_double_32.hw.xilinx_u280_xdma_201920_3/link/vivado/vpl/prj/prj.gen/my_rm/bd/bd/ipshared/761b/hdl/verilog/krnl_vadd_gmem0_m_axi.v:728]
INFO: [Synth 8-6157] synthesizing module 'krnl_vadd_gmem0_m_axi_reg_slice__parameterized1' [/home/ziyuanwang/hbm/Vitis_Accel_Examples/host_xrt/hbm_simple_xrt/_x_double_32.hw.xilinx_u280_xdma_201920_3/link/vivado/vpl/prj/prj.gen/my_rm/bd/bd/ipshared/761b/hdl/verilog/krnl_vadd_gmem0_m_axi.v:318]
INFO: [Synth 8-6155] done synthesizing module 'krnl_vadd_gmem0_m_axi_reg_slice__parameterized1' (38#1) [/home/ziyuanwang/hbm/Vitis_Accel_Examples/host_xrt/hbm_simple_xrt/_x_double_32.hw.xilinx_u280_xdma_201920_3/link/vivado/vpl/prj/prj.gen/my_rm/bd/bd/ipshared/761b/hdl/verilog/krnl_vadd_gmem0_m_axi.v:318]
INFO: [Synth 8-6157] synthesizing module 'krnl_vadd_gmem0_m_axi_fifo__parameterized3' [/home/ziyuanwang/hbm/Vitis_Accel_Examples/host_xrt/hbm_simple_xrt/_x_double_32.hw.xilinx_u280_xdma_201920_3/link/vivado/vpl/prj/prj.gen/my_rm/bd/bd/ipshared/761b/hdl/verilog/krnl_vadd_gmem0_m_axi.v:435]
INFO: [Synth 8-6155] done synthesizing module 'krnl_vadd_gmem0_m_axi_fifo__parameterized3' (38#1) [/home/ziyuanwang/hbm/Vitis_Accel_Examples/host_xrt/hbm_simple_xrt/_x_double_32.hw.xilinx_u280_xdma_201920_3/link/vivado/vpl/prj/prj.gen/my_rm/bd/bd/ipshared/761b/hdl/verilog/krnl_vadd_gmem0_m_axi.v:435]
INFO: [Synth 8-6157] synthesizing module 'krnl_vadd_gmem0_m_axi_fifo__parameterized4' [/home/ziyuanwang/hbm/Vitis_Accel_Examples/host_xrt/hbm_simple_xrt/_x_double_32.hw.xilinx_u280_xdma_201920_3/link/vivado/vpl/prj/prj.gen/my_rm/bd/bd/ipshared/761b/hdl/verilog/krnl_vadd_gmem0_m_axi.v:435]
INFO: [Synth 8-6155] done synthesizing module 'krnl_vadd_gmem0_m_axi_fifo__parameterized4' (38#1) [/home/ziyuanwang/hbm/Vitis_Accel_Examples/host_xrt/hbm_simple_xrt/_x_double_32.hw.xilinx_u280_xdma_201920_3/link/vivado/vpl/prj/prj.gen/my_rm/bd/bd/ipshared/761b/hdl/verilog/krnl_vadd_gmem0_m_axi.v:435]
INFO: [Synth 8-6155] done synthesizing module 'krnl_vadd_gmem0_m_axi_throttle' (39#1) [/home/ziyuanwang/hbm/Vitis_Accel_Examples/host_xrt/hbm_simple_xrt/_x_double_32.hw.xilinx_u280_xdma_201920_3/link/vivado/vpl/prj/prj.gen/my_rm/bd/bd/ipshared/761b/hdl/verilog/krnl_vadd_gmem0_m_axi.v:728]
INFO: [Synth 8-6155] done synthesizing module 'krnl_vadd_gmem0_m_axi' (40#1) [/home/ziyuanwang/hbm/Vitis_Accel_Examples/host_xrt/hbm_simple_xrt/_x_double_32.hw.xilinx_u280_xdma_201920_3/link/vivado/vpl/prj/prj.gen/my_rm/bd/bd/ipshared/761b/hdl/verilog/krnl_vadd_gmem0_m_axi.v:8]
INFO: [Synth 8-6157] synthesizing module 'krnl_vadd_gmem1_m_axi' [/home/ziyuanwang/hbm/Vitis_Accel_Examples/host_xrt/hbm_simple_xrt/_x_double_32.hw.xilinx_u280_xdma_201920_3/link/vivado/vpl/prj/prj.gen/my_rm/bd/bd/ipshared/761b/hdl/verilog/krnl_vadd_gmem1_m_axi.v:8]
INFO: [Synth 8-6157] synthesizing module 'krnl_vadd_gmem1_m_axi_write' [/home/ziyuanwang/hbm/Vitis_Accel_Examples/host_xrt/hbm_simple_xrt/_x_double_32.hw.xilinx_u280_xdma_201920_3/link/vivado/vpl/prj/prj.gen/my_rm/bd/bd/ipshared/761b/hdl/verilog/krnl_vadd_gmem1_m_axi.v:1742]
INFO: [Synth 8-6157] synthesizing module 'krnl_vadd_gmem1_m_axi_fifo' [/home/ziyuanwang/hbm/Vitis_Accel_Examples/host_xrt/hbm_simple_xrt/_x_double_32.hw.xilinx_u280_xdma_201920_3/link/vivado/vpl/prj/prj.gen/my_rm/bd/bd/ipshared/761b/hdl/verilog/krnl_vadd_gmem1_m_axi.v:435]
INFO: [Synth 8-6155] done synthesizing module 'krnl_vadd_gmem1_m_axi_fifo' (41#1) [/home/ziyuanwang/hbm/Vitis_Accel_Examples/host_xrt/hbm_simple_xrt/_x_double_32.hw.xilinx_u280_xdma_201920_3/link/vivado/vpl/prj/prj.gen/my_rm/bd/bd/ipshared/761b/hdl/verilog/krnl_vadd_gmem1_m_axi.v:435]
INFO: [Synth 8-6157] synthesizing module 'krnl_vadd_gmem1_m_axi_reg_slice' [/home/ziyuanwang/hbm/Vitis_Accel_Examples/host_xrt/hbm_simple_xrt/_x_double_32.hw.xilinx_u280_xdma_201920_3/link/vivado/vpl/prj/prj.gen/my_rm/bd/bd/ipshared/761b/hdl/verilog/krnl_vadd_gmem1_m_axi.v:318]
INFO: [Synth 8-6155] done synthesizing module 'krnl_vadd_gmem1_m_axi_reg_slice' (42#1) [/home/ziyuanwang/hbm/Vitis_Accel_Examples/host_xrt/hbm_simple_xrt/_x_double_32.hw.xilinx_u280_xdma_201920_3/link/vivado/vpl/prj/prj.gen/my_rm/bd/bd/ipshared/761b/hdl/verilog/krnl_vadd_gmem1_m_axi.v:318]
INFO: [Synth 8-6157] synthesizing module 'krnl_vadd_gmem1_m_axi_fifo__parameterized0' [/home/ziyuanwang/hbm/Vitis_Accel_Examples/host_xrt/hbm_simple_xrt/_x_double_32.hw.xilinx_u280_xdma_201920_3/link/vivado/vpl/prj/prj.gen/my_rm/bd/bd/ipshared/761b/hdl/verilog/krnl_vadd_gmem1_m_axi.v:435]
INFO: [Synth 8-6155] done synthesizing module 'krnl_vadd_gmem1_m_axi_fifo__parameterized0' (42#1) [/home/ziyuanwang/hbm/Vitis_Accel_Examples/host_xrt/hbm_simple_xrt/_x_double_32.hw.xilinx_u280_xdma_201920_3/link/vivado/vpl/prj/prj.gen/my_rm/bd/bd/ipshared/761b/hdl/verilog/krnl_vadd_gmem1_m_axi.v:435]
INFO: [Synth 8-6157] synthesizing module 'krnl_vadd_gmem1_m_axi_buffer' [/home/ziyuanwang/hbm/Vitis_Accel_Examples/host_xrt/hbm_simple_xrt/_x_double_32.hw.xilinx_u280_xdma_201920_3/link/vivado/vpl/prj/prj.gen/my_rm/bd/bd/ipshared/761b/hdl/verilog/krnl_vadd_gmem1_m_axi.v:546]
WARNING: [Synth 8-589] replacing case/wildcard equality operator === with logical equality operator == [/home/ziyuanwang/hbm/Vitis_Accel_Examples/host_xrt/hbm_simple_xrt/_x_double_32.hw.xilinx_u280_xdma_201920_3/link/vivado/vpl/prj/prj.gen/my_rm/bd/bd/ipshared/761b/hdl/verilog/krnl_vadd_gmem1_m_axi.v:600]
INFO: [Synth 8-6155] done synthesizing module 'krnl_vadd_gmem1_m_axi_buffer' (43#1) [/home/ziyuanwang/hbm/Vitis_Accel_Examples/host_xrt/hbm_simple_xrt/_x_double_32.hw.xilinx_u280_xdma_201920_3/link/vivado/vpl/prj/prj.gen/my_rm/bd/bd/ipshared/761b/hdl/verilog/krnl_vadd_gmem1_m_axi.v:546]
INFO: [Synth 8-6157] synthesizing module 'krnl_vadd_gmem1_m_axi_fifo__parameterized1' [/home/ziyuanwang/hbm/Vitis_Accel_Examples/host_xrt/hbm_simple_xrt/_x_double_32.hw.xilinx_u280_xdma_201920_3/link/vivado/vpl/prj/prj.gen/my_rm/bd/bd/ipshared/761b/hdl/verilog/krnl_vadd_gmem1_m_axi.v:435]
INFO: [Synth 8-6155] done synthesizing module 'krnl_vadd_gmem1_m_axi_fifo__parameterized1' (43#1) [/home/ziyuanwang/hbm/Vitis_Accel_Examples/host_xrt/hbm_simple_xrt/_x_double_32.hw.xilinx_u280_xdma_201920_3/link/vivado/vpl/prj/prj.gen/my_rm/bd/bd/ipshared/761b/hdl/verilog/krnl_vadd_gmem1_m_axi.v:435]
INFO: [Synth 8-6157] synthesizing module 'krnl_vadd_gmem1_m_axi_fifo__parameterized2' [/home/ziyuanwang/hbm/Vitis_Accel_Examples/host_xrt/hbm_simple_xrt/_x_double_32.hw.xilinx_u280_xdma_201920_3/link/vivado/vpl/prj/prj.gen/my_rm/bd/bd/ipshared/761b/hdl/verilog/krnl_vadd_gmem1_m_axi.v:435]
INFO: [Synth 8-6155] done synthesizing module 'krnl_vadd_gmem1_m_axi_fifo__parameterized2' (43#1) [/home/ziyuanwang/hbm/Vitis_Accel_Examples/host_xrt/hbm_simple_xrt/_x_double_32.hw.xilinx_u280_xdma_201920_3/link/vivado/vpl/prj/prj.gen/my_rm/bd/bd/ipshared/761b/hdl/verilog/krnl_vadd_gmem1_m_axi.v:435]
WARNING: [Synth 8-6014] Unused sequential element sect_end_buf_reg was removed.  [/home/ziyuanwang/hbm/Vitis_Accel_Examples/host_xrt/hbm_simple_xrt/_x_double_32.hw.xilinx_u280_xdma_201920_3/link/vivado/vpl/prj/prj.gen/my_rm/bd/bd/ipshared/761b/hdl/verilog/krnl_vadd_gmem1_m_axi.v:2111]
INFO: [Synth 8-6155] done synthesizing module 'krnl_vadd_gmem1_m_axi_write' (44#1) [/home/ziyuanwang/hbm/Vitis_Accel_Examples/host_xrt/hbm_simple_xrt/_x_double_32.hw.xilinx_u280_xdma_201920_3/link/vivado/vpl/prj/prj.gen/my_rm/bd/bd/ipshared/761b/hdl/verilog/krnl_vadd_gmem1_m_axi.v:1742]
INFO: [Synth 8-6157] synthesizing module 'krnl_vadd_gmem1_m_axi_read' [/home/ziyuanwang/hbm/Vitis_Accel_Examples/host_xrt/hbm_simple_xrt/_x_double_32.hw.xilinx_u280_xdma_201920_3/link/vivado/vpl/prj/prj.gen/my_rm/bd/bd/ipshared/761b/hdl/verilog/krnl_vadd_gmem1_m_axi.v:951]
INFO: [Synth 8-6157] synthesizing module 'krnl_vadd_gmem1_m_axi_buffer__parameterized0' [/home/ziyuanwang/hbm/Vitis_Accel_Examples/host_xrt/hbm_simple_xrt/_x_double_32.hw.xilinx_u280_xdma_201920_3/link/vivado/vpl/prj/prj.gen/my_rm/bd/bd/ipshared/761b/hdl/verilog/krnl_vadd_gmem1_m_axi.v:546]
WARNING: [Synth 8-589] replacing case/wildcard equality operator === with logical equality operator == [/home/ziyuanwang/hbm/Vitis_Accel_Examples/host_xrt/hbm_simple_xrt/_x_double_32.hw.xilinx_u280_xdma_201920_3/link/vivado/vpl/prj/prj.gen/my_rm/bd/bd/ipshared/761b/hdl/verilog/krnl_vadd_gmem1_m_axi.v:600]
INFO: [Synth 8-6155] done synthesizing module 'krnl_vadd_gmem1_m_axi_buffer__parameterized0' (44#1) [/home/ziyuanwang/hbm/Vitis_Accel_Examples/host_xrt/hbm_simple_xrt/_x_double_32.hw.xilinx_u280_xdma_201920_3/link/vivado/vpl/prj/prj.gen/my_rm/bd/bd/ipshared/761b/hdl/verilog/krnl_vadd_gmem1_m_axi.v:546]
INFO: [Synth 8-6157] synthesizing module 'krnl_vadd_gmem1_m_axi_reg_slice__parameterized0' [/home/ziyuanwang/hbm/Vitis_Accel_Examples/host_xrt/hbm_simple_xrt/_x_double_32.hw.xilinx_u280_xdma_201920_3/link/vivado/vpl/prj/prj.gen/my_rm/bd/bd/ipshared/761b/hdl/verilog/krnl_vadd_gmem1_m_axi.v:318]
INFO: [Synth 8-6155] done synthesizing module 'krnl_vadd_gmem1_m_axi_reg_slice__parameterized0' (44#1) [/home/ziyuanwang/hbm/Vitis_Accel_Examples/host_xrt/hbm_simple_xrt/_x_double_32.hw.xilinx_u280_xdma_201920_3/link/vivado/vpl/prj/prj.gen/my_rm/bd/bd/ipshared/761b/hdl/verilog/krnl_vadd_gmem1_m_axi.v:318]
WARNING: [Synth 8-6014] Unused sequential element sect_end_buf_reg was removed.  [/home/ziyuanwang/hbm/Vitis_Accel_Examples/host_xrt/hbm_simple_xrt/_x_double_32.hw.xilinx_u280_xdma_201920_3/link/vivado/vpl/prj/prj.gen/my_rm/bd/bd/ipshared/761b/hdl/verilog/krnl_vadd_gmem1_m_axi.v:1237]
INFO: [Synth 8-6155] done synthesizing module 'krnl_vadd_gmem1_m_axi_read' (45#1) [/home/ziyuanwang/hbm/Vitis_Accel_Examples/host_xrt/hbm_simple_xrt/_x_double_32.hw.xilinx_u280_xdma_201920_3/link/vivado/vpl/prj/prj.gen/my_rm/bd/bd/ipshared/761b/hdl/verilog/krnl_vadd_gmem1_m_axi.v:951]
INFO: [Synth 8-6157] synthesizing module 'krnl_vadd_gmem1_m_axi_throttle' [/home/ziyuanwang/hbm/Vitis_Accel_Examples/host_xrt/hbm_simple_xrt/_x_double_32.hw.xilinx_u280_xdma_201920_3/link/vivado/vpl/prj/prj.gen/my_rm/bd/bd/ipshared/761b/hdl/verilog/krnl_vadd_gmem1_m_axi.v:728]
INFO: [Synth 8-6157] synthesizing module 'krnl_vadd_gmem1_m_axi_reg_slice__parameterized1' [/home/ziyuanwang/hbm/Vitis_Accel_Examples/host_xrt/hbm_simple_xrt/_x_double_32.hw.xilinx_u280_xdma_201920_3/link/vivado/vpl/prj/prj.gen/my_rm/bd/bd/ipshared/761b/hdl/verilog/krnl_vadd_gmem1_m_axi.v:318]
INFO: [Synth 8-6155] done synthesizing module 'krnl_vadd_gmem1_m_axi_reg_slice__parameterized1' (45#1) [/home/ziyuanwang/hbm/Vitis_Accel_Examples/host_xrt/hbm_simple_xrt/_x_double_32.hw.xilinx_u280_xdma_201920_3/link/vivado/vpl/prj/prj.gen/my_rm/bd/bd/ipshared/761b/hdl/verilog/krnl_vadd_gmem1_m_axi.v:318]
INFO: [Synth 8-6157] synthesizing module 'krnl_vadd_gmem1_m_axi_fifo__parameterized3' [/home/ziyuanwang/hbm/Vitis_Accel_Examples/host_xrt/hbm_simple_xrt/_x_double_32.hw.xilinx_u280_xdma_201920_3/link/vivado/vpl/prj/prj.gen/my_rm/bd/bd/ipshared/761b/hdl/verilog/krnl_vadd_gmem1_m_axi.v:435]
INFO: [Synth 8-6155] done synthesizing module 'krnl_vadd_gmem1_m_axi_fifo__parameterized3' (45#1) [/home/ziyuanwang/hbm/Vitis_Accel_Examples/host_xrt/hbm_simple_xrt/_x_double_32.hw.xilinx_u280_xdma_201920_3/link/vivado/vpl/prj/prj.gen/my_rm/bd/bd/ipshared/761b/hdl/verilog/krnl_vadd_gmem1_m_axi.v:435]
INFO: [Synth 8-6157] synthesizing module 'krnl_vadd_gmem1_m_axi_fifo__parameterized4' [/home/ziyuanwang/hbm/Vitis_Accel_Examples/host_xrt/hbm_simple_xrt/_x_double_32.hw.xilinx_u280_xdma_201920_3/link/vivado/vpl/prj/prj.gen/my_rm/bd/bd/ipshared/761b/hdl/verilog/krnl_vadd_gmem1_m_axi.v:435]
INFO: [Synth 8-6155] done synthesizing module 'krnl_vadd_gmem1_m_axi_fifo__parameterized4' (45#1) [/home/ziyuanwang/hbm/Vitis_Accel_Examples/host_xrt/hbm_simple_xrt/_x_double_32.hw.xilinx_u280_xdma_201920_3/link/vivado/vpl/prj/prj.gen/my_rm/bd/bd/ipshared/761b/hdl/verilog/krnl_vadd_gmem1_m_axi.v:435]
INFO: [Synth 8-6155] done synthesizing module 'krnl_vadd_gmem1_m_axi_throttle' (46#1) [/home/ziyuanwang/hbm/Vitis_Accel_Examples/host_xrt/hbm_simple_xrt/_x_double_32.hw.xilinx_u280_xdma_201920_3/link/vivado/vpl/prj/prj.gen/my_rm/bd/bd/ipshared/761b/hdl/verilog/krnl_vadd_gmem1_m_axi.v:728]
INFO: [Synth 8-6155] done synthesizing module 'krnl_vadd_gmem1_m_axi' (47#1) [/home/ziyuanwang/hbm/Vitis_Accel_Examples/host_xrt/hbm_simple_xrt/_x_double_32.hw.xilinx_u280_xdma_201920_3/link/vivado/vpl/prj/prj.gen/my_rm/bd/bd/ipshared/761b/hdl/verilog/krnl_vadd_gmem1_m_axi.v:8]
INFO: [Synth 8-6155] done synthesizing module 'krnl_vadd' (48#1) [/home/ziyuanwang/hbm/Vitis_Accel_Examples/host_xrt/hbm_simple_xrt/_x_double_32.hw.xilinx_u280_xdma_201920_3/link/vivado/vpl/prj/prj.gen/my_rm/bd/bd/ipshared/761b/hdl/verilog/krnl_vadd.v:12]
INFO: [Synth 8-6155] done synthesizing module 'pfm_dynamic_krnl_vadd_1_0' (49#1) [/home/ziyuanwang/hbm/Vitis_Accel_Examples/host_xrt/hbm_simple_xrt/_x_double_32.hw.xilinx_u280_xdma_201920_3/link/vivado/vpl/prj/prj.gen/my_rm/bd/bd/ip/pfm_dynamic_krnl_vadd_1_0/synth/pfm_dynamic_krnl_vadd_1_0.v:59]
WARNING: [Synth 8-7129] Port in_BUS_RID[0] in module krnl_vadd_gmem1_m_axi_read is either unconnected or has no load
WARNING: [Synth 8-7129] Port in_BUS_RUSER[0] in module krnl_vadd_gmem1_m_axi_read is either unconnected or has no load
WARNING: [Synth 8-7129] Port in_HLS_ARCACHE[3] in module krnl_vadd_gmem1_m_axi_read is either unconnected or has no load
WARNING: [Synth 8-7129] Port in_HLS_ARCACHE[2] in module krnl_vadd_gmem1_m_axi_read is either unconnected or has no load
WARNING: [Synth 8-7129] Port in_HLS_ARCACHE[1] in module krnl_vadd_gmem1_m_axi_read is either unconnected or has no load
WARNING: [Synth 8-7129] Port in_HLS_ARCACHE[0] in module krnl_vadd_gmem1_m_axi_read is either unconnected or has no load
WARNING: [Synth 8-7129] Port in_HLS_ARPROT[2] in module krnl_vadd_gmem1_m_axi_read is either unconnected or has no load
WARNING: [Synth 8-7129] Port in_HLS_ARPROT[1] in module krnl_vadd_gmem1_m_axi_read is either unconnected or has no load
WARNING: [Synth 8-7129] Port in_HLS_ARPROT[0] in module krnl_vadd_gmem1_m_axi_read is either unconnected or has no load
WARNING: [Synth 8-7129] Port in_HLS_ARUSER[0] in module krnl_vadd_gmem1_m_axi_read is either unconnected or has no load
WARNING: [Synth 8-7129] Port in_BUS_BID[0] in module krnl_vadd_gmem1_m_axi_write is either unconnected or has no load
WARNING: [Synth 8-7129] Port in_BUS_BUSER[0] in module krnl_vadd_gmem1_m_axi_write is either unconnected or has no load
WARNING: [Synth 8-7129] Port in_HLS_AWCACHE[3] in module krnl_vadd_gmem1_m_axi_write is either unconnected or has no load
WARNING: [Synth 8-7129] Port in_HLS_AWCACHE[2] in module krnl_vadd_gmem1_m_axi_write is either unconnected or has no load
WARNING: [Synth 8-7129] Port in_HLS_AWCACHE[1] in module krnl_vadd_gmem1_m_axi_write is either unconnected or has no load
WARNING: [Synth 8-7129] Port in_HLS_AWCACHE[0] in module krnl_vadd_gmem1_m_axi_write is either unconnected or has no load
WARNING: [Synth 8-7129] Port in_HLS_AWPROT[2] in module krnl_vadd_gmem1_m_axi_write is either unconnected or has no load
WARNING: [Synth 8-7129] Port in_HLS_AWPROT[1] in module krnl_vadd_gmem1_m_axi_write is either unconnected or has no load
WARNING: [Synth 8-7129] Port in_HLS_AWPROT[0] in module krnl_vadd_gmem1_m_axi_write is either unconnected or has no load
WARNING: [Synth 8-7129] Port in_HLS_AWUSER[0] in module krnl_vadd_gmem1_m_axi_write is either unconnected or has no load
WARNING: [Synth 8-7129] Port in_HLS_WUSER[0] in module krnl_vadd_gmem1_m_axi_write is either unconnected or has no load
WARNING: [Synth 8-7129] Port I_AWID[0] in module krnl_vadd_gmem1_m_axi is either unconnected or has no load
WARNING: [Synth 8-7129] Port I_AWSIZE[2] in module krnl_vadd_gmem1_m_axi is either unconnected or has no load
WARNING: [Synth 8-7129] Port I_AWSIZE[1] in module krnl_vadd_gmem1_m_axi is either unconnected or has no load
WARNING: [Synth 8-7129] Port I_AWSIZE[0] in module krnl_vadd_gmem1_m_axi is either unconnected or has no load
WARNING: [Synth 8-7129] Port I_AWBURST[1] in module krnl_vadd_gmem1_m_axi is either unconnected or has no load
WARNING: [Synth 8-7129] Port I_AWBURST[0] in module krnl_vadd_gmem1_m_axi is either unconnected or has no load
WARNING: [Synth 8-7129] Port I_AWLOCK[1] in module krnl_vadd_gmem1_m_axi is either unconnected or has no load
WARNING: [Synth 8-7129] Port I_AWLOCK[0] in module krnl_vadd_gmem1_m_axi is either unconnected or has no load
WARNING: [Synth 8-7129] Port I_WID[0] in module krnl_vadd_gmem1_m_axi is either unconnected or has no load
WARNING: [Synth 8-7129] Port I_WLAST in module krnl_vadd_gmem1_m_axi is either unconnected or has no load
WARNING: [Synth 8-7129] Port I_ARID[0] in module krnl_vadd_gmem1_m_axi is either unconnected or has no load
WARNING: [Synth 8-7129] Port I_ARSIZE[2] in module krnl_vadd_gmem1_m_axi is either unconnected or has no load
WARNING: [Synth 8-7129] Port I_ARSIZE[1] in module krnl_vadd_gmem1_m_axi is either unconnected or has no load
WARNING: [Synth 8-7129] Port I_ARSIZE[0] in module krnl_vadd_gmem1_m_axi is either unconnected or has no load
WARNING: [Synth 8-7129] Port I_ARBURST[1] in module krnl_vadd_gmem1_m_axi is either unconnected or has no load
WARNING: [Synth 8-7129] Port I_ARBURST[0] in module krnl_vadd_gmem1_m_axi is either unconnected or has no load
WARNING: [Synth 8-7129] Port I_ARLOCK[1] in module krnl_vadd_gmem1_m_axi is either unconnected or has no load
WARNING: [Synth 8-7129] Port I_ARLOCK[0] in module krnl_vadd_gmem1_m_axi is either unconnected or has no load
WARNING: [Synth 8-7129] Port in_BUS_RID[0] in module krnl_vadd_gmem0_m_axi_read is either unconnected or has no load
WARNING: [Synth 8-7129] Port in_BUS_RUSER[0] in module krnl_vadd_gmem0_m_axi_read is either unconnected or has no load
WARNING: [Synth 8-7129] Port in_HLS_ARCACHE[3] in module krnl_vadd_gmem0_m_axi_read is either unconnected or has no load
WARNING: [Synth 8-7129] Port in_HLS_ARCACHE[2] in module krnl_vadd_gmem0_m_axi_read is either unconnected or has no load
WARNING: [Synth 8-7129] Port in_HLS_ARCACHE[1] in module krnl_vadd_gmem0_m_axi_read is either unconnected or has no load
WARNING: [Synth 8-7129] Port in_HLS_ARCACHE[0] in module krnl_vadd_gmem0_m_axi_read is either unconnected or has no load
WARNING: [Synth 8-7129] Port in_HLS_ARPROT[2] in module krnl_vadd_gmem0_m_axi_read is either unconnected or has no load
WARNING: [Synth 8-7129] Port in_HLS_ARPROT[1] in module krnl_vadd_gmem0_m_axi_read is either unconnected or has no load
WARNING: [Synth 8-7129] Port in_HLS_ARPROT[0] in module krnl_vadd_gmem0_m_axi_read is either unconnected or has no load
WARNING: [Synth 8-7129] Port in_HLS_ARUSER[0] in module krnl_vadd_gmem0_m_axi_read is either unconnected or has no load
WARNING: [Synth 8-7129] Port in_BUS_BID[0] in module krnl_vadd_gmem0_m_axi_write is either unconnected or has no load
WARNING: [Synth 8-7129] Port in_BUS_BUSER[0] in module krnl_vadd_gmem0_m_axi_write is either unconnected or has no load
WARNING: [Synth 8-7129] Port in_HLS_AWCACHE[3] in module krnl_vadd_gmem0_m_axi_write is either unconnected or has no load
WARNING: [Synth 8-7129] Port in_HLS_AWCACHE[2] in module krnl_vadd_gmem0_m_axi_write is either unconnected or has no load
WARNING: [Synth 8-7129] Port in_HLS_AWCACHE[1] in module krnl_vadd_gmem0_m_axi_write is either unconnected or has no load
WARNING: [Synth 8-7129] Port in_HLS_AWCACHE[0] in module krnl_vadd_gmem0_m_axi_write is either unconnected or has no load
WARNING: [Synth 8-7129] Port in_HLS_AWPROT[2] in module krnl_vadd_gmem0_m_axi_write is either unconnected or has no load
WARNING: [Synth 8-7129] Port in_HLS_AWPROT[1] in module krnl_vadd_gmem0_m_axi_write is either unconnected or has no load
WARNING: [Synth 8-7129] Port in_HLS_AWPROT[0] in module krnl_vadd_gmem0_m_axi_write is either unconnected or has no load
WARNING: [Synth 8-7129] Port in_HLS_AWUSER[0] in module krnl_vadd_gmem0_m_axi_write is either unconnected or has no load
WARNING: [Synth 8-7129] Port in_HLS_WUSER[0] in module krnl_vadd_gmem0_m_axi_write is either unconnected or has no load
WARNING: [Synth 8-7129] Port I_AWID[0] in module krnl_vadd_gmem0_m_axi is either unconnected or has no load
WARNING: [Synth 8-7129] Port I_AWSIZE[2] in module krnl_vadd_gmem0_m_axi is either unconnected or has no load
WARNING: [Synth 8-7129] Port I_AWSIZE[1] in module krnl_vadd_gmem0_m_axi is either unconnected or has no load
WARNING: [Synth 8-7129] Port I_AWSIZE[0] in module krnl_vadd_gmem0_m_axi is either unconnected or has no load
WARNING: [Synth 8-7129] Port I_AWBURST[1] in module krnl_vadd_gmem0_m_axi is either unconnected or has no load
WARNING: [Synth 8-7129] Port I_AWBURST[0] in module krnl_vadd_gmem0_m_axi is either unconnected or has no load
WARNING: [Synth 8-7129] Port I_AWLOCK[1] in module krnl_vadd_gmem0_m_axi is either unconnected or has no load
WARNING: [Synth 8-7129] Port I_AWLOCK[0] in module krnl_vadd_gmem0_m_axi is either unconnected or has no load
WARNING: [Synth 8-7129] Port I_WID[0] in module krnl_vadd_gmem0_m_axi is either unconnected or has no load
WARNING: [Synth 8-7129] Port I_WLAST in module krnl_vadd_gmem0_m_axi is either unconnected or has no load
WARNING: [Synth 8-7129] Port I_ARID[0] in module krnl_vadd_gmem0_m_axi is either unconnected or has no load
WARNING: [Synth 8-7129] Port I_ARSIZE[2] in module krnl_vadd_gmem0_m_axi is either unconnected or has no load
WARNING: [Synth 8-7129] Port I_ARSIZE[1] in module krnl_vadd_gmem0_m_axi is either unconnected or has no load
WARNING: [Synth 8-7129] Port I_ARSIZE[0] in module krnl_vadd_gmem0_m_axi is either unconnected or has no load
WARNING: [Synth 8-7129] Port I_ARBURST[1] in module krnl_vadd_gmem0_m_axi is either unconnected or has no load
WARNING: [Synth 8-7129] Port I_ARBURST[0] in module krnl_vadd_gmem0_m_axi is either unconnected or has no load
WARNING: [Synth 8-7129] Port I_ARLOCK[1] in module krnl_vadd_gmem0_m_axi is either unconnected or has no load
WARNING: [Synth 8-7129] Port I_ARLOCK[0] in module krnl_vadd_gmem0_m_axi is either unconnected or has no load
WARNING: [Synth 8-7129] Port CLK in module xbip_pipe_v3_0_6_viv__parameterized13 is either unconnected or has no load
WARNING: [Synth 8-7129] Port CE in module xbip_pipe_v3_0_6_viv__parameterized13 is either unconnected or has no load
WARNING: [Synth 8-7129] Port SCLR in module xbip_pipe_v3_0_6_viv__parameterized13 is either unconnected or has no load
WARNING: [Synth 8-7129] Port SSET in module xbip_pipe_v3_0_6_viv__parameterized13 is either unconnected or has no load
WARNING: [Synth 8-7129] Port SINIT in module xbip_pipe_v3_0_6_viv__parameterized13 is either unconnected or has no load
WARNING: [Synth 8-7129] Port CLK in module xbip_pipe_v3_0_6_viv__parameterized95 is either unconnected or has no load
WARNING: [Synth 8-7129] Port CE in module xbip_pipe_v3_0_6_viv__parameterized95 is either unconnected or has no load
WARNING: [Synth 8-7129] Port SCLR in module xbip_pipe_v3_0_6_viv__parameterized95 is either unconnected or has no load
WARNING: [Synth 8-7129] Port SSET in module xbip_pipe_v3_0_6_viv__parameterized95 is either unconnected or has no load
WARNING: [Synth 8-7129] Port SINIT in module xbip_pipe_v3_0_6_viv__parameterized95 is either unconnected or has no load
WARNING: [Synth 8-7129] Port SCLR in module xbip_pipe_v3_0_6_viv__parameterized3 is either unconnected or has no load
WARNING: [Synth 8-7129] Port SSET in module xbip_pipe_v3_0_6_viv__parameterized3 is either unconnected or has no load
WARNING: [Synth 8-7129] Port SINIT in module xbip_pipe_v3_0_6_viv__parameterized3 is either unconnected or has no load
WARNING: [Synth 8-7129] Port DEC_OP_STATE[11] in module flt_dec_op is either unconnected or has no load
WARNING: [Synth 8-7129] Port DEC_OP_STATE[10] in module flt_dec_op is either unconnected or has no load
WARNING: [Synth 8-7129] Port DEC_OP_STATE[9] in module flt_dec_op is either unconnected or has no load
WARNING: [Synth 8-7129] Port DEC_OP_STATE[8] in module flt_dec_op is either unconnected or has no load
WARNING: [Synth 8-7129] Port DIVIDE_BY_ZERO_IN in module flt_dec_op is either unconnected or has no load
WARNING: [Synth 8-7129] Port SCLR in module xbip_pipe_v3_0_6_viv__parameterized91 is either unconnected or has no load
WARNING: [Synth 8-7129] Port SSET in module xbip_pipe_v3_0_6_viv__parameterized91 is either unconnected or has no load
WARNING: [Synth 8-7129] Port SINIT in module xbip_pipe_v3_0_6_viv__parameterized91 is either unconnected or has no load
WARNING: [Synth 8-7129] Port SCLR in module xbip_pipe_v3_0_6_viv__parameterized89 is either unconnected or has no load
INFO: [Common 17-14] Message 'Synth 8-7129' appears 100 times and further instances of the messages will be disabled. Use the Tcl command set_msg_config to change the current settings.
---------------------------------------------------------------------------------
Finished RTL Elaboration : Time (s): cpu = 00:00:10 ; elapsed = 00:00:12 . Memory (MB): peak = 3703.941 ; gain = 471.637 ; free physical = 9356 ; free virtual = 464779
---------------------------------------------------------------------------------
---------------------------------------------------------------------------------
Start Handling Custom Attributes
---------------------------------------------------------------------------------
---------------------------------------------------------------------------------
Finished Handling Custom Attributes : Time (s): cpu = 00:00:12 ; elapsed = 00:00:15 . Memory (MB): peak = 3721.754 ; gain = 489.449 ; free physical = 9369 ; free virtual = 464791
---------------------------------------------------------------------------------
---------------------------------------------------------------------------------
Finished RTL Optimization Phase 1 : Time (s): cpu = 00:00:12 ; elapsed = 00:00:15 . Memory (MB): peak = 3721.754 ; gain = 489.449 ; free physical = 9369 ; free virtual = 464791
---------------------------------------------------------------------------------
Netlist sorting complete. Time (s): cpu = 00:00:00.55 ; elapsed = 00:00:00.56 . Memory (MB): peak = 3727.691 ; gain = 0.000 ; free physical = 9298 ; free virtual = 464721
INFO: [Netlist 29-17] Analyzing 245 Unisim elements for replacement
INFO: [Netlist 29-28] Unisim Transformation completed in 0 CPU seconds
INFO: [Project 1-570] Preparing netlist for logic optimization

Processing XDC Constraints
Initializing timing engine
Parsing XDC File [/home/ziyuanwang/hbm/Vitis_Accel_Examples/host_xrt/hbm_simple_xrt/_x_double_32.hw.xilinx_u280_xdma_201920_3/link/vivado/vpl/prj/prj.gen/my_rm/bd/bd/ip/pfm_dynamic_krnl_vadd_1_0/constraints/krnl_vadd_ooc.xdc] for cell 'inst'
Finished Parsing XDC File [/home/ziyuanwang/hbm/Vitis_Accel_Examples/host_xrt/hbm_simple_xrt/_x_double_32.hw.xilinx_u280_xdma_201920_3/link/vivado/vpl/prj/prj.gen/my_rm/bd/bd/ip/pfm_dynamic_krnl_vadd_1_0/constraints/krnl_vadd_ooc.xdc] for cell 'inst'
Parsing XDC File [/home/ziyuanwang/hbm/Vitis_Accel_Examples/host_xrt/hbm_simple_xrt/_x_double_32.hw.xilinx_u280_xdma_201920_3/link/vivado/vpl/prj/prj.runs/pfm_dynamic_krnl_vadd_1_0_synth_1/dont_touch.xdc]
Finished Parsing XDC File [/home/ziyuanwang/hbm/Vitis_Accel_Examples/host_xrt/hbm_simple_xrt/_x_double_32.hw.xilinx_u280_xdma_201920_3/link/vivado/vpl/prj/prj.runs/pfm_dynamic_krnl_vadd_1_0_synth_1/dont_touch.xdc]
Completed Processing XDC Constraints

Netlist sorting complete. Time (s): cpu = 00:00:00 ; elapsed = 00:00:00 . Memory (MB): peak = 3944.879 ; gain = 0.000 ; free physical = 9103 ; free virtual = 464526
INFO: [Project 1-111] Unisim Transformation Summary:
  A total of 22 instances were transformed.
  DSP48E1 => DSP48E2 (DSP_ALU, DSP_A_B_DATA, DSP_C_DATA, DSP_MULTIPLIER, DSP_M_DATA, DSP_OUTPUT, DSP_PREADD, DSP_PREADD_DATA): 3 instances
  FDE => FDRE: 19 instances

Constraint Validation Runtime : Time (s): cpu = 00:00:01 ; elapsed = 00:00:01 . Memory (MB): peak = 3969.691 ; gain = 24.812 ; free physical = 9091 ; free virtual = 464513
---------------------------------------------------------------------------------
Finished Constraint Validation : Time (s): cpu = 00:00:30 ; elapsed = 00:00:35 . Memory (MB): peak = 3969.691 ; gain = 737.387 ; free physical = 9384 ; free virtual = 464807
---------------------------------------------------------------------------------
---------------------------------------------------------------------------------
Start Loading Part and Timing Information
---------------------------------------------------------------------------------
Loading part: xcu280-fsvh2892-2L-e
INFO: [Synth 8-6742] Reading net delay rules and data
---------------------------------------------------------------------------------
Finished Loading Part and Timing Information : Time (s): cpu = 00:00:30 ; elapsed = 00:00:35 . Memory (MB): peak = 3969.691 ; gain = 737.387 ; free physical = 9384 ; free virtual = 464807
---------------------------------------------------------------------------------
---------------------------------------------------------------------------------
Start Applying 'set_property' XDC Constraints
---------------------------------------------------------------------------------
Applied set_property KEEP_HIERARCHY = SOFT for inst. (constraint file  /home/ziyuanwang/hbm/Vitis_Accel_Examples/host_xrt/hbm_simple_xrt/_x_double_32.hw.xilinx_u280_xdma_201920_3/link/vivado/vpl/prj/prj.runs/pfm_dynamic_krnl_vadd_1_0_synth_1/dont_touch.xdc, line 9).
---------------------------------------------------------------------------------
Finished applying 'set_property' XDC Constraints : Time (s): cpu = 00:00:30 ; elapsed = 00:00:35 . Memory (MB): peak = 3969.691 ; gain = 737.387 ; free physical = 9383 ; free virtual = 464806
---------------------------------------------------------------------------------
INFO: [Synth 8-802] inferred FSM for state register 'wstate_reg' in module 'krnl_vadd_control_s_axi'
INFO: [Synth 8-802] inferred FSM for state register 'rstate_reg' in module 'krnl_vadd_control_s_axi'
INFO: [Synth 8-802] inferred FSM for state register 'state_reg' in module 'krnl_vadd_gmem0_m_axi_reg_slice'
INFO: [Synth 8-802] inferred FSM for state register 'state_reg' in module 'krnl_vadd_gmem0_m_axi_reg_slice__parameterized0'
INFO: [Synth 8-802] inferred FSM for state register 'state_reg' in module 'krnl_vadd_gmem0_m_axi_reg_slice__parameterized1'
INFO: [Synth 8-802] inferred FSM for state register 'state_reg' in module 'krnl_vadd_gmem1_m_axi_reg_slice'
INFO: [Synth 8-802] inferred FSM for state register 'state_reg' in module 'krnl_vadd_gmem1_m_axi_reg_slice__parameterized0'
INFO: [Synth 8-802] inferred FSM for state register 'state_reg' in module 'krnl_vadd_gmem1_m_axi_reg_slice__parameterized1'
INFO: [Synth 8-4490] FSM extraction disabled for register 'ap_CS_fsm_reg' through user attribute
---------------------------------------------------------------------------------------------------
                   State |                     New Encoding |                Previous Encoding 
---------------------------------------------------------------------------------------------------
                  iSTATE |                             0001 |                               11
*
                  WRIDLE |                             0010 |                               00
                  WRDATA |                             0100 |                               01
                  WRRESP |                             1000 |                               10
---------------------------------------------------------------------------------------------------
INFO: [Synth 8-3354] encoded FSM with state register 'wstate_reg' using encoding 'one-hot' in module 'krnl_vadd_control_s_axi'
---------------------------------------------------------------------------------------------------
                   State |                     New Encoding |                Previous Encoding 
---------------------------------------------------------------------------------------------------
                  iSTATE |                              001 |                               10
*
                  RDIDLE |                              010 |                               00
                  RDDATA |                              100 |                               01
---------------------------------------------------------------------------------------------------
INFO: [Synth 8-3354] encoded FSM with state register 'rstate_reg' using encoding 'one-hot' in module 'krnl_vadd_control_s_axi'
---------------------------------------------------------------------------------------------------
                   State |                     New Encoding |                Previous Encoding 
---------------------------------------------------------------------------------------------------
                    ZERO |                               00 |                               10
                     ONE |                               10 |                               11
                     TWO |                               01 |                               01
---------------------------------------------------------------------------------------------------
INFO: [Synth 8-3354] encoded FSM with state register 'state_reg' using encoding 'sequential' in module 'krnl_vadd_gmem0_m_axi_reg_slice'
---------------------------------------------------------------------------------------------------
                   State |                     New Encoding |                Previous Encoding 
---------------------------------------------------------------------------------------------------
                    ZERO |                               00 |                               10
                     ONE |                               10 |                               11
                     TWO |                               01 |                               01
---------------------------------------------------------------------------------------------------
INFO: [Synth 8-3354] encoded FSM with state register 'state_reg' using encoding 'sequential' in module 'krnl_vadd_gmem0_m_axi_reg_slice__parameterized0'
---------------------------------------------------------------------------------------------------
                   State |                     New Encoding |                Previous Encoding 
---------------------------------------------------------------------------------------------------
                    ZERO |                               00 |                               10
                     ONE |                               10 |                               11
                     TWO |                               01 |                               01
---------------------------------------------------------------------------------------------------
INFO: [Synth 8-3354] encoded FSM with state register 'state_reg' using encoding 'sequential' in module 'krnl_vadd_gmem0_m_axi_reg_slice__parameterized1'
---------------------------------------------------------------------------------------------------
                   State |                     New Encoding |                Previous Encoding 
---------------------------------------------------------------------------------------------------
                    ZERO |                               00 |                               10
                     ONE |                               10 |                               11
                     TWO |                               01 |                               01
---------------------------------------------------------------------------------------------------
INFO: [Synth 8-3354] encoded FSM with state register 'state_reg' using encoding 'sequential' in module 'krnl_vadd_gmem1_m_axi_reg_slice'
---------------------------------------------------------------------------------------------------
                   State |                     New Encoding |                Previous Encoding 
---------------------------------------------------------------------------------------------------
                    ZERO |                               00 |                               10
                     ONE |                               10 |                               11
                     TWO |                               01 |                               01
---------------------------------------------------------------------------------------------------
INFO: [Synth 8-3354] encoded FSM with state register 'state_reg' using encoding 'sequential' in module 'krnl_vadd_gmem1_m_axi_reg_slice__parameterized0'
---------------------------------------------------------------------------------------------------
                   State |                     New Encoding |                Previous Encoding 
---------------------------------------------------------------------------------------------------
                    ZERO |                               00 |                               10
                     ONE |                               10 |                               11
                     TWO |                               01 |                               01
---------------------------------------------------------------------------------------------------
INFO: [Synth 8-3354] encoded FSM with state register 'state_reg' using encoding 'sequential' in module 'krnl_vadd_gmem1_m_axi_reg_slice__parameterized1'
---------------------------------------------------------------------------------
Finished RTL Optimization Phase 2 : Time (s): cpu = 00:00:34 ; elapsed = 00:00:40 . Memory (MB): peak = 3969.691 ; gain = 737.387 ; free physical = 9364 ; free virtual = 464790
---------------------------------------------------------------------------------
INFO: [Synth 8-223] decloning instance 'inst/grp_krnl_vadd_Pipeline_vadd1_vadd2_fu_141/dadd_64ns_64ns_64_8_full_dsp_1_U1/krnl_vadd_dadd_64ns_64ns_64_8_full_dsp_1_ip_u/inst/i_synth/DELAY_DIVIDE_BY_ZERO' (delay__parameterized13) to 'inst/grp_krnl_vadd_Pipeline_vadd1_vadd2_fu_141/dadd_64ns_64ns_64_8_full_dsp_1_U1/krnl_vadd_dadd_64ns_64ns_64_8_full_dsp_1_ip_u/inst/i_synth/DELAY_ACCUM_OVERFLOW'
INFO: [Synth 8-223] decloning instance 'inst/grp_krnl_vadd_Pipeline_vadd1_vadd2_fu_141/dadd_64ns_64ns_64_8_full_dsp_1_U1/krnl_vadd_dadd_64ns_64ns_64_8_full_dsp_1_ip_u/inst/i_synth/DELAY_DIVIDE_BY_ZERO' (delay__parameterized13) to 'inst/grp_krnl_vadd_Pipeline_vadd1_vadd2_fu_141/dadd_64ns_64ns_64_8_full_dsp_1_U1/krnl_vadd_dadd_64ns_64ns_64_8_full_dsp_1_ip_u/inst/i_synth/DELAY_ACCUM_INPUT_OVERFLOW'
---------------------------------------------------------------------------------
Start RTL Component Statistics 
---------------------------------------------------------------------------------
---------------------------------------------------------------------------------
Finished RTL Component Statistics 
---------------------------------------------------------------------------------
---------------------------------------------------------------------------------
Start Part Resource Summary
---------------------------------------------------------------------------------
Part Resources:
DSPs: 9024 (col length:94)
BRAMs: 4032 (col length: RAMB18 288 RAMB36 144)
---------------------------------------------------------------------------------
Finished Part Resource Summary
---------------------------------------------------------------------------------
---------------------------------------------------------------------------------
Start Cross Boundary and Area Optimization
---------------------------------------------------------------------------------
WARNING: [Synth 8-7080] Parallel synthesis criteria is not met
WARNING: [Synth 8-7257] Removed RAM (buff_wdata/mem_reg) due to inactive write enable.
WARNING: [Synth 8-6014] Unused sequential element buff_wdata/mem_reg was removed. 
WARNING: [Synth 8-3332] Sequential element (control_s_axi_U/FSM_onehot_wstate_reg[0]) is unused and will be removed from module krnl_vadd.
WARNING: [Synth 8-3332] Sequential element (control_s_axi_U/FSM_onehot_rstate_reg[0]) is unused and will be removed from module krnl_vadd.
WARNING: [Synth 8-3332] Sequential element (rs_wreq/FSM_sequential_state_reg[1]) is unused and will be removed from module krnl_vadd_gmem1_m_axi_write.
WARNING: [Synth 8-3332] Sequential element (rs_wreq/FSM_sequential_state_reg[0]) is unused and will be removed from module krnl_vadd_gmem1_m_axi_write.
WARNING: [Synth 8-3332] Sequential element (rs_req/FSM_sequential_state_reg[1]) is unused and will be removed from module krnl_vadd_gmem1_m_axi_throttle.
WARNING: [Synth 8-3332] Sequential element (rs_req/FSM_sequential_state_reg[0]) is unused and will be removed from module krnl_vadd_gmem1_m_axi_throttle.
---------------------------------------------------------------------------------
Finished Cross Boundary and Area Optimization : Time (s): cpu = 00:01:02 ; elapsed = 00:01:10 . Memory (MB): peak = 3969.691 ; gain = 737.387 ; free physical = 9327 ; free virtual = 464771
---------------------------------------------------------------------------------
---------------------------------------------------------------------------------
Start Applying XDC Timing Constraints
---------------------------------------------------------------------------------
---------------------------------------------------------------------------------
Finished Applying XDC Timing Constraints : Time (s): cpu = 00:01:11 ; elapsed = 00:01:21 . Memory (MB): peak = 4065.816 ; gain = 833.512 ; free physical = 8804 ; free virtual = 464247
---------------------------------------------------------------------------------
---------------------------------------------------------------------------------
Start Timing Optimization
---------------------------------------------------------------------------------
WARNING: [Synth 8-6779] Delay data for wire-load model not found, using default value
WARNING: [Synth 8-6779] Delay data for wire-load model not found, using default value
WARNING: [Synth 8-6779] Delay data for wire-load model not found, using default value
WARNING: [Synth 8-6779] Delay data for wire-load model not found, using default value
WARNING: [Synth 8-6779] Delay data for wire-load model not found, using default value
WARNING: [Synth 8-6779] Delay data for wire-load model not found, using default value
WARNING: [Synth 8-6779] Delay data for wire-load model not found, using default value
WARNING: [Synth 8-6779] Delay data for wire-load model not found, using default value
WARNING: [Synth 8-6779] Delay data for wire-load model not found, using default value
WARNING: [Synth 8-6779] Delay data for wire-load model not found, using default value
---------------------------------------------------------------------------------
Finished Timing Optimization : Time (s): cpu = 00:01:17 ; elapsed = 00:01:27 . Memory (MB): peak = 4164.863 ; gain = 932.559 ; free physical = 8761 ; free virtual = 464204
---------------------------------------------------------------------------------
---------------------------------------------------------------------------------
Start Technology Mapping
---------------------------------------------------------------------------------
WARNING: [Synth 8-6779] Delay data for wire-load model not found, using default value
WARNING: [Synth 8-6779] Delay data for wire-load model not found, using default value
WARNING: [Synth 8-6779] Delay data for wire-load model not found, using default value
WARNING: [Synth 8-6779] Delay data for wire-load model not found, using default value
WARNING: [Synth 8-6779] Delay data for wire-load model not found, using default value
WARNING: [Synth 8-6779] Delay data for wire-load model not found, using default value
WARNING: [Synth 8-6779] Delay data for wire-load model not found, using default value
WARNING: [Synth 8-6779] Delay data for wire-load model not found, using default value
WARNING: [Synth 8-6779] Delay data for wire-load model not found, using default value
WARNING: [Synth 8-6779] Delay data for wire-load model not found, using default value
WARNING: [Synth 8-6779] Delay data for wire-load model not found, using default value
WARNING: [Synth 8-6779] Delay data for wire-load model not found, using default value
WARNING: [Synth 8-6779] Delay data for wire-load model not found, using default value
WARNING: [Synth 8-6779] Delay data for wire-load model not found, using default value
WARNING: [Synth 8-6779] Delay data for wire-load model not found, using default value
WARNING: [Synth 8-6779] Delay data for wire-load model not found, using default value
WARNING: [Synth 8-6779] Delay data for wire-load model not found, using default value
WARNING: [Synth 8-6779] Delay data for wire-load model not found, using default value
WARNING: [Synth 8-6779] Delay data for wire-load model not found, using default value
WARNING: [Synth 8-6779] Delay data for wire-load model not found, using default value
WARNING: [Synth 8-6779] Delay data for wire-load model not found, using default value
WARNING: [Synth 8-6779] Delay data for wire-load model not found, using default value
WARNING: [Synth 8-6779] Delay data for wire-load model not found, using default value
WARNING: [Synth 8-6779] Delay data for wire-load model not found, using default value
WARNING: [Synth 8-6779] Delay data for wire-load model not found, using default value
WARNING: [Synth 8-6779] Delay data for wire-load model not found, using default value
WARNING: [Synth 8-6779] Delay data for wire-load model not found, using default value
WARNING: [Synth 8-6779] Delay data for wire-load model not found, using default value
WARNING: [Synth 8-6779] Delay data for wire-load model not found, using default value
WARNING: [Synth 8-6779] Delay data for wire-load model not found, using default value
WARNING: [Synth 8-6779] Delay data for wire-load model not found, using default value
WARNING: [Synth 8-6779] Delay data for wire-load model not found, using default value
WARNING: [Synth 8-6779] Delay data for wire-load model not found, using default value
WARNING: [Synth 8-6779] Delay data for wire-load model not found, using default value
WARNING: [Synth 8-6779] Delay data for wire-load model not found, using default value
WARNING: [Synth 8-6779] Delay data for wire-load model not found, using default value
INFO: [Synth 8-7052] The timing for the instance inst/gmem0_m_axi_U/bus_write/buff_wdata/mem_reg_0 (implemented as a Block RAM) might be sub-optimal as no optional output register could be merged into the ram block. Providing additional output register may help in improving timing.
INFO: [Synth 8-7052] The timing for the instance inst/gmem0_m_axi_U/bus_write/buff_wdata/mem_reg_1 (implemented as a Block RAM) might be sub-optimal as no optional output register could be merged into the ram block. Providing additional output register may help in improving timing.
INFO: [Synth 8-7052] The timing for the instance inst/gmem0_m_axi_U/bus_write/buff_wdata/mem_reg_2 (implemented as a Block RAM) might be sub-optimal as no optional output register could be merged into the ram block. Providing additional output register may help in improving timing.
INFO: [Synth 8-7052] The timing for the instance inst/gmem0_m_axi_U/bus_write/buff_wdata/mem_reg_3 (implemented as a Block RAM) might be sub-optimal as no optional output register could be merged into the ram block. Providing additional output register may help in improving timing.
INFO: [Synth 8-7052] The timing for the instance inst/gmem0_m_axi_U/bus_write/buff_wdata/mem_reg_4 (implemented as a Block RAM) might be sub-optimal as no optional output register could be merged into the ram block. Providing additional output register may help in improving timing.
INFO: [Synth 8-7052] The timing for the instance inst/gmem0_m_axi_U/bus_write/buff_wdata/mem_reg_5 (implemented as a Block RAM) might be sub-optimal as no optional output register could be merged into the ram block. Providing additional output register may help in improving timing.
INFO: [Synth 8-7052] The timing for the instance inst/gmem0_m_axi_U/bus_write/buff_wdata/mem_reg_6 (implemented as a Block RAM) might be sub-optimal as no optional output register could be merged into the ram block. Providing additional output register may help in improving timing.
INFO: [Synth 8-7052] The timing for the instance inst/gmem0_m_axi_U/bus_write/buff_wdata/mem_reg_7 (implemented as a Block RAM) might be sub-optimal as no optional output register could be merged into the ram block. Providing additional output register may help in improving timing.
INFO: [Synth 8-7052] The timing for the instance inst/gmem0_m_axi_U/bus_read/buff_rdata/mem_reg_0 (implemented as a Block RAM) might be sub-optimal as no optional output register could be merged into the ram block. Providing additional output register may help in improving timing.
INFO: [Synth 8-7052] The timing for the instance inst/gmem0_m_axi_U/bus_read/buff_rdata/mem_reg_1 (implemented as a Block RAM) might be sub-optimal as no optional output register could be merged into the ram block. Providing additional output register may help in improving timing.
INFO: [Synth 8-7052] The timing for the instance inst/gmem0_m_axi_U/bus_read/buff_rdata/mem_reg_2 (implemented as a Block RAM) might be sub-optimal as no optional output register could be merged into the ram block. Providing additional output register may help in improving timing.
INFO: [Synth 8-7052] The timing for the instance inst/gmem0_m_axi_U/bus_read/buff_rdata/mem_reg_3 (implemented as a Block RAM) might be sub-optimal as no optional output register could be merged into the ram block. Providing additional output register may help in improving timing.
INFO: [Synth 8-7052] The timing for the instance inst/gmem0_m_axi_U/bus_read/buff_rdata/mem_reg_4 (implemented as a Block RAM) might be sub-optimal as no optional output register could be merged into the ram block. Providing additional output register may help in improving timing.
INFO: [Synth 8-7052] The timing for the instance inst/gmem0_m_axi_U/bus_read/buff_rdata/mem_reg_5 (implemented as a Block RAM) might be sub-optimal as no optional output register could be merged into the ram block. Providing additional output register may help in improving timing.
INFO: [Synth 8-7052] The timing for the instance inst/gmem0_m_axi_U/bus_read/buff_rdata/mem_reg_6 (implemented as a Block RAM) might be sub-optimal as no optional output register could be merged into the ram block. Providing additional output register may help in improving timing.
INFO: [Synth 8-7052] The timing for the instance inst/gmem0_m_axi_U/bus_read/buff_rdata/mem_reg_7 (implemented as a Block RAM) might be sub-optimal as no optional output register could be merged into the ram block. Providing additional output register may help in improving timing.
INFO: [Synth 8-7052] The timing for the instance inst/gmem1_m_axi_U/bus_read/buff_rdata/mem_reg_0 (implemented as a Block RAM) might be sub-optimal as no optional output register could be merged into the ram block. Providing additional output register may help in improving timing.
INFO: [Synth 8-7052] The timing for the instance inst/gmem1_m_axi_U/bus_read/buff_rdata/mem_reg_1 (implemented as a Block RAM) might be sub-optimal as no optional output register could be merged into the ram block. Providing additional output register may help in improving timing.
INFO: [Synth 8-7052] The timing for the instance inst/gmem1_m_axi_U/bus_read/buff_rdata/mem_reg_2 (implemented as a Block RAM) might be sub-optimal as no optional output register could be merged into the ram block. Providing additional output register may help in improving timing.
INFO: [Synth 8-7052] The timing for the instance inst/gmem1_m_axi_U/bus_read/buff_rdata/mem_reg_3 (implemented as a Block RAM) might be sub-optimal as no optional output register could be merged into the ram block. Providing additional output register may help in improving timing.
INFO: [Synth 8-7052] The timing for the instance inst/gmem1_m_axi_U/bus_read/buff_rdata/mem_reg_4 (implemented as a Block RAM) might be sub-optimal as no optional output register could be merged into the ram block. Providing additional output register may help in improving timing.
INFO: [Synth 8-7052] The timing for the instance inst/gmem1_m_axi_U/bus_read/buff_rdata/mem_reg_5 (implemented as a Block RAM) might be sub-optimal as no optional output register could be merged into the ram block. Providing additional output register may help in improving timing.
INFO: [Synth 8-7052] The timing for the instance inst/gmem1_m_axi_U/bus_read/buff_rdata/mem_reg_6 (implemented as a Block RAM) might be sub-optimal as no optional output register could be merged into the ram block. Providing additional output register may help in improving timing.
INFO: [Synth 8-7052] The timing for the instance inst/gmem1_m_axi_U/bus_read/buff_rdata/mem_reg_7 (implemented as a Block RAM) might be sub-optimal as no optional output register could be merged into the ram block. Providing additional output register may help in improving timing.
---------------------------------------------------------------------------------
Finished Technology Mapping : Time (s): cpu = 00:01:23 ; elapsed = 00:01:33 . Memory (MB): peak = 4182.895 ; gain = 950.590 ; free physical = 8827 ; free virtual = 464271
---------------------------------------------------------------------------------
---------------------------------------------------------------------------------
Start IO Insertion
---------------------------------------------------------------------------------
---------------------------------------------------------------------------------
Start Flattening Before IO Insertion
---------------------------------------------------------------------------------
---------------------------------------------------------------------------------
Finished Flattening Before IO Insertion
---------------------------------------------------------------------------------
---------------------------------------------------------------------------------
Start Final Netlist Cleanup
---------------------------------------------------------------------------------
WARNING: [Synth 8-6779] Delay data for wire-load model not found, using default value
WARNING: [Synth 8-6779] Delay data for wire-load model not found, using default value
---------------------------------------------------------------------------------
Finished Final Netlist Cleanup
---------------------------------------------------------------------------------
---------------------------------------------------------------------------------
Finished IO Insertion : Time (s): cpu = 00:01:28 ; elapsed = 00:01:38 . Memory (MB): peak = 4182.895 ; gain = 950.590 ; free physical = 8768 ; free virtual = 464212
---------------------------------------------------------------------------------
---------------------------------------------------------------------------------
Start Renaming Generated Instances
---------------------------------------------------------------------------------
---------------------------------------------------------------------------------
Finished Renaming Generated Instances : Time (s): cpu = 00:01:28 ; elapsed = 00:01:38 . Memory (MB): peak = 4182.895 ; gain = 950.590 ; free physical = 8768 ; free virtual = 464211
---------------------------------------------------------------------------------
---------------------------------------------------------------------------------
Start Rebuilding User Hierarchy
---------------------------------------------------------------------------------
---------------------------------------------------------------------------------
Finished Rebuilding User Hierarchy : Time (s): cpu = 00:01:29 ; elapsed = 00:01:39 . Memory (MB): peak = 4182.895 ; gain = 950.590 ; free physical = 8781 ; free virtual = 464225
---------------------------------------------------------------------------------
---------------------------------------------------------------------------------
Start Renaming Generated Ports
---------------------------------------------------------------------------------
---------------------------------------------------------------------------------
Finished Renaming Generated Ports : Time (s): cpu = 00:01:29 ; elapsed = 00:01:39 . Memory (MB): peak = 4182.895 ; gain = 950.590 ; free physical = 8780 ; free virtual = 464223
---------------------------------------------------------------------------------
---------------------------------------------------------------------------------
Start Handling Custom Attributes
---------------------------------------------------------------------------------
---------------------------------------------------------------------------------
Finished Handling Custom Attributes : Time (s): cpu = 00:01:31 ; elapsed = 00:01:41 . Memory (MB): peak = 4182.895 ; gain = 950.590 ; free physical = 8767 ; free virtual = 464210
---------------------------------------------------------------------------------
---------------------------------------------------------------------------------
Start Renaming Generated Nets
---------------------------------------------------------------------------------
---------------------------------------------------------------------------------
Finished Renaming Generated Nets : Time (s): cpu = 00:01:31 ; elapsed = 00:01:41 . Memory (MB): peak = 4182.895 ; gain = 950.590 ; free physical = 8776 ; free virtual = 464220
---------------------------------------------------------------------------------
---------------------------------------------------------------------------------
Start Writing Synthesis Report
---------------------------------------------------------------------------------

Report BlackBoxes: 
+-+--------------+----------+
| |BlackBox name |Instances |
+-+--------------+----------+
+-+--------------+----------+

Report Cell Usage: 
+------+---------+------+
|      |Cell     |Count |
+------+---------+------+
|1     |CARRY8   |   127|
|2     |DSP48E1  |     3|
|3     |LUT1     |   148|
|4     |LUT2     |   740|
|5     |LUT3     |  2288|
|6     |LUT4     |  2722|
|7     |LUT5     |   420|
|8     |LUT6     |   798|
|9     |MUXCY    |   130|
|10    |MUXF7    |   264|
|11    |MUXF8    |     1|
|12    |RAMB18E2 |     2|
|13    |RAMB36E2 |    22|
|14    |SRL16E   |   660|
|15    |SRLC32E  |   786|
|16    |XORCY    |    44|
|17    |FDE      |    19|
|18    |FDRE     | 14268|
|19    |FDSE     |    21|
+------+---------+------+
---------------------------------------------------------------------------------
Finished Writing Synthesis Report : Time (s): cpu = 00:01:31 ; elapsed = 00:01:41 . Memory (MB): peak = 4182.895 ; gain = 950.590 ; free physical = 8776 ; free virtual = 464220
---------------------------------------------------------------------------------
Synthesis finished with 0 errors, 0 critical warnings and 477 warnings.
Synthesis Optimization Runtime : Time (s): cpu = 00:01:17 ; elapsed = 00:01:26 . Memory (MB): peak = 4182.895 ; gain = 702.652 ; free physical = 8812 ; free virtual = 464255
Synthesis Optimization Complete : Time (s): cpu = 00:01:31 ; elapsed = 00:01:41 . Memory (MB): peak = 4182.902 ; gain = 950.590 ; free physical = 8904 ; free virtual = 464347
INFO: [Project 1-571] Translating synthesized netlist
Netlist sorting complete. Time (s): cpu = 00:00:00.23 ; elapsed = 00:00:00.23 . Memory (MB): peak = 4182.902 ; gain = 0.000 ; free physical = 8897 ; free virtual = 464341
INFO: [Netlist 29-17] Analyzing 588 Unisim elements for replacement
INFO: [Netlist 29-28] Unisim Transformation completed in 0 CPU seconds
INFO: [Project 1-570] Preparing netlist for logic optimization
INFO: [Opt 31-138] Pushed 0 inverter(s) to 0 load pin(s).
Netlist sorting complete. Time (s): cpu = 00:00:00 ; elapsed = 00:00:00 . Memory (MB): peak = 4251.473 ; gain = 0.000 ; free physical = 8786 ; free virtual = 464229
INFO: [Project 1-111] Unisim Transformation Summary:
  A total of 44 instances were transformed.
  (CARRY4) => CARRY8: 22 instances
  DSP48E1 => DSP48E2 (DSP_ALU, DSP_A_B_DATA, DSP_C_DATA, DSP_MULTIPLIER, DSP_M_DATA, DSP_OUTPUT, DSP_PREADD, DSP_PREADD_DATA): 3 instances
  FDE => FDRE: 19 instances

Synth Design complete, checksum: e74bcfa2
INFO: [Common 17-83] Releasing license: Synthesis
145 Infos, 166 Warnings, 0 Critical Warnings and 0 Errors encountered.
synth_design completed successfully
synth_design: Time (s): cpu = 00:01:49 ; elapsed = 00:01:59 . Memory (MB): peak = 4251.473 ; gain = 1510.820 ; free physical = 9009 ; free virtual = 464452
INFO: [Common 17-600] The following parameters have non-default value.
general.maxThreads
INFO: [Common 17-1381] The checkpoint '/home/ziyuanwang/hbm/Vitis_Accel_Examples/host_xrt/hbm_simple_xrt/_x_double_32.hw.xilinx_u280_xdma_201920_3/link/vivado/vpl/prj/prj.runs/pfm_dynamic_krnl_vadd_1_0_synth_1/pfm_dynamic_krnl_vadd_1_0.dcp' has been generated.
write_checkpoint: Time (s): cpu = 00:00:04 ; elapsed = 00:00:06 . Memory (MB): peak = 4251.473 ; gain = 0.000 ; free physical = 8996 ; free virtual = 464443
INFO: [Coretcl 2-1648] Added synthesis output to IP cache for IP pfm_dynamic_krnl_vadd_1_0, cache-ID = 8c2ee62857a2c331
INFO: [Coretcl 2-1174] Renamed 162 cell refs.
INFO: [Common 17-1381] The checkpoint '/home/ziyuanwang/hbm/Vitis_Accel_Examples/host_xrt/hbm_simple_xrt/_x_double_32.hw.xilinx_u280_xdma_201920_3/link/vivado/vpl/prj/prj.runs/pfm_dynamic_krnl_vadd_1_0_synth_1/pfm_dynamic_krnl_vadd_1_0.dcp' has been generated.
write_checkpoint: Time (s): cpu = 00:00:04 ; elapsed = 00:00:06 . Memory (MB): peak = 4251.473 ; gain = 0.000 ; free physical = 8974 ; free virtual = 464435
INFO: [runtcl-4] Executing : report_utilization -file pfm_dynamic_krnl_vadd_1_0_utilization_synth.rpt -pb pfm_dynamic_krnl_vadd_1_0_utilization_synth.pb
INFO: [Common 17-206] Exiting Vivado at Thu Nov 21 17:15:51 2024...
