Copyright 1986-2021 Xilinx, Inc. All Rights Reserved.
----------------------------------------------------------------------------------------------------------------------------------------------------------------------------------------------------------------------------------------------------------------------------------------------------------------------------------------------------------------------------------------------------------------------------------------------------------------------------------------------------------------------------------------------------------------------------------------------------------------------------------------------------------------------------------------------------------------------------------
| Tool Version : Vivado v.2021.2 (lin64) Build 3367213 Tue Oct 19 02:47:39 MDT 2021
| Date         : Sat Oct 19 04:21:42 2024
| Host         : hacc-gpu0 running 64-bit Ubuntu 20.04.6 LTS
| Command      : report_accelerator_utilization -kernels { krnl_vaddmul:pfm_top_i/dynamic_region/krnl_vaddmul_1/inst:krnl_vaddmul_1 krnl_vaddmul:pfm_top_i/dynamic_region/krnl_vaddmul_2/inst:krnl_vaddmul_2 krnl_vaddmul:pfm_top_i/dynamic_region/krnl_vaddmul_3/inst:krnl_vaddmul_3 krnl_vaddmul:pfm_top_i/dynamic_region/krnl_vaddmul_4/inst:krnl_vaddmul_4 krnl_vaddmul:pfm_top_i/dynamic_region/krnl_vaddmul_5/inst:krnl_vaddmul_5 krnl_vaddmul:pfm_top_i/dynamic_region/krnl_vaddmul_6/inst:krnl_vaddmul_6 krnl_vaddmul:pfm_top_i/dynamic_region/krnl_vaddmul_7/inst:krnl_vaddmul_7 krnl_vaddmul:pfm_top_i/dynamic_region/krnl_vaddmul_8/inst:krnl_vaddmul_8} -file kernel_util_synthed.rpt -name kernel_util_synthed -json
| Design       : pfm_top_wrapper
| Device       : xcu280
| Design State : Synthesized
----------------------------------------------------------------------------------------------------------------------------------------------------------------------------------------------------------------------------------------------------------------------------------------------------------------------------------------------------------------------------------------------------------------------------------------------------------------------------------------------------------------------------------------------------------------------------------------------------------------------------------------------------------------------------------------------------------------------------------

Accelerator Utilization Design Information

Table of Contents
-----------------
1. System Utilization

1. System Utilization
---------------------

+---------------------+-------------------+------------------+-------------------+----------------+---------------+----------------+
| Name                | LUT               | LUTAsMem         | REG               | BRAM           | URAM          | DSP            |
+---------------------+-------------------+------------------+-------------------+----------------+---------------+----------------+
| Platform            |  222057 [ 17.05%] |  60468 [ 10.07%] |  359957 [ 13.81%] |  204 [ 10.12%] |   0 [  0.00%] |    4 [  0.04%] |
| User Budget         | 1080663 [100.00%] | 540012 [100.00%] | 2247403 [100.00%] | 1812 [100.00%] | 960 [100.00%] | 9020 [100.00%] |
|    Used Resources   |  149528 [ 13.84%] |  48672 [  9.01%] |  292792 [ 13.03%] |  720 [ 39.74%] |   0 [  0.00%] | 1568 [ 17.38%] |
|    Unused Resources |  931135 [ 86.16%] | 491340 [ 90.99%] | 1954611 [ 86.97%] | 1092 [ 60.26%] | 960 [100.00%] | 7452 [ 82.62%] |
| krnl_vaddmul        |  149528 [ 13.84%] |  48672 [  9.01%] |  292792 [ 13.03%] |  720 [ 39.74%] |   0 [  0.00%] | 1568 [ 17.38%] |
|    krnl_vaddmul_1   |   18691 [  1.73%] |   6084 [  1.13%] |   36599 [  1.63%] |   90 [  4.97%] |   0 [  0.00%] |  196 [  2.17%] |
|    krnl_vaddmul_2   |   18691 [  1.73%] |   6084 [  1.13%] |   36599 [  1.63%] |   90 [  4.97%] |   0 [  0.00%] |  196 [  2.17%] |
|    krnl_vaddmul_3   |   18691 [  1.73%] |   6084 [  1.13%] |   36599 [  1.63%] |   90 [  4.97%] |   0 [  0.00%] |  196 [  2.17%] |
|    krnl_vaddmul_4   |   18691 [  1.73%] |   6084 [  1.13%] |   36599 [  1.63%] |   90 [  4.97%] |   0 [  0.00%] |  196 [  2.17%] |
|    krnl_vaddmul_5   |   18691 [  1.73%] |   6084 [  1.13%] |   36599 [  1.63%] |   90 [  4.97%] |   0 [  0.00%] |  196 [  2.17%] |
|    krnl_vaddmul_6   |   18691 [  1.73%] |   6084 [  1.13%] |   36599 [  1.63%] |   90 [  4.97%] |   0 [  0.00%] |  196 [  2.17%] |
|    krnl_vaddmul_7   |   18691 [  1.73%] |   6084 [  1.13%] |   36599 [  1.63%] |   90 [  4.97%] |   0 [  0.00%] |  196 [  2.17%] |
|    krnl_vaddmul_8   |   18691 [  1.73%] |   6084 [  1.13%] |   36599 [  1.63%] |   90 [  4.97%] |   0 [  0.00%] |  196 [  2.17%] |
+---------------------+-------------------+------------------+-------------------+----------------+---------------+----------------+


