Copyright 1986-2021 Xilinx, Inc. All Rights Reserved.
------------------------------------------------------------------------------------------
| Tool Version : Vivado v.2021.2 (lin64) Build 3367213 Tue Oct 19 02:47:39 MDT 2021
| Date         : Tue Nov 12 08:21:13 2024
| Host         : hacc-gpu0 running 64-bit Ubuntu 20.04.6 LTS
| Command      : report_utilization -slr -file slr_util_routed.rpt -pb slr_util_routed.pb
| Design       : pfm_top_wrapper
| Device       : xcu280-fsvh2892-2L-e
| Speed File   : -2L
| Design State : Routed
------------------------------------------------------------------------------------------

Utilization Design Information

Table of Contents
-----------------
1. SLR Connectivity
2. SLR Connectivity Matrix
3. SLR CLB Logic and Dedicated Block Utilization
4. SLR IO Utilization

1. SLR Connectivity
-------------------

+----------------------------------+------+-------+-----------+-------+
|                                  | Used | Fixed | Available | Util% |
+----------------------------------+------+-------+-----------+-------+
| SLR2 <-> SLR1                    | 3966 |       |     23040 | 17.21 |
|   SLR1 -> SLR2                   | 2087 |       |           |  9.06 |
|     Using TX_REG only            |  267 |     1 |           |       |
|     Using RX_REG only            |  284 |    18 |           |       |
|     Using Both TX_REG and RX_REG |  267 |     1 |           |       |
|   SLR2 -> SLR1                   | 1879 |       |           |  8.16 |
|     Using TX_REG only            |  407 |     0 |           |       |
|     Using RX_REG only            |  412 |     4 |           |       |
|     Using Both TX_REG and RX_REG |  407 |     0 |           |       |
| SLR1 <-> SLR0                    | 2534 |       |     23040 | 11.00 |
|   SLR0 -> SLR1                   | 1138 |       |           |  4.94 |
|     Using TX_REG only            |  371 |    71 |           |       |
|     Using RX_REG only            |  361 |    61 |           |       |
|     Using Both TX_REG and RX_REG |  355 |    55 |           |       |
|   SLR1 -> SLR0                   | 1396 |       |           |  6.06 |
|     Using TX_REG only            |  437 |    62 |           |       |
|     Using RX_REG only            |  447 |    71 |           |       |
|     Using Both TX_REG and RX_REG |  435 |    60 |           |       |
+----------------------------------+------+-------+-----------+-------+
| Total SLLs Used                  | 6500 |       |           |       |
+----------------------------------+------+-------+-----------+-------+


2. SLR Connectivity Matrix
--------------------------

+-----------+------+------+------+
| FROM \ TO | SLR2 | SLR1 | SLR0 |
+-----------+------+------+------+
| SLR2      |    0 | 1720 |  159 |
| SLR1      | 1975 |    0 | 1237 |
| SLR0      |  112 | 1026 |    0 |
+-----------+------+------+------+


3. SLR CLB Logic and Dedicated Block Utilization
------------------------------------------------

+----------------------------+-------+-------+-------+--------+--------+--------+
|          Site Type         |  SLR0 |  SLR1 |  SLR2 | SLR0 % | SLR1 % | SLR2 % |
+----------------------------+-------+-------+-------+--------+--------+--------+
| CLB                        | 12504 |  7661 |  8394 |  22.75 |  14.19 |  15.54 |
|   CLBL                     |  6312 |  3877 |  4309 |  21.56 |  13.24 |  14.72 |
|   CLBM                     |  6192 |  3784 |  4085 |  24.11 |  15.31 |  16.53 |
| CLB LUTs                   | 44645 | 47647 | 35314 |  10.15 |  11.03 |   8.17 |
|   LUT as Logic             | 34831 | 43675 | 32276 |   7.92 |  10.11 |   7.47 |
|     using O5 output only   |   799 |   287 |  1011 |   0.18 |   0.07 |   0.23 |
|     using O6 output only   | 22926 | 34245 | 19497 |   5.21 |   7.93 |   4.51 |
|     using O5 and O6        | 11106 |  9143 | 11768 |   2.53 |   2.12 |   2.72 |
|   LUT as Memory            |  9814 |  3972 |  3038 |   4.78 |   2.01 |   1.54 |
|     LUT as Distributed RAM |  3832 |  3837 |  1660 |   1.87 |   1.94 |   0.84 |
|       using O5 output only |     0 |     0 |     0 |   0.00 |   0.00 |   0.00 |
|       using O6 output only |    80 |   215 |    84 |   0.04 |   0.11 |   0.04 |
|       using O5 and O6      |  3752 |  3622 |  1576 |   1.83 |   1.83 |   0.80 |
|     LUT as Shift Register  |  5982 |   135 |  1378 |   2.91 |   0.07 |   0.70 |
|       using O5 output only |     0 |     0 |     0 |   0.00 |   0.00 |   0.00 |
|       using O6 output only |  2748 |   135 |  1248 |   1.34 |   0.07 |   0.63 |
|       using O5 and O6      |  3234 |     0 |   130 |   1.57 |   0.00 |   0.07 |
| CLB Registers              | 82749 | 46361 | 60706 |   9.41 |   5.37 |   7.03 |
| CARRY8                     |  1512 |   473 |   313 |   2.75 |   0.88 |   0.58 |
| F7 Muxes                   |   904 |   651 |  1054 |   0.41 |   0.30 |   0.49 |
| F8 Muxes                   |    16 |   141 |    47 |   0.01 |   0.13 |   0.04 |
| F9 Muxes                   |     0 |     0 |     0 |   0.00 |   0.00 |   0.00 |
| Block RAM Tile             |  57.5 |  80.5 |    94 |   8.56 |  11.98 |  13.99 |
|   RAMB36/FIFO              |    54 |    80 |    92 |   8.04 |  11.90 |  13.69 |
|     RAMB36E2 only          |    54 |    80 |    92 |   8.04 |  11.90 |  13.69 |
|   RAMB18                   |     7 |     1 |     4 |   0.52 |   0.07 |   0.30 |
|     RAMB18E2 only          |     7 |     1 |     4 |   0.52 |   0.07 |   0.30 |
| URAM                       |     0 |     0 |     0 |   0.00 |   0.00 |   0.00 |
| DSPs                       |    64 |     0 |     4 |   2.22 |   0.00 |   0.13 |
| Unique Control Sets        |  2552 |  1504 |  2719 |   2.32 |   1.39 |   2.52 |
+----------------------------+-------+-------+-------+--------+--------+--------+
* Note: Available Control Sets based on CLB Registers / 8


4. SLR IO Utilization
---------------------

+-----------+-----------+---------+------------+----------+------------+----------+-----+
| SLR Index | Used IOBs | (%)IOBs | Used IPADs | (%)IPADs | Used OPADs | (%)OPADs | GTs |
+-----------+-----------+---------+------------+----------+------------+----------+-----+
| SLR2      |        18 |    8.65 |          0 |     0.00 |          0 |     0.00 |   0 |
| SLR1      |         0 |    0.00 |          0 |     0.00 |          0 |     0.00 |   0 |
| SLR0      |         1 |    0.48 |          0 |     0.00 |          0 |     0.00 |  16 |
+-----------+-----------+---------+------------+----------+------------+----------+-----+
| Total     |        19 |         |          0 |          |          0 |          |  16 |
+-----------+-----------+---------+------------+----------+------------+----------+-----+


