Copyright 1986-2021 Xilinx, Inc. All Rights Reserved.
------------------------------------------------------------------------------------------------------------------------------------------------------------------------------------------------------------------------------------------------------------------------------------------------------------------------------------------------------------------------------------------------------------------------------
| Tool Version : Vivado v.2021.2 (lin64) Build 3367213 Tue Oct 19 02:47:39 MDT 2021
| Date         : Tue Nov 12 07:04:52 2024
| Host         : hacc-gpu0 running 64-bit Ubuntu 20.04.6 LTS
| Command      : report_accelerator_utilization -kernels { krnl_vaddmul:pfm_top_i/dynamic_region/krnl_vaddmul_1/inst:krnl_vaddmul_1 krnl_vaddmul:pfm_top_i/dynamic_region/krnl_vaddmul_2/inst:krnl_vaddmul_2 krnl_vaddmul:pfm_top_i/dynamic_region/krnl_vaddmul_3/inst:krnl_vaddmul_3 krnl_vaddmul:pfm_top_i/dynamic_region/krnl_vaddmul_4/inst:krnl_vaddmul_4} -file kernel_util_synthed.rpt -name kernel_util_synthed -json
| Design       : pfm_top_wrapper
| Device       : xcu280
| Design State : Synthesized
------------------------------------------------------------------------------------------------------------------------------------------------------------------------------------------------------------------------------------------------------------------------------------------------------------------------------------------------------------------------------------------------------------------------------

Accelerator Utilization Design Information

Table of Contents
-----------------
1. System Utilization

1. System Utilization
---------------------

+---------------------+-------------------+------------------+-------------------+----------------+---------------+----------------+
| Name                | LUT               | LUTAsMem         | REG               | BRAM           | URAM          | DSP            |
+---------------------+-------------------+------------------+-------------------+----------------+---------------+----------------+
| Platform            |  125688 [  9.65%] |  16438 [  2.74%] |  172874 [  6.63%] |  202 [ 10.02%] |   0 [  0.00%] |    4 [  0.04%] |
| User Budget         | 1177032 [100.00%] | 584042 [100.00%] | 2434486 [100.00%] | 1814 [100.00%] | 960 [100.00%] | 9020 [100.00%] |
|    Used Resources   |   21280 [  1.81%] |   6668 [  1.14%] |   30168 [  1.24%] |   28 [  1.54%] |   0 [  0.00%] |   64 [  0.71%] |
|    Unused Resources | 1155752 [ 98.19%] | 577374 [ 98.86%] | 2404318 [ 98.76%] | 1786 [ 98.46%] | 960 [100.00%] | 8956 [ 99.29%] |
| krnl_vaddmul        |   21280 [  1.81%] |   6668 [  1.14%] |   30168 [  1.24%] |   28 [  1.54%] |   0 [  0.00%] |   64 [  0.71%] |
|    krnl_vaddmul_1   |    5320 [  0.45%] |   1667 [  0.29%] |    7542 [  0.31%] |    7 [  0.39%] |   0 [  0.00%] |   16 [  0.18%] |
|    krnl_vaddmul_2   |    5320 [  0.45%] |   1667 [  0.29%] |    7542 [  0.31%] |    7 [  0.39%] |   0 [  0.00%] |   16 [  0.18%] |
|    krnl_vaddmul_3   |    5320 [  0.45%] |   1667 [  0.29%] |    7542 [  0.31%] |    7 [  0.39%] |   0 [  0.00%] |   16 [  0.18%] |
|    krnl_vaddmul_4   |    5320 [  0.45%] |   1667 [  0.29%] |    7542 [  0.31%] |    7 [  0.39%] |   0 [  0.00%] |   16 [  0.18%] |
+---------------------+-------------------+------------------+-------------------+----------------+---------------+----------------+


