Copyright 1986-2021 Xilinx, Inc. All Rights Reserved.
------------------------------------------------------------------------------------------------------------------------------------------------------------------------------------------
| Tool Version : Vivado v.2021.2 (lin64) Build 3367213 Tue Oct 19 02:47:39 MDT 2021
| Date         : Sat Nov 16 02:47:24 2024
| Host         : hacc-gpu0 running 64-bit Ubuntu 20.04.6 LTS
| Command      : report_accelerator_utilization -kernels { krnl_vadd:pfm_top_i/dynamic_region/krnl_vadd_1/inst:krnl_vadd_1} -file kernel_util_synthed.rpt -name kernel_util_synthed -json
| Design       : pfm_top_wrapper
| Device       : xcu280
| Design State : Synthesized
------------------------------------------------------------------------------------------------------------------------------------------------------------------------------------------

Accelerator Utilization Design Information

Table of Contents
-----------------
1. System Utilization

1. System Utilization
---------------------

+---------------------+-------------------+------------------+-------------------+----------------+---------------+----------------+
| Name                | LUT               | LUTAsMem         | REG               | BRAM           | URAM          | DSP            |
+---------------------+-------------------+------------------+-------------------+----------------+---------------+----------------+
| Platform            |  116833 [  8.97%] |  11642 [  1.94%] |  155756 [  5.97%] |  202 [ 10.02%] |   0 [  0.00%] |    4 [  0.04%] |
| User Budget         | 1185887 [100.00%] | 588838 [100.00%] | 2451604 [100.00%] | 1814 [100.00%] | 960 [100.00%] | 9020 [100.00%] |
|    Used Resources   |    2307 [  0.19%] |    590 [  0.10%] |    3298 [  0.13%] |    1 [  0.06%] |   0 [  0.00%] |    6 [  0.07%] |
|    Unused Resources | 1183580 [ 99.81%] | 588248 [ 99.90%] | 2448306 [ 99.87%] | 1813 [ 99.94%] | 960 [100.00%] | 9014 [ 99.93%] |
| krnl_vadd           |    2307 [  0.19%] |    590 [  0.10%] |    3298 [  0.13%] |    1 [  0.06%] |   0 [  0.00%] |    6 [  0.07%] |
|    krnl_vadd_1      |    2307 [  0.19%] |    590 [  0.10%] |    3298 [  0.13%] |    1 [  0.06%] |   0 [  0.00%] |    6 [  0.07%] |
+---------------------+-------------------+------------------+-------------------+----------------+---------------+----------------+


