Copyright 1986-2021 Xilinx, Inc. All Rights Reserved.
------------------------------------------------------------------------------------------
| Tool Version : Vivado v.2021.2 (lin64) Build 3367213 Tue Oct 19 02:47:39 MDT 2021
| Date         : Sat Nov 16 07:34:20 2024
| Host         : hacc-gpu0 running 64-bit Ubuntu 20.04.6 LTS
| Command      : report_utilization -slr -file slr_util_placed.rpt -pb slr_util_placed.pb
| Design       : pfm_top_wrapper
| Device       : xcu280-fsvh2892-2L-e
| Speed File   : -2L
| Design State : Fully Placed
------------------------------------------------------------------------------------------

Utilization Design Information

Table of Contents
-----------------
1. SLR Connectivity
2. SLR Connectivity Matrix
3. SLR CLB Logic and Dedicated Block Utilization
4. SLR IO Utilization

1. SLR Connectivity
-------------------

+----------------------------------+------+-------+-----------+-------+
|                                  | Used | Fixed | Available | Util% |
+----------------------------------+------+-------+-----------+-------+
| SLR2 <-> SLR1                    | 3948 |       |     23040 | 17.14 |
|   SLR1 -> SLR2                   | 2080 |       |           |  9.03 |
|     Using TX_REG only            |    1 |     1 |           |       |
|     Using RX_REG only            |   18 |    18 |           |       |
|     Using Both TX_REG and RX_REG |  286 |     1 |           |       |
|   SLR2 -> SLR1                   | 1868 |       |           |  8.11 |
|     Using TX_REG only            |    0 |     0 |           |       |
|     Using RX_REG only            |    4 |     4 |           |       |
|     Using Both TX_REG and RX_REG |  407 |     0 |           |       |
| SLR1 <-> SLR0                    | 2525 |       |     23040 | 10.96 |
|   SLR0 -> SLR1                   | 1135 |       |           |  4.93 |
|     Using TX_REG only            |   71 |    71 |           |       |
|     Using RX_REG only            |   61 |    61 |           |       |
|     Using Both TX_REG and RX_REG |  355 |    55 |           |       |
|   SLR1 -> SLR0                   | 1390 |       |           |  6.03 |
|     Using TX_REG only            |   62 |    62 |           |       |
|     Using RX_REG only            |   72 |    71 |           |       |
|     Using Both TX_REG and RX_REG |  439 |    60 |           |       |
+----------------------------------+------+-------+-----------+-------+
| Total SLLs Used                  | 6473 |       |           |       |
+----------------------------------+------+-------+-----------+-------+


2. SLR Connectivity Matrix
--------------------------

+-----------+------+------+------+
| FROM \ TO | SLR2 | SLR1 | SLR0 |
+-----------+------+------+------+
| SLR2      |    0 | 1676 |  192 |
| SLR1      | 1938 |    0 | 1198 |
| SLR0      |  142 |  993 |    0 |
+-----------+------+------+------+


3. SLR CLB Logic and Dedicated Block Utilization
------------------------------------------------

+----------------------------+-------+-------+-------+--------+--------+--------+
|          Site Type         |  SLR0 |  SLR1 |  SLR2 | SLR0 % | SLR1 % | SLR2 % |
+----------------------------+-------+-------+-------+--------+--------+--------+
| CLB                        |  7939 |  6974 |  8236 |  14.45 |  12.91 |  15.25 |
|   CLBL                     |  3997 |  3527 |  4215 |  13.65 |  12.05 |  14.40 |
|   CLBM                     |  3942 |  3447 |  4021 |  15.35 |  13.94 |  16.27 |
| CLB LUTs                   | 25601 | 47515 | 35478 |   5.82 |  11.00 |   8.21 |
|   LUT as Logic             | 21590 | 43581 | 32404 |   4.91 |  10.09 |   7.50 |
|     using O5 output only   |   538 |   287 |  1005 |   0.12 |   0.07 |   0.23 |
|     using O6 output only   | 14032 | 34184 | 19609 |   3.19 |   7.91 |   4.54 |
|     using O5 and O6        |  7020 |  9110 | 11790 |   1.60 |   2.11 |   2.73 |
|   LUT as Memory            |  4011 |  3934 |  3074 |   1.95 |   1.99 |   1.55 |
|     LUT as Distributed RAM |  1532 |  3837 |  1660 |   0.75 |   1.94 |   0.84 |
|       using O5 output only |     0 |     0 |     0 |   0.00 |   0.00 |   0.00 |
|       using O6 output only |    84 |   215 |    84 |   0.04 |   0.11 |   0.04 |
|       using O5 and O6      |  1448 |  3622 |  1576 |   0.70 |   1.83 |   0.80 |
|     LUT as Shift Register  |  2479 |    97 |  1414 |   1.21 |   0.05 |   0.72 |
|       using O5 output only |     0 |     0 |     0 |   0.00 |   0.00 |   0.00 |
|       using O6 output only |  1309 |    97 |  1284 |   0.64 |   0.05 |   0.65 |
|       using O5 and O6      |  1170 |     0 |   130 |   0.57 |   0.00 |   0.07 |
| CLB Registers              | 55122 | 46187 | 60834 |   6.27 |   5.35 |   7.04 |
| CARRY8                     |   470 |   473 |   313 |   0.86 |   0.88 |   0.58 |
| F7 Muxes                   |   564 |   651 |  1054 |   0.26 |   0.30 |   0.49 |
| F8 Muxes                   |    16 |   141 |    47 |   0.01 |   0.13 |   0.04 |
| F9 Muxes                   |     0 |     0 |     0 |   0.00 |   0.00 |   0.00 |
| Block RAM Tile             |    43 |  80.5 |    94 |   6.40 |  11.98 |  13.99 |
|   RAMB36/FIFO              |    41 |    80 |    92 |   6.10 |  11.90 |  13.69 |
|     RAMB36E2 only          |    41 |    80 |    92 |   6.10 |  11.90 |  13.69 |
|   RAMB18                   |     4 |     1 |     4 |   0.30 |   0.07 |   0.30 |
|     RAMB18E2 only          |     4 |     1 |     4 |   0.30 |   0.07 |   0.30 |
| URAM                       |     0 |     0 |     0 |   0.00 |   0.00 |   0.00 |
| DSPs                       |     0 |     0 |     4 |   0.00 |   0.00 |   0.13 |
| Unique Control Sets        |  1702 |  1494 |  2731 |   1.55 |   1.38 |   2.53 |
+----------------------------+-------+-------+-------+--------+--------+--------+
* Note: Available Control Sets based on CLB Registers / 8


4. SLR IO Utilization
---------------------

+-----------+-----------+---------+------------+----------+------------+----------+-----+
| SLR Index | Used IOBs | (%)IOBs | Used IPADs | (%)IPADs | Used OPADs | (%)OPADs | GTs |
+-----------+-----------+---------+------------+----------+------------+----------+-----+
| SLR2      |        18 |    8.65 |          0 |     0.00 |          0 |     0.00 |   0 |
| SLR1      |         0 |    0.00 |          0 |     0.00 |          0 |     0.00 |   0 |
| SLR0      |         1 |    0.48 |          0 |     0.00 |          0 |     0.00 |  16 |
+-----------+-----------+---------+------------+----------+------------+----------+-----+
| Total     |        19 |         |          0 |          |          0 |          |  16 |
+-----------+-----------+---------+------------+----------+------------+----------+-----+


