Copyright 1986-2021 Xilinx, Inc. All Rights Reserved.
----------------------------------------------------------------------------------------------------------------------------------------------------------------------------------
| Tool Version : Vivado v.2021.2 (lin64) Build 3367213 Tue Oct 19 02:47:39 MDT 2021
| Date         : Sat Dec 14 21:31:16 2024
| Host         : hacc-gpu0 running 64-bit Ubuntu 20.04.6 LTS
| Command      : report_accelerator_utilization -kernels { overlay:pfm_top_i/dynamic_region/overlay_1/inst:overlay_1} -file kernel_util_placed.rpt -name kernel_util_placed -json
| Design       : pfm_top_wrapper
| Device       : xcu280
| Design State : Fully Placed
----------------------------------------------------------------------------------------------------------------------------------------------------------------------------------

Accelerator Utilization Design Information

Table of Contents
-----------------
1. System Utilization

1. System Utilization
---------------------

+---------------------+-------------------+------------------+-------------------+----------------+---------------+----------------+
| Name                | LUT               | LUTAsMem         | REG               | BRAM           | URAM          | DSP            |
+---------------------+-------------------+------------------+-------------------+----------------+---------------+----------------+
| Platform            |  158142 [ 12.14%] |  21992 [  3.66%] |  245825 [  9.43%] |  303 [ 15.03%] |   0 [  0.00%] |    7 [  0.08%] |
| User Budget         | 1144578 [100.00%] | 578488 [100.00%] | 2361535 [100.00%] | 1713 [100.00%] | 960 [100.00%] | 9017 [100.00%] |
|    Used Resources   |   90151 [  7.88%] |  23991 [  4.15%] |   96964 [  4.11%] | 1328 [ 77.52%] | 945 [ 98.44%] |  135 [  1.50%] |
|    Unused Resources | 1054427 [ 92.12%] | 554497 [ 95.85%] | 2264571 [ 95.89%] |  385 [ 22.48%] |  15 [  1.56%] | 8882 [ 98.50%] |
| overlay             |   90151 [  7.88%] |  23991 [  4.15%] |   96964 [  4.11%] | 1328 [ 77.52%] | 945 [ 98.44%] |  135 [  1.50%] |
|    overlay_1        |   90151 [  7.88%] |  23991 [  4.15%] |   96964 [  4.11%] | 1328 [ 77.52%] | 945 [ 98.44%] |  135 [  1.50%] |
+---------------------+-------------------+------------------+-------------------+----------------+---------------+----------------+


