Copyright 1986-2021 Xilinx, Inc. All Rights Reserved.
------------------------------------------------------------------------------------------------------------------------------------------------------------------------------------------------------------------------------------------------------------------------------------------------------------------------------------------------------------------------------------------------------------------------------
| Tool Version : Vivado v.2021.2 (lin64) Build 3367213 Tue Oct 19 02:47:39 MDT 2021
| Date         : Tue Nov 12 17:38:34 2024
| Host         : hacc-gpu0 running 64-bit Ubuntu 20.04.6 LTS
| Command      : report_accelerator_utilization -kernels { krnl_vaddmul:pfm_top_i/dynamic_region/krnl_vaddmul_1/inst:krnl_vaddmul_1 krnl_vaddmul:pfm_top_i/dynamic_region/krnl_vaddmul_2/inst:krnl_vaddmul_2 krnl_vaddmul:pfm_top_i/dynamic_region/krnl_vaddmul_3/inst:krnl_vaddmul_3 krnl_vaddmul:pfm_top_i/dynamic_region/krnl_vaddmul_4/inst:krnl_vaddmul_4} -file kernel_util_synthed.rpt -name kernel_util_synthed -json
| Design       : pfm_top_wrapper
| Device       : xcu280
| Design State : Synthesized
------------------------------------------------------------------------------------------------------------------------------------------------------------------------------------------------------------------------------------------------------------------------------------------------------------------------------------------------------------------------------------------------------------------------------

Accelerator Utilization Design Information

Table of Contents
-----------------
1. System Utilization

1. System Utilization
---------------------

+---------------------+-------------------+------------------+-------------------+----------------+---------------+----------------+
| Name                | LUT               | LUTAsMem         | REG               | BRAM           | URAM          | DSP            |
+---------------------+-------------------+------------------+-------------------+----------------+---------------+----------------+
| Platform            |  125688 [  9.65%] |  16438 [  2.74%] |  172874 [  6.63%] |  202 [ 10.02%] |   0 [  0.00%] |    4 [  0.04%] |
| User Budget         | 1177032 [100.00%] | 584042 [100.00%] | 2434486 [100.00%] | 1814 [100.00%] | 960 [100.00%] | 9020 [100.00%] |
|    Used Resources   |   29576 [  2.51%] |   6652 [  1.14%] |   57088 [  2.34%] |  108 [  5.95%] |   0 [  0.00%] |  332 [  3.68%] |
|    Unused Resources | 1147456 [ 97.49%] | 577390 [ 98.86%] | 2377398 [ 97.66%] | 1706 [ 94.05%] | 960 [100.00%] | 8688 [ 96.32%] |
| krnl_vaddmul        |   29576 [  2.51%] |   6652 [  1.14%] |   57088 [  2.34%] |  108 [  5.95%] |   0 [  0.00%] |  332 [  3.68%] |
|    krnl_vaddmul_1   |    7394 [  0.63%] |   1663 [  0.28%] |   14272 [  0.59%] |   27 [  1.49%] |   0 [  0.00%] |   83 [  0.92%] |
|    krnl_vaddmul_2   |    7394 [  0.63%] |   1663 [  0.28%] |   14272 [  0.59%] |   27 [  1.49%] |   0 [  0.00%] |   83 [  0.92%] |
|    krnl_vaddmul_3   |    7394 [  0.63%] |   1663 [  0.28%] |   14272 [  0.59%] |   27 [  1.49%] |   0 [  0.00%] |   83 [  0.92%] |
|    krnl_vaddmul_4   |    7394 [  0.63%] |   1663 [  0.28%] |   14272 [  0.59%] |   27 [  1.49%] |   0 [  0.00%] |   83 [  0.92%] |
+---------------------+-------------------+------------------+-------------------+----------------+---------------+----------------+


