INFO: [v++ 60-1306] Additional information associated with this v++ link can be found at:
	Reports: /home/ziyuanwang/hbm/Vitis_Accel_Examples/performance/hbm_bandwidth/_x_3cores_addadd_33.hw.xilinx_u280_xdma_201920_3/reports/link
	Log files: /home/ziyuanwang/hbm/Vitis_Accel_Examples/performance/hbm_bandwidth/_x_3cores_addadd_33.hw.xilinx_u280_xdma_201920_3/logs/link
INFO: [v++ 60-1548] Creating build summary session with primary output /home/ziyuanwang/hbm/Vitis_Accel_Examples/performance/hbm_bandwidth/build_dir_3cores_addadd_33.hw.xilinx_u280_xdma_201920_3/krnl_vaddmul.link.xclbin.link_summary, at Mon Nov 11 06:24:33 2024
INFO: [v++ 60-1316] Initiating connection to rulecheck server, at Mon Nov 11 06:24:33 2024
INFO: [v++ 60-1315] Creating rulecheck session with output '/home/ziyuanwang/hbm/Vitis_Accel_Examples/performance/hbm_bandwidth/_x_3cores_addadd_33.hw.xilinx_u280_xdma_201920_3/reports/link/v++_link_krnl_vaddmul.link_guidance.html', at Mon Nov 11 06:24:35 2024
INFO: [v++ 60-895]   Target platform: /opt/xilinx/platforms/xilinx_u280_xdma_201920_3/xilinx_u280_xdma_201920_3.xpfm
INFO: [v++ 60-1578]   This platform contains Xilinx Shell Archive '/opt/xilinx/platforms/xilinx_u280_xdma_201920_3/hw/xilinx_u280_xdma_201920_3.xsa'
INFO: [v++ 74-78] Compiler Version string: 2021.2
INFO: [v++ 60-1302] Platform 'xilinx_u280_xdma_201920_3.xpfm' has been explicitly enabled for this release.
INFO: [v++ 60-629] Linking for hardware target
INFO: [v++ 60-423]   Target device: xilinx_u280_xdma_201920_3
INFO: [v++ 60-1332] Run 'run_link' status: Not started
INFO: [v++ 60-1443] [06:24:58] Run run_link: Step system_link: Started
INFO: [v++ 60-1453] Command Line: system_link --xo /home/ziyuanwang/hbm/Vitis_Accel_Examples/performance/hbm_bandwidth/_x_3cores_addadd_33.hw.xilinx_u280_xdma_201920_3/krnl_vaddmul.xo -keep --config /home/ziyuanwang/hbm/Vitis_Accel_Examples/performance/hbm_bandwidth/_x_3cores_addadd_33.hw.xilinx_u280_xdma_201920_3/link/int/syslinkConfig.ini --xpfm /opt/xilinx/platforms/xilinx_u280_xdma_201920_3/xilinx_u280_xdma_201920_3.xpfm --target hw --output_dir /home/ziyuanwang/hbm/Vitis_Accel_Examples/performance/hbm_bandwidth/_x_3cores_addadd_33.hw.xilinx_u280_xdma_201920_3/link/int --temp_dir /home/ziyuanwang/hbm/Vitis_Accel_Examples/performance/hbm_bandwidth/_x_3cores_addadd_33.hw.xilinx_u280_xdma_201920_3/link/sys_link
INFO: [v++ 60-1454] Run Directory: /home/ziyuanwang/hbm/Vitis_Accel_Examples/performance/hbm_bandwidth/_x_3cores_addadd_33.hw.xilinx_u280_xdma_201920_3/link/run_link
INFO: [SYSTEM_LINK 60-1316] Initiating connection to rulecheck server, at Mon Nov 11 06:25:03 2024
INFO: [SYSTEM_LINK 82-70] Extracting xo v3 file /home/ziyuanwang/hbm/Vitis_Accel_Examples/performance/hbm_bandwidth/_x_3cores_addadd_33.hw.xilinx_u280_xdma_201920_3/krnl_vaddmul.xo
INFO: [SYSTEM_LINK 82-53] Creating IP database /home/ziyuanwang/hbm/Vitis_Accel_Examples/performance/hbm_bandwidth/_x_3cores_addadd_33.hw.xilinx_u280_xdma_201920_3/link/sys_link/_sysl/.cdb/xd_ip_db.xml
INFO: [SYSTEM_LINK 82-38] [06:25:27] build_xd_ip_db started: /tools/Xilinx/Vitis/2021.2/bin/build_xd_ip_db -ip_search 0  -sds-pf /home/ziyuanwang/hbm/Vitis_Accel_Examples/performance/hbm_bandwidth/_x_3cores_addadd_33.hw.xilinx_u280_xdma_201920_3/link/sys_link/xilinx_u280_xdma_201920_3.hpfm -clkid 0 -ip /home/ziyuanwang/hbm/Vitis_Accel_Examples/performance/hbm_bandwidth/_x_3cores_addadd_33.hw.xilinx_u280_xdma_201920_3/link/sys_link/iprepo/xilinx_com_hls_krnl_vaddmul_1_0,krnl_vaddmul -o /home/ziyuanwang/hbm/Vitis_Accel_Examples/performance/hbm_bandwidth/_x_3cores_addadd_33.hw.xilinx_u280_xdma_201920_3/link/sys_link/_sysl/.cdb/xd_ip_db.xml
INFO: [SYSTEM_LINK 82-37] [06:25:38] build_xd_ip_db finished successfully
Time (s): cpu = 00:00:04 ; elapsed = 00:00:11 . Memory (MB): peak = 2168.234 ; gain = 0.000 ; free physical = 16742 ; free virtual = 487740
INFO: [SYSTEM_LINK 82-51] Create system connectivity graph
INFO: [SYSTEM_LINK 82-102] Applying explicit connections to the system connectivity graph: /home/ziyuanwang/hbm/Vitis_Accel_Examples/performance/hbm_bandwidth/_x_3cores_addadd_33.hw.xilinx_u280_xdma_201920_3/link/sys_link/cfgraph/cfgen_cfgraph.xml
INFO: [SYSTEM_LINK 82-38] [06:25:38] cfgen started: /tools/Xilinx/Vitis/2021.2/bin/cfgen  -nk krnl_vaddmul:3 -sp krnl_vaddmul_1.in1:HBM[0] -sp krnl_vaddmul_1.in2:HBM[1] -sp krnl_vaddmul_1.out_add:HBM[2] -sp krnl_vaddmul_1.out_mul:HBM[3] -sp krnl_vaddmul_2.in1:HBM[4] -sp krnl_vaddmul_2.in2:HBM[5] -sp krnl_vaddmul_2.out_add:HBM[6] -sp krnl_vaddmul_2.out_mul:HBM[7] -sp krnl_vaddmul_3.in1:HBM[8] -sp krnl_vaddmul_3.in2:HBM[9] -sp krnl_vaddmul_3.out_add:HBM[10] -sp krnl_vaddmul_3.out_mul:HBM[11] -dmclkid 0 -r /home/ziyuanwang/hbm/Vitis_Accel_Examples/performance/hbm_bandwidth/_x_3cores_addadd_33.hw.xilinx_u280_xdma_201920_3/link/sys_link/_sysl/.cdb/xd_ip_db.xml -o /home/ziyuanwang/hbm/Vitis_Accel_Examples/performance/hbm_bandwidth/_x_3cores_addadd_33.hw.xilinx_u280_xdma_201920_3/link/sys_link/cfgraph/cfgen_cfgraph.xml
INFO: [CFGEN 83-0] Kernel Specs: 
INFO: [CFGEN 83-0]   kernel: krnl_vaddmul, num: 3  {krnl_vaddmul_1 krnl_vaddmul_2 krnl_vaddmul_3}
INFO: [CFGEN 83-0] Port Specs: 
INFO: [CFGEN 83-0]   kernel: krnl_vaddmul_1, k_port: in1, sptag: HBM[0]
INFO: [CFGEN 83-0]   kernel: krnl_vaddmul_1, k_port: in2, sptag: HBM[1]
INFO: [CFGEN 83-0]   kernel: krnl_vaddmul_1, k_port: out_add, sptag: HBM[2]
INFO: [CFGEN 83-0]   kernel: krnl_vaddmul_1, k_port: out_mul, sptag: HBM[3]
INFO: [CFGEN 83-0]   kernel: krnl_vaddmul_2, k_port: in1, sptag: HBM[4]
INFO: [CFGEN 83-0]   kernel: krnl_vaddmul_2, k_port: in2, sptag: HBM[5]
INFO: [CFGEN 83-0]   kernel: krnl_vaddmul_2, k_port: out_add, sptag: HBM[6]
INFO: [CFGEN 83-0]   kernel: krnl_vaddmul_2, k_port: out_mul, sptag: HBM[7]
INFO: [CFGEN 83-0]   kernel: krnl_vaddmul_3, k_port: in1, sptag: HBM[8]
INFO: [CFGEN 83-0]   kernel: krnl_vaddmul_3, k_port: in2, sptag: HBM[9]
INFO: [CFGEN 83-0]   kernel: krnl_vaddmul_3, k_port: out_add, sptag: HBM[10]
INFO: [CFGEN 83-0]   kernel: krnl_vaddmul_3, k_port: out_mul, sptag: HBM[11]
INFO: [CFGEN 83-2228] Creating mapping for argument krnl_vaddmul_1.in1 to HBM[0] for directive krnl_vaddmul_1.in1:HBM[0]
INFO: [CFGEN 83-2228] Creating mapping for argument krnl_vaddmul_1.in2 to HBM[1] for directive krnl_vaddmul_1.in2:HBM[1]
INFO: [CFGEN 83-2228] Creating mapping for argument krnl_vaddmul_1.out_add to HBM[2] for directive krnl_vaddmul_1.out_add:HBM[2]
INFO: [CFGEN 83-2228] Creating mapping for argument krnl_vaddmul_1.out_mul to HBM[3] for directive krnl_vaddmul_1.out_mul:HBM[3]
INFO: [CFGEN 83-2228] Creating mapping for argument krnl_vaddmul_2.in1 to HBM[4] for directive krnl_vaddmul_2.in1:HBM[4]
INFO: [CFGEN 83-2228] Creating mapping for argument krnl_vaddmul_2.in2 to HBM[5] for directive krnl_vaddmul_2.in2:HBM[5]
INFO: [CFGEN 83-2228] Creating mapping for argument krnl_vaddmul_2.out_add to HBM[6] for directive krnl_vaddmul_2.out_add:HBM[6]
INFO: [CFGEN 83-2228] Creating mapping for argument krnl_vaddmul_2.out_mul to HBM[7] for directive krnl_vaddmul_2.out_mul:HBM[7]
INFO: [CFGEN 83-2228] Creating mapping for argument krnl_vaddmul_3.in1 to HBM[8] for directive krnl_vaddmul_3.in1:HBM[8]
INFO: [CFGEN 83-2228] Creating mapping for argument krnl_vaddmul_3.in2 to HBM[9] for directive krnl_vaddmul_3.in2:HBM[9]
INFO: [CFGEN 83-2228] Creating mapping for argument krnl_vaddmul_3.out_add to HBM[10] for directive krnl_vaddmul_3.out_add:HBM[10]
INFO: [CFGEN 83-2228] Creating mapping for argument krnl_vaddmul_3.out_mul to HBM[11] for directive krnl_vaddmul_3.out_mul:HBM[11]
INFO: [SYSTEM_LINK 82-37] [06:25:47] cfgen finished successfully
Time (s): cpu = 00:00:09 ; elapsed = 00:00:09 . Memory (MB): peak = 2168.234 ; gain = 0.000 ; free physical = 16796 ; free virtual = 487794
INFO: [SYSTEM_LINK 82-52] Create top-level block diagram
INFO: [SYSTEM_LINK 82-38] [06:25:47] cf2bd started: /tools/Xilinx/Vitis/2021.2/bin/cf2bd  --linux --trace_buffer 1024 --input_file /home/ziyuanwang/hbm/Vitis_Accel_Examples/performance/hbm_bandwidth/_x_3cores_addadd_33.hw.xilinx_u280_xdma_201920_3/link/sys_link/cfgraph/cfgen_cfgraph.xml --ip_db /home/ziyuanwang/hbm/Vitis_Accel_Examples/performance/hbm_bandwidth/_x_3cores_addadd_33.hw.xilinx_u280_xdma_201920_3/link/sys_link/_sysl/.cdb/xd_ip_db.xml --cf_name dr --working_dir /home/ziyuanwang/hbm/Vitis_Accel_Examples/performance/hbm_bandwidth/_x_3cores_addadd_33.hw.xilinx_u280_xdma_201920_3/link/sys_link/_sysl/.xsd --temp_dir /home/ziyuanwang/hbm/Vitis_Accel_Examples/performance/hbm_bandwidth/_x_3cores_addadd_33.hw.xilinx_u280_xdma_201920_3/link/sys_link --output_dir /home/ziyuanwang/hbm/Vitis_Accel_Examples/performance/hbm_bandwidth/_x_3cores_addadd_33.hw.xilinx_u280_xdma_201920_3/link/int --target_bd pfm_dynamic.bd
INFO: [CF2BD 82-31] Launching cf2xd: cf2xd -linux -trace-buffer 1024 -i /home/ziyuanwang/hbm/Vitis_Accel_Examples/performance/hbm_bandwidth/_x_3cores_addadd_33.hw.xilinx_u280_xdma_201920_3/link/sys_link/cfgraph/cfgen_cfgraph.xml -r /home/ziyuanwang/hbm/Vitis_Accel_Examples/performance/hbm_bandwidth/_x_3cores_addadd_33.hw.xilinx_u280_xdma_201920_3/link/sys_link/_sysl/.cdb/xd_ip_db.xml -o dr.xml
INFO: [CF2BD 82-28] cf2xd finished successfully
INFO: [CF2BD 82-31] Launching cf_xsd: cf_xsd -disable-address-gen -bd pfm_dynamic.bd -dn dr -dp /home/ziyuanwang/hbm/Vitis_Accel_Examples/performance/hbm_bandwidth/_x_3cores_addadd_33.hw.xilinx_u280_xdma_201920_3/link/sys_link/_sysl/.xsd
INFO: [CF2BD 82-28] cf_xsd finished successfully
INFO: [SYSTEM_LINK 82-37] [06:25:52] cf2bd finished successfully
Time (s): cpu = 00:00:03 ; elapsed = 00:00:06 . Memory (MB): peak = 2168.234 ; gain = 0.000 ; free physical = 16789 ; free virtual = 487792
INFO: [v++ 60-1441] [06:25:52] Run run_link: Step system_link: Completed
Time (s): cpu = 00:00:21 ; elapsed = 00:00:54 . Memory (MB): peak = 2062.188 ; gain = 0.000 ; free physical = 16833 ; free virtual = 487836
INFO: [v++ 60-1443] [06:25:53] Run run_link: Step cf2sw: Started
INFO: [v++ 60-1453] Command Line: cf2sw -sdsl /home/ziyuanwang/hbm/Vitis_Accel_Examples/performance/hbm_bandwidth/_x_3cores_addadd_33.hw.xilinx_u280_xdma_201920_3/link/int/sdsl.dat -rtd /home/ziyuanwang/hbm/Vitis_Accel_Examples/performance/hbm_bandwidth/_x_3cores_addadd_33.hw.xilinx_u280_xdma_201920_3/link/int/cf2sw.rtd -nofilter /home/ziyuanwang/hbm/Vitis_Accel_Examples/performance/hbm_bandwidth/_x_3cores_addadd_33.hw.xilinx_u280_xdma_201920_3/link/int/cf2sw_full.rtd -xclbin /home/ziyuanwang/hbm/Vitis_Accel_Examples/performance/hbm_bandwidth/_x_3cores_addadd_33.hw.xilinx_u280_xdma_201920_3/link/int/xclbin_orig.xml -o /home/ziyuanwang/hbm/Vitis_Accel_Examples/performance/hbm_bandwidth/_x_3cores_addadd_33.hw.xilinx_u280_xdma_201920_3/link/int/xclbin_orig.1.xml
INFO: [v++ 60-1454] Run Directory: /home/ziyuanwang/hbm/Vitis_Accel_Examples/performance/hbm_bandwidth/_x_3cores_addadd_33.hw.xilinx_u280_xdma_201920_3/link/run_link
INFO: [v++ 60-1441] [06:25:59] Run run_link: Step cf2sw: Completed
Time (s): cpu = 00:00:05 ; elapsed = 00:00:07 . Memory (MB): peak = 2062.188 ; gain = 0.000 ; free physical = 16907 ; free virtual = 487910
INFO: [v++ 60-1443] [06:25:59] Run run_link: Step rtd2_system_diagram: Started
INFO: [v++ 60-1453] Command Line: rtd2SystemDiagram
INFO: [v++ 60-1454] Run Directory: /home/ziyuanwang/hbm/Vitis_Accel_Examples/performance/hbm_bandwidth/_x_3cores_addadd_33.hw.xilinx_u280_xdma_201920_3/link/run_link
INFO: [v++ 60-1441] [06:26:00] Run run_link: Step rtd2_system_diagram: Completed
Time (s): cpu = 00:00:00 ; elapsed = 00:00:00.98 . Memory (MB): peak = 2062.188 ; gain = 0.000 ; free physical = 16899 ; free virtual = 487902
INFO: [v++ 60-1443] [06:26:01] Run run_link: Step vpl: Started
INFO: [v++ 60-1453] Command Line: vpl -t hw -f xilinx_u280_xdma_201920_3 --remote_ip_cache /home/ziyuanwang/hbm/Vitis_Accel_Examples/performance/hbm_bandwidth/.ipcache -s --output_dir /home/ziyuanwang/hbm/Vitis_Accel_Examples/performance/hbm_bandwidth/_x_3cores_addadd_33.hw.xilinx_u280_xdma_201920_3/link/int --log_dir /home/ziyuanwang/hbm/Vitis_Accel_Examples/performance/hbm_bandwidth/_x_3cores_addadd_33.hw.xilinx_u280_xdma_201920_3/logs/link --report_dir /home/ziyuanwang/hbm/Vitis_Accel_Examples/performance/hbm_bandwidth/_x_3cores_addadd_33.hw.xilinx_u280_xdma_201920_3/reports/link --config /home/ziyuanwang/hbm/Vitis_Accel_Examples/performance/hbm_bandwidth/_x_3cores_addadd_33.hw.xilinx_u280_xdma_201920_3/link/int/vplConfig.ini -k /home/ziyuanwang/hbm/Vitis_Accel_Examples/performance/hbm_bandwidth/_x_3cores_addadd_33.hw.xilinx_u280_xdma_201920_3/link/int/kernel_info.dat --webtalk_flag Vitis --temp_dir /home/ziyuanwang/hbm/Vitis_Accel_Examples/performance/hbm_bandwidth/_x_3cores_addadd_33.hw.xilinx_u280_xdma_201920_3/link --no-info --iprepo /home/ziyuanwang/hbm/Vitis_Accel_Examples/performance/hbm_bandwidth/_x_3cores_addadd_33.hw.xilinx_u280_xdma_201920_3/link/int/xo/ip_repo/xilinx_com_hls_krnl_vaddmul_1_0 --messageDb /home/ziyuanwang/hbm/Vitis_Accel_Examples/performance/hbm_bandwidth/_x_3cores_addadd_33.hw.xilinx_u280_xdma_201920_3/link/run_link/vpl.pb /home/ziyuanwang/hbm/Vitis_Accel_Examples/performance/hbm_bandwidth/_x_3cores_addadd_33.hw.xilinx_u280_xdma_201920_3/link/int/dr.bd.tcl
INFO: [v++ 60-1454] Run Directory: /home/ziyuanwang/hbm/Vitis_Accel_Examples/performance/hbm_bandwidth/_x_3cores_addadd_33.hw.xilinx_u280_xdma_201920_3/link/run_link

****** vpl v2021.2 (64-bit)
  **** SW Build 3363252 on 2021-10-14-04:41:01
    ** Copyright 1986-2020 Xilinx, Inc. All Rights Reserved.

INFO: [VPL 60-839] Read in kernel information from file '/home/ziyuanwang/hbm/Vitis_Accel_Examples/performance/hbm_bandwidth/_x_3cores_addadd_33.hw.xilinx_u280_xdma_201920_3/link/int/kernel_info.dat'.
INFO: [VPL 74-78] Compiler Version string: 2021.2
INFO: [VPL 60-423]   Target device: xilinx_u280_xdma_201920_3
INFO: [VPL 60-1032] Extracting hardware platform to /home/ziyuanwang/hbm/Vitis_Accel_Examples/performance/hbm_bandwidth/_x_3cores_addadd_33.hw.xilinx_u280_xdma_201920_3/link/vivado/vpl/.local/hw_platform
[06:43:33] Run vpl: Step create_project: Started
Creating Vivado project.
[06:44:00] Run vpl: Step create_project: Completed
[06:44:00] Run vpl: Step create_bd: Started
[06:45:21] Run vpl: Step create_bd: RUNNING...
[06:46:40] Run vpl: Step create_bd: RUNNING...
[06:47:57] Run vpl: Step create_bd: RUNNING...
[06:49:16] Run vpl: Step create_bd: RUNNING...
[06:50:33] Run vpl: Step create_bd: RUNNING...
[06:51:52] Run vpl: Step create_bd: RUNNING...
[06:53:10] Run vpl: Step create_bd: RUNNING...
[06:54:29] Run vpl: Step create_bd: RUNNING...
[06:55:46] Run vpl: Step create_bd: RUNNING...
[06:57:05] Run vpl: Step create_bd: RUNNING...
[06:58:23] Run vpl: Step create_bd: RUNNING...
[06:59:42] Run vpl: Step create_bd: RUNNING...
[07:01:00] Run vpl: Step create_bd: RUNNING...
[07:02:18] Run vpl: Step create_bd: RUNNING...
[07:03:35] Run vpl: Step create_bd: RUNNING...
[07:04:39] Run vpl: Step create_bd: Completed
[07:04:39] Run vpl: Step update_bd: Started
[07:04:47] Run vpl: Step update_bd: Completed
[07:04:47] Run vpl: Step generate_target: Started
[07:06:05] Run vpl: Step generate_target: RUNNING...
[07:07:24] Run vpl: Step generate_target: RUNNING...
[07:08:41] Run vpl: Step generate_target: RUNNING...
[07:10:00] Run vpl: Step generate_target: RUNNING...
[07:11:17] Run vpl: Step generate_target: RUNNING...
[07:12:37] Run vpl: Step generate_target: RUNNING...
[07:12:40] Run vpl: Step generate_target: Completed
[07:12:40] Run vpl: Step config_hw_runs: Started
[07:13:05] Run vpl: Step config_hw_runs: Completed
[07:13:05] Run vpl: Step synth: Started
[07:13:38] Block-level synthesis in progress, 0 of 3 jobs complete, 1 job running.
[07:14:09] Block-level synthesis in progress, 0 of 3 jobs complete, 1 job running.
[07:14:40] Block-level synthesis in progress, 0 of 3 jobs complete, 1 job running.
[07:15:12] Block-level synthesis in progress, 0 of 3 jobs complete, 1 job running.
[07:15:43] Block-level synthesis in progress, 0 of 3 jobs complete, 1 job running.
[07:16:15] Block-level synthesis in progress, 0 of 3 jobs complete, 1 job running.
[07:16:47] Block-level synthesis in progress, 0 of 3 jobs complete, 1 job running.
[07:17:18] Block-level synthesis in progress, 0 of 3 jobs complete, 1 job running.
[07:17:49] Block-level synthesis in progress, 0 of 3 jobs complete, 1 job running.
[07:18:20] Block-level synthesis in progress, 0 of 3 jobs complete, 1 job running.
[07:18:51] Block-level synthesis in progress, 0 of 3 jobs complete, 1 job running.
[07:19:22] Block-level synthesis in progress, 0 of 3 jobs complete, 1 job running.
[07:19:55] Block-level synthesis in progress, 0 of 3 jobs complete, 1 job running.
[07:20:26] Block-level synthesis in progress, 1 of 3 jobs complete, 0 jobs running.
[07:20:57] Block-level synthesis in progress, 3 of 3 jobs complete, 0 jobs running.
[07:21:28] Top-level synthesis in progress.
[07:22:00] Top-level synthesis in progress.
[07:22:31] Top-level synthesis in progress.
[07:23:02] Top-level synthesis in progress.
[07:23:22] Run vpl: Step synth: Completed
[07:23:22] Run vpl: Step impl: Started
[07:33:50] Finished 2nd of 6 tasks (FPGA linking synthesized kernels to platform). Elapsed time: 01h 07m 46s 

[07:33:50] Starting logic optimization..
[07:35:25] Phase 1 Retarget
[07:35:56] Phase 2 Constant propagation
[07:35:56] Phase 3 Sweep
[07:36:58] Phase 4 BUFG optimization
[07:36:58] Phase 5 Shift Register Optimization
[07:36:58] Phase 6 Post Processing Netlist
[07:40:06] Finished 3rd of 6 tasks (FPGA logic optimization). Elapsed time: 00h 06m 16s 

[07:40:06] Starting logic placement..
[07:41:08] Phase 1 Placer Initialization
[07:41:08] Phase 1.1 Placer Initialization Netlist Sorting
[07:45:18] Phase 1.2 IO Placement/ Clock Placement/ Build Placer Device
[07:46:20] Phase 1.3 Build Placer Netlist Model
[07:48:59] Phase 1.4 Constrain Clocks/Macros
[07:48:59] Phase 2 Global Placement
[07:48:59] Phase 2.1 Floorplanning
[07:50:02] Phase 2.1.1 Partition Driven Placement
[07:50:02] Phase 2.1.1.1 PBP: Partition Driven Placement
[07:51:37] Phase 2.1.1.2 PBP: Clock Region Placement
[07:52:41] Phase 2.1.1.3 PBP: Compute Congestion
[07:52:41] Phase 2.1.1.4 PBP: UpdateTiming
[07:53:13] Phase 2.1.1.5 PBP: Add part constraints
[07:53:44] Phase 2.2 Physical Synthesis After Floorplan
[07:53:44] Phase 2.3 Update Timing before SLR Path Opt
[07:53:44] Phase 2.4 Post-Processing in Floorplanning
[07:53:44] Phase 2.5 Global Placement Core
[08:07:25] Phase 2.5.1 Physical Synthesis In Placer
[08:12:41] Phase 3 Detail Placement
[08:12:41] Phase 3.1 Commit Multi Column Macros
[08:12:41] Phase 3.2 Commit Most Macros & LUTRAMs
[08:15:20] Phase 3.3 Small Shape DP
[08:15:20] Phase 3.3.1 Small Shape Clustering
[08:15:20] Phase 3.3.2 Flow Legalize Slice Clusters
[08:15:20] Phase 3.3.3 Slice Area Swap
[08:17:25] Phase 3.4 Place Remaining
[08:17:57] Phase 3.5 Re-assign LUT pins
[08:17:57] Phase 3.6 Pipeline Register Optimization
[08:17:57] Phase 3.7 Fast Optimization
[08:21:06] Phase 4 Post Placement Optimization and Clean-Up
[08:21:06] Phase 4.1 Post Commit Optimization
[08:23:44] Phase 4.1.1 Post Placement Optimization
[08:23:44] Phase 4.1.1.1 BUFG Insertion
[08:23:44] Phase 1 Physical Synthesis Initialization
[08:25:19] Phase 4.1.1.2 BUFG Replication
[08:25:19] Phase 4.1.1.3 Post Placement Timing Optimization
[08:34:12] Phase 4.1.1.4 Replication
[08:35:47] Phase 4.2 Post Placement Cleanup
[08:36:19] Phase 4.3 Placer Reporting
[08:36:19] Phase 4.3.1 Print Estimated Congestion
[08:36:19] Phase 4.4 Final Placement Cleanup
[08:55:09] Finished 4th of 6 tasks (FPGA logic placement). Elapsed time: 01h 15m 02s 

[08:55:09] Starting logic routing..
[08:56:12] Phase 1 Build RT Design
[08:59:56] Phase 2 Router Initialization
[08:59:56] Phase 2.1 Fix Topology Constraints
[08:59:56] Phase 2.2 Pre Route Cleanup
[09:00:28] Phase 2.3 Global Clock Net Routing
[09:01:00] Phase 2.4 Update Timing
[09:05:11] Phase 2.5 Update Timing for Bus Skew
[09:05:11] Phase 2.5.1 Update Timing
[09:07:17] Phase 3 Initial Routing
[09:07:17] Phase 3.1 Global Routing
[09:09:55] Phase 4 Rip-up And Reroute
[09:09:55] Phase 4.1 Global Iteration 0
[10:22:18] Phase 4.2 Global Iteration 1
[10:47:32] Phase 4.3 Global Iteration 2
[11:09:46] Phase 4.4 Global Iteration 3
[11:28:10] Phase 4.5 Global Iteration 4
[11:42:20] Phase 4.6 Global Iteration 5
[11:54:28] Phase 5 Delay and Skew Optimization
[11:54:28] Phase 5.1 Delay CleanUp
[11:54:28] Phase 5.1.1 Update Timing
[11:56:02] Phase 5.1.2 Update Timing
[11:57:05] Phase 5.2 Clock Skew Optimization
[11:57:37] Phase 6 Post Hold Fix
[11:57:37] Phase 6.1 Hold Fix Iter
[11:57:37] Phase 6.1.1 Update Timing
[11:59:12] Phase 6.1.2 Lut RouteThru Assignment for hold
[11:59:44] Phase 6.2 Additional Hold Fix
[12:01:51] Phase 7 Leaf Clock Prog Delay Opt
[12:06:04] Phase 7.1 Delay CleanUp
[12:06:04] Phase 7.1.1 Update Timing
[12:07:08] Phase 7.1.2 Update Timing
[12:08:10] Phase 7.2 Hold Fix Iter
[12:08:42] Phase 7.2.1 Update Timing
[12:09:45] Phase 7.2.2 Lut RouteThru Assignment for hold
[12:10:17] Phase 7.3 Additional Hold Fix
[12:14:30] Phase 7.4 Global Iteration for Hold
[12:14:30] Phase 7.4.1 Update Timing
[12:17:07] Phase 8 Route finalize
[12:17:39] Phase 9 Verifying routed nets
[12:17:39] Phase 10 Depositing Routes
[12:18:41] Phase 11 Resolve XTalk
[12:18:41] Phase 12 Post Router Timing
[12:20:17] Phase 13 Physical Synthesis in Router
[12:20:17] Phase 13.1 Physical Synthesis Initialization
[12:22:23] Phase 13.2 Critical Path Optimization
[12:23:59] Finished 5th of 6 tasks (FPGA routing). Elapsed time: 03h 28m 49s 

[12:23:59] Starting bitstream generation..
[12:37:08] Creating bitmap...
[12:46:09] Writing bitstream ./pfm_top_i_dynamic_region_my_rm_partial.bit...
[12:46:09] Finished 6th of 6 tasks (FPGA bitstream generation). Elapsed time: 00h 22m 10s 
[12:46:17] Run vpl: Step impl: Completed
[12:46:19] Run vpl: FINISHED. Run Status: impl Complete!
INFO: [v++ 60-1441] [12:46:28] Run run_link: Step vpl: Completed
Time (s): cpu = 00:02:57 ; elapsed = 06:20:27 . Memory (MB): peak = 2062.188 ; gain = 0.000 ; free physical = 26318 ; free virtual = 499210
INFO: [v++ 60-1443] [12:46:28] Run run_link: Step rtdgen: Started
INFO: [v++ 60-1453] Command Line: rtdgen
INFO: [v++ 60-1454] Run Directory: /home/ziyuanwang/hbm/Vitis_Accel_Examples/performance/hbm_bandwidth/_x_3cores_addadd_33.hw.xilinx_u280_xdma_201920_3/link/run_link
INFO: [v++ 60-991] clock name 'clkwiz_kernel_clk_out1' (clock ID '0') is being mapped to clock name 'DATA_CLK' in the xclbin
INFO: [v++ 60-991] clock name 'clkwiz_kernel2_clk_out1' (clock ID '1') is being mapped to clock name 'KERNEL_CLK' in the xclbin
INFO: [v++ 60-991] clock name 'clk_out1_pfm_top_clkwiz_hbm_aclk_0' (clock ID '') is being mapped to clock name 'clk_out1_pfm_top_clkwiz_hbm_aclk_0' in the xclbin
INFO: [v++ 60-1230] The compiler selected the following frequencies for the runtime controllable kernel clock(s) and scalable system clock(s): System (SYSTEM) clock: clk_out1_pfm_top_clkwiz_hbm_aclk_0 = 370, Kernel (DATA) clock: clkwiz_kernel_clk_out1 = 230, Kernel (KERNEL) clock: clkwiz_kernel2_clk_out1 = 500
INFO: [v++ 60-1453] Command Line: cf2sw -a /home/ziyuanwang/hbm/Vitis_Accel_Examples/performance/hbm_bandwidth/_x_3cores_addadd_33.hw.xilinx_u280_xdma_201920_3/link/int/address_map.xml -sdsl /home/ziyuanwang/hbm/Vitis_Accel_Examples/performance/hbm_bandwidth/_x_3cores_addadd_33.hw.xilinx_u280_xdma_201920_3/link/int/sdsl.dat -xclbin /home/ziyuanwang/hbm/Vitis_Accel_Examples/performance/hbm_bandwidth/_x_3cores_addadd_33.hw.xilinx_u280_xdma_201920_3/link/int/xclbin_orig.xml -rtd /home/ziyuanwang/hbm/Vitis_Accel_Examples/performance/hbm_bandwidth/_x_3cores_addadd_33.hw.xilinx_u280_xdma_201920_3/link/int/krnl_vaddmul.link.rtd -o /home/ziyuanwang/hbm/Vitis_Accel_Examples/performance/hbm_bandwidth/_x_3cores_addadd_33.hw.xilinx_u280_xdma_201920_3/link/int/krnl_vaddmul.link.xml
INFO: [v++ 60-1652] Cf2sw returned exit code: 0
INFO: [v++ 60-1441] [12:46:36] Run run_link: Step rtdgen: Completed
Time (s): cpu = 00:00:05 ; elapsed = 00:00:08 . Memory (MB): peak = 2062.188 ; gain = 0.000 ; free physical = 26254 ; free virtual = 499146
INFO: [v++ 60-1443] [12:46:36] Run run_link: Step xclbinutil: Started
INFO: [v++ 60-1453] Command Line: xclbinutil --add-section DEBUG_IP_LAYOUT:JSON:/home/ziyuanwang/hbm/Vitis_Accel_Examples/performance/hbm_bandwidth/_x_3cores_addadd_33.hw.xilinx_u280_xdma_201920_3/link/int/debug_ip_layout.rtd --add-section BITSTREAM:RAW:/home/ziyuanwang/hbm/Vitis_Accel_Examples/performance/hbm_bandwidth/_x_3cores_addadd_33.hw.xilinx_u280_xdma_201920_3/link/int/partial.bit --force --target hw --key-value SYS:dfx_enable:true --add-section :JSON:/home/ziyuanwang/hbm/Vitis_Accel_Examples/performance/hbm_bandwidth/_x_3cores_addadd_33.hw.xilinx_u280_xdma_201920_3/link/int/krnl_vaddmul.link.rtd --append-section :JSON:/home/ziyuanwang/hbm/Vitis_Accel_Examples/performance/hbm_bandwidth/_x_3cores_addadd_33.hw.xilinx_u280_xdma_201920_3/link/int/appendSection.rtd --add-section CLOCK_FREQ_TOPOLOGY:JSON:/home/ziyuanwang/hbm/Vitis_Accel_Examples/performance/hbm_bandwidth/_x_3cores_addadd_33.hw.xilinx_u280_xdma_201920_3/link/int/krnl_vaddmul.link_xml.rtd --add-section BUILD_METADATA:JSON:/home/ziyuanwang/hbm/Vitis_Accel_Examples/performance/hbm_bandwidth/_x_3cores_addadd_33.hw.xilinx_u280_xdma_201920_3/link/int/krnl_vaddmul.link_build.rtd --add-section EMBEDDED_METADATA:RAW:/home/ziyuanwang/hbm/Vitis_Accel_Examples/performance/hbm_bandwidth/_x_3cores_addadd_33.hw.xilinx_u280_xdma_201920_3/link/int/krnl_vaddmul.link.xml --add-section SYSTEM_METADATA:RAW:/home/ziyuanwang/hbm/Vitis_Accel_Examples/performance/hbm_bandwidth/_x_3cores_addadd_33.hw.xilinx_u280_xdma_201920_3/link/int/systemDiagramModelSlrBaseAddress.json --output /home/ziyuanwang/hbm/Vitis_Accel_Examples/performance/hbm_bandwidth/./build_dir_3cores_addadd_33.hw.xilinx_u280_xdma_201920_3/krnl_vaddmul.link.xclbin
INFO: [v++ 60-1454] Run Directory: /home/ziyuanwang/hbm/Vitis_Accel_Examples/performance/hbm_bandwidth/_x_3cores_addadd_33.hw.xilinx_u280_xdma_201920_3/link/run_link
XRT Build Version: 2.14.354 (2022.2)
       Build Date: 2022-10-08 09:49:58
          Hash ID: 43926231f7183688add2dccfd391b36a1f000bea
Creating a default 'in-memory' xclbin image.

Section: 'DEBUG_IP_LAYOUT'(9) was successfully added.
Size   : 296 bytes
Format : JSON
File   : '/home/ziyuanwang/hbm/Vitis_Accel_Examples/performance/hbm_bandwidth/_x_3cores_addadd_33.hw.xilinx_u280_xdma_201920_3/link/int/debug_ip_layout.rtd'

Section: 'BITSTREAM'(0) was successfully added.
Size   : 47416479 bytes
Format : RAW
File   : '/home/ziyuanwang/hbm/Vitis_Accel_Examples/performance/hbm_bandwidth/_x_3cores_addadd_33.hw.xilinx_u280_xdma_201920_3/link/int/partial.bit'

Section: 'MEM_TOPOLOGY'(6) was successfully added.
Format : JSON
File   : 'mem_topology'

Section: 'IP_LAYOUT'(8) was successfully added.
Format : JSON
File   : 'ip_layout'

Section: 'CONNECTIVITY'(7) was successfully added.
Format : JSON
File   : 'connectivity'

Section: 'CLOCK_FREQ_TOPOLOGY'(11) was successfully added.
Size   : 410 bytes
Format : JSON
File   : '/home/ziyuanwang/hbm/Vitis_Accel_Examples/performance/hbm_bandwidth/_x_3cores_addadd_33.hw.xilinx_u280_xdma_201920_3/link/int/krnl_vaddmul.link_xml.rtd'

Section: 'BUILD_METADATA'(14) was successfully added.
Size   : 4261 bytes
Format : JSON
File   : '/home/ziyuanwang/hbm/Vitis_Accel_Examples/performance/hbm_bandwidth/_x_3cores_addadd_33.hw.xilinx_u280_xdma_201920_3/link/int/krnl_vaddmul.link_build.rtd'

Section: 'EMBEDDED_METADATA'(2) was successfully added.
Size   : 7584 bytes
Format : RAW
File   : '/home/ziyuanwang/hbm/Vitis_Accel_Examples/performance/hbm_bandwidth/_x_3cores_addadd_33.hw.xilinx_u280_xdma_201920_3/link/int/krnl_vaddmul.link.xml'

Section: 'SYSTEM_METADATA'(22) was successfully added.
Size   : 21668 bytes
Format : RAW
File   : '/home/ziyuanwang/hbm/Vitis_Accel_Examples/performance/hbm_bandwidth/_x_3cores_addadd_33.hw.xilinx_u280_xdma_201920_3/link/int/systemDiagramModelSlrBaseAddress.json'

Section: 'IP_LAYOUT'(8) was successfully appended to.
Format : JSON
File   : 'ip_layout'
Successfully wrote (47479921 bytes) to the output file: /home/ziyuanwang/hbm/Vitis_Accel_Examples/performance/hbm_bandwidth/./build_dir_3cores_addadd_33.hw.xilinx_u280_xdma_201920_3/krnl_vaddmul.link.xclbin
Leaving xclbinutil.
INFO: [v++ 60-1441] [12:46:39] Run run_link: Step xclbinutil: Completed
Time (s): cpu = 00:00:00.13 ; elapsed = 00:00:03 . Memory (MB): peak = 2062.188 ; gain = 0.000 ; free physical = 26200 ; free virtual = 499137
INFO: [v++ 60-1443] [12:46:39] Run run_link: Step xclbinutilinfo: Started
INFO: [v++ 60-1453] Command Line: xclbinutil --quiet --force --info /home/ziyuanwang/hbm/Vitis_Accel_Examples/performance/hbm_bandwidth/./build_dir_3cores_addadd_33.hw.xilinx_u280_xdma_201920_3/krnl_vaddmul.link.xclbin.info --input /home/ziyuanwang/hbm/Vitis_Accel_Examples/performance/hbm_bandwidth/./build_dir_3cores_addadd_33.hw.xilinx_u280_xdma_201920_3/krnl_vaddmul.link.xclbin
INFO: [v++ 60-1454] Run Directory: /home/ziyuanwang/hbm/Vitis_Accel_Examples/performance/hbm_bandwidth/_x_3cores_addadd_33.hw.xilinx_u280_xdma_201920_3/link/run_link
INFO: [v++ 60-1441] [12:46:40] Run run_link: Step xclbinutilinfo: Completed
Time (s): cpu = 00:00:00.63 ; elapsed = 00:00:01 . Memory (MB): peak = 2062.188 ; gain = 0.000 ; free physical = 26193 ; free virtual = 499130
INFO: [v++ 60-1443] [12:46:40] Run run_link: Step generate_sc_driver: Started
INFO: [v++ 60-1453] Command Line: 
INFO: [v++ 60-1454] Run Directory: /home/ziyuanwang/hbm/Vitis_Accel_Examples/performance/hbm_bandwidth/_x_3cores_addadd_33.hw.xilinx_u280_xdma_201920_3/link/run_link
INFO: [v++ 60-1441] [12:46:40] Run run_link: Step generate_sc_driver: Completed
Time (s): cpu = 00:00:00 ; elapsed = 00:00:00.38 . Memory (MB): peak = 2062.188 ; gain = 0.000 ; free physical = 26193 ; free virtual = 499129
INFO: [v++ 60-244] Generating system estimate report...
INFO: [v++ 60-1092] Generated system estimate report: /home/ziyuanwang/hbm/Vitis_Accel_Examples/performance/hbm_bandwidth/_x_3cores_addadd_33.hw.xilinx_u280_xdma_201920_3/reports/link/system_estimate_krnl_vaddmul.link.xtxt
INFO: [v++ 60-586] Created /home/ziyuanwang/hbm/Vitis_Accel_Examples/performance/hbm_bandwidth/build_dir_3cores_addadd_33.hw.xilinx_u280_xdma_201920_3/krnl_vaddmul.link.ltx
INFO: [v++ 60-586] Created ./build_dir_3cores_addadd_33.hw.xilinx_u280_xdma_201920_3/krnl_vaddmul.link.xclbin
INFO: [v++ 60-1307] Run completed. Additional information can be found in:
	Guidance: /home/ziyuanwang/hbm/Vitis_Accel_Examples/performance/hbm_bandwidth/_x_3cores_addadd_33.hw.xilinx_u280_xdma_201920_3/reports/link/v++_link_krnl_vaddmul.link_guidance.html
	Timing Report: /home/ziyuanwang/hbm/Vitis_Accel_Examples/performance/hbm_bandwidth/_x_3cores_addadd_33.hw.xilinx_u280_xdma_201920_3/reports/link/imp/impl_1_xilinx_u280_xdma_201920_3_bb_locked_timing_summary_routed.rpt
	Vivado Log: /home/ziyuanwang/hbm/Vitis_Accel_Examples/performance/hbm_bandwidth/_x_3cores_addadd_33.hw.xilinx_u280_xdma_201920_3/logs/link/vivado.log
	Steps Log File: /home/ziyuanwang/hbm/Vitis_Accel_Examples/performance/hbm_bandwidth/_x_3cores_addadd_33.hw.xilinx_u280_xdma_201920_3/logs/link/link.steps.log

INFO: [v++ 60-2343] Use the vitis_analyzer tool to visualize and navigate the relevant reports. Run the following command. 
    vitis_analyzer /home/ziyuanwang/hbm/Vitis_Accel_Examples/performance/hbm_bandwidth/build_dir_3cores_addadd_33.hw.xilinx_u280_xdma_201920_3/krnl_vaddmul.link.xclbin.link_summary 
INFO: [v++ 60-791] Total elapsed time: 6h 22m 20s
