Copyright 1986-2021 Xilinx, Inc. All Rights Reserved.
----------------------------------------------------------------------------------------------------------------------------------------------------------------------------------------
| Tool Version : Vivado v.2021.2 (lin64) Build 3367213 Tue Oct 19 02:47:39 MDT 2021
| Date         : Thu Nov 14 20:23:12 2024
| Host         : hacc-gpu0 running 64-bit Ubuntu 20.04.6 LTS
| Command      : report_accelerator_utilization -kernels { krnl_vadd:pfm_top_i/dynamic_region/krnl_vadd_1/inst:krnl_vadd_1} -file kernel_util_placed.rpt -name kernel_util_placed -json
| Design       : pfm_top_wrapper
| Device       : xcu280
| Design State : Fully Placed
----------------------------------------------------------------------------------------------------------------------------------------------------------------------------------------

Accelerator Utilization Design Information

Table of Contents
-----------------
1. System Utilization

1. System Utilization
---------------------

+---------------------+-------------------+------------------+-------------------+----------------+---------------+----------------+
| Name                | LUT               | LUTAsMem         | REG               | BRAM           | URAM          | DSP            |
+---------------------+-------------------+------------------+-------------------+----------------+---------------+----------------+
| Platform            |  103195 [  7.92%] |   9954 [  1.66%] |  150565 [  5.77%] |  202 [ 10.02%] |   0 [  0.00%] |    4 [  0.04%] |
| User Budget         | 1199525 [100.00%] | 590526 [100.00%] | 2456795 [100.00%] | 1814 [100.00%] | 960 [100.00%] | 9020 [100.00%] |
|    Used Resources   |    4103 [  0.34%] |    936 [  0.16%] |    6665 [  0.27%] |    6 [  0.33%] |   0 [  0.00%] |    8 [  0.09%] |
|    Unused Resources | 1195422 [ 99.66%] | 589590 [ 99.84%] | 2450130 [ 99.73%] | 1808 [ 99.67%] | 960 [100.00%] | 9012 [ 99.91%] |
| krnl_vadd           |    4103 [  0.34%] |    936 [  0.16%] |    6665 [  0.27%] |    6 [  0.33%] |   0 [  0.00%] |    8 [  0.09%] |
|    krnl_vadd_1      |    4103 [  0.34%] |    936 [  0.16%] |    6665 [  0.27%] |    6 [  0.33%] |   0 [  0.00%] |    8 [  0.09%] |
+---------------------+-------------------+------------------+-------------------+----------------+---------------+----------------+


