Copyright 1986-2021 Xilinx, Inc. All Rights Reserved.
------------------------------------------------------------------------------------------
| Tool Version : Vivado v.2021.2 (lin64) Build 3367213 Tue Oct 19 02:47:39 MDT 2021
| Date         : Thu Nov 14 20:43:16 2024
| Host         : hacc-gpu0 running 64-bit Ubuntu 20.04.6 LTS
| Command      : report_utilization -slr -file slr_util_routed.rpt -pb slr_util_routed.pb
| Design       : pfm_top_wrapper
| Device       : xcu280-fsvh2892-2L-e
| Speed File   : -2L
| Design State : Routed
------------------------------------------------------------------------------------------

Utilization Design Information

Table of Contents
-----------------
1. SLR Connectivity
2. SLR Connectivity Matrix
3. SLR CLB Logic and Dedicated Block Utilization
4. SLR IO Utilization

1. SLR Connectivity
-------------------

+----------------------------------+------+-------+-----------+-------+
|                                  | Used | Fixed | Available | Util% |
+----------------------------------+------+-------+-----------+-------+
| SLR2 <-> SLR1                    | 3954 |       |     23040 | 17.16 |
|   SLR1 -> SLR2                   | 2080 |       |           |  9.03 |
|     Using TX_REG only            |  287 |     1 |           |       |
|     Using RX_REG only            |  304 |    18 |           |       |
|     Using Both TX_REG and RX_REG |  287 |     1 |           |       |
|   SLR2 -> SLR1                   | 1874 |       |           |  8.13 |
|     Using TX_REG only            |  407 |     0 |           |       |
|     Using RX_REG only            |  412 |     4 |           |       |
|     Using Both TX_REG and RX_REG |  407 |     0 |           |       |
| SLR1 <-> SLR0                    | 2529 |       |     23040 | 10.98 |
|   SLR0 -> SLR1                   | 1135 |       |           |  4.93 |
|     Using TX_REG only            |  371 |    71 |           |       |
|     Using RX_REG only            |  361 |    61 |           |       |
|     Using Both TX_REG and RX_REG |  355 |    55 |           |       |
|   SLR1 -> SLR0                   | 1394 |       |           |  6.05 |
|     Using TX_REG only            |  441 |    62 |           |       |
|     Using RX_REG only            |  452 |    71 |           |       |
|     Using Both TX_REG and RX_REG |  439 |    60 |           |       |
+----------------------------------+------+-------+-----------+-------+
| Total SLLs Used                  | 6483 |       |           |       |
+----------------------------------+------+-------+-----------+-------+


2. SLR Connectivity Matrix
--------------------------

+-----------+------+------+------+
| FROM \ TO | SLR2 | SLR1 | SLR0 |
+-----------+------+------+------+
| SLR2      |    0 | 1680 |  194 |
| SLR1      | 1938 |    0 | 1200 |
| SLR0      |  142 |  993 |    0 |
+-----------+------+------+------+


3. SLR CLB Logic and Dedicated Block Utilization
------------------------------------------------

+----------------------------+-------+-------+-------+--------+--------+--------+
|          Site Type         |  SLR0 |  SLR1 |  SLR2 | SLR0 % | SLR1 % | SLR2 % |
+----------------------------+-------+-------+-------+--------+--------+--------+
| CLB                        |  7732 |  7438 |  8234 |  14.07 |  13.77 |  15.25 |
|   CLBL                     |  3756 |  3750 |  4293 |  12.83 |  12.81 |  14.66 |
|   CLBM                     |  3976 |  3688 |  3941 |  15.48 |  14.92 |  15.94 |
| CLB LUTs                   | 24317 | 47514 | 35467 |   5.53 |  11.00 |   8.21 |
|   LUT as Logic             | 20435 | 43580 | 32393 |   4.65 |  10.09 |   7.50 |
|     using O5 output only   |   550 |   286 |  1015 |   0.13 |   0.07 |   0.23 |
|     using O6 output only   | 13364 | 34183 | 19588 |   3.04 |   7.91 |   4.53 |
|     using O5 and O6        |  6521 |  9111 | 11790 |   1.48 |   2.11 |   2.73 |
|   LUT as Memory            |  3882 |  3934 |  3074 |   1.89 |   1.99 |   1.55 |
|     LUT as Distributed RAM |  1232 |  3837 |  1660 |   0.60 |   1.94 |   0.84 |
|       using O5 output only |     0 |     0 |     0 |   0.00 |   0.00 |   0.00 |
|       using O6 output only |    80 |   215 |    84 |   0.04 |   0.11 |   0.04 |
|       using O5 and O6      |  1152 |  3622 |  1576 |   0.56 |   1.83 |   0.80 |
|     LUT as Shift Register  |  2650 |    97 |  1414 |   1.29 |   0.05 |   0.72 |
|       using O5 output only |     0 |     0 |     0 |   0.00 |   0.00 |   0.00 |
|       using O6 output only |  1694 |    97 |  1284 |   0.82 |   0.05 |   0.65 |
|       using O5 and O6      |   956 |     0 |   130 |   0.47 |   0.00 |   0.07 |
| CLB Registers              | 50213 | 46184 | 60833 |   5.71 |   5.35 |   7.04 |
| CARRY8                     |   513 |   473 |   313 |   0.93 |   0.88 |   0.58 |
| F7 Muxes                   |   696 |   651 |  1054 |   0.32 |   0.30 |   0.49 |
| F8 Muxes                   |    17 |   141 |    47 |   0.02 |   0.13 |   0.04 |
| F9 Muxes                   |     0 |     0 |     0 |   0.00 |   0.00 |   0.00 |
| Block RAM Tile             |  33.5 |  80.5 |    94 |   4.99 |  11.98 |  13.99 |
|   RAMB36/FIFO              |    32 |    80 |    92 |   4.76 |  11.90 |  13.69 |
|     RAMB36E2 only          |    32 |    80 |    92 |   4.76 |  11.90 |  13.69 |
|   RAMB18                   |     3 |     1 |     4 |   0.22 |   0.07 |   0.30 |
|     RAMB18E2 only          |     3 |     1 |     4 |   0.22 |   0.07 |   0.30 |
| URAM                       |     0 |     0 |     0 |   0.00 |   0.00 |   0.00 |
| DSPs                       |     8 |     0 |     4 |   0.28 |   0.00 |   0.13 |
| Unique Control Sets        |  1724 |  1494 |  2727 |   1.57 |   1.38 |   2.53 |
+----------------------------+-------+-------+-------+--------+--------+--------+
* Note: Available Control Sets based on CLB Registers / 8


4. SLR IO Utilization
---------------------

+-----------+-----------+---------+------------+----------+------------+----------+-----+
| SLR Index | Used IOBs | (%)IOBs | Used IPADs | (%)IPADs | Used OPADs | (%)OPADs | GTs |
+-----------+-----------+---------+------------+----------+------------+----------+-----+
| SLR2      |        18 |    8.65 |          0 |     0.00 |          0 |     0.00 |   0 |
| SLR1      |         0 |    0.00 |          0 |     0.00 |          0 |     0.00 |   0 |
| SLR0      |         1 |    0.48 |          0 |     0.00 |          0 |     0.00 |  16 |
+-----------+-----------+---------+------------+----------+------------+----------+-----+
| Total     |        19 |         |          0 |          |          0 |          |  16 |
+-----------+-----------+---------+------------+----------+------------+----------+-----+


