Copyright 1986-2021 Xilinx, Inc. All Rights Reserved.
-----------------------------------------------------------------------------------------------------------------------------------------------------------------------------------------------------------------------------------------------------------------------------------------------------------------------------------------------------
| Tool Version : Vivado v.2021.2 (lin64) Build 3367213 Tue Oct 19 02:47:39 MDT 2021
| Date         : Sat Nov  2 04:47:09 2024
| Host         : hacc-gpu0 running 64-bit Ubuntu 20.04.6 LTS
| Command      : report_accelerator_utilization -kernels { krnl_vaddmul:pfm_top_i/dynamic_region/krnl_vaddmul_1/inst:krnl_vaddmul_1 krnl_vaddmul:pfm_top_i/dynamic_region/krnl_vaddmul_2/inst:krnl_vaddmul_2 krnl_vaddmul:pfm_top_i/dynamic_region/krnl_vaddmul_3/inst:krnl_vaddmul_3} -file kernel_util_synthed.rpt -name kernel_util_synthed -json
| Design       : pfm_top_wrapper
| Device       : xcu280
| Design State : Synthesized
-----------------------------------------------------------------------------------------------------------------------------------------------------------------------------------------------------------------------------------------------------------------------------------------------------------------------------------------------------

Accelerator Utilization Design Information

Table of Contents
-----------------
1. System Utilization

1. System Utilization
---------------------

+---------------------+-------------------+------------------+-------------------+----------------+---------------+----------------+
| Name                | LUT               | LUTAsMem         | REG               | BRAM           | URAM          | DSP            |
+---------------------+-------------------+------------------+-------------------+----------------+---------------+----------------+
| Platform            |  150272 [ 11.54%] |  28072 [  4.67%] |  217225 [  8.33%] |  202 [ 10.02%] |   0 [  0.00%] |    4 [  0.04%] |
| User Budget         | 1152448 [100.00%] | 572408 [100.00%] | 2390135 [100.00%] | 1814 [100.00%] | 960 [100.00%] | 9020 [100.00%] |
|    Used Resources   |   33150 [  2.88%] |  18876 [  3.30%] |   36993 [  1.55%] |   42 [  2.32%] |   0 [  0.00%] |   12 [  0.13%] |
|    Unused Resources | 1119298 [ 97.12%] | 553532 [ 96.70%] | 2353142 [ 98.45%] | 1772 [ 97.68%] | 960 [100.00%] | 9008 [ 99.87%] |
| krnl_vaddmul        |   33150 [  2.88%] |  18876 [  3.30%] |   36993 [  1.55%] |   42 [  2.32%] |   0 [  0.00%] |   12 [  0.13%] |
|    krnl_vaddmul_1   |   11050 [  0.96%] |   6292 [  1.10%] |   12331 [  0.52%] |   14 [  0.77%] |   0 [  0.00%] |    4 [  0.04%] |
|    krnl_vaddmul_2   |   11050 [  0.96%] |   6292 [  1.10%] |   12331 [  0.52%] |   14 [  0.77%] |   0 [  0.00%] |    4 [  0.04%] |
|    krnl_vaddmul_3   |   11050 [  0.96%] |   6292 [  1.10%] |   12331 [  0.52%] |   14 [  0.77%] |   0 [  0.00%] |    4 [  0.04%] |
+---------------------+-------------------+------------------+-------------------+----------------+---------------+----------------+


