Copyright 1986-2021 Xilinx, Inc. All Rights Reserved.
------------------------------------------------------------------------------------------------------------------------------------------------------------------------------------------
| Tool Version : Vivado v.2021.2 (lin64) Build 3367213 Tue Oct 19 02:47:39 MDT 2021
| Date         : Tue Nov 19 02:39:24 2024
| Host         : hacc-gpu0 running 64-bit Ubuntu 20.04.6 LTS
| Command      : report_accelerator_utilization -kernels { krnl_vadd:pfm_top_i/dynamic_region/krnl_vadd_1/inst:krnl_vadd_1} -file kernel_util_synthed.rpt -name kernel_util_synthed -json
| Design       : pfm_top_wrapper
| Device       : xcu280
| Design State : Synthesized
------------------------------------------------------------------------------------------------------------------------------------------------------------------------------------------

Accelerator Utilization Design Information

Table of Contents
-----------------
1. System Utilization

1. System Utilization
---------------------

+---------------------+-------------------+------------------+-------------------+----------------+---------------+----------------+
| Name                | LUT               | LUTAsMem         | REG               | BRAM           | URAM          | DSP            |
+---------------------+-------------------+------------------+-------------------+----------------+---------------+----------------+
| Platform            |  116525 [  8.94%] |  11622 [  1.94%] |  155084 [  5.95%] |  202 [ 10.02%] |   0 [  0.00%] |    4 [  0.04%] |
| User Budget         | 1186195 [100.00%] | 588858 [100.00%] | 2452276 [100.00%] | 1814 [100.00%] | 960 [100.00%] | 9020 [100.00%] |
|    Used Resources   |    4755 [  0.40%] |   1185 [  0.20%] |    8392 [  0.34%] |   12 [  0.66%] |   0 [  0.00%] |    4 [  0.04%] |
|    Unused Resources | 1181440 [ 99.60%] | 587673 [ 99.80%] | 2443884 [ 99.66%] | 1802 [ 99.34%] | 960 [100.00%] | 9016 [ 99.96%] |
| krnl_vadd           |    4755 [  0.40%] |   1185 [  0.20%] |    8392 [  0.34%] |   12 [  0.66%] |   0 [  0.00%] |    4 [  0.04%] |
|    krnl_vadd_1      |    4755 [  0.40%] |   1185 [  0.20%] |    8392 [  0.34%] |   12 [  0.66%] |   0 [  0.00%] |    4 [  0.04%] |
+---------------------+-------------------+------------------+-------------------+----------------+---------------+----------------+


