

================================================================
== Vitis HLS Report for 'krnl_vadd'
================================================================
* Date:           Thu Nov 21 12:57:01 2024

* Version:        2021.2 (Build 3367213 on Tue Oct 19 02:47:39 MDT 2021)
* Project:        krnl_vadd
* Solution:       solution (Vitis Kernel Flow Target)
* Product family: virtexuplus
* Target device:  xcu280-fsvh2892-2L-e


================================================================
== Performance Estimates
================================================================
+ Timing: 
    * Summary: 
    +--------+---------+----------+------------+
    |  Clock |  Target | Estimated| Uncertainty|
    +--------+---------+----------+------------+
    |ap_clk  |  3.33 ns|  2.433 ns|     0.90 ns|
    +--------+---------+----------+------------+

+ Latency: 
    * Summary: 
    +---------+---------+----------+----------+-----+-----+---------+
    |  Latency (cycles) |  Latency (absolute) |  Interval | Pipeline|
    |   min   |   max   |    min   |    max   | min | max |   Type  |
    +---------+---------+----------+----------+-----+-----+---------+
    |        ?|        ?|         ?|         ?|    ?|    ?|       no|
    +---------+---------+----------+----------+-----+-----+---------+

    + Detail: 
        * Instance: 
        +-------------------------------------------+--------------------------------+---------+---------+----------+----------+-----+-----+---------+
        |                                           |                                |  Latency (cycles) |  Latency (absolute) |  Interval | Pipeline|
        |                  Instance                 |             Module             |   min   |   max   |    min   |    max   | min | max |   Type  |
        +-------------------------------------------+--------------------------------+---------+---------+----------+----------+-----+-----+---------+
        |grp_krnl_vadd_Pipeline_vadd1_vadd2_fu_143  |krnl_vadd_Pipeline_vadd1_vadd2  |        ?|        ?|         ?|         ?|    ?|    ?|       no|
        +-------------------------------------------+--------------------------------+---------+---------+----------+----------+-----+-----+---------+

        * Loop: 
        N/A



================================================================
== Utilization Estimates
================================================================
* Summary: 
+---------------------+---------+------+---------+---------+-----+
|         Name        | BRAM_18K|  DSP |    FF   |   LUT   | URAM|
+---------------------+---------+------+---------+---------+-----+
|DSP                  |        -|     -|        -|        -|    -|
|Expression           |        -|     -|        0|      186|    -|
|FIFO                 |        -|     -|        -|        -|    -|
|Instance             |       60|     6|     7375|     6269|    0|
|Memory               |        -|     -|        -|        -|    -|
|Multiplexer          |        -|     -|        -|     1219|    -|
|Register             |        -|     -|      476|        -|    -|
+---------------------+---------+------+---------+---------+-----+
|Total                |       60|     6|     7851|     7674|    0|
+---------------------+---------+------+---------+---------+-----+
|Available SLR        |     1344|  3008|   869120|   434560|  320|
+---------------------+---------+------+---------+---------+-----+
|Utilization SLR (%)  |        4|    ~0|       ~0|        1|    0|
+---------------------+---------+------+---------+---------+-----+
|Available            |     4032|  9024|  2607360|  1303680|  960|
+---------------------+---------+------+---------+---------+-----+
|Utilization (%)      |        1|    ~0|       ~0|       ~0|    0|
+---------------------+---------+------+---------+---------+-----+

+ Detail: 
    * Instance: 
    +-------------------------------------------+--------------------------------+---------+----+------+------+-----+
    |                  Instance                 |             Module             | BRAM_18K| DSP|  FF  |  LUT | URAM|
    +-------------------------------------------+--------------------------------+---------+----+------+------+-----+
    |control_s_axi_U                            |control_s_axi                   |        0|   0|   291|   490|    0|
    |gmem0_m_axi_U                              |gmem0_m_axi                     |       30|   0|  1415|  1585|    0|
    |gmem1_m_axi_U                              |gmem1_m_axi                     |       30|   0|  1415|  1585|    0|
    |grp_krnl_vadd_Pipeline_vadd1_vadd2_fu_143  |krnl_vadd_Pipeline_vadd1_vadd2  |        0|   3|  4081|  2556|    0|
    |mul_32ns_34ns_65_2_1_U9                    |mul_32ns_34ns_65_2_1            |        0|   3|   173|    53|    0|
    +-------------------------------------------+--------------------------------+---------+----+------+------+-----+
    |Total                                      |                                |       60|   6|  7375|  6269|    0|
    +-------------------------------------------+--------------------------------+---------+----+------+------+-----+

    * DSP: 
    N/A

    * Memory: 
    N/A

    * FIFO: 
    N/A

    * Expression: 
    +----------------------+----------+----+---+----+------------+------------+
    |     Variable Name    | Operation| DSP| FF| LUT| Bitwidth P0| Bitwidth P1|
    +----------------------+----------+----+---+----+------------+------------+
    |add_ln46_fu_155_p2    |         +|   0|  0|  39|          32|           2|
    |add_ln50_1_fu_208_p2  |         +|   0|  0|  34|          34|           5|
    |add_ln50_fu_289_p2    |         +|   0|  0|  35|          28|           1|
    |bound_fu_314_p2       |         -|   0|  0|  40|          33|          33|
    |sub_ln50_fu_202_p2    |         -|   0|  0|  34|          34|          34|
    |ap_block_state1       |        or|   0|  0|   2|           1|           1|
    |ap_block_state5_io    |        or|   0|  0|   2|           1|           1|
    +----------------------+----------+----+---+----+------------+------------+
    |Total                 |          |   0|  0| 186|         163|          77|
    +----------------------+----------+----+---+----+------------+------------+

    * Multiplexer: 
    +----------------+-----+-----------+-----+-----------+
    |      Name      | LUT | Input Size| Bits| Total Bits|
    +----------------+-----+-----------+-----+-----------+
    |ap_NS_fsm       |  764|        145|    1|        145|
    |ap_done         |    9|          2|    1|          2|
    |gmem0_ARADDR    |   14|          3|   64|        192|
    |gmem0_ARBURST   |    9|          2|    2|          4|
    |gmem0_ARCACHE   |    9|          2|    4|          8|
    |gmem0_ARID      |    9|          2|    1|          2|
    |gmem0_ARLEN     |   14|          3|   32|         96|
    |gmem0_ARLOCK    |    9|          2|    2|          4|
    |gmem0_ARPROT    |    9|          2|    3|          6|
    |gmem0_ARQOS     |    9|          2|    4|          8|
    |gmem0_ARREGION  |    9|          2|    4|          8|
    |gmem0_ARSIZE    |    9|          2|    3|          6|
    |gmem0_ARUSER    |    9|          2|    1|          2|
    |gmem0_ARVALID   |   14|          3|    1|          3|
    |gmem0_AWADDR    |   14|          3|   64|        192|
    |gmem0_AWBURST   |    9|          2|    2|          4|
    |gmem0_AWCACHE   |    9|          2|    4|          8|
    |gmem0_AWID      |    9|          2|    1|          2|
    |gmem0_AWLEN     |   14|          3|   32|         96|
    |gmem0_AWLOCK    |    9|          2|    2|          4|
    |gmem0_AWPROT    |    9|          2|    3|          6|
    |gmem0_AWQOS     |    9|          2|    4|          8|
    |gmem0_AWREGION  |    9|          2|    4|          8|
    |gmem0_AWSIZE    |    9|          2|    3|          6|
    |gmem0_AWUSER    |    9|          2|    1|          2|
    |gmem0_AWVALID   |   14|          3|    1|          3|
    |gmem0_BREADY    |   14|          3|    1|          3|
    |gmem0_RREADY    |    9|          2|    1|          2|
    |gmem0_WVALID    |    9|          2|    1|          2|
    |gmem0_blk_n_AR  |    9|          2|    1|          2|
    |gmem0_blk_n_AW  |    9|          2|    1|          2|
    |gmem0_blk_n_B   |    9|          2|    1|          2|
    |gmem1_ARADDR    |   14|          3|   64|        192|
    |gmem1_ARBURST   |    9|          2|    2|          4|
    |gmem1_ARCACHE   |    9|          2|    4|          8|
    |gmem1_ARID      |    9|          2|    1|          2|
    |gmem1_ARLEN     |   14|          3|   32|         96|
    |gmem1_ARLOCK    |    9|          2|    2|          4|
    |gmem1_ARPROT    |    9|          2|    3|          6|
    |gmem1_ARQOS     |    9|          2|    4|          8|
    |gmem1_ARREGION  |    9|          2|    4|          8|
    |gmem1_ARSIZE    |    9|          2|    3|          6|
    |gmem1_ARUSER    |    9|          2|    1|          2|
    |gmem1_ARVALID   |   14|          3|    1|          3|
    |gmem1_RREADY    |    9|          2|    1|          2|
    |gmem1_blk_n_AR  |    9|          2|    1|          2|
    +----------------+-----+-----------+-----+-----------+
    |Total           | 1219|        245|  373|       1181|
    +----------------+-----+-----------+-----+-----------+

    * Register: 
    +--------------------------------------------------------+-----+----+-----+-----------+
    |                          Name                          |  FF | LUT| Bits| Const Bits|
    +--------------------------------------------------------+-----+----+-----+-----------+
    |add_ln46_reg_321                                        |   32|   0|   32|          0|
    |ap_CS_fsm                                               |  144|   0|  144|          0|
    |ap_done_reg                                             |    1|   0|    1|          0|
    |ap_rst_n_inv                                            |    1|   0|    1|          0|
    |ap_rst_reg_1                                            |    1|   0|    1|          0|
    |ap_rst_reg_2                                            |    1|   0|    1|          0|
    |bound_reg_383                                           |   30|   0|   33|          3|
    |grp_krnl_vadd_Pipeline_vadd1_vadd2_fu_143_ap_start_reg  |    1|   0|    1|          0|
    |sext_ln50_3_reg_361                                     |   32|   0|   32|          0|
    |trunc_ln50_1_reg_343                                    |   58|   0|   58|          0|
    |trunc_ln50_2_reg_349                                    |   58|   0|   58|          0|
    |trunc_ln50_3_reg_355                                    |   58|   0|   58|          0|
    |trunc_ln50_5_reg_338                                    |   31|   0|   31|          0|
    |trunc_ln_reg_331                                        |   28|   0|   28|          0|
    +--------------------------------------------------------+-----+----+-----+-----------+
    |Total                                                   |  476|   0|  479|          3|
    +--------------------------------------------------------+-----+----+-----+-----------+



================================================================
== Interface
================================================================
* Summary: 
+-----------------------+-----+-----+---------------+--------------+--------------+
|       RTL Ports       | Dir | Bits|    Protocol   | Source Object|    C Type    |
+-----------------------+-----+-----+---------------+--------------+--------------+
|s_axi_control_AWVALID  |   in|    1|          s_axi|       control|        scalar|
|s_axi_control_AWREADY  |  out|    1|          s_axi|       control|        scalar|
|s_axi_control_AWADDR   |   in|    6|          s_axi|       control|        scalar|
|s_axi_control_WVALID   |   in|    1|          s_axi|       control|        scalar|
|s_axi_control_WREADY   |  out|    1|          s_axi|       control|        scalar|
|s_axi_control_WDATA    |   in|   32|          s_axi|       control|        scalar|
|s_axi_control_WSTRB    |   in|    4|          s_axi|       control|        scalar|
|s_axi_control_ARVALID  |   in|    1|          s_axi|       control|        scalar|
|s_axi_control_ARREADY  |  out|    1|          s_axi|       control|        scalar|
|s_axi_control_ARADDR   |   in|    6|          s_axi|       control|        scalar|
|s_axi_control_RVALID   |  out|    1|          s_axi|       control|        scalar|
|s_axi_control_RREADY   |   in|    1|          s_axi|       control|        scalar|
|s_axi_control_RDATA    |  out|   32|          s_axi|       control|        scalar|
|s_axi_control_RRESP    |  out|    2|          s_axi|       control|        scalar|
|s_axi_control_BVALID   |  out|    1|          s_axi|       control|        scalar|
|s_axi_control_BREADY   |   in|    1|          s_axi|       control|        scalar|
|s_axi_control_BRESP    |  out|    2|          s_axi|       control|        scalar|
|ap_local_block         |  out|    1|  ap_ctrl_chain|     krnl_vadd|  return value|
|ap_clk                 |   in|    1|  ap_ctrl_chain|     krnl_vadd|  return value|
|ap_rst_n               |   in|    1|  ap_ctrl_chain|     krnl_vadd|  return value|
|interrupt              |  out|    1|  ap_ctrl_chain|     krnl_vadd|  return value|
|m_axi_gmem0_AWVALID    |  out|    1|          m_axi|         gmem0|       pointer|
|m_axi_gmem0_AWREADY    |   in|    1|          m_axi|         gmem0|       pointer|
|m_axi_gmem0_AWADDR     |  out|   64|          m_axi|         gmem0|       pointer|
|m_axi_gmem0_AWID       |  out|    1|          m_axi|         gmem0|       pointer|
|m_axi_gmem0_AWLEN      |  out|    8|          m_axi|         gmem0|       pointer|
|m_axi_gmem0_AWSIZE     |  out|    3|          m_axi|         gmem0|       pointer|
|m_axi_gmem0_AWBURST    |  out|    2|          m_axi|         gmem0|       pointer|
|m_axi_gmem0_AWLOCK     |  out|    2|          m_axi|         gmem0|       pointer|
|m_axi_gmem0_AWCACHE    |  out|    4|          m_axi|         gmem0|       pointer|
|m_axi_gmem0_AWPROT     |  out|    3|          m_axi|         gmem0|       pointer|
|m_axi_gmem0_AWQOS      |  out|    4|          m_axi|         gmem0|       pointer|
|m_axi_gmem0_AWREGION   |  out|    4|          m_axi|         gmem0|       pointer|
|m_axi_gmem0_AWUSER     |  out|    1|          m_axi|         gmem0|       pointer|
|m_axi_gmem0_WVALID     |  out|    1|          m_axi|         gmem0|       pointer|
|m_axi_gmem0_WREADY     |   in|    1|          m_axi|         gmem0|       pointer|
|m_axi_gmem0_WDATA      |  out|  512|          m_axi|         gmem0|       pointer|
|m_axi_gmem0_WSTRB      |  out|   64|          m_axi|         gmem0|       pointer|
|m_axi_gmem0_WLAST      |  out|    1|          m_axi|         gmem0|       pointer|
|m_axi_gmem0_WID        |  out|    1|          m_axi|         gmem0|       pointer|
|m_axi_gmem0_WUSER      |  out|    1|          m_axi|         gmem0|       pointer|
|m_axi_gmem0_ARVALID    |  out|    1|          m_axi|         gmem0|       pointer|
|m_axi_gmem0_ARREADY    |   in|    1|          m_axi|         gmem0|       pointer|
|m_axi_gmem0_ARADDR     |  out|   64|          m_axi|         gmem0|       pointer|
|m_axi_gmem0_ARID       |  out|    1|          m_axi|         gmem0|       pointer|
|m_axi_gmem0_ARLEN      |  out|    8|          m_axi|         gmem0|       pointer|
|m_axi_gmem0_ARSIZE     |  out|    3|          m_axi|         gmem0|       pointer|
|m_axi_gmem0_ARBURST    |  out|    2|          m_axi|         gmem0|       pointer|
|m_axi_gmem0_ARLOCK     |  out|    2|          m_axi|         gmem0|       pointer|
|m_axi_gmem0_ARCACHE    |  out|    4|          m_axi|         gmem0|       pointer|
|m_axi_gmem0_ARPROT     |  out|    3|          m_axi|         gmem0|       pointer|
|m_axi_gmem0_ARQOS      |  out|    4|          m_axi|         gmem0|       pointer|
|m_axi_gmem0_ARREGION   |  out|    4|          m_axi|         gmem0|       pointer|
|m_axi_gmem0_ARUSER     |  out|    1|          m_axi|         gmem0|       pointer|
|m_axi_gmem0_RVALID     |   in|    1|          m_axi|         gmem0|       pointer|
|m_axi_gmem0_RREADY     |  out|    1|          m_axi|         gmem0|       pointer|
|m_axi_gmem0_RDATA      |   in|  512|          m_axi|         gmem0|       pointer|
|m_axi_gmem0_RLAST      |   in|    1|          m_axi|         gmem0|       pointer|
|m_axi_gmem0_RID        |   in|    1|          m_axi|         gmem0|       pointer|
|m_axi_gmem0_RUSER      |   in|    1|          m_axi|         gmem0|       pointer|
|m_axi_gmem0_RRESP      |   in|    2|          m_axi|         gmem0|       pointer|
|m_axi_gmem0_BVALID     |   in|    1|          m_axi|         gmem0|       pointer|
|m_axi_gmem0_BREADY     |  out|    1|          m_axi|         gmem0|       pointer|
|m_axi_gmem0_BRESP      |   in|    2|          m_axi|         gmem0|       pointer|
|m_axi_gmem0_BID        |   in|    1|          m_axi|         gmem0|       pointer|
|m_axi_gmem0_BUSER      |   in|    1|          m_axi|         gmem0|       pointer|
|m_axi_gmem1_AWVALID    |  out|    1|          m_axi|         gmem1|       pointer|
|m_axi_gmem1_AWREADY    |   in|    1|          m_axi|         gmem1|       pointer|
|m_axi_gmem1_AWADDR     |  out|   64|          m_axi|         gmem1|       pointer|
|m_axi_gmem1_AWID       |  out|    1|          m_axi|         gmem1|       pointer|
|m_axi_gmem1_AWLEN      |  out|    8|          m_axi|         gmem1|       pointer|
|m_axi_gmem1_AWSIZE     |  out|    3|          m_axi|         gmem1|       pointer|
|m_axi_gmem1_AWBURST    |  out|    2|          m_axi|         gmem1|       pointer|
|m_axi_gmem1_AWLOCK     |  out|    2|          m_axi|         gmem1|       pointer|
|m_axi_gmem1_AWCACHE    |  out|    4|          m_axi|         gmem1|       pointer|
|m_axi_gmem1_AWPROT     |  out|    3|          m_axi|         gmem1|       pointer|
|m_axi_gmem1_AWQOS      |  out|    4|          m_axi|         gmem1|       pointer|
|m_axi_gmem1_AWREGION   |  out|    4|          m_axi|         gmem1|       pointer|
|m_axi_gmem1_AWUSER     |  out|    1|          m_axi|         gmem1|       pointer|
|m_axi_gmem1_WVALID     |  out|    1|          m_axi|         gmem1|       pointer|
|m_axi_gmem1_WREADY     |   in|    1|          m_axi|         gmem1|       pointer|
|m_axi_gmem1_WDATA      |  out|  512|          m_axi|         gmem1|       pointer|
|m_axi_gmem1_WSTRB      |  out|   64|          m_axi|         gmem1|       pointer|
|m_axi_gmem1_WLAST      |  out|    1|          m_axi|         gmem1|       pointer|
|m_axi_gmem1_WID        |  out|    1|          m_axi|         gmem1|       pointer|
|m_axi_gmem1_WUSER      |  out|    1|          m_axi|         gmem1|       pointer|
|m_axi_gmem1_ARVALID    |  out|    1|          m_axi|         gmem1|       pointer|
|m_axi_gmem1_ARREADY    |   in|    1|          m_axi|         gmem1|       pointer|
|m_axi_gmem1_ARADDR     |  out|   64|          m_axi|         gmem1|       pointer|
|m_axi_gmem1_ARID       |  out|    1|          m_axi|         gmem1|       pointer|
|m_axi_gmem1_ARLEN      |  out|    8|          m_axi|         gmem1|       pointer|
|m_axi_gmem1_ARSIZE     |  out|    3|          m_axi|         gmem1|       pointer|
|m_axi_gmem1_ARBURST    |  out|    2|          m_axi|         gmem1|       pointer|
|m_axi_gmem1_ARLOCK     |  out|    2|          m_axi|         gmem1|       pointer|
|m_axi_gmem1_ARCACHE    |  out|    4|          m_axi|         gmem1|       pointer|
|m_axi_gmem1_ARPROT     |  out|    3|          m_axi|         gmem1|       pointer|
|m_axi_gmem1_ARQOS      |  out|    4|          m_axi|         gmem1|       pointer|
|m_axi_gmem1_ARREGION   |  out|    4|          m_axi|         gmem1|       pointer|
|m_axi_gmem1_ARUSER     |  out|    1|          m_axi|         gmem1|       pointer|
|m_axi_gmem1_RVALID     |   in|    1|          m_axi|         gmem1|       pointer|
|m_axi_gmem1_RREADY     |  out|    1|          m_axi|         gmem1|       pointer|
|m_axi_gmem1_RDATA      |   in|  512|          m_axi|         gmem1|       pointer|
|m_axi_gmem1_RLAST      |   in|    1|          m_axi|         gmem1|       pointer|
|m_axi_gmem1_RID        |   in|    1|          m_axi|         gmem1|       pointer|
|m_axi_gmem1_RUSER      |   in|    1|          m_axi|         gmem1|       pointer|
|m_axi_gmem1_RRESP      |   in|    2|          m_axi|         gmem1|       pointer|
|m_axi_gmem1_BVALID     |   in|    1|          m_axi|         gmem1|       pointer|
|m_axi_gmem1_BREADY     |  out|    1|          m_axi|         gmem1|       pointer|
|m_axi_gmem1_BRESP      |   in|    2|          m_axi|         gmem1|       pointer|
|m_axi_gmem1_BID        |   in|    1|          m_axi|         gmem1|       pointer|
|m_axi_gmem1_BUSER      |   in|    1|          m_axi|         gmem1|       pointer|
+-----------------------+-----+-----+---------------+--------------+--------------+

