
*** Running vivado
    with args -log pfm_dynamic_krnl_vaddmul_3_0.vds -m64 -product Vivado -mode batch -messageDb vivado.pb -notrace -source pfm_dynamic_krnl_vaddmul_3_0.tcl


****** Vivado v2021.2 (64-bit)
  **** SW Build 3367213 on Tue Oct 19 02:47:39 MDT 2021
  **** IP Build 3369179 on Thu Oct 21 08:25:16 MDT 2021
    ** Copyright 1986-2021 Xilinx, Inc. All Rights Reserved.

source pfm_dynamic_krnl_vaddmul_3_0.tcl -notrace
INFO: Dispatch client connection id - 41029
create_project: Time (s): cpu = 00:00:05 ; elapsed = 00:00:07 . Memory (MB): peak = 2740.652 ; gain = 0.023 ; free physical = 12807 ; free virtual = 486975
INFO: [IP_Flow 19-234] Refreshing IP repositories
INFO: [IP_Flow 19-1700] Loaded user IP repository '/home/ziyuanwang/hbm/Vitis_Accel_Examples/performance/hbm_bandwidth/_x_3cores_nopragaddadd_10.hw.xilinx_u280_xdma_201920_3/link/int/xo/ip_repo/xilinx_com_hls_krnl_vaddmul_1_0'.
INFO: [IP_Flow 19-1700] Loaded user IP repository '/home/ziyuanwang/hbm/Vitis_Accel_Examples/performance/hbm_bandwidth/_x_3cores_nopragaddadd_10.hw.xilinx_u280_xdma_201920_3/link/vivado/vpl/.local/hw_platform/iprepo'.
INFO: [IP_Flow 19-1700] Loaded user IP repository '/tools/Xilinx/Vitis/2021.2/data/cache/xilinx'.
INFO: [IP_Flow 19-1700] Loaded user IP repository '/home/ziyuanwang/hbm/Vitis_Accel_Examples/performance/hbm_bandwidth/_x_3cores_nopragaddadd_10.hw.xilinx_u280_xdma_201920_3/link/vivado/vpl/.local/hw_platform/ipcache'.
INFO: [IP_Flow 19-1700] Loaded user IP repository '/tools/Xilinx/Vitis/2021.2/data/ip'.
INFO: [IP_Flow 19-2313] Loaded Vivado IP repository '/tools/Xilinx/Vivado/2021.2/data/ip'.
Command: synth_design -top pfm_dynamic_krnl_vaddmul_3_0 -part xcu280-fsvh2892-2L-e -directive sdx_optimization_effort_high -mode out_of_context
Starting synth_design
Attempting to get a license for feature 'Synthesis' and/or device 'xcu280'
INFO: [Common 17-349] Got license for feature 'Synthesis' and/or device 'xcu280'
INFO: [Device 21-403] Loading part xcu280-fsvh2892-2L-e
INFO: [Synth 8-7079] Multithreading enabled for synth_design using a maximum of 1 processes.
INFO: [Synth 8-7078] Launching helper process for spawning children vivado processes
INFO: [Synth 8-7075] Helper process launched with PID 1930507
---------------------------------------------------------------------------------
Starting RTL Elaboration : Time (s): cpu = 00:00:04 ; elapsed = 00:00:04 . Memory (MB): peak = 3519.941 ; gain = 288.637 ; free physical = 10593 ; free virtual = 484761
---------------------------------------------------------------------------------
INFO: [Synth 8-6157] synthesizing module 'pfm_dynamic_krnl_vaddmul_3_0' [/home/ziyuanwang/hbm/Vitis_Accel_Examples/performance/hbm_bandwidth/_x_3cores_nopragaddadd_10.hw.xilinx_u280_xdma_201920_3/link/vivado/vpl/prj/prj.gen/my_rm/bd/bd/ip/pfm_dynamic_krnl_vaddmul_3_0/synth/pfm_dynamic_krnl_vaddmul_3_0.v:59]
INFO: [Synth 8-6157] synthesizing module 'krnl_vaddmul' [/home/ziyuanwang/hbm/Vitis_Accel_Examples/performance/hbm_bandwidth/_x_3cores_nopragaddadd_10.hw.xilinx_u280_xdma_201920_3/link/vivado/vpl/prj/prj.gen/my_rm/bd/bd/ipshared/4b42/hdl/verilog/krnl_vaddmul.v:12]
INFO: [Synth 8-6157] synthesizing module 'krnl_vaddmul_krnl_vaddmul_Pipeline_L_vops_vops1' [/home/ziyuanwang/hbm/Vitis_Accel_Examples/performance/hbm_bandwidth/_x_3cores_nopragaddadd_10.hw.xilinx_u280_xdma_201920_3/link/vivado/vpl/prj/prj.gen/my_rm/bd/bd/ipshared/4b42/hdl/verilog/krnl_vaddmul_krnl_vaddmul_Pipeline_L_vops_vops1.v:10]
INFO: [Synth 8-6157] synthesizing module 'krnl_vaddmul_flow_control_loop_pipe_sequential_init' [/home/ziyuanwang/hbm/Vitis_Accel_Examples/performance/hbm_bandwidth/_x_3cores_nopragaddadd_10.hw.xilinx_u280_xdma_201920_3/link/vivado/vpl/prj/prj.gen/my_rm/bd/bd/ipshared/4b42/hdl/verilog/krnl_vaddmul_flow_control_loop_pipe_sequential_init.v:8]
INFO: [Synth 8-6155] done synthesizing module 'krnl_vaddmul_flow_control_loop_pipe_sequential_init' (1#1) [/home/ziyuanwang/hbm/Vitis_Accel_Examples/performance/hbm_bandwidth/_x_3cores_nopragaddadd_10.hw.xilinx_u280_xdma_201920_3/link/vivado/vpl/prj/prj.gen/my_rm/bd/bd/ipshared/4b42/hdl/verilog/krnl_vaddmul_flow_control_loop_pipe_sequential_init.v:8]
INFO: [Synth 8-6155] done synthesizing module 'krnl_vaddmul_krnl_vaddmul_Pipeline_L_vops_vops1' (2#1) [/home/ziyuanwang/hbm/Vitis_Accel_Examples/performance/hbm_bandwidth/_x_3cores_nopragaddadd_10.hw.xilinx_u280_xdma_201920_3/link/vivado/vpl/prj/prj.gen/my_rm/bd/bd/ipshared/4b42/hdl/verilog/krnl_vaddmul_krnl_vaddmul_Pipeline_L_vops_vops1.v:10]
INFO: [Synth 8-6157] synthesizing module 'krnl_vaddmul_control_s_axi' [/home/ziyuanwang/hbm/Vitis_Accel_Examples/performance/hbm_bandwidth/_x_3cores_nopragaddadd_10.hw.xilinx_u280_xdma_201920_3/link/vivado/vpl/prj/prj.gen/my_rm/bd/bd/ipshared/4b42/hdl/verilog/krnl_vaddmul_control_s_axi.v:6]
INFO: [Synth 8-155] case statement is not full and has no default [/home/ziyuanwang/hbm/Vitis_Accel_Examples/performance/hbm_bandwidth/_x_3cores_nopragaddadd_10.hw.xilinx_u280_xdma_201920_3/link/vivado/vpl/prj/prj.gen/my_rm/bd/bd/ipshared/4b42/hdl/verilog/krnl_vaddmul_control_s_axi.v:250]
WARNING: [Synth 8-6014] Unused sequential element int_ap_done_reg was removed.  [/home/ziyuanwang/hbm/Vitis_Accel_Examples/performance/hbm_bandwidth/_x_3cores_nopragaddadd_10.hw.xilinx_u280_xdma_201920_3/link/vivado/vpl/prj/prj.gen/my_rm/bd/bd/ipshared/4b42/hdl/verilog/krnl_vaddmul_control_s_axi.v:331]
INFO: [Synth 8-6155] done synthesizing module 'krnl_vaddmul_control_s_axi' (3#1) [/home/ziyuanwang/hbm/Vitis_Accel_Examples/performance/hbm_bandwidth/_x_3cores_nopragaddadd_10.hw.xilinx_u280_xdma_201920_3/link/vivado/vpl/prj/prj.gen/my_rm/bd/bd/ipshared/4b42/hdl/verilog/krnl_vaddmul_control_s_axi.v:6]
INFO: [Synth 8-6157] synthesizing module 'krnl_vaddmul_gmem_m_axi' [/home/ziyuanwang/hbm/Vitis_Accel_Examples/performance/hbm_bandwidth/_x_3cores_nopragaddadd_10.hw.xilinx_u280_xdma_201920_3/link/vivado/vpl/prj/prj.gen/my_rm/bd/bd/ipshared/4b42/hdl/verilog/krnl_vaddmul_gmem_m_axi.v:8]
INFO: [Synth 8-6157] synthesizing module 'krnl_vaddmul_gmem_m_axi_write' [/home/ziyuanwang/hbm/Vitis_Accel_Examples/performance/hbm_bandwidth/_x_3cores_nopragaddadd_10.hw.xilinx_u280_xdma_201920_3/link/vivado/vpl/prj/prj.gen/my_rm/bd/bd/ipshared/4b42/hdl/verilog/krnl_vaddmul_gmem_m_axi.v:1742]
INFO: [Synth 8-6157] synthesizing module 'krnl_vaddmul_gmem_m_axi_fifo' [/home/ziyuanwang/hbm/Vitis_Accel_Examples/performance/hbm_bandwidth/_x_3cores_nopragaddadd_10.hw.xilinx_u280_xdma_201920_3/link/vivado/vpl/prj/prj.gen/my_rm/bd/bd/ipshared/4b42/hdl/verilog/krnl_vaddmul_gmem_m_axi.v:435]
INFO: [Synth 8-6155] done synthesizing module 'krnl_vaddmul_gmem_m_axi_fifo' (4#1) [/home/ziyuanwang/hbm/Vitis_Accel_Examples/performance/hbm_bandwidth/_x_3cores_nopragaddadd_10.hw.xilinx_u280_xdma_201920_3/link/vivado/vpl/prj/prj.gen/my_rm/bd/bd/ipshared/4b42/hdl/verilog/krnl_vaddmul_gmem_m_axi.v:435]
INFO: [Synth 8-6157] synthesizing module 'krnl_vaddmul_gmem_m_axi_reg_slice' [/home/ziyuanwang/hbm/Vitis_Accel_Examples/performance/hbm_bandwidth/_x_3cores_nopragaddadd_10.hw.xilinx_u280_xdma_201920_3/link/vivado/vpl/prj/prj.gen/my_rm/bd/bd/ipshared/4b42/hdl/verilog/krnl_vaddmul_gmem_m_axi.v:318]
INFO: [Synth 8-6155] done synthesizing module 'krnl_vaddmul_gmem_m_axi_reg_slice' (5#1) [/home/ziyuanwang/hbm/Vitis_Accel_Examples/performance/hbm_bandwidth/_x_3cores_nopragaddadd_10.hw.xilinx_u280_xdma_201920_3/link/vivado/vpl/prj/prj.gen/my_rm/bd/bd/ipshared/4b42/hdl/verilog/krnl_vaddmul_gmem_m_axi.v:318]
INFO: [Synth 8-6157] synthesizing module 'krnl_vaddmul_gmem_m_axi_fifo__parameterized0' [/home/ziyuanwang/hbm/Vitis_Accel_Examples/performance/hbm_bandwidth/_x_3cores_nopragaddadd_10.hw.xilinx_u280_xdma_201920_3/link/vivado/vpl/prj/prj.gen/my_rm/bd/bd/ipshared/4b42/hdl/verilog/krnl_vaddmul_gmem_m_axi.v:435]
INFO: [Synth 8-6155] done synthesizing module 'krnl_vaddmul_gmem_m_axi_fifo__parameterized0' (5#1) [/home/ziyuanwang/hbm/Vitis_Accel_Examples/performance/hbm_bandwidth/_x_3cores_nopragaddadd_10.hw.xilinx_u280_xdma_201920_3/link/vivado/vpl/prj/prj.gen/my_rm/bd/bd/ipshared/4b42/hdl/verilog/krnl_vaddmul_gmem_m_axi.v:435]
INFO: [Synth 8-6157] synthesizing module 'krnl_vaddmul_gmem_m_axi_buffer' [/home/ziyuanwang/hbm/Vitis_Accel_Examples/performance/hbm_bandwidth/_x_3cores_nopragaddadd_10.hw.xilinx_u280_xdma_201920_3/link/vivado/vpl/prj/prj.gen/my_rm/bd/bd/ipshared/4b42/hdl/verilog/krnl_vaddmul_gmem_m_axi.v:546]
WARNING: [Synth 8-589] replacing case/wildcard equality operator === with logical equality operator == [/home/ziyuanwang/hbm/Vitis_Accel_Examples/performance/hbm_bandwidth/_x_3cores_nopragaddadd_10.hw.xilinx_u280_xdma_201920_3/link/vivado/vpl/prj/prj.gen/my_rm/bd/bd/ipshared/4b42/hdl/verilog/krnl_vaddmul_gmem_m_axi.v:600]
INFO: [Synth 8-6155] done synthesizing module 'krnl_vaddmul_gmem_m_axi_buffer' (6#1) [/home/ziyuanwang/hbm/Vitis_Accel_Examples/performance/hbm_bandwidth/_x_3cores_nopragaddadd_10.hw.xilinx_u280_xdma_201920_3/link/vivado/vpl/prj/prj.gen/my_rm/bd/bd/ipshared/4b42/hdl/verilog/krnl_vaddmul_gmem_m_axi.v:546]
INFO: [Synth 8-6157] synthesizing module 'krnl_vaddmul_gmem_m_axi_fifo__parameterized1' [/home/ziyuanwang/hbm/Vitis_Accel_Examples/performance/hbm_bandwidth/_x_3cores_nopragaddadd_10.hw.xilinx_u280_xdma_201920_3/link/vivado/vpl/prj/prj.gen/my_rm/bd/bd/ipshared/4b42/hdl/verilog/krnl_vaddmul_gmem_m_axi.v:435]
INFO: [Synth 8-6155] done synthesizing module 'krnl_vaddmul_gmem_m_axi_fifo__parameterized1' (6#1) [/home/ziyuanwang/hbm/Vitis_Accel_Examples/performance/hbm_bandwidth/_x_3cores_nopragaddadd_10.hw.xilinx_u280_xdma_201920_3/link/vivado/vpl/prj/prj.gen/my_rm/bd/bd/ipshared/4b42/hdl/verilog/krnl_vaddmul_gmem_m_axi.v:435]
INFO: [Synth 8-6157] synthesizing module 'krnl_vaddmul_gmem_m_axi_fifo__parameterized2' [/home/ziyuanwang/hbm/Vitis_Accel_Examples/performance/hbm_bandwidth/_x_3cores_nopragaddadd_10.hw.xilinx_u280_xdma_201920_3/link/vivado/vpl/prj/prj.gen/my_rm/bd/bd/ipshared/4b42/hdl/verilog/krnl_vaddmul_gmem_m_axi.v:435]
INFO: [Synth 8-6155] done synthesizing module 'krnl_vaddmul_gmem_m_axi_fifo__parameterized2' (6#1) [/home/ziyuanwang/hbm/Vitis_Accel_Examples/performance/hbm_bandwidth/_x_3cores_nopragaddadd_10.hw.xilinx_u280_xdma_201920_3/link/vivado/vpl/prj/prj.gen/my_rm/bd/bd/ipshared/4b42/hdl/verilog/krnl_vaddmul_gmem_m_axi.v:435]
WARNING: [Synth 8-6014] Unused sequential element sect_end_buf_reg was removed.  [/home/ziyuanwang/hbm/Vitis_Accel_Examples/performance/hbm_bandwidth/_x_3cores_nopragaddadd_10.hw.xilinx_u280_xdma_201920_3/link/vivado/vpl/prj/prj.gen/my_rm/bd/bd/ipshared/4b42/hdl/verilog/krnl_vaddmul_gmem_m_axi.v:2111]
INFO: [Synth 8-6155] done synthesizing module 'krnl_vaddmul_gmem_m_axi_write' (7#1) [/home/ziyuanwang/hbm/Vitis_Accel_Examples/performance/hbm_bandwidth/_x_3cores_nopragaddadd_10.hw.xilinx_u280_xdma_201920_3/link/vivado/vpl/prj/prj.gen/my_rm/bd/bd/ipshared/4b42/hdl/verilog/krnl_vaddmul_gmem_m_axi.v:1742]
INFO: [Synth 8-6157] synthesizing module 'krnl_vaddmul_gmem_m_axi_read' [/home/ziyuanwang/hbm/Vitis_Accel_Examples/performance/hbm_bandwidth/_x_3cores_nopragaddadd_10.hw.xilinx_u280_xdma_201920_3/link/vivado/vpl/prj/prj.gen/my_rm/bd/bd/ipshared/4b42/hdl/verilog/krnl_vaddmul_gmem_m_axi.v:951]
INFO: [Synth 8-6157] synthesizing module 'krnl_vaddmul_gmem_m_axi_buffer__parameterized0' [/home/ziyuanwang/hbm/Vitis_Accel_Examples/performance/hbm_bandwidth/_x_3cores_nopragaddadd_10.hw.xilinx_u280_xdma_201920_3/link/vivado/vpl/prj/prj.gen/my_rm/bd/bd/ipshared/4b42/hdl/verilog/krnl_vaddmul_gmem_m_axi.v:546]
WARNING: [Synth 8-589] replacing case/wildcard equality operator === with logical equality operator == [/home/ziyuanwang/hbm/Vitis_Accel_Examples/performance/hbm_bandwidth/_x_3cores_nopragaddadd_10.hw.xilinx_u280_xdma_201920_3/link/vivado/vpl/prj/prj.gen/my_rm/bd/bd/ipshared/4b42/hdl/verilog/krnl_vaddmul_gmem_m_axi.v:600]
INFO: [Synth 8-6155] done synthesizing module 'krnl_vaddmul_gmem_m_axi_buffer__parameterized0' (7#1) [/home/ziyuanwang/hbm/Vitis_Accel_Examples/performance/hbm_bandwidth/_x_3cores_nopragaddadd_10.hw.xilinx_u280_xdma_201920_3/link/vivado/vpl/prj/prj.gen/my_rm/bd/bd/ipshared/4b42/hdl/verilog/krnl_vaddmul_gmem_m_axi.v:546]
INFO: [Synth 8-6157] synthesizing module 'krnl_vaddmul_gmem_m_axi_reg_slice__parameterized0' [/home/ziyuanwang/hbm/Vitis_Accel_Examples/performance/hbm_bandwidth/_x_3cores_nopragaddadd_10.hw.xilinx_u280_xdma_201920_3/link/vivado/vpl/prj/prj.gen/my_rm/bd/bd/ipshared/4b42/hdl/verilog/krnl_vaddmul_gmem_m_axi.v:318]
INFO: [Synth 8-6155] done synthesizing module 'krnl_vaddmul_gmem_m_axi_reg_slice__parameterized0' (7#1) [/home/ziyuanwang/hbm/Vitis_Accel_Examples/performance/hbm_bandwidth/_x_3cores_nopragaddadd_10.hw.xilinx_u280_xdma_201920_3/link/vivado/vpl/prj/prj.gen/my_rm/bd/bd/ipshared/4b42/hdl/verilog/krnl_vaddmul_gmem_m_axi.v:318]
WARNING: [Synth 8-6014] Unused sequential element sect_end_buf_reg was removed.  [/home/ziyuanwang/hbm/Vitis_Accel_Examples/performance/hbm_bandwidth/_x_3cores_nopragaddadd_10.hw.xilinx_u280_xdma_201920_3/link/vivado/vpl/prj/prj.gen/my_rm/bd/bd/ipshared/4b42/hdl/verilog/krnl_vaddmul_gmem_m_axi.v:1237]
INFO: [Synth 8-6155] done synthesizing module 'krnl_vaddmul_gmem_m_axi_read' (8#1) [/home/ziyuanwang/hbm/Vitis_Accel_Examples/performance/hbm_bandwidth/_x_3cores_nopragaddadd_10.hw.xilinx_u280_xdma_201920_3/link/vivado/vpl/prj/prj.gen/my_rm/bd/bd/ipshared/4b42/hdl/verilog/krnl_vaddmul_gmem_m_axi.v:951]
INFO: [Synth 8-6157] synthesizing module 'krnl_vaddmul_gmem_m_axi_throttle' [/home/ziyuanwang/hbm/Vitis_Accel_Examples/performance/hbm_bandwidth/_x_3cores_nopragaddadd_10.hw.xilinx_u280_xdma_201920_3/link/vivado/vpl/prj/prj.gen/my_rm/bd/bd/ipshared/4b42/hdl/verilog/krnl_vaddmul_gmem_m_axi.v:728]
INFO: [Synth 8-6157] synthesizing module 'krnl_vaddmul_gmem_m_axi_reg_slice__parameterized1' [/home/ziyuanwang/hbm/Vitis_Accel_Examples/performance/hbm_bandwidth/_x_3cores_nopragaddadd_10.hw.xilinx_u280_xdma_201920_3/link/vivado/vpl/prj/prj.gen/my_rm/bd/bd/ipshared/4b42/hdl/verilog/krnl_vaddmul_gmem_m_axi.v:318]
INFO: [Synth 8-6155] done synthesizing module 'krnl_vaddmul_gmem_m_axi_reg_slice__parameterized1' (8#1) [/home/ziyuanwang/hbm/Vitis_Accel_Examples/performance/hbm_bandwidth/_x_3cores_nopragaddadd_10.hw.xilinx_u280_xdma_201920_3/link/vivado/vpl/prj/prj.gen/my_rm/bd/bd/ipshared/4b42/hdl/verilog/krnl_vaddmul_gmem_m_axi.v:318]
INFO: [Synth 8-6157] synthesizing module 'krnl_vaddmul_gmem_m_axi_fifo__parameterized3' [/home/ziyuanwang/hbm/Vitis_Accel_Examples/performance/hbm_bandwidth/_x_3cores_nopragaddadd_10.hw.xilinx_u280_xdma_201920_3/link/vivado/vpl/prj/prj.gen/my_rm/bd/bd/ipshared/4b42/hdl/verilog/krnl_vaddmul_gmem_m_axi.v:435]
INFO: [Synth 8-6155] done synthesizing module 'krnl_vaddmul_gmem_m_axi_fifo__parameterized3' (8#1) [/home/ziyuanwang/hbm/Vitis_Accel_Examples/performance/hbm_bandwidth/_x_3cores_nopragaddadd_10.hw.xilinx_u280_xdma_201920_3/link/vivado/vpl/prj/prj.gen/my_rm/bd/bd/ipshared/4b42/hdl/verilog/krnl_vaddmul_gmem_m_axi.v:435]
INFO: [Synth 8-6157] synthesizing module 'krnl_vaddmul_gmem_m_axi_fifo__parameterized4' [/home/ziyuanwang/hbm/Vitis_Accel_Examples/performance/hbm_bandwidth/_x_3cores_nopragaddadd_10.hw.xilinx_u280_xdma_201920_3/link/vivado/vpl/prj/prj.gen/my_rm/bd/bd/ipshared/4b42/hdl/verilog/krnl_vaddmul_gmem_m_axi.v:435]
INFO: [Synth 8-6155] done synthesizing module 'krnl_vaddmul_gmem_m_axi_fifo__parameterized4' (8#1) [/home/ziyuanwang/hbm/Vitis_Accel_Examples/performance/hbm_bandwidth/_x_3cores_nopragaddadd_10.hw.xilinx_u280_xdma_201920_3/link/vivado/vpl/prj/prj.gen/my_rm/bd/bd/ipshared/4b42/hdl/verilog/krnl_vaddmul_gmem_m_axi.v:435]
INFO: [Synth 8-6155] done synthesizing module 'krnl_vaddmul_gmem_m_axi_throttle' (9#1) [/home/ziyuanwang/hbm/Vitis_Accel_Examples/performance/hbm_bandwidth/_x_3cores_nopragaddadd_10.hw.xilinx_u280_xdma_201920_3/link/vivado/vpl/prj/prj.gen/my_rm/bd/bd/ipshared/4b42/hdl/verilog/krnl_vaddmul_gmem_m_axi.v:728]
INFO: [Synth 8-6155] done synthesizing module 'krnl_vaddmul_gmem_m_axi' (10#1) [/home/ziyuanwang/hbm/Vitis_Accel_Examples/performance/hbm_bandwidth/_x_3cores_nopragaddadd_10.hw.xilinx_u280_xdma_201920_3/link/vivado/vpl/prj/prj.gen/my_rm/bd/bd/ipshared/4b42/hdl/verilog/krnl_vaddmul_gmem_m_axi.v:8]
INFO: [Synth 8-6157] synthesizing module 'krnl_vaddmul_mul_32ns_34ns_65_2_1' [/home/ziyuanwang/hbm/Vitis_Accel_Examples/performance/hbm_bandwidth/_x_3cores_nopragaddadd_10.hw.xilinx_u280_xdma_201920_3/link/vivado/vpl/prj/prj.gen/my_rm/bd/bd/ipshared/4b42/hdl/verilog/krnl_vaddmul_mul_32ns_34ns_65_2_1.v:9]
INFO: [Synth 8-6155] done synthesizing module 'krnl_vaddmul_mul_32ns_34ns_65_2_1' (11#1) [/home/ziyuanwang/hbm/Vitis_Accel_Examples/performance/hbm_bandwidth/_x_3cores_nopragaddadd_10.hw.xilinx_u280_xdma_201920_3/link/vivado/vpl/prj/prj.gen/my_rm/bd/bd/ipshared/4b42/hdl/verilog/krnl_vaddmul_mul_32ns_34ns_65_2_1.v:9]
INFO: [Synth 8-6157] synthesizing module 'krnl_vaddmul_mul_32ns_29ns_61_2_1' [/home/ziyuanwang/hbm/Vitis_Accel_Examples/performance/hbm_bandwidth/_x_3cores_nopragaddadd_10.hw.xilinx_u280_xdma_201920_3/link/vivado/vpl/prj/prj.gen/my_rm/bd/bd/ipshared/4b42/hdl/verilog/krnl_vaddmul_mul_32ns_29ns_61_2_1.v:9]
INFO: [Synth 8-6155] done synthesizing module 'krnl_vaddmul_mul_32ns_29ns_61_2_1' (12#1) [/home/ziyuanwang/hbm/Vitis_Accel_Examples/performance/hbm_bandwidth/_x_3cores_nopragaddadd_10.hw.xilinx_u280_xdma_201920_3/link/vivado/vpl/prj/prj.gen/my_rm/bd/bd/ipshared/4b42/hdl/verilog/krnl_vaddmul_mul_32ns_29ns_61_2_1.v:9]
INFO: [Synth 8-6155] done synthesizing module 'krnl_vaddmul' (13#1) [/home/ziyuanwang/hbm/Vitis_Accel_Examples/performance/hbm_bandwidth/_x_3cores_nopragaddadd_10.hw.xilinx_u280_xdma_201920_3/link/vivado/vpl/prj/prj.gen/my_rm/bd/bd/ipshared/4b42/hdl/verilog/krnl_vaddmul.v:12]
INFO: [Synth 8-6155] done synthesizing module 'pfm_dynamic_krnl_vaddmul_3_0' (14#1) [/home/ziyuanwang/hbm/Vitis_Accel_Examples/performance/hbm_bandwidth/_x_3cores_nopragaddadd_10.hw.xilinx_u280_xdma_201920_3/link/vivado/vpl/prj/prj.gen/my_rm/bd/bd/ip/pfm_dynamic_krnl_vaddmul_3_0/synth/pfm_dynamic_krnl_vaddmul_3_0.v:59]
WARNING: [Synth 8-7129] Port reset in module krnl_vaddmul_mul_32ns_29ns_61_2_1 is either unconnected or has no load
WARNING: [Synth 8-7129] Port reset in module krnl_vaddmul_mul_32ns_34ns_65_2_1 is either unconnected or has no load
WARNING: [Synth 8-7129] Port in_BUS_RID[0] in module krnl_vaddmul_gmem_m_axi_read is either unconnected or has no load
WARNING: [Synth 8-7129] Port in_BUS_RUSER[0] in module krnl_vaddmul_gmem_m_axi_read is either unconnected or has no load
WARNING: [Synth 8-7129] Port in_HLS_ARCACHE[3] in module krnl_vaddmul_gmem_m_axi_read is either unconnected or has no load
WARNING: [Synth 8-7129] Port in_HLS_ARCACHE[2] in module krnl_vaddmul_gmem_m_axi_read is either unconnected or has no load
WARNING: [Synth 8-7129] Port in_HLS_ARCACHE[1] in module krnl_vaddmul_gmem_m_axi_read is either unconnected or has no load
WARNING: [Synth 8-7129] Port in_HLS_ARCACHE[0] in module krnl_vaddmul_gmem_m_axi_read is either unconnected or has no load
WARNING: [Synth 8-7129] Port in_HLS_ARPROT[2] in module krnl_vaddmul_gmem_m_axi_read is either unconnected or has no load
WARNING: [Synth 8-7129] Port in_HLS_ARPROT[1] in module krnl_vaddmul_gmem_m_axi_read is either unconnected or has no load
WARNING: [Synth 8-7129] Port in_HLS_ARPROT[0] in module krnl_vaddmul_gmem_m_axi_read is either unconnected or has no load
WARNING: [Synth 8-7129] Port in_HLS_ARUSER[0] in module krnl_vaddmul_gmem_m_axi_read is either unconnected or has no load
WARNING: [Synth 8-7129] Port in_BUS_BID[0] in module krnl_vaddmul_gmem_m_axi_write is either unconnected or has no load
WARNING: [Synth 8-7129] Port in_BUS_BUSER[0] in module krnl_vaddmul_gmem_m_axi_write is either unconnected or has no load
WARNING: [Synth 8-7129] Port in_HLS_AWCACHE[3] in module krnl_vaddmul_gmem_m_axi_write is either unconnected or has no load
WARNING: [Synth 8-7129] Port in_HLS_AWCACHE[2] in module krnl_vaddmul_gmem_m_axi_write is either unconnected or has no load
WARNING: [Synth 8-7129] Port in_HLS_AWCACHE[1] in module krnl_vaddmul_gmem_m_axi_write is either unconnected or has no load
WARNING: [Synth 8-7129] Port in_HLS_AWCACHE[0] in module krnl_vaddmul_gmem_m_axi_write is either unconnected or has no load
WARNING: [Synth 8-7129] Port in_HLS_AWPROT[2] in module krnl_vaddmul_gmem_m_axi_write is either unconnected or has no load
WARNING: [Synth 8-7129] Port in_HLS_AWPROT[1] in module krnl_vaddmul_gmem_m_axi_write is either unconnected or has no load
WARNING: [Synth 8-7129] Port in_HLS_AWPROT[0] in module krnl_vaddmul_gmem_m_axi_write is either unconnected or has no load
WARNING: [Synth 8-7129] Port in_HLS_AWUSER[0] in module krnl_vaddmul_gmem_m_axi_write is either unconnected or has no load
WARNING: [Synth 8-7129] Port in_HLS_WUSER[0] in module krnl_vaddmul_gmem_m_axi_write is either unconnected or has no load
WARNING: [Synth 8-7129] Port I_AWID[0] in module krnl_vaddmul_gmem_m_axi is either unconnected or has no load
WARNING: [Synth 8-7129] Port I_AWSIZE[2] in module krnl_vaddmul_gmem_m_axi is either unconnected or has no load
WARNING: [Synth 8-7129] Port I_AWSIZE[1] in module krnl_vaddmul_gmem_m_axi is either unconnected or has no load
WARNING: [Synth 8-7129] Port I_AWSIZE[0] in module krnl_vaddmul_gmem_m_axi is either unconnected or has no load
WARNING: [Synth 8-7129] Port I_AWBURST[1] in module krnl_vaddmul_gmem_m_axi is either unconnected or has no load
WARNING: [Synth 8-7129] Port I_AWBURST[0] in module krnl_vaddmul_gmem_m_axi is either unconnected or has no load
WARNING: [Synth 8-7129] Port I_AWLOCK[1] in module krnl_vaddmul_gmem_m_axi is either unconnected or has no load
WARNING: [Synth 8-7129] Port I_AWLOCK[0] in module krnl_vaddmul_gmem_m_axi is either unconnected or has no load
WARNING: [Synth 8-7129] Port I_WID[0] in module krnl_vaddmul_gmem_m_axi is either unconnected or has no load
WARNING: [Synth 8-7129] Port I_WLAST in module krnl_vaddmul_gmem_m_axi is either unconnected or has no load
WARNING: [Synth 8-7129] Port I_ARID[0] in module krnl_vaddmul_gmem_m_axi is either unconnected or has no load
WARNING: [Synth 8-7129] Port I_ARSIZE[2] in module krnl_vaddmul_gmem_m_axi is either unconnected or has no load
WARNING: [Synth 8-7129] Port I_ARSIZE[1] in module krnl_vaddmul_gmem_m_axi is either unconnected or has no load
WARNING: [Synth 8-7129] Port I_ARSIZE[0] in module krnl_vaddmul_gmem_m_axi is either unconnected or has no load
WARNING: [Synth 8-7129] Port I_ARBURST[1] in module krnl_vaddmul_gmem_m_axi is either unconnected or has no load
WARNING: [Synth 8-7129] Port I_ARBURST[0] in module krnl_vaddmul_gmem_m_axi is either unconnected or has no load
WARNING: [Synth 8-7129] Port I_ARLOCK[1] in module krnl_vaddmul_gmem_m_axi is either unconnected or has no load
WARNING: [Synth 8-7129] Port I_ARLOCK[0] in module krnl_vaddmul_gmem_m_axi is either unconnected or has no load
WARNING: [Synth 8-7129] Port m_axi_gmem_RLAST in module krnl_vaddmul_krnl_vaddmul_Pipeline_L_vops_vops1 is either unconnected or has no load
WARNING: [Synth 8-7129] Port m_axi_gmem_RID[0] in module krnl_vaddmul_krnl_vaddmul_Pipeline_L_vops_vops1 is either unconnected or has no load
WARNING: [Synth 8-7129] Port m_axi_gmem_RFIFONUM[8] in module krnl_vaddmul_krnl_vaddmul_Pipeline_L_vops_vops1 is either unconnected or has no load
WARNING: [Synth 8-7129] Port m_axi_gmem_RFIFONUM[7] in module krnl_vaddmul_krnl_vaddmul_Pipeline_L_vops_vops1 is either unconnected or has no load
WARNING: [Synth 8-7129] Port m_axi_gmem_RFIFONUM[6] in module krnl_vaddmul_krnl_vaddmul_Pipeline_L_vops_vops1 is either unconnected or has no load
WARNING: [Synth 8-7129] Port m_axi_gmem_RFIFONUM[5] in module krnl_vaddmul_krnl_vaddmul_Pipeline_L_vops_vops1 is either unconnected or has no load
WARNING: [Synth 8-7129] Port m_axi_gmem_RFIFONUM[4] in module krnl_vaddmul_krnl_vaddmul_Pipeline_L_vops_vops1 is either unconnected or has no load
WARNING: [Synth 8-7129] Port m_axi_gmem_RFIFONUM[3] in module krnl_vaddmul_krnl_vaddmul_Pipeline_L_vops_vops1 is either unconnected or has no load
WARNING: [Synth 8-7129] Port m_axi_gmem_RFIFONUM[2] in module krnl_vaddmul_krnl_vaddmul_Pipeline_L_vops_vops1 is either unconnected or has no load
WARNING: [Synth 8-7129] Port m_axi_gmem_RFIFONUM[1] in module krnl_vaddmul_krnl_vaddmul_Pipeline_L_vops_vops1 is either unconnected or has no load
WARNING: [Synth 8-7129] Port m_axi_gmem_RFIFONUM[0] in module krnl_vaddmul_krnl_vaddmul_Pipeline_L_vops_vops1 is either unconnected or has no load
WARNING: [Synth 8-7129] Port m_axi_gmem_RUSER[0] in module krnl_vaddmul_krnl_vaddmul_Pipeline_L_vops_vops1 is either unconnected or has no load
WARNING: [Synth 8-7129] Port m_axi_gmem_RRESP[1] in module krnl_vaddmul_krnl_vaddmul_Pipeline_L_vops_vops1 is either unconnected or has no load
WARNING: [Synth 8-7129] Port m_axi_gmem_RRESP[0] in module krnl_vaddmul_krnl_vaddmul_Pipeline_L_vops_vops1 is either unconnected or has no load
WARNING: [Synth 8-7129] Port m_axi_gmem_BRESP[1] in module krnl_vaddmul_krnl_vaddmul_Pipeline_L_vops_vops1 is either unconnected or has no load
WARNING: [Synth 8-7129] Port m_axi_gmem_BRESP[0] in module krnl_vaddmul_krnl_vaddmul_Pipeline_L_vops_vops1 is either unconnected or has no load
WARNING: [Synth 8-7129] Port m_axi_gmem_BID[0] in module krnl_vaddmul_krnl_vaddmul_Pipeline_L_vops_vops1 is either unconnected or has no load
WARNING: [Synth 8-7129] Port m_axi_gmem_BUSER[0] in module krnl_vaddmul_krnl_vaddmul_Pipeline_L_vops_vops1 is either unconnected or has no load
---------------------------------------------------------------------------------
Finished RTL Elaboration : Time (s): cpu = 00:00:07 ; elapsed = 00:00:08 . Memory (MB): peak = 3626.879 ; gain = 395.574 ; free physical = 11127 ; free virtual = 485298
---------------------------------------------------------------------------------
---------------------------------------------------------------------------------
Start Handling Custom Attributes
---------------------------------------------------------------------------------
---------------------------------------------------------------------------------
Finished Handling Custom Attributes : Time (s): cpu = 00:00:09 ; elapsed = 00:00:12 . Memory (MB): peak = 3641.723 ; gain = 410.418 ; free physical = 11110 ; free virtual = 485280
---------------------------------------------------------------------------------
---------------------------------------------------------------------------------
Finished RTL Optimization Phase 1 : Time (s): cpu = 00:00:09 ; elapsed = 00:00:12 . Memory (MB): peak = 3641.723 ; gain = 410.418 ; free physical = 11110 ; free virtual = 485280
---------------------------------------------------------------------------------
Netlist sorting complete. Time (s): cpu = 00:00:00.54 ; elapsed = 00:00:00.54 . Memory (MB): peak = 3641.723 ; gain = 0.000 ; free physical = 11050 ; free virtual = 485220
INFO: [Project 1-570] Preparing netlist for logic optimization

Processing XDC Constraints
Initializing timing engine
Parsing XDC File [/home/ziyuanwang/hbm/Vitis_Accel_Examples/performance/hbm_bandwidth/_x_3cores_nopragaddadd_10.hw.xilinx_u280_xdma_201920_3/link/vivado/vpl/prj/prj.gen/my_rm/bd/bd/ip/pfm_dynamic_krnl_vaddmul_3_0/constraints/krnl_vaddmul_ooc.xdc] for cell 'inst'
create_clock: Time (s): cpu = 00:00:05 ; elapsed = 00:00:05 . Memory (MB): peak = 3864.754 ; gain = 24.750 ; free physical = 10836 ; free virtual = 485006
Finished Parsing XDC File [/home/ziyuanwang/hbm/Vitis_Accel_Examples/performance/hbm_bandwidth/_x_3cores_nopragaddadd_10.hw.xilinx_u280_xdma_201920_3/link/vivado/vpl/prj/prj.gen/my_rm/bd/bd/ip/pfm_dynamic_krnl_vaddmul_3_0/constraints/krnl_vaddmul_ooc.xdc] for cell 'inst'
Parsing XDC File [/home/ziyuanwang/hbm/Vitis_Accel_Examples/performance/hbm_bandwidth/_x_3cores_nopragaddadd_10.hw.xilinx_u280_xdma_201920_3/link/vivado/vpl/prj/prj.runs/pfm_dynamic_krnl_vaddmul_3_0_synth_1/dont_touch.xdc]
Finished Parsing XDC File [/home/ziyuanwang/hbm/Vitis_Accel_Examples/performance/hbm_bandwidth/_x_3cores_nopragaddadd_10.hw.xilinx_u280_xdma_201920_3/link/vivado/vpl/prj/prj.runs/pfm_dynamic_krnl_vaddmul_3_0_synth_1/dont_touch.xdc]
Completed Processing XDC Constraints

Netlist sorting complete. Time (s): cpu = 00:00:00 ; elapsed = 00:00:00 . Memory (MB): peak = 3864.754 ; gain = 0.000 ; free physical = 10834 ; free virtual = 485004
INFO: [Project 1-111] Unisim Transformation Summary:
No Unisim elements were transformed.

Constraint Validation Runtime : Time (s): cpu = 00:00:01 ; elapsed = 00:00:01 . Memory (MB): peak = 3884.598 ; gain = 19.844 ; free physical = 10827 ; free virtual = 484997
---------------------------------------------------------------------------------
Finished Constraint Validation : Time (s): cpu = 00:00:28 ; elapsed = 00:00:33 . Memory (MB): peak = 3884.598 ; gain = 653.293 ; free physical = 11081 ; free virtual = 485252
---------------------------------------------------------------------------------
---------------------------------------------------------------------------------
Start Loading Part and Timing Information
---------------------------------------------------------------------------------
Loading part: xcu280-fsvh2892-2L-e
INFO: [Synth 8-6742] Reading net delay rules and data
---------------------------------------------------------------------------------
Finished Loading Part and Timing Information : Time (s): cpu = 00:00:28 ; elapsed = 00:00:33 . Memory (MB): peak = 3884.598 ; gain = 653.293 ; free physical = 11081 ; free virtual = 485252
---------------------------------------------------------------------------------
---------------------------------------------------------------------------------
Start Applying 'set_property' XDC Constraints
---------------------------------------------------------------------------------
Applied set_property KEEP_HIERARCHY = SOFT for inst. (constraint file  /home/ziyuanwang/hbm/Vitis_Accel_Examples/performance/hbm_bandwidth/_x_3cores_nopragaddadd_10.hw.xilinx_u280_xdma_201920_3/link/vivado/vpl/prj/prj.runs/pfm_dynamic_krnl_vaddmul_3_0_synth_1/dont_touch.xdc, line 9).
---------------------------------------------------------------------------------
Finished applying 'set_property' XDC Constraints : Time (s): cpu = 00:00:28 ; elapsed = 00:00:33 . Memory (MB): peak = 3884.598 ; gain = 653.293 ; free physical = 11080 ; free virtual = 485251
---------------------------------------------------------------------------------
INFO: [Synth 8-4490] FSM extraction disabled for register 'ap_CS_fsm_reg' through user attribute
INFO: [Synth 8-802] inferred FSM for state register 'wstate_reg' in module 'krnl_vaddmul_control_s_axi'
INFO: [Synth 8-802] inferred FSM for state register 'rstate_reg' in module 'krnl_vaddmul_control_s_axi'
INFO: [Synth 8-802] inferred FSM for state register 'state_reg' in module 'krnl_vaddmul_gmem_m_axi_reg_slice'
INFO: [Synth 8-802] inferred FSM for state register 'state_reg' in module 'krnl_vaddmul_gmem_m_axi_reg_slice__parameterized0'
INFO: [Synth 8-802] inferred FSM for state register 'state_reg' in module 'krnl_vaddmul_gmem_m_axi_reg_slice__parameterized1'
INFO: [Synth 8-4490] FSM extraction disabled for register 'ap_CS_fsm_reg' through user attribute
---------------------------------------------------------------------------------------------------
                   State |                     New Encoding |                Previous Encoding 
---------------------------------------------------------------------------------------------------
                  iSTATE |                             0001 |                               11
*
                  WRIDLE |                             0010 |                               00
                  WRDATA |                             0100 |                               01
                  WRRESP |                             1000 |                               10
---------------------------------------------------------------------------------------------------
INFO: [Synth 8-3354] encoded FSM with state register 'wstate_reg' using encoding 'one-hot' in module 'krnl_vaddmul_control_s_axi'
---------------------------------------------------------------------------------------------------
                   State |                     New Encoding |                Previous Encoding 
---------------------------------------------------------------------------------------------------
                  iSTATE |                              001 |                               10
*
                  RDIDLE |                              010 |                               00
                  RDDATA |                              100 |                               01
---------------------------------------------------------------------------------------------------
INFO: [Synth 8-3354] encoded FSM with state register 'rstate_reg' using encoding 'one-hot' in module 'krnl_vaddmul_control_s_axi'
---------------------------------------------------------------------------------------------------
                   State |                     New Encoding |                Previous Encoding 
---------------------------------------------------------------------------------------------------
                    ZERO |                               00 |                               10
                     ONE |                               10 |                               11
                     TWO |                               01 |                               01
---------------------------------------------------------------------------------------------------
INFO: [Synth 8-3354] encoded FSM with state register 'state_reg' using encoding 'sequential' in module 'krnl_vaddmul_gmem_m_axi_reg_slice'
---------------------------------------------------------------------------------------------------
                   State |                     New Encoding |                Previous Encoding 
---------------------------------------------------------------------------------------------------
                    ZERO |                               00 |                               10
                     ONE |                               10 |                               11
                     TWO |                               01 |                               01
---------------------------------------------------------------------------------------------------
INFO: [Synth 8-3354] encoded FSM with state register 'state_reg' using encoding 'sequential' in module 'krnl_vaddmul_gmem_m_axi_reg_slice__parameterized0'
---------------------------------------------------------------------------------------------------
                   State |                     New Encoding |                Previous Encoding 
---------------------------------------------------------------------------------------------------
                    ZERO |                               00 |                               10
                     ONE |                               10 |                               11
                     TWO |                               01 |                               01
---------------------------------------------------------------------------------------------------
INFO: [Synth 8-3354] encoded FSM with state register 'state_reg' using encoding 'sequential' in module 'krnl_vaddmul_gmem_m_axi_reg_slice__parameterized1'
---------------------------------------------------------------------------------
Finished RTL Optimization Phase 2 : Time (s): cpu = 00:00:31 ; elapsed = 00:00:36 . Memory (MB): peak = 3884.598 ; gain = 653.293 ; free physical = 11085 ; free virtual = 485258
---------------------------------------------------------------------------------
---------------------------------------------------------------------------------
Start RTL Component Statistics 
---------------------------------------------------------------------------------
Detailed RTL Component Info : 
+---Adders : 
	   2 Input   64 Bit       Adders := 8     
	   2 Input   52 Bit       Adders := 2     
	   2 Input   34 Bit       Adders := 1     
	   2 Input   32 Bit       Adders := 13    
	   2 Input   29 Bit       Adders := 2     
	   2 Input   12 Bit       Adders := 2     
	   2 Input    9 Bit       Adders := 6     
	   3 Input    9 Bit       Adders := 1     
	   2 Input    8 Bit       Adders := 5     
	   2 Input    7 Bit       Adders := 4     
	   2 Input    6 Bit       Adders := 4     
	   3 Input    6 Bit       Adders := 1     
	   2 Input    5 Bit       Adders := 1     
	   2 Input    4 Bit       Adders := 4     
	   2 Input    2 Bit       Adders := 2     
+---XORs : 
	   2 Input      1 Bit         XORs := 3     
+---Registers : 
	              577 Bit    Registers := 1     
	              576 Bit    Registers := 3     
	              515 Bit    Registers := 3     
	              514 Bit    Registers := 2     
	              512 Bit    Registers := 26    
	              504 Bit    Registers := 1     
	              320 Bit    Registers := 1     
	              312 Bit    Registers := 2     
	               96 Bit    Registers := 6     
	               72 Bit    Registers := 3     
	               65 Bit    Registers := 1     
	               64 Bit    Registers := 13    
	               61 Bit    Registers := 2     
	               58 Bit    Registers := 4     
	               52 Bit    Registers := 2     
	               39 Bit    Registers := 2     
	               32 Bit    Registers := 34    
	               30 Bit    Registers := 1     
	               29 Bit    Registers := 4     
	                9 Bit    Registers := 2     
	                8 Bit    Registers := 6     
	                7 Bit    Registers := 6     
	                6 Bit    Registers := 49    
	                5 Bit    Registers := 1     
	                4 Bit    Registers := 5     
	                3 Bit    Registers := 21    
	                2 Bit    Registers := 20    
	                1 Bit    Registers := 226   
+---Multipliers : 
	              32x34  Multipliers := 1     
	              29x32  Multipliers := 1     
+---RAMs : 
	             144K Bit	(256 X 576 bit)          RAMs := 1     
	             128K Bit	(256 X 515 bit)          RAMs := 1     
+---Muxes : 
	   2 Input  576 Bit        Muxes := 1     
	   2 Input  515 Bit        Muxes := 1     
	   2 Input  514 Bit        Muxes := 1     
	   2 Input  512 Bit        Muxes := 5     
	   2 Input   96 Bit        Muxes := 2     
	   2 Input   72 Bit        Muxes := 1     
	   2 Input   64 Bit        Muxes := 13    
	   2 Input   52 Bit        Muxes := 2     
	   2 Input   32 Bit        Muxes := 2     
	   4 Input   12 Bit        Muxes := 2     
	   2 Input    9 Bit        Muxes := 5     
	   2 Input    8 Bit        Muxes := 10    
	   4 Input    8 Bit        Muxes := 2     
	   2 Input    7 Bit        Muxes := 1     
	   8 Input    7 Bit        Muxes := 1     
	   2 Input    6 Bit        Muxes := 8     
	   2 Input    5 Bit        Muxes := 1     
	   3 Input    4 Bit        Muxes := 1     
	   2 Input    4 Bit        Muxes := 5     
	   4 Input    4 Bit        Muxes := 1     
	   2 Input    3 Bit        Muxes := 3     
	   3 Input    3 Bit        Muxes := 1     
	   2 Input    2 Bit        Muxes := 76    
	   3 Input    2 Bit        Muxes := 28    
	   4 Input    2 Bit        Muxes := 5     
	   5 Input    2 Bit        Muxes := 1     
	   2 Input    1 Bit        Muxes := 80    
---------------------------------------------------------------------------------
Finished RTL Component Statistics 
---------------------------------------------------------------------------------
---------------------------------------------------------------------------------
Start Part Resource Summary
---------------------------------------------------------------------------------
Part Resources:
DSPs: 9024 (col length:94)
BRAMs: 4032 (col length: RAMB18 288 RAMB36 144)
---------------------------------------------------------------------------------
Finished Part Resource Summary
---------------------------------------------------------------------------------
---------------------------------------------------------------------------------
Start Cross Boundary and Area Optimization
---------------------------------------------------------------------------------
WARNING: [Synth 8-7080] Parallel synthesis criteria is not met
DSP Report: Generating DSP mul_32ns_34ns_65_2_1_U12/tmp_product, operation Mode is: (A:0x1999a)*B2.
DSP Report: register add_ln49_reg_193_reg is absorbed into DSP mul_32ns_34ns_65_2_1_U12/tmp_product.
DSP Report: operator mul_32ns_34ns_65_2_1_U12/tmp_product is absorbed into DSP mul_32ns_34ns_65_2_1_U12/tmp_product.
DSP Report: operator mul_32ns_34ns_65_2_1_U12/tmp_product is absorbed into DSP mul_32ns_34ns_65_2_1_U12/tmp_product.
DSP Report: Generating DSP mul_32ns_34ns_65_2_1_U12/dout_reg, operation Mode is: (PCIN>>17)+A*B2.
DSP Report: register add_ln49_reg_193_reg is absorbed into DSP mul_32ns_34ns_65_2_1_U12/dout_reg.
DSP Report: register mul_32ns_34ns_65_2_1_U12/dout_reg is absorbed into DSP mul_32ns_34ns_65_2_1_U12/dout_reg.
DSP Report: operator mul_32ns_34ns_65_2_1_U12/tmp_product is absorbed into DSP mul_32ns_34ns_65_2_1_U12/dout_reg.
DSP Report: operator mul_32ns_34ns_65_2_1_U12/tmp_product is absorbed into DSP mul_32ns_34ns_65_2_1_U12/dout_reg.
DSP Report: Generating DSP mul_32ns_34ns_65_2_1_U12/tmp_product, operation Mode is: A2*(B:0x1999a).
DSP Report: register mul_32ns_34ns_65_2_1_U12/tmp_product is absorbed into DSP mul_32ns_34ns_65_2_1_U12/tmp_product.
DSP Report: operator mul_32ns_34ns_65_2_1_U12/tmp_product is absorbed into DSP mul_32ns_34ns_65_2_1_U12/tmp_product.
DSP Report: operator mul_32ns_34ns_65_2_1_U12/tmp_product is absorbed into DSP mul_32ns_34ns_65_2_1_U12/tmp_product.
DSP Report: Generating DSP mul_32ns_34ns_65_2_1_U12/dout_reg, operation Mode is: (PCIN>>17)+A2*B.
DSP Report: register mul_32ns_34ns_65_2_1_U12/dout_reg is absorbed into DSP mul_32ns_34ns_65_2_1_U12/dout_reg.
DSP Report: register mul_32ns_34ns_65_2_1_U12/dout_reg is absorbed into DSP mul_32ns_34ns_65_2_1_U12/dout_reg.
DSP Report: operator mul_32ns_34ns_65_2_1_U12/tmp_product is absorbed into DSP mul_32ns_34ns_65_2_1_U12/dout_reg.
DSP Report: operator mul_32ns_34ns_65_2_1_U12/tmp_product is absorbed into DSP mul_32ns_34ns_65_2_1_U12/dout_reg.
DSP Report: Generating DSP mul_32ns_29ns_61_2_1_U13/tmp_product, operation Mode is: A2*B.
DSP Report: register mul_32ns_29ns_61_2_1_U13/tmp_product is absorbed into DSP mul_32ns_29ns_61_2_1_U13/tmp_product.
DSP Report: operator mul_32ns_29ns_61_2_1_U13/tmp_product is absorbed into DSP mul_32ns_29ns_61_2_1_U13/tmp_product.
DSP Report: operator mul_32ns_29ns_61_2_1_U13/tmp_product is absorbed into DSP mul_32ns_29ns_61_2_1_U13/tmp_product.
DSP Report: Generating DSP mul_32ns_29ns_61_2_1_U13/dout_reg, operation Mode is: (PCIN>>17)+A*B2.
DSP Report: register add_ln57_reg_213_reg is absorbed into DSP mul_32ns_29ns_61_2_1_U13/dout_reg.
DSP Report: register mul_32ns_29ns_61_2_1_U13/dout_reg is absorbed into DSP mul_32ns_29ns_61_2_1_U13/dout_reg.
DSP Report: operator mul_32ns_29ns_61_2_1_U13/tmp_product is absorbed into DSP mul_32ns_29ns_61_2_1_U13/dout_reg.
DSP Report: operator mul_32ns_29ns_61_2_1_U13/tmp_product is absorbed into DSP mul_32ns_29ns_61_2_1_U13/dout_reg.
DSP Report: Generating DSP mul_32ns_29ns_61_2_1_U13/tmp_product, operation Mode is: A2*B2.
DSP Report: register mul_32ns_29ns_61_2_1_U13/tmp_product is absorbed into DSP mul_32ns_29ns_61_2_1_U13/tmp_product.
DSP Report: register mul_32ns_29ns_61_2_1_U13/tmp_product is absorbed into DSP mul_32ns_29ns_61_2_1_U13/tmp_product.
DSP Report: operator mul_32ns_29ns_61_2_1_U13/tmp_product is absorbed into DSP mul_32ns_29ns_61_2_1_U13/tmp_product.
DSP Report: operator mul_32ns_29ns_61_2_1_U13/tmp_product is absorbed into DSP mul_32ns_29ns_61_2_1_U13/tmp_product.
DSP Report: Generating DSP mul_32ns_29ns_61_2_1_U13/dout_reg, operation Mode is: (PCIN>>17)+A2*B2.
DSP Report: register add_ln57_reg_213_reg is absorbed into DSP mul_32ns_29ns_61_2_1_U13/dout_reg.
DSP Report: register mul_32ns_29ns_61_2_1_U13/dout_reg is absorbed into DSP mul_32ns_29ns_61_2_1_U13/dout_reg.
DSP Report: register mul_32ns_29ns_61_2_1_U13/dout_reg is absorbed into DSP mul_32ns_29ns_61_2_1_U13/dout_reg.
DSP Report: operator mul_32ns_29ns_61_2_1_U13/tmp_product is absorbed into DSP mul_32ns_29ns_61_2_1_U13/dout_reg.
DSP Report: operator mul_32ns_29ns_61_2_1_U13/tmp_product is absorbed into DSP mul_32ns_29ns_61_2_1_U13/dout_reg.
---------------------------------------------------------------------------------
Finished Cross Boundary and Area Optimization : Time (s): cpu = 00:01:12 ; elapsed = 00:01:21 . Memory (MB): peak = 3884.598 ; gain = 653.293 ; free physical = 10993 ; free virtual = 485184
---------------------------------------------------------------------------------
---------------------------------------------------------------------------------
Start ROM, RAM, DSP, Shift Register and Retiming Reporting
---------------------------------------------------------------------------------

Block RAM: Preliminary Mapping Report (see note below)
+--------------------------------+--------------------+------------------------+---+---+------------------------+---+---+------------------+--------+--------+-----------------+
|Module Name                     | RTL Object         | PORT A (Depth x Width) | W | R | PORT B (Depth x Width) | W | R | Ports driving FF | RAMB18 | RAMB36 | Cascade Heights | 
+--------------------------------+--------------------+------------------------+---+---+------------------------+---+---+------------------+--------+--------+-----------------+
|inst/i_0/gmem_m_axi_U/bus_write | buff_wdata/mem_reg | 256 x 576(READ_FIRST)  | W |   | 256 x 576(WRITE_FIRST) |   | R | Port A and B     | 0      | 8      |                 | 
|inst/i_0/gmem_m_axi_U/bus_read  | buff_rdata/mem_reg | 256 x 515(READ_FIRST)  | W |   | 256 x 515(WRITE_FIRST) |   | R | Port A and B     | 1      | 7      |                 | 
+--------------------------------+--------------------+------------------------+---+---+------------------------+---+---+------------------+--------+--------+-----------------+

Note: The table above is a preliminary report that shows the Block RAMs at the current stage of the synthesis flow. Some Block RAMs may be reimplemented as non Block RAM primitives later in the synthesis flow. Multiple instantiated Block RAMs are reported only once. 

DSP: Preliminary Mapping Report (see note below. The ' indicates corresponding REG is set)
+-------------+------------------+--------+--------+--------+--------+--------+------+------+------+------+-------+------+------+
|Module Name  | DSP Mapping      | A Size | B Size | C Size | D Size | P Size | AREG | BREG | CREG | DREG | ADREG | MREG | PREG | 
+-------------+------------------+--------+--------+--------+--------+--------+------+------+------+------+-------+------+------+
|krnl_vaddmul | (A:0x1999a)*B2   | 18     | 16     | -      | -      | 48     | 0    | 1    | -    | -    | -     | 0    | 0    | 
|krnl_vaddmul | (PCIN>>17)+A*B2  | 17     | 16     | -      | -      | 48     | 0    | 1    | -    | -    | -     | 0    | 1    | 
|krnl_vaddmul | A2*(B:0x1999a)   | 18     | 18     | -      | -      | 48     | 1    | 0    | -    | -    | -     | 0    | 0    | 
|krnl_vaddmul | (PCIN>>17)+A2*B  | 18     | 17     | -      | -      | 48     | 1    | 0    | -    | -    | -     | 0    | 1    | 
|krnl_vaddmul | A2*B             | 18     | 16     | -      | -      | 48     | 1    | 0    | -    | -    | -     | 0    | 0    | 
|krnl_vaddmul | (PCIN>>17)+A*B2  | 16     | 13     | -      | -      | 48     | 0    | 1    | -    | -    | -     | 0    | 1    | 
|krnl_vaddmul | A2*B2            | 18     | 18     | -      | -      | 48     | 1    | 1    | -    | -    | -     | 0    | 0    | 
|krnl_vaddmul | (PCIN>>17)+A2*B2 | 18     | 13     | -      | -      | 48     | 1    | 1    | -    | -    | -     | 0    | 1    | 
+-------------+------------------+--------+--------+--------+--------+--------+------+------+------+------+-------+------+------+

Note: The table above is a preliminary report that shows the DSPs inferred at the current stage of the synthesis flow. Some DSP may be reimplemented as non DSP primitives later in the synthesis flow. Multiple instantiated DSPs are reported only once.
---------------------------------------------------------------------------------
Finished ROM, RAM, DSP, Shift Register and Retiming Reporting
---------------------------------------------------------------------------------
---------------------------------------------------------------------------------
Start Applying XDC Timing Constraints
---------------------------------------------------------------------------------
---------------------------------------------------------------------------------
Finished Applying XDC Timing Constraints : Time (s): cpu = 00:01:23 ; elapsed = 00:01:34 . Memory (MB): peak = 4088.488 ; gain = 857.184 ; free physical = 10500 ; free virtual = 484691
---------------------------------------------------------------------------------
---------------------------------------------------------------------------------
Start Timing Optimization
---------------------------------------------------------------------------------
WARNING: [Synth 8-6779] Delay data for wire-load model not found, using default value
WARNING: [Synth 8-6779] Delay data for wire-load model not found, using default value
WARNING: [Synth 8-6779] Delay data for wire-load model not found, using default value
WARNING: [Synth 8-6779] Delay data for wire-load model not found, using default value
WARNING: [Synth 8-6779] Delay data for wire-load model not found, using default value
WARNING: [Synth 8-6779] Delay data for wire-load model not found, using default value
WARNING: [Synth 8-6779] Delay data for wire-load model not found, using default value
WARNING: [Synth 8-6779] Delay data for wire-load model not found, using default value
WARNING: [Synth 8-6779] Delay data for wire-load model not found, using default value
WARNING: [Synth 8-6779] Delay data for wire-load model not found, using default value
WARNING: [Synth 8-6779] Delay data for wire-load model not found, using default value
WARNING: [Synth 8-6779] Delay data for wire-load model not found, using default value
WARNING: [Synth 8-6779] Delay data for wire-load model not found, using default value
WARNING: [Synth 8-6779] Delay data for wire-load model not found, using default value
WARNING: [Synth 8-6779] Delay data for wire-load model not found, using default value
WARNING: [Synth 8-6779] Delay data for wire-load model not found, using default value
WARNING: [Synth 8-6779] Delay data for wire-load model not found, using default value
WARNING: [Synth 8-6779] Delay data for wire-load model not found, using default value
WARNING: [Synth 8-6779] Delay data for wire-load model not found, using default value
WARNING: [Synth 8-6779] Delay data for wire-load model not found, using default value
WARNING: [Synth 8-6779] Delay data for wire-load model not found, using default value
WARNING: [Synth 8-6779] Delay data for wire-load model not found, using default value
WARNING: [Synth 8-6779] Delay data for wire-load model not found, using default value
WARNING: [Synth 8-6779] Delay data for wire-load model not found, using default value
WARNING: [Synth 8-6779] Delay data for wire-load model not found, using default value
WARNING: [Synth 8-6779] Delay data for wire-load model not found, using default value
WARNING: [Synth 8-6779] Delay data for wire-load model not found, using default value
WARNING: [Synth 8-6779] Delay data for wire-load model not found, using default value
WARNING: [Synth 8-6779] Delay data for wire-load model not found, using default value
WARNING: [Synth 8-6779] Delay data for wire-load model not found, using default value
WARNING: [Synth 8-6779] Delay data for wire-load model not found, using default value
WARNING: [Synth 8-6779] Delay data for wire-load model not found, using default value
WARNING: [Synth 8-6779] Delay data for wire-load model not found, using default value
WARNING: [Synth 8-6779] Delay data for wire-load model not found, using default value
WARNING: [Synth 8-6779] Delay data for wire-load model not found, using default value
WARNING: [Synth 8-6779] Delay data for wire-load model not found, using default value
WARNING: [Synth 8-6779] Delay data for wire-load model not found, using default value
WARNING: [Synth 8-6779] Delay data for wire-load model not found, using default value
WARNING: [Synth 8-6779] Delay data for wire-load model not found, using default value
WARNING: [Synth 8-6779] Delay data for wire-load model not found, using default value
WARNING: [Synth 8-6779] Delay data for wire-load model not found, using default value
WARNING: [Synth 8-6779] Delay data for wire-load model not found, using default value
WARNING: [Synth 8-6779] Delay data for wire-load model not found, using default value
WARNING: [Synth 8-6779] Delay data for wire-load model not found, using default value
WARNING: [Synth 8-6779] Delay data for wire-load model not found, using default value
WARNING: [Synth 8-6779] Delay data for wire-load model not found, using default value
WARNING: [Synth 8-6779] Delay data for wire-load model not found, using default value
WARNING: [Synth 8-6779] Delay data for wire-load model not found, using default value
WARNING: [Synth 8-6779] Delay data for wire-load model not found, using default value
WARNING: [Synth 8-6779] Delay data for wire-load model not found, using default value
WARNING: [Synth 8-6779] Delay data for wire-load model not found, using default value
WARNING: [Synth 8-6779] Delay data for wire-load model not found, using default value
WARNING: [Synth 8-6779] Delay data for wire-load model not found, using default value
WARNING: [Synth 8-6779] Delay data for wire-load model not found, using default value
WARNING: [Synth 8-6779] Delay data for wire-load model not found, using default value
WARNING: [Synth 8-6779] Delay data for wire-load model not found, using default value
WARNING: [Synth 8-6779] Delay data for wire-load model not found, using default value
WARNING: [Synth 8-6779] Delay data for wire-load model not found, using default value
WARNING: [Synth 8-6779] Delay data for wire-load model not found, using default value
WARNING: [Synth 8-6779] Delay data for wire-load model not found, using default value
WARNING: [Synth 8-6779] Delay data for wire-load model not found, using default value
WARNING: [Synth 8-6779] Delay data for wire-load model not found, using default value
WARNING: [Synth 8-6779] Delay data for wire-load model not found, using default value
WARNING: [Synth 8-6779] Delay data for wire-load model not found, using default value
WARNING: [Synth 8-6779] Delay data for wire-load model not found, using default value
WARNING: [Synth 8-6779] Delay data for wire-load model not found, using default value
WARNING: [Synth 8-6779] Delay data for wire-load model not found, using default value
WARNING: [Synth 8-6779] Delay data for wire-load model not found, using default value
WARNING: [Synth 8-6779] Delay data for wire-load model not found, using default value
WARNING: [Synth 8-6779] Delay data for wire-load model not found, using default value
WARNING: [Synth 8-6779] Delay data for wire-load model not found, using default value
WARNING: [Synth 8-6779] Delay data for wire-load model not found, using default value
WARNING: [Synth 8-6779] Delay data for wire-load model not found, using default value
WARNING: [Synth 8-6779] Delay data for wire-load model not found, using default value
WARNING: [Synth 8-6779] Delay data for wire-load model not found, using default value
WARNING: [Synth 8-6779] Delay data for wire-load model not found, using default value
WARNING: [Synth 8-6779] Delay data for wire-load model not found, using default value
WARNING: [Synth 8-6779] Delay data for wire-load model not found, using default value
WARNING: [Synth 8-6779] Delay data for wire-load model not found, using default value
WARNING: [Synth 8-6779] Delay data for wire-load model not found, using default value
WARNING: [Synth 8-6779] Delay data for wire-load model not found, using default value
WARNING: [Synth 8-6779] Delay data for wire-load model not found, using default value
WARNING: [Synth 8-6779] Delay data for wire-load model not found, using default value
WARNING: [Synth 8-6779] Delay data for wire-load model not found, using default value
WARNING: [Synth 8-6779] Delay data for wire-load model not found, using default value
WARNING: [Synth 8-6779] Delay data for wire-load model not found, using default value
WARNING: [Synth 8-6779] Delay data for wire-load model not found, using default value
WARNING: [Synth 8-6779] Delay data for wire-load model not found, using default value
WARNING: [Synth 8-6779] Delay data for wire-load model not found, using default value
WARNING: [Synth 8-6779] Delay data for wire-load model not found, using default value
WARNING: [Synth 8-6779] Delay data for wire-load model not found, using default value
WARNING: [Synth 8-6779] Delay data for wire-load model not found, using default value
WARNING: [Synth 8-6779] Delay data for wire-load model not found, using default value
WARNING: [Synth 8-6779] Delay data for wire-load model not found, using default value
WARNING: [Synth 8-6779] Delay data for wire-load model not found, using default value
WARNING: [Synth 8-6779] Delay data for wire-load model not found, using default value
WARNING: [Synth 8-6779] Delay data for wire-load model not found, using default value
WARNING: [Synth 8-6779] Delay data for wire-load model not found, using default value
WARNING: [Synth 8-6779] Delay data for wire-load model not found, using default value
WARNING: [Synth 8-6779] Delay data for wire-load model not found, using default value
INFO: [Common 17-14] Message 'Synth 8-6779' appears 100 times and further instances of the messages will be disabled. Use the Tcl command set_msg_config to change the current settings.
---------------------------------------------------------------------------------
Finished Timing Optimization : Time (s): cpu = 00:02:01 ; elapsed = 00:02:13 . Memory (MB): peak = 4279.402 ; gain = 1048.098 ; free physical = 10398 ; free virtual = 484589
---------------------------------------------------------------------------------
---------------------------------------------------------------------------------
Start ROM, RAM, DSP, Shift Register and Retiming Reporting
---------------------------------------------------------------------------------

Block RAM: Final Mapping Report
+--------------------------------+--------------------+------------------------+---+---+------------------------+---+---+------------------+--------+--------+-----------------+
|Module Name                     | RTL Object         | PORT A (Depth x Width) | W | R | PORT B (Depth x Width) | W | R | Ports driving FF | RAMB18 | RAMB36 | Cascade Heights | 
+--------------------------------+--------------------+------------------------+---+---+------------------------+---+---+------------------+--------+--------+-----------------+
|inst/i_0/gmem_m_axi_U/bus_write | buff_wdata/mem_reg | 256 x 576(READ_FIRST)  | W |   | 256 x 576(WRITE_FIRST) |   | R | Port A and B     | 0      | 8      |                 | 
|inst/i_0/gmem_m_axi_U/bus_read  | buff_rdata/mem_reg | 256 x 515(READ_FIRST)  | W |   | 256 x 515(WRITE_FIRST) |   | R | Port A and B     | 1      | 7      |                 | 
+--------------------------------+--------------------+------------------------+---+---+------------------------+---+---+------------------+--------+--------+-----------------+

---------------------------------------------------------------------------------
Finished ROM, RAM, DSP, Shift Register and Retiming Reporting
---------------------------------------------------------------------------------
---------------------------------------------------------------------------------
Start Technology Mapping
---------------------------------------------------------------------------------
INFO: [Synth 8-7052] The timing for the instance inst/gmem_m_axi_U/bus_write/buff_wdata/mem_reg_0 (implemented as a Block RAM) might be sub-optimal as no optional output register could be merged into the ram block. Providing additional output register may help in improving timing.
INFO: [Synth 8-7052] The timing for the instance inst/gmem_m_axi_U/bus_write/buff_wdata/mem_reg_1 (implemented as a Block RAM) might be sub-optimal as no optional output register could be merged into the ram block. Providing additional output register may help in improving timing.
INFO: [Synth 8-7052] The timing for the instance inst/gmem_m_axi_U/bus_write/buff_wdata/mem_reg_2 (implemented as a Block RAM) might be sub-optimal as no optional output register could be merged into the ram block. Providing additional output register may help in improving timing.
INFO: [Synth 8-7052] The timing for the instance inst/gmem_m_axi_U/bus_write/buff_wdata/mem_reg_3 (implemented as a Block RAM) might be sub-optimal as no optional output register could be merged into the ram block. Providing additional output register may help in improving timing.
INFO: [Synth 8-7052] The timing for the instance inst/gmem_m_axi_U/bus_write/buff_wdata/mem_reg_4 (implemented as a Block RAM) might be sub-optimal as no optional output register could be merged into the ram block. Providing additional output register may help in improving timing.
INFO: [Synth 8-7052] The timing for the instance inst/gmem_m_axi_U/bus_write/buff_wdata/mem_reg_5 (implemented as a Block RAM) might be sub-optimal as no optional output register could be merged into the ram block. Providing additional output register may help in improving timing.
INFO: [Synth 8-7052] The timing for the instance inst/gmem_m_axi_U/bus_write/buff_wdata/mem_reg_6 (implemented as a Block RAM) might be sub-optimal as no optional output register could be merged into the ram block. Providing additional output register may help in improving timing.
INFO: [Synth 8-7052] The timing for the instance inst/gmem_m_axi_U/bus_write/buff_wdata/mem_reg_7 (implemented as a Block RAM) might be sub-optimal as no optional output register could be merged into the ram block. Providing additional output register may help in improving timing.
INFO: [Synth 8-7052] The timing for the instance inst/gmem_m_axi_U/bus_read/buff_rdata/mem_reg_0 (implemented as a Block RAM) might be sub-optimal as no optional output register could be merged into the ram block. Providing additional output register may help in improving timing.
INFO: [Synth 8-7052] The timing for the instance inst/gmem_m_axi_U/bus_read/buff_rdata/mem_reg_1 (implemented as a Block RAM) might be sub-optimal as no optional output register could be merged into the ram block. Providing additional output register may help in improving timing.
INFO: [Synth 8-7052] The timing for the instance inst/gmem_m_axi_U/bus_read/buff_rdata/mem_reg_2 (implemented as a Block RAM) might be sub-optimal as no optional output register could be merged into the ram block. Providing additional output register may help in improving timing.
INFO: [Synth 8-7052] The timing for the instance inst/gmem_m_axi_U/bus_read/buff_rdata/mem_reg_3 (implemented as a Block RAM) might be sub-optimal as no optional output register could be merged into the ram block. Providing additional output register may help in improving timing.
INFO: [Synth 8-7052] The timing for the instance inst/gmem_m_axi_U/bus_read/buff_rdata/mem_reg_4 (implemented as a Block RAM) might be sub-optimal as no optional output register could be merged into the ram block. Providing additional output register may help in improving timing.
INFO: [Synth 8-7052] The timing for the instance inst/gmem_m_axi_U/bus_read/buff_rdata/mem_reg_5 (implemented as a Block RAM) might be sub-optimal as no optional output register could be merged into the ram block. Providing additional output register may help in improving timing.
INFO: [Synth 8-7052] The timing for the instance inst/gmem_m_axi_U/bus_read/buff_rdata/mem_reg_6 (implemented as a Block RAM) might be sub-optimal as no optional output register could be merged into the ram block. Providing additional output register may help in improving timing.
INFO: [Synth 8-7052] The timing for the instance inst/gmem_m_axi_U/bus_read/buff_rdata/mem_reg_7 (implemented as a Block RAM) might be sub-optimal as no optional output register could be merged into the ram block. Providing additional output register may help in improving timing.
---------------------------------------------------------------------------------
Finished Technology Mapping : Time (s): cpu = 00:02:10 ; elapsed = 00:02:23 . Memory (MB): peak = 4279.402 ; gain = 1048.098 ; free physical = 10454 ; free virtual = 484645
---------------------------------------------------------------------------------
---------------------------------------------------------------------------------
Start IO Insertion
---------------------------------------------------------------------------------
---------------------------------------------------------------------------------
Start Flattening Before IO Insertion
---------------------------------------------------------------------------------
---------------------------------------------------------------------------------
Finished Flattening Before IO Insertion
---------------------------------------------------------------------------------
---------------------------------------------------------------------------------
Start Final Netlist Cleanup
---------------------------------------------------------------------------------
---------------------------------------------------------------------------------
Finished Final Netlist Cleanup
---------------------------------------------------------------------------------
---------------------------------------------------------------------------------
Finished IO Insertion : Time (s): cpu = 00:02:17 ; elapsed = 00:02:30 . Memory (MB): peak = 4279.402 ; gain = 1048.098 ; free physical = 10418 ; free virtual = 484609
---------------------------------------------------------------------------------
---------------------------------------------------------------------------------
Start Renaming Generated Instances
---------------------------------------------------------------------------------
---------------------------------------------------------------------------------
Finished Renaming Generated Instances : Time (s): cpu = 00:02:17 ; elapsed = 00:02:30 . Memory (MB): peak = 4279.402 ; gain = 1048.098 ; free physical = 10417 ; free virtual = 484608
---------------------------------------------------------------------------------
---------------------------------------------------------------------------------
Start Rebuilding User Hierarchy
---------------------------------------------------------------------------------
---------------------------------------------------------------------------------
Finished Rebuilding User Hierarchy : Time (s): cpu = 00:02:19 ; elapsed = 00:02:32 . Memory (MB): peak = 4279.402 ; gain = 1048.098 ; free physical = 10436 ; free virtual = 484627
---------------------------------------------------------------------------------
---------------------------------------------------------------------------------
Start Renaming Generated Ports
---------------------------------------------------------------------------------
---------------------------------------------------------------------------------
Finished Renaming Generated Ports : Time (s): cpu = 00:02:19 ; elapsed = 00:02:32 . Memory (MB): peak = 4279.402 ; gain = 1048.098 ; free physical = 10436 ; free virtual = 484627
---------------------------------------------------------------------------------
---------------------------------------------------------------------------------
Start Handling Custom Attributes
---------------------------------------------------------------------------------
---------------------------------------------------------------------------------
Finished Handling Custom Attributes : Time (s): cpu = 00:02:23 ; elapsed = 00:02:36 . Memory (MB): peak = 4279.402 ; gain = 1048.098 ; free physical = 10405 ; free virtual = 484596
---------------------------------------------------------------------------------
---------------------------------------------------------------------------------
Start Renaming Generated Nets
---------------------------------------------------------------------------------
---------------------------------------------------------------------------------
Finished Renaming Generated Nets : Time (s): cpu = 00:02:23 ; elapsed = 00:02:36 . Memory (MB): peak = 4279.402 ; gain = 1048.098 ; free physical = 10405 ; free virtual = 484596
---------------------------------------------------------------------------------
---------------------------------------------------------------------------------
Start ROM, RAM, DSP, Shift Register and Retiming Reporting
---------------------------------------------------------------------------------

Static Shift Register Report:
+-------------+-------------------------------------------------------------------------------------------+--------+-------+--------------+--------------------+-------------------+--------+---------+
|Module Name  | RTL Name                                                                                  | Length | Width | Reset Signal | Pull out first Reg | Pull out last Reg | SRL16E | SRLC32E | 
+-------------+-------------------------------------------------------------------------------------------+--------+-------+--------------+--------------------+-------------------+--------+---------+
|krnl_vaddmul | grp_krnl_vaddmul_Pipeline_L_vops_vops1_fu_110/icmp_ln62_reg_1146_pp0_iter18_reg_reg[0]    | 17     | 1     | NO           | NO                 | YES               | 1      | 0       | 
|krnl_vaddmul | grp_krnl_vaddmul_Pipeline_L_vops_vops1_fu_110/icmp_ln57_reg_1081_pp0_iter17_reg_reg[0]    | 17     | 1     | NO           | NO                 | YES               | 1      | 0       | 
|krnl_vaddmul | grp_krnl_vaddmul_Pipeline_L_vops_vops1_fu_110/icmp_ln57_reg_1081_pp0_iter36_reg_reg[0]    | 18     | 1     | NO           | NO                 | YES               | 0      | 1       | 
|krnl_vaddmul | grp_krnl_vaddmul_Pipeline_L_vops_vops1_fu_110/icmp_ln61_reg_1121_pp0_iter17_reg_reg[0]    | 17     | 1     | NO           | NO                 | YES               | 1      | 0       | 
|krnl_vaddmul | grp_krnl_vaddmul_Pipeline_L_vops_vops1_fu_110/zext_ln61_1_reg_1102_pp0_iter18_reg_reg[33] | 18     | 30    | NO           | NO                 | YES               | 0      | 30      | 
|krnl_vaddmul | grp_krnl_vaddmul_Pipeline_L_vops_vops1_fu_110/add_ln61_2_reg_1109_pp0_iter18_reg_reg[5]   | 18     | 3     | NO           | NO                 | YES               | 0      | 3       | 
|krnl_vaddmul | grp_krnl_vaddmul_Pipeline_L_vops_vops1_fu_110/add_ln61_3_reg_1116_pp0_iter18_reg_reg[5]   | 18     | 6     | NO           | NO                 | YES               | 0      | 6       | 
|krnl_vaddmul | grp_krnl_vaddmul_Pipeline_L_vops_vops1_fu_110/add_ln62_1_reg_1141_pp0_iter19_reg_reg[5]   | 18     | 6     | NO           | NO                 | YES               | 0      | 6       | 
+-------------+-------------------------------------------------------------------------------------------+--------+-------+--------------+--------------------+-------------------+--------+---------+


Dynamic Shift Register Report:
+------------+-------------+--------+------------+--------+---------+--------+--------+--------+
|Module Name | RTL Name    | Length | Data Width | SRL16E | SRLC32E | Mux F7 | Mux F8 | Mux F9 | 
+------------+-------------+--------+------------+--------+---------+--------+--------+--------+
|dsrl        | mem_reg[68] | 8      | 8          | 0      | 24      | 16     | 8      | 0      | 
|dsrl__1     | mem_reg[68] | 96     | 96         | 0      | 288     | 192    | 96     | 0      | 
|dsrl__2     | mem_reg[14] | 2      | 2          | 2      | 0       | 0      | 0      | 0      | 
|dsrl__3     | mem_reg[68] | 2      | 2          | 0      | 6       | 4      | 2      | 0      | 
|dsrl__4     | mem_reg[15] | 72     | 72         | 72     | 0       | 0      | 0      | 0      | 
|dsrl__5     | mem_reg[15] | 577    | 577        | 577    | 0       | 0      | 0      | 0      | 
+------------+-------------+--------+------------+--------+---------+--------+--------+--------+

---------------------------------------------------------------------------------
Finished ROM, RAM, DSP, Shift Register and Retiming Reporting
---------------------------------------------------------------------------------
---------------------------------------------------------------------------------
Start Writing Synthesis Report
---------------------------------------------------------------------------------

Report BlackBoxes: 
+-+--------------+----------+
| |BlackBox name |Instances |
+-+--------------+----------+
+-+--------------+----------+

Report Cell Usage: 
+------+----------------+------+
|      |Cell            |Count |
+------+----------------+------+
|1     |CARRY8          |   180|
|2     |DSP_ALU         |     8|
|3     |DSP_A_B_DATA    |     8|
|6     |DSP_C_DATA      |     8|
|7     |DSP_MULTIPLIER  |     8|
|8     |DSP_M_DATA      |     8|
|9     |DSP_OUTPUT      |     8|
|11    |DSP_PREADD      |     8|
|12    |DSP_PREADD_DATA |     8|
|13    |LUT1            |    67|
|14    |LUT2            |  1029|
|15    |LUT3            |  3076|
|16    |LUT4            |  1307|
|17    |LUT5            |  1673|
|18    |LUT6            |  4851|
|19    |MUXF7           |   126|
|20    |RAMB18E2        |     1|
|21    |RAMB36E2        |    15|
|22    |SRL16E          |   644|
|23    |SRLC32E         |   418|
|24    |FDRE            | 11947|
|25    |FDSE            |    18|
+------+----------------+------+
---------------------------------------------------------------------------------
Finished Writing Synthesis Report : Time (s): cpu = 00:02:23 ; elapsed = 00:02:36 . Memory (MB): peak = 4279.402 ; gain = 1048.098 ; free physical = 10405 ; free virtual = 484596
---------------------------------------------------------------------------------
Synthesis finished with 0 errors, 0 critical warnings and 3382 warnings.
Synthesis Optimization Runtime : Time (s): cpu = 00:02:09 ; elapsed = 00:02:21 . Memory (MB): peak = 4279.402 ; gain = 805.223 ; free physical = 10457 ; free virtual = 484649
Synthesis Optimization Complete : Time (s): cpu = 00:02:23 ; elapsed = 00:02:36 . Memory (MB): peak = 4279.410 ; gain = 1048.098 ; free physical = 10558 ; free virtual = 484749
INFO: [Project 1-571] Translating synthesized netlist
Netlist sorting complete. Time (s): cpu = 00:00:00.21 ; elapsed = 00:00:00.21 . Memory (MB): peak = 4279.410 ; gain = 0.000 ; free physical = 10541 ; free virtual = 484732
INFO: [Netlist 29-17] Analyzing 314 Unisim elements for replacement
INFO: [Netlist 29-28] Unisim Transformation completed in 0 CPU seconds
INFO: [Project 1-570] Preparing netlist for logic optimization
INFO: [Opt 31-138] Pushed 0 inverter(s) to 0 load pin(s).
Netlist sorting complete. Time (s): cpu = 00:00:00 ; elapsed = 00:00:00 . Memory (MB): peak = 4290.309 ; gain = 0.000 ; free physical = 10452 ; free virtual = 484643
INFO: [Project 1-111] Unisim Transformation Summary:
  A total of 8 instances were transformed.
  DSP48E2 => DSP48E2 (DSP_ALU, DSP_A_B_DATA, DSP_C_DATA, DSP_MULTIPLIER, DSP_M_DATA, DSP_OUTPUT, DSP_PREADD, DSP_PREADD_DATA): 8 instances

Synth Design complete, checksum: cd082a06
INFO: [Common 17-83] Releasing license: Synthesis
96 Infos, 165 Warnings, 0 Critical Warnings and 0 Errors encountered.
synth_design completed successfully
synth_design: Time (s): cpu = 00:02:44 ; elapsed = 00:02:56 . Memory (MB): peak = 4290.309 ; gain = 1549.656 ; free physical = 10677 ; free virtual = 484868
INFO: [Common 17-600] The following parameters have non-default value.
general.maxThreads
INFO: [Common 17-1381] The checkpoint '/home/ziyuanwang/hbm/Vitis_Accel_Examples/performance/hbm_bandwidth/_x_3cores_nopragaddadd_10.hw.xilinx_u280_xdma_201920_3/link/vivado/vpl/prj/prj.runs/pfm_dynamic_krnl_vaddmul_3_0_synth_1/pfm_dynamic_krnl_vaddmul_3_0.dcp' has been generated.
write_checkpoint: Time (s): cpu = 00:00:04 ; elapsed = 00:00:08 . Memory (MB): peak = 4290.309 ; gain = 0.000 ; free physical = 10687 ; free virtual = 484881
INFO: [Coretcl 2-1648] Added synthesis output to IP cache for IP pfm_dynamic_krnl_vaddmul_3_0, cache-ID = b4946109347715bd
INFO: [Coretcl 2-1174] Renamed 24 cell refs.
INFO: [Common 17-1381] The checkpoint '/home/ziyuanwang/hbm/Vitis_Accel_Examples/performance/hbm_bandwidth/_x_3cores_nopragaddadd_10.hw.xilinx_u280_xdma_201920_3/link/vivado/vpl/prj/prj.runs/pfm_dynamic_krnl_vaddmul_3_0_synth_1/pfm_dynamic_krnl_vaddmul_3_0.dcp' has been generated.
write_checkpoint: Time (s): cpu = 00:00:04 ; elapsed = 00:00:07 . Memory (MB): peak = 4290.309 ; gain = 0.000 ; free physical = 10663 ; free virtual = 484873
INFO: [runtcl-4] Executing : report_utilization -file pfm_dynamic_krnl_vaddmul_3_0_utilization_synth.rpt -pb pfm_dynamic_krnl_vaddmul_3_0_utilization_synth.pb
INFO: [Common 17-206] Exiting Vivado at Sat Nov  9 09:07:42 2024...
