Copyright 1986-2021 Xilinx, Inc. All Rights Reserved.
------------------------------------------------------------------------------------------------------------------------------------------------------------------------------------------------------------------------------------------------------------------------------------------------------------------------------------------------------------------------------------------------------------------------------
| Tool Version : Vivado v.2021.2 (lin64) Build 3367213 Tue Oct 19 02:47:39 MDT 2021
| Date         : Sat Nov  9 10:52:37 2024
| Host         : hacc-gpu0 running 64-bit Ubuntu 20.04.6 LTS
| Command      : report_accelerator_utilization -kernels { krnl_vaddmul:pfm_top_i/dynamic_region/krnl_vaddmul_1/inst:krnl_vaddmul_1 krnl_vaddmul:pfm_top_i/dynamic_region/krnl_vaddmul_2/inst:krnl_vaddmul_2 krnl_vaddmul:pfm_top_i/dynamic_region/krnl_vaddmul_3/inst:krnl_vaddmul_3 krnl_vaddmul:pfm_top_i/dynamic_region/krnl_vaddmul_4/inst:krnl_vaddmul_4} -file kernel_util_synthed.rpt -name kernel_util_synthed -json
| Design       : pfm_top_wrapper
| Device       : xcu280
| Design State : Synthesized
------------------------------------------------------------------------------------------------------------------------------------------------------------------------------------------------------------------------------------------------------------------------------------------------------------------------------------------------------------------------------------------------------------------------------

Accelerator Utilization Design Information

Table of Contents
-----------------
1. System Utilization

1. System Utilization
---------------------

+---------------------+-------------------+------------------+-------------------+----------------+---------------+----------------+
| Name                | LUT               | LUTAsMem         | REG               | BRAM           | URAM          | DSP            |
+---------------------+-------------------+------------------+-------------------+----------------+---------------+----------------+
| Platform            |  163144 [ 12.52%] |  33882 [  5.64%] |  239917 [  9.20%] |  204 [ 10.12%] |   0 [  0.00%] |    4 [  0.04%] |
| User Budget         | 1139576 [100.00%] | 566598 [100.00%] | 2367443 [100.00%] | 1812 [100.00%] | 960 [100.00%] | 9020 [100.00%] |
|    Used Resources   |   49624 [  4.35%] |  25204 [  4.45%] |   68776 [  2.91%] |  144 [  7.95%] |   0 [  0.00%] |   32 [  0.35%] |
|    Unused Resources | 1089952 [ 95.65%] | 541394 [ 95.55%] | 2298667 [ 97.09%] | 1668 [ 92.05%] | 960 [100.00%] | 8988 [ 99.65%] |
| krnl_vaddmul        |   49624 [  4.35%] |  25204 [  4.45%] |   68776 [  2.91%] |  144 [  7.95%] |   0 [  0.00%] |   32 [  0.35%] |
|    krnl_vaddmul_1   |   12406 [  1.09%] |   6301 [  1.11%] |   17194 [  0.73%] |   36 [  1.99%] |   0 [  0.00%] |    8 [  0.09%] |
|    krnl_vaddmul_2   |   12406 [  1.09%] |   6301 [  1.11%] |   17194 [  0.73%] |   36 [  1.99%] |   0 [  0.00%] |    8 [  0.09%] |
|    krnl_vaddmul_3   |   12406 [  1.09%] |   6301 [  1.11%] |   17194 [  0.73%] |   36 [  1.99%] |   0 [  0.00%] |    8 [  0.09%] |
|    krnl_vaddmul_4   |   12406 [  1.09%] |   6301 [  1.11%] |   17194 [  0.73%] |   36 [  1.99%] |   0 [  0.00%] |    8 [  0.09%] |
+---------------------+-------------------+------------------+-------------------+----------------+---------------+----------------+


