Copyright 1986-2021 Xilinx, Inc. All Rights Reserved.
----------------------------------------------------------------------------------------------------------------------------------------------------------------------------------------------------------------------------------------------------------------------------------------------------------------------------------------------------------------------------------------------------------------------------
| Tool Version : Vivado v.2021.2 (lin64) Build 3367213 Tue Oct 19 02:47:39 MDT 2021
| Date         : Sun Nov 17 13:12:48 2024
| Host         : hacc-gpu0 running 64-bit Ubuntu 20.04.6 LTS
| Command      : report_accelerator_utilization -kernels { krnl_vaddmul:pfm_top_i/dynamic_region/krnl_vaddmul_1/inst:krnl_vaddmul_1 krnl_vaddmul:pfm_top_i/dynamic_region/krnl_vaddmul_2/inst:krnl_vaddmul_2 krnl_vaddmul:pfm_top_i/dynamic_region/krnl_vaddmul_3/inst:krnl_vaddmul_3 krnl_vaddmul:pfm_top_i/dynamic_region/krnl_vaddmul_4/inst:krnl_vaddmul_4} -file kernel_util_routed.rpt -name kernel_util_routed -json
| Design       : pfm_top_wrapper
| Device       : xcu280
| Design State : Routed
----------------------------------------------------------------------------------------------------------------------------------------------------------------------------------------------------------------------------------------------------------------------------------------------------------------------------------------------------------------------------------------------------------------------------

Accelerator Utilization Design Information

Table of Contents
-----------------
1. System Utilization

1. System Utilization
---------------------

+---------------------+-------------------+------------------+-------------------+----------------+---------------+----------------+
| Name                | LUT               | LUTAsMem         | REG               | BRAM           | URAM          | DSP            |
+---------------------+-------------------+------------------+-------------------+----------------+---------------+----------------+
| Platform            |  118548 [  9.10%] |  17676 [  2.94%] |  178267 [  6.84%] |  202 [ 10.02%] |   0 [  0.00%] |    4 [  0.04%] |
| User Budget         | 1184172 [100.00%] | 582804 [100.00%] | 2429093 [100.00%] | 1814 [100.00%] | 960 [100.00%] | 9020 [100.00%] |
|    Used Resources   |   97278 [  8.21%] |   4128 [  0.71%] |   99462 [  4.09%] |  120 [  6.62%] |   0 [  0.00%] |  336 [  3.73%] |
|    Unused Resources | 1086894 [ 91.79%] | 578676 [ 99.29%] | 2329631 [ 95.91%] | 1694 [ 93.38%] | 960 [100.00%] | 8684 [ 96.27%] |
| krnl_vaddmul        |   97278 [  8.21%] |   4128 [  0.71%] |   99462 [  4.09%] |  120 [  6.62%] |   0 [  0.00%] |  336 [  3.73%] |
|    krnl_vaddmul_1   |   24306 [  2.05%] |   1032 [  0.18%] |   24085 [  0.99%] |   30 [  1.65%] |   0 [  0.00%] |   84 [  0.93%] |
|    krnl_vaddmul_2   |   24316 [  2.05%] |   1032 [  0.18%] |   24996 [  1.03%] |   30 [  1.65%] |   0 [  0.00%] |   84 [  0.93%] |
|    krnl_vaddmul_3   |   24271 [  2.05%] |   1032 [  0.18%] |   25155 [  1.04%] |   30 [  1.65%] |   0 [  0.00%] |   84 [  0.93%] |
|    krnl_vaddmul_4   |   24385 [  2.06%] |   1032 [  0.18%] |   25226 [  1.04%] |   30 [  1.65%] |   0 [  0.00%] |   84 [  0.93%] |
+---------------------+-------------------+------------------+-------------------+----------------+---------------+----------------+


