Copyright 1986-2021 Xilinx, Inc. All Rights Reserved.
-----------------------------------------------------------------------------------------------------------------------------------------------------------------------------------------------------------------------------------------------------------------------------------------------------------------------------------------------------------------------------------------------------------------------------------------------------------------------------------------------------
| Tool Version : Vivado v.2021.2 (lin64) Build 3367213 Tue Oct 19 02:47:39 MDT 2021
| Date         : Wed Nov 20 10:49:09 2024
| Host         : hacc-gpu0 running 64-bit Ubuntu 20.04.6 LTS
| Command      : report_accelerator_utilization -kernels { krnl_vaddmul:pfm_top_i/dynamic_region/krnl_vaddmul_1/inst:krnl_vaddmul_1 krnl_vaddmul:pfm_top_i/dynamic_region/krnl_vaddmul_2/inst:krnl_vaddmul_2 krnl_vaddmul:pfm_top_i/dynamic_region/krnl_vaddmul_3/inst:krnl_vaddmul_3 krnl_vaddmul:pfm_top_i/dynamic_region/krnl_vaddmul_4/inst:krnl_vaddmul_4 krnl_vaddmul:pfm_top_i/dynamic_region/krnl_vaddmul_5/inst:krnl_vaddmul_5} -file kernel_util_routed.rpt -name kernel_util_routed -json
| Design       : pfm_top_wrapper
| Device       : xcu280
| Design State : Routed
-----------------------------------------------------------------------------------------------------------------------------------------------------------------------------------------------------------------------------------------------------------------------------------------------------------------------------------------------------------------------------------------------------------------------------------------------------------------------------------------------------

Accelerator Utilization Design Information

Table of Contents
-----------------
1. System Utilization

1. System Utilization
---------------------

+---------------------+-------------------+------------------+-------------------+----------------+---------------+----------------+
| Name                | LUT               | LUTAsMem         | REG               | BRAM           | URAM          | DSP            |
+---------------------+-------------------+------------------+-------------------+----------------+---------------+----------------+
| Platform            |  142356 [ 10.93%] |  26464 [  4.41%] |  212780 [  8.16%] |  204 [ 10.12%] |   0 [  0.00%] |    4 [  0.04%] |
| User Budget         | 1160364 [100.00%] | 574016 [100.00%] | 2394580 [100.00%] | 1812 [100.00%] | 960 [100.00%] | 9020 [100.00%] |
|    Used Resources   |  110234 [  9.50%] |  17365 [  3.03%] |  160028 [  6.68%] |  160 [  8.83%] |   0 [  0.00%] |   20 [  0.22%] |
|    Unused Resources | 1050130 [ 90.50%] | 556651 [ 96.97%] | 2234552 [ 93.32%] | 1652 [ 91.17%] | 960 [100.00%] | 9000 [ 99.78%] |
| krnl_vaddmul        |  110234 [  9.50%] |  17365 [  3.03%] |  160028 [  6.68%] |  160 [  8.83%] |   0 [  0.00%] |   20 [  0.22%] |
|    krnl_vaddmul_1   |   22046 [  1.90%] |   3473 [  0.61%] |   31972 [  1.34%] |   32 [  1.77%] |   0 [  0.00%] |    4 [  0.04%] |
|    krnl_vaddmul_2   |   22049 [  1.90%] |   3473 [  0.61%] |   32023 [  1.34%] |   32 [  1.77%] |   0 [  0.00%] |    4 [  0.04%] |
|    krnl_vaddmul_3   |   22029 [  1.90%] |   3473 [  0.61%] |   32004 [  1.34%] |   32 [  1.77%] |   0 [  0.00%] |    4 [  0.04%] |
|    krnl_vaddmul_4   |   22054 [  1.90%] |   3473 [  0.61%] |   32034 [  1.34%] |   32 [  1.77%] |   0 [  0.00%] |    4 [  0.04%] |
|    krnl_vaddmul_5   |   22056 [  1.90%] |   3473 [  0.61%] |   31995 [  1.34%] |   32 [  1.77%] |   0 [  0.00%] |    4 [  0.04%] |
+---------------------+-------------------+------------------+-------------------+----------------+---------------+----------------+


