Copyright 1986-2021 Xilinx, Inc. All Rights Reserved.
------------------------------------------------------------------------------------------
| Tool Version : Vivado v.2021.2 (lin64) Build 3367213 Tue Oct 19 02:47:39 MDT 2021
| Date         : Wed Nov 20 10:49:46 2024
| Host         : hacc-gpu0 running 64-bit Ubuntu 20.04.6 LTS
| Command      : report_utilization -slr -file slr_util_routed.rpt -pb slr_util_routed.pb
| Design       : pfm_top_wrapper
| Device       : xcu280-fsvh2892-2L-e
| Speed File   : -2L
| Design State : Routed
------------------------------------------------------------------------------------------

Utilization Design Information

Table of Contents
-----------------
1. SLR Connectivity
2. SLR Connectivity Matrix
3. SLR CLB Logic and Dedicated Block Utilization
4. SLR IO Utilization

1. SLR Connectivity
-------------------

+----------------------------------+------+-------+-----------+-------+
|                                  | Used | Fixed | Available | Util% |
+----------------------------------+------+-------+-----------+-------+
| SLR2 <-> SLR1                    | 3982 |       |     23040 | 17.28 |
|   SLR1 -> SLR2                   | 2102 |       |           |  9.12 |
|     Using TX_REG only            |  267 |     1 |           |       |
|     Using RX_REG only            |  284 |    18 |           |       |
|     Using Both TX_REG and RX_REG |  267 |     1 |           |       |
|   SLR2 -> SLR1                   | 1880 |       |           |  8.16 |
|     Using TX_REG only            |  407 |     0 |           |       |
|     Using RX_REG only            |  412 |     4 |           |       |
|     Using Both TX_REG and RX_REG |  407 |     0 |           |       |
| SLR1 <-> SLR0                    | 2547 |       |     23040 | 11.05 |
|   SLR0 -> SLR1                   | 1144 |       |           |  4.97 |
|     Using TX_REG only            |  371 |    71 |           |       |
|     Using RX_REG only            |  361 |    61 |           |       |
|     Using Both TX_REG and RX_REG |  355 |    55 |           |       |
|   SLR1 -> SLR0                   | 1403 |       |           |  6.09 |
|     Using TX_REG only            |  437 |    62 |           |       |
|     Using RX_REG only            |  447 |    71 |           |       |
|     Using Both TX_REG and RX_REG |  435 |    60 |           |       |
+----------------------------------+------+-------+-----------+-------+
| Total SLLs Used                  | 6529 |       |           |       |
+----------------------------------+------+-------+-----------+-------+


2. SLR Connectivity Matrix
--------------------------

+-----------+------+------+------+
| FROM \ TO | SLR2 | SLR1 | SLR0 |
+-----------+------+------+------+
| SLR2      |    0 | 1687 |  193 |
| SLR1      | 1962 |    0 | 1210 |
| SLR0      |  140 | 1004 |    0 |
+-----------+------+------+------+


3. SLR CLB Logic and Dedicated Block Utilization
------------------------------------------------

+----------------------------+--------+-------+-------+--------+--------+--------+
|          Site Type         |  SLR0  |  SLR1 |  SLR2 | SLR0 % | SLR1 % | SLR2 % |
+----------------------------+--------+-------+-------+--------+--------+--------+
| CLB                        |  38004 |  6837 |  7659 |  69.15 |  12.66 |  14.18 |
|   CLBL                     |  19528 |  3410 |  3989 |  66.69 |  11.65 |  13.62 |
|   CLBM                     |  18476 |  3427 |  3670 |  71.95 |  13.86 |  14.85 |
| CLB LUTs                   | 169641 | 47653 | 35287 |  38.58 |  11.03 |   8.17 |
|   LUT as Logic             | 132792 | 43681 | 32279 |  30.20 |  10.11 |   7.47 |
|     using O5 output only   |   1949 |   286 |  1004 |   0.44 |   0.07 |   0.23 |
|     using O6 output only   |  89147 | 34275 | 19471 |  20.28 |   7.93 |   4.51 |
|     using O5 and O6        |  41696 |  9120 | 11804 |   9.48 |   2.11 |   2.73 |
|   LUT as Memory            |  36849 |  3972 |  3008 |  17.94 |   2.01 |   1.52 |
|     LUT as Distributed RAM |  17400 |  3837 |  1660 |   8.47 |   1.94 |   0.84 |
|       using O5 output only |      0 |     0 |     0 |   0.00 |   0.00 |   0.00 |
|       using O6 output only |     80 |   215 |    84 |   0.04 |   0.11 |   0.04 |
|       using O5 and O6      |  17320 |  3622 |  1576 |   8.43 |   1.83 |   0.80 |
|     LUT as Shift Register  |  19449 |   135 |  1348 |   9.47 |   0.07 |   0.68 |
|       using O5 output only |      0 |     0 |     0 |   0.00 |   0.00 |   0.00 |
|       using O6 output only |  12593 |   135 |  1218 |   6.13 |   0.07 |   0.62 |
|       using O5 and O6      |   6856 |     0 |   130 |   3.34 |   0.00 |   0.07 |
| CLB Registers              | 266225 | 46303 | 60280 |  30.27 |   5.36 |   6.98 |
| CARRY8                     |   9352 |   473 |   313 |  17.02 |   0.88 |   0.58 |
| F7 Muxes                   |   4016 |   651 |  1054 |   1.83 |   0.30 |   0.49 |
| F8 Muxes                   |   1176 |   141 |    47 |   1.07 |   0.13 |   0.04 |
| F9 Muxes                   |      0 |     0 |     0 |   0.00 |   0.00 |   0.00 |
| Block RAM Tile             |  189.5 |  80.5 |    94 |  28.20 |  11.98 |  13.99 |
|   RAMB36/FIFO              |    188 |    80 |    92 |  27.98 |  11.90 |  13.69 |
|     RAMB36E2 only          |    188 |    80 |    92 |  27.98 |  11.90 |  13.69 |
|   RAMB18                   |      3 |     1 |     4 |   0.22 |   0.07 |   0.30 |
|     RAMB18E2 only          |      3 |     1 |     4 |   0.22 |   0.07 |   0.30 |
| URAM                       |      0 |     0 |     0 |   0.00 |   0.00 |   0.00 |
| DSPs                       |     20 |     0 |     4 |   0.69 |   0.00 |   0.13 |
| Unique Control Sets        |   5482 |  1503 |  2721 |   4.99 |   1.39 |   2.52 |
+----------------------------+--------+-------+-------+--------+--------+--------+
* Note: Available Control Sets based on CLB Registers / 8


4. SLR IO Utilization
---------------------

+-----------+-----------+---------+------------+----------+------------+----------+-----+
| SLR Index | Used IOBs | (%)IOBs | Used IPADs | (%)IPADs | Used OPADs | (%)OPADs | GTs |
+-----------+-----------+---------+------------+----------+------------+----------+-----+
| SLR2      |        18 |    8.65 |          0 |     0.00 |          0 |     0.00 |   0 |
| SLR1      |         0 |    0.00 |          0 |     0.00 |          0 |     0.00 |   0 |
| SLR0      |         1 |    0.48 |          0 |     0.00 |          0 |     0.00 |  16 |
+-----------+-----------+---------+------------+----------+------------+----------+-----+
| Total     |        19 |         |          0 |          |          0 |          |  16 |
+-----------+-----------+---------+------------+----------+------------+----------+-----+


