Copyright 1986-2021 Xilinx, Inc. All Rights Reserved.
------------------------------------------------------------------------------------------------------------------------------------------------------------------------------------------------------------------------------------------------------------------------------------------------------------------------------------------------------------------------------------------------------------------------------
| Tool Version : Vivado v.2021.2 (lin64) Build 3367213 Tue Oct 19 02:47:39 MDT 2021
| Date         : Sat Nov  2 22:36:26 2024
| Host         : hacc-gpu0 running 64-bit Ubuntu 20.04.6 LTS
| Command      : report_accelerator_utilization -kernels { krnl_vaddmul:pfm_top_i/dynamic_region/krnl_vaddmul_1/inst:krnl_vaddmul_1 krnl_vaddmul:pfm_top_i/dynamic_region/krnl_vaddmul_2/inst:krnl_vaddmul_2 krnl_vaddmul:pfm_top_i/dynamic_region/krnl_vaddmul_3/inst:krnl_vaddmul_3 krnl_vaddmul:pfm_top_i/dynamic_region/krnl_vaddmul_4/inst:krnl_vaddmul_4} -file kernel_util_synthed.rpt -name kernel_util_synthed -json
| Design       : pfm_top_wrapper
| Device       : xcu280
| Design State : Synthesized
------------------------------------------------------------------------------------------------------------------------------------------------------------------------------------------------------------------------------------------------------------------------------------------------------------------------------------------------------------------------------------------------------------------------------

Accelerator Utilization Design Information

Table of Contents
-----------------
1. System Utilization

1. System Utilization
---------------------

+---------------------+-------------------+------------------+-------------------+----------------+---------------+----------------+
| Name                | LUT               | LUTAsMem         | REG               | BRAM           | URAM          | DSP            |
+---------------------+-------------------+------------------+-------------------+----------------+---------------+----------------+
| Platform            |  163115 [ 12.52%] |  33826 [  5.63%] |  240157 [  9.21%] |  204 [ 10.12%] |   0 [  0.00%] |    4 [  0.04%] |
| User Budget         | 1139605 [100.00%] | 566654 [100.00%] | 2367203 [100.00%] | 1812 [100.00%] | 960 [100.00%] | 9020 [100.00%] |
|    Used Resources   |  116384 [ 10.21%] |  19100 [  3.37%] |  135612 [  5.73%] |  244 [ 13.47%] |   0 [  0.00%] |   32 [  0.35%] |
|    Unused Resources | 1023221 [ 89.79%] | 547554 [ 96.63%] | 2231591 [ 94.27%] | 1568 [ 86.53%] | 960 [100.00%] | 8988 [ 99.65%] |
| krnl_vaddmul        |  116384 [ 10.21%] |  19100 [  3.37%] |  135612 [  5.73%] |  244 [ 13.47%] |   0 [  0.00%] |   32 [  0.35%] |
|    krnl_vaddmul_1   |   29096 [  2.55%] |   4775 [  0.84%] |   33903 [  1.43%] |   61 [  3.37%] |   0 [  0.00%] |    8 [  0.09%] |
|    krnl_vaddmul_2   |   29096 [  2.55%] |   4775 [  0.84%] |   33903 [  1.43%] |   61 [  3.37%] |   0 [  0.00%] |    8 [  0.09%] |
|    krnl_vaddmul_3   |   29096 [  2.55%] |   4775 [  0.84%] |   33903 [  1.43%] |   61 [  3.37%] |   0 [  0.00%] |    8 [  0.09%] |
|    krnl_vaddmul_4   |   29096 [  2.55%] |   4775 [  0.84%] |   33903 [  1.43%] |   61 [  3.37%] |   0 [  0.00%] |    8 [  0.09%] |
+---------------------+-------------------+------------------+-------------------+----------------+---------------+----------------+


