INFO: [v++ 60-1306] Additional information associated with this v++ link can be found at:
	Reports: /home/ziyuanwang/hbm/Vitis_Accel_Examples/performance/hbm_bandwidth/_x_5core_gmem0023_4.hw.xilinx_u280_xdma_201920_3/reports/link
	Log files: /home/ziyuanwang/hbm/Vitis_Accel_Examples/performance/hbm_bandwidth/_x_5core_gmem0023_4.hw.xilinx_u280_xdma_201920_3/logs/link
INFO: [v++ 60-1548] Creating build summary session with primary output /home/ziyuanwang/hbm/Vitis_Accel_Examples/performance/hbm_bandwidth/build_dir_5core_gmem0023_4.hw.xilinx_u280_xdma_201920_3/krnl_vaddmul.link.xclbin.link_summary, at Tue Nov 19 15:40:10 2024
INFO: [v++ 60-1316] Initiating connection to rulecheck server, at Tue Nov 19 15:40:10 2024
INFO: [v++ 60-1315] Creating rulecheck session with output '/home/ziyuanwang/hbm/Vitis_Accel_Examples/performance/hbm_bandwidth/_x_5core_gmem0023_4.hw.xilinx_u280_xdma_201920_3/reports/link/v++_link_krnl_vaddmul.link_guidance.html', at Tue Nov 19 15:40:13 2024
INFO: [v++ 60-895]   Target platform: /opt/xilinx/platforms/xilinx_u280_xdma_201920_3/xilinx_u280_xdma_201920_3.xpfm
INFO: [v++ 60-1578]   This platform contains Xilinx Shell Archive '/opt/xilinx/platforms/xilinx_u280_xdma_201920_3/hw/xilinx_u280_xdma_201920_3.xsa'
INFO: [v++ 74-78] Compiler Version string: 2021.2
INFO: [v++ 60-1302] Platform 'xilinx_u280_xdma_201920_3.xpfm' has been explicitly enabled for this release.
INFO: [v++ 60-629] Linking for hardware target
INFO: [v++ 60-423]   Target device: xilinx_u280_xdma_201920_3
INFO: [v++ 60-1332] Run 'run_link' status: Not started
INFO: [v++ 60-1443] [15:40:32] Run run_link: Step system_link: Started
INFO: [v++ 60-1453] Command Line: system_link --xo /home/ziyuanwang/hbm/Vitis_Accel_Examples/performance/hbm_bandwidth/_x_5core_gmem0023_4.hw.xilinx_u280_xdma_201920_3/krnl_vaddmul.xo -keep --config /home/ziyuanwang/hbm/Vitis_Accel_Examples/performance/hbm_bandwidth/_x_5core_gmem0023_4.hw.xilinx_u280_xdma_201920_3/link/int/syslinkConfig.ini --xpfm /opt/xilinx/platforms/xilinx_u280_xdma_201920_3/xilinx_u280_xdma_201920_3.xpfm --target hw --output_dir /home/ziyuanwang/hbm/Vitis_Accel_Examples/performance/hbm_bandwidth/_x_5core_gmem0023_4.hw.xilinx_u280_xdma_201920_3/link/int --temp_dir /home/ziyuanwang/hbm/Vitis_Accel_Examples/performance/hbm_bandwidth/_x_5core_gmem0023_4.hw.xilinx_u280_xdma_201920_3/link/sys_link
INFO: [v++ 60-1454] Run Directory: /home/ziyuanwang/hbm/Vitis_Accel_Examples/performance/hbm_bandwidth/_x_5core_gmem0023_4.hw.xilinx_u280_xdma_201920_3/link/run_link
INFO: [SYSTEM_LINK 60-1316] Initiating connection to rulecheck server, at Tue Nov 19 15:40:36 2024
INFO: [SYSTEM_LINK 82-70] Extracting xo v3 file /home/ziyuanwang/hbm/Vitis_Accel_Examples/performance/hbm_bandwidth/_x_5core_gmem0023_4.hw.xilinx_u280_xdma_201920_3/krnl_vaddmul.xo
INFO: [SYSTEM_LINK 82-53] Creating IP database /home/ziyuanwang/hbm/Vitis_Accel_Examples/performance/hbm_bandwidth/_x_5core_gmem0023_4.hw.xilinx_u280_xdma_201920_3/link/sys_link/_sysl/.cdb/xd_ip_db.xml
INFO: [SYSTEM_LINK 82-38] [15:40:55] build_xd_ip_db started: /tools/Xilinx/Vitis/2021.2/bin/build_xd_ip_db -ip_search 0  -sds-pf /home/ziyuanwang/hbm/Vitis_Accel_Examples/performance/hbm_bandwidth/_x_5core_gmem0023_4.hw.xilinx_u280_xdma_201920_3/link/sys_link/xilinx_u280_xdma_201920_3.hpfm -clkid 0 -ip /home/ziyuanwang/hbm/Vitis_Accel_Examples/performance/hbm_bandwidth/_x_5core_gmem0023_4.hw.xilinx_u280_xdma_201920_3/link/sys_link/iprepo/xilinx_com_hls_krnl_vaddmul_1_0,krnl_vaddmul -o /home/ziyuanwang/hbm/Vitis_Accel_Examples/performance/hbm_bandwidth/_x_5core_gmem0023_4.hw.xilinx_u280_xdma_201920_3/link/sys_link/_sysl/.cdb/xd_ip_db.xml
INFO: [SYSTEM_LINK 82-37] [15:41:05] build_xd_ip_db finished successfully
Time (s): cpu = 00:00:04 ; elapsed = 00:00:10 . Memory (MB): peak = 2168.234 ; gain = 0.000 ; free physical = 31954 ; free virtual = 471367
INFO: [SYSTEM_LINK 82-51] Create system connectivity graph
INFO: [SYSTEM_LINK 82-102] Applying explicit connections to the system connectivity graph: /home/ziyuanwang/hbm/Vitis_Accel_Examples/performance/hbm_bandwidth/_x_5core_gmem0023_4.hw.xilinx_u280_xdma_201920_3/link/sys_link/cfgraph/cfgen_cfgraph.xml
INFO: [SYSTEM_LINK 82-38] [15:41:05] cfgen started: /tools/Xilinx/Vitis/2021.2/bin/cfgen  -nk krnl_vaddmul:5 -sp krnl_vaddmul_1.in1:HBM[0] -sp krnl_vaddmul_1.in2:HBM[1] -sp krnl_vaddmul_1.out_add:HBM[2] -sp krnl_vaddmul_1.out_mul:HBM[3] -sp krnl_vaddmul_2.in1:HBM[4] -sp krnl_vaddmul_2.in2:HBM[5] -sp krnl_vaddmul_2.out_add:HBM[6] -sp krnl_vaddmul_2.out_mul:HBM[7] -sp krnl_vaddmul_3.in1:HBM[8] -sp krnl_vaddmul_3.in2:HBM[9] -sp krnl_vaddmul_3.out_add:HBM[10] -sp krnl_vaddmul_3.out_mul:HBM[11] -sp krnl_vaddmul_4.in1:HBM[12] -sp krnl_vaddmul_4.in2:HBM[13] -sp krnl_vaddmul_4.out_add:HBM[14] -sp krnl_vaddmul_4.out_mul:HBM[15] -sp krnl_vaddmul_5.in1:HBM[16] -sp krnl_vaddmul_5.in2:HBM[17] -sp krnl_vaddmul_5.out_add:HBM[18] -sp krnl_vaddmul_5.out_mul:HBM[19] -dmclkid 0 -r /home/ziyuanwang/hbm/Vitis_Accel_Examples/performance/hbm_bandwidth/_x_5core_gmem0023_4.hw.xilinx_u280_xdma_201920_3/link/sys_link/_sysl/.cdb/xd_ip_db.xml -o /home/ziyuanwang/hbm/Vitis_Accel_Examples/performance/hbm_bandwidth/_x_5core_gmem0023_4.hw.xilinx_u280_xdma_201920_3/link/sys_link/cfgraph/cfgen_cfgraph.xml
INFO: [CFGEN 83-0] Kernel Specs: 
INFO: [CFGEN 83-0]   kernel: krnl_vaddmul, num: 5  {krnl_vaddmul_1 krnl_vaddmul_2 krnl_vaddmul_3 krnl_vaddmul_4 krnl_vaddmul_5}
INFO: [CFGEN 83-0] Port Specs: 
INFO: [CFGEN 83-0]   kernel: krnl_vaddmul_1, k_port: in1, sptag: HBM[0]
INFO: [CFGEN 83-0]   kernel: krnl_vaddmul_1, k_port: in2, sptag: HBM[1]
INFO: [CFGEN 83-0]   kernel: krnl_vaddmul_1, k_port: out_add, sptag: HBM[2]
INFO: [CFGEN 83-0]   kernel: krnl_vaddmul_1, k_port: out_mul, sptag: HBM[3]
INFO: [CFGEN 83-0]   kernel: krnl_vaddmul_2, k_port: in1, sptag: HBM[4]
INFO: [CFGEN 83-0]   kernel: krnl_vaddmul_2, k_port: in2, sptag: HBM[5]
INFO: [CFGEN 83-0]   kernel: krnl_vaddmul_2, k_port: out_add, sptag: HBM[6]
INFO: [CFGEN 83-0]   kernel: krnl_vaddmul_2, k_port: out_mul, sptag: HBM[7]
INFO: [CFGEN 83-0]   kernel: krnl_vaddmul_3, k_port: in1, sptag: HBM[8]
INFO: [CFGEN 83-0]   kernel: krnl_vaddmul_3, k_port: in2, sptag: HBM[9]
INFO: [CFGEN 83-0]   kernel: krnl_vaddmul_3, k_port: out_add, sptag: HBM[10]
INFO: [CFGEN 83-0]   kernel: krnl_vaddmul_3, k_port: out_mul, sptag: HBM[11]
INFO: [CFGEN 83-0]   kernel: krnl_vaddmul_4, k_port: in1, sptag: HBM[12]
INFO: [CFGEN 83-0]   kernel: krnl_vaddmul_4, k_port: in2, sptag: HBM[13]
INFO: [CFGEN 83-0]   kernel: krnl_vaddmul_4, k_port: out_add, sptag: HBM[14]
INFO: [CFGEN 83-0]   kernel: krnl_vaddmul_4, k_port: out_mul, sptag: HBM[15]
INFO: [CFGEN 83-0]   kernel: krnl_vaddmul_5, k_port: in1, sptag: HBM[16]
INFO: [CFGEN 83-0]   kernel: krnl_vaddmul_5, k_port: in2, sptag: HBM[17]
INFO: [CFGEN 83-0]   kernel: krnl_vaddmul_5, k_port: out_add, sptag: HBM[18]
INFO: [CFGEN 83-0]   kernel: krnl_vaddmul_5, k_port: out_mul, sptag: HBM[19]
INFO: [CFGEN 83-2228] Creating mapping for argument krnl_vaddmul_1.in1 to HBM[0] for directive krnl_vaddmul_1.in1:HBM[0]
INFO: [CFGEN 83-2228] Creating mapping for argument krnl_vaddmul_1.in2 to HBM[1] for directive krnl_vaddmul_1.in2:HBM[1]
INFO: [CFGEN 83-2228] Creating mapping for argument krnl_vaddmul_1.out_add to HBM[2] for directive krnl_vaddmul_1.out_add:HBM[2]
INFO: [CFGEN 83-2228] Creating mapping for argument krnl_vaddmul_1.out_mul to HBM[3] for directive krnl_vaddmul_1.out_mul:HBM[3]
INFO: [CFGEN 83-2228] Creating mapping for argument krnl_vaddmul_2.in1 to HBM[4] for directive krnl_vaddmul_2.in1:HBM[4]
INFO: [CFGEN 83-2228] Creating mapping for argument krnl_vaddmul_2.in2 to HBM[5] for directive krnl_vaddmul_2.in2:HBM[5]
INFO: [CFGEN 83-2228] Creating mapping for argument krnl_vaddmul_2.out_add to HBM[6] for directive krnl_vaddmul_2.out_add:HBM[6]
INFO: [CFGEN 83-2228] Creating mapping for argument krnl_vaddmul_2.out_mul to HBM[7] for directive krnl_vaddmul_2.out_mul:HBM[7]
INFO: [CFGEN 83-2228] Creating mapping for argument krnl_vaddmul_3.in1 to HBM[8] for directive krnl_vaddmul_3.in1:HBM[8]
INFO: [CFGEN 83-2228] Creating mapping for argument krnl_vaddmul_3.in2 to HBM[9] for directive krnl_vaddmul_3.in2:HBM[9]
INFO: [CFGEN 83-2228] Creating mapping for argument krnl_vaddmul_3.out_add to HBM[10] for directive krnl_vaddmul_3.out_add:HBM[10]
INFO: [CFGEN 83-2228] Creating mapping for argument krnl_vaddmul_3.out_mul to HBM[11] for directive krnl_vaddmul_3.out_mul:HBM[11]
INFO: [CFGEN 83-2228] Creating mapping for argument krnl_vaddmul_4.in1 to HBM[12] for directive krnl_vaddmul_4.in1:HBM[12]
INFO: [CFGEN 83-2228] Creating mapping for argument krnl_vaddmul_4.in2 to HBM[13] for directive krnl_vaddmul_4.in2:HBM[13]
INFO: [CFGEN 83-2228] Creating mapping for argument krnl_vaddmul_4.out_add to HBM[14] for directive krnl_vaddmul_4.out_add:HBM[14]
INFO: [CFGEN 83-2228] Creating mapping for argument krnl_vaddmul_4.out_mul to HBM[15] for directive krnl_vaddmul_4.out_mul:HBM[15]
INFO: [CFGEN 83-2228] Creating mapping for argument krnl_vaddmul_5.in1 to HBM[16] for directive krnl_vaddmul_5.in1:HBM[16]
INFO: [CFGEN 83-2228] Creating mapping for argument krnl_vaddmul_5.in2 to HBM[17] for directive krnl_vaddmul_5.in2:HBM[17]
INFO: [CFGEN 83-2228] Creating mapping for argument krnl_vaddmul_5.out_add to HBM[18] for directive krnl_vaddmul_5.out_add:HBM[18]
INFO: [CFGEN 83-2228] Creating mapping for argument krnl_vaddmul_5.out_mul to HBM[19] for directive krnl_vaddmul_5.out_mul:HBM[19]
INFO: [SYSTEM_LINK 82-37] [15:41:13] cfgen finished successfully
Time (s): cpu = 00:00:07 ; elapsed = 00:00:08 . Memory (MB): peak = 2168.234 ; gain = 0.000 ; free physical = 32048 ; free virtual = 471500
INFO: [SYSTEM_LINK 82-52] Create top-level block diagram
INFO: [SYSTEM_LINK 82-38] [15:41:13] cf2bd started: /tools/Xilinx/Vitis/2021.2/bin/cf2bd  --linux --trace_buffer 1024 --input_file /home/ziyuanwang/hbm/Vitis_Accel_Examples/performance/hbm_bandwidth/_x_5core_gmem0023_4.hw.xilinx_u280_xdma_201920_3/link/sys_link/cfgraph/cfgen_cfgraph.xml --ip_db /home/ziyuanwang/hbm/Vitis_Accel_Examples/performance/hbm_bandwidth/_x_5core_gmem0023_4.hw.xilinx_u280_xdma_201920_3/link/sys_link/_sysl/.cdb/xd_ip_db.xml --cf_name dr --working_dir /home/ziyuanwang/hbm/Vitis_Accel_Examples/performance/hbm_bandwidth/_x_5core_gmem0023_4.hw.xilinx_u280_xdma_201920_3/link/sys_link/_sysl/.xsd --temp_dir /home/ziyuanwang/hbm/Vitis_Accel_Examples/performance/hbm_bandwidth/_x_5core_gmem0023_4.hw.xilinx_u280_xdma_201920_3/link/sys_link --output_dir /home/ziyuanwang/hbm/Vitis_Accel_Examples/performance/hbm_bandwidth/_x_5core_gmem0023_4.hw.xilinx_u280_xdma_201920_3/link/int --target_bd pfm_dynamic.bd
INFO: [CF2BD 82-31] Launching cf2xd: cf2xd -linux -trace-buffer 1024 -i /home/ziyuanwang/hbm/Vitis_Accel_Examples/performance/hbm_bandwidth/_x_5core_gmem0023_4.hw.xilinx_u280_xdma_201920_3/link/sys_link/cfgraph/cfgen_cfgraph.xml -r /home/ziyuanwang/hbm/Vitis_Accel_Examples/performance/hbm_bandwidth/_x_5core_gmem0023_4.hw.xilinx_u280_xdma_201920_3/link/sys_link/_sysl/.cdb/xd_ip_db.xml -o dr.xml
INFO: [CF2BD 82-28] cf2xd finished successfully
INFO: [CF2BD 82-31] Launching cf_xsd: cf_xsd -disable-address-gen -bd pfm_dynamic.bd -dn dr -dp /home/ziyuanwang/hbm/Vitis_Accel_Examples/performance/hbm_bandwidth/_x_5core_gmem0023_4.hw.xilinx_u280_xdma_201920_3/link/sys_link/_sysl/.xsd
INFO: [CF2BD 82-28] cf_xsd finished successfully
INFO: [SYSTEM_LINK 82-37] [15:41:19] cf2bd finished successfully
Time (s): cpu = 00:00:04 ; elapsed = 00:00:06 . Memory (MB): peak = 2168.234 ; gain = 0.000 ; free physical = 30867 ; free virtual = 470348
INFO: [v++ 60-1441] [15:41:19] Run run_link: Step system_link: Completed
Time (s): cpu = 00:00:20 ; elapsed = 00:00:47 . Memory (MB): peak = 2062.195 ; gain = 0.000 ; free physical = 30905 ; free virtual = 470387
INFO: [v++ 60-1443] [15:41:19] Run run_link: Step cf2sw: Started
INFO: [v++ 60-1453] Command Line: cf2sw -sdsl /home/ziyuanwang/hbm/Vitis_Accel_Examples/performance/hbm_bandwidth/_x_5core_gmem0023_4.hw.xilinx_u280_xdma_201920_3/link/int/sdsl.dat -rtd /home/ziyuanwang/hbm/Vitis_Accel_Examples/performance/hbm_bandwidth/_x_5core_gmem0023_4.hw.xilinx_u280_xdma_201920_3/link/int/cf2sw.rtd -nofilter /home/ziyuanwang/hbm/Vitis_Accel_Examples/performance/hbm_bandwidth/_x_5core_gmem0023_4.hw.xilinx_u280_xdma_201920_3/link/int/cf2sw_full.rtd -xclbin /home/ziyuanwang/hbm/Vitis_Accel_Examples/performance/hbm_bandwidth/_x_5core_gmem0023_4.hw.xilinx_u280_xdma_201920_3/link/int/xclbin_orig.xml -o /home/ziyuanwang/hbm/Vitis_Accel_Examples/performance/hbm_bandwidth/_x_5core_gmem0023_4.hw.xilinx_u280_xdma_201920_3/link/int/xclbin_orig.1.xml
INFO: [v++ 60-1454] Run Directory: /home/ziyuanwang/hbm/Vitis_Accel_Examples/performance/hbm_bandwidth/_x_5core_gmem0023_4.hw.xilinx_u280_xdma_201920_3/link/run_link
INFO: [v++ 60-1441] [15:41:26] Run run_link: Step cf2sw: Completed
Time (s): cpu = 00:00:06 ; elapsed = 00:00:07 . Memory (MB): peak = 2062.195 ; gain = 0.000 ; free physical = 32206 ; free virtual = 471721
INFO: [v++ 60-1443] [15:41:26] Run run_link: Step rtd2_system_diagram: Started
INFO: [v++ 60-1453] Command Line: rtd2SystemDiagram
INFO: [v++ 60-1454] Run Directory: /home/ziyuanwang/hbm/Vitis_Accel_Examples/performance/hbm_bandwidth/_x_5core_gmem0023_4.hw.xilinx_u280_xdma_201920_3/link/run_link
INFO: [v++ 60-1441] [15:41:27] Run run_link: Step rtd2_system_diagram: Completed
Time (s): cpu = 00:00:00 ; elapsed = 00:00:00.90 . Memory (MB): peak = 2062.195 ; gain = 0.000 ; free physical = 32153 ; free virtual = 471667
INFO: [v++ 60-1443] [15:41:27] Run run_link: Step vpl: Started
INFO: [v++ 60-1453] Command Line: vpl -t hw -f xilinx_u280_xdma_201920_3 --remote_ip_cache /home/ziyuanwang/hbm/Vitis_Accel_Examples/performance/hbm_bandwidth/.ipcache -s --output_dir /home/ziyuanwang/hbm/Vitis_Accel_Examples/performance/hbm_bandwidth/_x_5core_gmem0023_4.hw.xilinx_u280_xdma_201920_3/link/int --log_dir /home/ziyuanwang/hbm/Vitis_Accel_Examples/performance/hbm_bandwidth/_x_5core_gmem0023_4.hw.xilinx_u280_xdma_201920_3/logs/link --report_dir /home/ziyuanwang/hbm/Vitis_Accel_Examples/performance/hbm_bandwidth/_x_5core_gmem0023_4.hw.xilinx_u280_xdma_201920_3/reports/link --config /home/ziyuanwang/hbm/Vitis_Accel_Examples/performance/hbm_bandwidth/_x_5core_gmem0023_4.hw.xilinx_u280_xdma_201920_3/link/int/vplConfig.ini -k /home/ziyuanwang/hbm/Vitis_Accel_Examples/performance/hbm_bandwidth/_x_5core_gmem0023_4.hw.xilinx_u280_xdma_201920_3/link/int/kernel_info.dat --webtalk_flag Vitis --temp_dir /home/ziyuanwang/hbm/Vitis_Accel_Examples/performance/hbm_bandwidth/_x_5core_gmem0023_4.hw.xilinx_u280_xdma_201920_3/link --no-info --iprepo /home/ziyuanwang/hbm/Vitis_Accel_Examples/performance/hbm_bandwidth/_x_5core_gmem0023_4.hw.xilinx_u280_xdma_201920_3/link/int/xo/ip_repo/xilinx_com_hls_krnl_vaddmul_1_0 --messageDb /home/ziyuanwang/hbm/Vitis_Accel_Examples/performance/hbm_bandwidth/_x_5core_gmem0023_4.hw.xilinx_u280_xdma_201920_3/link/run_link/vpl.pb /home/ziyuanwang/hbm/Vitis_Accel_Examples/performance/hbm_bandwidth/_x_5core_gmem0023_4.hw.xilinx_u280_xdma_201920_3/link/int/dr.bd.tcl
INFO: [v++ 60-1454] Run Directory: /home/ziyuanwang/hbm/Vitis_Accel_Examples/performance/hbm_bandwidth/_x_5core_gmem0023_4.hw.xilinx_u280_xdma_201920_3/link/run_link

****** vpl v2021.2 (64-bit)
  **** SW Build 3363252 on 2021-10-14-04:41:01
    ** Copyright 1986-2020 Xilinx, Inc. All Rights Reserved.

INFO: [VPL 60-839] Read in kernel information from file '/home/ziyuanwang/hbm/Vitis_Accel_Examples/performance/hbm_bandwidth/_x_5core_gmem0023_4.hw.xilinx_u280_xdma_201920_3/link/int/kernel_info.dat'.
INFO: [VPL 74-78] Compiler Version string: 2021.2
INFO: [VPL 60-423]   Target device: xilinx_u280_xdma_201920_3
INFO: [VPL 60-1032] Extracting hardware platform to /home/ziyuanwang/hbm/Vitis_Accel_Examples/performance/hbm_bandwidth/_x_5core_gmem0023_4.hw.xilinx_u280_xdma_201920_3/link/vivado/vpl/.local/hw_platform
[15:56:30] Run vpl: Step create_project: Started
Creating Vivado project.
[15:56:52] Run vpl: Step create_project: Completed
[15:56:52] Run vpl: Step create_bd: Started
[15:58:13] Run vpl: Step create_bd: RUNNING...
[15:59:32] Run vpl: Step create_bd: RUNNING...
[16:00:51] Run vpl: Step create_bd: RUNNING...
[16:02:13] Run vpl: Step create_bd: RUNNING...
[16:03:31] Run vpl: Step create_bd: RUNNING...
[16:04:49] Run vpl: Step create_bd: RUNNING...
[16:06:07] Run vpl: Step create_bd: RUNNING...
[16:07:26] Run vpl: Step create_bd: RUNNING...
[16:08:43] Run vpl: Step create_bd: RUNNING...
[16:10:03] Run vpl: Step create_bd: RUNNING...
[16:11:21] Run vpl: Step create_bd: RUNNING...
[16:12:42] Run vpl: Step create_bd: RUNNING...
[16:14:04] Run vpl: Step create_bd: RUNNING...
[16:14:54] Run vpl: Step create_bd: Completed
[16:14:54] Run vpl: Step update_bd: Started
[16:15:00] Run vpl: Step update_bd: Completed
[16:15:00] Run vpl: Step generate_target: Started
[16:16:23] Run vpl: Step generate_target: RUNNING...
[16:17:41] Run vpl: Step generate_target: RUNNING...
[16:19:02] Run vpl: Step generate_target: RUNNING...
[16:20:25] Run vpl: Step generate_target: RUNNING...
[16:21:43] Run vpl: Step generate_target: RUNNING...
[16:23:16] Run vpl: Step generate_target: RUNNING...
[16:24:27] Run vpl: Step generate_target: Completed
[16:24:27] Run vpl: Step config_hw_runs: Started
[16:25:53] Run vpl: Step config_hw_runs: Completed
[16:25:53] Run vpl: Step synth: Started
[16:28:09] Block-level synthesis in progress, 0 of 25 jobs complete, 1 job running.
[16:28:41] Block-level synthesis in progress, 0 of 25 jobs complete, 8 jobs running.
[16:29:13] Block-level synthesis in progress, 0 of 25 jobs complete, 8 jobs running.
[16:29:47] Block-level synthesis in progress, 0 of 25 jobs complete, 8 jobs running.
[16:30:18] Block-level synthesis in progress, 0 of 25 jobs complete, 8 jobs running.
[16:30:50] Block-level synthesis in progress, 0 of 25 jobs complete, 8 jobs running.
[16:31:22] Block-level synthesis in progress, 0 of 25 jobs complete, 8 jobs running.
[16:31:55] Block-level synthesis in progress, 0 of 25 jobs complete, 8 jobs running.
[16:32:26] Block-level synthesis in progress, 0 of 25 jobs complete, 8 jobs running.
[16:32:57] Block-level synthesis in progress, 0 of 25 jobs complete, 8 jobs running.
[16:33:29] Block-level synthesis in progress, 0 of 25 jobs complete, 8 jobs running.
[16:34:01] Block-level synthesis in progress, 3 of 25 jobs complete, 5 jobs running.
[16:34:33] Block-level synthesis in progress, 7 of 25 jobs complete, 1 job running.
[16:35:05] Block-level synthesis in progress, 7 of 25 jobs complete, 4 jobs running.
[16:35:36] Block-level synthesis in progress, 7 of 25 jobs complete, 8 jobs running.
[16:36:08] Block-level synthesis in progress, 7 of 25 jobs complete, 8 jobs running.
[16:36:40] Block-level synthesis in progress, 7 of 25 jobs complete, 8 jobs running.
[16:37:13] Block-level synthesis in progress, 7 of 25 jobs complete, 8 jobs running.
[16:37:45] Block-level synthesis in progress, 8 of 25 jobs complete, 7 jobs running.
[16:38:17] Block-level synthesis in progress, 8 of 25 jobs complete, 7 jobs running.
[16:38:49] Block-level synthesis in progress, 8 of 25 jobs complete, 8 jobs running.
[16:39:22] Block-level synthesis in progress, 8 of 25 jobs complete, 8 jobs running.
[16:39:54] Block-level synthesis in progress, 8 of 25 jobs complete, 8 jobs running.
[16:40:26] Block-level synthesis in progress, 8 of 25 jobs complete, 8 jobs running.
[16:40:58] Block-level synthesis in progress, 10 of 25 jobs complete, 6 jobs running.
[16:41:31] Block-level synthesis in progress, 14 of 25 jobs complete, 2 jobs running.
[16:42:03] Block-level synthesis in progress, 15 of 25 jobs complete, 5 jobs running.
[16:42:35] Block-level synthesis in progress, 15 of 25 jobs complete, 5 jobs running.
[16:43:07] Block-level synthesis in progress, 15 of 25 jobs complete, 5 jobs running.
[16:43:39] Block-level synthesis in progress, 15 of 25 jobs complete, 5 jobs running.
[16:44:12] Block-level synthesis in progress, 16 of 25 jobs complete, 4 jobs running.
[16:44:53] Block-level synthesis in progress, 18 of 25 jobs complete, 2 jobs running.
[16:45:25] Block-level synthesis in progress, 18 of 25 jobs complete, 2 jobs running.
[16:45:56] Block-level synthesis in progress, 20 of 25 jobs complete, 0 jobs running.
[16:46:28] Block-level synthesis in progress, 20 of 25 jobs complete, 2 jobs running.
[16:47:00] Block-level synthesis in progress, 24 of 25 jobs complete, 1 job running.
[16:47:32] Block-level synthesis in progress, 24 of 25 jobs complete, 1 job running.
[16:48:08] Block-level synthesis in progress, 24 of 25 jobs complete, 1 job running.
[16:48:40] Block-level synthesis in progress, 24 of 25 jobs complete, 1 job running.
[16:49:13] Block-level synthesis in progress, 24 of 25 jobs complete, 1 job running.
[16:49:44] Block-level synthesis in progress, 25 of 25 jobs complete, 0 jobs running.
[16:50:17] Top-level synthesis in progress.
[16:50:48] Top-level synthesis in progress.
[16:51:23] Top-level synthesis in progress.
[16:51:56] Top-level synthesis in progress.
[16:52:28] Top-level synthesis in progress.
[16:53:00] Top-level synthesis in progress.
[16:53:13] Run vpl: Step synth: Completed
[16:53:13] Run vpl: Step impl: Started
[17:05:24] Finished 2nd of 6 tasks (FPGA linking synthesized kernels to platform). Elapsed time: 01h 23m 54s 

[17:05:24] Starting logic optimization..
[17:07:04] Phase 1 Retarget
[17:07:40] Phase 2 Constant propagation
[17:08:12] Phase 3 Sweep
[17:09:48] Phase 4 BUFG optimization
[17:10:32] Phase 5 Shift Register Optimization
[17:10:32] Phase 6 Post Processing Netlist
[17:13:25] Finished 3rd of 6 tasks (FPGA logic optimization). Elapsed time: 00h 08m 00s 

[17:13:25] Starting logic placement..
[17:14:29] Phase 1 Placer Initialization
[17:14:29] Phase 1.1 Placer Initialization Netlist Sorting
[17:20:37] Phase 1.2 IO Placement/ Clock Placement/ Build Placer Device
[17:21:48] Phase 1.3 Build Placer Netlist Model
[17:24:01] Phase 1.4 Constrain Clocks/Macros
[17:24:33] Phase 2 Global Placement
[17:24:33] Phase 2.1 Floorplanning
[17:25:05] Phase 2.1.1 Partition Driven Placement
[17:25:05] Phase 2.1.1.1 PBP: Partition Driven Placement
[17:26:14] Phase 2.1.1.2 PBP: Clock Region Placement
[17:26:46] Phase 2.1.1.3 PBP: Compute Congestion
[17:26:46] Phase 2.1.1.4 PBP: UpdateTiming
[17:27:53] Phase 2.1.1.5 PBP: Add part constraints
[17:27:53] Phase 2.2 Physical Synthesis After Floorplan
[17:28:57] Phase 2.3 Update Timing before SLR Path Opt
[17:28:57] Phase 2.4 Post-Processing in Floorplanning
[17:28:57] Phase 2.5 Global Placement Core
[17:41:46] Phase 2.5.1 Physical Synthesis In Placer
[17:44:39] Phase 3 Detail Placement
[17:44:39] Phase 3.1 Commit Multi Column Macros
[17:44:39] Phase 3.2 Commit Most Macros & LUTRAMs
[17:46:18] Phase 3.3 Small Shape DP
[17:46:18] Phase 3.3.1 Small Shape Clustering
[17:46:18] Phase 3.3.2 Flow Legalize Slice Clusters
[17:46:18] Phase 3.3.3 Slice Area Swap
[17:47:28] Phase 3.4 Place Remaining
[17:47:28] Phase 3.5 Re-assign LUT pins
[17:48:01] Phase 3.6 Pipeline Register Optimization
[17:48:01] Phase 3.7 Fast Optimization
[17:49:06] Phase 4 Post Placement Optimization and Clean-Up
[17:49:06] Phase 4.1 Post Commit Optimization
[17:51:30] Phase 4.1.1 Post Placement Optimization
[17:51:30] Phase 4.1.1.1 BUFG Insertion
[17:51:30] Phase 1 Physical Synthesis Initialization
[17:52:02] Phase 4.1.1.2 BUFG Replication
[17:52:02] Phase 4.1.1.3 Post Placement Timing Optimization
[17:56:01] Phase 4.1.1.4 Replication
[17:57:47] Phase 4.2 Post Placement Cleanup
[17:57:47] Phase 4.3 Placer Reporting
[17:57:47] Phase 4.3.1 Print Estimated Congestion
[17:58:19] Phase 4.4 Final Placement Cleanup
[18:02:24] Finished 4th of 6 tasks (FPGA logic placement). Elapsed time: 00h 48m 58s 

[18:02:24] Starting logic routing..
[18:04:08] Phase 1 Build RT Design
[18:07:01] Phase 2 Router Initialization
[18:07:01] Phase 2.1 Fix Topology Constraints
[18:07:01] Phase 2.2 Pre Route Cleanup
[18:07:34] Phase 2.3 Global Clock Net Routing
[18:08:06] Phase 2.4 Update Timing
[18:10:54] Phase 2.5 Update Timing for Bus Skew
[18:10:54] Phase 2.5.1 Update Timing
[18:12:33] Phase 3 Initial Routing
[18:12:33] Phase 3.1 Global Routing
[18:13:40] Phase 4 Rip-up And Reroute
[18:13:40] Phase 4.1 Global Iteration 0
[18:27:39] Phase 4.2 Global Iteration 1
[18:28:10] Phase 4.3 Global Iteration 2
[18:30:27] Phase 5 Delay and Skew Optimization
[18:30:27] Phase 5.1 Delay CleanUp
[18:30:27] Phase 5.1.1 Update Timing
[18:32:06] Phase 5.2 Clock Skew Optimization
[18:32:06] Phase 6 Post Hold Fix
[18:32:06] Phase 6.1 Hold Fix Iter
[18:32:06] Phase 6.1.1 Update Timing
[18:33:10] Phase 6.1.2 Lut RouteThru Assignment for hold
[18:33:42] Phase 7 Leaf Clock Prog Delay Opt
[18:34:45] Phase 8 Route finalize
[18:34:45] Phase 9 Verifying routed nets
[18:35:17] Phase 10 Depositing Routes
[18:35:49] Phase 11 Resolve XTalk
[18:35:49] Phase 12 Post Router Timing
[18:36:21] Finished 5th of 6 tasks (FPGA routing). Elapsed time: 00h 33m 57s 

[18:36:21] Starting bitstream generation..
[18:47:46] Creating bitmap...
[18:58:21] Writing bitstream ./pfm_top_i_dynamic_region_my_rm_partial.bit...
[18:58:21] Finished 6th of 6 tasks (FPGA bitstream generation). Elapsed time: 00h 22m 00s 
[18:58:40] Run vpl: Step impl: Completed
[18:58:45] Run vpl: FINISHED. Run Status: impl Complete!
INFO: [v++ 60-1441] [18:59:09] Run run_link: Step vpl: Completed
Time (s): cpu = 00:01:42 ; elapsed = 03:17:42 . Memory (MB): peak = 2062.195 ; gain = 0.000 ; free physical = 19211 ; free virtual = 456315
INFO: [v++ 60-1443] [18:59:09] Run run_link: Step rtdgen: Started
INFO: [v++ 60-1453] Command Line: rtdgen
INFO: [v++ 60-1454] Run Directory: /home/ziyuanwang/hbm/Vitis_Accel_Examples/performance/hbm_bandwidth/_x_5core_gmem0023_4.hw.xilinx_u280_xdma_201920_3/link/run_link
INFO: [v++ 60-991] clock name 'clkwiz_kernel_clk_out1' (clock ID '0') is being mapped to clock name 'DATA_CLK' in the xclbin
INFO: [v++ 60-991] clock name 'clkwiz_kernel2_clk_out1' (clock ID '1') is being mapped to clock name 'KERNEL_CLK' in the xclbin
INFO: [v++ 60-991] clock name 'clk_out1_pfm_top_clkwiz_hbm_aclk_0' (clock ID '') is being mapped to clock name 'clk_out1_pfm_top_clkwiz_hbm_aclk_0' in the xclbin
INFO: [v++ 60-1230] The compiler selected the following frequencies for the runtime controllable kernel clock(s) and scalable system clock(s): System (SYSTEM) clock: clk_out1_pfm_top_clkwiz_hbm_aclk_0 = 450, Kernel (DATA) clock: clkwiz_kernel_clk_out1 = 300, Kernel (KERNEL) clock: clkwiz_kernel2_clk_out1 = 500
INFO: [v++ 60-1453] Command Line: cf2sw -a /home/ziyuanwang/hbm/Vitis_Accel_Examples/performance/hbm_bandwidth/_x_5core_gmem0023_4.hw.xilinx_u280_xdma_201920_3/link/int/address_map.xml -sdsl /home/ziyuanwang/hbm/Vitis_Accel_Examples/performance/hbm_bandwidth/_x_5core_gmem0023_4.hw.xilinx_u280_xdma_201920_3/link/int/sdsl.dat -xclbin /home/ziyuanwang/hbm/Vitis_Accel_Examples/performance/hbm_bandwidth/_x_5core_gmem0023_4.hw.xilinx_u280_xdma_201920_3/link/int/xclbin_orig.xml -rtd /home/ziyuanwang/hbm/Vitis_Accel_Examples/performance/hbm_bandwidth/_x_5core_gmem0023_4.hw.xilinx_u280_xdma_201920_3/link/int/krnl_vaddmul.link.rtd -o /home/ziyuanwang/hbm/Vitis_Accel_Examples/performance/hbm_bandwidth/_x_5core_gmem0023_4.hw.xilinx_u280_xdma_201920_3/link/int/krnl_vaddmul.link.xml
INFO: [v++ 60-1652] Cf2sw returned exit code: 0
INFO: [v++ 60-1441] [18:59:23] Run run_link: Step rtdgen: Completed
Time (s): cpu = 00:00:05 ; elapsed = 00:00:13 . Memory (MB): peak = 2062.195 ; gain = 0.000 ; free physical = 19906 ; free virtual = 457010
INFO: [v++ 60-1443] [18:59:23] Run run_link: Step xclbinutil: Started
INFO: [v++ 60-1453] Command Line: xclbinutil --add-section DEBUG_IP_LAYOUT:JSON:/home/ziyuanwang/hbm/Vitis_Accel_Examples/performance/hbm_bandwidth/_x_5core_gmem0023_4.hw.xilinx_u280_xdma_201920_3/link/int/debug_ip_layout.rtd --add-section BITSTREAM:RAW:/home/ziyuanwang/hbm/Vitis_Accel_Examples/performance/hbm_bandwidth/_x_5core_gmem0023_4.hw.xilinx_u280_xdma_201920_3/link/int/partial.bit --force --target hw --key-value SYS:dfx_enable:true --add-section :JSON:/home/ziyuanwang/hbm/Vitis_Accel_Examples/performance/hbm_bandwidth/_x_5core_gmem0023_4.hw.xilinx_u280_xdma_201920_3/link/int/krnl_vaddmul.link.rtd --append-section :JSON:/home/ziyuanwang/hbm/Vitis_Accel_Examples/performance/hbm_bandwidth/_x_5core_gmem0023_4.hw.xilinx_u280_xdma_201920_3/link/int/appendSection.rtd --add-section CLOCK_FREQ_TOPOLOGY:JSON:/home/ziyuanwang/hbm/Vitis_Accel_Examples/performance/hbm_bandwidth/_x_5core_gmem0023_4.hw.xilinx_u280_xdma_201920_3/link/int/krnl_vaddmul.link_xml.rtd --add-section BUILD_METADATA:JSON:/home/ziyuanwang/hbm/Vitis_Accel_Examples/performance/hbm_bandwidth/_x_5core_gmem0023_4.hw.xilinx_u280_xdma_201920_3/link/int/krnl_vaddmul.link_build.rtd --add-section EMBEDDED_METADATA:RAW:/home/ziyuanwang/hbm/Vitis_Accel_Examples/performance/hbm_bandwidth/_x_5core_gmem0023_4.hw.xilinx_u280_xdma_201920_3/link/int/krnl_vaddmul.link.xml --add-section SYSTEM_METADATA:RAW:/home/ziyuanwang/hbm/Vitis_Accel_Examples/performance/hbm_bandwidth/_x_5core_gmem0023_4.hw.xilinx_u280_xdma_201920_3/link/int/systemDiagramModelSlrBaseAddress.json --output /home/ziyuanwang/hbm/Vitis_Accel_Examples/performance/hbm_bandwidth/./build_dir_5core_gmem0023_4.hw.xilinx_u280_xdma_201920_3/krnl_vaddmul.link.xclbin
INFO: [v++ 60-1454] Run Directory: /home/ziyuanwang/hbm/Vitis_Accel_Examples/performance/hbm_bandwidth/_x_5core_gmem0023_4.hw.xilinx_u280_xdma_201920_3/link/run_link
XRT Build Version: 2.14.354 (2022.2)
       Build Date: 2022-10-08 09:49:58
          Hash ID: 43926231f7183688add2dccfd391b36a1f000bea
Creating a default 'in-memory' xclbin image.

Section: 'DEBUG_IP_LAYOUT'(9) was successfully added.
Size   : 296 bytes
Format : JSON
File   : '/home/ziyuanwang/hbm/Vitis_Accel_Examples/performance/hbm_bandwidth/_x_5core_gmem0023_4.hw.xilinx_u280_xdma_201920_3/link/int/debug_ip_layout.rtd'

Section: 'BITSTREAM'(0) was successfully added.
Size   : 45359279 bytes
Format : RAW
File   : '/home/ziyuanwang/hbm/Vitis_Accel_Examples/performance/hbm_bandwidth/_x_5core_gmem0023_4.hw.xilinx_u280_xdma_201920_3/link/int/partial.bit'

Section: 'MEM_TOPOLOGY'(6) was successfully added.
Format : JSON
File   : 'mem_topology'

Section: 'IP_LAYOUT'(8) was successfully added.
Format : JSON
File   : 'ip_layout'

Section: 'CONNECTIVITY'(7) was successfully added.
Format : JSON
File   : 'connectivity'

Section: 'CLOCK_FREQ_TOPOLOGY'(11) was successfully added.
Size   : 410 bytes
Format : JSON
File   : '/home/ziyuanwang/hbm/Vitis_Accel_Examples/performance/hbm_bandwidth/_x_5core_gmem0023_4.hw.xilinx_u280_xdma_201920_3/link/int/krnl_vaddmul.link_xml.rtd'

Section: 'BUILD_METADATA'(14) was successfully added.
Size   : 4567 bytes
Format : JSON
File   : '/home/ziyuanwang/hbm/Vitis_Accel_Examples/performance/hbm_bandwidth/_x_5core_gmem0023_4.hw.xilinx_u280_xdma_201920_3/link/int/krnl_vaddmul.link_build.rtd'

Section: 'EMBEDDED_METADATA'(2) was successfully added.
Size   : 8213 bytes
Format : RAW
File   : '/home/ziyuanwang/hbm/Vitis_Accel_Examples/performance/hbm_bandwidth/_x_5core_gmem0023_4.hw.xilinx_u280_xdma_201920_3/link/int/krnl_vaddmul.link.xml'

Section: 'SYSTEM_METADATA'(22) was successfully added.
Size   : 25937 bytes
Format : RAW
File   : '/home/ziyuanwang/hbm/Vitis_Accel_Examples/performance/hbm_bandwidth/_x_5core_gmem0023_4.hw.xilinx_u280_xdma_201920_3/link/int/systemDiagramModelSlrBaseAddress.json'

Section: 'IP_LAYOUT'(8) was successfully appended to.
Format : JSON
File   : 'ip_layout'
Successfully wrote (45430543 bytes) to the output file: /home/ziyuanwang/hbm/Vitis_Accel_Examples/performance/hbm_bandwidth/./build_dir_5core_gmem0023_4.hw.xilinx_u280_xdma_201920_3/krnl_vaddmul.link.xclbin
Leaving xclbinutil.
INFO: [v++ 60-1441] [18:59:26] Run run_link: Step xclbinutil: Completed
Time (s): cpu = 00:00:00.11 ; elapsed = 00:00:04 . Memory (MB): peak = 2062.195 ; gain = 0.000 ; free physical = 19809 ; free virtual = 456956
INFO: [v++ 60-1443] [18:59:27] Run run_link: Step xclbinutilinfo: Started
INFO: [v++ 60-1453] Command Line: xclbinutil --quiet --force --info /home/ziyuanwang/hbm/Vitis_Accel_Examples/performance/hbm_bandwidth/./build_dir_5core_gmem0023_4.hw.xilinx_u280_xdma_201920_3/krnl_vaddmul.link.xclbin.info --input /home/ziyuanwang/hbm/Vitis_Accel_Examples/performance/hbm_bandwidth/./build_dir_5core_gmem0023_4.hw.xilinx_u280_xdma_201920_3/krnl_vaddmul.link.xclbin
INFO: [v++ 60-1454] Run Directory: /home/ziyuanwang/hbm/Vitis_Accel_Examples/performance/hbm_bandwidth/_x_5core_gmem0023_4.hw.xilinx_u280_xdma_201920_3/link/run_link
INFO: [v++ 60-1441] [18:59:29] Run run_link: Step xclbinutilinfo: Completed
Time (s): cpu = 00:00:00.45 ; elapsed = 00:00:02 . Memory (MB): peak = 2062.195 ; gain = 0.000 ; free physical = 19781 ; free virtual = 456928
INFO: [v++ 60-1443] [18:59:29] Run run_link: Step generate_sc_driver: Started
INFO: [v++ 60-1453] Command Line: 
INFO: [v++ 60-1454] Run Directory: /home/ziyuanwang/hbm/Vitis_Accel_Examples/performance/hbm_bandwidth/_x_5core_gmem0023_4.hw.xilinx_u280_xdma_201920_3/link/run_link
INFO: [v++ 60-1441] [18:59:30] Run run_link: Step generate_sc_driver: Completed
Time (s): cpu = 00:00:00.01 ; elapsed = 00:00:00.69 . Memory (MB): peak = 2062.195 ; gain = 0.000 ; free physical = 19838 ; free virtual = 456986
INFO: [v++ 60-244] Generating system estimate report...
INFO: [v++ 60-1092] Generated system estimate report: /home/ziyuanwang/hbm/Vitis_Accel_Examples/performance/hbm_bandwidth/_x_5core_gmem0023_4.hw.xilinx_u280_xdma_201920_3/reports/link/system_estimate_krnl_vaddmul.link.xtxt
INFO: [v++ 60-586] Created /home/ziyuanwang/hbm/Vitis_Accel_Examples/performance/hbm_bandwidth/build_dir_5core_gmem0023_4.hw.xilinx_u280_xdma_201920_3/krnl_vaddmul.link.ltx
INFO: [v++ 60-586] Created ./build_dir_5core_gmem0023_4.hw.xilinx_u280_xdma_201920_3/krnl_vaddmul.link.xclbin
INFO: [v++ 60-1307] Run completed. Additional information can be found in:
	Guidance: /home/ziyuanwang/hbm/Vitis_Accel_Examples/performance/hbm_bandwidth/_x_5core_gmem0023_4.hw.xilinx_u280_xdma_201920_3/reports/link/v++_link_krnl_vaddmul.link_guidance.html
	Timing Report: /home/ziyuanwang/hbm/Vitis_Accel_Examples/performance/hbm_bandwidth/_x_5core_gmem0023_4.hw.xilinx_u280_xdma_201920_3/reports/link/imp/impl_1_xilinx_u280_xdma_201920_3_bb_locked_timing_summary_routed.rpt
	Vivado Log: /home/ziyuanwang/hbm/Vitis_Accel_Examples/performance/hbm_bandwidth/_x_5core_gmem0023_4.hw.xilinx_u280_xdma_201920_3/logs/link/vivado.log
	Steps Log File: /home/ziyuanwang/hbm/Vitis_Accel_Examples/performance/hbm_bandwidth/_x_5core_gmem0023_4.hw.xilinx_u280_xdma_201920_3/logs/link/link.steps.log

INFO: [v++ 60-2343] Use the vitis_analyzer tool to visualize and navigate the relevant reports. Run the following command. 
    vitis_analyzer /home/ziyuanwang/hbm/Vitis_Accel_Examples/performance/hbm_bandwidth/build_dir_5core_gmem0023_4.hw.xilinx_u280_xdma_201920_3/krnl_vaddmul.link.xclbin.link_summary 
INFO: [v++ 60-791] Total elapsed time: 3h 19m 33s
