Copyright 1986-2021 Xilinx, Inc. All Rights Reserved.
------------------------------------------------------------------------------------------
| Tool Version : Vivado v.2021.2 (lin64) Build 3367213 Tue Oct 19 02:47:39 MDT 2021
| Date         : Mon Nov  4 15:47:23 2024
| Host         : hacc-gpu0 running 64-bit Ubuntu 20.04.6 LTS
| Command      : report_utilization -slr -file slr_util_routed.rpt -pb slr_util_routed.pb
| Design       : pfm_top_wrapper
| Device       : xcu280-fsvh2892-2L-e
| Speed File   : -2L
| Design State : Routed
------------------------------------------------------------------------------------------

Utilization Design Information

Table of Contents
-----------------
1. SLR Connectivity
2. SLR Connectivity Matrix
3. SLR CLB Logic and Dedicated Block Utilization
4. SLR IO Utilization

1. SLR Connectivity
-------------------

+----------------------------------+------+-------+-----------+-------+
|                                  | Used | Fixed | Available | Util% |
+----------------------------------+------+-------+-----------+-------+
| SLR2 <-> SLR1                    | 3982 |       |     23040 | 17.28 |
|   SLR1 -> SLR2                   | 2101 |       |           |  9.12 |
|     Using TX_REG only            |  267 |     1 |           |       |
|     Using RX_REG only            |  284 |    18 |           |       |
|     Using Both TX_REG and RX_REG |  267 |     1 |           |       |
|   SLR2 -> SLR1                   | 1881 |       |           |  8.16 |
|     Using TX_REG only            |  407 |     0 |           |       |
|     Using RX_REG only            |  412 |     4 |           |       |
|     Using Both TX_REG and RX_REG |  407 |     0 |           |       |
| SLR1 <-> SLR0                    | 2538 |       |     23040 | 11.02 |
|   SLR0 -> SLR1                   | 1139 |       |           |  4.94 |
|     Using TX_REG only            |  371 |    71 |           |       |
|     Using RX_REG only            |  361 |    61 |           |       |
|     Using Both TX_REG and RX_REG |  355 |    55 |           |       |
|   SLR1 -> SLR0                   | 1399 |       |           |  6.07 |
|     Using TX_REG only            |  437 |    62 |           |       |
|     Using RX_REG only            |  447 |    71 |           |       |
|     Using Both TX_REG and RX_REG |  435 |    60 |           |       |
+----------------------------------+------+-------+-----------+-------+
| Total SLLs Used                  | 6520 |       |           |       |
+----------------------------------+------+-------+-----------+-------+


2. SLR Connectivity Matrix
--------------------------

+-----------+------+------+------+
| FROM \ TO | SLR2 | SLR1 | SLR0 |
+-----------+------+------+------+
| SLR2      |    0 | 1723 |  158 |
| SLR1      | 1965 |    0 | 1241 |
| SLR0      |  136 | 1003 |    0 |
+-----------+------+------+------+


3. SLR CLB Logic and Dedicated Block Utilization
------------------------------------------------

+----------------------------+--------+-------+-------+--------+--------+--------+
|          Site Type         |  SLR0  |  SLR1 |  SLR2 | SLR0 % | SLR1 % | SLR2 % |
+----------------------------+--------+-------+-------+--------+--------+--------+
| CLB                        |  26979 |  7009 |  8112 |  49.09 |  12.98 |  15.02 |
|   CLBL                     |  13597 |  3496 |  4201 |  46.44 |  11.94 |  14.35 |
|   CLBM                     |  13382 |  3513 |  3911 |  52.11 |  14.21 |  15.82 |
| CLB LUTs                   |  83439 | 47669 | 35363 |  18.98 |  11.03 |   8.19 |
|   LUT as Logic             |  59688 | 43697 | 32323 |  13.58 |  10.12 |   7.48 |
|     using O5 output only   |   1425 |   291 |  1006 |   0.32 |   0.07 |   0.23 |
|     using O6 output only   |  38072 | 34267 | 19510 |   8.66 |   7.93 |   4.52 |
|     using O5 and O6        |  20191 |  9139 | 11807 |   4.59 |   2.12 |   2.73 |
|   LUT as Memory            |  23751 |  3972 |  3040 |  11.56 |   2.01 |   1.54 |
|     LUT as Distributed RAM |  13096 |  3837 |  1660 |   6.37 |   1.94 |   0.84 |
|       using O5 output only |      0 |     0 |     0 |   0.00 |   0.00 |   0.00 |
|       using O6 output only |     80 |   215 |    84 |   0.04 |   0.11 |   0.04 |
|       using O5 and O6      |  13016 |  3622 |  1576 |   6.34 |   1.83 |   0.80 |
|     LUT as Shift Register  |  10655 |   135 |  1380 |   5.19 |   0.07 |   0.70 |
|       using O5 output only |      0 |     0 |     0 |   0.00 |   0.00 |   0.00 |
|       using O6 output only |   6237 |   135 |  1250 |   3.04 |   0.07 |   0.63 |
|       using O5 and O6      |   4418 |     0 |   130 |   2.15 |   0.00 |   0.07 |
| CLB Registers              | 174073 | 46338 | 60952 |  19.80 |   5.36 |   7.05 |
| CARRY8                     |   1948 |   473 |   313 |   3.54 |   0.88 |   0.58 |
| F7 Muxes                   |   2576 |   651 |  1054 |   1.17 |   0.30 |   0.49 |
| F8 Muxes                   |    712 |   141 |    47 |   0.65 |   0.13 |   0.04 |
| F9 Muxes                   |      0 |     0 |     0 |   0.00 |   0.00 |   0.00 |
| Block RAM Tile             |  299.5 |  80.5 |    94 |  44.57 |  11.98 |  13.99 |
|   RAMB36/FIFO              |    298 |    80 |    92 |  44.35 |  11.90 |  13.69 |
|     RAMB36E2 only          |    298 |    80 |    92 |  44.35 |  11.90 |  13.69 |
|   RAMB18                   |      3 |     1 |     4 |   0.22 |   0.07 |   0.30 |
|     RAMB18E2 only          |      3 |     1 |     4 |   0.22 |   0.07 |   0.30 |
| URAM                       |      0 |     0 |     0 |   0.00 |   0.00 |   0.00 |
| DSPs                       |     24 |     0 |     4 |   0.83 |   0.00 |   0.13 |
| Unique Control Sets        |   4042 |  1505 |  2725 |   3.68 |   1.39 |   2.52 |
+----------------------------+--------+-------+-------+--------+--------+--------+
* Note: Available Control Sets based on CLB Registers / 8


4. SLR IO Utilization
---------------------

+-----------+-----------+---------+------------+----------+------------+----------+-----+
| SLR Index | Used IOBs | (%)IOBs | Used IPADs | (%)IPADs | Used OPADs | (%)OPADs | GTs |
+-----------+-----------+---------+------------+----------+------------+----------+-----+
| SLR2      |        18 |    8.65 |          0 |     0.00 |          0 |     0.00 |   0 |
| SLR1      |         0 |    0.00 |          0 |     0.00 |          0 |     0.00 |   0 |
| SLR0      |         1 |    0.48 |          0 |     0.00 |          0 |     0.00 |  16 |
+-----------+-----------+---------+------------+----------+------------+----------+-----+
| Total     |        19 |         |          0 |          |          0 |          |  16 |
+-----------+-----------+---------+------------+----------+------------+----------+-----+


