INFO: [v++ 60-1306] Additional information associated with this v++ link can be found at:
	Reports: /home/ziyuanwang/hbm/Vitis_Accel_Examples/host_xrt/hbm_simple_xrt/_x_div_12.hw.xilinx_u280_xdma_201920_3/reports/link
	Log files: /home/ziyuanwang/hbm/Vitis_Accel_Examples/host_xrt/hbm_simple_xrt/_x_div_12.hw.xilinx_u280_xdma_201920_3/logs/link
INFO: [v++ 60-1548] Creating build summary session with primary output /home/ziyuanwang/hbm/Vitis_Accel_Examples/host_xrt/hbm_simple_xrt/build_dir_div_12.hw.xilinx_u280_xdma_201920_3/krnl_vadd.link.xclbin.link_summary, at Tue Nov 19 20:00:29 2024
INFO: [v++ 60-1316] Initiating connection to rulecheck server, at Tue Nov 19 20:00:30 2024
INFO: [v++ 60-1315] Creating rulecheck session with output '/home/ziyuanwang/hbm/Vitis_Accel_Examples/host_xrt/hbm_simple_xrt/_x_div_12.hw.xilinx_u280_xdma_201920_3/reports/link/v++_link_krnl_vadd.link_guidance.html', at Tue Nov 19 20:00:32 2024
INFO: [v++ 60-895]   Target platform: /opt/xilinx/platforms/xilinx_u280_xdma_201920_3/xilinx_u280_xdma_201920_3.xpfm
INFO: [v++ 60-1578]   This platform contains Xilinx Shell Archive '/opt/xilinx/platforms/xilinx_u280_xdma_201920_3/hw/xilinx_u280_xdma_201920_3.xsa'
INFO: [v++ 74-78] Compiler Version string: 2021.2
INFO: [v++ 60-1302] Platform 'xilinx_u280_xdma_201920_3.xpfm' has been explicitly enabled for this release.
INFO: [v++ 60-629] Linking for hardware target
INFO: [v++ 60-423]   Target device: xilinx_u280_xdma_201920_3
INFO: [v++ 60-1332] Run 'run_link' status: Not started
INFO: [v++ 60-1443] [20:01:09] Run run_link: Step system_link: Started
INFO: [v++ 60-1453] Command Line: system_link --xo /home/ziyuanwang/hbm/Vitis_Accel_Examples/host_xrt/hbm_simple_xrt/_x_div_12.hw.xilinx_u280_xdma_201920_3/krnl_vadd.xo -keep --config /home/ziyuanwang/hbm/Vitis_Accel_Examples/host_xrt/hbm_simple_xrt/_x_div_12.hw.xilinx_u280_xdma_201920_3/link/int/syslinkConfig.ini --xpfm /opt/xilinx/platforms/xilinx_u280_xdma_201920_3/xilinx_u280_xdma_201920_3.xpfm --target hw --output_dir /home/ziyuanwang/hbm/Vitis_Accel_Examples/host_xrt/hbm_simple_xrt/_x_div_12.hw.xilinx_u280_xdma_201920_3/link/int --temp_dir /home/ziyuanwang/hbm/Vitis_Accel_Examples/host_xrt/hbm_simple_xrt/_x_div_12.hw.xilinx_u280_xdma_201920_3/link/sys_link
INFO: [v++ 60-1454] Run Directory: /home/ziyuanwang/hbm/Vitis_Accel_Examples/host_xrt/hbm_simple_xrt/_x_div_12.hw.xilinx_u280_xdma_201920_3/link/run_link
INFO: [SYSTEM_LINK 60-1316] Initiating connection to rulecheck server, at Tue Nov 19 20:01:13 2024
INFO: [SYSTEM_LINK 82-70] Extracting xo v3 file /home/ziyuanwang/hbm/Vitis_Accel_Examples/host_xrt/hbm_simple_xrt/_x_div_12.hw.xilinx_u280_xdma_201920_3/krnl_vadd.xo
INFO: [SYSTEM_LINK 82-53] Creating IP database /home/ziyuanwang/hbm/Vitis_Accel_Examples/host_xrt/hbm_simple_xrt/_x_div_12.hw.xilinx_u280_xdma_201920_3/link/sys_link/_sysl/.cdb/xd_ip_db.xml
INFO: [SYSTEM_LINK 82-38] [20:01:38] build_xd_ip_db started: /tools/Xilinx/Vitis/2021.2/bin/build_xd_ip_db -ip_search 0  -sds-pf /home/ziyuanwang/hbm/Vitis_Accel_Examples/host_xrt/hbm_simple_xrt/_x_div_12.hw.xilinx_u280_xdma_201920_3/link/sys_link/xilinx_u280_xdma_201920_3.hpfm -clkid 0 -ip /home/ziyuanwang/hbm/Vitis_Accel_Examples/host_xrt/hbm_simple_xrt/_x_div_12.hw.xilinx_u280_xdma_201920_3/link/sys_link/iprepo/xilinx_com_hls_krnl_vadd_1_0,krnl_vadd -o /home/ziyuanwang/hbm/Vitis_Accel_Examples/host_xrt/hbm_simple_xrt/_x_div_12.hw.xilinx_u280_xdma_201920_3/link/sys_link/_sysl/.cdb/xd_ip_db.xml
INFO: [SYSTEM_LINK 82-37] [20:01:49] build_xd_ip_db finished successfully
Time (s): cpu = 00:00:04 ; elapsed = 00:00:12 . Memory (MB): peak = 2167.242 ; gain = 0.000 ; free physical = 10445 ; free virtual = 450248
INFO: [SYSTEM_LINK 82-51] Create system connectivity graph
INFO: [SYSTEM_LINK 82-102] Applying explicit connections to the system connectivity graph: /home/ziyuanwang/hbm/Vitis_Accel_Examples/host_xrt/hbm_simple_xrt/_x_div_12.hw.xilinx_u280_xdma_201920_3/link/sys_link/cfgraph/cfgen_cfgraph.xml
INFO: [SYSTEM_LINK 82-38] [20:01:50] cfgen started: /tools/Xilinx/Vitis/2021.2/bin/cfgen  -sp krnl_vadd_1.in1:HBM[0:3] -sp krnl_vadd_1.in2:HBM[0:3] -sp krnl_vadd_1.out_r:HBM[0:3] -dmclkid 0 -r /home/ziyuanwang/hbm/Vitis_Accel_Examples/host_xrt/hbm_simple_xrt/_x_div_12.hw.xilinx_u280_xdma_201920_3/link/sys_link/_sysl/.cdb/xd_ip_db.xml -o /home/ziyuanwang/hbm/Vitis_Accel_Examples/host_xrt/hbm_simple_xrt/_x_div_12.hw.xilinx_u280_xdma_201920_3/link/sys_link/cfgraph/cfgen_cfgraph.xml
INFO: [CFGEN 83-0] Kernel Specs: 
INFO: [CFGEN 83-0]   kernel: krnl_vadd, num: 1  {krnl_vadd_1}
INFO: [CFGEN 83-0] Port Specs: 
INFO: [CFGEN 83-0]   kernel: krnl_vadd_1, k_port: in1, sptag: HBM[0:3]
INFO: [CFGEN 83-0]   kernel: krnl_vadd_1, k_port: in2, sptag: HBM[0:3]
INFO: [CFGEN 83-0]   kernel: krnl_vadd_1, k_port: out_r, sptag: HBM[0:3]
INFO: [CFGEN 83-2228] Creating mapping for argument krnl_vadd_1.in1 to HBM[0:3] for directive krnl_vadd_1.in1:HBM[0:3]
INFO: [CFGEN 83-2228] Creating mapping for argument krnl_vadd_1.in2 to HBM[0:3] for directive krnl_vadd_1.in2:HBM[0:3]
INFO: [CFGEN 83-2228] Creating mapping for argument krnl_vadd_1.out_r to HBM[0:3] for directive krnl_vadd_1.out_r:HBM[0:3]
INFO: [SYSTEM_LINK 82-37] [20:01:59] cfgen finished successfully
Time (s): cpu = 00:00:08 ; elapsed = 00:00:09 . Memory (MB): peak = 2167.242 ; gain = 0.000 ; free physical = 10279 ; free virtual = 450083
INFO: [SYSTEM_LINK 82-52] Create top-level block diagram
INFO: [SYSTEM_LINK 82-38] [20:01:59] cf2bd started: /tools/Xilinx/Vitis/2021.2/bin/cf2bd  --linux --trace_buffer 1024 --input_file /home/ziyuanwang/hbm/Vitis_Accel_Examples/host_xrt/hbm_simple_xrt/_x_div_12.hw.xilinx_u280_xdma_201920_3/link/sys_link/cfgraph/cfgen_cfgraph.xml --ip_db /home/ziyuanwang/hbm/Vitis_Accel_Examples/host_xrt/hbm_simple_xrt/_x_div_12.hw.xilinx_u280_xdma_201920_3/link/sys_link/_sysl/.cdb/xd_ip_db.xml --cf_name dr --working_dir /home/ziyuanwang/hbm/Vitis_Accel_Examples/host_xrt/hbm_simple_xrt/_x_div_12.hw.xilinx_u280_xdma_201920_3/link/sys_link/_sysl/.xsd --temp_dir /home/ziyuanwang/hbm/Vitis_Accel_Examples/host_xrt/hbm_simple_xrt/_x_div_12.hw.xilinx_u280_xdma_201920_3/link/sys_link --output_dir /home/ziyuanwang/hbm/Vitis_Accel_Examples/host_xrt/hbm_simple_xrt/_x_div_12.hw.xilinx_u280_xdma_201920_3/link/int --target_bd pfm_dynamic.bd
INFO: [CF2BD 82-31] Launching cf2xd: cf2xd -linux -trace-buffer 1024 -i /home/ziyuanwang/hbm/Vitis_Accel_Examples/host_xrt/hbm_simple_xrt/_x_div_12.hw.xilinx_u280_xdma_201920_3/link/sys_link/cfgraph/cfgen_cfgraph.xml -r /home/ziyuanwang/hbm/Vitis_Accel_Examples/host_xrt/hbm_simple_xrt/_x_div_12.hw.xilinx_u280_xdma_201920_3/link/sys_link/_sysl/.cdb/xd_ip_db.xml -o dr.xml
INFO: [CF2BD 82-28] cf2xd finished successfully
INFO: [CF2BD 82-31] Launching cf_xsd: cf_xsd -disable-address-gen -bd pfm_dynamic.bd -dn dr -dp /home/ziyuanwang/hbm/Vitis_Accel_Examples/host_xrt/hbm_simple_xrt/_x_div_12.hw.xilinx_u280_xdma_201920_3/link/sys_link/_sysl/.xsd
INFO: [CF2BD 82-28] cf_xsd finished successfully
INFO: [SYSTEM_LINK 82-37] [20:02:04] cf2bd finished successfully
Time (s): cpu = 00:00:03 ; elapsed = 00:00:04 . Memory (MB): peak = 2167.242 ; gain = 0.000 ; free physical = 10050 ; free virtual = 449859
INFO: [v++ 60-1441] [20:02:04] Run run_link: Step system_link: Completed
Time (s): cpu = 00:00:19 ; elapsed = 00:00:55 . Memory (MB): peak = 2062.180 ; gain = 0.000 ; free physical = 10084 ; free virtual = 449893
INFO: [v++ 60-1443] [20:02:04] Run run_link: Step cf2sw: Started
INFO: [v++ 60-1453] Command Line: cf2sw -sdsl /home/ziyuanwang/hbm/Vitis_Accel_Examples/host_xrt/hbm_simple_xrt/_x_div_12.hw.xilinx_u280_xdma_201920_3/link/int/sdsl.dat -rtd /home/ziyuanwang/hbm/Vitis_Accel_Examples/host_xrt/hbm_simple_xrt/_x_div_12.hw.xilinx_u280_xdma_201920_3/link/int/cf2sw.rtd -nofilter /home/ziyuanwang/hbm/Vitis_Accel_Examples/host_xrt/hbm_simple_xrt/_x_div_12.hw.xilinx_u280_xdma_201920_3/link/int/cf2sw_full.rtd -xclbin /home/ziyuanwang/hbm/Vitis_Accel_Examples/host_xrt/hbm_simple_xrt/_x_div_12.hw.xilinx_u280_xdma_201920_3/link/int/xclbin_orig.xml -o /home/ziyuanwang/hbm/Vitis_Accel_Examples/host_xrt/hbm_simple_xrt/_x_div_12.hw.xilinx_u280_xdma_201920_3/link/int/xclbin_orig.1.xml
INFO: [v++ 60-1454] Run Directory: /home/ziyuanwang/hbm/Vitis_Accel_Examples/host_xrt/hbm_simple_xrt/_x_div_12.hw.xilinx_u280_xdma_201920_3/link/run_link
INFO: [v++ 60-1441] [20:02:11] Run run_link: Step cf2sw: Completed
Time (s): cpu = 00:00:04 ; elapsed = 00:00:07 . Memory (MB): peak = 2062.180 ; gain = 0.000 ; free physical = 9492 ; free virtual = 449301
INFO: [v++ 60-1443] [20:02:12] Run run_link: Step rtd2_system_diagram: Started
INFO: [v++ 60-1453] Command Line: rtd2SystemDiagram
INFO: [v++ 60-1454] Run Directory: /home/ziyuanwang/hbm/Vitis_Accel_Examples/host_xrt/hbm_simple_xrt/_x_div_12.hw.xilinx_u280_xdma_201920_3/link/run_link
INFO: [v++ 60-1441] [20:02:12] Run run_link: Step rtd2_system_diagram: Completed
Time (s): cpu = 00:00:00 ; elapsed = 00:00:00.88 . Memory (MB): peak = 2062.180 ; gain = 0.000 ; free physical = 9381 ; free virtual = 449190
INFO: [v++ 60-1443] [20:02:12] Run run_link: Step vpl: Started
INFO: [v++ 60-1453] Command Line: vpl -t hw -f xilinx_u280_xdma_201920_3 --remote_ip_cache /home/ziyuanwang/hbm/Vitis_Accel_Examples/host_xrt/hbm_simple_xrt/.ipcache -s --output_dir /home/ziyuanwang/hbm/Vitis_Accel_Examples/host_xrt/hbm_simple_xrt/_x_div_12.hw.xilinx_u280_xdma_201920_3/link/int --log_dir /home/ziyuanwang/hbm/Vitis_Accel_Examples/host_xrt/hbm_simple_xrt/_x_div_12.hw.xilinx_u280_xdma_201920_3/logs/link --report_dir /home/ziyuanwang/hbm/Vitis_Accel_Examples/host_xrt/hbm_simple_xrt/_x_div_12.hw.xilinx_u280_xdma_201920_3/reports/link --config /home/ziyuanwang/hbm/Vitis_Accel_Examples/host_xrt/hbm_simple_xrt/_x_div_12.hw.xilinx_u280_xdma_201920_3/link/int/vplConfig.ini -k /home/ziyuanwang/hbm/Vitis_Accel_Examples/host_xrt/hbm_simple_xrt/_x_div_12.hw.xilinx_u280_xdma_201920_3/link/int/kernel_info.dat --webtalk_flag Vitis --temp_dir /home/ziyuanwang/hbm/Vitis_Accel_Examples/host_xrt/hbm_simple_xrt/_x_div_12.hw.xilinx_u280_xdma_201920_3/link --no-info --iprepo /home/ziyuanwang/hbm/Vitis_Accel_Examples/host_xrt/hbm_simple_xrt/_x_div_12.hw.xilinx_u280_xdma_201920_3/link/int/xo/ip_repo/xilinx_com_hls_krnl_vadd_1_0 --messageDb /home/ziyuanwang/hbm/Vitis_Accel_Examples/host_xrt/hbm_simple_xrt/_x_div_12.hw.xilinx_u280_xdma_201920_3/link/run_link/vpl.pb /home/ziyuanwang/hbm/Vitis_Accel_Examples/host_xrt/hbm_simple_xrt/_x_div_12.hw.xilinx_u280_xdma_201920_3/link/int/dr.bd.tcl
INFO: [v++ 60-1454] Run Directory: /home/ziyuanwang/hbm/Vitis_Accel_Examples/host_xrt/hbm_simple_xrt/_x_div_12.hw.xilinx_u280_xdma_201920_3/link/run_link

****** vpl v2021.2 (64-bit)
  **** SW Build 3363252 on 2021-10-14-04:41:01
    ** Copyright 1986-2020 Xilinx, Inc. All Rights Reserved.

INFO: [VPL 60-839] Read in kernel information from file '/home/ziyuanwang/hbm/Vitis_Accel_Examples/host_xrt/hbm_simple_xrt/_x_div_12.hw.xilinx_u280_xdma_201920_3/link/int/kernel_info.dat'.
INFO: [VPL 74-78] Compiler Version string: 2021.2
INFO: [VPL 60-423]   Target device: xilinx_u280_xdma_201920_3
INFO: [VPL 60-1032] Extracting hardware platform to /home/ziyuanwang/hbm/Vitis_Accel_Examples/host_xrt/hbm_simple_xrt/_x_div_12.hw.xilinx_u280_xdma_201920_3/link/vivado/vpl/.local/hw_platform
[20:22:01] Run vpl: Step create_project: Started
Creating Vivado project.
[20:22:40] Run vpl: Step create_project: Completed
[20:22:40] Run vpl: Step create_bd: Started
[20:23:59] Run vpl: Step create_bd: RUNNING...
[20:25:18] Run vpl: Step create_bd: RUNNING...
[20:26:35] Run vpl: Step create_bd: RUNNING...
[20:27:53] Run vpl: Step create_bd: RUNNING...
[20:29:10] Run vpl: Step create_bd: RUNNING...
[20:30:29] Run vpl: Step create_bd: RUNNING...
[20:31:46] Run vpl: Step create_bd: RUNNING...
[20:33:04] Run vpl: Step create_bd: RUNNING...
[20:34:27] Run vpl: Step create_bd: RUNNING...
[20:35:53] Run vpl: Step create_bd: RUNNING...
[20:37:19] Run vpl: Step create_bd: RUNNING...
[20:38:48] Run vpl: Step create_bd: RUNNING...
[20:40:13] Run vpl: Step create_bd: RUNNING...
[20:41:44] Run vpl: Step create_bd: RUNNING...
[20:43:05] Run vpl: Step create_bd: RUNNING...
[20:44:27] Run vpl: Step create_bd: RUNNING...
[20:46:00] Run vpl: Step create_bd: RUNNING...
[20:47:32] Run vpl: Step create_bd: RUNNING...
[20:49:02] Run vpl: Step create_bd: RUNNING...
[20:50:39] Run vpl: Step create_bd: RUNNING...
[20:51:58] Run vpl: Step create_bd: RUNNING...
[20:53:17] Run vpl: Step create_bd: RUNNING...
[20:54:34] Run vpl: Step create_bd: RUNNING...
[20:55:51] Run vpl: Step create_bd: RUNNING...
[20:57:05] Run vpl: Step create_bd: Completed
[20:57:05] Run vpl: Step update_bd: Started
[20:57:19] Run vpl: Step update_bd: Completed
[20:57:19] Run vpl: Step generate_target: Started
[20:58:38] Run vpl: Step generate_target: RUNNING...
[20:59:58] Run vpl: Step generate_target: RUNNING...
[21:01:18] Run vpl: Step generate_target: RUNNING...
[21:02:05] Run vpl: Step generate_target: Completed
[21:02:05] Run vpl: Step config_hw_runs: Started
[21:02:29] Run vpl: Step config_hw_runs: Completed
[21:02:29] Run vpl: Step synth: Started
[21:03:02] Block-level synthesis in progress, 0 of 1 jobs complete, 1 job running.
[21:03:33] Block-level synthesis in progress, 0 of 1 jobs complete, 1 job running.
[21:04:05] Block-level synthesis in progress, 0 of 1 jobs complete, 1 job running.
[21:04:36] Block-level synthesis in progress, 0 of 1 jobs complete, 1 job running.
[21:05:08] Block-level synthesis in progress, 0 of 1 jobs complete, 1 job running.
[21:05:39] Block-level synthesis in progress, 0 of 1 jobs complete, 1 job running.
[21:06:10] Block-level synthesis in progress, 0 of 1 jobs complete, 1 job running.
[21:06:41] Block-level synthesis in progress, 0 of 1 jobs complete, 1 job running.
[21:07:13] Block-level synthesis in progress, 1 of 1 jobs complete, 0 jobs running.
[21:07:43] Top-level synthesis in progress.
[21:08:15] Top-level synthesis in progress.
[21:08:51] Top-level synthesis in progress.
[21:09:16] Run vpl: Step synth: Completed
[21:09:16] Run vpl: Step impl: Started
[21:17:04] Finished 2nd of 6 tasks (FPGA linking synthesized kernels to platform). Elapsed time: 01h 14m 49s 

[21:17:04] Starting logic optimization..
[21:18:38] Phase 1 Retarget
[21:18:38] Phase 2 Constant propagation
[21:18:38] Phase 3 Sweep
[21:19:09] Phase 4 BUFG optimization
[21:19:09] Phase 5 Shift Register Optimization
[21:19:40] Phase 6 Post Processing Netlist
[21:21:45] Finished 3rd of 6 tasks (FPGA logic optimization). Elapsed time: 00h 04m 40s 

[21:21:45] Starting logic placement..
[21:22:17] Phase 1 Placer Initialization
[21:22:17] Phase 1.1 Placer Initialization Netlist Sorting
[21:26:57] Phase 1.2 IO Placement/ Clock Placement/ Build Placer Device
[21:27:28] Phase 1.3 Build Placer Netlist Model
[21:29:33] Phase 1.4 Constrain Clocks/Macros
[21:29:33] Phase 2 Global Placement
[21:29:33] Phase 2.1 Floorplanning
[21:30:04] Phase 2.1.1 Partition Driven Placement
[21:30:04] Phase 2.1.1.1 PBP: Partition Driven Placement
[21:30:36] Phase 2.1.1.2 PBP: Clock Region Placement
[21:31:07] Phase 2.1.1.3 PBP: Compute Congestion
[21:31:07] Phase 2.1.1.4 PBP: UpdateTiming
[21:31:39] Phase 2.1.1.5 PBP: Add part constraints
[21:31:39] Phase 2.2 Physical Synthesis After Floorplan
[21:32:42] Phase 2.3 Update Timing before SLR Path Opt
[21:32:42] Phase 2.4 Post-Processing in Floorplanning
[21:32:42] Phase 2.5 Global Placement Core
[21:44:11] Phase 2.5.1 Physical Synthesis In Placer
[21:46:17] Phase 3 Detail Placement
[21:46:17] Phase 3.1 Commit Multi Column Macros
[21:46:17] Phase 3.2 Commit Most Macros & LUTRAMs
[21:47:20] Phase 3.3 Small Shape DP
[21:47:20] Phase 3.3.1 Small Shape Clustering
[21:47:20] Phase 3.3.2 Flow Legalize Slice Clusters
[21:47:51] Phase 3.3.3 Slice Area Swap
[21:48:22] Phase 3.4 Place Remaining
[21:48:22] Phase 3.5 Re-assign LUT pins
[21:48:22] Phase 3.6 Pipeline Register Optimization
[21:48:22] Phase 3.7 Fast Optimization
[21:49:26] Phase 4 Post Placement Optimization and Clean-Up
[21:49:26] Phase 4.1 Post Commit Optimization
[21:51:01] Phase 4.1.1 Post Placement Optimization
[21:51:01] Phase 4.1.1.1 BUFG Insertion
[21:51:01] Phase 1 Physical Synthesis Initialization
[21:51:01] Phase 4.1.1.2 BUFG Replication
[21:51:33] Phase 4.1.1.3 Post Placement Timing Optimization
[21:54:41] Phase 4.1.1.4 Replication
[21:56:15] Phase 4.2 Post Placement Cleanup
[21:56:15] Phase 4.3 Placer Reporting
[21:56:15] Phase 4.3.1 Print Estimated Congestion
[21:56:15] Phase 4.4 Final Placement Cleanup
[21:59:22] Finished 4th of 6 tasks (FPGA logic placement). Elapsed time: 00h 37m 36s 

[21:59:22] Starting logic routing..
[21:59:54] Phase 1 Build RT Design
[22:02:00] Phase 2 Router Initialization
[22:02:00] Phase 2.1 Fix Topology Constraints
[22:02:00] Phase 2.2 Pre Route Cleanup
[22:02:00] Phase 2.3 Global Clock Net Routing
[22:02:30] Phase 2.4 Update Timing
[22:04:36] Phase 2.5 Update Timing for Bus Skew
[22:04:36] Phase 2.5.1 Update Timing
[22:05:08] Phase 3 Initial Routing
[22:05:08] Phase 3.1 Global Routing
[22:06:11] Phase 4 Rip-up And Reroute
[22:06:11] Phase 4.1 Global Iteration 0
[22:12:26] Phase 4.2 Global Iteration 1
[22:12:57] Phase 4.3 Global Iteration 2
[22:14:00] Phase 5 Delay and Skew Optimization
[22:14:00] Phase 5.1 Delay CleanUp
[22:14:00] Phase 5.1.1 Update Timing
[22:15:02] Phase 5.2 Clock Skew Optimization
[22:15:02] Phase 6 Post Hold Fix
[22:15:02] Phase 6.1 Hold Fix Iter
[22:15:02] Phase 6.1.1 Update Timing
[22:16:04] Phase 6.1.2 Lut RouteThru Assignment for hold
[22:16:04] Phase 6.2 Additional Hold Fix
[22:17:39] Phase 7 Leaf Clock Prog Delay Opt
[22:18:10] Phase 8 Route finalize
[22:18:10] Phase 9 Verifying routed nets
[22:18:42] Phase 10 Depositing Routes
[22:18:42] Phase 11 Resolve XTalk
[22:19:13] Phase 12 Post Router Timing
[22:19:13] Finished 5th of 6 tasks (FPGA routing). Elapsed time: 00h 19m 50s 

[22:19:13] Starting bitstream generation..
[22:28:39] Creating bitmap...
[22:37:23] Writing bitstream ./pfm_top_i_dynamic_region_my_rm_partial.bit...
[22:37:23] Finished 6th of 6 tasks (FPGA bitstream generation). Elapsed time: 00h 18m 10s 
[22:37:23] Run vpl: Step impl: Completed
[22:37:24] Run vpl: FINISHED. Run Status: impl Complete!
INFO: [v++ 60-1441] [22:37:30] Run run_link: Step vpl: Completed
Time (s): cpu = 00:00:49 ; elapsed = 02:35:17 . Memory (MB): peak = 2062.180 ; gain = 0.000 ; free physical = 45257 ; free virtual = 486474
INFO: [v++ 60-1443] [22:37:30] Run run_link: Step rtdgen: Started
INFO: [v++ 60-1453] Command Line: rtdgen
INFO: [v++ 60-1454] Run Directory: /home/ziyuanwang/hbm/Vitis_Accel_Examples/host_xrt/hbm_simple_xrt/_x_div_12.hw.xilinx_u280_xdma_201920_3/link/run_link
INFO: [v++ 60-991] clock name 'clkwiz_kernel_clk_out1' (clock ID '0') is being mapped to clock name 'DATA_CLK' in the xclbin
INFO: [v++ 60-991] clock name 'clkwiz_kernel2_clk_out1' (clock ID '1') is being mapped to clock name 'KERNEL_CLK' in the xclbin
INFO: [v++ 60-991] clock name 'clk_out1_pfm_top_clkwiz_hbm_aclk_0' (clock ID '') is being mapped to clock name 'clk_out1_pfm_top_clkwiz_hbm_aclk_0' in the xclbin
INFO: [v++ 60-1230] The compiler selected the following frequencies for the runtime controllable kernel clock(s) and scalable system clock(s): System (SYSTEM) clock: clk_out1_pfm_top_clkwiz_hbm_aclk_0 = 450, Kernel (DATA) clock: clkwiz_kernel_clk_out1 = 300, Kernel (KERNEL) clock: clkwiz_kernel2_clk_out1 = 500
INFO: [v++ 60-1453] Command Line: cf2sw -a /home/ziyuanwang/hbm/Vitis_Accel_Examples/host_xrt/hbm_simple_xrt/_x_div_12.hw.xilinx_u280_xdma_201920_3/link/int/address_map.xml -sdsl /home/ziyuanwang/hbm/Vitis_Accel_Examples/host_xrt/hbm_simple_xrt/_x_div_12.hw.xilinx_u280_xdma_201920_3/link/int/sdsl.dat -xclbin /home/ziyuanwang/hbm/Vitis_Accel_Examples/host_xrt/hbm_simple_xrt/_x_div_12.hw.xilinx_u280_xdma_201920_3/link/int/xclbin_orig.xml -rtd /home/ziyuanwang/hbm/Vitis_Accel_Examples/host_xrt/hbm_simple_xrt/_x_div_12.hw.xilinx_u280_xdma_201920_3/link/int/krnl_vadd.link.rtd -o /home/ziyuanwang/hbm/Vitis_Accel_Examples/host_xrt/hbm_simple_xrt/_x_div_12.hw.xilinx_u280_xdma_201920_3/link/int/krnl_vadd.link.xml
INFO: [v++ 60-1652] Cf2sw returned exit code: 0
INFO: [v++ 60-1441] [22:37:35] Run run_link: Step rtdgen: Completed
Time (s): cpu = 00:00:03 ; elapsed = 00:00:05 . Memory (MB): peak = 2062.180 ; gain = 0.000 ; free physical = 45260 ; free virtual = 486478
INFO: [v++ 60-1443] [22:37:35] Run run_link: Step xclbinutil: Started
INFO: [v++ 60-1453] Command Line: xclbinutil --add-section DEBUG_IP_LAYOUT:JSON:/home/ziyuanwang/hbm/Vitis_Accel_Examples/host_xrt/hbm_simple_xrt/_x_div_12.hw.xilinx_u280_xdma_201920_3/link/int/debug_ip_layout.rtd --add-section BITSTREAM:RAW:/home/ziyuanwang/hbm/Vitis_Accel_Examples/host_xrt/hbm_simple_xrt/_x_div_12.hw.xilinx_u280_xdma_201920_3/link/int/partial.bit --force --target hw --key-value SYS:dfx_enable:true --add-section :JSON:/home/ziyuanwang/hbm/Vitis_Accel_Examples/host_xrt/hbm_simple_xrt/_x_div_12.hw.xilinx_u280_xdma_201920_3/link/int/krnl_vadd.link.rtd --append-section :JSON:/home/ziyuanwang/hbm/Vitis_Accel_Examples/host_xrt/hbm_simple_xrt/_x_div_12.hw.xilinx_u280_xdma_201920_3/link/int/appendSection.rtd --add-section CLOCK_FREQ_TOPOLOGY:JSON:/home/ziyuanwang/hbm/Vitis_Accel_Examples/host_xrt/hbm_simple_xrt/_x_div_12.hw.xilinx_u280_xdma_201920_3/link/int/krnl_vadd.link_xml.rtd --add-section BUILD_METADATA:JSON:/home/ziyuanwang/hbm/Vitis_Accel_Examples/host_xrt/hbm_simple_xrt/_x_div_12.hw.xilinx_u280_xdma_201920_3/link/int/krnl_vadd.link_build.rtd --add-section EMBEDDED_METADATA:RAW:/home/ziyuanwang/hbm/Vitis_Accel_Examples/host_xrt/hbm_simple_xrt/_x_div_12.hw.xilinx_u280_xdma_201920_3/link/int/krnl_vadd.link.xml --add-section SYSTEM_METADATA:RAW:/home/ziyuanwang/hbm/Vitis_Accel_Examples/host_xrt/hbm_simple_xrt/_x_div_12.hw.xilinx_u280_xdma_201920_3/link/int/systemDiagramModelSlrBaseAddress.json --output /home/ziyuanwang/hbm/Vitis_Accel_Examples/host_xrt/hbm_simple_xrt/./build_dir_div_12.hw.xilinx_u280_xdma_201920_3/krnl_vadd.link.xclbin
INFO: [v++ 60-1454] Run Directory: /home/ziyuanwang/hbm/Vitis_Accel_Examples/host_xrt/hbm_simple_xrt/_x_div_12.hw.xilinx_u280_xdma_201920_3/link/run_link
XRT Build Version: 2.14.354 (2022.2)
       Build Date: 2022-10-08 09:49:58
          Hash ID: 43926231f7183688add2dccfd391b36a1f000bea
Creating a default 'in-memory' xclbin image.

Section: 'DEBUG_IP_LAYOUT'(9) was successfully added.
Size   : 296 bytes
Format : JSON
File   : '/home/ziyuanwang/hbm/Vitis_Accel_Examples/host_xrt/hbm_simple_xrt/_x_div_12.hw.xilinx_u280_xdma_201920_3/link/int/debug_ip_layout.rtd'

Section: 'BITSTREAM'(0) was successfully added.
Size   : 43303163 bytes
Format : RAW
File   : '/home/ziyuanwang/hbm/Vitis_Accel_Examples/host_xrt/hbm_simple_xrt/_x_div_12.hw.xilinx_u280_xdma_201920_3/link/int/partial.bit'

Section: 'MEM_TOPOLOGY'(6) was successfully added.
Format : JSON
File   : 'mem_topology'

Section: 'IP_LAYOUT'(8) was successfully added.
Format : JSON
File   : 'ip_layout'

Section: 'CONNECTIVITY'(7) was successfully added.
Format : JSON
File   : 'connectivity'

Section: 'CLOCK_FREQ_TOPOLOGY'(11) was successfully added.
Size   : 410 bytes
Format : JSON
File   : '/home/ziyuanwang/hbm/Vitis_Accel_Examples/host_xrt/hbm_simple_xrt/_x_div_12.hw.xilinx_u280_xdma_201920_3/link/int/krnl_vadd.link_xml.rtd'

Section: 'BUILD_METADATA'(14) was successfully added.
Size   : 3145 bytes
Format : JSON
File   : '/home/ziyuanwang/hbm/Vitis_Accel_Examples/host_xrt/hbm_simple_xrt/_x_div_12.hw.xilinx_u280_xdma_201920_3/link/int/krnl_vadd.link_build.rtd'

Section: 'EMBEDDED_METADATA'(2) was successfully added.
Size   : 4521 bytes
Format : RAW
File   : '/home/ziyuanwang/hbm/Vitis_Accel_Examples/host_xrt/hbm_simple_xrt/_x_div_12.hw.xilinx_u280_xdma_201920_3/link/int/krnl_vadd.link.xml'

Section: 'SYSTEM_METADATA'(22) was successfully added.
Size   : 18770 bytes
Format : RAW
File   : '/home/ziyuanwang/hbm/Vitis_Accel_Examples/host_xrt/hbm_simple_xrt/_x_div_12.hw.xilinx_u280_xdma_201920_3/link/int/systemDiagramModelSlrBaseAddress.json'

Section: 'IP_LAYOUT'(8) was successfully appended to.
Format : JSON
File   : 'ip_layout'
Successfully wrote (43357393 bytes) to the output file: /home/ziyuanwang/hbm/Vitis_Accel_Examples/host_xrt/hbm_simple_xrt/./build_dir_div_12.hw.xilinx_u280_xdma_201920_3/krnl_vadd.link.xclbin
Leaving xclbinutil.
INFO: [v++ 60-1441] [22:37:36] Run run_link: Step xclbinutil: Completed
Time (s): cpu = 00:00:00.11 ; elapsed = 00:00:02 . Memory (MB): peak = 2062.180 ; gain = 0.000 ; free physical = 45217 ; free virtual = 486476
INFO: [v++ 60-1443] [22:37:36] Run run_link: Step xclbinutilinfo: Started
INFO: [v++ 60-1453] Command Line: xclbinutil --quiet --force --info /home/ziyuanwang/hbm/Vitis_Accel_Examples/host_xrt/hbm_simple_xrt/./build_dir_div_12.hw.xilinx_u280_xdma_201920_3/krnl_vadd.link.xclbin.info --input /home/ziyuanwang/hbm/Vitis_Accel_Examples/host_xrt/hbm_simple_xrt/./build_dir_div_12.hw.xilinx_u280_xdma_201920_3/krnl_vadd.link.xclbin
INFO: [v++ 60-1454] Run Directory: /home/ziyuanwang/hbm/Vitis_Accel_Examples/host_xrt/hbm_simple_xrt/_x_div_12.hw.xilinx_u280_xdma_201920_3/link/run_link
INFO: [v++ 60-1441] [22:37:37] Run run_link: Step xclbinutilinfo: Completed
Time (s): cpu = 00:00:00.40 ; elapsed = 00:00:00.82 . Memory (MB): peak = 2062.180 ; gain = 0.000 ; free physical = 45216 ; free virtual = 486475
INFO: [v++ 60-1443] [22:37:37] Run run_link: Step generate_sc_driver: Started
INFO: [v++ 60-1453] Command Line: 
INFO: [v++ 60-1454] Run Directory: /home/ziyuanwang/hbm/Vitis_Accel_Examples/host_xrt/hbm_simple_xrt/_x_div_12.hw.xilinx_u280_xdma_201920_3/link/run_link
INFO: [v++ 60-1441] [22:37:38] Run run_link: Step generate_sc_driver: Completed
Time (s): cpu = 00:00:00 ; elapsed = 00:00:00.22 . Memory (MB): peak = 2062.180 ; gain = 0.000 ; free physical = 45212 ; free virtual = 486472
INFO: [v++ 60-244] Generating system estimate report...
INFO: [v++ 60-1092] Generated system estimate report: /home/ziyuanwang/hbm/Vitis_Accel_Examples/host_xrt/hbm_simple_xrt/_x_div_12.hw.xilinx_u280_xdma_201920_3/reports/link/system_estimate_krnl_vadd.link.xtxt
INFO: [v++ 60-586] Created /home/ziyuanwang/hbm/Vitis_Accel_Examples/host_xrt/hbm_simple_xrt/build_dir_div_12.hw.xilinx_u280_xdma_201920_3/krnl_vadd.link.ltx
INFO: [v++ 60-586] Created ./build_dir_div_12.hw.xilinx_u280_xdma_201920_3/krnl_vadd.link.xclbin
INFO: [v++ 60-1307] Run completed. Additional information can be found in:
	Guidance: /home/ziyuanwang/hbm/Vitis_Accel_Examples/host_xrt/hbm_simple_xrt/_x_div_12.hw.xilinx_u280_xdma_201920_3/reports/link/v++_link_krnl_vadd.link_guidance.html
	Timing Report: /home/ziyuanwang/hbm/Vitis_Accel_Examples/host_xrt/hbm_simple_xrt/_x_div_12.hw.xilinx_u280_xdma_201920_3/reports/link/imp/impl_1_xilinx_u280_xdma_201920_3_bb_locked_timing_summary_routed.rpt
	Vivado Log: /home/ziyuanwang/hbm/Vitis_Accel_Examples/host_xrt/hbm_simple_xrt/_x_div_12.hw.xilinx_u280_xdma_201920_3/logs/link/vivado.log
	Steps Log File: /home/ziyuanwang/hbm/Vitis_Accel_Examples/host_xrt/hbm_simple_xrt/_x_div_12.hw.xilinx_u280_xdma_201920_3/logs/link/link.steps.log

INFO: [v++ 60-2343] Use the vitis_analyzer tool to visualize and navigate the relevant reports. Run the following command. 
    vitis_analyzer /home/ziyuanwang/hbm/Vitis_Accel_Examples/host_xrt/hbm_simple_xrt/build_dir_div_12.hw.xilinx_u280_xdma_201920_3/krnl_vadd.link.xclbin.link_summary 
INFO: [v++ 60-791] Total elapsed time: 2h 37m 20s
