Copyright 1986-2021 Xilinx, Inc. All Rights Reserved.
-----------------------------------------------------------------------------------------------------------------------------------------------------------------------------------------------------------------------------------------------------------------------------------------------------------------------------------------------------
| Tool Version : Vivado v.2021.2 (lin64) Build 3367213 Tue Oct 19 02:47:39 MDT 2021
| Date         : Sun Nov  3 00:18:23 2024
| Host         : hacc-gpu0 running 64-bit Ubuntu 20.04.6 LTS
| Command      : report_accelerator_utilization -kernels { krnl_vaddmul:pfm_top_i/dynamic_region/krnl_vaddmul_1/inst:krnl_vaddmul_1 krnl_vaddmul:pfm_top_i/dynamic_region/krnl_vaddmul_2/inst:krnl_vaddmul_2 krnl_vaddmul:pfm_top_i/dynamic_region/krnl_vaddmul_3/inst:krnl_vaddmul_3} -file kernel_util_synthed.rpt -name kernel_util_synthed -json
| Design       : pfm_top_wrapper
| Device       : xcu280
| Design State : Synthesized
-----------------------------------------------------------------------------------------------------------------------------------------------------------------------------------------------------------------------------------------------------------------------------------------------------------------------------------------------------

Accelerator Utilization Design Information

Table of Contents
-----------------
1. System Utilization

1. System Utilization
---------------------

+---------------------+-------------------+------------------+-------------------+----------------+---------------+----------------+
| Name                | LUT               | LUTAsMem         | REG               | BRAM           | URAM          | DSP            |
+---------------------+-------------------+------------------+-------------------+----------------+---------------+----------------+
| Platform            |  150272 [ 11.54%] |  28072 [  4.67%] |  217225 [  8.33%] |  202 [ 10.02%] |   0 [  0.00%] |    4 [  0.04%] |
| User Budget         | 1152448 [100.00%] | 572408 [100.00%] | 2390135 [100.00%] | 1814 [100.00%] | 960 [100.00%] | 9020 [100.00%] |
|    Used Resources   |   41904 [  3.64%] |  18870 [  3.30%] |   69363 [  2.90%] |  186 [ 10.25%] |   0 [  0.00%] |   24 [  0.27%] |
|    Unused Resources | 1110544 [ 96.36%] | 553538 [ 96.70%] | 2320772 [ 97.10%] | 1628 [ 89.75%] | 960 [100.00%] | 8996 [ 99.73%] |
| krnl_vaddmul        |   41904 [  3.64%] |  18870 [  3.30%] |   69363 [  2.90%] |  186 [ 10.25%] |   0 [  0.00%] |   24 [  0.27%] |
|    krnl_vaddmul_1   |   13968 [  1.21%] |   6290 [  1.10%] |   23121 [  0.97%] |   62 [  3.42%] |   0 [  0.00%] |    8 [  0.09%] |
|    krnl_vaddmul_2   |   13968 [  1.21%] |   6290 [  1.10%] |   23121 [  0.97%] |   62 [  3.42%] |   0 [  0.00%] |    8 [  0.09%] |
|    krnl_vaddmul_3   |   13968 [  1.21%] |   6290 [  1.10%] |   23121 [  0.97%] |   62 [  3.42%] |   0 [  0.00%] |    8 [  0.09%] |
+---------------------+-------------------+------------------+-------------------+----------------+---------------+----------------+


