
*** Running vivado
    with args -log pfm_dynamic_psreset_gate_pr_dataclk_0.vds -m64 -product Vivado -mode batch -messageDb vivado.pb -notrace -source pfm_dynamic_psreset_gate_pr_dataclk_0.tcl


****** Vivado v2021.2 (64-bit)
  **** SW Build 3367213 on Tue Oct 19 02:47:39 MDT 2021
  **** IP Build 3369179 on Thu Oct 21 08:25:16 MDT 2021
    ** Copyright 1986-2021 Xilinx, Inc. All Rights Reserved.

source pfm_dynamic_psreset_gate_pr_dataclk_0.tcl -notrace
INFO: Dispatch client connection id - 40307
create_project: Time (s): cpu = 00:00:04 ; elapsed = 00:00:11 . Memory (MB): peak = 2761.465 ; gain = 0.023 ; free physical = 269397 ; free virtual = 494833
INFO: [IP_Flow 19-234] Refreshing IP repositories
INFO: [IP_Flow 19-1700] Loaded user IP repository '/home/ziyuanwang/hbm/Vitis_Accel_Examples/host_xrt/hbm_simple_xrt/_x_SIZE32.hw.xilinx_u280_xdma_201920_3/link/int/xo/ip_repo/xilinx_com_hls_krnl_vadd_1_0'.
INFO: [IP_Flow 19-1700] Loaded user IP repository '/home/ziyuanwang/hbm/Vitis_Accel_Examples/host_xrt/hbm_simple_xrt/_x_SIZE32.hw.xilinx_u280_xdma_201920_3/link/vivado/vpl/.local/hw_platform/iprepo'.
INFO: [IP_Flow 19-1700] Loaded user IP repository '/tools/Xilinx/Vitis/2021.2/data/cache/xilinx'.
INFO: [IP_Flow 19-1700] Loaded user IP repository '/home/ziyuanwang/hbm/Vitis_Accel_Examples/host_xrt/hbm_simple_xrt/_x_SIZE32.hw.xilinx_u280_xdma_201920_3/link/vivado/vpl/.local/hw_platform/ipcache'.
INFO: [IP_Flow 19-1700] Loaded user IP repository '/tools/Xilinx/Vitis/2021.2/data/ip'.
INFO: [IP_Flow 19-2313] Loaded Vivado IP repository '/tools/Xilinx/Vivado/2021.2/data/ip'.
Command: synth_design -top pfm_dynamic_psreset_gate_pr_dataclk_0 -part xcu280-fsvh2892-2L-e -mode out_of_context
Starting synth_design
Attempting to get a license for feature 'Synthesis' and/or device 'xcu280'
INFO: [Common 17-349] Got license for feature 'Synthesis' and/or device 'xcu280'
INFO: [Device 21-403] Loading part xcu280-fsvh2892-2L-e
INFO: [Synth 8-7079] Multithreading enabled for synth_design using a maximum of 1 processes.
INFO: [Synth 8-7078] Launching helper process for spawning children vivado processes
INFO: [Synth 8-7075] Helper process launched with PID 357113
---------------------------------------------------------------------------------
Starting RTL Elaboration : Time (s): cpu = 00:00:03 ; elapsed = 00:00:12 . Memory (MB): peak = 3516.785 ; gain = 286.668 ; free physical = 266259 ; free virtual = 491687
---------------------------------------------------------------------------------
INFO: [Synth 8-638] synthesizing module 'pfm_dynamic_psreset_gate_pr_dataclk_0' [/home/ziyuanwang/hbm/Vitis_Accel_Examples/host_xrt/hbm_simple_xrt/_x_SIZE32.hw.xilinx_u280_xdma_201920_3/link/vivado/vpl/prj/prj.gen/my_rm/bd/bd/ip/pfm_dynamic_psreset_gate_pr_dataclk_0/synth/pfm_dynamic_psreset_gate_pr_dataclk_0.vhd:74]
	Parameter C_FAMILY bound to: virtexuplusHBM - type: string 
	Parameter C_EXT_RST_WIDTH bound to: 4 - type: integer 
	Parameter C_AUX_RST_WIDTH bound to: 4 - type: integer 
	Parameter C_EXT_RESET_HIGH bound to: 1'b0 
	Parameter C_AUX_RESET_HIGH bound to: 1'b0 
	Parameter C_NUM_BUS_RST bound to: 1 - type: integer 
	Parameter C_NUM_PERP_RST bound to: 1 - type: integer 
	Parameter C_NUM_INTERCONNECT_ARESETN bound to: 1 - type: integer 
	Parameter C_NUM_PERP_ARESETN bound to: 1 - type: integer 
INFO: [Synth 8-3491] module 'proc_sys_reset' declared at '/home/ziyuanwang/hbm/Vitis_Accel_Examples/host_xrt/hbm_simple_xrt/_x_SIZE32.hw.xilinx_u280_xdma_201920_3/link/vivado/vpl/prj/prj.gen/my_rm/bd/bd/ipshared/8842/hdl/proc_sys_reset_v5_0_vh_rfs.vhd:1264' bound to instance 'U0' of component 'proc_sys_reset' [/home/ziyuanwang/hbm/Vitis_Accel_Examples/host_xrt/hbm_simple_xrt/_x_SIZE32.hw.xilinx_u280_xdma_201920_3/link/vivado/vpl/prj/prj.gen/my_rm/bd/bd/ip/pfm_dynamic_psreset_gate_pr_dataclk_0/synth/pfm_dynamic_psreset_gate_pr_dataclk_0.vhd:129]
INFO: [Synth 8-638] synthesizing module 'proc_sys_reset' [/home/ziyuanwang/hbm/Vitis_Accel_Examples/host_xrt/hbm_simple_xrt/_x_SIZE32.hw.xilinx_u280_xdma_201920_3/link/vivado/vpl/prj/prj.gen/my_rm/bd/bd/ipshared/8842/hdl/proc_sys_reset_v5_0_vh_rfs.vhd:1323]
	Parameter INIT bound to: 1'b1 
INFO: [Synth 8-113] binding component instance 'FDRE_inst' to cell 'FDRE' [/home/ziyuanwang/hbm/Vitis_Accel_Examples/host_xrt/hbm_simple_xrt/_x_SIZE32.hw.xilinx_u280_xdma_201920_3/link/vivado/vpl/prj/prj.gen/my_rm/bd/bd/ipshared/8842/hdl/proc_sys_reset_v5_0_vh_rfs.vhd:1392]
	Parameter INIT bound to: 1'b1 
INFO: [Synth 8-113] binding component instance 'FDRE_BSR' to cell 'FDRE' [/home/ziyuanwang/hbm/Vitis_Accel_Examples/host_xrt/hbm_simple_xrt/_x_SIZE32.hw.xilinx_u280_xdma_201920_3/link/vivado/vpl/prj/prj.gen/my_rm/bd/bd/ipshared/8842/hdl/proc_sys_reset_v5_0_vh_rfs.vhd:1408]
	Parameter INIT bound to: 1'b0 
INFO: [Synth 8-113] binding component instance 'FDRE_BSR_N' to cell 'FDRE' [/home/ziyuanwang/hbm/Vitis_Accel_Examples/host_xrt/hbm_simple_xrt/_x_SIZE32.hw.xilinx_u280_xdma_201920_3/link/vivado/vpl/prj/prj.gen/my_rm/bd/bd/ipshared/8842/hdl/proc_sys_reset_v5_0_vh_rfs.vhd:1434]
	Parameter INIT bound to: 1'b1 
INFO: [Synth 8-113] binding component instance 'FDRE_PER' to cell 'FDRE' [/home/ziyuanwang/hbm/Vitis_Accel_Examples/host_xrt/hbm_simple_xrt/_x_SIZE32.hw.xilinx_u280_xdma_201920_3/link/vivado/vpl/prj/prj.gen/my_rm/bd/bd/ipshared/8842/hdl/proc_sys_reset_v5_0_vh_rfs.vhd:1457]
	Parameter INIT bound to: 1'b0 
INFO: [Synth 8-113] binding component instance 'FDRE_PER_N' to cell 'FDRE' [/home/ziyuanwang/hbm/Vitis_Accel_Examples/host_xrt/hbm_simple_xrt/_x_SIZE32.hw.xilinx_u280_xdma_201920_3/link/vivado/vpl/prj/prj.gen/my_rm/bd/bd/ipshared/8842/hdl/proc_sys_reset_v5_0_vh_rfs.vhd:1481]
INFO: [Synth 8-638] synthesizing module 'lpf' [/home/ziyuanwang/hbm/Vitis_Accel_Examples/host_xrt/hbm_simple_xrt/_x_SIZE32.hw.xilinx_u280_xdma_201920_3/link/vivado/vpl/prj/prj.gen/my_rm/bd/bd/ipshared/8842/hdl/proc_sys_reset_v5_0_vh_rfs.vhd:816]
INFO: [Synth 8-3491] module 'SRL16' declared at '/tools/Xilinx/Vivado/2021.2/scripts/rt/data/unisim_comp.v:105983' bound to instance 'POR_SRL_I' of component 'SRL16' [/home/ziyuanwang/hbm/Vitis_Accel_Examples/host_xrt/hbm_simple_xrt/_x_SIZE32.hw.xilinx_u280_xdma_201920_3/link/vivado/vpl/prj/prj.gen/my_rm/bd/bd/ipshared/8842/hdl/proc_sys_reset_v5_0_vh_rfs.vhd:868]
INFO: [Synth 8-6157] synthesizing module 'SRL16' [/tools/Xilinx/Vivado/2021.2/scripts/rt/data/unisim_comp.v:105983]
INFO: [Synth 8-6155] done synthesizing module 'SRL16' (1#1) [/tools/Xilinx/Vivado/2021.2/scripts/rt/data/unisim_comp.v:105983]
INFO: [Synth 8-638] synthesizing module 'cdc_sync' [/home/ziyuanwang/hbm/Vitis_Accel_Examples/host_xrt/hbm_simple_xrt/_x_SIZE32.hw.xilinx_u280_xdma_201920_3/link/vivado/vpl/prj/prj.gen/my_rm/bd/bd/ipshared/ef1e/hdl/lib_cdc_v1_0_rfs.vhd:106]
	Parameter INIT bound to: 1'b0 
INFO: [Synth 8-113] binding component instance 'CROSS_PLEVEL_IN2SCNDRY_IN_cdc_to' to cell 'FDR' [/home/ziyuanwang/hbm/Vitis_Accel_Examples/host_xrt/hbm_simple_xrt/_x_SIZE32.hw.xilinx_u280_xdma_201920_3/link/vivado/vpl/prj/prj.gen/my_rm/bd/bd/ipshared/ef1e/hdl/lib_cdc_v1_0_rfs.vhd:514]
	Parameter INIT bound to: 1'b0 
INFO: [Synth 8-113] binding component instance 'CROSS_PLEVEL_IN2SCNDRY_s_level_out_d2' to cell 'FDR' [/home/ziyuanwang/hbm/Vitis_Accel_Examples/host_xrt/hbm_simple_xrt/_x_SIZE32.hw.xilinx_u280_xdma_201920_3/link/vivado/vpl/prj/prj.gen/my_rm/bd/bd/ipshared/ef1e/hdl/lib_cdc_v1_0_rfs.vhd:545]
	Parameter INIT bound to: 1'b0 
INFO: [Synth 8-113] binding component instance 'CROSS_PLEVEL_IN2SCNDRY_s_level_out_d3' to cell 'FDR' [/home/ziyuanwang/hbm/Vitis_Accel_Examples/host_xrt/hbm_simple_xrt/_x_SIZE32.hw.xilinx_u280_xdma_201920_3/link/vivado/vpl/prj/prj.gen/my_rm/bd/bd/ipshared/ef1e/hdl/lib_cdc_v1_0_rfs.vhd:554]
	Parameter INIT bound to: 1'b0 
INFO: [Synth 8-113] binding component instance 'CROSS_PLEVEL_IN2SCNDRY_s_level_out_d4' to cell 'FDR' [/home/ziyuanwang/hbm/Vitis_Accel_Examples/host_xrt/hbm_simple_xrt/_x_SIZE32.hw.xilinx_u280_xdma_201920_3/link/vivado/vpl/prj/prj.gen/my_rm/bd/bd/ipshared/ef1e/hdl/lib_cdc_v1_0_rfs.vhd:564]
	Parameter INIT bound to: 1'b0 
INFO: [Synth 8-113] binding component instance 'CROSS_PLEVEL_IN2SCNDRY_s_level_out_d5' to cell 'FDR' [/home/ziyuanwang/hbm/Vitis_Accel_Examples/host_xrt/hbm_simple_xrt/_x_SIZE32.hw.xilinx_u280_xdma_201920_3/link/vivado/vpl/prj/prj.gen/my_rm/bd/bd/ipshared/ef1e/hdl/lib_cdc_v1_0_rfs.vhd:574]
	Parameter INIT bound to: 1'b0 
INFO: [Synth 8-113] binding component instance 'CROSS_PLEVEL_IN2SCNDRY_s_level_out_d6' to cell 'FDR' [/home/ziyuanwang/hbm/Vitis_Accel_Examples/host_xrt/hbm_simple_xrt/_x_SIZE32.hw.xilinx_u280_xdma_201920_3/link/vivado/vpl/prj/prj.gen/my_rm/bd/bd/ipshared/ef1e/hdl/lib_cdc_v1_0_rfs.vhd:584]
INFO: [Synth 8-256] done synthesizing module 'cdc_sync' (2#1) [/home/ziyuanwang/hbm/Vitis_Accel_Examples/host_xrt/hbm_simple_xrt/_x_SIZE32.hw.xilinx_u280_xdma_201920_3/link/vivado/vpl/prj/prj.gen/my_rm/bd/bd/ipshared/ef1e/hdl/lib_cdc_v1_0_rfs.vhd:106]
INFO: [Synth 8-256] done synthesizing module 'lpf' (3#1) [/home/ziyuanwang/hbm/Vitis_Accel_Examples/host_xrt/hbm_simple_xrt/_x_SIZE32.hw.xilinx_u280_xdma_201920_3/link/vivado/vpl/prj/prj.gen/my_rm/bd/bd/ipshared/8842/hdl/proc_sys_reset_v5_0_vh_rfs.vhd:816]
INFO: [Synth 8-638] synthesizing module 'sequence_psr' [/home/ziyuanwang/hbm/Vitis_Accel_Examples/host_xrt/hbm_simple_xrt/_x_SIZE32.hw.xilinx_u280_xdma_201920_3/link/vivado/vpl/prj/prj.gen/my_rm/bd/bd/ipshared/8842/hdl/proc_sys_reset_v5_0_vh_rfs.vhd:301]
INFO: [Synth 8-638] synthesizing module 'upcnt_n' [/home/ziyuanwang/hbm/Vitis_Accel_Examples/host_xrt/hbm_simple_xrt/_x_SIZE32.hw.xilinx_u280_xdma_201920_3/link/vivado/vpl/prj/prj.gen/my_rm/bd/bd/ipshared/8842/hdl/proc_sys_reset_v5_0_vh_rfs.vhd:125]
INFO: [Synth 8-256] done synthesizing module 'upcnt_n' (4#1) [/home/ziyuanwang/hbm/Vitis_Accel_Examples/host_xrt/hbm_simple_xrt/_x_SIZE32.hw.xilinx_u280_xdma_201920_3/link/vivado/vpl/prj/prj.gen/my_rm/bd/bd/ipshared/8842/hdl/proc_sys_reset_v5_0_vh_rfs.vhd:125]
INFO: [Synth 8-256] done synthesizing module 'sequence_psr' (5#1) [/home/ziyuanwang/hbm/Vitis_Accel_Examples/host_xrt/hbm_simple_xrt/_x_SIZE32.hw.xilinx_u280_xdma_201920_3/link/vivado/vpl/prj/prj.gen/my_rm/bd/bd/ipshared/8842/hdl/proc_sys_reset_v5_0_vh_rfs.vhd:301]
INFO: [Synth 8-256] done synthesizing module 'proc_sys_reset' (6#1) [/home/ziyuanwang/hbm/Vitis_Accel_Examples/host_xrt/hbm_simple_xrt/_x_SIZE32.hw.xilinx_u280_xdma_201920_3/link/vivado/vpl/prj/prj.gen/my_rm/bd/bd/ipshared/8842/hdl/proc_sys_reset_v5_0_vh_rfs.vhd:1323]
INFO: [Synth 8-256] done synthesizing module 'pfm_dynamic_psreset_gate_pr_dataclk_0' (7#1) [/home/ziyuanwang/hbm/Vitis_Accel_Examples/host_xrt/hbm_simple_xrt/_x_SIZE32.hw.xilinx_u280_xdma_201920_3/link/vivado/vpl/prj/prj.gen/my_rm/bd/bd/ip/pfm_dynamic_psreset_gate_pr_dataclk_0/synth/pfm_dynamic_psreset_gate_pr_dataclk_0.vhd:74]
WARNING: [Synth 8-7129] Port prmry_aclk in module cdc_sync is either unconnected or has no load
WARNING: [Synth 8-7129] Port prmry_resetn in module cdc_sync is either unconnected or has no load
WARNING: [Synth 8-7129] Port prmry_vect_in[1] in module cdc_sync is either unconnected or has no load
WARNING: [Synth 8-7129] Port prmry_vect_in[0] in module cdc_sync is either unconnected or has no load
WARNING: [Synth 8-7129] Port scndry_resetn in module cdc_sync is either unconnected or has no load
---------------------------------------------------------------------------------
Finished RTL Elaboration : Time (s): cpu = 00:00:04 ; elapsed = 00:00:16 . Memory (MB): peak = 3567.730 ; gain = 337.613 ; free physical = 266325 ; free virtual = 491755
---------------------------------------------------------------------------------
---------------------------------------------------------------------------------
Start Handling Custom Attributes
---------------------------------------------------------------------------------
---------------------------------------------------------------------------------
Finished Handling Custom Attributes : Time (s): cpu = 00:00:05 ; elapsed = 00:00:19 . Memory (MB): peak = 3585.543 ; gain = 355.426 ; free physical = 266963 ; free virtual = 492392
---------------------------------------------------------------------------------
---------------------------------------------------------------------------------
Finished RTL Optimization Phase 1 : Time (s): cpu = 00:00:05 ; elapsed = 00:00:19 . Memory (MB): peak = 3585.543 ; gain = 355.426 ; free physical = 266963 ; free virtual = 492392
---------------------------------------------------------------------------------
Netlist sorting complete. Time (s): cpu = 00:00:00 ; elapsed = 00:00:00 . Memory (MB): peak = 3591.480 ; gain = 0.000 ; free physical = 266920 ; free virtual = 492349
INFO: [Netlist 29-17] Analyzing 13 Unisim elements for replacement
INFO: [Netlist 29-28] Unisim Transformation completed in 0 CPU seconds
INFO: [Project 1-570] Preparing netlist for logic optimization

Processing XDC Constraints
Initializing timing engine
Parsing XDC File [/home/ziyuanwang/hbm/Vitis_Accel_Examples/host_xrt/hbm_simple_xrt/_x_SIZE32.hw.xilinx_u280_xdma_201920_3/link/vivado/vpl/prj/prj.gen/my_rm/bd/bd/ip/pfm_dynamic_psreset_gate_pr_dataclk_0/pfm_dynamic_psreset_gate_pr_dataclk_0_ooc.xdc] for cell 'U0'
create_clock: Time (s): cpu = 00:00:05 ; elapsed = 00:00:13 . Memory (MB): peak = 3709.105 ; gain = 0.000 ; free physical = 267362 ; free virtual = 492787
Finished Parsing XDC File [/home/ziyuanwang/hbm/Vitis_Accel_Examples/host_xrt/hbm_simple_xrt/_x_SIZE32.hw.xilinx_u280_xdma_201920_3/link/vivado/vpl/prj/prj.gen/my_rm/bd/bd/ip/pfm_dynamic_psreset_gate_pr_dataclk_0/pfm_dynamic_psreset_gate_pr_dataclk_0_ooc.xdc] for cell 'U0'
Parsing XDC File [/home/ziyuanwang/hbm/Vitis_Accel_Examples/host_xrt/hbm_simple_xrt/_x_SIZE32.hw.xilinx_u280_xdma_201920_3/link/vivado/vpl/prj/prj.gen/my_rm/bd/bd/ip/pfm_dynamic_psreset_gate_pr_dataclk_0/pfm_dynamic_psreset_gate_pr_dataclk_0_board.xdc] for cell 'U0'
Finished Parsing XDC File [/home/ziyuanwang/hbm/Vitis_Accel_Examples/host_xrt/hbm_simple_xrt/_x_SIZE32.hw.xilinx_u280_xdma_201920_3/link/vivado/vpl/prj/prj.gen/my_rm/bd/bd/ip/pfm_dynamic_psreset_gate_pr_dataclk_0/pfm_dynamic_psreset_gate_pr_dataclk_0_board.xdc] for cell 'U0'
Parsing XDC File [/home/ziyuanwang/hbm/Vitis_Accel_Examples/host_xrt/hbm_simple_xrt/_x_SIZE32.hw.xilinx_u280_xdma_201920_3/link/vivado/vpl/prj/prj.gen/my_rm/bd/bd/ip/pfm_dynamic_psreset_gate_pr_dataclk_0/pfm_dynamic_psreset_gate_pr_dataclk_0.xdc] for cell 'U0'
Finished Parsing XDC File [/home/ziyuanwang/hbm/Vitis_Accel_Examples/host_xrt/hbm_simple_xrt/_x_SIZE32.hw.xilinx_u280_xdma_201920_3/link/vivado/vpl/prj/prj.gen/my_rm/bd/bd/ip/pfm_dynamic_psreset_gate_pr_dataclk_0/pfm_dynamic_psreset_gate_pr_dataclk_0.xdc] for cell 'U0'
Parsing XDC File [/home/ziyuanwang/hbm/Vitis_Accel_Examples/host_xrt/hbm_simple_xrt/_x_SIZE32.hw.xilinx_u280_xdma_201920_3/link/vivado/vpl/prj/prj.runs/pfm_dynamic_psreset_gate_pr_dataclk_0_synth_1/dont_touch.xdc]
Finished Parsing XDC File [/home/ziyuanwang/hbm/Vitis_Accel_Examples/host_xrt/hbm_simple_xrt/_x_SIZE32.hw.xilinx_u280_xdma_201920_3/link/vivado/vpl/prj/prj.runs/pfm_dynamic_psreset_gate_pr_dataclk_0_synth_1/dont_touch.xdc]
Completed Processing XDC Constraints

Netlist sorting complete. Time (s): cpu = 00:00:00 ; elapsed = 00:00:00 . Memory (MB): peak = 3709.105 ; gain = 0.000 ; free physical = 267361 ; free virtual = 492786
INFO: [Project 1-111] Unisim Transformation Summary:
  A total of 13 instances were transformed.
  FDR => FDRE: 12 instances
  SRL16 => SRL16E: 1 instance 

Constraint Validation Runtime : Time (s): cpu = 00:00:00.01 ; elapsed = 00:00:00.25 . Memory (MB): peak = 3709.105 ; gain = 0.000 ; free physical = 267304 ; free virtual = 492729
---------------------------------------------------------------------------------
Finished Constraint Validation : Time (s): cpu = 00:00:15 ; elapsed = 00:00:48 . Memory (MB): peak = 3709.105 ; gain = 478.988 ; free physical = 266840 ; free virtual = 492269
---------------------------------------------------------------------------------
---------------------------------------------------------------------------------
Start Loading Part and Timing Information
---------------------------------------------------------------------------------
Loading part: xcu280-fsvh2892-2L-e
INFO: [Synth 8-6742] Reading net delay rules and data
---------------------------------------------------------------------------------
Finished Loading Part and Timing Information : Time (s): cpu = 00:00:15 ; elapsed = 00:00:48 . Memory (MB): peak = 3709.105 ; gain = 478.988 ; free physical = 266840 ; free virtual = 492269
---------------------------------------------------------------------------------
---------------------------------------------------------------------------------
Start Applying 'set_property' XDC Constraints
---------------------------------------------------------------------------------
Applied set_property KEEP_HIERARCHY = SOFT for U0. (constraint file  /home/ziyuanwang/hbm/Vitis_Accel_Examples/host_xrt/hbm_simple_xrt/_x_SIZE32.hw.xilinx_u280_xdma_201920_3/link/vivado/vpl/prj/prj.runs/pfm_dynamic_psreset_gate_pr_dataclk_0_synth_1/dont_touch.xdc, line 9).
---------------------------------------------------------------------------------
Finished applying 'set_property' XDC Constraints : Time (s): cpu = 00:00:15 ; elapsed = 00:00:48 . Memory (MB): peak = 3709.105 ; gain = 478.988 ; free physical = 266838 ; free virtual = 492267
---------------------------------------------------------------------------------
---------------------------------------------------------------------------------
Finished RTL Optimization Phase 2 : Time (s): cpu = 00:00:15 ; elapsed = 00:00:50 . Memory (MB): peak = 3709.105 ; gain = 478.988 ; free physical = 265507 ; free virtual = 490937
---------------------------------------------------------------------------------
---------------------------------------------------------------------------------
Start RTL Component Statistics 
---------------------------------------------------------------------------------
Detailed RTL Component Info : 
+---Adders : 
	   2 Input    6 Bit       Adders := 1     
+---Registers : 
	                6 Bit    Registers := 1     
	                3 Bit    Registers := 3     
	                1 Bit    Registers := 8     
+---Muxes : 
	   2 Input    6 Bit        Muxes := 1     
	   2 Input    1 Bit        Muxes := 1     
---------------------------------------------------------------------------------
Finished RTL Component Statistics 
---------------------------------------------------------------------------------
---------------------------------------------------------------------------------
Start Part Resource Summary
---------------------------------------------------------------------------------
Part Resources:
DSPs: 9024 (col length:94)
BRAMs: 4032 (col length: RAMB18 288 RAMB36 144)
---------------------------------------------------------------------------------
Finished Part Resource Summary
---------------------------------------------------------------------------------
---------------------------------------------------------------------------------
Start Cross Boundary and Area Optimization
---------------------------------------------------------------------------------
WARNING: [Synth 8-7080] Parallel synthesis criteria is not met
WARNING: [Synth 8-3332] Sequential element (EXT_LPF/ACTIVE_LOW_EXT.ACT_LO_EXT/GENERATE_LEVEL_P_S_CDC.SINGLE_BIT.CROSS_PLEVEL_IN2SCNDRY_s_level_out_d5) is unused and will be removed from module proc_sys_reset.
WARNING: [Synth 8-3332] Sequential element (EXT_LPF/ACTIVE_LOW_EXT.ACT_LO_EXT/GENERATE_LEVEL_P_S_CDC.SINGLE_BIT.CROSS_PLEVEL_IN2SCNDRY_s_level_out_d6) is unused and will be removed from module proc_sys_reset.
WARNING: [Synth 8-3332] Sequential element (EXT_LPF/ACTIVE_LOW_AUX.ACT_LO_AUX/GENERATE_LEVEL_P_S_CDC.SINGLE_BIT.CROSS_PLEVEL_IN2SCNDRY_s_level_out_d5) is unused and will be removed from module proc_sys_reset.
WARNING: [Synth 8-3332] Sequential element (EXT_LPF/ACTIVE_LOW_AUX.ACT_LO_AUX/GENERATE_LEVEL_P_S_CDC.SINGLE_BIT.CROSS_PLEVEL_IN2SCNDRY_s_level_out_d6) is unused and will be removed from module proc_sys_reset.
---------------------------------------------------------------------------------
Finished Cross Boundary and Area Optimization : Time (s): cpu = 00:00:16 ; elapsed = 00:00:54 . Memory (MB): peak = 3709.105 ; gain = 478.988 ; free physical = 264911 ; free virtual = 490345
---------------------------------------------------------------------------------
---------------------------------------------------------------------------------
Start Applying XDC Timing Constraints
---------------------------------------------------------------------------------
---------------------------------------------------------------------------------
Finished Applying XDC Timing Constraints : Time (s): cpu = 00:00:25 ; elapsed = 00:01:23 . Memory (MB): peak = 4006.684 ; gain = 776.566 ; free physical = 262153 ; free virtual = 487598
---------------------------------------------------------------------------------
---------------------------------------------------------------------------------
Start Timing Optimization
---------------------------------------------------------------------------------
---------------------------------------------------------------------------------
Finished Timing Optimization : Time (s): cpu = 00:00:25 ; elapsed = 00:01:23 . Memory (MB): peak = 4006.684 ; gain = 776.566 ; free physical = 262149 ; free virtual = 487594
---------------------------------------------------------------------------------
---------------------------------------------------------------------------------
Start Technology Mapping
---------------------------------------------------------------------------------
---------------------------------------------------------------------------------
Finished Technology Mapping : Time (s): cpu = 00:00:25 ; elapsed = 00:01:23 . Memory (MB): peak = 4034.730 ; gain = 804.613 ; free physical = 262119 ; free virtual = 487564
---------------------------------------------------------------------------------
---------------------------------------------------------------------------------
Start IO Insertion
---------------------------------------------------------------------------------
---------------------------------------------------------------------------------
Start Flattening Before IO Insertion
---------------------------------------------------------------------------------
---------------------------------------------------------------------------------
Finished Flattening Before IO Insertion
---------------------------------------------------------------------------------
---------------------------------------------------------------------------------
Start Final Netlist Cleanup
---------------------------------------------------------------------------------
---------------------------------------------------------------------------------
Finished Final Netlist Cleanup
---------------------------------------------------------------------------------
---------------------------------------------------------------------------------
Finished IO Insertion : Time (s): cpu = 00:00:29 ; elapsed = 00:01:33 . Memory (MB): peak = 4034.730 ; gain = 804.613 ; free physical = 262152 ; free virtual = 487597
---------------------------------------------------------------------------------
---------------------------------------------------------------------------------
Start Renaming Generated Instances
---------------------------------------------------------------------------------
---------------------------------------------------------------------------------
Finished Renaming Generated Instances : Time (s): cpu = 00:00:29 ; elapsed = 00:01:33 . Memory (MB): peak = 4034.730 ; gain = 804.613 ; free physical = 262152 ; free virtual = 487597
---------------------------------------------------------------------------------
---------------------------------------------------------------------------------
Start Rebuilding User Hierarchy
---------------------------------------------------------------------------------
---------------------------------------------------------------------------------
Finished Rebuilding User Hierarchy : Time (s): cpu = 00:00:29 ; elapsed = 00:01:33 . Memory (MB): peak = 4034.730 ; gain = 804.613 ; free physical = 262154 ; free virtual = 487599
---------------------------------------------------------------------------------
---------------------------------------------------------------------------------
Start Renaming Generated Ports
---------------------------------------------------------------------------------
---------------------------------------------------------------------------------
Finished Renaming Generated Ports : Time (s): cpu = 00:00:29 ; elapsed = 00:01:33 . Memory (MB): peak = 4034.730 ; gain = 804.613 ; free physical = 262154 ; free virtual = 487599
---------------------------------------------------------------------------------
---------------------------------------------------------------------------------
Start Handling Custom Attributes
---------------------------------------------------------------------------------
---------------------------------------------------------------------------------
Finished Handling Custom Attributes : Time (s): cpu = 00:00:29 ; elapsed = 00:01:33 . Memory (MB): peak = 4034.730 ; gain = 804.613 ; free physical = 262154 ; free virtual = 487599
---------------------------------------------------------------------------------
---------------------------------------------------------------------------------
Start Renaming Generated Nets
---------------------------------------------------------------------------------
---------------------------------------------------------------------------------
Finished Renaming Generated Nets : Time (s): cpu = 00:00:29 ; elapsed = 00:01:33 . Memory (MB): peak = 4034.730 ; gain = 804.613 ; free physical = 262154 ; free virtual = 487599
---------------------------------------------------------------------------------
---------------------------------------------------------------------------------
Start Writing Synthesis Report
---------------------------------------------------------------------------------

Report BlackBoxes: 
+-+--------------+----------+
| |BlackBox name |Instances |
+-+--------------+----------+
+-+--------------+----------+

Report Cell Usage: 
+------+------+------+
|      |Cell  |Count |
+------+------+------+
|1     |LUT1  |     5|
|2     |LUT2  |     9|
|3     |LUT3  |     1|
|4     |LUT4  |     6|
|5     |LUT5  |     3|
|6     |LUT6  |     1|
|7     |SRL16 |     1|
|8     |FDR   |     8|
|9     |FDRE  |    28|
|10    |FDSE  |     4|
+------+------+------+
---------------------------------------------------------------------------------
Finished Writing Synthesis Report : Time (s): cpu = 00:00:29 ; elapsed = 00:01:33 . Memory (MB): peak = 4034.730 ; gain = 804.613 ; free physical = 262154 ; free virtual = 487599
---------------------------------------------------------------------------------
Synthesis finished with 0 errors, 0 critical warnings and 5 warnings.
Synthesis Optimization Runtime : Time (s): cpu = 00:00:22 ; elapsed = 00:01:12 . Memory (MB): peak = 4034.730 ; gain = 681.051 ; free physical = 262195 ; free virtual = 487640
Synthesis Optimization Complete : Time (s): cpu = 00:00:29 ; elapsed = 00:01:33 . Memory (MB): peak = 4034.738 ; gain = 804.613 ; free physical = 262257 ; free virtual = 487703
INFO: [Project 1-571] Translating synthesized netlist
Netlist sorting complete. Time (s): cpu = 00:00:00 ; elapsed = 00:00:00 . Memory (MB): peak = 4034.738 ; gain = 0.000 ; free physical = 262115 ; free virtual = 487560
INFO: [Netlist 29-17] Analyzing 9 Unisim elements for replacement
INFO: [Netlist 29-28] Unisim Transformation completed in 0 CPU seconds
INFO: [Project 1-570] Preparing netlist for logic optimization
INFO: [Opt 31-138] Pushed 0 inverter(s) to 0 load pin(s).
Netlist sorting complete. Time (s): cpu = 00:00:00 ; elapsed = 00:00:00 . Memory (MB): peak = 4108.082 ; gain = 0.000 ; free physical = 261752 ; free virtual = 487202
INFO: [Project 1-111] Unisim Transformation Summary:
  A total of 9 instances were transformed.
  FDR => FDRE: 8 instances
  SRL16 => SRL16E: 1 instance 

Synth Design complete, checksum: d753fa5e
INFO: [Common 17-83] Releasing license: Synthesis
51 Infos, 10 Warnings, 0 Critical Warnings and 0 Errors encountered.
synth_design completed successfully
synth_design: Time (s): cpu = 00:00:43 ; elapsed = 00:01:58 . Memory (MB): peak = 4108.082 ; gain = 1346.617 ; free physical = 261958 ; free virtual = 487407
INFO: [Common 17-600] The following parameters have non-default value.
general.maxThreads
INFO: [Common 17-1381] The checkpoint '/home/ziyuanwang/hbm/Vitis_Accel_Examples/host_xrt/hbm_simple_xrt/_x_SIZE32.hw.xilinx_u280_xdma_201920_3/link/vivado/vpl/prj/prj.runs/pfm_dynamic_psreset_gate_pr_dataclk_0_synth_1/pfm_dynamic_psreset_gate_pr_dataclk_0.dcp' has been generated.
write_checkpoint: Time (s): cpu = 00:00:00.36 ; elapsed = 00:00:06 . Memory (MB): peak = 4108.082 ; gain = 0.000 ; free physical = 261802 ; free virtual = 487258
INFO: [Coretcl 2-1648] Added synthesis output to IP cache for IP pfm_dynamic_psreset_gate_pr_dataclk_0, cache-ID = bf150af4ca9a1ca6
INFO: [Coretcl 2-1174] Renamed 6 cell refs.
INFO: [Common 17-1381] The checkpoint '/home/ziyuanwang/hbm/Vitis_Accel_Examples/host_xrt/hbm_simple_xrt/_x_SIZE32.hw.xilinx_u280_xdma_201920_3/link/vivado/vpl/prj/prj.runs/pfm_dynamic_psreset_gate_pr_dataclk_0_synth_1/pfm_dynamic_psreset_gate_pr_dataclk_0.dcp' has been generated.
write_checkpoint: Time (s): cpu = 00:00:00.29 ; elapsed = 00:00:06 . Memory (MB): peak = 4108.082 ; gain = 0.000 ; free physical = 260229 ; free virtual = 485681
INFO: [runtcl-4] Executing : report_utilization -file pfm_dynamic_psreset_gate_pr_dataclk_0_utilization_synth.rpt -pb pfm_dynamic_psreset_gate_pr_dataclk_0_utilization_synth.pb
INFO: [Common 17-206] Exiting Vivado at Mon Oct 14 20:49:09 2024...
