Copyright 1986-2021 Xilinx, Inc. All Rights Reserved.
------------------------------------------------------------------------------------------
| Tool Version : Vivado v.2021.2 (lin64) Build 3367213 Tue Oct 19 02:47:39 MDT 2021
| Date         : Tue Dec  3 00:52:08 2024
| Host         : hacc-gpu0 running 64-bit Ubuntu 20.04.6 LTS
| Command      : report_utilization -slr -file slr_util_placed.rpt -pb slr_util_placed.pb
| Design       : pfm_top_wrapper
| Device       : xcu280-fsvh2892-2L-e
| Speed File   : -2L
| Design State : Fully Placed
------------------------------------------------------------------------------------------

Utilization Design Information

Table of Contents
-----------------
1. SLR Connectivity
2. SLR Connectivity Matrix
3. SLR CLB Logic and Dedicated Block Utilization
4. SLR IO Utilization

1. SLR Connectivity
-------------------

+----------------------------------+-------+-------+-----------+-------+
|                                  |  Used | Fixed | Available | Util% |
+----------------------------------+-------+-------+-----------+-------+
| SLR2 <-> SLR1                    |  8398 |       |     23040 | 36.45 |
|   SLR1 -> SLR2                   |  3980 |       |           | 17.27 |
|     Using TX_REG only            |     1 |     1 |           |       |
|     Using RX_REG only            |    18 |    18 |           |       |
|     Using Both TX_REG and RX_REG |  1855 |     1 |           |       |
|   SLR2 -> SLR1                   |  4418 |       |           | 19.18 |
|     Using TX_REG only            |     0 |     0 |           |       |
|     Using RX_REG only            |     4 |     4 |           |       |
|     Using Both TX_REG and RX_REG |  2659 |     0 |           |       |
| SLR1 <-> SLR0                    | 11402 |       |     23040 | 49.49 |
|   SLR0 -> SLR1                   |  4924 |       |           | 21.37 |
|     Using TX_REG only            |    71 |    71 |           |       |
|     Using RX_REG only            |    61 |    61 |           |       |
|     Using Both TX_REG and RX_REG |  3523 |    55 |           |       |
|   SLR1 -> SLR0                   |  6478 |       |           | 28.12 |
|     Using TX_REG only            |    62 |    62 |           |       |
|     Using RX_REG only            |    73 |    71 |           |       |
|     Using Both TX_REG and RX_REG |  4935 |    60 |           |       |
+----------------------------------+-------+-------+-----------+-------+
| Total SLLs Used                  | 19800 |       |           |       |
+----------------------------------+-------+-------+-----------+-------+


2. SLR Connectivity Matrix
--------------------------

+-----------+------+------+------+
| FROM \ TO | SLR2 | SLR1 | SLR0 |
+-----------+------+------+------+
| SLR2      |    0 | 4225 |  193 |
| SLR1      | 3875 |    0 | 6285 |
| SLR0      |  105 | 4819 |    0 |
+-----------+------+------+------+


3. SLR CLB Logic and Dedicated Block Utilization
------------------------------------------------

+----------------------------+--------+--------+--------+--------+--------+--------+
|          Site Type         |  SLR0  |  SLR1  |  SLR2  | SLR0 % | SLR1 % | SLR2 % |
+----------------------------+--------+--------+--------+--------+--------+--------+
| CLB                        |  36268 |  50383 |  49482 |  65.99 |  93.30 |  91.63 |
|   CLBL                     |  18957 |  27081 |  26510 |  64.74 |  92.49 |  90.54 |
|   CLBM                     |  17311 |  23302 |  22972 |  67.41 |  94.26 |  92.93 |
| CLB LUTs                   | 181920 | 266557 | 254306 |  41.38 |  61.70 |  58.87 |
|   LUT as Logic             | 134884 | 206255 | 193383 |  30.68 |  47.74 |  44.76 |
|     using O5 output only   |   1317 |   1476 |   2211 |   0.30 |   0.34 |   0.51 |
|     using O6 output only   |  93371 | 144468 | 128111 |  21.24 |  33.44 |  29.66 |
|     using O5 and O6        |  40196 |  60311 |  63061 |   9.14 |  13.96 |  14.60 |
|   LUT as Memory            |  47036 |  60302 |  60923 |  22.90 |  30.49 |  30.81 |
|     LUT as Distributed RAM |   4440 |   8133 |   5956 |   2.16 |   4.11 |   3.01 |
|       using O5 output only |      0 |      0 |      0 |   0.00 |   0.00 |   0.00 |
|       using O6 output only |     96 |    239 |    108 |   0.05 |   0.12 |   0.05 |
|       using O5 and O6      |   4344 |   7894 |   5848 |   2.11 |   3.99 |   2.96 |
|     LUT as Shift Register  |  42596 |  52169 |  54967 |  20.73 |  26.38 |  27.79 |
|       using O5 output only |      0 |      0 |      2 |   0.00 |   0.00 |  <0.01 |
|       using O6 output only |  38445 |  47483 |  50149 |  18.71 |  24.01 |  25.36 |
|       using O5 and O6      |   4151 |   4686 |   4816 |   2.02 |   2.37 |   2.44 |
| CLB Registers              | 257844 | 327945 | 324283 |  29.32 |  37.96 |  37.53 |
| CARRY8                     |   4183 |   6059 |   5897 |   7.61 |  11.22 |  10.92 |
| F7 Muxes                   |  18114 |  23707 |  25664 |   8.24 |  10.98 |  11.88 |
| F8 Muxes                   |     16 |    141 |     47 |   0.01 |   0.13 |   0.04 |
| F9 Muxes                   |      0 |      0 |      0 |   0.00 |   0.00 |   0.00 |
| Block RAM Tile             |  251.5 |  381.5 |    379 |  37.43 |  56.77 |  56.40 |
|   RAMB36/FIFO              |    248 |    378 |    374 |  36.90 |  56.25 |  55.65 |
|     RAMB36E2 only          |    248 |    378 |    374 |  36.90 |  56.25 |  55.65 |
|   RAMB18                   |      7 |      7 |     10 |   0.52 |   0.52 |   0.74 |
|     RAMB18E2 only          |      7 |      7 |     10 |   0.52 |   0.52 |   0.74 |
| URAM                       |     64 |     96 |     96 |  20.00 |  30.00 |  30.00 |
| DSPs                       |    492 |    738 |    742 |  17.08 |  24.02 |  24.15 |
| Unique Control Sets        |   5701 |   6824 |   7172 |   5.19 |   6.32 |   6.64 |
+----------------------------+--------+--------+--------+--------+--------+--------+
* Note: Available Control Sets based on CLB Registers / 8


4. SLR IO Utilization
---------------------

+-----------+-----------+---------+------------+----------+------------+----------+-----+
| SLR Index | Used IOBs | (%)IOBs | Used IPADs | (%)IPADs | Used OPADs | (%)OPADs | GTs |
+-----------+-----------+---------+------------+----------+------------+----------+-----+
| SLR2      |        18 |    8.65 |          0 |     0.00 |          0 |     0.00 |   0 |
| SLR1      |         0 |    0.00 |          0 |     0.00 |          0 |     0.00 |   0 |
| SLR0      |         1 |    0.48 |          0 |     0.00 |          0 |     0.00 |  16 |
+-----------+-----------+---------+------------+----------+------------+----------+-----+
| Total     |        19 |         |          0 |          |          0 |          |  16 |
+-----------+-----------+---------+------------+----------+------------+----------+-----+


