Copyright 1986-2021 Xilinx, Inc. All Rights Reserved.
----------------------------------------------------------------------------------------------------------------------------------------------------------------------------------------------------------------------------------------------------------------------------------------------------------------------------------------------------------------------------------------------------------------------------------------------------------------------------------------------------------------------------------------------------------------------------------------------------------------------------------------------------------------------------------------------------------------------------------
| Tool Version : Vivado v.2021.2 (lin64) Build 3367213 Tue Oct 19 02:47:39 MDT 2021
| Date         : Sat Nov  2 00:23:36 2024
| Host         : hacc-gpu0 running 64-bit Ubuntu 20.04.6 LTS
| Command      : report_accelerator_utilization -kernels { krnl_vaddmul:pfm_top_i/dynamic_region/krnl_vaddmul_1/inst:krnl_vaddmul_1 krnl_vaddmul:pfm_top_i/dynamic_region/krnl_vaddmul_2/inst:krnl_vaddmul_2 krnl_vaddmul:pfm_top_i/dynamic_region/krnl_vaddmul_3/inst:krnl_vaddmul_3 krnl_vaddmul:pfm_top_i/dynamic_region/krnl_vaddmul_4/inst:krnl_vaddmul_4 krnl_vaddmul:pfm_top_i/dynamic_region/krnl_vaddmul_5/inst:krnl_vaddmul_5 krnl_vaddmul:pfm_top_i/dynamic_region/krnl_vaddmul_6/inst:krnl_vaddmul_6 krnl_vaddmul:pfm_top_i/dynamic_region/krnl_vaddmul_7/inst:krnl_vaddmul_7 krnl_vaddmul:pfm_top_i/dynamic_region/krnl_vaddmul_8/inst:krnl_vaddmul_8} -file kernel_util_synthed.rpt -name kernel_util_synthed -json
| Design       : pfm_top_wrapper
| Device       : xcu280
| Design State : Synthesized
----------------------------------------------------------------------------------------------------------------------------------------------------------------------------------------------------------------------------------------------------------------------------------------------------------------------------------------------------------------------------------------------------------------------------------------------------------------------------------------------------------------------------------------------------------------------------------------------------------------------------------------------------------------------------------------------------------------------------------

Accelerator Utilization Design Information

Table of Contents
-----------------
1. System Utilization

1. System Utilization
---------------------

+---------------------+---------------------+------------------+--------------------+----------------+---------------+----------------+
| Name                | LUT                 | LUTAsMem         | REG                | BRAM           | URAM          | DSP            |
+---------------------+---------------------+------------------+--------------------+----------------+---------------+----------------+
| Platform            |    195375 [ 15.00%] |  38120 [  6.35%] |   297556 [ 11.41%] |  204 [ 10.12%] |   0 [  0.00%] |    4 [  0.04%] |
| User Budget         |   1107345 [100.00%] | 562360 [100.00%] |  2309804 [100.00%] | 1812 [100.00%] | 960 [100.00%] | 9020 [100.00%] |
|    Used Resources   |   3338560 [301.49%] | 122064 [ 21.71%] |  4445648 [192.47%] |  248 [ 13.69%] |   0 [  0.00%] |   32 [  0.35%] |
|    Unused Resources | -2231215 [-201.48%] | 440296 [ 78.29%] | -2135844 [-92.46%] | 1564 [ 86.31%] | 960 [100.00%] | 8988 [ 99.65%] |
| krnl_vaddmul        |   3338560 [301.49%] | 122064 [ 21.71%] |  4445648 [192.47%] |  248 [ 13.69%] |   0 [  0.00%] |   32 [  0.35%] |
|    krnl_vaddmul_1   |    417320 [ 37.69%] |  15258 [  2.71%] |   555706 [ 24.06%] |   31 [  1.71%] |   0 [  0.00%] |    4 [  0.04%] |
|    krnl_vaddmul_2   |    417320 [ 37.69%] |  15258 [  2.71%] |   555706 [ 24.06%] |   31 [  1.71%] |   0 [  0.00%] |    4 [  0.04%] |
|    krnl_vaddmul_3   |    417320 [ 37.69%] |  15258 [  2.71%] |   555706 [ 24.06%] |   31 [  1.71%] |   0 [  0.00%] |    4 [  0.04%] |
|    krnl_vaddmul_4   |    417320 [ 37.69%] |  15258 [  2.71%] |   555706 [ 24.06%] |   31 [  1.71%] |   0 [  0.00%] |    4 [  0.04%] |
|    krnl_vaddmul_5   |    417320 [ 37.69%] |  15258 [  2.71%] |   555706 [ 24.06%] |   31 [  1.71%] |   0 [  0.00%] |    4 [  0.04%] |
|    krnl_vaddmul_6   |    417320 [ 37.69%] |  15258 [  2.71%] |   555706 [ 24.06%] |   31 [  1.71%] |   0 [  0.00%] |    4 [  0.04%] |
|    krnl_vaddmul_7   |    417320 [ 37.69%] |  15258 [  2.71%] |   555706 [ 24.06%] |   31 [  1.71%] |   0 [  0.00%] |    4 [  0.04%] |
|    krnl_vaddmul_8   |    417320 [ 37.69%] |  15258 [  2.71%] |   555706 [ 24.06%] |   31 [  1.71%] |   0 [  0.00%] |    4 [  0.04%] |
+---------------------+---------------------+------------------+--------------------+----------------+---------------+----------------+


