Copyright 1986-2021 Xilinx, Inc. All Rights Reserved.
------------------------------------------------------------------------------------------
| Tool Version : Vivado v.2021.2 (lin64) Build 3367213 Tue Oct 19 02:47:39 MDT 2021
| Date         : Sun Oct 20 04:15:49 2024
| Host         : hacc-gpu0 running 64-bit Ubuntu 20.04.6 LTS
| Command      : report_utilization -slr -file slr_util_placed.rpt -pb slr_util_placed.pb
| Design       : pfm_top_wrapper
| Device       : xcu280-fsvh2892-2L-e
| Speed File   : -2L
| Design State : Fully Placed
------------------------------------------------------------------------------------------

Utilization Design Information

Table of Contents
-----------------
1. SLR Connectivity
2. SLR Connectivity Matrix
3. SLR CLB Logic and Dedicated Block Utilization
4. SLR IO Utilization

1. SLR Connectivity
-------------------

+----------------------------------+-------+-------+-----------+-------+
|                                  |  Used | Fixed | Available | Util% |
+----------------------------------+-------+-------+-----------+-------+
| SLR2 <-> SLR1                    |  4537 |       |     23040 | 19.69 |
|   SLR1 -> SLR2                   |  2352 |       |           | 10.21 |
|     Using TX_REG only            |     1 |     1 |           |       |
|     Using RX_REG only            |    18 |    18 |           |       |
|     Using Both TX_REG and RX_REG |   529 |     1 |           |       |
|   SLR2 -> SLR1                   |  2185 |       |           |  9.48 |
|     Using TX_REG only            |     0 |     0 |           |       |
|     Using RX_REG only            |     4 |     4 |           |       |
|     Using Both TX_REG and RX_REG |   681 |     0 |           |       |
| SLR1 <-> SLR0                    | 12503 |       |     23040 | 54.27 |
|   SLR0 -> SLR1                   |  5683 |       |           | 24.67 |
|     Using TX_REG only            |    71 |    71 |           |       |
|     Using RX_REG only            |    61 |    61 |           |       |
|     Using Both TX_REG and RX_REG |   583 |    55 |           |       |
|   SLR1 -> SLR0                   |  6820 |       |           | 29.60 |
|     Using TX_REG only            |    62 |    62 |           |       |
|     Using RX_REG only            |    72 |    71 |           |       |
|     Using Both TX_REG and RX_REG |   741 |    60 |           |       |
+----------------------------------+-------+-------+-----------+-------+
| Total SLLs Used                  | 17040 |       |           |       |
+----------------------------------+-------+-------+-----------+-------+


2. SLR Connectivity Matrix
--------------------------

+-----------+------+------+------+
| FROM \ TO | SLR2 | SLR1 | SLR0 |
+-----------+------+------+------+
| SLR2      |    0 | 2050 |  135 |
| SLR1      | 2248 |    0 | 6685 |
| SLR0      |  104 | 5579 |    0 |
+-----------+------+------+------+


3. SLR CLB Logic and Dedicated Block Utilization
------------------------------------------------

+----------------------------+--------+--------+-------+--------+--------+--------+
|          Site Type         |  SLR0  |  SLR1  |  SLR2 | SLR0 % | SLR1 % | SLR2 % |
+----------------------------+--------+--------+-------+--------+--------+--------+
| CLB                        |  48722 |  16245 |  7809 |  88.65 |  30.08 |  14.46 |
|   CLBL                     |  25411 |   8374 |  4001 |  86.79 |  28.60 |  13.66 |
|   CLBM                     |  23311 |   7871 |  3808 |  90.77 |  31.84 |  15.40 |
| CLB LUTs                   | 175624 |  73960 | 33863 |  39.94 |  17.12 |   7.84 |
|   LUT as Logic             | 117067 |  63820 | 31045 |  26.63 |  14.77 |   7.19 |
|     using O5 output only   |   3074 |    425 |   932 |   0.70 |   0.10 |   0.22 |
|     using O6 output only   |  73104 |  47663 | 18952 |  16.63 |  11.03 |   4.39 |
|     using O5 and O6        |  40889 |  15732 | 11161 |   9.30 |   3.64 |   2.58 |
|   LUT as Memory            |  58557 |  10140 |  2818 |  28.50 |   5.13 |   1.42 |
|     LUT as Distributed RAM |  37086 |   3837 |   936 |  18.05 |   1.94 |   0.47 |
|       using O5 output only |      0 |      0 |     0 |   0.00 |   0.00 |   0.00 |
|       using O6 output only |     84 |    215 |    80 |   0.04 |   0.11 |   0.04 |
|       using O5 and O6      |  37002 |   3622 |   856 |  18.01 |   1.83 |   0.43 |
|     LUT as Shift Register  |  21471 |   6303 |  1882 |  10.45 |   3.19 |   0.95 |
|       using O5 output only |      0 |      0 |     0 |   0.00 |   0.00 |   0.00 |
|       using O6 output only |  13429 |   3911 |  1752 |   6.54 |   1.98 |   0.89 |
|       using O5 and O6      |   8042 |   2392 |   130 |   3.91 |   1.21 |   0.07 |
| CLB Registers              | 371358 | 110664 | 60351 |  42.23 |  12.81 |   6.99 |
| CARRY8                     |   3998 |   1555 |   299 |   7.27 |   2.88 |   0.55 |
| F7 Muxes                   |   5095 |   2063 |  1316 |   2.32 |   0.96 |   0.61 |
| F8 Muxes                   |   1408 |    605 |    47 |   1.28 |   0.56 |   0.04 |
| F9 Muxes                   |      0 |      0 |     0 |   0.00 |   0.00 |   0.00 |
| Block RAM Tile             |  565.5 |  264.5 |    94 |  84.15 |  39.36 |  13.99 |
|   RAMB36/FIFO              |    564 |    264 |    92 |  83.93 |  39.29 |  13.69 |
|     RAMB36E2 only          |    564 |    264 |    92 |  83.93 |  39.29 |  13.69 |
|   RAMB18                   |      3 |      1 |     4 |   0.22 |   0.07 |   0.30 |
|     RAMB18E2 only          |      3 |      1 |     4 |   0.22 |   0.07 |   0.30 |
| URAM                       |      0 |      0 |     0 |   0.00 |   0.00 |   0.00 |
| DSPs                       |    600 |    200 |     4 |  20.83 |   6.51 |   0.13 |
| Unique Control Sets        |   8210 |   2622 |  2609 |   7.47 |   2.43 |   2.42 |
+----------------------------+--------+--------+-------+--------+--------+--------+
* Note: Available Control Sets based on CLB Registers / 8


4. SLR IO Utilization
---------------------

+-----------+-----------+---------+------------+----------+------------+----------+-----+
| SLR Index | Used IOBs | (%)IOBs | Used IPADs | (%)IPADs | Used OPADs | (%)OPADs | GTs |
+-----------+-----------+---------+------------+----------+------------+----------+-----+
| SLR2      |        18 |    8.65 |          0 |     0.00 |          0 |     0.00 |   0 |
| SLR1      |         0 |    0.00 |          0 |     0.00 |          0 |     0.00 |   0 |
| SLR0      |         1 |    0.48 |          0 |     0.00 |          0 |     0.00 |  16 |
+-----------+-----------+---------+------------+----------+------------+----------+-----+
| Total     |        19 |         |          0 |          |          0 |          |  16 |
+-----------+-----------+---------+------------+----------+------------+----------+-----+


