Copyright 1986-2021 Xilinx, Inc. All Rights Reserved.
-------------------------------------------------------------------------------------------------------------------------------------------------------------------------------------------------------------------------------------------------------------------------------------------------------------------------------------------------------------------------------------------------------------------------------------------------------------------------------------------------------
| Tool Version : Vivado v.2021.2 (lin64) Build 3367213 Tue Oct 19 02:47:39 MDT 2021
| Date         : Mon Nov 18 17:16:21 2024
| Host         : hacc-gpu0 running 64-bit Ubuntu 20.04.6 LTS
| Command      : report_accelerator_utilization -kernels { krnl_vaddmul:pfm_top_i/dynamic_region/krnl_vaddmul_1/inst:krnl_vaddmul_1 krnl_vaddmul:pfm_top_i/dynamic_region/krnl_vaddmul_2/inst:krnl_vaddmul_2 krnl_vaddmul:pfm_top_i/dynamic_region/krnl_vaddmul_3/inst:krnl_vaddmul_3 krnl_vaddmul:pfm_top_i/dynamic_region/krnl_vaddmul_4/inst:krnl_vaddmul_4 krnl_vaddmul:pfm_top_i/dynamic_region/krnl_vaddmul_5/inst:krnl_vaddmul_5} -file kernel_util_synthed.rpt -name kernel_util_synthed -json
| Design       : pfm_top_wrapper
| Device       : xcu280
| Design State : Synthesized
-------------------------------------------------------------------------------------------------------------------------------------------------------------------------------------------------------------------------------------------------------------------------------------------------------------------------------------------------------------------------------------------------------------------------------------------------------------------------------------------------------

Accelerator Utilization Design Information

Table of Contents
-----------------
1. System Utilization

1. System Utilization
---------------------

+---------------------+-------------------+------------------+-------------------+----------------+---------------+----------------+
| Name                | LUT               | LUTAsMem         | REG               | BRAM           | URAM          | DSP            |
+---------------------+-------------------+------------------+-------------------+----------------+---------------+----------------+
| Platform            |  175604 [ 13.48%] |  39692 [  6.61%] |  262802 [ 10.08%] |  204 [ 10.12%] |   0 [  0.00%] |    4 [  0.04%] |
| User Budget         | 1127116 [100.00%] | 560788 [100.00%] | 2344558 [100.00%] | 1812 [100.00%] | 960 [100.00%] | 9020 [100.00%] |
|    Used Resources   |   81190 [  7.20%] |  31400 [  5.60%] |  159510 [  6.80%] |  450 [ 24.83%] |   0 [  0.00%] |  500 [  5.54%] |
|    Unused Resources | 1045926 [ 92.80%] | 529388 [ 94.40%] | 2185048 [ 93.20%] | 1362 [ 75.17%] | 960 [100.00%] | 8520 [ 94.46%] |
| krnl_vaddmul        |   81190 [  7.20%] |  31400 [  5.60%] |  159510 [  6.80%] |  450 [ 24.83%] |   0 [  0.00%] |  500 [  5.54%] |
|    krnl_vaddmul_1   |   16238 [  1.44%] |   6280 [  1.12%] |   31902 [  1.36%] |   90 [  4.97%] |   0 [  0.00%] |  100 [  1.11%] |
|    krnl_vaddmul_2   |   16238 [  1.44%] |   6280 [  1.12%] |   31902 [  1.36%] |   90 [  4.97%] |   0 [  0.00%] |  100 [  1.11%] |
|    krnl_vaddmul_3   |   16238 [  1.44%] |   6280 [  1.12%] |   31902 [  1.36%] |   90 [  4.97%] |   0 [  0.00%] |  100 [  1.11%] |
|    krnl_vaddmul_4   |   16238 [  1.44%] |   6280 [  1.12%] |   31902 [  1.36%] |   90 [  4.97%] |   0 [  0.00%] |  100 [  1.11%] |
|    krnl_vaddmul_5   |   16238 [  1.44%] |   6280 [  1.12%] |   31902 [  1.36%] |   90 [  4.97%] |   0 [  0.00%] |  100 [  1.11%] |
+---------------------+-------------------+------------------+-------------------+----------------+---------------+----------------+


