Copyright 1986-2021 Xilinx, Inc. All Rights Reserved.
----------------------------------------------------------------------------------------------------------------------------------------------------------------------------------------------------------------------------------------------------------------------------------------------------------------------------------------------------------------------------------------------------------------------------
| Tool Version : Vivado v.2021.2 (lin64) Build 3367213 Tue Oct 19 02:47:39 MDT 2021
| Date         : Sat Nov  9 16:26:27 2024
| Host         : hacc-gpu0 running 64-bit Ubuntu 20.04.6 LTS
| Command      : report_accelerator_utilization -kernels { krnl_vaddmul:pfm_top_i/dynamic_region/krnl_vaddmul_1/inst:krnl_vaddmul_1 krnl_vaddmul:pfm_top_i/dynamic_region/krnl_vaddmul_2/inst:krnl_vaddmul_2 krnl_vaddmul:pfm_top_i/dynamic_region/krnl_vaddmul_3/inst:krnl_vaddmul_3 krnl_vaddmul:pfm_top_i/dynamic_region/krnl_vaddmul_4/inst:krnl_vaddmul_4} -file kernel_util_routed.rpt -name kernel_util_routed -json
| Design       : pfm_top_wrapper
| Device       : xcu280
| Design State : Routed
----------------------------------------------------------------------------------------------------------------------------------------------------------------------------------------------------------------------------------------------------------------------------------------------------------------------------------------------------------------------------------------------------------------------------

Accelerator Utilization Design Information

Table of Contents
-----------------
1. System Utilization

1. System Utilization
---------------------

+---------------------+-------------------+------------------+-------------------+----------------+---------------+----------------+
| Name                | LUT               | LUTAsMem         | REG               | BRAM           | URAM          | DSP            |
+---------------------+-------------------+------------------+-------------------+----------------+---------------+----------------+
| Platform            |  135220 [ 10.38%] |  24142 [  4.02%] |  203191 [  7.79%] |  204 [ 10.12%] |   0 [  0.00%] |    4 [  0.04%] |
| User Budget         | 1167500 [100.00%] | 576338 [100.00%] | 2404169 [100.00%] | 1812 [100.00%] | 960 [100.00%] | 9020 [100.00%] |
|    Used Resources   |   39085 [  3.35%] |  12396 [  2.15%] |   77987 [  3.24%] |  216 [ 11.92%] |   0 [  0.00%] |   16 [  0.18%] |
|    Unused Resources | 1128415 [ 96.65%] | 563942 [ 97.85%] | 2326182 [ 96.76%] | 1596 [ 88.08%] | 960 [100.00%] | 9004 [ 99.82%] |
| krnl_vaddmul        |   39085 [  3.35%] |  12396 [  2.15%] |   77987 [  3.24%] |  216 [ 11.92%] |   0 [  0.00%] |   16 [  0.18%] |
|    krnl_vaddmul_1   |    9776 [  0.84%] |   3099 [  0.54%] |   19470 [  0.81%] |   54 [  2.98%] |   0 [  0.00%] |    4 [  0.04%] |
|    krnl_vaddmul_2   |    9761 [  0.84%] |   3099 [  0.54%] |   19479 [  0.81%] |   54 [  2.98%] |   0 [  0.00%] |    4 [  0.04%] |
|    krnl_vaddmul_3   |    9782 [  0.84%] |   3099 [  0.54%] |   19548 [  0.81%] |   54 [  2.98%] |   0 [  0.00%] |    4 [  0.04%] |
|    krnl_vaddmul_4   |    9766 [  0.84%] |   3099 [  0.54%] |   19490 [  0.81%] |   54 [  2.98%] |   0 [  0.00%] |    4 [  0.04%] |
+---------------------+-------------------+------------------+-------------------+----------------+---------------+----------------+


