Copyright 1986-2021 Xilinx, Inc. All Rights Reserved.
------------------------------------------------------------------------------------------
| Tool Version : Vivado v.2021.2 (lin64) Build 3367213 Tue Oct 19 02:47:39 MDT 2021
| Date         : Sat Nov  9 16:27:04 2024
| Host         : hacc-gpu0 running 64-bit Ubuntu 20.04.6 LTS
| Command      : report_utilization -slr -file slr_util_routed.rpt -pb slr_util_routed.pb
| Design       : pfm_top_wrapper
| Device       : xcu280-fsvh2892-2L-e
| Speed File   : -2L
| Design State : Routed
------------------------------------------------------------------------------------------

Utilization Design Information

Table of Contents
-----------------
1. SLR Connectivity
2. SLR Connectivity Matrix
3. SLR CLB Logic and Dedicated Block Utilization
4. SLR IO Utilization

1. SLR Connectivity
-------------------

+----------------------------------+------+-------+-----------+-------+
|                                  | Used | Fixed | Available | Util% |
+----------------------------------+------+-------+-----------+-------+
| SLR2 <-> SLR1                    | 3979 |       |     23040 | 17.27 |
|   SLR1 -> SLR2                   | 2097 |       |           |  9.10 |
|     Using TX_REG only            |  267 |     1 |           |       |
|     Using RX_REG only            |  284 |    18 |           |       |
|     Using Both TX_REG and RX_REG |  267 |     1 |           |       |
|   SLR2 -> SLR1                   | 1882 |       |           |  8.17 |
|     Using TX_REG only            |  407 |     0 |           |       |
|     Using RX_REG only            |  413 |     4 |           |       |
|     Using Both TX_REG and RX_REG |  407 |     0 |           |       |
| SLR1 <-> SLR0                    | 2541 |       |     23040 | 11.03 |
|   SLR0 -> SLR1                   | 1140 |       |           |  4.95 |
|     Using TX_REG only            |  371 |    71 |           |       |
|     Using RX_REG only            |  361 |    61 |           |       |
|     Using Both TX_REG and RX_REG |  355 |    55 |           |       |
|   SLR1 -> SLR0                   | 1401 |       |           |  6.08 |
|     Using TX_REG only            |  437 |    62 |           |       |
|     Using RX_REG only            |  448 |    71 |           |       |
|     Using Both TX_REG and RX_REG |  435 |    60 |           |       |
+----------------------------------+------+-------+-----------+-------+
| Total SLLs Used                  | 6520 |       |           |       |
+----------------------------------+------+-------+-----------+-------+


2. SLR Connectivity Matrix
--------------------------

+-----------+------+------+------+
| FROM \ TO | SLR2 | SLR1 | SLR0 |
+-----------+------+------+------+
| SLR2      |    0 | 1724 |  158 |
| SLR1      | 1960 |    0 | 1243 |
| SLR0      |  137 | 1003 |    0 |
+-----------+------+------+------+


3. SLR CLB Logic and Dedicated Block Utilization
------------------------------------------------

+----------------------------+--------+-------+-------+--------+--------+--------+
|          Site Type         |  SLR0  |  SLR1 |  SLR2 | SLR0 % | SLR1 % | SLR2 % |
+----------------------------+--------+-------+-------+--------+--------+--------+
| CLB                        |  26097 |  7094 |  7892 |  47.48 |  13.14 |  14.61 |
|   CLBL                     |  13224 |  3536 |  4085 |  45.16 |  12.08 |  13.95 |
|   CLBM                     |  12873 |  3558 |  3807 |  50.13 |  14.39 |  15.40 |
| CLB LUTs                   |  91341 | 47668 | 35294 |  20.77 |  11.03 |   8.17 |
|   LUT as Logic             |  61815 | 43696 | 32254 |  14.06 |  10.11 |   7.47 |
|     using O5 output only   |   1749 |   290 |  1006 |   0.40 |   0.07 |   0.23 |
|     using O6 output only   |  39385 | 34269 | 19494 |   8.96 |   7.93 |   4.51 |
|     using O5 and O6        |  20681 |  9137 | 11754 |   4.70 |   2.12 |   2.72 |
|   LUT as Memory            |  29526 |  3972 |  3040 |  14.37 |   2.01 |   1.54 |
|     LUT as Distributed RAM |  15152 |  3837 |  1660 |   7.38 |   1.94 |   0.84 |
|       using O5 output only |      0 |     0 |     0 |   0.00 |   0.00 |   0.00 |
|       using O6 output only |     80 |   215 |    84 |   0.04 |   0.11 |   0.04 |
|       using O5 and O6      |  15072 |  3622 |  1576 |   7.34 |   1.83 |   0.80 |
|     LUT as Shift Register  |  14374 |   135 |  1380 |   7.00 |   0.07 |   0.70 |
|       using O5 output only |      0 |     0 |     0 |   0.00 |   0.00 |   0.00 |
|       using O6 output only |   8720 |   135 |  1250 |   4.24 |   0.07 |   0.63 |
|       using O5 and O6      |   5654 |     0 |   130 |   2.75 |   0.00 |   0.07 |
| CLB Registers              | 174150 | 46338 | 60690 |  19.80 |   5.36 |   7.02 |
| CARRY8                     |   2201 |   473 |   313 |   4.00 |   0.88 |   0.58 |
| F7 Muxes                   |   3296 |   651 |  1054 |   1.50 |   0.30 |   0.49 |
| F8 Muxes                   |    944 |   141 |    47 |   0.86 |   0.13 |   0.04 |
| F9 Muxes                   |      0 |     0 |     0 |   0.00 |   0.00 |   0.00 |
| Block RAM Tile             |  245.5 |  80.5 |    94 |  36.53 |  11.98 |  13.99 |
|   RAMB36/FIFO              |    244 |    80 |    92 |  36.31 |  11.90 |  13.69 |
|     RAMB36E2 only          |    244 |    80 |    92 |  36.31 |  11.90 |  13.69 |
|   RAMB18                   |      3 |     1 |     4 |   0.22 |   0.07 |   0.30 |
|     RAMB18E2 only          |      3 |     1 |     4 |   0.22 |   0.07 |   0.30 |
| URAM                       |      0 |     0 |     0 |   0.00 |   0.00 |   0.00 |
| DSPs                       |     16 |     0 |     4 |   0.56 |   0.00 |   0.13 |
| Unique Control Sets        |   5213 |  1505 |  2719 |   4.74 |   1.39 |   2.52 |
+----------------------------+--------+-------+-------+--------+--------+--------+
* Note: Available Control Sets based on CLB Registers / 8


4. SLR IO Utilization
---------------------

+-----------+-----------+---------+------------+----------+------------+----------+-----+
| SLR Index | Used IOBs | (%)IOBs | Used IPADs | (%)IPADs | Used OPADs | (%)OPADs | GTs |
+-----------+-----------+---------+------------+----------+------------+----------+-----+
| SLR2      |        18 |    8.65 |          0 |     0.00 |          0 |     0.00 |   0 |
| SLR1      |         0 |    0.00 |          0 |     0.00 |          0 |     0.00 |   0 |
| SLR0      |         1 |    0.48 |          0 |     0.00 |          0 |     0.00 |  16 |
+-----------+-----------+---------+------------+----------+------------+----------+-----+
| Total     |        19 |         |          0 |          |          0 |          |  16 |
+-----------+-----------+---------+------------+----------+------------+----------+-----+


