INFO: [v++ 60-1306] Additional information associated with this v++ link can be found at:
	Reports: /home/ziyuanwang/hbm/Vitis_Accel_Examples/host_xrt/hbm_simple_xrt/_x_floatmin_16.hw.xilinx_u280_xdma_201920_3/reports/link
	Log files: /home/ziyuanwang/hbm/Vitis_Accel_Examples/host_xrt/hbm_simple_xrt/_x_floatmin_16.hw.xilinx_u280_xdma_201920_3/logs/link
INFO: [v++ 60-1548] Creating build summary session with primary output /home/ziyuanwang/hbm/Vitis_Accel_Examples/host_xrt/hbm_simple_xrt/build_dir_floatmin_16.hw.xilinx_u280_xdma_201920_3/krnl_vadd.link.xclbin.link_summary, at Fri Nov 15 00:27:21 2024
INFO: [v++ 60-1316] Initiating connection to rulecheck server, at Fri Nov 15 00:27:21 2024
INFO: [v++ 60-1315] Creating rulecheck session with output '/home/ziyuanwang/hbm/Vitis_Accel_Examples/host_xrt/hbm_simple_xrt/_x_floatmin_16.hw.xilinx_u280_xdma_201920_3/reports/link/v++_link_krnl_vadd.link_guidance.html', at Fri Nov 15 00:27:23 2024
INFO: [v++ 60-895]   Target platform: /opt/xilinx/platforms/xilinx_u280_xdma_201920_3/xilinx_u280_xdma_201920_3.xpfm
INFO: [v++ 60-1578]   This platform contains Xilinx Shell Archive '/opt/xilinx/platforms/xilinx_u280_xdma_201920_3/hw/xilinx_u280_xdma_201920_3.xsa'
INFO: [v++ 74-78] Compiler Version string: 2021.2
INFO: [v++ 60-1302] Platform 'xilinx_u280_xdma_201920_3.xpfm' has been explicitly enabled for this release.
INFO: [v++ 60-629] Linking for hardware target
INFO: [v++ 60-423]   Target device: xilinx_u280_xdma_201920_3
INFO: [v++ 60-1332] Run 'run_link' status: Not started
INFO: [v++ 60-1443] [00:27:36] Run run_link: Step system_link: Started
INFO: [v++ 60-1453] Command Line: system_link --xo /home/ziyuanwang/hbm/Vitis_Accel_Examples/host_xrt/hbm_simple_xrt/_x_floatmin_16.hw.xilinx_u280_xdma_201920_3/krnl_vadd.xo -keep --config /home/ziyuanwang/hbm/Vitis_Accel_Examples/host_xrt/hbm_simple_xrt/_x_floatmin_16.hw.xilinx_u280_xdma_201920_3/link/int/syslinkConfig.ini --xpfm /opt/xilinx/platforms/xilinx_u280_xdma_201920_3/xilinx_u280_xdma_201920_3.xpfm --target hw --output_dir /home/ziyuanwang/hbm/Vitis_Accel_Examples/host_xrt/hbm_simple_xrt/_x_floatmin_16.hw.xilinx_u280_xdma_201920_3/link/int --temp_dir /home/ziyuanwang/hbm/Vitis_Accel_Examples/host_xrt/hbm_simple_xrt/_x_floatmin_16.hw.xilinx_u280_xdma_201920_3/link/sys_link
INFO: [v++ 60-1454] Run Directory: /home/ziyuanwang/hbm/Vitis_Accel_Examples/host_xrt/hbm_simple_xrt/_x_floatmin_16.hw.xilinx_u280_xdma_201920_3/link/run_link
INFO: [SYSTEM_LINK 60-1316] Initiating connection to rulecheck server, at Fri Nov 15 00:27:40 2024
INFO: [SYSTEM_LINK 82-70] Extracting xo v3 file /home/ziyuanwang/hbm/Vitis_Accel_Examples/host_xrt/hbm_simple_xrt/_x_floatmin_16.hw.xilinx_u280_xdma_201920_3/krnl_vadd.xo
INFO: [SYSTEM_LINK 82-53] Creating IP database /home/ziyuanwang/hbm/Vitis_Accel_Examples/host_xrt/hbm_simple_xrt/_x_floatmin_16.hw.xilinx_u280_xdma_201920_3/link/sys_link/_sysl/.cdb/xd_ip_db.xml
INFO: [SYSTEM_LINK 82-38] [00:27:49] build_xd_ip_db started: /tools/Xilinx/Vitis/2021.2/bin/build_xd_ip_db -ip_search 0  -sds-pf /home/ziyuanwang/hbm/Vitis_Accel_Examples/host_xrt/hbm_simple_xrt/_x_floatmin_16.hw.xilinx_u280_xdma_201920_3/link/sys_link/xilinx_u280_xdma_201920_3.hpfm -clkid 0 -ip /home/ziyuanwang/hbm/Vitis_Accel_Examples/host_xrt/hbm_simple_xrt/_x_floatmin_16.hw.xilinx_u280_xdma_201920_3/link/sys_link/iprepo/xilinx_com_hls_krnl_vadd_1_0,krnl_vadd -o /home/ziyuanwang/hbm/Vitis_Accel_Examples/host_xrt/hbm_simple_xrt/_x_floatmin_16.hw.xilinx_u280_xdma_201920_3/link/sys_link/_sysl/.cdb/xd_ip_db.xml
INFO: [SYSTEM_LINK 82-37] [00:27:57] build_xd_ip_db finished successfully
Time (s): cpu = 00:00:04 ; elapsed = 00:00:07 . Memory (MB): peak = 2168.230 ; gain = 0.000 ; free physical = 34144 ; free virtual = 485118
INFO: [SYSTEM_LINK 82-51] Create system connectivity graph
INFO: [SYSTEM_LINK 82-102] Applying explicit connections to the system connectivity graph: /home/ziyuanwang/hbm/Vitis_Accel_Examples/host_xrt/hbm_simple_xrt/_x_floatmin_16.hw.xilinx_u280_xdma_201920_3/link/sys_link/cfgraph/cfgen_cfgraph.xml
INFO: [SYSTEM_LINK 82-38] [00:27:57] cfgen started: /tools/Xilinx/Vitis/2021.2/bin/cfgen  -sp krnl_vadd_1.in1:HBM[0:3] -sp krnl_vadd_1.in2:HBM[0:3] -sp krnl_vadd_1.out_r:HBM[0:3] -dmclkid 0 -r /home/ziyuanwang/hbm/Vitis_Accel_Examples/host_xrt/hbm_simple_xrt/_x_floatmin_16.hw.xilinx_u280_xdma_201920_3/link/sys_link/_sysl/.cdb/xd_ip_db.xml -o /home/ziyuanwang/hbm/Vitis_Accel_Examples/host_xrt/hbm_simple_xrt/_x_floatmin_16.hw.xilinx_u280_xdma_201920_3/link/sys_link/cfgraph/cfgen_cfgraph.xml
INFO: [CFGEN 83-0] Kernel Specs: 
INFO: [CFGEN 83-0]   kernel: krnl_vadd, num: 1  {krnl_vadd_1}
INFO: [CFGEN 83-0] Port Specs: 
INFO: [CFGEN 83-0]   kernel: krnl_vadd_1, k_port: in1, sptag: HBM[0:3]
INFO: [CFGEN 83-0]   kernel: krnl_vadd_1, k_port: in2, sptag: HBM[0:3]
INFO: [CFGEN 83-0]   kernel: krnl_vadd_1, k_port: out_r, sptag: HBM[0:3]
INFO: [CFGEN 83-2228] Creating mapping for argument krnl_vadd_1.in1 to HBM[0:3] for directive krnl_vadd_1.in1:HBM[0:3]
INFO: [CFGEN 83-2228] Creating mapping for argument krnl_vadd_1.in2 to HBM[0:3] for directive krnl_vadd_1.in2:HBM[0:3]
INFO: [CFGEN 83-2228] Creating mapping for argument krnl_vadd_1.out_r to HBM[0:3] for directive krnl_vadd_1.out_r:HBM[0:3]
INFO: [SYSTEM_LINK 82-37] [00:28:04] cfgen finished successfully
Time (s): cpu = 00:00:08 ; elapsed = 00:00:08 . Memory (MB): peak = 2168.230 ; gain = 0.000 ; free physical = 34144 ; free virtual = 485118
INFO: [SYSTEM_LINK 82-52] Create top-level block diagram
INFO: [SYSTEM_LINK 82-38] [00:28:04] cf2bd started: /tools/Xilinx/Vitis/2021.2/bin/cf2bd  --linux --trace_buffer 1024 --input_file /home/ziyuanwang/hbm/Vitis_Accel_Examples/host_xrt/hbm_simple_xrt/_x_floatmin_16.hw.xilinx_u280_xdma_201920_3/link/sys_link/cfgraph/cfgen_cfgraph.xml --ip_db /home/ziyuanwang/hbm/Vitis_Accel_Examples/host_xrt/hbm_simple_xrt/_x_floatmin_16.hw.xilinx_u280_xdma_201920_3/link/sys_link/_sysl/.cdb/xd_ip_db.xml --cf_name dr --working_dir /home/ziyuanwang/hbm/Vitis_Accel_Examples/host_xrt/hbm_simple_xrt/_x_floatmin_16.hw.xilinx_u280_xdma_201920_3/link/sys_link/_sysl/.xsd --temp_dir /home/ziyuanwang/hbm/Vitis_Accel_Examples/host_xrt/hbm_simple_xrt/_x_floatmin_16.hw.xilinx_u280_xdma_201920_3/link/sys_link --output_dir /home/ziyuanwang/hbm/Vitis_Accel_Examples/host_xrt/hbm_simple_xrt/_x_floatmin_16.hw.xilinx_u280_xdma_201920_3/link/int --target_bd pfm_dynamic.bd
INFO: [CF2BD 82-31] Launching cf2xd: cf2xd -linux -trace-buffer 1024 -i /home/ziyuanwang/hbm/Vitis_Accel_Examples/host_xrt/hbm_simple_xrt/_x_floatmin_16.hw.xilinx_u280_xdma_201920_3/link/sys_link/cfgraph/cfgen_cfgraph.xml -r /home/ziyuanwang/hbm/Vitis_Accel_Examples/host_xrt/hbm_simple_xrt/_x_floatmin_16.hw.xilinx_u280_xdma_201920_3/link/sys_link/_sysl/.cdb/xd_ip_db.xml -o dr.xml
INFO: [CF2BD 82-28] cf2xd finished successfully
INFO: [CF2BD 82-31] Launching cf_xsd: cf_xsd -disable-address-gen -bd pfm_dynamic.bd -dn dr -dp /home/ziyuanwang/hbm/Vitis_Accel_Examples/host_xrt/hbm_simple_xrt/_x_floatmin_16.hw.xilinx_u280_xdma_201920_3/link/sys_link/_sysl/.xsd
INFO: [CF2BD 82-28] cf_xsd finished successfully
INFO: [SYSTEM_LINK 82-37] [00:28:08] cf2bd finished successfully
Time (s): cpu = 00:00:02 ; elapsed = 00:00:03 . Memory (MB): peak = 2168.230 ; gain = 0.000 ; free physical = 34104 ; free virtual = 485083
INFO: [v++ 60-1441] [00:28:08] Run run_link: Step system_link: Completed
Time (s): cpu = 00:00:18 ; elapsed = 00:00:31 . Memory (MB): peak = 2062.184 ; gain = 0.000 ; free physical = 34146 ; free virtual = 485125
INFO: [v++ 60-1443] [00:28:08] Run run_link: Step cf2sw: Started
INFO: [v++ 60-1453] Command Line: cf2sw -sdsl /home/ziyuanwang/hbm/Vitis_Accel_Examples/host_xrt/hbm_simple_xrt/_x_floatmin_16.hw.xilinx_u280_xdma_201920_3/link/int/sdsl.dat -rtd /home/ziyuanwang/hbm/Vitis_Accel_Examples/host_xrt/hbm_simple_xrt/_x_floatmin_16.hw.xilinx_u280_xdma_201920_3/link/int/cf2sw.rtd -nofilter /home/ziyuanwang/hbm/Vitis_Accel_Examples/host_xrt/hbm_simple_xrt/_x_floatmin_16.hw.xilinx_u280_xdma_201920_3/link/int/cf2sw_full.rtd -xclbin /home/ziyuanwang/hbm/Vitis_Accel_Examples/host_xrt/hbm_simple_xrt/_x_floatmin_16.hw.xilinx_u280_xdma_201920_3/link/int/xclbin_orig.xml -o /home/ziyuanwang/hbm/Vitis_Accel_Examples/host_xrt/hbm_simple_xrt/_x_floatmin_16.hw.xilinx_u280_xdma_201920_3/link/int/xclbin_orig.1.xml
INFO: [v++ 60-1454] Run Directory: /home/ziyuanwang/hbm/Vitis_Accel_Examples/host_xrt/hbm_simple_xrt/_x_floatmin_16.hw.xilinx_u280_xdma_201920_3/link/run_link
INFO: [v++ 60-1441] [00:28:12] Run run_link: Step cf2sw: Completed
Time (s): cpu = 00:00:04 ; elapsed = 00:00:04 . Memory (MB): peak = 2062.184 ; gain = 0.000 ; free physical = 34189 ; free virtual = 485168
INFO: [v++ 60-1443] [00:28:12] Run run_link: Step rtd2_system_diagram: Started
INFO: [v++ 60-1453] Command Line: rtd2SystemDiagram
INFO: [v++ 60-1454] Run Directory: /home/ziyuanwang/hbm/Vitis_Accel_Examples/host_xrt/hbm_simple_xrt/_x_floatmin_16.hw.xilinx_u280_xdma_201920_3/link/run_link
INFO: [v++ 60-1441] [00:28:13] Run run_link: Step rtd2_system_diagram: Completed
Time (s): cpu = 00:00:00 ; elapsed = 00:00:00.67 . Memory (MB): peak = 2062.184 ; gain = 0.000 ; free physical = 34170 ; free virtual = 485149
INFO: [v++ 60-1443] [00:28:13] Run run_link: Step vpl: Started
INFO: [v++ 60-1453] Command Line: vpl -t hw -f xilinx_u280_xdma_201920_3 --remote_ip_cache /home/ziyuanwang/hbm/Vitis_Accel_Examples/host_xrt/hbm_simple_xrt/.ipcache -s --output_dir /home/ziyuanwang/hbm/Vitis_Accel_Examples/host_xrt/hbm_simple_xrt/_x_floatmin_16.hw.xilinx_u280_xdma_201920_3/link/int --log_dir /home/ziyuanwang/hbm/Vitis_Accel_Examples/host_xrt/hbm_simple_xrt/_x_floatmin_16.hw.xilinx_u280_xdma_201920_3/logs/link --report_dir /home/ziyuanwang/hbm/Vitis_Accel_Examples/host_xrt/hbm_simple_xrt/_x_floatmin_16.hw.xilinx_u280_xdma_201920_3/reports/link --config /home/ziyuanwang/hbm/Vitis_Accel_Examples/host_xrt/hbm_simple_xrt/_x_floatmin_16.hw.xilinx_u280_xdma_201920_3/link/int/vplConfig.ini -k /home/ziyuanwang/hbm/Vitis_Accel_Examples/host_xrt/hbm_simple_xrt/_x_floatmin_16.hw.xilinx_u280_xdma_201920_3/link/int/kernel_info.dat --webtalk_flag Vitis --temp_dir /home/ziyuanwang/hbm/Vitis_Accel_Examples/host_xrt/hbm_simple_xrt/_x_floatmin_16.hw.xilinx_u280_xdma_201920_3/link --no-info --iprepo /home/ziyuanwang/hbm/Vitis_Accel_Examples/host_xrt/hbm_simple_xrt/_x_floatmin_16.hw.xilinx_u280_xdma_201920_3/link/int/xo/ip_repo/xilinx_com_hls_krnl_vadd_1_0 --messageDb /home/ziyuanwang/hbm/Vitis_Accel_Examples/host_xrt/hbm_simple_xrt/_x_floatmin_16.hw.xilinx_u280_xdma_201920_3/link/run_link/vpl.pb /home/ziyuanwang/hbm/Vitis_Accel_Examples/host_xrt/hbm_simple_xrt/_x_floatmin_16.hw.xilinx_u280_xdma_201920_3/link/int/dr.bd.tcl
INFO: [v++ 60-1454] Run Directory: /home/ziyuanwang/hbm/Vitis_Accel_Examples/host_xrt/hbm_simple_xrt/_x_floatmin_16.hw.xilinx_u280_xdma_201920_3/link/run_link

****** vpl v2021.2 (64-bit)
  **** SW Build 3363252 on 2021-10-14-04:41:01
    ** Copyright 1986-2020 Xilinx, Inc. All Rights Reserved.

INFO: [VPL 60-839] Read in kernel information from file '/home/ziyuanwang/hbm/Vitis_Accel_Examples/host_xrt/hbm_simple_xrt/_x_floatmin_16.hw.xilinx_u280_xdma_201920_3/link/int/kernel_info.dat'.
INFO: [VPL 74-78] Compiler Version string: 2021.2
INFO: [VPL 60-423]   Target device: xilinx_u280_xdma_201920_3
INFO: [VPL 60-1032] Extracting hardware platform to /home/ziyuanwang/hbm/Vitis_Accel_Examples/host_xrt/hbm_simple_xrt/_x_floatmin_16.hw.xilinx_u280_xdma_201920_3/link/vivado/vpl/.local/hw_platform
[00:41:31] Run vpl: Step create_project: Started
Creating Vivado project.
[00:41:54] Run vpl: Step create_project: Completed
[00:41:54] Run vpl: Step create_bd: Started
[00:43:13] Run vpl: Step create_bd: RUNNING...
[00:44:31] Run vpl: Step create_bd: RUNNING...
[00:45:48] Run vpl: Step create_bd: RUNNING...
[00:47:08] Run vpl: Step create_bd: RUNNING...
[00:48:25] Run vpl: Step create_bd: RUNNING...
[00:49:43] Run vpl: Step create_bd: RUNNING...
[00:51:01] Run vpl: Step create_bd: RUNNING...
[00:52:20] Run vpl: Step create_bd: RUNNING...
[00:53:37] Run vpl: Step create_bd: RUNNING...
[00:54:56] Run vpl: Step create_bd: RUNNING...
[00:56:13] Run vpl: Step create_bd: RUNNING...
[00:57:29] Run vpl: Step create_bd: RUNNING...
[00:58:47] Run vpl: Step create_bd: RUNNING...
[00:59:07] Run vpl: Step create_bd: Completed
[00:59:07] Run vpl: Step update_bd: Started
[00:59:13] Run vpl: Step update_bd: Completed
[00:59:13] Run vpl: Step generate_target: Started
[01:00:31] Run vpl: Step generate_target: RUNNING...
[01:01:50] Run vpl: Step generate_target: RUNNING...
[01:01:54] Run vpl: Step generate_target: Completed
[01:01:54] Run vpl: Step config_hw_runs: Started
[01:02:10] Run vpl: Step config_hw_runs: Completed
[01:02:10] Run vpl: Step synth: Started
[01:02:43] Block-level synthesis in progress, 0 of 1 jobs complete, 1 job running.
[01:03:14] Block-level synthesis in progress, 0 of 1 jobs complete, 1 job running.
[01:03:45] Block-level synthesis in progress, 0 of 1 jobs complete, 1 job running.
[01:04:16] Block-level synthesis in progress, 0 of 1 jobs complete, 1 job running.
[01:04:47] Block-level synthesis in progress, 0 of 1 jobs complete, 1 job running.
[01:05:19] Block-level synthesis in progress, 0 of 1 jobs complete, 1 job running.
[01:05:49] Block-level synthesis in progress, 1 of 1 jobs complete, 0 jobs running.
[01:06:21] Top-level synthesis in progress.
[01:06:52] Top-level synthesis in progress.
[01:07:21] Run vpl: Step synth: Completed
[01:07:21] Run vpl: Step impl: Started
[01:14:10] Finished 2nd of 6 tasks (FPGA linking synthesized kernels to platform). Elapsed time: 00h 45m 54s 

[01:14:10] Starting logic optimization..
[01:15:12] Phase 1 Retarget
[01:15:43] Phase 2 Constant propagation
[01:15:43] Phase 3 Sweep
[01:16:15] Phase 4 BUFG optimization
[01:16:15] Phase 5 Shift Register Optimization
[01:16:15] Phase 6 Post Processing Netlist
[01:18:20] Finished 3rd of 6 tasks (FPGA logic optimization). Elapsed time: 00h 04m 10s 

[01:18:20] Starting logic placement..
[01:19:23] Phase 1 Placer Initialization
[01:19:23] Phase 1.1 Placer Initialization Netlist Sorting
[01:23:33] Phase 1.2 IO Placement/ Clock Placement/ Build Placer Device
[01:24:04] Phase 1.3 Build Placer Netlist Model
[01:25:37] Phase 1.4 Constrain Clocks/Macros
[01:25:37] Phase 2 Global Placement
[01:25:37] Phase 2.1 Floorplanning
[01:26:08] Phase 2.1.1 Partition Driven Placement
[01:26:08] Phase 2.1.1.1 PBP: Partition Driven Placement
[01:26:40] Phase 2.1.1.2 PBP: Clock Region Placement
[01:27:11] Phase 2.1.1.3 PBP: Compute Congestion
[01:27:11] Phase 2.1.1.4 PBP: UpdateTiming
[01:27:42] Phase 2.1.1.5 PBP: Add part constraints
[01:27:42] Phase 2.2 Physical Synthesis After Floorplan
[01:27:42] Phase 2.3 Update Timing before SLR Path Opt
[01:27:42] Phase 2.4 Post-Processing in Floorplanning
[01:27:42] Phase 2.5 Global Placement Core
[01:38:09] Phase 2.5.1 Physical Synthesis In Placer
[01:40:45] Phase 3 Detail Placement
[01:40:45] Phase 3.1 Commit Multi Column Macros
[01:40:45] Phase 3.2 Commit Most Macros & LUTRAMs
[01:41:48] Phase 3.3 Small Shape DP
[01:41:48] Phase 3.3.1 Small Shape Clustering
[01:41:48] Phase 3.3.2 Flow Legalize Slice Clusters
[01:41:48] Phase 3.3.3 Slice Area Swap
[01:42:20] Phase 3.4 Place Remaining
[01:42:20] Phase 3.5 Re-assign LUT pins
[01:42:20] Phase 3.6 Pipeline Register Optimization
[01:42:51] Phase 3.7 Fast Optimization
[01:43:23] Phase 4 Post Placement Optimization and Clean-Up
[01:43:23] Phase 4.1 Post Commit Optimization
[01:44:25] Phase 4.1.1 Post Placement Optimization
[01:44:56] Phase 4.1.1.1 BUFG Insertion
[01:44:56] Phase 1 Physical Synthesis Initialization
[01:44:56] Phase 4.1.1.2 BUFG Replication
[01:44:56] Phase 4.1.1.3 Post Placement Timing Optimization
[01:48:03] Phase 4.1.1.4 Replication
[01:49:06] Phase 4.2 Post Placement Cleanup
[01:49:38] Phase 4.3 Placer Reporting
[01:49:38] Phase 4.3.1 Print Estimated Congestion
[01:49:38] Phase 4.4 Final Placement Cleanup
[01:52:13] Finished 4th of 6 tasks (FPGA logic placement). Elapsed time: 00h 33m 53s 

[01:52:13] Starting logic routing..
[01:52:45] Phase 1 Build RT Design
[01:54:19] Phase 2 Router Initialization
[01:54:19] Phase 2.1 Fix Topology Constraints
[01:54:51] Phase 2.2 Pre Route Cleanup
[01:54:51] Phase 2.3 Global Clock Net Routing
[01:54:51] Phase 2.4 Update Timing
[01:56:56] Phase 2.5 Update Timing for Bus Skew
[01:56:56] Phase 2.5.1 Update Timing
[01:57:27] Phase 3 Initial Routing
[01:57:27] Phase 3.1 Global Routing
[01:57:59] Phase 4 Rip-up And Reroute
[01:57:59] Phase 4.1 Global Iteration 0
[02:04:15] Phase 4.2 Global Iteration 1
[02:04:46] Phase 4.3 Global Iteration 2
[02:06:20] Phase 5 Delay and Skew Optimization
[02:06:20] Phase 5.1 Delay CleanUp
[02:06:20] Phase 5.1.1 Update Timing
[02:06:51] Phase 5.2 Clock Skew Optimization
[02:07:22] Phase 6 Post Hold Fix
[02:07:22] Phase 6.1 Hold Fix Iter
[02:07:22] Phase 6.1.1 Update Timing
[02:07:53] Phase 6.1.2 Lut RouteThru Assignment for hold
[02:07:53] Phase 6.2 Additional Hold Fix
[02:08:56] Phase 7 Leaf Clock Prog Delay Opt
[02:09:59] Phase 8 Route finalize
[02:09:59] Phase 9 Verifying routed nets
[02:09:59] Phase 10 Depositing Routes
[02:10:30] Phase 11 Resolve XTalk
[02:10:30] Phase 12 Post Router Timing
[02:11:01] Finished 5th of 6 tasks (FPGA routing). Elapsed time: 00h 18m 47s 

[02:11:01] Starting bitstream generation..
[02:19:23] Creating bitmap...
[02:26:36] Writing bitstream ./pfm_top_i_dynamic_region_my_rm_partial.bit...
[02:26:36] Finished 6th of 6 tasks (FPGA bitstream generation). Elapsed time: 00h 15m 35s 
[02:26:36] Run vpl: Step impl: Completed
[02:26:37] Run vpl: FINISHED. Run Status: impl Complete!
INFO: [v++ 60-1441] [02:26:40] Run run_link: Step vpl: Completed
Time (s): cpu = 00:00:43 ; elapsed = 01:58:28 . Memory (MB): peak = 2062.184 ; gain = 0.000 ; free physical = 14058 ; free virtual = 464808
INFO: [v++ 60-1443] [02:26:40] Run run_link: Step rtdgen: Started
INFO: [v++ 60-1453] Command Line: rtdgen
INFO: [v++ 60-1454] Run Directory: /home/ziyuanwang/hbm/Vitis_Accel_Examples/host_xrt/hbm_simple_xrt/_x_floatmin_16.hw.xilinx_u280_xdma_201920_3/link/run_link
INFO: [v++ 60-991] clock name 'clkwiz_kernel_clk_out1' (clock ID '0') is being mapped to clock name 'DATA_CLK' in the xclbin
INFO: [v++ 60-991] clock name 'clkwiz_kernel2_clk_out1' (clock ID '1') is being mapped to clock name 'KERNEL_CLK' in the xclbin
INFO: [v++ 60-991] clock name 'clk_out1_pfm_top_clkwiz_hbm_aclk_0' (clock ID '') is being mapped to clock name 'clk_out1_pfm_top_clkwiz_hbm_aclk_0' in the xclbin
INFO: [v++ 60-1230] The compiler selected the following frequencies for the runtime controllable kernel clock(s) and scalable system clock(s): System (SYSTEM) clock: clk_out1_pfm_top_clkwiz_hbm_aclk_0 = 450, Kernel (DATA) clock: clkwiz_kernel_clk_out1 = 300, Kernel (KERNEL) clock: clkwiz_kernel2_clk_out1 = 500
INFO: [v++ 60-1453] Command Line: cf2sw -a /home/ziyuanwang/hbm/Vitis_Accel_Examples/host_xrt/hbm_simple_xrt/_x_floatmin_16.hw.xilinx_u280_xdma_201920_3/link/int/address_map.xml -sdsl /home/ziyuanwang/hbm/Vitis_Accel_Examples/host_xrt/hbm_simple_xrt/_x_floatmin_16.hw.xilinx_u280_xdma_201920_3/link/int/sdsl.dat -xclbin /home/ziyuanwang/hbm/Vitis_Accel_Examples/host_xrt/hbm_simple_xrt/_x_floatmin_16.hw.xilinx_u280_xdma_201920_3/link/int/xclbin_orig.xml -rtd /home/ziyuanwang/hbm/Vitis_Accel_Examples/host_xrt/hbm_simple_xrt/_x_floatmin_16.hw.xilinx_u280_xdma_201920_3/link/int/krnl_vadd.link.rtd -o /home/ziyuanwang/hbm/Vitis_Accel_Examples/host_xrt/hbm_simple_xrt/_x_floatmin_16.hw.xilinx_u280_xdma_201920_3/link/int/krnl_vadd.link.xml
INFO: [v++ 60-1652] Cf2sw returned exit code: 0
INFO: [v++ 60-1441] [02:26:45] Run run_link: Step rtdgen: Completed
Time (s): cpu = 00:00:03 ; elapsed = 00:00:04 . Memory (MB): peak = 2062.184 ; gain = 0.000 ; free physical = 15016 ; free virtual = 465766
INFO: [v++ 60-1443] [02:26:45] Run run_link: Step xclbinutil: Started
INFO: [v++ 60-1453] Command Line: xclbinutil --add-section DEBUG_IP_LAYOUT:JSON:/home/ziyuanwang/hbm/Vitis_Accel_Examples/host_xrt/hbm_simple_xrt/_x_floatmin_16.hw.xilinx_u280_xdma_201920_3/link/int/debug_ip_layout.rtd --add-section BITSTREAM:RAW:/home/ziyuanwang/hbm/Vitis_Accel_Examples/host_xrt/hbm_simple_xrt/_x_floatmin_16.hw.xilinx_u280_xdma_201920_3/link/int/partial.bit --force --target hw --key-value SYS:dfx_enable:true --add-section :JSON:/home/ziyuanwang/hbm/Vitis_Accel_Examples/host_xrt/hbm_simple_xrt/_x_floatmin_16.hw.xilinx_u280_xdma_201920_3/link/int/krnl_vadd.link.rtd --append-section :JSON:/home/ziyuanwang/hbm/Vitis_Accel_Examples/host_xrt/hbm_simple_xrt/_x_floatmin_16.hw.xilinx_u280_xdma_201920_3/link/int/appendSection.rtd --add-section CLOCK_FREQ_TOPOLOGY:JSON:/home/ziyuanwang/hbm/Vitis_Accel_Examples/host_xrt/hbm_simple_xrt/_x_floatmin_16.hw.xilinx_u280_xdma_201920_3/link/int/krnl_vadd.link_xml.rtd --add-section BUILD_METADATA:JSON:/home/ziyuanwang/hbm/Vitis_Accel_Examples/host_xrt/hbm_simple_xrt/_x_floatmin_16.hw.xilinx_u280_xdma_201920_3/link/int/krnl_vadd.link_build.rtd --add-section EMBEDDED_METADATA:RAW:/home/ziyuanwang/hbm/Vitis_Accel_Examples/host_xrt/hbm_simple_xrt/_x_floatmin_16.hw.xilinx_u280_xdma_201920_3/link/int/krnl_vadd.link.xml --add-section SYSTEM_METADATA:RAW:/home/ziyuanwang/hbm/Vitis_Accel_Examples/host_xrt/hbm_simple_xrt/_x_floatmin_16.hw.xilinx_u280_xdma_201920_3/link/int/systemDiagramModelSlrBaseAddress.json --output /home/ziyuanwang/hbm/Vitis_Accel_Examples/host_xrt/hbm_simple_xrt/./build_dir_floatmin_16.hw.xilinx_u280_xdma_201920_3/krnl_vadd.link.xclbin
INFO: [v++ 60-1454] Run Directory: /home/ziyuanwang/hbm/Vitis_Accel_Examples/host_xrt/hbm_simple_xrt/_x_floatmin_16.hw.xilinx_u280_xdma_201920_3/link/run_link
XRT Build Version: 2.14.354 (2022.2)
       Build Date: 2022-10-08 09:49:58
          Hash ID: 43926231f7183688add2dccfd391b36a1f000bea
Creating a default 'in-memory' xclbin image.

Section: 'DEBUG_IP_LAYOUT'(9) was successfully added.
Size   : 296 bytes
Format : JSON
File   : '/home/ziyuanwang/hbm/Vitis_Accel_Examples/host_xrt/hbm_simple_xrt/_x_floatmin_16.hw.xilinx_u280_xdma_201920_3/link/int/debug_ip_layout.rtd'

Section: 'BITSTREAM'(0) was successfully added.
Size   : 43419259 bytes
Format : RAW
File   : '/home/ziyuanwang/hbm/Vitis_Accel_Examples/host_xrt/hbm_simple_xrt/_x_floatmin_16.hw.xilinx_u280_xdma_201920_3/link/int/partial.bit'

Section: 'MEM_TOPOLOGY'(6) was successfully added.
Format : JSON
File   : 'mem_topology'

Section: 'IP_LAYOUT'(8) was successfully added.
Format : JSON
File   : 'ip_layout'

Section: 'CONNECTIVITY'(7) was successfully added.
Format : JSON
File   : 'connectivity'

Section: 'CLOCK_FREQ_TOPOLOGY'(11) was successfully added.
Size   : 410 bytes
Format : JSON
File   : '/home/ziyuanwang/hbm/Vitis_Accel_Examples/host_xrt/hbm_simple_xrt/_x_floatmin_16.hw.xilinx_u280_xdma_201920_3/link/int/krnl_vadd.link_xml.rtd'

Section: 'BUILD_METADATA'(14) was successfully added.
Size   : 3160 bytes
Format : JSON
File   : '/home/ziyuanwang/hbm/Vitis_Accel_Examples/host_xrt/hbm_simple_xrt/_x_floatmin_16.hw.xilinx_u280_xdma_201920_3/link/int/krnl_vadd.link_build.rtd'

Section: 'EMBEDDED_METADATA'(2) was successfully added.
Size   : 4303 bytes
Format : RAW
File   : '/home/ziyuanwang/hbm/Vitis_Accel_Examples/host_xrt/hbm_simple_xrt/_x_floatmin_16.hw.xilinx_u280_xdma_201920_3/link/int/krnl_vadd.link.xml'

Section: 'SYSTEM_METADATA'(22) was successfully added.
Size   : 18787 bytes
Format : RAW
File   : '/home/ziyuanwang/hbm/Vitis_Accel_Examples/host_xrt/hbm_simple_xrt/_x_floatmin_16.hw.xilinx_u280_xdma_201920_3/link/int/systemDiagramModelSlrBaseAddress.json'

Section: 'IP_LAYOUT'(8) was successfully appended to.
Format : JSON
File   : 'ip_layout'
Successfully wrote (43473304 bytes) to the output file: /home/ziyuanwang/hbm/Vitis_Accel_Examples/host_xrt/hbm_simple_xrt/./build_dir_floatmin_16.hw.xilinx_u280_xdma_201920_3/krnl_vadd.link.xclbin
Leaving xclbinutil.
INFO: [v++ 60-1441] [02:26:46] Run run_link: Step xclbinutil: Completed
Time (s): cpu = 00:00:00.09 ; elapsed = 00:00:01 . Memory (MB): peak = 2062.184 ; gain = 0.000 ; free physical = 14898 ; free virtual = 465690
INFO: [v++ 60-1443] [02:26:46] Run run_link: Step xclbinutilinfo: Started
INFO: [v++ 60-1453] Command Line: xclbinutil --quiet --force --info /home/ziyuanwang/hbm/Vitis_Accel_Examples/host_xrt/hbm_simple_xrt/./build_dir_floatmin_16.hw.xilinx_u280_xdma_201920_3/krnl_vadd.link.xclbin.info --input /home/ziyuanwang/hbm/Vitis_Accel_Examples/host_xrt/hbm_simple_xrt/./build_dir_floatmin_16.hw.xilinx_u280_xdma_201920_3/krnl_vadd.link.xclbin
INFO: [v++ 60-1454] Run Directory: /home/ziyuanwang/hbm/Vitis_Accel_Examples/host_xrt/hbm_simple_xrt/_x_floatmin_16.hw.xilinx_u280_xdma_201920_3/link/run_link
INFO: [v++ 60-1441] [02:26:47] Run run_link: Step xclbinutilinfo: Completed
Time (s): cpu = 00:00:00.42 ; elapsed = 00:00:00.71 . Memory (MB): peak = 2062.184 ; gain = 0.000 ; free physical = 14978 ; free virtual = 465770
INFO: [v++ 60-1443] [02:26:47] Run run_link: Step generate_sc_driver: Started
INFO: [v++ 60-1453] Command Line: 
INFO: [v++ 60-1454] Run Directory: /home/ziyuanwang/hbm/Vitis_Accel_Examples/host_xrt/hbm_simple_xrt/_x_floatmin_16.hw.xilinx_u280_xdma_201920_3/link/run_link
INFO: [v++ 60-1441] [02:26:47] Run run_link: Step generate_sc_driver: Completed
Time (s): cpu = 00:00:00 ; elapsed = 00:00:00.10 . Memory (MB): peak = 2062.184 ; gain = 0.000 ; free physical = 14969 ; free virtual = 465761
INFO: [v++ 60-244] Generating system estimate report...
INFO: [v++ 60-1092] Generated system estimate report: /home/ziyuanwang/hbm/Vitis_Accel_Examples/host_xrt/hbm_simple_xrt/_x_floatmin_16.hw.xilinx_u280_xdma_201920_3/reports/link/system_estimate_krnl_vadd.link.xtxt
INFO: [v++ 60-586] Created /home/ziyuanwang/hbm/Vitis_Accel_Examples/host_xrt/hbm_simple_xrt/build_dir_floatmin_16.hw.xilinx_u280_xdma_201920_3/krnl_vadd.link.ltx
INFO: [v++ 60-586] Created ./build_dir_floatmin_16.hw.xilinx_u280_xdma_201920_3/krnl_vadd.link.xclbin
INFO: [v++ 60-1307] Run completed. Additional information can be found in:
	Guidance: /home/ziyuanwang/hbm/Vitis_Accel_Examples/host_xrt/hbm_simple_xrt/_x_floatmin_16.hw.xilinx_u280_xdma_201920_3/reports/link/v++_link_krnl_vadd.link_guidance.html
	Timing Report: /home/ziyuanwang/hbm/Vitis_Accel_Examples/host_xrt/hbm_simple_xrt/_x_floatmin_16.hw.xilinx_u280_xdma_201920_3/reports/link/imp/impl_1_xilinx_u280_xdma_201920_3_bb_locked_timing_summary_routed.rpt
	Vivado Log: /home/ziyuanwang/hbm/Vitis_Accel_Examples/host_xrt/hbm_simple_xrt/_x_floatmin_16.hw.xilinx_u280_xdma_201920_3/logs/link/vivado.log
	Steps Log File: /home/ziyuanwang/hbm/Vitis_Accel_Examples/host_xrt/hbm_simple_xrt/_x_floatmin_16.hw.xilinx_u280_xdma_201920_3/logs/link/link.steps.log

INFO: [v++ 60-2343] Use the vitis_analyzer tool to visualize and navigate the relevant reports. Run the following command. 
    vitis_analyzer /home/ziyuanwang/hbm/Vitis_Accel_Examples/host_xrt/hbm_simple_xrt/build_dir_floatmin_16.hw.xilinx_u280_xdma_201920_3/krnl_vadd.link.xclbin.link_summary 
INFO: [v++ 60-791] Total elapsed time: 1h 59m 38s
