Copyright 1986-2021 Xilinx, Inc. All Rights Reserved.
-----------------------------------------------------------------------------------------
| Tool Version : Vivado v.2021.2 (lin64) Build 3367213 Tue Oct 19 02:47:39 MDT 2021
| Date         : Sun Dec  1 02:00:45 2024
| Host         : hacc-gpu0 running 64-bit Ubuntu 20.04.6 LTS
| Command      : report_utilization -file full_util_synthed.rpt -pb full_util_synthed.pb
| Design       : pfm_top_wrapper
| Device       : xcu280-fsvh2892-2L-e
| Speed File   : -2L
| Design State : Physopt postRoute
-----------------------------------------------------------------------------------------

Utilization Design Information

Table of Contents
-----------------
1. CLB Logic
1.1 Summary of Registers by Type
2. BLOCKRAM
3. ARITHMETIC
4. I/O
5. CLOCK
6. ADVANCED
7. CONFIGURATION
8. Primitives
9. Black Boxes
10. Instantiated Netlists
11. SLR Connectivity
12. SLR Connectivity Matrix
13. SLR CLB Logic and Dedicated Block Utilization
14. SLR IO Utilization

1. CLB Logic
------------

+----------------------------+--------+--------+------------+-----------+-------+
|          Site Type         |  Used  |  Fixed | Prohibited | Available | Util% |
+----------------------------+--------+--------+------------+-----------+-------+
| CLB LUTs*                  | 316413 | 105683 |        960 |   1302720 | 24.29 |
|   LUT as Logic             | 245839 |  97436 |        960 |   1302720 | 18.87 |
|   LUT as Memory            |  70574 |   8247 |        480 |    600480 | 11.75 |
|     LUT as Distributed RAM |  18661 |   5563 |            |           |       |
|     LUT as Shift Register  |  51913 |   2684 |            |           |       |
| CLB Registers              | 402222 | 128746 |          0 |   2607360 | 15.43 |
|   Register as Flip Flop    | 402219 | 128744 |          0 |   2607360 | 15.43 |
|   Register as Latch        |      0 |      0 |          0 |   2607360 |  0.00 |
|   Register as AND/OR       |      3 |      2 |          0 |   2607360 | <0.01 |
| CARRY8                     |   4714 |   1069 |        120 |    162840 |  2.89 |
| F7 Muxes                   |  25186 |   1495 |        480 |    651360 |  3.87 |
| F8 Muxes                   |    298 |    204 |        240 |    325680 |  0.09 |
| F9 Muxes                   |      0 |      0 |        120 |    162840 |  0.00 |
+----------------------------+--------+--------+------------+-----------+-------+
* Warning! The Final LUT count, after physical optimizations and full implementation, is typically lower. Run opt_design after synthesis, if not already completed, for a more realistic count.


1.1 Summary of Registers by Type
--------------------------------

+--------+--------------+-------------+--------------+
|  Total | Clock Enable | Synchronous | Asynchronous |
+--------+--------------+-------------+--------------+
| 3      |            _ |           - |            - |
| 0      |            _ |           - |          Set |
| 0      |            _ |           - |        Reset |
| 0      |            _ |         Set |            - |
| 0      |            _ |       Reset |            - |
| 0      |          Yes |           - |            - |
| 1143   |          Yes |           - |          Set |
| 4680   |          Yes |           - |        Reset |
| 6797   |          Yes |         Set |            - |
| 389599 |          Yes |       Reset |            - |
+--------+--------------+-------------+--------------+


2. BLOCKRAM
-----------

+-------------------+------+-------+------------+-----------+-------+
|     Site Type     | Used | Fixed | Prohibited | Available | Util% |
+-------------------+------+-------+------------+-----------+-------+
| Block RAM Tile    |  611 |     0 |          0 |      2016 | 30.31 |
|   RAMB36/FIFO*    |  584 |   196 |          0 |      2016 | 28.97 |
|     RAMB36E2 only |  584 |       |            |           |       |
|   RAMB18          |   54 |     8 |          0 |      4032 |  1.34 |
|     RAMB18E2 only |   54 |       |            |           |       |
| URAM              |  320 |     0 |          0 |       960 | 33.33 |
+-------------------+------+-------+------------+-----------+-------+
* Note: Each Block RAM Tile only has one FIFO logic available and therefore can accommodate only one FIFO36E2 or one FIFO18E2. However, if a FIFO18E2 occupies a Block RAM Tile, that tile can still accommodate a RAMB18E2


3. ARITHMETIC
-------------

+----------------+------+-------+------------+-----------+-------+
|    Site Type   | Used | Fixed | Prohibited | Available | Util% |
+----------------+------+-------+------------+-----------+-------+
| DSPs           |  226 |     4 |          0 |      9024 |  2.50 |
|   DSP48E2 only |  226 |       |            |           |       |
+----------------+------+-------+------------+-----------+-------+


4. I/O
------

+-----------------+------+-------+------------+-----------+-------+
|    Site Type    | Used | Fixed | Prohibited | Available | Util% |
+-----------------+------+-------+------------+-----------+-------+
| Bonded IOB      |  158 |   158 |        327 |       297 | 53.20 |
| HPIOB_M         |   75 |    75 |        144 |       144 | 52.08 |
|   INPUT         |    4 |       |            |           |       |
|   OUTPUT        |   15 |       |            |           |       |
|   BIDIR         |   56 |       |            |           |       |
| HPIOB_S         |   76 |    76 |        145 |       143 | 53.15 |
|   INPUT         |    3 |       |            |           |       |
|   OUTPUT        |   17 |       |            |           |       |
|   BIDIR         |   56 |       |            |           |       |
| HPIOB_SNGL      |    7 |     7 |         38 |        10 | 70.00 |
|   INPUT         |    0 |       |            |           |       |
|   OUTPUT        |    5 |       |            |           |       |
|   BIDIR         |    2 |       |            |           |       |
| HPIOBDIFFINBUF  |   20 |    20 |          0 |       288 |  6.94 |
|   DIFFINBUF     |   20 |    20 |            |           |       |
| BITSLICE_RX_TX  |  117 |   117 |          0 |      3744 |  3.13 |
|   RXTX_BITSLICE |  117 |   117 |            |           |       |
+-----------------+------+-------+------------+-----------+-------+


5. CLOCK
--------

+----------------------+------+-------+------------+-----------+-------+
|       Site Type      | Used | Fixed | Prohibited | Available | Util% |
+----------------------+------+-------+------------+-----------+-------+
| GLOBAL CLOCK BUFFERs |   46 |    37 |          0 |      1008 |  4.56 |
|   BUFGCE             |   22 |    13 |          0 |       288 |  7.64 |
|   BUFGCE_DIV         |    0 |     0 |          0 |        48 |  0.00 |
|   BUFG_GT            |   22 |    22 |          0 |       576 |  3.82 |
|   BUFGCTRL*          |    1 |     1 |          0 |        96 |  1.04 |
| PLL                  |    7 |     4 |          0 |        24 | 29.17 |
| MMCM                 |    4 |     3 |          0 |        12 | 33.33 |
+----------------------+------+-------+------------+-----------+-------+
* Note: Each used BUFGCTRL counts as two GLOBAL CLOCK BUFFERs. This table does not include global clocking resources, only buffer cell usage. See the Clock Utilization Report (report_clock_utilization) for detailed accounting of global clocking resource availability.


6. ADVANCED
-----------

+----------------------+------+-------+------------+-----------+--------+
|       Site Type      | Used | Fixed | Prohibited | Available |  Util% |
+----------------------+------+-------+------------+-----------+--------+
| CMACE4               |    0 |     0 |          0 |         8 |   0.00 |
| GTYE4_CHANNEL        |   16 |    16 |          0 |        24 |  66.67 |
| GTYE4_COMMON         |    4 |     4 |          0 |         6 |  66.67 |
| HBM_REF_CLK          |    2 |     0 |          0 |         2 | 100.00 |
| HBM_SNGLBLI_INTF_APB |    2 |     0 |          0 |        32 |   6.25 |
| HBM_SNGLBLI_INTF_AXI |   32 |     0 |          0 |        32 | 100.00 |
| ILKNE4               |    0 |     0 |          0 |         4 |   0.00 |
| OBUFDS_GTE4          |    0 |     0 |          0 |        12 |   0.00 |
| OBUFDS_GTE4_ADV      |    0 |     0 |          0 |        12 |   0.00 |
| PCIE40E4             |    0 |     0 |          0 |         2 |   0.00 |
| PCIE4CE4             |    1 |     1 |          0 |         4 |  25.00 |
| SYSMONE4             |    1 |     1 |          0 |         3 |  33.33 |
+----------------------+------+-------+------------+-----------+--------+


7. CONFIGURATION
----------------

+-------------+------+-------+------------+-----------+-------+
|  Site Type  | Used | Fixed | Prohibited | Available | Util% |
+-------------+------+-------+------------+-----------+-------+
| BSCANE2     |    1 |     1 |          0 |        12 |  8.33 |
| DNA_PORTE2  |    0 |     0 |          0 |         3 |  0.00 |
| EFUSE_USR   |    0 |     0 |          0 |         3 |  0.00 |
| FRAME_ECCE4 |    0 |     0 |          0 |         3 |  0.00 |
| ICAPE3      |    1 |     1 |          0 |         6 | 16.67 |
| MASTER_JTAG |    0 |     0 |          0 |         3 |  0.00 |
| STARTUPE3   |    1 |     1 |          0 |         3 | 33.33 |
+-------------+------+-------+------------+-----------+-------+


8. Primitives
-------------

+----------------------+--------+---------------------+
|       Ref Name       |  Used  | Functional Category |
+----------------------+--------+---------------------+
| FDRE                 | 389881 |            Register |
| LUT3                 |  89538 |                 CLB |
| LUT6                 |  84050 |                 CLB |
| LUT4                 |  45690 |                 CLB |
| LUT5                 |  40810 |                 CLB |
| SRLC32E              |  37300 |                 CLB |
| LUT2                 |  36972 |                 CLB |
| RAMD32               |  30196 |                 CLB |
| MUXF7                |  25186 |                 CLB |
| SRL16E               |  14599 |                 CLB |
| FDSE                 |   6797 |            Register |
| LUT1                 |   6176 |                 CLB |
| CARRY8               |   4714 |                 CLB |
| FDCE                 |   4685 |            Register |
| RAMS32               |   4577 |                 CLB |
| FDPE                 |   1143 |            Register |
| RAMB36E2             |    584 |            BLOCKRAM |
| RAMS64E              |    420 |                 CLB |
| RAMD64E              |    416 |                 CLB |
| URAM288              |    320 |            BLOCKRAM |
| MUXF8                |    298 |                 CLB |
| DSP48E2              |    226 |          Arithmetic |
| RXTX_BITSLICE        |    117 |                 I/O |
| IBUFCTRL             |    101 |              Others |
| INBUF                |     81 |                 I/O |
| OBUFT_DCIEN          |     72 |                 I/O |
| RAMB18E2             |     54 |            BLOCKRAM |
| OBUFT                |     42 |                 I/O |
| OBUF                 |     37 |                 I/O |
| HBM_SNGLBLI_INTF_AXI |     32 |            Advanced |
| TX_BITSLICE_TRI      |     23 |                 I/O |
| BITSLICE_CONTROL     |     23 |                 I/O |
| BUFG_GT              |     22 |               Clock |
| BUFGCE               |     22 |               Clock |
| DIFFINBUF            |     20 |                 I/O |
| INV                  |     19 |                 CLB |
| BUFG_GT_SYNC         |     17 |               Clock |
| GTYE4_CHANNEL        |     16 |            Advanced |
| SRLC16E              |     14 |                 CLB |
| RIU_OR               |     12 |                 I/O |
| HPIO_VREF            |      9 |                 I/O |
| PLLE4_ADV            |      7 |               Clock |
| MMCME4_ADV           |      4 |               Clock |
| GTYE4_COMMON         |      4 |            Advanced |
| AND2B1L              |      3 |              Others |
| HBM_SNGLBLI_INTF_APB |      2 |            Advanced |
| HBM_REF_CLK          |      2 |            Advanced |
| SYSMONE4             |      1 |            Advanced |
| STARTUPE3            |      1 |       Configuration |
| PCIE4CE4             |      1 |            Advanced |
| ICAPE3               |      1 |       Configuration |
| IBUFDS_GTE4          |      1 |                 I/O |
| BUFGCTRL             |      1 |               Clock |
| BSCANE2              |      1 |       Configuration |
+----------------------+--------+---------------------+


9. Black Boxes
--------------

+--------------------+------+
|      Ref Name      | Used |
+--------------------+------+
| bd_ebbe_xsdbm_0_bb |    1 |
+--------------------+------+


10. Instantiated Netlists
-------------------------

+---------------------------------------------+------+
|                   Ref Name                  | Used |
+---------------------------------------------+------+
| xsdbm                                       |    1 |
| pfm_top_xmc_clk_ibuf_0                      |    1 |
| pfm_top_xbar_9                              |    1 |
| pfm_top_xbar_8                              |    1 |
| pfm_top_xbar_7                              |    1 |
| pfm_top_xbar_6                              |    1 |
| pfm_top_xbar_5                              |    1 |
| pfm_top_xbar_4                              |    1 |
| pfm_top_xbar_3                              |    1 |
| pfm_top_xbar_2                              |    1 |
| pfm_top_xbar_15                             |    1 |
| pfm_top_xbar_14                             |    1 |
| pfm_top_xbar_13                             |    1 |
| pfm_top_xbar_12                             |    1 |
| pfm_top_xbar_11                             |    1 |
| pfm_top_xbar_10                             |    1 |
| pfm_top_xbar_1                              |    1 |
| pfm_top_xbar_0                              |    1 |
| pfm_top_util_vector_logic_0_1               |    1 |
| pfm_top_util_vector_logic_0_0               |    1 |
| pfm_top_util_ds_buf_0_0                     |    1 |
| pfm_top_user_debug_hub_0                    |    1 |
| pfm_top_user_debug_bridge_0                 |    1 |
| pfm_top_sys_mgmt_wiz_0                      |    1 |
| pfm_top_scratchpad_ram_ctrl_0               |    1 |
| pfm_top_scratchpad_ram_0                    |    1 |
| pfm_top_scheduler_bram_ctrl_0               |    1 |
| pfm_top_s01_regslice_8                      |    1 |
| pfm_top_s01_regslice_7                      |    1 |
| pfm_top_s01_regslice_6                      |    1 |
| pfm_top_s00_regslice_20                     |    1 |
| pfm_top_s00_regslice_19                     |    1 |
| pfm_top_s00_regslice_18                     |    1 |
| pfm_top_s00_regslice_17                     |    1 |
| pfm_top_s00_regslice_16                     |    1 |
| pfm_top_s00_regslice_15                     |    1 |
| pfm_top_s00_regslice_14                     |    1 |
| pfm_top_reset_wdt_0                         |    1 |
| pfm_top_regslice_freq_cntr_1_0              |    1 |
| pfm_top_regslice_freq_cntr_0_0              |    1 |
| pfm_top_regslice_data_0                     |    1 |
| pfm_top_regslice_control_userpf_0           |    1 |
| pfm_top_regslice_control_mgntpf_0           |    1 |
| pfm_top_regslice_control_hbm_mgntpf_0       |    1 |
| pfm_top_register_map_ctrl_0                 |    1 |
| pfm_top_register_map_bram_0                 |    1 |
| pfm_top_psreset_scheduler_0                 |    1 |
| pfm_top_psreset_regslice_data_pr_0          |    1 |
| pfm_top_psreset_regslice_ctrl_pr_0          |    1 |
| pfm_top_psreset_ctrlclk_0                   |    1 |
| pfm_top_psreset_board_control_0             |    1 |
| pfm_top_psreset_axi_0                       |    1 |
| pfm_top_proc_sys_reset_0_0                  |    1 |
| pfm_top_pr_decoupler_3_0                    |    1 |
| pfm_top_pr_decoupler_2_0                    |    1 |
| pfm_top_pr_decoupler_1_0                    |    1 |
| pfm_top_pr_decoupler_0_0                    |    1 |
| pfm_top_pf_demux_0_0                        |    1 |
| pfm_top_pcie_0                              |    1 |
| pfm_top_msp432_bsl_crc_gen_0_0              |    1 |
| pfm_top_microblaze_scheduler_0              |    1 |
| pfm_top_microblaze_board_control_0          |    1 |
| pfm_top_mgmt_debug_hub_0                    |    1 |
| pfm_top_mgmt_debug_bridge_0                 |    1 |
| pfm_top_mdm_board_control_0                 |    1 |
| pfm_top_mb_bram_ctrl_0                      |    1 |
| pfm_top_mailbox_0_0                         |    1 |
| pfm_top_m05_regslice_0                      |    1 |
| pfm_top_m04_regslice_0                      |    1 |
| pfm_top_m03_regslice_0                      |    1 |
| pfm_top_m02_regslice_0                      |    1 |
| pfm_top_m00_regslice_0                      |    1 |
| pfm_top_logic_pll_lock_0                    |    1 |
| pfm_top_logic_hbm_init_op_0                 |    1 |
| pfm_top_lmb_bram_if_cntlr_1                 |    1 |
| pfm_top_lmb_bram_if_cntlr_0                 |    1 |
| pfm_top_lmb_bram_1                          |    1 |
| pfm_top_lmb_bram_0                          |    1 |
| pfm_top_jtag_fallback_0                     |    1 |
| pfm_top_irq_or_gate_userfirewall_0          |    1 |
| pfm_top_irq_or_gate_userdebug_firewall_0    |    1 |
| pfm_top_irq_or_gate_mgmtfirewall_0          |    1 |
| pfm_top_irq_or_gate_maxifirewall_0          |    1 |
| pfm_top_iob_static_0                        |    1 |
| pfm_top_invert_rst_0                        |    1 |
| pfm_top_invert_nearly_full_0                |    1 |
| pfm_top_invert_nearly_empty_0               |    1 |
| pfm_top_ilmb_v10_1                          |    1 |
| pfm_top_ilmb_v10_0                          |    1 |
| pfm_top_hbm_and_sdx_init_status_0           |    1 |
| pfm_top_gate_pr_inv_0                       |    1 |
| pfm_top_gate_pr_0                           |    1 |
| pfm_top_flash_programmer_0                  |    1 |
| pfm_top_fifo_generator_0_0                  |    1 |
| pfm_top_feature_rom_mmu_0                   |    1 |
| pfm_top_feature_rom_ctrl_0                  |    1 |
| pfm_top_feature_rom_0                       |    1 |
| pfm_top_embedded_scheduler_hw_0_0           |    1 |
| pfm_top_dma_pcie_0                          |    1 |
| pfm_top_dlmb_v10_1                          |    1 |
| pfm_top_dlmb_v10_0                          |    1 |
| pfm_top_cuisr_0_0                           |    1 |
| pfm_top_cq_bram_ctlr_0                      |    1 |
| pfm_top_clkwiz_sysclks_0                    |    1 |
| pfm_top_clkwiz_scheduler_0                  |    1 |
| pfm_top_clkwiz_pcie_0                       |    1 |
| pfm_top_clkwiz_kernel_0                     |    1 |
| pfm_top_clkwiz_kernel2_0                    |    1 |
| pfm_top_clkwiz_hbm_aclk_0                   |    1 |
| pfm_top_clk_wiz_0_0                         |    1 |
| pfm_top_buf_refclk_ibuf_0                   |    1 |
| pfm_top_board_i2c_ctrl_0                    |    1 |
| pfm_top_axis_register_slice_rq_0            |    1 |
| pfm_top_axis_register_slice_rc_0            |    1 |
| pfm_top_axis_register_slice_cq_0            |    1 |
| pfm_top_axis_register_slice_cc_0            |    1 |
| pfm_top_axi_vip_data_0                      |    1 |
| pfm_top_axi_vip_ctrl_userpf_0               |    1 |
| pfm_top_axi_vip_ctrl_mgntpf_0               |    1 |
| pfm_top_axi_uartlite_usb_0                  |    1 |
| pfm_top_axi_uartlite_0_0                    |    1 |
| pfm_top_axi_timebase_wdt_0                  |    1 |
| pfm_top_axi_register_slice_0_0              |    1 |
| pfm_top_axi_protocol_converter_0_0          |    1 |
| pfm_top_axi_mb_interrupts_0                 |    1 |
| pfm_top_axi_intc_0_1                        |    1 |
| pfm_top_axi_intc_0_0                        |    1 |
| pfm_top_axi_hwicap_0                        |    1 |
| pfm_top_axi_gpio_wdt_0                      |    1 |
| pfm_top_axi_gpio_qsfp_0                     |    1 |
| pfm_top_axi_gpio_mb_ctrl_0                  |    1 |
| pfm_top_axi_gpio_hbm_temp_0                 |    1 |
| pfm_top_axi_gpio_axi_rstn_0                 |    1 |
| pfm_top_axi_firewall_data_0                 |    1 |
| pfm_top_axi_firewall_ctrl_user_debug_0      |    1 |
| pfm_top_axi_firewall_ctrl_user_0            |    1 |
| pfm_top_axi_firewall_ctrl_0                 |    1 |
| pfm_top_axi_bypass_addr_0_0                 |    1 |
| pfm_top_axi_bram_ctrl_0_bram_0              |    1 |
| pfm_top_axi_bmc_gpio_0                      |    1 |
| pfm_top_auto_pc_9                           |    1 |
| pfm_top_auto_pc_8                           |    1 |
| pfm_top_auto_pc_7                           |    1 |
| pfm_top_auto_pc_6                           |    1 |
| pfm_top_auto_pc_5                           |    1 |
| pfm_top_auto_pc_4                           |    1 |
| pfm_top_auto_pc_3                           |    1 |
| pfm_top_auto_pc_2                           |    1 |
| pfm_top_auto_pc_12                          |    1 |
| pfm_top_auto_pc_11                          |    1 |
| pfm_top_auto_pc_10                          |    1 |
| pfm_top_auto_pc_1                           |    1 |
| pfm_top_auto_pc_0                           |    1 |
| pfm_top_auto_cc_9                           |    1 |
| pfm_top_auto_cc_8                           |    1 |
| pfm_top_auto_cc_7                           |    1 |
| pfm_top_auto_cc_6                           |    1 |
| pfm_top_auto_cc_5                           |    1 |
| pfm_top_auto_cc_4                           |    1 |
| pfm_top_auto_cc_3                           |    1 |
| pfm_top_auto_cc_24                          |    1 |
| pfm_top_auto_cc_23                          |    1 |
| pfm_top_auto_cc_22                          |    1 |
| pfm_top_auto_cc_21                          |    1 |
| pfm_top_auto_cc_20                          |    1 |
| pfm_top_auto_cc_2                           |    1 |
| pfm_top_auto_cc_19                          |    1 |
| pfm_top_auto_cc_18                          |    1 |
| pfm_top_auto_cc_17                          |    1 |
| pfm_top_auto_cc_16                          |    1 |
| pfm_top_auto_cc_15                          |    1 |
| pfm_top_auto_cc_14                          |    1 |
| pfm_top_auto_cc_13                          |    1 |
| pfm_top_auto_cc_12                          |    1 |
| pfm_top_auto_cc_11                          |    1 |
| pfm_top_auto_cc_10                          |    1 |
| pfm_top_auto_cc_1                           |    1 |
| pfm_top_auto_cc_0                           |    1 |
| pfm_top_Monitor_AXI_Master_p2p_0            |    1 |
| pfm_top_Monitor_AXI_Master_dma_pcie_0       |    1 |
| pfm_top_CuDmaController_0_0                 |    1 |
| pfm_dynamic_xdma_smartconnect_0             |    1 |
| pfm_dynamic_xbar_4                          |    1 |
| pfm_dynamic_xbar_3                          |    1 |
| pfm_dynamic_xbar_2                          |    1 |
| pfm_dynamic_util_and2_slr2_0                |    1 |
| pfm_dynamic_util_and2_slr1_0                |    1 |
| pfm_dynamic_util_and2_slr0_0                |    1 |
| pfm_dynamic_util_and2_hbm_ctrl_reset_0      |    1 |
| pfm_dynamic_util_and2_hbm_0                 |    1 |
| pfm_dynamic_sdx_mss_regslice_0              |    1 |
| pfm_dynamic_s00_regslice_17                 |    1 |
| pfm_dynamic_s00_regslice_16                 |    1 |
| pfm_dynamic_s00_regslice_15                 |    1 |
| pfm_dynamic_regslice_pipe_ctrl_mgntpf_0     |    1 |
| pfm_dynamic_regslice_pipe_ctrl_hbm_mgntpf_0 |    1 |
| pfm_dynamic_psreset_gate_pr_kernel_2        |    1 |
| pfm_dynamic_psreset_gate_pr_kernel_1        |    1 |
| pfm_dynamic_psreset_gate_pr_kernel_0        |    1 |
| pfm_dynamic_psreset_gate_pr_kernel2_2       |    1 |
| pfm_dynamic_psreset_gate_pr_kernel2_1       |    1 |
| pfm_dynamic_psreset_gate_pr_kernel2_0       |    1 |
| pfm_dynamic_psreset_gate_pr_ddr_0           |    1 |
| pfm_dynamic_psreset_gate_pr_dataclk_2       |    1 |
| pfm_dynamic_psreset_gate_pr_dataclk_1       |    1 |
| pfm_dynamic_psreset_gate_pr_dataclk_0       |    1 |
| pfm_dynamic_psreset_gate_pr_data_2          |    1 |
| pfm_dynamic_psreset_gate_pr_data_1          |    1 |
| pfm_dynamic_psreset_gate_pr_data_0          |    1 |
| pfm_dynamic_psreset_gate_pr_control_2       |    1 |
| pfm_dynamic_psreset_gate_pr_control_1       |    1 |
| pfm_dynamic_psreset_gate_pr_control_0       |    1 |
| pfm_dynamic_overlay_1_0                     |    1 |
| pfm_dynamic_memory_subsystem_0              |    1 |
| pfm_dynamic_m02_regslice_0                  |    1 |
| pfm_dynamic_m01_regslice_12                 |    1 |
| pfm_dynamic_m01_regslice_11                 |    1 |
| pfm_dynamic_m01_regslice_10                 |    1 |
| pfm_dynamic_m00_regslice_4                  |    1 |
| pfm_dynamic_m00_regslice_3                  |    1 |
| pfm_dynamic_logic_reset_op_1                |    1 |
| pfm_dynamic_logic_reset_op_0                |    1 |
| pfm_dynamic_init_combine_mss_0              |    1 |
| pfm_dynamic_init_cal_combine_mss_0          |    1 |
| pfm_dynamic_hmss_0_0                        |    1 |
| pfm_dynamic_freq_counter_1_0                |    1 |
| pfm_dynamic_freq_counter_0_0                |    1 |
| pfm_dynamic_debug_bridge_xsdbm_0            |    1 |
| pfm_dynamic_axilite_user_input_reg_0        |    1 |
| pfm_dynamic_axi_vip_data_0                  |    1 |
| pfm_dynamic_axi_vip_ctrl_userpf_0           |    1 |
| pfm_dynamic_axi_vip_ctrl_mgntpf_0           |    1 |
| pfm_dynamic_axi_vip_ctrl_hbm_mgntpf_0       |    1 |
| pfm_dynamic_axi_gpio_null_slr2_0            |    1 |
| pfm_dynamic_axi_gpio_null_slr1_0            |    1 |
| pfm_dynamic_axi_gpio_null_slr0_0            |    1 |
| pfm_dynamic_axi_cdc_xdma_0                  |    1 |
| pfm_dynamic_auto_cc_1                       |    1 |
| pfm_dynamic_auto_cc_0                       |    1 |
| pfm_dynamic                                 |    1 |
| bd_ebbe_lut_buffer_0                        |    1 |
| bd_d216_vip_ui_rst_DDR4_MEM00_0             |    1 |
| bd_d216_vip_ui_clk_DDR4_MEM00_0             |    1 |
| bd_d216_vip_ctrl_DDR4_MEM00_0               |    1 |
| bd_d216_vip_S03_AXI_0                       |    1 |
| bd_d216_vip_S02_AXI_0                       |    1 |
| bd_d216_vip_S01_AXI_0                       |    1 |
| bd_d216_vip_S00_AXI_0                       |    1 |
| bd_d216_vip_DDR4_MEM00_0                    |    1 |
| bd_d216_psr_ddr4_mem00_0                    |    1 |
| bd_d216_psr_ctrl_interconnect_0             |    1 |
| bd_d216_psr_aclk_SLR1_0                     |    1 |
| bd_d216_psr_aclk_SLR0_0                     |    1 |
| bd_d216_interconnect_ddrmem_ctrl_0          |    1 |
| bd_d216_interconnect_DDR4_MEM00_0           |    1 |
| bd_d216_ddr4_mem00_memory_init_0            |    1 |
| bd_d216_ddr4_mem00_ctrl_cc_0                |    1 |
| bd_d216_ddr4_mem00_0                        |    1 |
| bd_d216_calib_reduce_0                      |    1 |
| bd_5dca_vip_S11_0                           |    1 |
| bd_5dca_vip_S10_0                           |    1 |
| bd_5dca_vip_S09_0                           |    1 |
| bd_5dca_vip_S08_0                           |    1 |
| bd_5dca_vip_S07_0                           |    1 |
| bd_5dca_vip_S06_0                           |    1 |
| bd_5dca_vip_S05_0                           |    1 |
| bd_5dca_vip_S04_0                           |    1 |
| bd_5dca_vip_S03_0                           |    1 |
| bd_5dca_vip_S02_0                           |    1 |
| bd_5dca_vip_S01_0                           |    1 |
| bd_5dca_vip_S00_0                           |    1 |
| bd_5dca_util_vector_logic_0                 |    1 |
| bd_5dca_slice9_20_0                         |    1 |
| bd_5dca_slice8_23_0                         |    1 |
| bd_5dca_slice7_21_0                         |    1 |
| bd_5dca_slice6_18_0                         |    1 |
| bd_5dca_slice5_16_0                         |    1 |
| bd_5dca_slice4_3_0                          |    1 |
| bd_5dca_slice3_2_0                          |    1 |
| bd_5dca_slice2_1_0                          |    1 |
| bd_5dca_slice1_0_0                          |    1 |
| bd_5dca_slice11_24_0                        |    1 |
| bd_5dca_slice10_22_0                        |    1 |
| bd_5dca_slice0_26_0                         |    1 |
| bd_5dca_interconnect9_20_0                  |    1 |
| bd_5dca_interconnect8_23_0                  |    1 |
| bd_5dca_interconnect7_21_0                  |    1 |
| bd_5dca_interconnect6_18_0                  |    1 |
| bd_5dca_interconnect5_16_0                  |    1 |
| bd_5dca_interconnect4_3_0                   |    1 |
| bd_5dca_interconnect3_2_0                   |    1 |
| bd_5dca_interconnect2_1_0                   |    1 |
| bd_5dca_interconnect1_0_0                   |    1 |
| bd_5dca_interconnect11_24_0                 |    1 |
| bd_5dca_interconnect10_22_0                 |    1 |
| bd_5dca_interconnect0_26_0                  |    1 |
| bd_5dca_init_reduce_0                       |    1 |
| bd_5dca_hbm_reset_sync_SLR2_0               |    1 |
| bd_5dca_hbm_reset_sync_SLR0_0               |    1 |
| bd_5dca_hbm_inst_0                          |    1 |
| bd_5dca_axi_apb_bridge_inst_0               |    1 |
| bd_4042_bs_switch_0                         |    1 |
| bd_3566_bsip_0                              |    1 |
| bd_3566_bs_switch_1_0                       |    1 |
| bd_3566_axi_jtag_0                          |    1 |
| bd_2e71_xsdbm_0                             |    1 |
| bd_2e71_lut_buffer_0                        |    1 |
| bd_2e71_bs_switch_0                         |    1 |
| bd_256f_lut_buffer_0                        |    1 |
| bd_256f_bs_switch_0                         |    1 |
| bd_0301_bsip_0                              |    1 |
| bd_0301_bs_switch_2                         |    1 |
| bd_0301_bs_switch_1_0                       |    1 |
| bd_0301_bs_mux_0                            |    1 |
| bd_0301_axi_jtag_0                          |    1 |
+---------------------------------------------+------+


11. SLR Connectivity
--------------------

+----------------------------------+------+-------+-----------+-------+
|                                  | Used | Fixed | Available | Util% |
+----------------------------------+------+-------+-----------+-------+
| SLR2 <-> SLR1                    | 3000 |       |     23040 | 13.02 |
|   SLR1 -> SLR2                   | 1681 |       |           |  7.30 |
|     Using TX_REG only            |    1 |     1 |           |       |
|     Using RX_REG only            |   18 |    18 |           |       |
|     Using Both TX_REG and RX_REG |    1 |     1 |           |       |
|   SLR2 -> SLR1                   | 1319 |       |           |  5.72 |
|     Using TX_REG only            |    0 |     0 |           |       |
|     Using RX_REG only            |    4 |     4 |           |       |
|     Using Both TX_REG and RX_REG |    0 |     0 |           |       |
| SLR1 <-> SLR0                    | 1658 |       |     23040 |  7.20 |
|   SLR0 -> SLR1                   |  782 |       |           |  3.39 |
|     Using TX_REG only            |   71 |    71 |           |       |
|     Using RX_REG only            |   61 |    61 |           |       |
|     Using Both TX_REG and RX_REG |   55 |    55 |           |       |
|   SLR1 -> SLR0                   |  876 |       |           |  3.80 |
|     Using TX_REG only            |   62 |    62 |           |       |
|     Using RX_REG only            |   71 |    71 |           |       |
|     Using Both TX_REG and RX_REG |   60 |    60 |           |       |
+----------------------------------+------+-------+-----------+-------+
| Total SLLs Used                  | 4658 |       |           |       |
+----------------------------------+------+-------+-----------+-------+


12. SLR Connectivity Matrix
---------------------------

+-----------+------+------+------+
| FROM \ TO | SLR2 | SLR1 | SLR0 |
+-----------+------+------+------+
| SLR2      |    0 | 1185 |  134 |
| SLR1      | 1585 |    0 |  742 |
| SLR0      |   96 |  686 |    0 |
+-----------+------+------+------+


13. SLR CLB Logic and Dedicated Block Utilization
-------------------------------------------------

+----------------------------+-------+-------+-------+--------+--------+--------+
|          Site Type         |  SLR0 |  SLR1 |  SLR2 | SLR0 % | SLR1 % | SLR2 % |
+----------------------------+-------+-------+-------+--------+--------+--------+
| CLB                        |     0 |     0 |     0 |   0.00 |   0.00 |   0.00 |
|   CLBL                     |  1971 |  5982 |  4228 |   6.73 |  20.43 |  14.44 |
|   CLBM                     |   311 |   489 |   232 |   1.21 |   1.98 |   0.94 |
| CLB LUTs                   | 18253 | 51761 | 35669 |   4.15 |  11.98 |   8.26 |
|   LUT as Logic             | 15767 | 47851 | 33818 |   3.59 |  11.08 |   7.83 |
|   LUT as Memory            |  2486 |  3910 |  1851 |   1.21 |   1.98 |   0.94 |
|     LUT as Distributed RAM |   672 |  3891 |  1000 |   0.33 |   1.97 |   0.51 |
|     LUT as Shift Register  |  1814 |    19 |   851 |   0.88 |  <0.01 |   0.43 |
| CLB Registers              | 33580 | 42691 | 52475 |   3.82 |   4.94 |   6.07 |
| CARRY8                     |   321 |   473 |   275 |   0.58 |   0.88 |   0.51 |
| F7 Muxes                   |    51 |   651 |   793 |   0.02 |   0.30 |   0.37 |
| F8 Muxes                   |    16 |   141 |    47 |   0.01 |   0.13 |   0.04 |
| F9 Muxes                   |     0 |     0 |     0 |   0.00 |   0.00 |   0.00 |
| Block RAM Tile             |  25.5 |  80.5 |    94 |   3.79 |  11.98 |  13.99 |
|   RAMB36/FIFO              |    24 |    80 |    92 |   3.57 |  11.90 |  13.69 |
|     RAMB36E2 only          |    24 |    80 |    92 |   3.57 |  11.90 |  13.69 |
|   RAMB18                   |     3 |     1 |     4 |   0.22 |   0.07 |   0.30 |
|     RAMB18E2 only          |     3 |     1 |     4 |   0.22 |   0.07 |   0.30 |
| URAM                       |     0 |     0 |     0 |   0.00 |   0.00 |   0.00 |
| DSPs                       |     0 |     0 |     4 |   0.00 |   0.00 |   0.13 |
| Unique Control Sets        |  1269 |  1440 |  2529 |   1.15 |   1.33 |   2.34 |
+----------------------------+-------+-------+-------+--------+--------+--------+
* Note: Available Control Sets based on CLB Registers / 8


14. SLR IO Utilization
----------------------

+-----------+-----------+---------+------------+----------+------------+----------+-----+
| SLR Index | Used IOBs | (%)IOBs | Used IPADs | (%)IPADs | Used OPADs | (%)OPADs | GTs |
+-----------+-----------+---------+------------+----------+------------+----------+-----+
| SLR2      |        18 |    8.65 |          0 |     0.00 |          0 |     0.00 |   0 |
| SLR1      |         0 |    0.00 |          0 |     0.00 |          0 |     0.00 |   0 |
| SLR0      |       140 |   67.31 |          0 |     0.00 |          0 |     0.00 |  16 |
+-----------+-----------+---------+------------+----------+------------+----------+-----+
| Total     |       158 |         |          0 |          |          0 |          |  16 |
+-----------+-----------+---------+------------+----------+------------+----------+-----+


