INFO: [v++ 60-1306] Additional information associated with this v++ link can be found at:
	Reports: /home/ziyuanwang/hbm/Vitis_Accel_Examples/performance/hbm_bandwidth_pseudo_random/_x_8core_randomports_8.hw.xilinx_u280_xdma_201920_3/reports/link
	Log files: /home/ziyuanwang/hbm/Vitis_Accel_Examples/performance/hbm_bandwidth_pseudo_random/_x_8core_randomports_8.hw.xilinx_u280_xdma_201920_3/logs/link
INFO: [v++ 60-1548] Creating build summary session with primary output /home/ziyuanwang/hbm/Vitis_Accel_Examples/performance/hbm_bandwidth_pseudo_random/build_dir_8core_randomports_8.hw.xilinx_u280_xdma_201920_3/krnl_vaddmul.link.xclbin.link_summary, at Sat Oct 19 14:00:34 2024
INFO: [v++ 60-1316] Initiating connection to rulecheck server, at Sat Oct 19 14:00:34 2024
INFO: [v++ 60-1315] Creating rulecheck session with output '/home/ziyuanwang/hbm/Vitis_Accel_Examples/performance/hbm_bandwidth_pseudo_random/_x_8core_randomports_8.hw.xilinx_u280_xdma_201920_3/reports/link/v++_link_krnl_vaddmul.link_guidance.html', at Sat Oct 19 14:00:37 2024
INFO: [v++ 60-895]   Target platform: /opt/xilinx/platforms/xilinx_u280_xdma_201920_3/xilinx_u280_xdma_201920_3.xpfm
INFO: [v++ 60-1578]   This platform contains Xilinx Shell Archive '/opt/xilinx/platforms/xilinx_u280_xdma_201920_3/hw/xilinx_u280_xdma_201920_3.xsa'
INFO: [v++ 74-78] Compiler Version string: 2021.2
INFO: [v++ 60-1302] Platform 'xilinx_u280_xdma_201920_3.xpfm' has been explicitly enabled for this release.
INFO: [v++ 60-629] Linking for hardware target
INFO: [v++ 60-423]   Target device: xilinx_u280_xdma_201920_3
INFO: [v++ 60-1332] Run 'run_link' status: Not started
INFO: [v++ 60-1443] [14:00:51] Run run_link: Step system_link: Started
INFO: [v++ 60-1453] Command Line: system_link --xo /home/ziyuanwang/hbm/Vitis_Accel_Examples/performance/hbm_bandwidth_pseudo_random/_x_8core_randomports_8.hw.xilinx_u280_xdma_201920_3/krnl_vaddmul.xo -keep --config /home/ziyuanwang/hbm/Vitis_Accel_Examples/performance/hbm_bandwidth_pseudo_random/_x_8core_randomports_8.hw.xilinx_u280_xdma_201920_3/link/int/syslinkConfig.ini --xpfm /opt/xilinx/platforms/xilinx_u280_xdma_201920_3/xilinx_u280_xdma_201920_3.xpfm --target hw --output_dir /home/ziyuanwang/hbm/Vitis_Accel_Examples/performance/hbm_bandwidth_pseudo_random/_x_8core_randomports_8.hw.xilinx_u280_xdma_201920_3/link/int --temp_dir /home/ziyuanwang/hbm/Vitis_Accel_Examples/performance/hbm_bandwidth_pseudo_random/_x_8core_randomports_8.hw.xilinx_u280_xdma_201920_3/link/sys_link
INFO: [v++ 60-1454] Run Directory: /home/ziyuanwang/hbm/Vitis_Accel_Examples/performance/hbm_bandwidth_pseudo_random/_x_8core_randomports_8.hw.xilinx_u280_xdma_201920_3/link/run_link
INFO: [SYSTEM_LINK 60-1316] Initiating connection to rulecheck server, at Sat Oct 19 14:00:55 2024
INFO: [SYSTEM_LINK 82-70] Extracting xo v3 file /home/ziyuanwang/hbm/Vitis_Accel_Examples/performance/hbm_bandwidth_pseudo_random/_x_8core_randomports_8.hw.xilinx_u280_xdma_201920_3/krnl_vaddmul.xo
INFO: [SYSTEM_LINK 82-53] Creating IP database /home/ziyuanwang/hbm/Vitis_Accel_Examples/performance/hbm_bandwidth_pseudo_random/_x_8core_randomports_8.hw.xilinx_u280_xdma_201920_3/link/sys_link/_sysl/.cdb/xd_ip_db.xml
INFO: [SYSTEM_LINK 82-38] [14:01:07] build_xd_ip_db started: /tools/Xilinx/Vitis/2021.2/bin/build_xd_ip_db -ip_search 0  -sds-pf /home/ziyuanwang/hbm/Vitis_Accel_Examples/performance/hbm_bandwidth_pseudo_random/_x_8core_randomports_8.hw.xilinx_u280_xdma_201920_3/link/sys_link/xilinx_u280_xdma_201920_3.hpfm -clkid 0 -ip /home/ziyuanwang/hbm/Vitis_Accel_Examples/performance/hbm_bandwidth_pseudo_random/_x_8core_randomports_8.hw.xilinx_u280_xdma_201920_3/link/sys_link/iprepo/xilinx_com_hls_krnl_vaddmul_1_0,krnl_vaddmul -o /home/ziyuanwang/hbm/Vitis_Accel_Examples/performance/hbm_bandwidth_pseudo_random/_x_8core_randomports_8.hw.xilinx_u280_xdma_201920_3/link/sys_link/_sysl/.cdb/xd_ip_db.xml
INFO: [SYSTEM_LINK 82-37] [14:01:15] build_xd_ip_db finished successfully
Time (s): cpu = 00:00:04 ; elapsed = 00:00:07 . Memory (MB): peak = 2167.246 ; gain = 0.000 ; free physical = 237105 ; free virtual = 505494
INFO: [SYSTEM_LINK 82-51] Create system connectivity graph
INFO: [SYSTEM_LINK 82-102] Applying explicit connections to the system connectivity graph: /home/ziyuanwang/hbm/Vitis_Accel_Examples/performance/hbm_bandwidth_pseudo_random/_x_8core_randomports_8.hw.xilinx_u280_xdma_201920_3/link/sys_link/cfgraph/cfgen_cfgraph.xml
INFO: [SYSTEM_LINK 82-38] [14:01:15] cfgen started: /tools/Xilinx/Vitis/2021.2/bin/cfgen  -nk krnl_vaddmul:8 -sp krnl_vaddmul_1.in1:HBM[0] -sp krnl_vaddmul_1.in2:HBM[1] -sp krnl_vaddmul_1.out_add:HBM[2] -sp krnl_vaddmul_1.out_mul:HBM[3] -sp krnl_vaddmul_2.in1:HBM[28] -sp krnl_vaddmul_2.in2:HBM[29] -sp krnl_vaddmul_2.out_add:HBM[30] -sp krnl_vaddmul_2.out_mul:HBM[31] -sp krnl_vaddmul_3.in1:HBM[24] -sp krnl_vaddmul_3.in2:HBM[25] -sp krnl_vaddmul_3.out_add:HBM[26] -sp krnl_vaddmul_3.out_mul:HBM[27] -sp krnl_vaddmul_4.in1:HBM[20] -sp krnl_vaddmul_4.in2:HBM[21] -sp krnl_vaddmul_4.out_add:HBM[22] -sp krnl_vaddmul_4.out_mul:HBM[23] -sp krnl_vaddmul_5.in1:HBM[16] -sp krnl_vaddmul_5.in2:HBM[17] -sp krnl_vaddmul_5.out_add:HBM[18] -sp krnl_vaddmul_5.out_mul:HBM[19] -sp krnl_vaddmul_6.in1:HBM[12] -sp krnl_vaddmul_6.in2:HBM[13] -sp krnl_vaddmul_6.out_add:HBM[14] -sp krnl_vaddmul_6.out_mul:HBM[15] -sp krnl_vaddmul_7.in1:HBM[8] -sp krnl_vaddmul_7.in2:HBM[9] -sp krnl_vaddmul_7.out_add:HBM[10] -sp krnl_vaddmul_7.out_mul:HBM[11] -sp krnl_vaddmul_8.in1:HBM[4] -sp krnl_vaddmul_8.in2:HBM[5] -sp krnl_vaddmul_8.out_add:HBM[6] -sp krnl_vaddmul_8.out_mul:HBM[7] -dmclkid 0 -r /home/ziyuanwang/hbm/Vitis_Accel_Examples/performance/hbm_bandwidth_pseudo_random/_x_8core_randomports_8.hw.xilinx_u280_xdma_201920_3/link/sys_link/_sysl/.cdb/xd_ip_db.xml -o /home/ziyuanwang/hbm/Vitis_Accel_Examples/performance/hbm_bandwidth_pseudo_random/_x_8core_randomports_8.hw.xilinx_u280_xdma_201920_3/link/sys_link/cfgraph/cfgen_cfgraph.xml
INFO: [CFGEN 83-0] Kernel Specs: 
INFO: [CFGEN 83-0]   kernel: krnl_vaddmul, num: 8  {krnl_vaddmul_1 krnl_vaddmul_2 krnl_vaddmul_3 krnl_vaddmul_4 krnl_vaddmul_5 krnl_vaddmul_6 krnl_vaddmul_7 krnl_vaddmul_8}
INFO: [CFGEN 83-0] Port Specs: 
INFO: [CFGEN 83-0]   kernel: krnl_vaddmul_1, k_port: in1, sptag: HBM[0]
INFO: [CFGEN 83-0]   kernel: krnl_vaddmul_1, k_port: in2, sptag: HBM[1]
INFO: [CFGEN 83-0]   kernel: krnl_vaddmul_1, k_port: out_add, sptag: HBM[2]
INFO: [CFGEN 83-0]   kernel: krnl_vaddmul_1, k_port: out_mul, sptag: HBM[3]
INFO: [CFGEN 83-0]   kernel: krnl_vaddmul_2, k_port: in1, sptag: HBM[28]
INFO: [CFGEN 83-0]   kernel: krnl_vaddmul_2, k_port: in2, sptag: HBM[29]
INFO: [CFGEN 83-0]   kernel: krnl_vaddmul_2, k_port: out_add, sptag: HBM[30]
INFO: [CFGEN 83-0]   kernel: krnl_vaddmul_2, k_port: out_mul, sptag: HBM[31]
INFO: [CFGEN 83-0]   kernel: krnl_vaddmul_3, k_port: in1, sptag: HBM[24]
INFO: [CFGEN 83-0]   kernel: krnl_vaddmul_3, k_port: in2, sptag: HBM[25]
INFO: [CFGEN 83-0]   kernel: krnl_vaddmul_3, k_port: out_add, sptag: HBM[26]
INFO: [CFGEN 83-0]   kernel: krnl_vaddmul_3, k_port: out_mul, sptag: HBM[27]
INFO: [CFGEN 83-0]   kernel: krnl_vaddmul_4, k_port: in1, sptag: HBM[20]
INFO: [CFGEN 83-0]   kernel: krnl_vaddmul_4, k_port: in2, sptag: HBM[21]
INFO: [CFGEN 83-0]   kernel: krnl_vaddmul_4, k_port: out_add, sptag: HBM[22]
INFO: [CFGEN 83-0]   kernel: krnl_vaddmul_4, k_port: out_mul, sptag: HBM[23]
INFO: [CFGEN 83-0]   kernel: krnl_vaddmul_5, k_port: in1, sptag: HBM[16]
INFO: [CFGEN 83-0]   kernel: krnl_vaddmul_5, k_port: in2, sptag: HBM[17]
INFO: [CFGEN 83-0]   kernel: krnl_vaddmul_5, k_port: out_add, sptag: HBM[18]
INFO: [CFGEN 83-0]   kernel: krnl_vaddmul_5, k_port: out_mul, sptag: HBM[19]
INFO: [CFGEN 83-0]   kernel: krnl_vaddmul_6, k_port: in1, sptag: HBM[12]
INFO: [CFGEN 83-0]   kernel: krnl_vaddmul_6, k_port: in2, sptag: HBM[13]
INFO: [CFGEN 83-0]   kernel: krnl_vaddmul_6, k_port: out_add, sptag: HBM[14]
INFO: [CFGEN 83-0]   kernel: krnl_vaddmul_6, k_port: out_mul, sptag: HBM[15]
INFO: [CFGEN 83-0]   kernel: krnl_vaddmul_7, k_port: in1, sptag: HBM[8]
INFO: [CFGEN 83-0]   kernel: krnl_vaddmul_7, k_port: in2, sptag: HBM[9]
INFO: [CFGEN 83-0]   kernel: krnl_vaddmul_7, k_port: out_add, sptag: HBM[10]
INFO: [CFGEN 83-0]   kernel: krnl_vaddmul_7, k_port: out_mul, sptag: HBM[11]
INFO: [CFGEN 83-0]   kernel: krnl_vaddmul_8, k_port: in1, sptag: HBM[4]
INFO: [CFGEN 83-0]   kernel: krnl_vaddmul_8, k_port: in2, sptag: HBM[5]
INFO: [CFGEN 83-0]   kernel: krnl_vaddmul_8, k_port: out_add, sptag: HBM[6]
INFO: [CFGEN 83-0]   kernel: krnl_vaddmul_8, k_port: out_mul, sptag: HBM[7]
INFO: [CFGEN 83-2228] Creating mapping for argument krnl_vaddmul_1.in1 to HBM[0] for directive krnl_vaddmul_1.in1:HBM[0]
INFO: [CFGEN 83-2228] Creating mapping for argument krnl_vaddmul_1.in2 to HBM[1] for directive krnl_vaddmul_1.in2:HBM[1]
INFO: [CFGEN 83-2228] Creating mapping for argument krnl_vaddmul_1.out_add to HBM[2] for directive krnl_vaddmul_1.out_add:HBM[2]
INFO: [CFGEN 83-2228] Creating mapping for argument krnl_vaddmul_1.out_mul to HBM[3] for directive krnl_vaddmul_1.out_mul:HBM[3]
INFO: [CFGEN 83-2228] Creating mapping for argument krnl_vaddmul_2.in1 to HBM[28] for directive krnl_vaddmul_2.in1:HBM[28]
INFO: [CFGEN 83-2228] Creating mapping for argument krnl_vaddmul_2.in2 to HBM[29] for directive krnl_vaddmul_2.in2:HBM[29]
INFO: [CFGEN 83-2228] Creating mapping for argument krnl_vaddmul_2.out_add to HBM[30] for directive krnl_vaddmul_2.out_add:HBM[30]
INFO: [CFGEN 83-2228] Creating mapping for argument krnl_vaddmul_2.out_mul to HBM[31] for directive krnl_vaddmul_2.out_mul:HBM[31]
INFO: [CFGEN 83-2228] Creating mapping for argument krnl_vaddmul_3.in1 to HBM[24] for directive krnl_vaddmul_3.in1:HBM[24]
INFO: [CFGEN 83-2228] Creating mapping for argument krnl_vaddmul_3.in2 to HBM[25] for directive krnl_vaddmul_3.in2:HBM[25]
INFO: [CFGEN 83-2228] Creating mapping for argument krnl_vaddmul_3.out_add to HBM[26] for directive krnl_vaddmul_3.out_add:HBM[26]
INFO: [CFGEN 83-2228] Creating mapping for argument krnl_vaddmul_3.out_mul to HBM[27] for directive krnl_vaddmul_3.out_mul:HBM[27]
INFO: [CFGEN 83-2228] Creating mapping for argument krnl_vaddmul_4.in1 to HBM[20] for directive krnl_vaddmul_4.in1:HBM[20]
INFO: [CFGEN 83-2228] Creating mapping for argument krnl_vaddmul_4.in2 to HBM[21] for directive krnl_vaddmul_4.in2:HBM[21]
INFO: [CFGEN 83-2228] Creating mapping for argument krnl_vaddmul_4.out_add to HBM[22] for directive krnl_vaddmul_4.out_add:HBM[22]
INFO: [CFGEN 83-2228] Creating mapping for argument krnl_vaddmul_4.out_mul to HBM[23] for directive krnl_vaddmul_4.out_mul:HBM[23]
INFO: [CFGEN 83-2228] Creating mapping for argument krnl_vaddmul_5.in1 to HBM[16] for directive krnl_vaddmul_5.in1:HBM[16]
INFO: [CFGEN 83-2228] Creating mapping for argument krnl_vaddmul_5.in2 to HBM[17] for directive krnl_vaddmul_5.in2:HBM[17]
INFO: [CFGEN 83-2228] Creating mapping for argument krnl_vaddmul_5.out_add to HBM[18] for directive krnl_vaddmul_5.out_add:HBM[18]
INFO: [CFGEN 83-2228] Creating mapping for argument krnl_vaddmul_5.out_mul to HBM[19] for directive krnl_vaddmul_5.out_mul:HBM[19]
INFO: [CFGEN 83-2228] Creating mapping for argument krnl_vaddmul_6.in1 to HBM[12] for directive krnl_vaddmul_6.in1:HBM[12]
INFO: [CFGEN 83-2228] Creating mapping for argument krnl_vaddmul_6.in2 to HBM[13] for directive krnl_vaddmul_6.in2:HBM[13]
INFO: [CFGEN 83-2228] Creating mapping for argument krnl_vaddmul_6.out_add to HBM[14] for directive krnl_vaddmul_6.out_add:HBM[14]
INFO: [CFGEN 83-2228] Creating mapping for argument krnl_vaddmul_6.out_mul to HBM[15] for directive krnl_vaddmul_6.out_mul:HBM[15]
INFO: [CFGEN 83-2228] Creating mapping for argument krnl_vaddmul_7.in1 to HBM[8] for directive krnl_vaddmul_7.in1:HBM[8]
INFO: [CFGEN 83-2228] Creating mapping for argument krnl_vaddmul_7.in2 to HBM[9] for directive krnl_vaddmul_7.in2:HBM[9]
INFO: [CFGEN 83-2228] Creating mapping for argument krnl_vaddmul_7.out_add to HBM[10] for directive krnl_vaddmul_7.out_add:HBM[10]
INFO: [CFGEN 83-2228] Creating mapping for argument krnl_vaddmul_7.out_mul to HBM[11] for directive krnl_vaddmul_7.out_mul:HBM[11]
INFO: [CFGEN 83-2228] Creating mapping for argument krnl_vaddmul_8.in1 to HBM[4] for directive krnl_vaddmul_8.in1:HBM[4]
INFO: [CFGEN 83-2228] Creating mapping for argument krnl_vaddmul_8.in2 to HBM[5] for directive krnl_vaddmul_8.in2:HBM[5]
INFO: [CFGEN 83-2228] Creating mapping for argument krnl_vaddmul_8.out_add to HBM[6] for directive krnl_vaddmul_8.out_add:HBM[6]
INFO: [CFGEN 83-2228] Creating mapping for argument krnl_vaddmul_8.out_mul to HBM[7] for directive krnl_vaddmul_8.out_mul:HBM[7]
INFO: [SYSTEM_LINK 82-37] [14:01:22] cfgen finished successfully
Time (s): cpu = 00:00:07 ; elapsed = 00:00:08 . Memory (MB): peak = 2167.246 ; gain = 0.000 ; free physical = 237109 ; free virtual = 505499
INFO: [SYSTEM_LINK 82-52] Create top-level block diagram
INFO: [SYSTEM_LINK 82-38] [14:01:22] cf2bd started: /tools/Xilinx/Vitis/2021.2/bin/cf2bd  --linux --trace_buffer 1024 --input_file /home/ziyuanwang/hbm/Vitis_Accel_Examples/performance/hbm_bandwidth_pseudo_random/_x_8core_randomports_8.hw.xilinx_u280_xdma_201920_3/link/sys_link/cfgraph/cfgen_cfgraph.xml --ip_db /home/ziyuanwang/hbm/Vitis_Accel_Examples/performance/hbm_bandwidth_pseudo_random/_x_8core_randomports_8.hw.xilinx_u280_xdma_201920_3/link/sys_link/_sysl/.cdb/xd_ip_db.xml --cf_name dr --working_dir /home/ziyuanwang/hbm/Vitis_Accel_Examples/performance/hbm_bandwidth_pseudo_random/_x_8core_randomports_8.hw.xilinx_u280_xdma_201920_3/link/sys_link/_sysl/.xsd --temp_dir /home/ziyuanwang/hbm/Vitis_Accel_Examples/performance/hbm_bandwidth_pseudo_random/_x_8core_randomports_8.hw.xilinx_u280_xdma_201920_3/link/sys_link --output_dir /home/ziyuanwang/hbm/Vitis_Accel_Examples/performance/hbm_bandwidth_pseudo_random/_x_8core_randomports_8.hw.xilinx_u280_xdma_201920_3/link/int --target_bd pfm_dynamic.bd
INFO: [CF2BD 82-31] Launching cf2xd: cf2xd -linux -trace-buffer 1024 -i /home/ziyuanwang/hbm/Vitis_Accel_Examples/performance/hbm_bandwidth_pseudo_random/_x_8core_randomports_8.hw.xilinx_u280_xdma_201920_3/link/sys_link/cfgraph/cfgen_cfgraph.xml -r /home/ziyuanwang/hbm/Vitis_Accel_Examples/performance/hbm_bandwidth_pseudo_random/_x_8core_randomports_8.hw.xilinx_u280_xdma_201920_3/link/sys_link/_sysl/.cdb/xd_ip_db.xml -o dr.xml
INFO: [CF2BD 82-28] cf2xd finished successfully
INFO: [CF2BD 82-31] Launching cf_xsd: cf_xsd -disable-address-gen -bd pfm_dynamic.bd -dn dr -dp /home/ziyuanwang/hbm/Vitis_Accel_Examples/performance/hbm_bandwidth_pseudo_random/_x_8core_randomports_8.hw.xilinx_u280_xdma_201920_3/link/sys_link/_sysl/.xsd
INFO: [CF2BD 82-28] cf_xsd finished successfully
INFO: [SYSTEM_LINK 82-37] [14:01:29] cf2bd finished successfully
Time (s): cpu = 00:00:06 ; elapsed = 00:00:07 . Memory (MB): peak = 2167.246 ; gain = 0.000 ; free physical = 237101 ; free virtual = 505495
INFO: [v++ 60-1441] [14:01:29] Run run_link: Step system_link: Completed
Time (s): cpu = 00:00:21 ; elapsed = 00:00:38 . Memory (MB): peak = 2062.203 ; gain = 0.000 ; free physical = 237144 ; free virtual = 505539
INFO: [v++ 60-1443] [14:01:29] Run run_link: Step cf2sw: Started
INFO: [v++ 60-1453] Command Line: cf2sw -sdsl /home/ziyuanwang/hbm/Vitis_Accel_Examples/performance/hbm_bandwidth_pseudo_random/_x_8core_randomports_8.hw.xilinx_u280_xdma_201920_3/link/int/sdsl.dat -rtd /home/ziyuanwang/hbm/Vitis_Accel_Examples/performance/hbm_bandwidth_pseudo_random/_x_8core_randomports_8.hw.xilinx_u280_xdma_201920_3/link/int/cf2sw.rtd -nofilter /home/ziyuanwang/hbm/Vitis_Accel_Examples/performance/hbm_bandwidth_pseudo_random/_x_8core_randomports_8.hw.xilinx_u280_xdma_201920_3/link/int/cf2sw_full.rtd -xclbin /home/ziyuanwang/hbm/Vitis_Accel_Examples/performance/hbm_bandwidth_pseudo_random/_x_8core_randomports_8.hw.xilinx_u280_xdma_201920_3/link/int/xclbin_orig.xml -o /home/ziyuanwang/hbm/Vitis_Accel_Examples/performance/hbm_bandwidth_pseudo_random/_x_8core_randomports_8.hw.xilinx_u280_xdma_201920_3/link/int/xclbin_orig.1.xml
INFO: [v++ 60-1454] Run Directory: /home/ziyuanwang/hbm/Vitis_Accel_Examples/performance/hbm_bandwidth_pseudo_random/_x_8core_randomports_8.hw.xilinx_u280_xdma_201920_3/link/run_link
INFO: [v++ 60-1441] [14:01:38] Run run_link: Step cf2sw: Completed
Time (s): cpu = 00:00:08 ; elapsed = 00:00:09 . Memory (MB): peak = 2062.203 ; gain = 0.000 ; free physical = 237146 ; free virtual = 505542
INFO: [v++ 60-1443] [14:01:38] Run run_link: Step rtd2_system_diagram: Started
INFO: [v++ 60-1453] Command Line: rtd2SystemDiagram
INFO: [v++ 60-1454] Run Directory: /home/ziyuanwang/hbm/Vitis_Accel_Examples/performance/hbm_bandwidth_pseudo_random/_x_8core_randomports_8.hw.xilinx_u280_xdma_201920_3/link/run_link
INFO: [v++ 60-1441] [14:01:39] Run run_link: Step rtd2_system_diagram: Completed
Time (s): cpu = 00:00:00.01 ; elapsed = 00:00:00.69 . Memory (MB): peak = 2062.203 ; gain = 0.000 ; free physical = 237139 ; free virtual = 505533
INFO: [v++ 60-1443] [14:01:39] Run run_link: Step vpl: Started
INFO: [v++ 60-1453] Command Line: vpl -t hw -f xilinx_u280_xdma_201920_3 --remote_ip_cache /home/ziyuanwang/hbm/Vitis_Accel_Examples/performance/hbm_bandwidth_pseudo_random/.ipcache -s --output_dir /home/ziyuanwang/hbm/Vitis_Accel_Examples/performance/hbm_bandwidth_pseudo_random/_x_8core_randomports_8.hw.xilinx_u280_xdma_201920_3/link/int --log_dir /home/ziyuanwang/hbm/Vitis_Accel_Examples/performance/hbm_bandwidth_pseudo_random/_x_8core_randomports_8.hw.xilinx_u280_xdma_201920_3/logs/link --report_dir /home/ziyuanwang/hbm/Vitis_Accel_Examples/performance/hbm_bandwidth_pseudo_random/_x_8core_randomports_8.hw.xilinx_u280_xdma_201920_3/reports/link --config /home/ziyuanwang/hbm/Vitis_Accel_Examples/performance/hbm_bandwidth_pseudo_random/_x_8core_randomports_8.hw.xilinx_u280_xdma_201920_3/link/int/vplConfig.ini -k /home/ziyuanwang/hbm/Vitis_Accel_Examples/performance/hbm_bandwidth_pseudo_random/_x_8core_randomports_8.hw.xilinx_u280_xdma_201920_3/link/int/kernel_info.dat --webtalk_flag Vitis --temp_dir /home/ziyuanwang/hbm/Vitis_Accel_Examples/performance/hbm_bandwidth_pseudo_random/_x_8core_randomports_8.hw.xilinx_u280_xdma_201920_3/link --no-info --iprepo /home/ziyuanwang/hbm/Vitis_Accel_Examples/performance/hbm_bandwidth_pseudo_random/_x_8core_randomports_8.hw.xilinx_u280_xdma_201920_3/link/int/xo/ip_repo/xilinx_com_hls_krnl_vaddmul_1_0 --messageDb /home/ziyuanwang/hbm/Vitis_Accel_Examples/performance/hbm_bandwidth_pseudo_random/_x_8core_randomports_8.hw.xilinx_u280_xdma_201920_3/link/run_link/vpl.pb /home/ziyuanwang/hbm/Vitis_Accel_Examples/performance/hbm_bandwidth_pseudo_random/_x_8core_randomports_8.hw.xilinx_u280_xdma_201920_3/link/int/dr.bd.tcl
INFO: [v++ 60-1454] Run Directory: /home/ziyuanwang/hbm/Vitis_Accel_Examples/performance/hbm_bandwidth_pseudo_random/_x_8core_randomports_8.hw.xilinx_u280_xdma_201920_3/link/run_link

****** vpl v2021.2 (64-bit)
  **** SW Build 3363252 on 2021-10-14-04:41:01
    ** Copyright 1986-2020 Xilinx, Inc. All Rights Reserved.

INFO: [VPL 60-839] Read in kernel information from file '/home/ziyuanwang/hbm/Vitis_Accel_Examples/performance/hbm_bandwidth_pseudo_random/_x_8core_randomports_8.hw.xilinx_u280_xdma_201920_3/link/int/kernel_info.dat'.
INFO: [VPL 74-78] Compiler Version string: 2021.2
INFO: [VPL 60-423]   Target device: xilinx_u280_xdma_201920_3
INFO: [VPL 60-1032] Extracting hardware platform to /home/ziyuanwang/hbm/Vitis_Accel_Examples/performance/hbm_bandwidth_pseudo_random/_x_8core_randomports_8.hw.xilinx_u280_xdma_201920_3/link/vivado/vpl/.local/hw_platform
[14:11:27] Run vpl: Step create_project: Started
Creating Vivado project.
[14:11:44] Run vpl: Step create_project: Completed
[14:11:44] Run vpl: Step create_bd: Started
[14:13:04] Run vpl: Step create_bd: RUNNING...
[14:14:22] Run vpl: Step create_bd: RUNNING...
[14:15:39] Run vpl: Step create_bd: RUNNING...
[14:16:57] Run vpl: Step create_bd: RUNNING...
[14:18:14] Run vpl: Step create_bd: RUNNING...
[14:19:32] Run vpl: Step create_bd: RUNNING...
[14:20:50] Run vpl: Step create_bd: RUNNING...
[14:22:09] Run vpl: Step create_bd: RUNNING...
[14:23:27] Run vpl: Step create_bd: RUNNING...
[14:24:46] Run vpl: Step create_bd: RUNNING...
[14:26:03] Run vpl: Step create_bd: RUNNING...
[14:27:21] Run vpl: Step create_bd: RUNNING...
[14:28:38] Run vpl: Step create_bd: RUNNING...
[14:29:56] Run vpl: Step create_bd: RUNNING...
[14:30:55] Run vpl: Step create_bd: Completed
[14:30:55] Run vpl: Step update_bd: Started
[14:31:01] Run vpl: Step update_bd: Completed
[14:31:01] Run vpl: Step generate_target: Started
[14:32:20] Run vpl: Step generate_target: RUNNING...
[14:33:37] Run vpl: Step generate_target: RUNNING...
[14:34:54] Run vpl: Step generate_target: RUNNING...
[14:36:12] Run vpl: Step generate_target: RUNNING...
[14:37:30] Run vpl: Step generate_target: RUNNING...
[14:38:48] Run vpl: Step generate_target: RUNNING...
[14:40:06] Run vpl: Step generate_target: RUNNING...
[14:41:26] Run vpl: Step generate_target: RUNNING...
[14:42:44] Run vpl: Step generate_target: RUNNING...
[14:44:05] Run vpl: Step generate_target: RUNNING...
[14:44:31] Run vpl: Step generate_target: Completed
[14:44:31] Run vpl: Step config_hw_runs: Started
[14:45:30] Run vpl: Step config_hw_runs: Completed
[14:45:30] Run vpl: Step synth: Started
[14:47:08] Block-level synthesis in progress, 0 of 32 jobs complete, 8 jobs running.
[14:47:40] Block-level synthesis in progress, 0 of 32 jobs complete, 8 jobs running.
[14:48:12] Block-level synthesis in progress, 0 of 32 jobs complete, 8 jobs running.
[14:48:45] Block-level synthesis in progress, 0 of 32 jobs complete, 8 jobs running.
[14:49:16] Block-level synthesis in progress, 0 of 32 jobs complete, 8 jobs running.
[14:49:49] Block-level synthesis in progress, 0 of 32 jobs complete, 8 jobs running.
[14:50:21] Block-level synthesis in progress, 0 of 32 jobs complete, 8 jobs running.
[14:50:53] Block-level synthesis in progress, 0 of 32 jobs complete, 8 jobs running.
[14:51:25] Block-level synthesis in progress, 0 of 32 jobs complete, 8 jobs running.
[14:51:57] Block-level synthesis in progress, 0 of 32 jobs complete, 8 jobs running.
[14:52:28] Block-level synthesis in progress, 1 of 32 jobs complete, 7 jobs running.
[14:53:01] Block-level synthesis in progress, 8 of 32 jobs complete, 1 job running.
[14:53:32] Block-level synthesis in progress, 8 of 32 jobs complete, 8 jobs running.
[14:54:05] Block-level synthesis in progress, 8 of 32 jobs complete, 8 jobs running.
[14:54:38] Block-level synthesis in progress, 8 of 32 jobs complete, 8 jobs running.
[14:55:10] Block-level synthesis in progress, 8 of 32 jobs complete, 8 jobs running.
[14:55:43] Block-level synthesis in progress, 8 of 32 jobs complete, 8 jobs running.
[14:56:15] Block-level synthesis in progress, 8 of 32 jobs complete, 8 jobs running.
[14:56:47] Block-level synthesis in progress, 8 of 32 jobs complete, 8 jobs running.
[14:57:19] Block-level synthesis in progress, 8 of 32 jobs complete, 8 jobs running.
[14:57:51] Block-level synthesis in progress, 8 of 32 jobs complete, 8 jobs running.
[14:58:22] Block-level synthesis in progress, 8 of 32 jobs complete, 8 jobs running.
[14:58:55] Block-level synthesis in progress, 14 of 32 jobs complete, 2 jobs running.
[14:59:27] Block-level synthesis in progress, 16 of 32 jobs complete, 6 jobs running.
[15:00:00] Block-level synthesis in progress, 16 of 32 jobs complete, 7 jobs running.
[15:00:32] Block-level synthesis in progress, 16 of 32 jobs complete, 7 jobs running.
[15:01:05] Block-level synthesis in progress, 16 of 32 jobs complete, 7 jobs running.
[15:01:37] Block-level synthesis in progress, 16 of 32 jobs complete, 7 jobs running.
[15:02:10] Block-level synthesis in progress, 16 of 32 jobs complete, 7 jobs running.
[15:02:42] Block-level synthesis in progress, 16 of 32 jobs complete, 7 jobs running.
[15:03:14] Block-level synthesis in progress, 16 of 32 jobs complete, 7 jobs running.
[15:03:46] Block-level synthesis in progress, 16 of 32 jobs complete, 7 jobs running.
[15:04:19] Block-level synthesis in progress, 17 of 32 jobs complete, 6 jobs running.
[15:04:49] Block-level synthesis in progress, 23 of 32 jobs complete, 1 job running.
[15:05:22] Block-level synthesis in progress, 23 of 32 jobs complete, 1 job running.
[15:05:54] Block-level synthesis in progress, 23 of 32 jobs complete, 1 job running.
[15:06:27] Block-level synthesis in progress, 23 of 32 jobs complete, 1 job running.
[15:06:58] Block-level synthesis in progress, 23 of 32 jobs complete, 1 job running.
[15:07:31] Block-level synthesis in progress, 23 of 32 jobs complete, 1 job running.
[15:08:02] Block-level synthesis in progress, 23 of 32 jobs complete, 1 job running.
[15:08:35] Block-level synthesis in progress, 24 of 32 jobs complete, 0 jobs running.
[15:09:07] Block-level synthesis in progress, 24 of 32 jobs complete, 1 job running.
[15:09:38] Block-level synthesis in progress, 24 of 32 jobs complete, 1 job running.
[15:10:10] Block-level synthesis in progress, 24 of 32 jobs complete, 1 job running.
[15:10:43] Block-level synthesis in progress, 24 of 32 jobs complete, 1 job running.
[15:11:15] Block-level synthesis in progress, 24 of 32 jobs complete, 1 job running.
[15:11:26] Run vpl: Step synth: Completed
[15:11:26] Run vpl: Step impl: Started
[15:28:02] Finished 2nd of 6 tasks (FPGA linking synthesized kernels to platform). Elapsed time: 01h 26m 21s 

[15:28:02] Starting logic optimization..
[15:30:43] Phase 1 Retarget
[15:30:43] Phase 2 Constant propagation
[15:31:48] Phase 3 Sweep
[15:34:28] Phase 4 BUFG optimization
[15:35:01] Phase 5 Shift Register Optimization
[15:35:01] Phase 6 Post Processing Netlist
[15:38:46] Finished 3rd of 6 tasks (FPGA logic optimization). Elapsed time: 00h 10m 43s 

[15:38:46] Starting logic placement..
[15:39:50] Phase 1 Placer Initialization
[15:39:50] Phase 1.1 Placer Initialization Netlist Sorting
[15:44:39] Phase 1.2 IO Placement/ Clock Placement/ Build Placer Device
[15:46:16] Phase 1.3 Build Placer Netlist Model
[15:49:29] Phase 1.4 Constrain Clocks/Macros
[15:50:01] Phase 2 Global Placement
[15:50:01] Phase 2.1 Floorplanning
[15:51:05] Phase 2.1.1 Partition Driven Placement
[15:51:05] Phase 2.1.1.1 PBP: Partition Driven Placement
[15:52:42] Phase 2.1.1.2 PBP: Clock Region Placement
[15:54:19] Phase 2.1.1.3 PBP: Compute Congestion
[15:54:19] Phase 2.1.1.4 PBP: UpdateTiming
[15:54:51] Phase 2.1.1.5 PBP: Add part constraints
[15:54:51] Phase 2.2 Physical Synthesis After Floorplan
[15:56:29] Phase 2.3 Update Timing before SLR Path Opt
[15:56:29] Phase 2.4 Post-Processing in Floorplanning
[15:56:29] Phase 2.5 Global Placement Core
[16:07:16] Phase 2.5.1 Physical Synthesis In Placer
[16:13:13] Phase 3 Detail Placement
[16:13:13] Phase 3.1 Commit Multi Column Macros
[16:13:46] Phase 3.2 Commit Most Macros & LUTRAMs
[16:16:28] Phase 3.3 Small Shape DP
[16:16:28] Phase 3.3.1 Small Shape Clustering
[16:17:00] Phase 3.3.2 Flow Legalize Slice Clusters
[16:17:00] Phase 3.3.3 Slice Area Swap
[16:19:10] Phase 3.4 Place Remaining
[16:19:10] Phase 3.5 Re-assign LUT pins
[16:20:15] Phase 3.6 Pipeline Register Optimization
[16:20:15] Phase 3.7 Fast Optimization
[16:22:24] Phase 4 Post Placement Optimization and Clean-Up
[16:22:24] Phase 4.1 Post Commit Optimization
[16:25:07] Phase 4.1.1 Post Placement Optimization
[16:25:40] Phase 4.1.1.1 BUFG Insertion
[16:25:40] Phase 1 Physical Synthesis Initialization
[16:26:45] Phase 4.1.1.2 BUFG Replication
[16:26:45] Phase 4.1.1.3 Post Placement Timing Optimization
[16:38:03] Phase 4.1.1.4 Replication
[16:39:40] Phase 4.2 Post Placement Cleanup
[16:40:12] Phase 4.3 Placer Reporting
[16:40:12] Phase 4.3.1 Print Estimated Congestion
[16:40:12] Phase 4.4 Final Placement Cleanup
[16:45:37] Finished 4th of 6 tasks (FPGA logic placement). Elapsed time: 01h 06m 50s 

[16:45:37] Starting logic routing..
[16:47:15] Phase 1 Build RT Design
[16:51:06] Phase 2 Router Initialization
[16:51:06] Phase 2.1 Fix Topology Constraints
[16:51:06] Phase 2.2 Pre Route Cleanup
[16:51:39] Phase 2.3 Global Clock Net Routing
[16:52:11] Phase 2.4 Update Timing
[16:57:04] Phase 2.5 Update Timing for Bus Skew
[16:57:04] Phase 2.5.1 Update Timing
[16:59:14] Phase 3 Initial Routing
[16:59:14] Phase 3.1 Global Routing
[17:01:24] Phase 4 Rip-up And Reroute
[17:01:24] Phase 4.1 Global Iteration 0
[17:33:59] Phase 4.2 Global Iteration 1
[17:42:29] Phase 4.3 Global Iteration 2
[17:48:26] Phase 4.4 Global Iteration 3
[17:54:56] Phase 4.5 Global Iteration 4
[17:58:10] Phase 5 Delay and Skew Optimization
[17:58:10] Phase 5.1 Delay CleanUp
[17:58:10] Phase 5.1.1 Update Timing
[18:00:21] Phase 5.1.2 Update Timing
[18:01:58] Phase 5.2 Clock Skew Optimization
[18:02:30] Phase 6 Post Hold Fix
[18:02:30] Phase 6.1 Hold Fix Iter
[18:02:30] Phase 6.1.1 Update Timing
[18:04:07] Phase 6.1.2 Lut RouteThru Assignment for hold
[18:04:39] Phase 6.2 Additional Hold Fix
[18:08:26] Phase 7 Leaf Clock Prog Delay Opt
[18:12:47] Phase 7.1 Delay CleanUp
[18:12:47] Phase 7.1.1 Update Timing
[18:14:24] Phase 7.1.2 Update Timing
[18:16:02] Phase 7.2 Hold Fix Iter
[18:16:02] Phase 7.2.1 Update Timing
[18:18:11] Phase 7.2.2 Lut RouteThru Assignment for hold
[18:18:43] Phase 7.3 Additional Hold Fix
[18:26:50] Phase 8 Route finalize
[18:27:23] Phase 9 Verifying routed nets
[18:27:23] Phase 10 Depositing Routes
[18:28:27] Phase 11 Resolve XTalk
[18:29:00] Phase 12 Post Router Timing
[18:31:11] Phase 13 Physical Synthesis in Router
[18:31:11] Phase 13.1 Physical Synthesis Initialization
[18:33:53] Phase 13.2 Critical Path Optimization
[18:34:58] Finished 5th of 6 tasks (FPGA routing). Elapsed time: 01h 49m 20s 

[18:34:58] Starting bitstream generation..
[18:51:15] Creating bitmap...
[18:59:55] Writing bitstream ./pfm_top_i_dynamic_region_my_rm_partial.bit...
[18:59:55] Finished 6th of 6 tasks (FPGA bitstream generation). Elapsed time: 00h 24m 57s 
[19:00:07] Run vpl: Step impl: Completed
[19:00:10] Run vpl: FINISHED. Run Status: impl Complete!
INFO: [v++ 60-1441] [19:00:18] Run run_link: Step vpl: Completed
Time (s): cpu = 00:03:37 ; elapsed = 04:58:39 . Memory (MB): peak = 2062.203 ; gain = 0.000 ; free physical = 233079 ; free virtual = 505453
INFO: [v++ 60-1443] [19:00:18] Run run_link: Step rtdgen: Started
INFO: [v++ 60-1453] Command Line: rtdgen
INFO: [v++ 60-1454] Run Directory: /home/ziyuanwang/hbm/Vitis_Accel_Examples/performance/hbm_bandwidth_pseudo_random/_x_8core_randomports_8.hw.xilinx_u280_xdma_201920_3/link/run_link
INFO: [v++ 60-991] clock name 'clkwiz_kernel_clk_out1' (clock ID '0') is being mapped to clock name 'DATA_CLK' in the xclbin
INFO: [v++ 60-991] clock name 'clkwiz_kernel2_clk_out1' (clock ID '1') is being mapped to clock name 'KERNEL_CLK' in the xclbin
INFO: [v++ 60-991] clock name 'clk_out1_pfm_top_clkwiz_hbm_aclk_0' (clock ID '') is being mapped to clock name 'clk_out1_pfm_top_clkwiz_hbm_aclk_0' in the xclbin
INFO: [v++ 60-1230] The compiler selected the following frequencies for the runtime controllable kernel clock(s) and scalable system clock(s): System (SYSTEM) clock: clk_out1_pfm_top_clkwiz_hbm_aclk_0 = 432, Kernel (DATA) clock: clkwiz_kernel_clk_out1 = 300, Kernel (KERNEL) clock: clkwiz_kernel2_clk_out1 = 500
INFO: [v++ 60-1453] Command Line: cf2sw -a /home/ziyuanwang/hbm/Vitis_Accel_Examples/performance/hbm_bandwidth_pseudo_random/_x_8core_randomports_8.hw.xilinx_u280_xdma_201920_3/link/int/address_map.xml -sdsl /home/ziyuanwang/hbm/Vitis_Accel_Examples/performance/hbm_bandwidth_pseudo_random/_x_8core_randomports_8.hw.xilinx_u280_xdma_201920_3/link/int/sdsl.dat -xclbin /home/ziyuanwang/hbm/Vitis_Accel_Examples/performance/hbm_bandwidth_pseudo_random/_x_8core_randomports_8.hw.xilinx_u280_xdma_201920_3/link/int/xclbin_orig.xml -rtd /home/ziyuanwang/hbm/Vitis_Accel_Examples/performance/hbm_bandwidth_pseudo_random/_x_8core_randomports_8.hw.xilinx_u280_xdma_201920_3/link/int/krnl_vaddmul.link.rtd -o /home/ziyuanwang/hbm/Vitis_Accel_Examples/performance/hbm_bandwidth_pseudo_random/_x_8core_randomports_8.hw.xilinx_u280_xdma_201920_3/link/int/krnl_vaddmul.link.xml
INFO: [v++ 60-1652] Cf2sw returned exit code: 0
INFO: [v++ 60-1441] [19:00:26] Run run_link: Step rtdgen: Completed
Time (s): cpu = 00:00:07 ; elapsed = 00:00:08 . Memory (MB): peak = 2062.203 ; gain = 0.000 ; free physical = 233077 ; free virtual = 505451
INFO: [v++ 60-1443] [19:00:26] Run run_link: Step xclbinutil: Started
INFO: [v++ 60-1453] Command Line: xclbinutil --add-section DEBUG_IP_LAYOUT:JSON:/home/ziyuanwang/hbm/Vitis_Accel_Examples/performance/hbm_bandwidth_pseudo_random/_x_8core_randomports_8.hw.xilinx_u280_xdma_201920_3/link/int/debug_ip_layout.rtd --add-section BITSTREAM:RAW:/home/ziyuanwang/hbm/Vitis_Accel_Examples/performance/hbm_bandwidth_pseudo_random/_x_8core_randomports_8.hw.xilinx_u280_xdma_201920_3/link/int/partial.bit --force --target hw --key-value SYS:dfx_enable:true --add-section :JSON:/home/ziyuanwang/hbm/Vitis_Accel_Examples/performance/hbm_bandwidth_pseudo_random/_x_8core_randomports_8.hw.xilinx_u280_xdma_201920_3/link/int/krnl_vaddmul.link.rtd --append-section :JSON:/home/ziyuanwang/hbm/Vitis_Accel_Examples/performance/hbm_bandwidth_pseudo_random/_x_8core_randomports_8.hw.xilinx_u280_xdma_201920_3/link/int/appendSection.rtd --add-section CLOCK_FREQ_TOPOLOGY:JSON:/home/ziyuanwang/hbm/Vitis_Accel_Examples/performance/hbm_bandwidth_pseudo_random/_x_8core_randomports_8.hw.xilinx_u280_xdma_201920_3/link/int/krnl_vaddmul.link_xml.rtd --add-section BUILD_METADATA:JSON:/home/ziyuanwang/hbm/Vitis_Accel_Examples/performance/hbm_bandwidth_pseudo_random/_x_8core_randomports_8.hw.xilinx_u280_xdma_201920_3/link/int/krnl_vaddmul.link_build.rtd --add-section EMBEDDED_METADATA:RAW:/home/ziyuanwang/hbm/Vitis_Accel_Examples/performance/hbm_bandwidth_pseudo_random/_x_8core_randomports_8.hw.xilinx_u280_xdma_201920_3/link/int/krnl_vaddmul.link.xml --add-section SYSTEM_METADATA:RAW:/home/ziyuanwang/hbm/Vitis_Accel_Examples/performance/hbm_bandwidth_pseudo_random/_x_8core_randomports_8.hw.xilinx_u280_xdma_201920_3/link/int/systemDiagramModelSlrBaseAddress.json --output /home/ziyuanwang/hbm/Vitis_Accel_Examples/performance/hbm_bandwidth_pseudo_random/./build_dir_8core_randomports_8.hw.xilinx_u280_xdma_201920_3/krnl_vaddmul.link.xclbin
INFO: [v++ 60-1454] Run Directory: /home/ziyuanwang/hbm/Vitis_Accel_Examples/performance/hbm_bandwidth_pseudo_random/_x_8core_randomports_8.hw.xilinx_u280_xdma_201920_3/link/run_link
XRT Build Version: 2.14.354 (2022.2)
       Build Date: 2022-10-08 09:49:58
          Hash ID: 43926231f7183688add2dccfd391b36a1f000bea
Creating a default 'in-memory' xclbin image.

Section: 'DEBUG_IP_LAYOUT'(9) was successfully added.
Size   : 296 bytes
Format : JSON
File   : '/home/ziyuanwang/hbm/Vitis_Accel_Examples/performance/hbm_bandwidth_pseudo_random/_x_8core_randomports_8.hw.xilinx_u280_xdma_201920_3/link/int/debug_ip_layout.rtd'

Section: 'BITSTREAM'(0) was successfully added.
Size   : 53014199 bytes
Format : RAW
File   : '/home/ziyuanwang/hbm/Vitis_Accel_Examples/performance/hbm_bandwidth_pseudo_random/_x_8core_randomports_8.hw.xilinx_u280_xdma_201920_3/link/int/partial.bit'

Section: 'MEM_TOPOLOGY'(6) was successfully added.
Format : JSON
File   : 'mem_topology'

Section: 'IP_LAYOUT'(8) was successfully added.
Format : JSON
File   : 'ip_layout'

Section: 'CONNECTIVITY'(7) was successfully added.
Format : JSON
File   : 'connectivity'

Section: 'CLOCK_FREQ_TOPOLOGY'(11) was successfully added.
Size   : 410 bytes
Format : JSON
File   : '/home/ziyuanwang/hbm/Vitis_Accel_Examples/performance/hbm_bandwidth_pseudo_random/_x_8core_randomports_8.hw.xilinx_u280_xdma_201920_3/link/int/krnl_vaddmul.link_xml.rtd'

Section: 'BUILD_METADATA'(14) was successfully added.
Size   : 5340 bytes
Format : JSON
File   : '/home/ziyuanwang/hbm/Vitis_Accel_Examples/performance/hbm_bandwidth_pseudo_random/_x_8core_randomports_8.hw.xilinx_u280_xdma_201920_3/link/int/krnl_vaddmul.link_build.rtd'

Section: 'EMBEDDED_METADATA'(2) was successfully added.
Size   : 11686 bytes
Format : RAW
File   : '/home/ziyuanwang/hbm/Vitis_Accel_Examples/performance/hbm_bandwidth_pseudo_random/_x_8core_randomports_8.hw.xilinx_u280_xdma_201920_3/link/int/krnl_vaddmul.link.xml'

Section: 'SYSTEM_METADATA'(22) was successfully added.
Size   : 33046 bytes
Format : RAW
File   : '/home/ziyuanwang/hbm/Vitis_Accel_Examples/performance/hbm_bandwidth_pseudo_random/_x_8core_randomports_8.hw.xilinx_u280_xdma_201920_3/link/int/systemDiagramModelSlrBaseAddress.json'

Section: 'IP_LAYOUT'(8) was successfully appended to.
Format : JSON
File   : 'ip_layout'
Successfully wrote (53101051 bytes) to the output file: /home/ziyuanwang/hbm/Vitis_Accel_Examples/performance/hbm_bandwidth_pseudo_random/./build_dir_8core_randomports_8.hw.xilinx_u280_xdma_201920_3/krnl_vaddmul.link.xclbin
Leaving xclbinutil.
INFO: [v++ 60-1441] [19:00:28] Run run_link: Step xclbinutil: Completed
Time (s): cpu = 00:00:00.10 ; elapsed = 00:00:02 . Memory (MB): peak = 2062.203 ; gain = 0.000 ; free physical = 233026 ; free virtual = 505450
INFO: [v++ 60-1443] [19:00:28] Run run_link: Step xclbinutilinfo: Started
INFO: [v++ 60-1453] Command Line: xclbinutil --quiet --force --info /home/ziyuanwang/hbm/Vitis_Accel_Examples/performance/hbm_bandwidth_pseudo_random/./build_dir_8core_randomports_8.hw.xilinx_u280_xdma_201920_3/krnl_vaddmul.link.xclbin.info --input /home/ziyuanwang/hbm/Vitis_Accel_Examples/performance/hbm_bandwidth_pseudo_random/./build_dir_8core_randomports_8.hw.xilinx_u280_xdma_201920_3/krnl_vaddmul.link.xclbin
INFO: [v++ 60-1454] Run Directory: /home/ziyuanwang/hbm/Vitis_Accel_Examples/performance/hbm_bandwidth_pseudo_random/_x_8core_randomports_8.hw.xilinx_u280_xdma_201920_3/link/run_link
INFO: [v++ 60-1441] [19:00:28] Run run_link: Step xclbinutilinfo: Completed
Time (s): cpu = 00:00:00.48 ; elapsed = 00:00:00.83 . Memory (MB): peak = 2062.203 ; gain = 0.000 ; free physical = 233025 ; free virtual = 505449
INFO: [v++ 60-1443] [19:00:28] Run run_link: Step generate_sc_driver: Started
INFO: [v++ 60-1453] Command Line: 
INFO: [v++ 60-1454] Run Directory: /home/ziyuanwang/hbm/Vitis_Accel_Examples/performance/hbm_bandwidth_pseudo_random/_x_8core_randomports_8.hw.xilinx_u280_xdma_201920_3/link/run_link
INFO: [v++ 60-1441] [19:00:29] Run run_link: Step generate_sc_driver: Completed
Time (s): cpu = 00:00:00 ; elapsed = 00:00:00.13 . Memory (MB): peak = 2062.203 ; gain = 0.000 ; free physical = 233026 ; free virtual = 505450
INFO: [v++ 60-244] Generating system estimate report...
INFO: [v++ 60-1092] Generated system estimate report: /home/ziyuanwang/hbm/Vitis_Accel_Examples/performance/hbm_bandwidth_pseudo_random/_x_8core_randomports_8.hw.xilinx_u280_xdma_201920_3/reports/link/system_estimate_krnl_vaddmul.link.xtxt
INFO: [v++ 60-586] Created /home/ziyuanwang/hbm/Vitis_Accel_Examples/performance/hbm_bandwidth_pseudo_random/build_dir_8core_randomports_8.hw.xilinx_u280_xdma_201920_3/krnl_vaddmul.link.ltx
INFO: [v++ 60-586] Created ./build_dir_8core_randomports_8.hw.xilinx_u280_xdma_201920_3/krnl_vaddmul.link.xclbin
INFO: [v++ 60-1307] Run completed. Additional information can be found in:
	Guidance: /home/ziyuanwang/hbm/Vitis_Accel_Examples/performance/hbm_bandwidth_pseudo_random/_x_8core_randomports_8.hw.xilinx_u280_xdma_201920_3/reports/link/v++_link_krnl_vaddmul.link_guidance.html
	Timing Report: /home/ziyuanwang/hbm/Vitis_Accel_Examples/performance/hbm_bandwidth_pseudo_random/_x_8core_randomports_8.hw.xilinx_u280_xdma_201920_3/reports/link/imp/impl_1_xilinx_u280_xdma_201920_3_bb_locked_timing_summary_routed.rpt
	Vivado Log: /home/ziyuanwang/hbm/Vitis_Accel_Examples/performance/hbm_bandwidth_pseudo_random/_x_8core_randomports_8.hw.xilinx_u280_xdma_201920_3/logs/link/vivado.log
	Steps Log File: /home/ziyuanwang/hbm/Vitis_Accel_Examples/performance/hbm_bandwidth_pseudo_random/_x_8core_randomports_8.hw.xilinx_u280_xdma_201920_3/logs/link/link.steps.log

INFO: [v++ 60-2343] Use the vitis_analyzer tool to visualize and navigate the relevant reports. Run the following command. 
    vitis_analyzer /home/ziyuanwang/hbm/Vitis_Accel_Examples/performance/hbm_bandwidth_pseudo_random/build_dir_8core_randomports_8.hw.xilinx_u280_xdma_201920_3/krnl_vaddmul.link.xclbin.link_summary 
INFO: [v++ 60-791] Total elapsed time: 5h 0m 6s
