Copyright 1986-2021 Xilinx, Inc. All Rights Reserved.
----------------------------------------------------------------------------------------------------------------------------------------------------------------------------------
| Tool Version : Vivado v.2021.2 (lin64) Build 3367213 Tue Oct 19 02:47:39 MDT 2021
| Date         : Fri Nov 29 10:15:46 2024
| Host         : hacc-gpu0 running 64-bit Ubuntu 20.04.6 LTS
| Command      : report_accelerator_utilization -kernels { overlay:pfm_top_i/dynamic_region/overlay_1/inst:overlay_1} -file kernel_util_placed.rpt -name kernel_util_placed -json
| Design       : pfm_top_wrapper
| Device       : xcu280
| Design State : Fully Placed
----------------------------------------------------------------------------------------------------------------------------------------------------------------------------------

Accelerator Utilization Design Information

Table of Contents
-----------------
1. System Utilization

1. System Utilization
---------------------

+---------------------+-------------------+------------------+-------------------+----------------+---------------+----------------+
| Name                | LUT               | LUTAsMem         | REG               | BRAM           | URAM          | DSP            |
+---------------------+-------------------+------------------+-------------------+----------------+---------------+----------------+
| Platform            |  161987 [ 12.43%] |  23450 [  3.91%] |  253005 [  9.70%] |  303 [ 15.03%] |   0 [  0.00%] |    7 [  0.08%] |
| User Budget         | 1140733 [100.00%] | 577030 [100.00%] | 2354355 [100.00%] | 1713 [100.00%] | 960 [100.00%] | 9017 [100.00%] |
|    Used Resources   |  129373 [ 11.34%] |  38337 [  6.64%] |  141055 [  5.99%] |  435 [ 25.39%] | 416 [ 43.33%] |  224 [  2.48%] |
|    Unused Resources | 1011360 [ 88.66%] | 538693 [ 93.36%] | 2213300 [ 94.01%] | 1278 [ 74.61%] | 544 [ 56.67%] | 8793 [ 97.52%] |
| overlay             |  129373 [ 11.34%] |  38337 [  6.64%] |  141055 [  5.99%] |  435 [ 25.39%] | 416 [ 43.33%] |  224 [  2.48%] |
|    overlay_1        |  129373 [ 11.34%] |  38337 [  6.64%] |  141055 [  5.99%] |  435 [ 25.39%] | 416 [ 43.33%] |  224 [  2.48%] |
+---------------------+-------------------+------------------+-------------------+----------------+---------------+----------------+


