Copyright 1986-2021 Xilinx, Inc. All Rights Reserved.
-------------------------------------------------------------------------------------------------------------------------------------------------------------------------------------------------------------------------------------------------------------------------------------------------------------------------------------------------------------------------------------------------------------------------------------------------------------------------------------------------------
| Tool Version : Vivado v.2021.2 (lin64) Build 3367213 Tue Oct 19 02:47:39 MDT 2021
| Date         : Tue Nov 19 06:03:48 2024
| Host         : hacc-gpu0 running 64-bit Ubuntu 20.04.6 LTS
| Command      : report_accelerator_utilization -kernels { krnl_vaddmul:pfm_top_i/dynamic_region/krnl_vaddmul_1/inst:krnl_vaddmul_1 krnl_vaddmul:pfm_top_i/dynamic_region/krnl_vaddmul_2/inst:krnl_vaddmul_2 krnl_vaddmul:pfm_top_i/dynamic_region/krnl_vaddmul_3/inst:krnl_vaddmul_3 krnl_vaddmul:pfm_top_i/dynamic_region/krnl_vaddmul_4/inst:krnl_vaddmul_4 krnl_vaddmul:pfm_top_i/dynamic_region/krnl_vaddmul_5/inst:krnl_vaddmul_5} -file kernel_util_synthed.rpt -name kernel_util_synthed -json
| Design       : pfm_top_wrapper
| Device       : xcu280
| Design State : Synthesized
-------------------------------------------------------------------------------------------------------------------------------------------------------------------------------------------------------------------------------------------------------------------------------------------------------------------------------------------------------------------------------------------------------------------------------------------------------------------------------------------------------

Accelerator Utilization Design Information

Table of Contents
-----------------
1. System Utilization

1. System Utilization
---------------------

+---------------------+-------------------+------------------+-------------------+----------------+---------------+----------------+
| Name                | LUT               | LUTAsMem         | REG               | BRAM           | URAM          | DSP            |
+---------------------+-------------------+------------------+-------------------+----------------+---------------+----------------+
| Platform            |  175604 [ 13.48%] |  39692 [  6.61%] |  262802 [ 10.08%] |  204 [ 10.12%] |   0 [  0.00%] |    4 [  0.04%] |
| User Budget         | 1127116 [100.00%] | 560788 [100.00%] | 2344558 [100.00%] | 1812 [100.00%] | 960 [100.00%] | 9020 [100.00%] |
|    Used Resources   |   89720 [  7.96%] |  30480 [  5.44%] |  166260 [  7.09%] |  450 [ 24.83%] |   0 [  0.00%] |  640 [  7.10%] |
|    Unused Resources | 1037396 [ 92.04%] | 530308 [ 94.56%] | 2178298 [ 92.91%] | 1362 [ 75.17%] | 960 [100.00%] | 8380 [ 92.90%] |
| krnl_vaddmul        |   89720 [  7.96%] |  30480 [  5.44%] |  166260 [  7.09%] |  450 [ 24.83%] |   0 [  0.00%] |  640 [  7.10%] |
|    krnl_vaddmul_1   |   17944 [  1.59%] |   6096 [  1.09%] |   33252 [  1.42%] |   90 [  4.97%] |   0 [  0.00%] |  128 [  1.42%] |
|    krnl_vaddmul_2   |   17944 [  1.59%] |   6096 [  1.09%] |   33252 [  1.42%] |   90 [  4.97%] |   0 [  0.00%] |  128 [  1.42%] |
|    krnl_vaddmul_3   |   17944 [  1.59%] |   6096 [  1.09%] |   33252 [  1.42%] |   90 [  4.97%] |   0 [  0.00%] |  128 [  1.42%] |
|    krnl_vaddmul_4   |   17944 [  1.59%] |   6096 [  1.09%] |   33252 [  1.42%] |   90 [  4.97%] |   0 [  0.00%] |  128 [  1.42%] |
|    krnl_vaddmul_5   |   17944 [  1.59%] |   6096 [  1.09%] |   33252 [  1.42%] |   90 [  4.97%] |   0 [  0.00%] |  128 [  1.42%] |
+---------------------+-------------------+------------------+-------------------+----------------+---------------+----------------+


