Copyright 1986-2021 Xilinx, Inc. All Rights Reserved.
------------------------------------------------------------------------------------------
| Tool Version : Vivado v.2021.2 (lin64) Build 3367213 Tue Oct 19 02:47:39 MDT 2021
| Date         : Sun Oct 27 17:16:22 2024
| Host         : hacc-gpu0 running 64-bit Ubuntu 20.04.6 LTS
| Command      : report_utilization -slr -file slr_util_placed.rpt -pb slr_util_placed.pb
| Design       : pfm_top_wrapper
| Device       : xcu280-fsvh2892-2L-e
| Speed File   : -2L
| Design State : Fully Placed
------------------------------------------------------------------------------------------

Utilization Design Information

Table of Contents
-----------------
1. SLR Connectivity
2. SLR Connectivity Matrix
3. SLR CLB Logic and Dedicated Block Utilization
4. SLR IO Utilization

1. SLR Connectivity
-------------------

+----------------------------------+------+-------+-----------+-------+
|                                  | Used | Fixed | Available | Util% |
+----------------------------------+------+-------+-----------+-------+
| SLR2 <-> SLR1                    | 3945 |       |     23040 | 17.12 |
|   SLR1 -> SLR2                   | 2079 |       |           |  9.02 |
|     Using TX_REG only            |    1 |     1 |           |       |
|     Using RX_REG only            |   18 |    18 |           |       |
|     Using Both TX_REG and RX_REG |  267 |     1 |           |       |
|   SLR2 -> SLR1                   | 1866 |       |           |  8.10 |
|     Using TX_REG only            |    0 |     0 |           |       |
|     Using RX_REG only            |    4 |     4 |           |       |
|     Using Both TX_REG and RX_REG |  407 |     0 |           |       |
| SLR1 <-> SLR0                    | 2525 |       |     23040 | 10.96 |
|   SLR0 -> SLR1                   | 1135 |       |           |  4.93 |
|     Using TX_REG only            |   71 |    71 |           |       |
|     Using RX_REG only            |   61 |    61 |           |       |
|     Using Both TX_REG and RX_REG |  355 |    55 |           |       |
|   SLR1 -> SLR0                   | 1390 |       |           |  6.03 |
|     Using TX_REG only            |   62 |    62 |           |       |
|     Using RX_REG only            |   72 |    71 |           |       |
|     Using Both TX_REG and RX_REG |  439 |    60 |           |       |
+----------------------------------+------+-------+-----------+-------+
| Total SLLs Used                  | 6470 |       |           |       |
+----------------------------------+------+-------+-----------+-------+


2. SLR Connectivity Matrix
--------------------------

+-----------+------+------+------+
| FROM \ TO | SLR2 | SLR1 | SLR0 |
+-----------+------+------+------+
| SLR2      |    0 | 1674 |  192 |
| SLR1      | 1937 |    0 | 1198 |
| SLR0      |  142 |  993 |    0 |
+-----------+------+------+------+


3. SLR CLB Logic and Dedicated Block Utilization
------------------------------------------------

+----------------------------+-------+-------+-------+--------+--------+--------+
|          Site Type         |  SLR0 |  SLR1 |  SLR2 | SLR0 % | SLR1 % | SLR2 % |
+----------------------------+-------+-------+-------+--------+--------+--------+
| CLB                        |  8828 |  7619 |  8249 |  16.06 |  14.11 |  15.28 |
|   CLBL                     |  4399 |  3895 |  4216 |  15.02 |  13.30 |  14.40 |
|   CLBM                     |  4429 |  3724 |  4033 |  17.25 |  15.06 |  16.31 |
| CLB LUTs                   | 27184 | 47601 | 35378 |   6.18 |  11.02 |   8.19 |
|   LUT as Logic             | 22545 | 43631 | 32340 |   5.13 |  10.10 |   7.49 |
|     using O5 output only   |   556 |   287 |  1005 |   0.13 |   0.07 |   0.23 |
|     using O6 output only   | 14929 | 34234 | 19536 |   3.40 |   7.92 |   4.52 |
|     using O5 and O6        |  7060 |  9110 | 11799 |   1.61 |   2.11 |   2.73 |
|   LUT as Memory            |  4639 |  3970 |  3038 |   2.26 |   2.01 |   1.54 |
|     LUT as Distributed RAM |  1832 |  3837 |  1660 |   0.89 |   1.94 |   0.84 |
|       using O5 output only |     0 |     0 |     0 |   0.00 |   0.00 |   0.00 |
|       using O6 output only |    88 |   215 |    84 |   0.04 |   0.11 |   0.04 |
|       using O5 and O6      |  1744 |  3622 |  1576 |   0.85 |   1.83 |   0.80 |
|     LUT as Shift Register  |  2807 |   133 |  1378 |   1.37 |   0.07 |   0.70 |
|       using O5 output only |     0 |     0 |     0 |   0.00 |   0.00 |   0.00 |
|       using O6 output only |  1637 |   133 |  1248 |   0.80 |   0.07 |   0.63 |
|       using O5 and O6      |  1170 |     0 |   130 |   0.57 |   0.00 |   0.07 |
| CLB Registers              | 59072 | 46247 | 60811 |   6.72 |   5.35 |   7.04 |
| CARRY8                     |   475 |   473 |   313 |   0.86 |   0.88 |   0.58 |
| F7 Muxes                   |   675 |   651 |  1054 |   0.31 |   0.30 |   0.49 |
| F8 Muxes                   |    16 |   141 |    47 |   0.01 |   0.13 |   0.04 |
| F9 Muxes                   |     0 |     0 |     0 |   0.00 |   0.00 |   0.00 |
| Block RAM Tile             |  50.5 |  80.5 |    94 |   7.51 |  11.98 |  13.99 |
|   RAMB36/FIFO              |    48 |    80 |    92 |   7.14 |  11.90 |  13.69 |
|     RAMB36E2 only          |    48 |    80 |    92 |   7.14 |  11.90 |  13.69 |
|   RAMB18                   |     5 |     1 |     4 |   0.37 |   0.07 |   0.30 |
|     RAMB18E2 only          |     5 |     1 |     4 |   0.37 |   0.07 |   0.30 |
| URAM                       |     0 |     0 |     0 |   0.00 |   0.00 |   0.00 |
| DSPs                       |     0 |     0 |     4 |   0.00 |   0.00 |   0.13 |
| Unique Control Sets        |  1786 |  1498 |  2728 |   1.62 |   1.39 |   2.53 |
+----------------------------+-------+-------+-------+--------+--------+--------+
* Note: Available Control Sets based on CLB Registers / 8


4. SLR IO Utilization
---------------------

+-----------+-----------+---------+------------+----------+------------+----------+-----+
| SLR Index | Used IOBs | (%)IOBs | Used IPADs | (%)IPADs | Used OPADs | (%)OPADs | GTs |
+-----------+-----------+---------+------------+----------+------------+----------+-----+
| SLR2      |        18 |    8.65 |          0 |     0.00 |          0 |     0.00 |   0 |
| SLR1      |         0 |    0.00 |          0 |     0.00 |          0 |     0.00 |   0 |
| SLR0      |         1 |    0.48 |          0 |     0.00 |          0 |     0.00 |  16 |
+-----------+-----------+---------+------------+----------+------------+----------+-----+
| Total     |        19 |         |          0 |          |          0 |          |  16 |
+-----------+-----------+---------+------------+----------+------------+----------+-----+


