
*** Running vivado
    with args -log pfm_dynamic_krnl_vaddmul_3_0.vds -m64 -product Vivado -mode batch -messageDb vivado.pb -notrace -source pfm_dynamic_krnl_vaddmul_3_0.tcl


****** Vivado v2021.2 (64-bit)
  **** SW Build 3367213 on Tue Oct 19 02:47:39 MDT 2021
  **** IP Build 3369179 on Thu Oct 21 08:25:16 MDT 2021
    ** Copyright 1986-2021 Xilinx, Inc. All Rights Reserved.

source pfm_dynamic_krnl_vaddmul_3_0.tcl -notrace
INFO: Dispatch client connection id - 39099
create_project: Time (s): cpu = 00:00:05 ; elapsed = 00:00:06 . Memory (MB): peak = 2731.742 ; gain = 0.023 ; free physical = 23737 ; free virtual = 499733
INFO: [IP_Flow 19-234] Refreshing IP repositories
INFO: [IP_Flow 19-1700] Loaded user IP repository '/home/ziyuanwang/hbm/Vitis_Accel_Examples/performance/hbm_bandwidth/_x_3cores_nopragaddadd_33.hw.xilinx_u280_xdma_201920_3/link/int/xo/ip_repo/xilinx_com_hls_krnl_vaddmul_1_0'.
INFO: [IP_Flow 19-1700] Loaded user IP repository '/home/ziyuanwang/hbm/Vitis_Accel_Examples/performance/hbm_bandwidth/_x_3cores_nopragaddadd_33.hw.xilinx_u280_xdma_201920_3/link/vivado/vpl/.local/hw_platform/iprepo'.
INFO: [IP_Flow 19-1700] Loaded user IP repository '/tools/Xilinx/Vitis/2021.2/data/cache/xilinx'.
INFO: [IP_Flow 19-1700] Loaded user IP repository '/home/ziyuanwang/hbm/Vitis_Accel_Examples/performance/hbm_bandwidth/_x_3cores_nopragaddadd_33.hw.xilinx_u280_xdma_201920_3/link/vivado/vpl/.local/hw_platform/ipcache'.
INFO: [IP_Flow 19-1700] Loaded user IP repository '/tools/Xilinx/Vitis/2021.2/data/ip'.
INFO: [IP_Flow 19-2313] Loaded Vivado IP repository '/tools/Xilinx/Vivado/2021.2/data/ip'.
Command: synth_design -top pfm_dynamic_krnl_vaddmul_3_0 -part xcu280-fsvh2892-2L-e -directive sdx_optimization_effort_high -mode out_of_context
Starting synth_design
Attempting to get a license for feature 'Synthesis' and/or device 'xcu280'
INFO: [Common 17-349] Got license for feature 'Synthesis' and/or device 'xcu280'
INFO: [Device 21-403] Loading part xcu280-fsvh2892-2L-e
INFO: [Synth 8-7079] Multithreading enabled for synth_design using a maximum of 1 processes.
INFO: [Synth 8-7078] Launching helper process for spawning children vivado processes
INFO: [Synth 8-7075] Helper process launched with PID 2214769
---------------------------------------------------------------------------------
Starting RTL Elaboration : Time (s): cpu = 00:00:03 ; elapsed = 00:00:04 . Memory (MB): peak = 3517.062 ; gain = 285.668 ; free physical = 21416 ; free virtual = 497426
---------------------------------------------------------------------------------
INFO: [Synth 8-6157] synthesizing module 'pfm_dynamic_krnl_vaddmul_3_0' [/home/ziyuanwang/hbm/Vitis_Accel_Examples/performance/hbm_bandwidth/_x_3cores_nopragaddadd_33.hw.xilinx_u280_xdma_201920_3/link/vivado/vpl/prj/prj.gen/my_rm/bd/bd/ip/pfm_dynamic_krnl_vaddmul_3_0/synth/pfm_dynamic_krnl_vaddmul_3_0.v:59]
INFO: [Synth 8-6157] synthesizing module 'krnl_vaddmul' [/home/ziyuanwang/hbm/Vitis_Accel_Examples/performance/hbm_bandwidth/_x_3cores_nopragaddadd_33.hw.xilinx_u280_xdma_201920_3/link/vivado/vpl/prj/prj.gen/my_rm/bd/bd/ipshared/a72a/hdl/verilog/krnl_vaddmul.v:12]
INFO: [Synth 8-6157] synthesizing module 'krnl_vaddmul_krnl_vaddmul_Pipeline_L_vops_vops1' [/home/ziyuanwang/hbm/Vitis_Accel_Examples/performance/hbm_bandwidth/_x_3cores_nopragaddadd_33.hw.xilinx_u280_xdma_201920_3/link/vivado/vpl/prj/prj.gen/my_rm/bd/bd/ipshared/a72a/hdl/verilog/krnl_vaddmul_krnl_vaddmul_Pipeline_L_vops_vops1.v:10]
INFO: [Synth 8-6157] synthesizing module 'krnl_vaddmul_flow_control_loop_pipe_sequential_init' [/home/ziyuanwang/hbm/Vitis_Accel_Examples/performance/hbm_bandwidth/_x_3cores_nopragaddadd_33.hw.xilinx_u280_xdma_201920_3/link/vivado/vpl/prj/prj.gen/my_rm/bd/bd/ipshared/a72a/hdl/verilog/krnl_vaddmul_flow_control_loop_pipe_sequential_init.v:8]
INFO: [Synth 8-6155] done synthesizing module 'krnl_vaddmul_flow_control_loop_pipe_sequential_init' (1#1) [/home/ziyuanwang/hbm/Vitis_Accel_Examples/performance/hbm_bandwidth/_x_3cores_nopragaddadd_33.hw.xilinx_u280_xdma_201920_3/link/vivado/vpl/prj/prj.gen/my_rm/bd/bd/ipshared/a72a/hdl/verilog/krnl_vaddmul_flow_control_loop_pipe_sequential_init.v:8]
INFO: [Synth 8-6155] done synthesizing module 'krnl_vaddmul_krnl_vaddmul_Pipeline_L_vops_vops1' (2#1) [/home/ziyuanwang/hbm/Vitis_Accel_Examples/performance/hbm_bandwidth/_x_3cores_nopragaddadd_33.hw.xilinx_u280_xdma_201920_3/link/vivado/vpl/prj/prj.gen/my_rm/bd/bd/ipshared/a72a/hdl/verilog/krnl_vaddmul_krnl_vaddmul_Pipeline_L_vops_vops1.v:10]
INFO: [Synth 8-6157] synthesizing module 'krnl_vaddmul_control_s_axi' [/home/ziyuanwang/hbm/Vitis_Accel_Examples/performance/hbm_bandwidth/_x_3cores_nopragaddadd_33.hw.xilinx_u280_xdma_201920_3/link/vivado/vpl/prj/prj.gen/my_rm/bd/bd/ipshared/a72a/hdl/verilog/krnl_vaddmul_control_s_axi.v:6]
INFO: [Synth 8-155] case statement is not full and has no default [/home/ziyuanwang/hbm/Vitis_Accel_Examples/performance/hbm_bandwidth/_x_3cores_nopragaddadd_33.hw.xilinx_u280_xdma_201920_3/link/vivado/vpl/prj/prj.gen/my_rm/bd/bd/ipshared/a72a/hdl/verilog/krnl_vaddmul_control_s_axi.v:250]
WARNING: [Synth 8-6014] Unused sequential element int_ap_done_reg was removed.  [/home/ziyuanwang/hbm/Vitis_Accel_Examples/performance/hbm_bandwidth/_x_3cores_nopragaddadd_33.hw.xilinx_u280_xdma_201920_3/link/vivado/vpl/prj/prj.gen/my_rm/bd/bd/ipshared/a72a/hdl/verilog/krnl_vaddmul_control_s_axi.v:331]
INFO: [Synth 8-6155] done synthesizing module 'krnl_vaddmul_control_s_axi' (3#1) [/home/ziyuanwang/hbm/Vitis_Accel_Examples/performance/hbm_bandwidth/_x_3cores_nopragaddadd_33.hw.xilinx_u280_xdma_201920_3/link/vivado/vpl/prj/prj.gen/my_rm/bd/bd/ipshared/a72a/hdl/verilog/krnl_vaddmul_control_s_axi.v:6]
INFO: [Synth 8-6157] synthesizing module 'krnl_vaddmul_gmem_m_axi' [/home/ziyuanwang/hbm/Vitis_Accel_Examples/performance/hbm_bandwidth/_x_3cores_nopragaddadd_33.hw.xilinx_u280_xdma_201920_3/link/vivado/vpl/prj/prj.gen/my_rm/bd/bd/ipshared/a72a/hdl/verilog/krnl_vaddmul_gmem_m_axi.v:8]
INFO: [Synth 8-6157] synthesizing module 'krnl_vaddmul_gmem_m_axi_write' [/home/ziyuanwang/hbm/Vitis_Accel_Examples/performance/hbm_bandwidth/_x_3cores_nopragaddadd_33.hw.xilinx_u280_xdma_201920_3/link/vivado/vpl/prj/prj.gen/my_rm/bd/bd/ipshared/a72a/hdl/verilog/krnl_vaddmul_gmem_m_axi.v:1742]
INFO: [Synth 8-6157] synthesizing module 'krnl_vaddmul_gmem_m_axi_fifo' [/home/ziyuanwang/hbm/Vitis_Accel_Examples/performance/hbm_bandwidth/_x_3cores_nopragaddadd_33.hw.xilinx_u280_xdma_201920_3/link/vivado/vpl/prj/prj.gen/my_rm/bd/bd/ipshared/a72a/hdl/verilog/krnl_vaddmul_gmem_m_axi.v:435]
INFO: [Synth 8-6155] done synthesizing module 'krnl_vaddmul_gmem_m_axi_fifo' (4#1) [/home/ziyuanwang/hbm/Vitis_Accel_Examples/performance/hbm_bandwidth/_x_3cores_nopragaddadd_33.hw.xilinx_u280_xdma_201920_3/link/vivado/vpl/prj/prj.gen/my_rm/bd/bd/ipshared/a72a/hdl/verilog/krnl_vaddmul_gmem_m_axi.v:435]
INFO: [Synth 8-6157] synthesizing module 'krnl_vaddmul_gmem_m_axi_reg_slice' [/home/ziyuanwang/hbm/Vitis_Accel_Examples/performance/hbm_bandwidth/_x_3cores_nopragaddadd_33.hw.xilinx_u280_xdma_201920_3/link/vivado/vpl/prj/prj.gen/my_rm/bd/bd/ipshared/a72a/hdl/verilog/krnl_vaddmul_gmem_m_axi.v:318]
INFO: [Synth 8-6155] done synthesizing module 'krnl_vaddmul_gmem_m_axi_reg_slice' (5#1) [/home/ziyuanwang/hbm/Vitis_Accel_Examples/performance/hbm_bandwidth/_x_3cores_nopragaddadd_33.hw.xilinx_u280_xdma_201920_3/link/vivado/vpl/prj/prj.gen/my_rm/bd/bd/ipshared/a72a/hdl/verilog/krnl_vaddmul_gmem_m_axi.v:318]
INFO: [Synth 8-6157] synthesizing module 'krnl_vaddmul_gmem_m_axi_fifo__parameterized0' [/home/ziyuanwang/hbm/Vitis_Accel_Examples/performance/hbm_bandwidth/_x_3cores_nopragaddadd_33.hw.xilinx_u280_xdma_201920_3/link/vivado/vpl/prj/prj.gen/my_rm/bd/bd/ipshared/a72a/hdl/verilog/krnl_vaddmul_gmem_m_axi.v:435]
INFO: [Synth 8-6155] done synthesizing module 'krnl_vaddmul_gmem_m_axi_fifo__parameterized0' (5#1) [/home/ziyuanwang/hbm/Vitis_Accel_Examples/performance/hbm_bandwidth/_x_3cores_nopragaddadd_33.hw.xilinx_u280_xdma_201920_3/link/vivado/vpl/prj/prj.gen/my_rm/bd/bd/ipshared/a72a/hdl/verilog/krnl_vaddmul_gmem_m_axi.v:435]
INFO: [Synth 8-6157] synthesizing module 'krnl_vaddmul_gmem_m_axi_buffer' [/home/ziyuanwang/hbm/Vitis_Accel_Examples/performance/hbm_bandwidth/_x_3cores_nopragaddadd_33.hw.xilinx_u280_xdma_201920_3/link/vivado/vpl/prj/prj.gen/my_rm/bd/bd/ipshared/a72a/hdl/verilog/krnl_vaddmul_gmem_m_axi.v:546]
WARNING: [Synth 8-589] replacing case/wildcard equality operator === with logical equality operator == [/home/ziyuanwang/hbm/Vitis_Accel_Examples/performance/hbm_bandwidth/_x_3cores_nopragaddadd_33.hw.xilinx_u280_xdma_201920_3/link/vivado/vpl/prj/prj.gen/my_rm/bd/bd/ipshared/a72a/hdl/verilog/krnl_vaddmul_gmem_m_axi.v:600]
INFO: [Synth 8-6155] done synthesizing module 'krnl_vaddmul_gmem_m_axi_buffer' (6#1) [/home/ziyuanwang/hbm/Vitis_Accel_Examples/performance/hbm_bandwidth/_x_3cores_nopragaddadd_33.hw.xilinx_u280_xdma_201920_3/link/vivado/vpl/prj/prj.gen/my_rm/bd/bd/ipshared/a72a/hdl/verilog/krnl_vaddmul_gmem_m_axi.v:546]
INFO: [Synth 8-6157] synthesizing module 'krnl_vaddmul_gmem_m_axi_fifo__parameterized1' [/home/ziyuanwang/hbm/Vitis_Accel_Examples/performance/hbm_bandwidth/_x_3cores_nopragaddadd_33.hw.xilinx_u280_xdma_201920_3/link/vivado/vpl/prj/prj.gen/my_rm/bd/bd/ipshared/a72a/hdl/verilog/krnl_vaddmul_gmem_m_axi.v:435]
INFO: [Synth 8-6155] done synthesizing module 'krnl_vaddmul_gmem_m_axi_fifo__parameterized1' (6#1) [/home/ziyuanwang/hbm/Vitis_Accel_Examples/performance/hbm_bandwidth/_x_3cores_nopragaddadd_33.hw.xilinx_u280_xdma_201920_3/link/vivado/vpl/prj/prj.gen/my_rm/bd/bd/ipshared/a72a/hdl/verilog/krnl_vaddmul_gmem_m_axi.v:435]
INFO: [Synth 8-6157] synthesizing module 'krnl_vaddmul_gmem_m_axi_fifo__parameterized2' [/home/ziyuanwang/hbm/Vitis_Accel_Examples/performance/hbm_bandwidth/_x_3cores_nopragaddadd_33.hw.xilinx_u280_xdma_201920_3/link/vivado/vpl/prj/prj.gen/my_rm/bd/bd/ipshared/a72a/hdl/verilog/krnl_vaddmul_gmem_m_axi.v:435]
INFO: [Synth 8-6155] done synthesizing module 'krnl_vaddmul_gmem_m_axi_fifo__parameterized2' (6#1) [/home/ziyuanwang/hbm/Vitis_Accel_Examples/performance/hbm_bandwidth/_x_3cores_nopragaddadd_33.hw.xilinx_u280_xdma_201920_3/link/vivado/vpl/prj/prj.gen/my_rm/bd/bd/ipshared/a72a/hdl/verilog/krnl_vaddmul_gmem_m_axi.v:435]
WARNING: [Synth 8-6014] Unused sequential element sect_end_buf_reg was removed.  [/home/ziyuanwang/hbm/Vitis_Accel_Examples/performance/hbm_bandwidth/_x_3cores_nopragaddadd_33.hw.xilinx_u280_xdma_201920_3/link/vivado/vpl/prj/prj.gen/my_rm/bd/bd/ipshared/a72a/hdl/verilog/krnl_vaddmul_gmem_m_axi.v:2111]
INFO: [Synth 8-6155] done synthesizing module 'krnl_vaddmul_gmem_m_axi_write' (7#1) [/home/ziyuanwang/hbm/Vitis_Accel_Examples/performance/hbm_bandwidth/_x_3cores_nopragaddadd_33.hw.xilinx_u280_xdma_201920_3/link/vivado/vpl/prj/prj.gen/my_rm/bd/bd/ipshared/a72a/hdl/verilog/krnl_vaddmul_gmem_m_axi.v:1742]
INFO: [Synth 8-6157] synthesizing module 'krnl_vaddmul_gmem_m_axi_read' [/home/ziyuanwang/hbm/Vitis_Accel_Examples/performance/hbm_bandwidth/_x_3cores_nopragaddadd_33.hw.xilinx_u280_xdma_201920_3/link/vivado/vpl/prj/prj.gen/my_rm/bd/bd/ipshared/a72a/hdl/verilog/krnl_vaddmul_gmem_m_axi.v:951]
INFO: [Synth 8-6157] synthesizing module 'krnl_vaddmul_gmem_m_axi_buffer__parameterized0' [/home/ziyuanwang/hbm/Vitis_Accel_Examples/performance/hbm_bandwidth/_x_3cores_nopragaddadd_33.hw.xilinx_u280_xdma_201920_3/link/vivado/vpl/prj/prj.gen/my_rm/bd/bd/ipshared/a72a/hdl/verilog/krnl_vaddmul_gmem_m_axi.v:546]
WARNING: [Synth 8-589] replacing case/wildcard equality operator === with logical equality operator == [/home/ziyuanwang/hbm/Vitis_Accel_Examples/performance/hbm_bandwidth/_x_3cores_nopragaddadd_33.hw.xilinx_u280_xdma_201920_3/link/vivado/vpl/prj/prj.gen/my_rm/bd/bd/ipshared/a72a/hdl/verilog/krnl_vaddmul_gmem_m_axi.v:600]
INFO: [Synth 8-6155] done synthesizing module 'krnl_vaddmul_gmem_m_axi_buffer__parameterized0' (7#1) [/home/ziyuanwang/hbm/Vitis_Accel_Examples/performance/hbm_bandwidth/_x_3cores_nopragaddadd_33.hw.xilinx_u280_xdma_201920_3/link/vivado/vpl/prj/prj.gen/my_rm/bd/bd/ipshared/a72a/hdl/verilog/krnl_vaddmul_gmem_m_axi.v:546]
INFO: [Synth 8-6157] synthesizing module 'krnl_vaddmul_gmem_m_axi_reg_slice__parameterized0' [/home/ziyuanwang/hbm/Vitis_Accel_Examples/performance/hbm_bandwidth/_x_3cores_nopragaddadd_33.hw.xilinx_u280_xdma_201920_3/link/vivado/vpl/prj/prj.gen/my_rm/bd/bd/ipshared/a72a/hdl/verilog/krnl_vaddmul_gmem_m_axi.v:318]
INFO: [Synth 8-6155] done synthesizing module 'krnl_vaddmul_gmem_m_axi_reg_slice__parameterized0' (7#1) [/home/ziyuanwang/hbm/Vitis_Accel_Examples/performance/hbm_bandwidth/_x_3cores_nopragaddadd_33.hw.xilinx_u280_xdma_201920_3/link/vivado/vpl/prj/prj.gen/my_rm/bd/bd/ipshared/a72a/hdl/verilog/krnl_vaddmul_gmem_m_axi.v:318]
WARNING: [Synth 8-6014] Unused sequential element sect_end_buf_reg was removed.  [/home/ziyuanwang/hbm/Vitis_Accel_Examples/performance/hbm_bandwidth/_x_3cores_nopragaddadd_33.hw.xilinx_u280_xdma_201920_3/link/vivado/vpl/prj/prj.gen/my_rm/bd/bd/ipshared/a72a/hdl/verilog/krnl_vaddmul_gmem_m_axi.v:1237]
INFO: [Synth 8-6155] done synthesizing module 'krnl_vaddmul_gmem_m_axi_read' (8#1) [/home/ziyuanwang/hbm/Vitis_Accel_Examples/performance/hbm_bandwidth/_x_3cores_nopragaddadd_33.hw.xilinx_u280_xdma_201920_3/link/vivado/vpl/prj/prj.gen/my_rm/bd/bd/ipshared/a72a/hdl/verilog/krnl_vaddmul_gmem_m_axi.v:951]
INFO: [Synth 8-6157] synthesizing module 'krnl_vaddmul_gmem_m_axi_throttle' [/home/ziyuanwang/hbm/Vitis_Accel_Examples/performance/hbm_bandwidth/_x_3cores_nopragaddadd_33.hw.xilinx_u280_xdma_201920_3/link/vivado/vpl/prj/prj.gen/my_rm/bd/bd/ipshared/a72a/hdl/verilog/krnl_vaddmul_gmem_m_axi.v:728]
INFO: [Synth 8-6157] synthesizing module 'krnl_vaddmul_gmem_m_axi_reg_slice__parameterized1' [/home/ziyuanwang/hbm/Vitis_Accel_Examples/performance/hbm_bandwidth/_x_3cores_nopragaddadd_33.hw.xilinx_u280_xdma_201920_3/link/vivado/vpl/prj/prj.gen/my_rm/bd/bd/ipshared/a72a/hdl/verilog/krnl_vaddmul_gmem_m_axi.v:318]
INFO: [Synth 8-6155] done synthesizing module 'krnl_vaddmul_gmem_m_axi_reg_slice__parameterized1' (8#1) [/home/ziyuanwang/hbm/Vitis_Accel_Examples/performance/hbm_bandwidth/_x_3cores_nopragaddadd_33.hw.xilinx_u280_xdma_201920_3/link/vivado/vpl/prj/prj.gen/my_rm/bd/bd/ipshared/a72a/hdl/verilog/krnl_vaddmul_gmem_m_axi.v:318]
INFO: [Synth 8-6157] synthesizing module 'krnl_vaddmul_gmem_m_axi_fifo__parameterized3' [/home/ziyuanwang/hbm/Vitis_Accel_Examples/performance/hbm_bandwidth/_x_3cores_nopragaddadd_33.hw.xilinx_u280_xdma_201920_3/link/vivado/vpl/prj/prj.gen/my_rm/bd/bd/ipshared/a72a/hdl/verilog/krnl_vaddmul_gmem_m_axi.v:435]
INFO: [Synth 8-6155] done synthesizing module 'krnl_vaddmul_gmem_m_axi_fifo__parameterized3' (8#1) [/home/ziyuanwang/hbm/Vitis_Accel_Examples/performance/hbm_bandwidth/_x_3cores_nopragaddadd_33.hw.xilinx_u280_xdma_201920_3/link/vivado/vpl/prj/prj.gen/my_rm/bd/bd/ipshared/a72a/hdl/verilog/krnl_vaddmul_gmem_m_axi.v:435]
INFO: [Synth 8-6157] synthesizing module 'krnl_vaddmul_gmem_m_axi_fifo__parameterized4' [/home/ziyuanwang/hbm/Vitis_Accel_Examples/performance/hbm_bandwidth/_x_3cores_nopragaddadd_33.hw.xilinx_u280_xdma_201920_3/link/vivado/vpl/prj/prj.gen/my_rm/bd/bd/ipshared/a72a/hdl/verilog/krnl_vaddmul_gmem_m_axi.v:435]
INFO: [Synth 8-6155] done synthesizing module 'krnl_vaddmul_gmem_m_axi_fifo__parameterized4' (8#1) [/home/ziyuanwang/hbm/Vitis_Accel_Examples/performance/hbm_bandwidth/_x_3cores_nopragaddadd_33.hw.xilinx_u280_xdma_201920_3/link/vivado/vpl/prj/prj.gen/my_rm/bd/bd/ipshared/a72a/hdl/verilog/krnl_vaddmul_gmem_m_axi.v:435]
INFO: [Synth 8-6155] done synthesizing module 'krnl_vaddmul_gmem_m_axi_throttle' (9#1) [/home/ziyuanwang/hbm/Vitis_Accel_Examples/performance/hbm_bandwidth/_x_3cores_nopragaddadd_33.hw.xilinx_u280_xdma_201920_3/link/vivado/vpl/prj/prj.gen/my_rm/bd/bd/ipshared/a72a/hdl/verilog/krnl_vaddmul_gmem_m_axi.v:728]
INFO: [Synth 8-6155] done synthesizing module 'krnl_vaddmul_gmem_m_axi' (10#1) [/home/ziyuanwang/hbm/Vitis_Accel_Examples/performance/hbm_bandwidth/_x_3cores_nopragaddadd_33.hw.xilinx_u280_xdma_201920_3/link/vivado/vpl/prj/prj.gen/my_rm/bd/bd/ipshared/a72a/hdl/verilog/krnl_vaddmul_gmem_m_axi.v:8]
INFO: [Synth 8-6157] synthesizing module 'krnl_vaddmul_mul_32ns_34ns_65_2_1' [/home/ziyuanwang/hbm/Vitis_Accel_Examples/performance/hbm_bandwidth/_x_3cores_nopragaddadd_33.hw.xilinx_u280_xdma_201920_3/link/vivado/vpl/prj/prj.gen/my_rm/bd/bd/ipshared/a72a/hdl/verilog/krnl_vaddmul_mul_32ns_34ns_65_2_1.v:9]
INFO: [Synth 8-6155] done synthesizing module 'krnl_vaddmul_mul_32ns_34ns_65_2_1' (11#1) [/home/ziyuanwang/hbm/Vitis_Accel_Examples/performance/hbm_bandwidth/_x_3cores_nopragaddadd_33.hw.xilinx_u280_xdma_201920_3/link/vivado/vpl/prj/prj.gen/my_rm/bd/bd/ipshared/a72a/hdl/verilog/krnl_vaddmul_mul_32ns_34ns_65_2_1.v:9]
INFO: [Synth 8-6157] synthesizing module 'krnl_vaddmul_mul_32ns_27ns_59_2_1' [/home/ziyuanwang/hbm/Vitis_Accel_Examples/performance/hbm_bandwidth/_x_3cores_nopragaddadd_33.hw.xilinx_u280_xdma_201920_3/link/vivado/vpl/prj/prj.gen/my_rm/bd/bd/ipshared/a72a/hdl/verilog/krnl_vaddmul_mul_32ns_27ns_59_2_1.v:9]
INFO: [Synth 8-6155] done synthesizing module 'krnl_vaddmul_mul_32ns_27ns_59_2_1' (12#1) [/home/ziyuanwang/hbm/Vitis_Accel_Examples/performance/hbm_bandwidth/_x_3cores_nopragaddadd_33.hw.xilinx_u280_xdma_201920_3/link/vivado/vpl/prj/prj.gen/my_rm/bd/bd/ipshared/a72a/hdl/verilog/krnl_vaddmul_mul_32ns_27ns_59_2_1.v:9]
INFO: [Synth 8-6155] done synthesizing module 'krnl_vaddmul' (13#1) [/home/ziyuanwang/hbm/Vitis_Accel_Examples/performance/hbm_bandwidth/_x_3cores_nopragaddadd_33.hw.xilinx_u280_xdma_201920_3/link/vivado/vpl/prj/prj.gen/my_rm/bd/bd/ipshared/a72a/hdl/verilog/krnl_vaddmul.v:12]
INFO: [Synth 8-6155] done synthesizing module 'pfm_dynamic_krnl_vaddmul_3_0' (14#1) [/home/ziyuanwang/hbm/Vitis_Accel_Examples/performance/hbm_bandwidth/_x_3cores_nopragaddadd_33.hw.xilinx_u280_xdma_201920_3/link/vivado/vpl/prj/prj.gen/my_rm/bd/bd/ip/pfm_dynamic_krnl_vaddmul_3_0/synth/pfm_dynamic_krnl_vaddmul_3_0.v:59]
WARNING: [Synth 8-7129] Port reset in module krnl_vaddmul_mul_32ns_27ns_59_2_1 is either unconnected or has no load
WARNING: [Synth 8-7129] Port reset in module krnl_vaddmul_mul_32ns_34ns_65_2_1 is either unconnected or has no load
WARNING: [Synth 8-7129] Port in_BUS_RID[0] in module krnl_vaddmul_gmem_m_axi_read is either unconnected or has no load
WARNING: [Synth 8-7129] Port in_BUS_RUSER[0] in module krnl_vaddmul_gmem_m_axi_read is either unconnected or has no load
WARNING: [Synth 8-7129] Port in_HLS_ARCACHE[3] in module krnl_vaddmul_gmem_m_axi_read is either unconnected or has no load
WARNING: [Synth 8-7129] Port in_HLS_ARCACHE[2] in module krnl_vaddmul_gmem_m_axi_read is either unconnected or has no load
WARNING: [Synth 8-7129] Port in_HLS_ARCACHE[1] in module krnl_vaddmul_gmem_m_axi_read is either unconnected or has no load
WARNING: [Synth 8-7129] Port in_HLS_ARCACHE[0] in module krnl_vaddmul_gmem_m_axi_read is either unconnected or has no load
WARNING: [Synth 8-7129] Port in_HLS_ARPROT[2] in module krnl_vaddmul_gmem_m_axi_read is either unconnected or has no load
WARNING: [Synth 8-7129] Port in_HLS_ARPROT[1] in module krnl_vaddmul_gmem_m_axi_read is either unconnected or has no load
WARNING: [Synth 8-7129] Port in_HLS_ARPROT[0] in module krnl_vaddmul_gmem_m_axi_read is either unconnected or has no load
WARNING: [Synth 8-7129] Port in_HLS_ARUSER[0] in module krnl_vaddmul_gmem_m_axi_read is either unconnected or has no load
WARNING: [Synth 8-7129] Port in_BUS_BID[0] in module krnl_vaddmul_gmem_m_axi_write is either unconnected or has no load
WARNING: [Synth 8-7129] Port in_BUS_BUSER[0] in module krnl_vaddmul_gmem_m_axi_write is either unconnected or has no load
WARNING: [Synth 8-7129] Port in_HLS_AWCACHE[3] in module krnl_vaddmul_gmem_m_axi_write is either unconnected or has no load
WARNING: [Synth 8-7129] Port in_HLS_AWCACHE[2] in module krnl_vaddmul_gmem_m_axi_write is either unconnected or has no load
WARNING: [Synth 8-7129] Port in_HLS_AWCACHE[1] in module krnl_vaddmul_gmem_m_axi_write is either unconnected or has no load
WARNING: [Synth 8-7129] Port in_HLS_AWCACHE[0] in module krnl_vaddmul_gmem_m_axi_write is either unconnected or has no load
WARNING: [Synth 8-7129] Port in_HLS_AWPROT[2] in module krnl_vaddmul_gmem_m_axi_write is either unconnected or has no load
WARNING: [Synth 8-7129] Port in_HLS_AWPROT[1] in module krnl_vaddmul_gmem_m_axi_write is either unconnected or has no load
WARNING: [Synth 8-7129] Port in_HLS_AWPROT[0] in module krnl_vaddmul_gmem_m_axi_write is either unconnected or has no load
WARNING: [Synth 8-7129] Port in_HLS_AWUSER[0] in module krnl_vaddmul_gmem_m_axi_write is either unconnected or has no load
WARNING: [Synth 8-7129] Port in_HLS_WUSER[0] in module krnl_vaddmul_gmem_m_axi_write is either unconnected or has no load
WARNING: [Synth 8-7129] Port I_AWID[0] in module krnl_vaddmul_gmem_m_axi is either unconnected or has no load
WARNING: [Synth 8-7129] Port I_AWSIZE[2] in module krnl_vaddmul_gmem_m_axi is either unconnected or has no load
WARNING: [Synth 8-7129] Port I_AWSIZE[1] in module krnl_vaddmul_gmem_m_axi is either unconnected or has no load
WARNING: [Synth 8-7129] Port I_AWSIZE[0] in module krnl_vaddmul_gmem_m_axi is either unconnected or has no load
WARNING: [Synth 8-7129] Port I_AWBURST[1] in module krnl_vaddmul_gmem_m_axi is either unconnected or has no load
WARNING: [Synth 8-7129] Port I_AWBURST[0] in module krnl_vaddmul_gmem_m_axi is either unconnected or has no load
WARNING: [Synth 8-7129] Port I_AWLOCK[1] in module krnl_vaddmul_gmem_m_axi is either unconnected or has no load
WARNING: [Synth 8-7129] Port I_AWLOCK[0] in module krnl_vaddmul_gmem_m_axi is either unconnected or has no load
WARNING: [Synth 8-7129] Port I_WID[0] in module krnl_vaddmul_gmem_m_axi is either unconnected or has no load
WARNING: [Synth 8-7129] Port I_WLAST in module krnl_vaddmul_gmem_m_axi is either unconnected or has no load
WARNING: [Synth 8-7129] Port I_ARID[0] in module krnl_vaddmul_gmem_m_axi is either unconnected or has no load
WARNING: [Synth 8-7129] Port I_ARSIZE[2] in module krnl_vaddmul_gmem_m_axi is either unconnected or has no load
WARNING: [Synth 8-7129] Port I_ARSIZE[1] in module krnl_vaddmul_gmem_m_axi is either unconnected or has no load
WARNING: [Synth 8-7129] Port I_ARSIZE[0] in module krnl_vaddmul_gmem_m_axi is either unconnected or has no load
WARNING: [Synth 8-7129] Port I_ARBURST[1] in module krnl_vaddmul_gmem_m_axi is either unconnected or has no load
WARNING: [Synth 8-7129] Port I_ARBURST[0] in module krnl_vaddmul_gmem_m_axi is either unconnected or has no load
WARNING: [Synth 8-7129] Port I_ARLOCK[1] in module krnl_vaddmul_gmem_m_axi is either unconnected or has no load
WARNING: [Synth 8-7129] Port I_ARLOCK[0] in module krnl_vaddmul_gmem_m_axi is either unconnected or has no load
WARNING: [Synth 8-7129] Port m_axi_gmem_RLAST in module krnl_vaddmul_krnl_vaddmul_Pipeline_L_vops_vops1 is either unconnected or has no load
WARNING: [Synth 8-7129] Port m_axi_gmem_RID[0] in module krnl_vaddmul_krnl_vaddmul_Pipeline_L_vops_vops1 is either unconnected or has no load
WARNING: [Synth 8-7129] Port m_axi_gmem_RFIFONUM[8] in module krnl_vaddmul_krnl_vaddmul_Pipeline_L_vops_vops1 is either unconnected or has no load
WARNING: [Synth 8-7129] Port m_axi_gmem_RFIFONUM[7] in module krnl_vaddmul_krnl_vaddmul_Pipeline_L_vops_vops1 is either unconnected or has no load
WARNING: [Synth 8-7129] Port m_axi_gmem_RFIFONUM[6] in module krnl_vaddmul_krnl_vaddmul_Pipeline_L_vops_vops1 is either unconnected or has no load
WARNING: [Synth 8-7129] Port m_axi_gmem_RFIFONUM[5] in module krnl_vaddmul_krnl_vaddmul_Pipeline_L_vops_vops1 is either unconnected or has no load
WARNING: [Synth 8-7129] Port m_axi_gmem_RFIFONUM[4] in module krnl_vaddmul_krnl_vaddmul_Pipeline_L_vops_vops1 is either unconnected or has no load
WARNING: [Synth 8-7129] Port m_axi_gmem_RFIFONUM[3] in module krnl_vaddmul_krnl_vaddmul_Pipeline_L_vops_vops1 is either unconnected or has no load
WARNING: [Synth 8-7129] Port m_axi_gmem_RFIFONUM[2] in module krnl_vaddmul_krnl_vaddmul_Pipeline_L_vops_vops1 is either unconnected or has no load
WARNING: [Synth 8-7129] Port m_axi_gmem_RFIFONUM[1] in module krnl_vaddmul_krnl_vaddmul_Pipeline_L_vops_vops1 is either unconnected or has no load
WARNING: [Synth 8-7129] Port m_axi_gmem_RFIFONUM[0] in module krnl_vaddmul_krnl_vaddmul_Pipeline_L_vops_vops1 is either unconnected or has no load
WARNING: [Synth 8-7129] Port m_axi_gmem_RUSER[0] in module krnl_vaddmul_krnl_vaddmul_Pipeline_L_vops_vops1 is either unconnected or has no load
WARNING: [Synth 8-7129] Port m_axi_gmem_RRESP[1] in module krnl_vaddmul_krnl_vaddmul_Pipeline_L_vops_vops1 is either unconnected or has no load
WARNING: [Synth 8-7129] Port m_axi_gmem_RRESP[0] in module krnl_vaddmul_krnl_vaddmul_Pipeline_L_vops_vops1 is either unconnected or has no load
WARNING: [Synth 8-7129] Port m_axi_gmem_BRESP[1] in module krnl_vaddmul_krnl_vaddmul_Pipeline_L_vops_vops1 is either unconnected or has no load
WARNING: [Synth 8-7129] Port m_axi_gmem_BRESP[0] in module krnl_vaddmul_krnl_vaddmul_Pipeline_L_vops_vops1 is either unconnected or has no load
WARNING: [Synth 8-7129] Port m_axi_gmem_BID[0] in module krnl_vaddmul_krnl_vaddmul_Pipeline_L_vops_vops1 is either unconnected or has no load
WARNING: [Synth 8-7129] Port m_axi_gmem_BUSER[0] in module krnl_vaddmul_krnl_vaddmul_Pipeline_L_vops_vops1 is either unconnected or has no load
---------------------------------------------------------------------------------
Finished RTL Elaboration : Time (s): cpu = 00:00:06 ; elapsed = 00:00:07 . Memory (MB): peak = 3632.375 ; gain = 400.980 ; free physical = 22023 ; free virtual = 498037
---------------------------------------------------------------------------------
---------------------------------------------------------------------------------
Start Handling Custom Attributes
---------------------------------------------------------------------------------
---------------------------------------------------------------------------------
Finished Handling Custom Attributes : Time (s): cpu = 00:00:07 ; elapsed = 00:00:11 . Memory (MB): peak = 3650.188 ; gain = 418.793 ; free physical = 22024 ; free virtual = 498041
---------------------------------------------------------------------------------
---------------------------------------------------------------------------------
Finished RTL Optimization Phase 1 : Time (s): cpu = 00:00:07 ; elapsed = 00:00:11 . Memory (MB): peak = 3650.188 ; gain = 418.793 ; free physical = 22024 ; free virtual = 498041
---------------------------------------------------------------------------------
Netlist sorting complete. Time (s): cpu = 00:00:00.45 ; elapsed = 00:00:00.45 . Memory (MB): peak = 3650.188 ; gain = 0.000 ; free physical = 21951 ; free virtual = 497969
INFO: [Project 1-570] Preparing netlist for logic optimization

Processing XDC Constraints
Initializing timing engine
Parsing XDC File [/home/ziyuanwang/hbm/Vitis_Accel_Examples/performance/hbm_bandwidth/_x_3cores_nopragaddadd_33.hw.xilinx_u280_xdma_201920_3/link/vivado/vpl/prj/prj.gen/my_rm/bd/bd/ip/pfm_dynamic_krnl_vaddmul_3_0/constraints/krnl_vaddmul_ooc.xdc] for cell 'inst'
Finished Parsing XDC File [/home/ziyuanwang/hbm/Vitis_Accel_Examples/performance/hbm_bandwidth/_x_3cores_nopragaddadd_33.hw.xilinx_u280_xdma_201920_3/link/vivado/vpl/prj/prj.gen/my_rm/bd/bd/ip/pfm_dynamic_krnl_vaddmul_3_0/constraints/krnl_vaddmul_ooc.xdc] for cell 'inst'
Parsing XDC File [/home/ziyuanwang/hbm/Vitis_Accel_Examples/performance/hbm_bandwidth/_x_3cores_nopragaddadd_33.hw.xilinx_u280_xdma_201920_3/link/vivado/vpl/prj/prj.runs/pfm_dynamic_krnl_vaddmul_3_0_synth_1/dont_touch.xdc]
Finished Parsing XDC File [/home/ziyuanwang/hbm/Vitis_Accel_Examples/performance/hbm_bandwidth/_x_3cores_nopragaddadd_33.hw.xilinx_u280_xdma_201920_3/link/vivado/vpl/prj/prj.runs/pfm_dynamic_krnl_vaddmul_3_0_synth_1/dont_touch.xdc]
Completed Processing XDC Constraints

Netlist sorting complete. Time (s): cpu = 00:00:00 ; elapsed = 00:00:00 . Memory (MB): peak = 3906.219 ; gain = 0.000 ; free physical = 21713 ; free virtual = 497731
INFO: [Project 1-111] Unisim Transformation Summary:
No Unisim elements were transformed.

Constraint Validation Runtime : Time (s): cpu = 00:00:01 ; elapsed = 00:00:02 . Memory (MB): peak = 3929.031 ; gain = 22.812 ; free physical = 21705 ; free virtual = 497723
---------------------------------------------------------------------------------
Finished Constraint Validation : Time (s): cpu = 00:00:24 ; elapsed = 00:00:31 . Memory (MB): peak = 3929.031 ; gain = 697.637 ; free physical = 21995 ; free virtual = 498014
---------------------------------------------------------------------------------
---------------------------------------------------------------------------------
Start Loading Part and Timing Information
---------------------------------------------------------------------------------
Loading part: xcu280-fsvh2892-2L-e
INFO: [Synth 8-6742] Reading net delay rules and data
---------------------------------------------------------------------------------
Finished Loading Part and Timing Information : Time (s): cpu = 00:00:24 ; elapsed = 00:00:31 . Memory (MB): peak = 3929.031 ; gain = 697.637 ; free physical = 21995 ; free virtual = 498014
---------------------------------------------------------------------------------
---------------------------------------------------------------------------------
Start Applying 'set_property' XDC Constraints
---------------------------------------------------------------------------------
Applied set_property KEEP_HIERARCHY = SOFT for inst. (constraint file  /home/ziyuanwang/hbm/Vitis_Accel_Examples/performance/hbm_bandwidth/_x_3cores_nopragaddadd_33.hw.xilinx_u280_xdma_201920_3/link/vivado/vpl/prj/prj.runs/pfm_dynamic_krnl_vaddmul_3_0_synth_1/dont_touch.xdc, line 9).
---------------------------------------------------------------------------------
Finished applying 'set_property' XDC Constraints : Time (s): cpu = 00:00:24 ; elapsed = 00:00:31 . Memory (MB): peak = 3929.031 ; gain = 697.637 ; free physical = 21995 ; free virtual = 498014
---------------------------------------------------------------------------------
INFO: [Synth 8-4490] FSM extraction disabled for register 'ap_CS_fsm_reg' through user attribute
INFO: [Synth 8-802] inferred FSM for state register 'wstate_reg' in module 'krnl_vaddmul_control_s_axi'
INFO: [Synth 8-802] inferred FSM for state register 'rstate_reg' in module 'krnl_vaddmul_control_s_axi'
INFO: [Synth 8-802] inferred FSM for state register 'state_reg' in module 'krnl_vaddmul_gmem_m_axi_reg_slice'
INFO: [Synth 8-802] inferred FSM for state register 'state_reg' in module 'krnl_vaddmul_gmem_m_axi_reg_slice__parameterized0'
INFO: [Synth 8-802] inferred FSM for state register 'state_reg' in module 'krnl_vaddmul_gmem_m_axi_reg_slice__parameterized1'
INFO: [Synth 8-4490] FSM extraction disabled for register 'ap_CS_fsm_reg' through user attribute
---------------------------------------------------------------------------------------------------
                   State |                     New Encoding |                Previous Encoding 
---------------------------------------------------------------------------------------------------
                  iSTATE |                             0001 |                               11
*
                  WRIDLE |                             0010 |                               00
                  WRDATA |                             0100 |                               01
                  WRRESP |                             1000 |                               10
---------------------------------------------------------------------------------------------------
INFO: [Synth 8-3354] encoded FSM with state register 'wstate_reg' using encoding 'one-hot' in module 'krnl_vaddmul_control_s_axi'
---------------------------------------------------------------------------------------------------
                   State |                     New Encoding |                Previous Encoding 
---------------------------------------------------------------------------------------------------
                  iSTATE |                              001 |                               10
*
                  RDIDLE |                              010 |                               00
                  RDDATA |                              100 |                               01
---------------------------------------------------------------------------------------------------
INFO: [Synth 8-3354] encoded FSM with state register 'rstate_reg' using encoding 'one-hot' in module 'krnl_vaddmul_control_s_axi'
---------------------------------------------------------------------------------------------------
                   State |                     New Encoding |                Previous Encoding 
---------------------------------------------------------------------------------------------------
                    ZERO |                               00 |                               10
                     ONE |                               10 |                               11
                     TWO |                               01 |                               01
---------------------------------------------------------------------------------------------------
INFO: [Synth 8-3354] encoded FSM with state register 'state_reg' using encoding 'sequential' in module 'krnl_vaddmul_gmem_m_axi_reg_slice'
---------------------------------------------------------------------------------------------------
                   State |                     New Encoding |                Previous Encoding 
---------------------------------------------------------------------------------------------------
                    ZERO |                               00 |                               10
                     ONE |                               10 |                               11
                     TWO |                               01 |                               01
---------------------------------------------------------------------------------------------------
INFO: [Synth 8-3354] encoded FSM with state register 'state_reg' using encoding 'sequential' in module 'krnl_vaddmul_gmem_m_axi_reg_slice__parameterized0'
---------------------------------------------------------------------------------------------------
                   State |                     New Encoding |                Previous Encoding 
---------------------------------------------------------------------------------------------------
                    ZERO |                               00 |                               10
                     ONE |                               10 |                               11
                     TWO |                               01 |                               01
---------------------------------------------------------------------------------------------------
INFO: [Synth 8-3354] encoded FSM with state register 'state_reg' using encoding 'sequential' in module 'krnl_vaddmul_gmem_m_axi_reg_slice__parameterized1'
---------------------------------------------------------------------------------
Finished RTL Optimization Phase 2 : Time (s): cpu = 00:00:26 ; elapsed = 00:00:34 . Memory (MB): peak = 3929.031 ; gain = 697.637 ; free physical = 21957 ; free virtual = 497977
---------------------------------------------------------------------------------
---------------------------------------------------------------------------------
Start RTL Component Statistics 
---------------------------------------------------------------------------------
Detailed RTL Component Info : 
+---Adders : 
	   2 Input   64 Bit       Adders := 8     
	   2 Input   52 Bit       Adders := 2     
	   2 Input   34 Bit       Adders := 1     
	   2 Input   32 Bit       Adders := 36    
	   2 Input   27 Bit       Adders := 2     
	   2 Input   12 Bit       Adders := 2     
	   2 Input    9 Bit       Adders := 6     
	   3 Input    9 Bit       Adders := 1     
	   2 Input    8 Bit       Adders := 5     
	   2 Input    7 Bit       Adders := 8     
	   2 Input    5 Bit       Adders := 1     
	   2 Input    4 Bit       Adders := 4     
	   2 Input    1 Bit       Adders := 2     
+---XORs : 
	   2 Input      1 Bit         XORs := 3     
+---Registers : 
	             1153 Bit    Registers := 1     
	             1152 Bit    Registers := 3     
	             1056 Bit    Registers := 1     
	             1027 Bit    Registers := 3     
	             1026 Bit    Registers := 2     
	             1024 Bit    Registers := 10    
	              992 Bit    Registers := 1     
	              128 Bit    Registers := 5     
	               96 Bit    Registers := 6     
	               72 Bit    Registers := 3     
	               65 Bit    Registers := 1     
	               64 Bit    Registers := 10    
	               59 Bit    Registers := 2     
	               57 Bit    Registers := 4     
	               52 Bit    Registers := 2     
	               32 Bit    Registers := 80    
	               27 Bit    Registers := 4     
	                9 Bit    Registers := 2     
	                8 Bit    Registers := 6     
	                7 Bit    Registers := 12    
	                6 Bit    Registers := 1     
	                5 Bit    Registers := 25    
	                4 Bit    Registers := 5     
	                2 Bit    Registers := 15    
	                1 Bit    Registers := 190   
+---Multipliers : 
	              32x34  Multipliers := 1     
	              27x32  Multipliers := 1     
+---RAMs : 
	             288K Bit	(256 X 1152 bit)          RAMs := 1     
	             256K Bit	(256 X 1027 bit)          RAMs := 1     
+---Muxes : 
	   2 Input 1152 Bit        Muxes := 1     
	   2 Input 1027 Bit        Muxes := 1     
	   2 Input 1026 Bit        Muxes := 1     
	   2 Input 1024 Bit        Muxes := 3     
	   2 Input  128 Bit        Muxes := 3     
	   2 Input   96 Bit        Muxes := 2     
	   2 Input   72 Bit        Muxes := 1     
	   2 Input   64 Bit        Muxes := 10    
	   2 Input   52 Bit        Muxes := 2     
	   4 Input   12 Bit        Muxes := 2     
	   2 Input    9 Bit        Muxes := 5     
	   2 Input    8 Bit        Muxes := 10    
	   4 Input    8 Bit        Muxes := 2     
	   2 Input    7 Bit        Muxes := 5     
	   8 Input    7 Bit        Muxes := 1     
	   2 Input    5 Bit        Muxes := 5     
	   3 Input    4 Bit        Muxes := 1     
	   2 Input    4 Bit        Muxes := 5     
	   4 Input    4 Bit        Muxes := 1     
	   2 Input    3 Bit        Muxes := 3     
	   3 Input    3 Bit        Muxes := 1     
	   2 Input    2 Bit        Muxes := 68    
	   3 Input    2 Bit        Muxes := 28    
	   4 Input    2 Bit        Muxes := 5     
	   5 Input    2 Bit        Muxes := 1     
	   2 Input    1 Bit        Muxes := 78    
---------------------------------------------------------------------------------
Finished RTL Component Statistics 
---------------------------------------------------------------------------------
---------------------------------------------------------------------------------
Start Part Resource Summary
---------------------------------------------------------------------------------
Part Resources:
DSPs: 9024 (col length:94)
BRAMs: 4032 (col length: RAMB18 288 RAMB36 144)
---------------------------------------------------------------------------------
Finished Part Resource Summary
---------------------------------------------------------------------------------
---------------------------------------------------------------------------------
Start Cross Boundary and Area Optimization
---------------------------------------------------------------------------------
WARNING: [Synth 8-7080] Parallel synthesis criteria is not met
DSP Report: Generating DSP mul_32ns_34ns_65_2_1_U12/tmp_product, operation Mode is: A2*(B:0x1f08).
DSP Report: register add_ln49_reg_193_reg is absorbed into DSP mul_32ns_34ns_65_2_1_U12/tmp_product.
DSP Report: operator mul_32ns_34ns_65_2_1_U12/tmp_product is absorbed into DSP mul_32ns_34ns_65_2_1_U12/tmp_product.
DSP Report: operator mul_32ns_34ns_65_2_1_U12/tmp_product is absorbed into DSP mul_32ns_34ns_65_2_1_U12/tmp_product.
DSP Report: Generating DSP mul_32ns_34ns_65_2_1_U12/dout_reg, operation Mode is: (PCIN>>17)+A*B2.
DSP Report: register add_ln49_reg_193_reg is absorbed into DSP mul_32ns_34ns_65_2_1_U12/dout_reg.
DSP Report: register mul_32ns_34ns_65_2_1_U12/dout_reg is absorbed into DSP mul_32ns_34ns_65_2_1_U12/dout_reg.
DSP Report: operator mul_32ns_34ns_65_2_1_U12/tmp_product is absorbed into DSP mul_32ns_34ns_65_2_1_U12/dout_reg.
DSP Report: operator mul_32ns_34ns_65_2_1_U12/tmp_product is absorbed into DSP mul_32ns_34ns_65_2_1_U12/dout_reg.
DSP Report: Generating DSP mul_32ns_34ns_65_2_1_U12/tmp_product, operation Mode is: A2*(B:0x1f08).
DSP Report: register mul_32ns_34ns_65_2_1_U12/tmp_product is absorbed into DSP mul_32ns_34ns_65_2_1_U12/tmp_product.
DSP Report: operator mul_32ns_34ns_65_2_1_U12/tmp_product is absorbed into DSP mul_32ns_34ns_65_2_1_U12/tmp_product.
DSP Report: operator mul_32ns_34ns_65_2_1_U12/tmp_product is absorbed into DSP mul_32ns_34ns_65_2_1_U12/tmp_product.
DSP Report: Generating DSP mul_32ns_34ns_65_2_1_U12/dout_reg, operation Mode is: (PCIN>>17)+A2*B.
DSP Report: register mul_32ns_34ns_65_2_1_U12/dout_reg is absorbed into DSP mul_32ns_34ns_65_2_1_U12/dout_reg.
DSP Report: register mul_32ns_34ns_65_2_1_U12/dout_reg is absorbed into DSP mul_32ns_34ns_65_2_1_U12/dout_reg.
DSP Report: operator mul_32ns_34ns_65_2_1_U12/tmp_product is absorbed into DSP mul_32ns_34ns_65_2_1_U12/dout_reg.
DSP Report: operator mul_32ns_34ns_65_2_1_U12/tmp_product is absorbed into DSP mul_32ns_34ns_65_2_1_U12/dout_reg.
DSP Report: Generating DSP mul_32ns_27ns_59_2_1_U13/tmp_product, operation Mode is: A2*B.
DSP Report: register mul_32ns_27ns_59_2_1_U13/tmp_product is absorbed into DSP mul_32ns_27ns_59_2_1_U13/tmp_product.
DSP Report: operator mul_32ns_27ns_59_2_1_U13/tmp_product is absorbed into DSP mul_32ns_27ns_59_2_1_U13/tmp_product.
DSP Report: operator mul_32ns_27ns_59_2_1_U13/tmp_product is absorbed into DSP mul_32ns_27ns_59_2_1_U13/tmp_product.
DSP Report: Generating DSP mul_32ns_27ns_59_2_1_U13/dout_reg, operation Mode is: (PCIN>>17)+A*B2.
DSP Report: register add_ln57_reg_213_reg is absorbed into DSP mul_32ns_27ns_59_2_1_U13/dout_reg.
DSP Report: register mul_32ns_27ns_59_2_1_U13/dout_reg is absorbed into DSP mul_32ns_27ns_59_2_1_U13/dout_reg.
DSP Report: operator mul_32ns_27ns_59_2_1_U13/tmp_product is absorbed into DSP mul_32ns_27ns_59_2_1_U13/dout_reg.
DSP Report: operator mul_32ns_27ns_59_2_1_U13/tmp_product is absorbed into DSP mul_32ns_27ns_59_2_1_U13/dout_reg.
DSP Report: Generating DSP mul_32ns_27ns_59_2_1_U13/tmp_product, operation Mode is: A2*B2.
DSP Report: register mul_32ns_27ns_59_2_1_U13/tmp_product is absorbed into DSP mul_32ns_27ns_59_2_1_U13/tmp_product.
DSP Report: register mul_32ns_27ns_59_2_1_U13/tmp_product is absorbed into DSP mul_32ns_27ns_59_2_1_U13/tmp_product.
DSP Report: operator mul_32ns_27ns_59_2_1_U13/tmp_product is absorbed into DSP mul_32ns_27ns_59_2_1_U13/tmp_product.
DSP Report: operator mul_32ns_27ns_59_2_1_U13/tmp_product is absorbed into DSP mul_32ns_27ns_59_2_1_U13/tmp_product.
DSP Report: Generating DSP mul_32ns_27ns_59_2_1_U13/dout_reg, operation Mode is: (PCIN>>17)+A2*B2.
DSP Report: register add_ln57_reg_213_reg is absorbed into DSP mul_32ns_27ns_59_2_1_U13/dout_reg.
DSP Report: register mul_32ns_27ns_59_2_1_U13/dout_reg is absorbed into DSP mul_32ns_27ns_59_2_1_U13/dout_reg.
DSP Report: register mul_32ns_27ns_59_2_1_U13/dout_reg is absorbed into DSP mul_32ns_27ns_59_2_1_U13/dout_reg.
DSP Report: operator mul_32ns_27ns_59_2_1_U13/tmp_product is absorbed into DSP mul_32ns_27ns_59_2_1_U13/dout_reg.
DSP Report: operator mul_32ns_27ns_59_2_1_U13/tmp_product is absorbed into DSP mul_32ns_27ns_59_2_1_U13/dout_reg.
---------------------------------------------------------------------------------
Finished Cross Boundary and Area Optimization : Time (s): cpu = 00:00:59 ; elapsed = 00:01:16 . Memory (MB): peak = 3929.031 ; gain = 697.637 ; free physical = 21867 ; free virtual = 497915
---------------------------------------------------------------------------------
---------------------------------------------------------------------------------
Start ROM, RAM, DSP, Shift Register and Retiming Reporting
---------------------------------------------------------------------------------

Block RAM: Preliminary Mapping Report (see note below)
+--------------------------------------------+--------------------+------------------------+---+---+-------------------------+---+---+------------------+--------+--------+-----------------+
|Module Name                                 | RTL Object         | PORT A (Depth x Width) | W | R | PORT B (Depth x Width)  | W | R | Ports driving FF | RAMB18 | RAMB36 | Cascade Heights | 
+--------------------------------------------+--------------------+------------------------+---+---+-------------------------+---+---+------------------+--------+--------+-----------------+
|inst/i_0/\gmem_m_axi_U/bus_write            | buff_wdata/mem_reg | 256 x 1152(READ_FIRST) | W |   | 256 x 1152(WRITE_FIRST) |   | R | Port A and B     | 0      | 16     |                 | 
|inst/i_0/\gmem_m_axi_U/bus_read /buff_rdata | mem_reg            | 256 x 1027(READ_FIRST) | W |   | 256 x 1027(WRITE_FIRST) |   | R | Port A and B     | 1      | 14     |                 | 
+--------------------------------------------+--------------------+------------------------+---+---+-------------------------+---+---+------------------+--------+--------+-----------------+

Note: The table above is a preliminary report that shows the Block RAMs at the current stage of the synthesis flow. Some Block RAMs may be reimplemented as non Block RAM primitives later in the synthesis flow. Multiple instantiated Block RAMs are reported only once. 

DSP: Preliminary Mapping Report (see note below. The ' indicates corresponding REG is set)
+-------------+------------------+--------+--------+--------+--------+--------+------+------+------+------+-------+------+------+
|Module Name  | DSP Mapping      | A Size | B Size | C Size | D Size | P Size | AREG | BREG | CREG | DREG | ADREG | MREG | PREG | 
+-------------+------------------+--------+--------+--------+--------+--------+------+------+------+------+-------+------+------+
|krnl_vaddmul | A2*(B:0x1f08)    | 16     | 14     | -      | -      | 48     | 1    | 0    | -    | -    | -     | 0    | 0    | 
|krnl_vaddmul | (PCIN>>17)+A*B2  | 17     | 16     | -      | -      | 48     | 0    | 1    | -    | -    | -     | 0    | 1    | 
|krnl_vaddmul | A2*(B:0x1f08)    | 18     | 14     | -      | -      | 48     | 1    | 0    | -    | -    | -     | 0    | 0    | 
|krnl_vaddmul | (PCIN>>17)+A2*B  | 18     | 17     | -      | -      | 48     | 1    | 0    | -    | -    | -     | 0    | 1    | 
|krnl_vaddmul | A2*B             | 18     | 16     | -      | -      | 48     | 1    | 0    | -    | -    | -     | 0    | 0    | 
|krnl_vaddmul | (PCIN>>17)+A*B2  | 16     | 11     | -      | -      | 48     | 0    | 1    | -    | -    | -     | 0    | 1    | 
|krnl_vaddmul | A2*B2            | 18     | 18     | -      | -      | 48     | 1    | 1    | -    | -    | -     | 0    | 0    | 
|krnl_vaddmul | (PCIN>>17)+A2*B2 | 18     | 11     | -      | -      | 48     | 1    | 1    | -    | -    | -     | 0    | 1    | 
+-------------+------------------+--------+--------+--------+--------+--------+------+------+------+------+-------+------+------+

Note: The table above is a preliminary report that shows the DSPs inferred at the current stage of the synthesis flow. Some DSP may be reimplemented as non DSP primitives later in the synthesis flow. Multiple instantiated DSPs are reported only once.
---------------------------------------------------------------------------------
Finished ROM, RAM, DSP, Shift Register and Retiming Reporting
---------------------------------------------------------------------------------
---------------------------------------------------------------------------------
Start Applying XDC Timing Constraints
---------------------------------------------------------------------------------
---------------------------------------------------------------------------------
Finished Applying XDC Timing Constraints : Time (s): cpu = 00:01:09 ; elapsed = 00:01:30 . Memory (MB): peak = 4124.695 ; gain = 893.301 ; free physical = 21370 ; free virtual = 497419
---------------------------------------------------------------------------------
---------------------------------------------------------------------------------
Start Timing Optimization
---------------------------------------------------------------------------------
WARNING: [Synth 8-6779] Delay data for wire-load model not found, using default value
WARNING: [Synth 8-6779] Delay data for wire-load model not found, using default value
WARNING: [Synth 8-6779] Delay data for wire-load model not found, using default value
WARNING: [Synth 8-6779] Delay data for wire-load model not found, using default value
WARNING: [Synth 8-6779] Delay data for wire-load model not found, using default value
WARNING: [Synth 8-6779] Delay data for wire-load model not found, using default value
WARNING: [Synth 8-6779] Delay data for wire-load model not found, using default value
WARNING: [Synth 8-6779] Delay data for wire-load model not found, using default value
WARNING: [Synth 8-6779] Delay data for wire-load model not found, using default value
WARNING: [Synth 8-6779] Delay data for wire-load model not found, using default value
WARNING: [Synth 8-6779] Delay data for wire-load model not found, using default value
WARNING: [Synth 8-6779] Delay data for wire-load model not found, using default value
WARNING: [Synth 8-6779] Delay data for wire-load model not found, using default value
WARNING: [Synth 8-6779] Delay data for wire-load model not found, using default value
WARNING: [Synth 8-6779] Delay data for wire-load model not found, using default value
WARNING: [Synth 8-6779] Delay data for wire-load model not found, using default value
WARNING: [Synth 8-6779] Delay data for wire-load model not found, using default value
WARNING: [Synth 8-6779] Delay data for wire-load model not found, using default value
WARNING: [Synth 8-6779] Delay data for wire-load model not found, using default value
WARNING: [Synth 8-6779] Delay data for wire-load model not found, using default value
WARNING: [Synth 8-6779] Delay data for wire-load model not found, using default value
WARNING: [Synth 8-6779] Delay data for wire-load model not found, using default value
WARNING: [Synth 8-6779] Delay data for wire-load model not found, using default value
WARNING: [Synth 8-6779] Delay data for wire-load model not found, using default value
WARNING: [Synth 8-6779] Delay data for wire-load model not found, using default value
WARNING: [Synth 8-6779] Delay data for wire-load model not found, using default value
WARNING: [Synth 8-6779] Delay data for wire-load model not found, using default value
WARNING: [Synth 8-6779] Delay data for wire-load model not found, using default value
WARNING: [Synth 8-6779] Delay data for wire-load model not found, using default value
WARNING: [Synth 8-6779] Delay data for wire-load model not found, using default value
WARNING: [Synth 8-6779] Delay data for wire-load model not found, using default value
WARNING: [Synth 8-6779] Delay data for wire-load model not found, using default value
WARNING: [Synth 8-6779] Delay data for wire-load model not found, using default value
WARNING: [Synth 8-6779] Delay data for wire-load model not found, using default value
WARNING: [Synth 8-6779] Delay data for wire-load model not found, using default value
WARNING: [Synth 8-6779] Delay data for wire-load model not found, using default value
WARNING: [Synth 8-6779] Delay data for wire-load model not found, using default value
WARNING: [Synth 8-6779] Delay data for wire-load model not found, using default value
WARNING: [Synth 8-6779] Delay data for wire-load model not found, using default value
WARNING: [Synth 8-6779] Delay data for wire-load model not found, using default value
WARNING: [Synth 8-6779] Delay data for wire-load model not found, using default value
WARNING: [Synth 8-6779] Delay data for wire-load model not found, using default value
WARNING: [Synth 8-6779] Delay data for wire-load model not found, using default value
WARNING: [Synth 8-6779] Delay data for wire-load model not found, using default value
WARNING: [Synth 8-6779] Delay data for wire-load model not found, using default value
WARNING: [Synth 8-6779] Delay data for wire-load model not found, using default value
WARNING: [Synth 8-6779] Delay data for wire-load model not found, using default value
WARNING: [Synth 8-6779] Delay data for wire-load model not found, using default value
WARNING: [Synth 8-6779] Delay data for wire-load model not found, using default value
WARNING: [Synth 8-6779] Delay data for wire-load model not found, using default value
WARNING: [Synth 8-6779] Delay data for wire-load model not found, using default value
WARNING: [Synth 8-6779] Delay data for wire-load model not found, using default value
WARNING: [Synth 8-6779] Delay data for wire-load model not found, using default value
WARNING: [Synth 8-6779] Delay data for wire-load model not found, using default value
WARNING: [Synth 8-6779] Delay data for wire-load model not found, using default value
WARNING: [Synth 8-6779] Delay data for wire-load model not found, using default value
WARNING: [Synth 8-6779] Delay data for wire-load model not found, using default value
WARNING: [Synth 8-6779] Delay data for wire-load model not found, using default value
WARNING: [Synth 8-6779] Delay data for wire-load model not found, using default value
WARNING: [Synth 8-6779] Delay data for wire-load model not found, using default value
WARNING: [Synth 8-6779] Delay data for wire-load model not found, using default value
WARNING: [Synth 8-6779] Delay data for wire-load model not found, using default value
WARNING: [Synth 8-6779] Delay data for wire-load model not found, using default value
WARNING: [Synth 8-6779] Delay data for wire-load model not found, using default value
WARNING: [Synth 8-6779] Delay data for wire-load model not found, using default value
WARNING: [Synth 8-6779] Delay data for wire-load model not found, using default value
WARNING: [Synth 8-6779] Delay data for wire-load model not found, using default value
WARNING: [Synth 8-6779] Delay data for wire-load model not found, using default value
WARNING: [Synth 8-6779] Delay data for wire-load model not found, using default value
WARNING: [Synth 8-6779] Delay data for wire-load model not found, using default value
WARNING: [Synth 8-6779] Delay data for wire-load model not found, using default value
WARNING: [Synth 8-6779] Delay data for wire-load model not found, using default value
WARNING: [Synth 8-6779] Delay data for wire-load model not found, using default value
WARNING: [Synth 8-6779] Delay data for wire-load model not found, using default value
WARNING: [Synth 8-6779] Delay data for wire-load model not found, using default value
WARNING: [Synth 8-6779] Delay data for wire-load model not found, using default value
WARNING: [Synth 8-6779] Delay data for wire-load model not found, using default value
WARNING: [Synth 8-6779] Delay data for wire-load model not found, using default value
WARNING: [Synth 8-6779] Delay data for wire-load model not found, using default value
WARNING: [Synth 8-6779] Delay data for wire-load model not found, using default value
WARNING: [Synth 8-6779] Delay data for wire-load model not found, using default value
WARNING: [Synth 8-6779] Delay data for wire-load model not found, using default value
WARNING: [Synth 8-6779] Delay data for wire-load model not found, using default value
WARNING: [Synth 8-6779] Delay data for wire-load model not found, using default value
WARNING: [Synth 8-6779] Delay data for wire-load model not found, using default value
WARNING: [Synth 8-6779] Delay data for wire-load model not found, using default value
WARNING: [Synth 8-6779] Delay data for wire-load model not found, using default value
WARNING: [Synth 8-6779] Delay data for wire-load model not found, using default value
WARNING: [Synth 8-6779] Delay data for wire-load model not found, using default value
WARNING: [Synth 8-6779] Delay data for wire-load model not found, using default value
WARNING: [Synth 8-6779] Delay data for wire-load model not found, using default value
WARNING: [Synth 8-6779] Delay data for wire-load model not found, using default value
WARNING: [Synth 8-6779] Delay data for wire-load model not found, using default value
WARNING: [Synth 8-6779] Delay data for wire-load model not found, using default value
WARNING: [Synth 8-6779] Delay data for wire-load model not found, using default value
WARNING: [Synth 8-6779] Delay data for wire-load model not found, using default value
WARNING: [Synth 8-6779] Delay data for wire-load model not found, using default value
WARNING: [Synth 8-6779] Delay data for wire-load model not found, using default value
WARNING: [Synth 8-6779] Delay data for wire-load model not found, using default value
WARNING: [Synth 8-6779] Delay data for wire-load model not found, using default value
INFO: [Common 17-14] Message 'Synth 8-6779' appears 100 times and further instances of the messages will be disabled. Use the Tcl command set_msg_config to change the current settings.
---------------------------------------------------------------------------------
Finished Timing Optimization : Time (s): cpu = 00:02:23 ; elapsed = 00:02:49 . Memory (MB): peak = 4426.188 ; gain = 1194.793 ; free physical = 21211 ; free virtual = 497292
---------------------------------------------------------------------------------
---------------------------------------------------------------------------------
Start ROM, RAM, DSP, Shift Register and Retiming Reporting
---------------------------------------------------------------------------------

Block RAM: Final Mapping Report
+--------------------------------------------+--------------------+------------------------+---+---+-------------------------+---+---+------------------+--------+--------+-----------------+
|Module Name                                 | RTL Object         | PORT A (Depth x Width) | W | R | PORT B (Depth x Width)  | W | R | Ports driving FF | RAMB18 | RAMB36 | Cascade Heights | 
+--------------------------------------------+--------------------+------------------------+---+---+-------------------------+---+---+------------------+--------+--------+-----------------+
|inst/i_0/\gmem_m_axi_U/bus_read /buff_rdata | mem_reg            | 256 x 1027(READ_FIRST) | W |   | 256 x 1027(WRITE_FIRST) |   | R | Port A and B     | 1      | 14     |                 | 
|inst/i_0/\gmem_m_axi_U/bus_write            | buff_wdata/mem_reg | 256 x 1152(READ_FIRST) | W |   | 256 x 1152(WRITE_FIRST) |   | R | Port A and B     | 0      | 16     |                 | 
+--------------------------------------------+--------------------+------------------------+---+---+-------------------------+---+---+------------------+--------+--------+-----------------+

---------------------------------------------------------------------------------
Finished ROM, RAM, DSP, Shift Register and Retiming Reporting
---------------------------------------------------------------------------------
---------------------------------------------------------------------------------
Start Technology Mapping
---------------------------------------------------------------------------------
INFO: [Synth 8-7052] The timing for the instance inst/gmem_m_axi_U/bus_read/buff_rdata/mem_reg_0 (implemented as a Block RAM) might be sub-optimal as no optional output register could be merged into the ram block. Providing additional output register may help in improving timing.
INFO: [Synth 8-7052] The timing for the instance inst/gmem_m_axi_U/bus_read/buff_rdata/mem_reg_1 (implemented as a Block RAM) might be sub-optimal as no optional output register could be merged into the ram block. Providing additional output register may help in improving timing.
INFO: [Synth 8-7052] The timing for the instance inst/gmem_m_axi_U/bus_read/buff_rdata/mem_reg_2 (implemented as a Block RAM) might be sub-optimal as no optional output register could be merged into the ram block. Providing additional output register may help in improving timing.
INFO: [Synth 8-7052] The timing for the instance inst/gmem_m_axi_U/bus_read/buff_rdata/mem_reg_3 (implemented as a Block RAM) might be sub-optimal as no optional output register could be merged into the ram block. Providing additional output register may help in improving timing.
INFO: [Synth 8-7052] The timing for the instance inst/gmem_m_axi_U/bus_read/buff_rdata/mem_reg_4 (implemented as a Block RAM) might be sub-optimal as no optional output register could be merged into the ram block. Providing additional output register may help in improving timing.
INFO: [Synth 8-7052] The timing for the instance inst/gmem_m_axi_U/bus_read/buff_rdata/mem_reg_5 (implemented as a Block RAM) might be sub-optimal as no optional output register could be merged into the ram block. Providing additional output register may help in improving timing.
INFO: [Synth 8-7052] The timing for the instance inst/gmem_m_axi_U/bus_read/buff_rdata/mem_reg_6 (implemented as a Block RAM) might be sub-optimal as no optional output register could be merged into the ram block. Providing additional output register may help in improving timing.
INFO: [Synth 8-7052] The timing for the instance inst/gmem_m_axi_U/bus_read/buff_rdata/mem_reg_7 (implemented as a Block RAM) might be sub-optimal as no optional output register could be merged into the ram block. Providing additional output register may help in improving timing.
INFO: [Synth 8-7052] The timing for the instance inst/gmem_m_axi_U/bus_read/buff_rdata/mem_reg_8 (implemented as a Block RAM) might be sub-optimal as no optional output register could be merged into the ram block. Providing additional output register may help in improving timing.
INFO: [Synth 8-7052] The timing for the instance inst/gmem_m_axi_U/bus_read/buff_rdata/mem_reg_9 (implemented as a Block RAM) might be sub-optimal as no optional output register could be merged into the ram block. Providing additional output register may help in improving timing.
INFO: [Synth 8-7052] The timing for the instance inst/gmem_m_axi_U/bus_read/buff_rdata/mem_reg_10 (implemented as a Block RAM) might be sub-optimal as no optional output register could be merged into the ram block. Providing additional output register may help in improving timing.
INFO: [Synth 8-7052] The timing for the instance inst/gmem_m_axi_U/bus_read/buff_rdata/mem_reg_11 (implemented as a Block RAM) might be sub-optimal as no optional output register could be merged into the ram block. Providing additional output register may help in improving timing.
INFO: [Synth 8-7052] The timing for the instance inst/gmem_m_axi_U/bus_read/buff_rdata/mem_reg_12 (implemented as a Block RAM) might be sub-optimal as no optional output register could be merged into the ram block. Providing additional output register may help in improving timing.
INFO: [Synth 8-7052] The timing for the instance inst/gmem_m_axi_U/bus_read/buff_rdata/mem_reg_13 (implemented as a Block RAM) might be sub-optimal as no optional output register could be merged into the ram block. Providing additional output register may help in improving timing.
INFO: [Synth 8-7052] The timing for the instance inst/gmem_m_axi_U/bus_read/buff_rdata/mem_reg_14 (implemented as a Block RAM) might be sub-optimal as no optional output register could be merged into the ram block. Providing additional output register may help in improving timing.
INFO: [Synth 8-7052] The timing for the instance inst/gmem_m_axi_U/bus_write/buff_wdata/mem_reg_0 (implemented as a Block RAM) might be sub-optimal as no optional output register could be merged into the ram block. Providing additional output register may help in improving timing.
INFO: [Synth 8-7052] The timing for the instance inst/gmem_m_axi_U/bus_write/buff_wdata/mem_reg_1 (implemented as a Block RAM) might be sub-optimal as no optional output register could be merged into the ram block. Providing additional output register may help in improving timing.
INFO: [Synth 8-7052] The timing for the instance inst/gmem_m_axi_U/bus_write/buff_wdata/mem_reg_2 (implemented as a Block RAM) might be sub-optimal as no optional output register could be merged into the ram block. Providing additional output register may help in improving timing.
INFO: [Synth 8-7052] The timing for the instance inst/gmem_m_axi_U/bus_write/buff_wdata/mem_reg_3 (implemented as a Block RAM) might be sub-optimal as no optional output register could be merged into the ram block. Providing additional output register may help in improving timing.
INFO: [Synth 8-7052] The timing for the instance inst/gmem_m_axi_U/bus_write/buff_wdata/mem_reg_4 (implemented as a Block RAM) might be sub-optimal as no optional output register could be merged into the ram block. Providing additional output register may help in improving timing.
INFO: [Synth 8-7052] The timing for the instance inst/gmem_m_axi_U/bus_write/buff_wdata/mem_reg_5 (implemented as a Block RAM) might be sub-optimal as no optional output register could be merged into the ram block. Providing additional output register may help in improving timing.
INFO: [Synth 8-7052] The timing for the instance inst/gmem_m_axi_U/bus_write/buff_wdata/mem_reg_6 (implemented as a Block RAM) might be sub-optimal as no optional output register could be merged into the ram block. Providing additional output register may help in improving timing.
INFO: [Synth 8-7052] The timing for the instance inst/gmem_m_axi_U/bus_write/buff_wdata/mem_reg_7 (implemented as a Block RAM) might be sub-optimal as no optional output register could be merged into the ram block. Providing additional output register may help in improving timing.
INFO: [Synth 8-7052] The timing for the instance inst/gmem_m_axi_U/bus_write/buff_wdata/mem_reg_8 (implemented as a Block RAM) might be sub-optimal as no optional output register could be merged into the ram block. Providing additional output register may help in improving timing.
INFO: [Synth 8-7052] The timing for the instance inst/gmem_m_axi_U/bus_write/buff_wdata/mem_reg_9 (implemented as a Block RAM) might be sub-optimal as no optional output register could be merged into the ram block. Providing additional output register may help in improving timing.
INFO: [Synth 8-7052] The timing for the instance inst/gmem_m_axi_U/bus_write/buff_wdata/mem_reg_10 (implemented as a Block RAM) might be sub-optimal as no optional output register could be merged into the ram block. Providing additional output register may help in improving timing.
INFO: [Synth 8-7052] The timing for the instance inst/gmem_m_axi_U/bus_write/buff_wdata/mem_reg_11 (implemented as a Block RAM) might be sub-optimal as no optional output register could be merged into the ram block. Providing additional output register may help in improving timing.
INFO: [Synth 8-7052] The timing for the instance inst/gmem_m_axi_U/bus_write/buff_wdata/mem_reg_12 (implemented as a Block RAM) might be sub-optimal as no optional output register could be merged into the ram block. Providing additional output register may help in improving timing.
INFO: [Synth 8-7052] The timing for the instance inst/gmem_m_axi_U/bus_write/buff_wdata/mem_reg_13 (implemented as a Block RAM) might be sub-optimal as no optional output register could be merged into the ram block. Providing additional output register may help in improving timing.
INFO: [Synth 8-7052] The timing for the instance inst/gmem_m_axi_U/bus_write/buff_wdata/mem_reg_14 (implemented as a Block RAM) might be sub-optimal as no optional output register could be merged into the ram block. Providing additional output register may help in improving timing.
INFO: [Synth 8-7052] The timing for the instance inst/gmem_m_axi_U/bus_write/buff_wdata/mem_reg_15 (implemented as a Block RAM) might be sub-optimal as no optional output register could be merged into the ram block. Providing additional output register may help in improving timing.
---------------------------------------------------------------------------------
Finished Technology Mapping : Time (s): cpu = 00:02:38 ; elapsed = 00:03:06 . Memory (MB): peak = 4426.188 ; gain = 1194.793 ; free physical = 21251 ; free virtual = 497319
---------------------------------------------------------------------------------
---------------------------------------------------------------------------------
Start IO Insertion
---------------------------------------------------------------------------------
---------------------------------------------------------------------------------
Start Flattening Before IO Insertion
---------------------------------------------------------------------------------
---------------------------------------------------------------------------------
Finished Flattening Before IO Insertion
---------------------------------------------------------------------------------
---------------------------------------------------------------------------------
Start Final Netlist Cleanup
---------------------------------------------------------------------------------
---------------------------------------------------------------------------------
Finished Final Netlist Cleanup
---------------------------------------------------------------------------------
---------------------------------------------------------------------------------
Finished IO Insertion : Time (s): cpu = 00:02:46 ; elapsed = 00:03:14 . Memory (MB): peak = 4426.188 ; gain = 1194.793 ; free physical = 21246 ; free virtual = 497315
---------------------------------------------------------------------------------
---------------------------------------------------------------------------------
Start Renaming Generated Instances
---------------------------------------------------------------------------------
---------------------------------------------------------------------------------
Finished Renaming Generated Instances : Time (s): cpu = 00:02:46 ; elapsed = 00:03:14 . Memory (MB): peak = 4426.188 ; gain = 1194.793 ; free physical = 21246 ; free virtual = 497315
---------------------------------------------------------------------------------
---------------------------------------------------------------------------------
Start Rebuilding User Hierarchy
---------------------------------------------------------------------------------
---------------------------------------------------------------------------------
Finished Rebuilding User Hierarchy : Time (s): cpu = 00:02:50 ; elapsed = 00:03:18 . Memory (MB): peak = 4426.188 ; gain = 1194.793 ; free physical = 21245 ; free virtual = 497314
---------------------------------------------------------------------------------
---------------------------------------------------------------------------------
Start Renaming Generated Ports
---------------------------------------------------------------------------------
---------------------------------------------------------------------------------
Finished Renaming Generated Ports : Time (s): cpu = 00:02:50 ; elapsed = 00:03:18 . Memory (MB): peak = 4426.188 ; gain = 1194.793 ; free physical = 21245 ; free virtual = 497314
---------------------------------------------------------------------------------
---------------------------------------------------------------------------------
Start Handling Custom Attributes
---------------------------------------------------------------------------------
---------------------------------------------------------------------------------
Finished Handling Custom Attributes : Time (s): cpu = 00:02:52 ; elapsed = 00:03:21 . Memory (MB): peak = 4426.188 ; gain = 1194.793 ; free physical = 21244 ; free virtual = 497314
---------------------------------------------------------------------------------
---------------------------------------------------------------------------------
Start Renaming Generated Nets
---------------------------------------------------------------------------------
---------------------------------------------------------------------------------
Finished Renaming Generated Nets : Time (s): cpu = 00:02:52 ; elapsed = 00:03:21 . Memory (MB): peak = 4426.188 ; gain = 1194.793 ; free physical = 21244 ; free virtual = 497314
---------------------------------------------------------------------------------
---------------------------------------------------------------------------------
Start ROM, RAM, DSP, Shift Register and Retiming Reporting
---------------------------------------------------------------------------------

Static Shift Register Report:
+-------------+-------------------------------------------------------------------------------------------+--------+-------+--------------+--------------------+-------------------+--------+---------+
|Module Name  | RTL Name                                                                                  | Length | Width | Reset Signal | Pull out first Reg | Pull out last Reg | SRL16E | SRLC32E | 
+-------------+-------------------------------------------------------------------------------------------+--------+-------+--------------+--------------------+-------------------+--------+---------+
|krnl_vaddmul | grp_krnl_vaddmul_Pipeline_L_vops_vops1_fu_110/zext_ln61_1_reg_1678_pp0_iter18_reg_reg[33] | 18     | 28    | NO           | NO                 | YES               | 0      | 28      | 
|krnl_vaddmul | grp_krnl_vaddmul_Pipeline_L_vops_vops1_fu_110/trunc_ln61_reg_1673_pp0_iter18_reg_reg[0]   | 18     | 5     | NO           | NO                 | YES               | 0      | 5       | 
|krnl_vaddmul | grp_krnl_vaddmul_Pipeline_L_vops_vops1_fu_110/icmp_ln57_reg_1659_pp0_iter36_reg_reg[0]    | 36     | 1     | NO           | NO                 | YES               | 0      | 2       | 
+-------------+-------------------------------------------------------------------------------------------+--------+-------+--------------+--------------------+-------------------+--------+---------+


Dynamic Shift Register Report:
+------------+-------------+--------+------------+--------+---------+--------+--------+--------+
|Module Name | RTL Name    | Length | Data Width | SRL16E | SRLC32E | Mux F7 | Mux F8 | Mux F9 | 
+------------+-------------+--------+------------+--------+---------+--------+--------+--------+
|dsrl        | mem_reg[68] | 8      | 8          | 0      | 24      | 16     | 8      | 0      | 
|dsrl__1     | mem_reg[68] | 96     | 96         | 0      | 288     | 192    | 96     | 0      | 
|dsrl__2     | mem_reg[14] | 2      | 2          | 2      | 0       | 0      | 0      | 0      | 
|dsrl__3     | mem_reg[68] | 2      | 2          | 0      | 6       | 4      | 2      | 0      | 
|dsrl__4     | mem_reg[15] | 72     | 72         | 72     | 0       | 0      | 0      | 0      | 
|dsrl__5     | mem_reg[15] | 1153   | 1153       | 1153   | 0       | 0      | 0      | 0      | 
+------------+-------------+--------+------------+--------+---------+--------+--------+--------+

---------------------------------------------------------------------------------
Finished ROM, RAM, DSP, Shift Register and Retiming Reporting
---------------------------------------------------------------------------------
---------------------------------------------------------------------------------
Start Writing Synthesis Report
---------------------------------------------------------------------------------

Report BlackBoxes: 
+-+--------------+----------+
| |BlackBox name |Instances |
+-+--------------+----------+
+-+--------------+----------+

Report Cell Usage: 
+------+----------------+------+
|      |Cell            |Count |
+------+----------------+------+
|1     |CARRY8          |   268|
|2     |DSP_ALU         |     8|
|3     |DSP_A_B_DATA    |     8|
|6     |DSP_C_DATA      |     8|
|7     |DSP_MULTIPLIER  |     8|
|8     |DSP_M_DATA      |     8|
|9     |DSP_OUTPUT      |     8|
|11    |DSP_PREADD      |     8|
|12    |DSP_PREADD_DATA |     8|
|13    |LUT1            |    65|
|14    |LUT2            |   534|
|15    |LUT3            |  8484|
|16    |LUT4            |  2508|
|17    |LUT5            |  4390|
|18    |LUT6            | 15462|
|19    |MUXF7           |   120|
|20    |RAMB18E2        |     1|
|21    |RAMB36E2        |    30|
|22    |SRL16E          |  1216|
|23    |SRLC32E         |   395|
|24    |FDRE            | 23980|
|25    |FDSE            |   420|
+------+----------------+------+
---------------------------------------------------------------------------------
Finished Writing Synthesis Report : Time (s): cpu = 00:02:52 ; elapsed = 00:03:21 . Memory (MB): peak = 4426.188 ; gain = 1194.793 ; free physical = 21244 ; free virtual = 497314
---------------------------------------------------------------------------------
Synthesis finished with 0 errors, 0 critical warnings and 4596 warnings.
Synthesis Optimization Runtime : Time (s): cpu = 00:02:40 ; elapsed = 00:03:07 . Memory (MB): peak = 4426.188 ; gain = 915.949 ; free physical = 21286 ; free virtual = 497356
Synthesis Optimization Complete : Time (s): cpu = 00:02:52 ; elapsed = 00:03:21 . Memory (MB): peak = 4426.195 ; gain = 1194.793 ; free physical = 21378 ; free virtual = 497448
INFO: [Project 1-571] Translating synthesized netlist
Netlist sorting complete. Time (s): cpu = 00:00:00.43 ; elapsed = 00:00:00.43 . Memory (MB): peak = 4426.195 ; gain = 0.000 ; free physical = 21345 ; free virtual = 497415
INFO: [Netlist 29-17] Analyzing 396 Unisim elements for replacement
INFO: [Netlist 29-28] Unisim Transformation completed in 0 CPU seconds
INFO: [Project 1-570] Preparing netlist for logic optimization
INFO: [Opt 31-138] Pushed 0 inverter(s) to 0 load pin(s).
Netlist sorting complete. Time (s): cpu = 00:00:00 ; elapsed = 00:00:00.01 . Memory (MB): peak = 4426.195 ; gain = 0.000 ; free physical = 21243 ; free virtual = 497314
INFO: [Project 1-111] Unisim Transformation Summary:
  A total of 8 instances were transformed.
  DSP48E2 => DSP48E2 (DSP_ALU, DSP_A_B_DATA, DSP_C_DATA, DSP_MULTIPLIER, DSP_M_DATA, DSP_OUTPUT, DSP_PREADD, DSP_PREADD_DATA): 8 instances

Synth Design complete, checksum: 16b2ef2a
INFO: [Common 17-83] Releasing license: Synthesis
111 Infos, 165 Warnings, 0 Critical Warnings and 0 Errors encountered.
synth_design completed successfully
synth_design: Time (s): cpu = 00:03:14 ; elapsed = 00:03:44 . Memory (MB): peak = 4426.195 ; gain = 1694.453 ; free physical = 21490 ; free virtual = 497561
INFO: [Common 17-600] The following parameters have non-default value.
general.maxThreads
INFO: [Common 17-1381] The checkpoint '/home/ziyuanwang/hbm/Vitis_Accel_Examples/performance/hbm_bandwidth/_x_3cores_nopragaddadd_33.hw.xilinx_u280_xdma_201920_3/link/vivado/vpl/prj/prj.runs/pfm_dynamic_krnl_vaddmul_3_0_synth_1/pfm_dynamic_krnl_vaddmul_3_0.dcp' has been generated.
write_checkpoint: Time (s): cpu = 00:00:07 ; elapsed = 00:00:13 . Memory (MB): peak = 4426.195 ; gain = 0.000 ; free physical = 21486 ; free virtual = 497565
INFO: [Coretcl 2-1648] Added synthesis output to IP cache for IP pfm_dynamic_krnl_vaddmul_3_0, cache-ID = 1b163e9774f4892c
INFO: [Coretcl 2-1174] Renamed 24 cell refs.
INFO: [Common 17-1381] The checkpoint '/home/ziyuanwang/hbm/Vitis_Accel_Examples/performance/hbm_bandwidth/_x_3cores_nopragaddadd_33.hw.xilinx_u280_xdma_201920_3/link/vivado/vpl/prj/prj.runs/pfm_dynamic_krnl_vaddmul_3_0_synth_1/pfm_dynamic_krnl_vaddmul_3_0.dcp' has been generated.
write_checkpoint: Time (s): cpu = 00:00:07 ; elapsed = 00:00:14 . Memory (MB): peak = 4426.195 ; gain = 0.000 ; free physical = 21423 ; free virtual = 497543
INFO: [runtcl-4] Executing : report_utilization -file pfm_dynamic_krnl_vaddmul_3_0_utilization_synth.rpt -pb pfm_dynamic_krnl_vaddmul_3_0_utilization_synth.pb
INFO: [Common 17-206] Exiting Vivado at Sat Nov  9 21:26:44 2024...
