Copyright 1986-2021 Xilinx, Inc. All Rights Reserved.
----------------------------------------------------------------------------------------------------------------------------------------------------------------------------------------------------------------------------------------------------------------------------------------------------------------------------------------------------------------------------------------------------------------------------
| Tool Version : Vivado v.2021.2 (lin64) Build 3367213 Tue Oct 19 02:47:39 MDT 2021
| Date         : Tue Nov 12 21:21:19 2024
| Host         : hacc-gpu0 running 64-bit Ubuntu 20.04.6 LTS
| Command      : report_accelerator_utilization -kernels { krnl_vaddmul:pfm_top_i/dynamic_region/krnl_vaddmul_1/inst:krnl_vaddmul_1 krnl_vaddmul:pfm_top_i/dynamic_region/krnl_vaddmul_2/inst:krnl_vaddmul_2 krnl_vaddmul:pfm_top_i/dynamic_region/krnl_vaddmul_3/inst:krnl_vaddmul_3 krnl_vaddmul:pfm_top_i/dynamic_region/krnl_vaddmul_4/inst:krnl_vaddmul_4} -file kernel_util_placed.rpt -name kernel_util_placed -json
| Design       : pfm_top_wrapper
| Device       : xcu280
| Design State : Fully Placed
----------------------------------------------------------------------------------------------------------------------------------------------------------------------------------------------------------------------------------------------------------------------------------------------------------------------------------------------------------------------------------------------------------------------------

Accelerator Utilization Design Information

Table of Contents
-----------------
1. System Utilization

1. System Utilization
---------------------

+---------------------+-------------------+------------------+-------------------+----------------+---------------+----------------+
| Name                | LUT               | LUTAsMem         | REG               | BRAM           | URAM          | DSP            |
+---------------------+-------------------+------------------+-------------------+----------------+---------------+----------------+
| Platform            |  111418 [  8.55%] |  14612 [  2.43%] |  167731 [  6.43%] |  202 [ 10.02%] |   0 [  0.00%] |    4 [  0.04%] |
| User Budget         | 1191302 [100.00%] | 585868 [100.00%] | 2439629 [100.00%] | 1814 [100.00%] | 960 [100.00%] | 9020 [100.00%] |
|    Used Resources   |   31222 [  2.62%] |   4104 [  0.70%] |   65351 [  2.68%] |  120 [  6.62%] |   0 [  0.00%] |  428 [  4.75%] |
|    Unused Resources | 1160080 [ 97.38%] | 581764 [ 99.30%] | 2374278 [ 97.32%] | 1694 [ 93.38%] | 960 [100.00%] | 8592 [ 95.25%] |
| krnl_vaddmul        |   31222 [  2.62%] |   4104 [  0.70%] |   65351 [  2.68%] |  120 [  6.62%] |   0 [  0.00%] |  428 [  4.75%] |
|    krnl_vaddmul_1   |    7815 [  0.66%] |   1026 [  0.18%] |   16954 [  0.69%] |   30 [  1.65%] |   0 [  0.00%] |  107 [  1.19%] |
|    krnl_vaddmul_2   |    7801 [  0.65%] |   1026 [  0.18%] |   16155 [  0.66%] |   30 [  1.65%] |   0 [  0.00%] |  107 [  1.19%] |
|    krnl_vaddmul_3   |    7802 [  0.65%] |   1026 [  0.18%] |   16116 [  0.66%] |   30 [  1.65%] |   0 [  0.00%] |  107 [  1.19%] |
|    krnl_vaddmul_4   |    7804 [  0.66%] |   1026 [  0.18%] |   16126 [  0.66%] |   30 [  1.65%] |   0 [  0.00%] |  107 [  1.19%] |
+---------------------+-------------------+------------------+-------------------+----------------+---------------+----------------+


