Copyright 1986-2021 Xilinx, Inc. All Rights Reserved.
------------------------------------------------------------------------------------------
| Tool Version : Vivado v.2021.2 (lin64) Build 3367213 Tue Oct 19 02:47:39 MDT 2021
| Date         : Sat Nov 16 16:42:22 2024
| Host         : hacc-gpu0 running 64-bit Ubuntu 20.04.6 LTS
| Command      : report_utilization -slr -file slr_util_routed.rpt -pb slr_util_routed.pb
| Design       : pfm_top_wrapper
| Device       : xcu280-fsvh2892-2L-e
| Speed File   : -2L
| Design State : Routed
------------------------------------------------------------------------------------------

Utilization Design Information

Table of Contents
-----------------
1. SLR Connectivity
2. SLR Connectivity Matrix
3. SLR CLB Logic and Dedicated Block Utilization
4. SLR IO Utilization

1. SLR Connectivity
-------------------

+----------------------------------+------+-------+-----------+-------+
|                                  | Used | Fixed | Available | Util% |
+----------------------------------+------+-------+-----------+-------+
| SLR2 <-> SLR1                    | 3970 |       |     23040 | 17.23 |
|   SLR1 -> SLR2                   | 2090 |       |           |  9.07 |
|     Using TX_REG only            |  267 |     1 |           |       |
|     Using RX_REG only            |  284 |    18 |           |       |
|     Using Both TX_REG and RX_REG |  267 |     1 |           |       |
|   SLR2 -> SLR1                   | 1880 |       |           |  8.16 |
|     Using TX_REG only            |  407 |     0 |           |       |
|     Using RX_REG only            |  412 |     4 |           |       |
|     Using Both TX_REG and RX_REG |  407 |     0 |           |       |
| SLR1 <-> SLR0                    | 2533 |       |     23040 | 10.99 |
|   SLR0 -> SLR1                   | 1138 |       |           |  4.94 |
|     Using TX_REG only            |  371 |    71 |           |       |
|     Using RX_REG only            |  361 |    61 |           |       |
|     Using Both TX_REG and RX_REG |  355 |    55 |           |       |
|   SLR1 -> SLR0                   | 1395 |       |           |  6.05 |
|     Using TX_REG only            |  437 |    62 |           |       |
|     Using RX_REG only            |  448 |    71 |           |       |
|     Using Both TX_REG and RX_REG |  435 |    60 |           |       |
+----------------------------------+------+-------+-----------+-------+
| Total SLLs Used                  | 6503 |       |           |       |
+----------------------------------+------+-------+-----------+-------+


2. SLR Connectivity Matrix
--------------------------

+-----------+------+------+------+
| FROM \ TO | SLR2 | SLR1 | SLR0 |
+-----------+------+------+------+
| SLR2      |    0 | 1721 |  159 |
| SLR1      | 1978 |    0 | 1236 |
| SLR0      |  112 | 1026 |    0 |
+-----------+------+------+------+


3. SLR CLB Logic and Dedicated Block Utilization
------------------------------------------------

+----------------------------+-------+-------+-------+--------+--------+--------+
|          Site Type         |  SLR0 |  SLR1 |  SLR2 | SLR0 % | SLR1 % | SLR2 % |
+----------------------------+-------+-------+-------+--------+--------+--------+
| CLB                        | 11703 |  7720 |  8332 |  21.29 |  14.30 |  15.43 |
|   CLBL                     |  5865 |  3865 |  4316 |  20.03 |  13.20 |  14.74 |
|   CLBM                     |  5838 |  3855 |  4016 |  22.73 |  15.59 |  16.25 |
| CLB LUTs                   | 38835 | 47646 | 35309 |   8.83 |  11.03 |   8.17 |
|   LUT as Logic             | 31729 | 43674 | 32271 |   7.22 |  10.11 |   7.47 |
|     using O5 output only   |   999 |   288 |  1005 |   0.23 |   0.07 |   0.23 |
|     using O6 output only   | 20367 | 34242 | 19498 |   4.63 |   7.93 |   4.51 |
|     using O5 and O6        | 10363 |  9144 | 11768 |   2.36 |   2.12 |   2.72 |
|   LUT as Memory            |  7106 |  3972 |  3038 |   3.46 |   2.01 |   1.54 |
|     LUT as Distributed RAM |  3120 |  3837 |  1660 |   1.52 |   1.94 |   0.84 |
|       using O5 output only |     0 |     0 |     0 |   0.00 |   0.00 |   0.00 |
|       using O6 output only |    80 |   215 |    84 |   0.04 |   0.11 |   0.04 |
|       using O5 and O6      |  3040 |  3622 |  1576 |   1.48 |   1.83 |   0.80 |
|     LUT as Shift Register  |  3986 |   135 |  1378 |   1.94 |   0.07 |   0.70 |
|       using O5 output only |     0 |     0 |     0 |   0.00 |   0.00 |   0.00 |
|       using O6 output only |  2760 |   135 |  1248 |   1.34 |   0.07 |   0.63 |
|       using O5 and O6      |  1226 |     0 |   130 |   0.60 |   0.00 |   0.07 |
| CLB Registers              | 77385 | 46360 | 60706 |   8.80 |   5.37 |   7.03 |
| CARRY8                     |  1032 |   473 |   313 |   1.88 |   0.88 |   0.58 |
| F7 Muxes                   |   932 |   651 |  1054 |   0.42 |   0.30 |   0.49 |
| F8 Muxes                   |    16 |   141 |    47 |   0.01 |   0.13 |   0.04 |
| F9 Muxes                   |     0 |     0 |     0 |   0.00 |   0.00 |   0.00 |
| Block RAM Tile             |  43.5 |  80.5 |    94 |   6.47 |  11.98 |  13.99 |
|   RAMB36/FIFO              |    42 |    80 |    92 |   6.25 |  11.90 |  13.69 |
|     RAMB36E2 only          |    42 |    80 |    92 |   6.25 |  11.90 |  13.69 |
|   RAMB18                   |     3 |     1 |     4 |   0.22 |   0.07 |   0.30 |
|     RAMB18E2 only          |     3 |     1 |     4 |   0.22 |   0.07 |   0.30 |
| URAM                       |     0 |     0 |     0 |   0.00 |   0.00 |   0.00 |
| DSPs                       |    64 |     0 |     4 |   2.22 |   0.00 |   0.13 |
| Unique Control Sets        |  2745 |  1503 |  2722 |   2.50 |   1.39 |   2.52 |
+----------------------------+-------+-------+-------+--------+--------+--------+
* Note: Available Control Sets based on CLB Registers / 8


4. SLR IO Utilization
---------------------

+-----------+-----------+---------+------------+----------+------------+----------+-----+
| SLR Index | Used IOBs | (%)IOBs | Used IPADs | (%)IPADs | Used OPADs | (%)OPADs | GTs |
+-----------+-----------+---------+------------+----------+------------+----------+-----+
| SLR2      |        18 |    8.65 |          0 |     0.00 |          0 |     0.00 |   0 |
| SLR1      |         0 |    0.00 |          0 |     0.00 |          0 |     0.00 |   0 |
| SLR0      |         1 |    0.48 |          0 |     0.00 |          0 |     0.00 |  16 |
+-----------+-----------+---------+------------+----------+------------+----------+-----+
| Total     |        19 |         |          0 |          |          0 |          |  16 |
+-----------+-----------+---------+------------+----------+------------+----------+-----+


