Copyright 1986-2021 Xilinx, Inc. All Rights Reserved.
------------------------------------------------------------------------------------------------------------------------------------------------------------------------------------------------------------------------------------------------------------------------------------------------------------------------------------------------------------------------------------------------------------------------------
| Tool Version : Vivado v.2021.2 (lin64) Build 3367213 Tue Oct 19 02:47:39 MDT 2021
| Date         : Sat Nov 16 15:38:49 2024
| Host         : hacc-gpu0 running 64-bit Ubuntu 20.04.6 LTS
| Command      : report_accelerator_utilization -kernels { krnl_vaddmul:pfm_top_i/dynamic_region/krnl_vaddmul_1/inst:krnl_vaddmul_1 krnl_vaddmul:pfm_top_i/dynamic_region/krnl_vaddmul_2/inst:krnl_vaddmul_2 krnl_vaddmul:pfm_top_i/dynamic_region/krnl_vaddmul_3/inst:krnl_vaddmul_3 krnl_vaddmul:pfm_top_i/dynamic_region/krnl_vaddmul_4/inst:krnl_vaddmul_4} -file kernel_util_synthed.rpt -name kernel_util_synthed -json
| Design       : pfm_top_wrapper
| Device       : xcu280
| Design State : Synthesized
------------------------------------------------------------------------------------------------------------------------------------------------------------------------------------------------------------------------------------------------------------------------------------------------------------------------------------------------------------------------------------------------------------------------------

Accelerator Utilization Design Information

Table of Contents
-----------------
1. System Utilization

1. System Utilization
---------------------

+---------------------+-------------------+------------------+-------------------+----------------+---------------+----------------+
| Name                | LUT               | LUTAsMem         | REG               | BRAM           | URAM          | DSP            |
+---------------------+-------------------+------------------+-------------------+----------------+---------------+----------------+
| Platform            |  128372 [  9.85%] |  14578 [  2.43%] |  175294 [  6.72%] |  202 [ 10.02%] |   0 [  0.00%] |    4 [  0.04%] |
| User Budget         | 1174348 [100.00%] | 585902 [100.00%] | 2432066 [100.00%] | 1814 [100.00%] | 960 [100.00%] | 9020 [100.00%] |
|    Used Resources   |   11800 [  1.00%] |   2616 [  0.45%] |   19936 [  0.82%] |   16 [  0.88%] |   0 [  0.00%] |   64 [  0.71%] |
|    Unused Resources | 1162548 [ 99.00%] | 583286 [ 99.55%] | 2412130 [ 99.18%] | 1798 [ 99.12%] | 960 [100.00%] | 8956 [ 99.29%] |
| krnl_vaddmul        |   11800 [  1.00%] |   2616 [  0.45%] |   19936 [  0.82%] |   16 [  0.88%] |   0 [  0.00%] |   64 [  0.71%] |
|    krnl_vaddmul_1   |    2950 [  0.25%] |    654 [  0.11%] |    4984 [  0.20%] |    4 [  0.22%] |   0 [  0.00%] |   16 [  0.18%] |
|    krnl_vaddmul_2   |    2950 [  0.25%] |    654 [  0.11%] |    4984 [  0.20%] |    4 [  0.22%] |   0 [  0.00%] |   16 [  0.18%] |
|    krnl_vaddmul_3   |    2950 [  0.25%] |    654 [  0.11%] |    4984 [  0.20%] |    4 [  0.22%] |   0 [  0.00%] |   16 [  0.18%] |
|    krnl_vaddmul_4   |    2950 [  0.25%] |    654 [  0.11%] |    4984 [  0.20%] |    4 [  0.22%] |   0 [  0.00%] |   16 [  0.18%] |
+---------------------+-------------------+------------------+-------------------+----------------+---------------+----------------+


