Copyright 1986-2021 Xilinx, Inc. All Rights Reserved.
----------------------------------------------------------------------------------------------------------------------------------------------------------------------------------------------------------------------------------------------------------------------------------------------------------------------------------------------------------------------------------------------------------------------------------------------------------------------------------------------------------------------------
| Tool Version : Vivado v.2021.2 (lin64) Build 3367213 Tue Oct 19 02:47:39 MDT 2021
| Date         : Fri Dec  6 03:03:30 2024
| Host         : hacc-gpu0 running 64-bit Ubuntu 20.04.6 LTS
| Command      : report_accelerator_utilization -kernels { spmv_result_drain:pfm_top_i/dynamic_region/RD/inst:RD spmv_sk0:pfm_top_i/dynamic_region/SK0/inst:SK0 spmv_sk1:pfm_top_i/dynamic_region/SK1/inst:SK1 spmv_sk2:pfm_top_i/dynamic_region/SK2/inst:SK2 spmv_vector_loader:pfm_top_i/dynamic_region/VL/inst:VL k2k_relay:pfm_top_i/dynamic_region/relay_SK2_rout/inst:relay_SK2_rout k2k_relay:pfm_top_i/dynamic_region/relay_SK2_vin/inst:relay_SK2_vin} -file kernel_util_routed.rpt -name kernel_util_routed -json
| Design       : pfm_top_wrapper
| Device       : xcu280
| Design State : Routed
----------------------------------------------------------------------------------------------------------------------------------------------------------------------------------------------------------------------------------------------------------------------------------------------------------------------------------------------------------------------------------------------------------------------------------------------------------------------------------------------------------------------------

Accelerator Utilization Design Information

Table of Contents
-----------------
1. System Utilization

1. System Utilization
---------------------

+---------------------+-------------------+------------------+-------------------+----------------+---------------+----------------+
| Name                | LUT               | LUTAsMem         | REG               | BRAM           | URAM          | DSP            |
+---------------------+-------------------+------------------+-------------------+----------------+---------------+----------------+
| Platform            |  150949 [ 11.59%] |  32688 [  5.44%] |  281757 [ 10.81%] |  244 [ 12.10%] |   0 [  0.00%] |    4 [  0.04%] |
| User Budget         | 1151771 [100.00%] | 567792 [100.00%] | 2325603 [100.00%] | 1772 [100.00%] | 960 [100.00%] | 9020 [100.00%] |
|    Used Resources   |  579894 [ 50.35%] | 161055 [ 28.37%] |  583057 [ 25.07%] |  128 [  7.22%] | 512 [ 53.33%] |  688 [  7.63%] |
|    Unused Resources |  571877 [ 49.65%] | 406737 [ 71.63%] | 1742546 [ 74.93%] | 1644 [ 92.78%] | 448 [ 46.67%] | 8332 [ 92.37%] |
| k2k_relay           |     774 [  0.07%] |      0 [  0.00%] |    3006 [  0.13%] |    0 [  0.00%] |   0 [  0.00%] |    0 [  0.00%] |
|    relay_SK2_rout   |     404 [  0.04%] |      0 [  0.00%] |    1503 [  0.06%] |    0 [  0.00%] |   0 [  0.00%] |    0 [  0.00%] |
|    relay_SK2_vin    |     370 [  0.03%] |      0 [  0.00%] |    1503 [  0.06%] |    0 [  0.00%] |   0 [  0.00%] |    0 [  0.00%] |
| spmv_result_drain   |    2012 [  0.17%] |    412 [  0.07%] |    4492 [  0.19%] |    4 [  0.23%] |   0 [  0.00%] |    0 [  0.00%] |
|    RD               |    2012 [  0.17%] |    412 [  0.07%] |    4492 [  0.19%] |    4 [  0.23%] |   0 [  0.00%] |    0 [  0.00%] |
| spmv_sk0            |  143773 [ 12.48%] |  39976 [  7.04%] |  142826 [  6.14%] |   30 [  1.69%] | 128 [ 13.33%] |  172 [  1.91%] |
|    SK0              |  143773 [ 12.48%] |  39976 [  7.04%] |  142826 [  6.14%] |   30 [  1.69%] | 128 [ 13.33%] |  172 [  1.91%] |
| spmv_sk1            |  215352 [ 18.70%] |  59955 [ 10.56%] |  213655 [  9.19%] |   45 [  2.54%] | 192 [ 20.00%] |  258 [  2.86%] |
|    SK1              |  215352 [ 18.70%] |  59955 [ 10.56%] |  213655 [  9.19%] |   45 [  2.54%] | 192 [ 20.00%] |  258 [  2.86%] |
| spmv_sk2            |  215497 [ 18.71%] |  59950 [ 10.56%] |  213668 [  9.19%] |   45 [  2.54%] | 192 [ 20.00%] |  258 [  2.86%] |
|    SK2              |  215497 [ 18.71%] |  59950 [ 10.56%] |  213668 [  9.19%] |   45 [  2.54%] | 192 [ 20.00%] |  258 [  2.86%] |
| spmv_vector_loader  |    2486 [  0.22%] |    762 [  0.13%] |    5410 [  0.23%] |    4 [  0.23%] |   0 [  0.00%] |    0 [  0.00%] |
|    VL               |    2486 [  0.22%] |    762 [  0.13%] |    5410 [  0.23%] |    4 [  0.23%] |   0 [  0.00%] |    0 [  0.00%] |
+---------------------+-------------------+------------------+-------------------+----------------+---------------+----------------+


