Copyright 1986-2021 Xilinx, Inc. All Rights Reserved.
------------------------------------------------------------------------------------------
| Tool Version : Vivado v.2021.2 (lin64) Build 3367213 Tue Oct 19 02:47:39 MDT 2021
| Date         : Fri Nov 22 17:25:00 2024
| Host         : hacc-gpu0 running 64-bit Ubuntu 20.04.6 LTS
| Command      : report_utilization -slr -file slr_util_placed.rpt -pb slr_util_placed.pb
| Design       : pfm_top_wrapper
| Device       : xcu280-fsvh2892-2L-e
| Speed File   : -2L
| Design State : Fully Placed
------------------------------------------------------------------------------------------

Utilization Design Information

Table of Contents
-----------------
1. SLR Connectivity
2. SLR Connectivity Matrix
3. SLR CLB Logic and Dedicated Block Utilization
4. SLR IO Utilization

1. SLR Connectivity
-------------------

+----------------------------------+-------+-------+-----------+-------+
|                                  |  Used | Fixed | Available | Util% |
+----------------------------------+-------+-------+-----------+-------+
| SLR2 <-> SLR1                    |  3963 |       |     23040 | 17.20 |
|   SLR1 -> SLR2                   |  2087 |       |           |  9.06 |
|     Using TX_REG only            |     1 |     1 |           |       |
|     Using RX_REG only            |    18 |    18 |           |       |
|     Using Both TX_REG and RX_REG |   277 |     1 |           |       |
|   SLR2 -> SLR1                   |  1876 |       |           |  8.14 |
|     Using TX_REG only            |     0 |     0 |           |       |
|     Using RX_REG only            |     4 |     4 |           |       |
|     Using Both TX_REG and RX_REG |   407 |     0 |           |       |
| SLR1 <-> SLR0                    | 11925 |       |     23040 | 51.76 |
|   SLR0 -> SLR1                   |  5413 |       |           | 23.49 |
|     Using TX_REG only            |    71 |    71 |           |       |
|     Using RX_REG only            |    61 |    61 |           |       |
|     Using Both TX_REG and RX_REG |   369 |    55 |           |       |
|   SLR1 -> SLR0                   |  6512 |       |           | 28.26 |
|     Using TX_REG only            |    62 |    62 |           |       |
|     Using RX_REG only            |    72 |    71 |           |       |
|     Using Both TX_REG and RX_REG |   435 |    60 |           |       |
+----------------------------------+-------+-------+-----------+-------+
| Total SLLs Used                  | 15888 |       |           |       |
+----------------------------------+-------+-------+-----------+-------+


2. SLR Connectivity Matrix
--------------------------

+-----------+------+------+------+
| FROM \ TO | SLR2 | SLR1 | SLR0 |
+-----------+------+------+------+
| SLR2      |    0 | 1741 |  135 |
| SLR1      | 1985 |    0 | 6377 |
| SLR0      |  102 | 5311 |    0 |
+-----------+------+------+------+


3. SLR CLB Logic and Dedicated Block Utilization
------------------------------------------------

+----------------------------+--------+--------+-------+--------+--------+--------+
|          Site Type         |  SLR0  |  SLR1  |  SLR2 | SLR0 % | SLR1 % | SLR2 % |
+----------------------------+--------+--------+-------+--------+--------+--------+
| CLB                        |  53739 |  39045 |  7920 |  97.78 |  72.31 |  14.67 |
|   CLBL                     |  28509 |  20797 |  4102 |  97.37 |  71.03 |  14.01 |
|   CLBM                     |  25230 |  18248 |  3818 |  98.25 |  73.82 |  15.44 |
| CLB LUTs                   | 280524 | 193897 | 35531 |  63.80 |  44.88 |   8.22 |
|   LUT as Logic             | 244735 | 181843 | 32455 |  55.66 |  42.09 |   7.51 |
|     using O5 output only   |   1852 |    443 |  1017 |   0.42 |   0.10 |   0.24 |
|     using O6 output only   | 166443 | 129870 | 19591 |  37.86 |  30.06 |   4.53 |
|     using O5 and O6        |  76440 |  51530 | 11847 |  17.39 |  11.93 |   2.74 |
|   LUT as Memory            |  35789 |  12054 |  3076 |  17.42 |   6.10 |   1.56 |
|     LUT as Distributed RAM |  21560 |   3837 |  1660 |  10.49 |   1.94 |   0.84 |
|       using O5 output only |      0 |      0 |     0 |   0.00 |   0.00 |   0.00 |
|       using O6 output only |     80 |    215 |    84 |   0.04 |   0.11 |   0.04 |
|       using O5 and O6      |  21480 |   3622 |  1576 |  10.46 |   1.83 |   0.80 |
|     LUT as Shift Register  |  14229 |   8217 |  1416 |   6.93 |   4.16 |   0.72 |
|       using O5 output only |      6 |      0 |     0 |  <0.01 |   0.00 |   0.00 |
|       using O6 output only |   9805 |   5849 |  1286 |   4.77 |   2.96 |   0.65 |
|       using O5 and O6      |   4418 |   2368 |   130 |   2.15 |   1.20 |   0.07 |
| CLB Registers              | 435958 | 258526 | 60703 |  49.58 |  29.92 |   7.03 |
| CARRY8                     |  20031 |  13429 |   313 |  36.45 |  24.87 |   0.58 |
| F7 Muxes                   |   2604 |   2063 |  1054 |   1.18 |   0.96 |   0.49 |
| F8 Muxes                   |    712 |    605 |    47 |   0.65 |   0.56 |   0.04 |
| F9 Muxes                   |      0 |      0 |     0 |   0.00 |   0.00 |   0.00 |
| Block RAM Tile             |  295.5 |  264.5 |    94 |  43.97 |  39.36 |  13.99 |
|   RAMB36/FIFO              |    294 |    264 |    92 |  43.75 |  39.29 |  13.69 |
|     RAMB36E2 only          |    294 |    264 |    92 |  43.75 |  39.29 |  13.69 |
|   RAMB18                   |      3 |      1 |     4 |   0.22 |   0.07 |   0.30 |
|     RAMB18E2 only          |      3 |      1 |     4 |   0.22 |   0.07 |   0.30 |
| URAM                       |      0 |      0 |     0 |   0.00 |   0.00 |   0.00 |
| DSPs                       |     24 |     16 |     4 |   0.83 |   0.52 |   0.13 |
| Unique Control Sets        |   5688 |   2932 |  2736 |   5.17 |   2.71 |   2.53 |
+----------------------------+--------+--------+-------+--------+--------+--------+
* Note: Available Control Sets based on CLB Registers / 8


4. SLR IO Utilization
---------------------

+-----------+-----------+---------+------------+----------+------------+----------+-----+
| SLR Index | Used IOBs | (%)IOBs | Used IPADs | (%)IPADs | Used OPADs | (%)OPADs | GTs |
+-----------+-----------+---------+------------+----------+------------+----------+-----+
| SLR2      |        18 |    8.65 |          0 |     0.00 |          0 |     0.00 |   0 |
| SLR1      |         0 |    0.00 |          0 |     0.00 |          0 |     0.00 |   0 |
| SLR0      |         1 |    0.48 |          0 |     0.00 |          0 |     0.00 |  16 |
+-----------+-----------+---------+------------+----------+------------+----------+-----+
| Total     |        19 |         |          0 |          |          0 |          |  16 |
+-----------+-----------+---------+------------+----------+------------+----------+-----+


