Copyright 1986-2021 Xilinx, Inc. All Rights Reserved.
-----------------------------------------------------------------------------------------------------------------------------------------------------------------------------------------------------------------------------------------------------------------------------------------------------------------------------------------------------------------------------------------------------------------------------------------------------------------------------------------------------
| Tool Version : Vivado v.2021.2 (lin64) Build 3367213 Tue Oct 19 02:47:39 MDT 2021
| Date         : Fri Nov 22 17:24:13 2024
| Host         : hacc-gpu0 running 64-bit Ubuntu 20.04.6 LTS
| Command      : report_accelerator_utilization -kernels { krnl_vaddmul:pfm_top_i/dynamic_region/krnl_vaddmul_1/inst:krnl_vaddmul_1 krnl_vaddmul:pfm_top_i/dynamic_region/krnl_vaddmul_2/inst:krnl_vaddmul_2 krnl_vaddmul:pfm_top_i/dynamic_region/krnl_vaddmul_3/inst:krnl_vaddmul_3 krnl_vaddmul:pfm_top_i/dynamic_region/krnl_vaddmul_4/inst:krnl_vaddmul_4 krnl_vaddmul:pfm_top_i/dynamic_region/krnl_vaddmul_5/inst:krnl_vaddmul_5} -file kernel_util_placed.rpt -name kernel_util_placed -json
| Design       : pfm_top_wrapper
| Device       : xcu280
| Design State : Fully Placed
-----------------------------------------------------------------------------------------------------------------------------------------------------------------------------------------------------------------------------------------------------------------------------------------------------------------------------------------------------------------------------------------------------------------------------------------------------------------------------------------------------

Accelerator Utilization Design Information

Table of Contents
-----------------
1. System Utilization

1. System Utilization
---------------------

+---------------------+-------------------+------------------+-------------------+----------------+---------------+----------------+
| Name                | LUT               | LUTAsMem         | REG               | BRAM           | URAM          | DSP            |
+---------------------+-------------------+------------------+-------------------+----------------+---------------+----------------+
| Platform            |  146773 [ 11.27%] |  30624 [  5.10%] |  227397 [  8.72%] |  204 [ 10.12%] |   0 [  0.00%] |    4 [  0.04%] |
| User Budget         | 1155947 [100.00%] | 569856 [100.00%] | 2379963 [100.00%] | 1812 [100.00%] | 960 [100.00%] | 9020 [100.00%] |
|    Used Resources   |  363202 [ 31.42%] |  20295 [  3.56%] |  527790 [ 22.18%] |  450 [ 24.83%] |   0 [  0.00%] |   40 [  0.44%] |
|    Unused Resources |  792745 [ 68.58%] | 549561 [ 96.44%] | 1852173 [ 77.82%] | 1362 [ 75.17%] | 960 [100.00%] | 8980 [ 99.56%] |
| krnl_vaddmul        |  363202 [ 31.42%] |  20295 [  3.56%] |  527790 [ 22.18%] |  450 [ 24.83%] |   0 [  0.00%] |   40 [  0.44%] |
|    krnl_vaddmul_1   |   72656 [  6.29%] |   4059 [  0.71%] |  105546 [  4.43%] |   90 [  4.97%] |   0 [  0.00%] |    8 [  0.09%] |
|    krnl_vaddmul_2   |   72726 [  6.29%] |   4059 [  0.71%] |  105561 [  4.44%] |   90 [  4.97%] |   0 [  0.00%] |    8 [  0.09%] |
|    krnl_vaddmul_3   |   72510 [  6.27%] |   4059 [  0.71%] |  105557 [  4.44%] |   90 [  4.97%] |   0 [  0.00%] |    8 [  0.09%] |
|    krnl_vaddmul_4   |   72652 [  6.29%] |   4059 [  0.71%] |  105535 [  4.43%] |   90 [  4.97%] |   0 [  0.00%] |    8 [  0.09%] |
|    krnl_vaddmul_5   |   72658 [  6.29%] |   4059 [  0.71%] |  105591 [  4.44%] |   90 [  4.97%] |   0 [  0.00%] |    8 [  0.09%] |
+---------------------+-------------------+------------------+-------------------+----------------+---------------+----------------+


