Copyright 1986-2021 Xilinx, Inc. All Rights Reserved.
------------------------------------------------------------------------------------------
| Tool Version : Vivado v.2021.2 (lin64) Build 3367213 Tue Oct 19 02:47:39 MDT 2021
| Date         : Mon Dec  9 12:30:36 2024
| Host         : hacc-gpu0 running 64-bit Ubuntu 20.04.6 LTS
| Command      : report_utilization -slr -file slr_util_placed.rpt -pb slr_util_placed.pb
| Design       : pfm_top_wrapper
| Device       : xcu280-fsvh2892-2L-e
| Speed File   : -2L
| Design State : Fully Placed
------------------------------------------------------------------------------------------

Utilization Design Information

Table of Contents
-----------------
1. SLR Connectivity
2. SLR Connectivity Matrix
3. SLR CLB Logic and Dedicated Block Utilization
4. SLR IO Utilization

1. SLR Connectivity
-------------------

+----------------------------------+-------+-------+-----------+-------+
|                                  |  Used | Fixed | Available | Util% |
+----------------------------------+-------+-------+-----------+-------+
| SLR2 <-> SLR1                    |  8398 |       |     23040 | 36.45 |
|   SLR1 -> SLR2                   |  3980 |       |           | 17.27 |
|     Using TX_REG only            |     1 |     1 |           |       |
|     Using RX_REG only            |    18 |    18 |           |       |
|     Using Both TX_REG and RX_REG |  1855 |     1 |           |       |
|   SLR2 -> SLR1                   |  4418 |       |           | 19.18 |
|     Using TX_REG only            |     0 |     0 |           |       |
|     Using RX_REG only            |     4 |     4 |           |       |
|     Using Both TX_REG and RX_REG |  2659 |     0 |           |       |
| SLR1 <-> SLR0                    | 12651 |       |     23040 | 54.91 |
|   SLR0 -> SLR1                   |  5514 |       |           | 23.93 |
|     Using TX_REG only            |    71 |    71 |           |       |
|     Using RX_REG only            |    61 |    61 |           |       |
|     Using Both TX_REG and RX_REG |  3523 |    55 |           |       |
|   SLR1 -> SLR0                   |  7137 |       |           | 30.98 |
|     Using TX_REG only            |    62 |    62 |           |       |
|     Using RX_REG only            |    73 |    71 |           |       |
|     Using Both TX_REG and RX_REG |  4935 |    60 |           |       |
+----------------------------------+-------+-------+-----------+-------+
| Total SLLs Used                  | 21049 |       |           |       |
+----------------------------------+-------+-------+-----------+-------+


2. SLR Connectivity Matrix
--------------------------

+-----------+------+------+------+
| FROM \ TO | SLR2 | SLR1 | SLR0 |
+-----------+------+------+------+
| SLR2      |    0 | 3930 |  488 |
| SLR1      | 3635 |    0 | 6649 |
| SLR0      |  345 | 5169 |    0 |
+-----------+------+------+------+


3. SLR CLB Logic and Dedicated Block Utilization
------------------------------------------------

+----------------------------+--------+--------+--------+--------+--------+--------+
|          Site Type         |  SLR0  |  SLR1  |  SLR2  | SLR0 % | SLR1 % | SLR2 % |
+----------------------------+--------+--------+--------+--------+--------+--------+
| CLB                        |  51572 |  53975 |  53571 |  93.84 |  99.95 |  99.21 |
|   CLBL                     |  27215 |  29261 |  28989 |  92.95 |  99.94 |  99.01 |
|   CLBM                     |  24357 |  24714 |  24582 |  94.85 |  99.98 |  99.44 |
| CLB LUTs                   | 220154 | 333637 | 323356 |  50.07 |  77.23 |  74.85 |
|   LUT as Logic             | 184323 | 290147 | 279245 |  41.92 |  67.16 |  64.64 |
|     using O5 output only   |   1755 |   1677 |   2302 |   0.40 |   0.39 |   0.53 |
|     using O6 output only   | 115274 | 197281 | 184760 |  26.22 |  45.67 |  42.77 |
|     using O5 and O6        |  67294 |  91189 |  92183 |  15.31 |  21.11 |  21.34 |
|   LUT as Memory            |  35831 |  43490 |  44111 |  17.44 |  21.99 |  22.31 |
|     LUT as Distributed RAM |   4440 |   8133 |   5956 |   2.16 |   4.11 |   3.01 |
|       using O5 output only |      0 |      0 |      0 |   0.00 |   0.00 |   0.00 |
|       using O6 output only |     96 |    239 |    108 |   0.05 |   0.12 |   0.05 |
|       using O5 and O6      |   4344 |   7894 |   5848 |   2.11 |   3.99 |   2.96 |
|     LUT as Shift Register  |  31391 |  35357 |  38155 |  15.28 |  17.88 |  19.29 |
|       using O5 output only |      0 |      0 |      0 |   0.00 |   0.00 |   0.00 |
|       using O6 output only |  26844 |  30077 |  32745 |  13.07 |  15.21 |  16.56 |
|       using O5 and O6      |   4547 |   5280 |   5410 |   2.21 |   2.67 |   2.74 |
| CLB Registers              | 356850 | 476017 | 472144 |  40.58 |  55.09 |  54.65 |
| CARRY8                     |   6123 |   8961 |   8801 |  11.14 |  16.59 |  16.30 |
| F7 Muxes                   |   5730 |   5131 |   7088 |   2.61 |   2.38 |   3.28 |
| F8 Muxes                   |     16 |    141 |     47 |   0.01 |   0.13 |   0.04 |
| F9 Muxes                   |      0 |      0 |      0 |   0.00 |   0.00 |   0.00 |
| Block RAM Tile             |  458.5 |  654.5 |    667 |  68.23 |  97.40 |  99.26 |
|   RAMB36/FIFO              |    455 |    651 |    662 |  67.71 |  96.88 |  98.51 |
|     RAMB36E2 only          |    455 |    651 |    662 |  67.71 |  96.88 |  98.51 |
|   RAMB18                   |      7 |      7 |     10 |   0.52 |   0.52 |   0.74 |
|     RAMB18E2 only          |      7 |      7 |     10 |   0.52 |   0.52 |   0.74 |
| URAM                       |     64 |     96 |     96 |  20.00 |  30.00 |  30.00 |
| DSPs                       |    876 |   1314 |   1318 |  30.42 |  42.77 |  42.90 |
| Unique Control Sets        |   6690 |   8423 |   8459 |   6.09 |   7.80 |   7.83 |
+----------------------------+--------+--------+--------+--------+--------+--------+
* Note: Available Control Sets based on CLB Registers / 8


4. SLR IO Utilization
---------------------

+-----------+-----------+---------+------------+----------+------------+----------+-----+
| SLR Index | Used IOBs | (%)IOBs | Used IPADs | (%)IPADs | Used OPADs | (%)OPADs | GTs |
+-----------+-----------+---------+------------+----------+------------+----------+-----+
| SLR2      |        18 |    8.65 |          0 |     0.00 |          0 |     0.00 |   0 |
| SLR1      |         0 |    0.00 |          0 |     0.00 |          0 |     0.00 |   0 |
| SLR0      |         1 |    0.48 |          0 |     0.00 |          0 |     0.00 |  16 |
+-----------+-----------+---------+------------+----------+------------+----------+-----+
| Total     |        19 |         |          0 |          |          0 |          |  16 |
+-----------+-----------+---------+------------+----------+------------+----------+-----+


