Copyright 1986-2021 Xilinx, Inc. All Rights Reserved.
----------------------------------------------------------------------------------------------------------------------------------------------------------------------------------------------------------------------------------------------------------------------------------------------------------------------------------------------------------------------------------------------------------------------------------------------------------------------------------------------------------------------------
| Tool Version : Vivado v.2021.2 (lin64) Build 3367213 Tue Oct 19 02:47:39 MDT 2021
| Date         : Mon Dec  9 12:28:21 2024
| Host         : hacc-gpu0 running 64-bit Ubuntu 20.04.6 LTS
| Command      : report_accelerator_utilization -kernels { spmv_result_drain:pfm_top_i/dynamic_region/RD/inst:RD spmv_sk0:pfm_top_i/dynamic_region/SK0/inst:SK0 spmv_sk1:pfm_top_i/dynamic_region/SK1/inst:SK1 spmv_sk2:pfm_top_i/dynamic_region/SK2/inst:SK2 spmv_vector_loader:pfm_top_i/dynamic_region/VL/inst:VL k2k_relay:pfm_top_i/dynamic_region/relay_SK2_rout/inst:relay_SK2_rout k2k_relay:pfm_top_i/dynamic_region/relay_SK2_vin/inst:relay_SK2_vin} -file kernel_util_placed.rpt -name kernel_util_placed -json
| Design       : pfm_top_wrapper
| Device       : xcu280
| Design State : Fully Placed
----------------------------------------------------------------------------------------------------------------------------------------------------------------------------------------------------------------------------------------------------------------------------------------------------------------------------------------------------------------------------------------------------------------------------------------------------------------------------------------------------------------------------

Accelerator Utilization Design Information

Table of Contents
-----------------
1. System Utilization

1. System Utilization
---------------------

+---------------------+-------------------+------------------+-------------------+----------------+---------------+----------------+
| Name                | LUT               | LUTAsMem         | REG               | BRAM           | URAM          | DSP            |
+---------------------+-------------------+------------------+-------------------+----------------+---------------+----------------+
| Platform            |  151264 [ 11.61%] |  32690 [  5.44%] |  281688 [ 10.80%] |  244 [ 12.10%] |   0 [  0.00%] |    4 [  0.04%] |
| User Budget         | 1151456 [100.00%] | 567790 [100.00%] | 2325672 [100.00%] | 1772 [100.00%] | 960 [100.00%] | 9020 [100.00%] |
|    Used Resources   |  726008 [ 63.05%] |  90742 [ 15.98%] | 1023323 [ 44.00%] | 1536 [ 86.68%] | 256 [ 26.67%] | 3504 [ 38.85%] |
|    Unused Resources |  425448 [ 36.95%] | 477048 [ 84.02%] | 1302349 [ 56.00%] |  236 [ 13.32%] | 704 [ 73.33%] | 5516 [ 61.15%] |
| k2k_relay           |     749 [  0.07%] |      0 [  0.00%] |    3019 [  0.13%] |    0 [  0.00%] |   0 [  0.00%] |    0 [  0.00%] |
|    relay_SK2_rout   |     372 [  0.03%] |      0 [  0.00%] |    1496 [  0.06%] |    0 [  0.00%] |   0 [  0.00%] |    0 [  0.00%] |
|    relay_SK2_vin    |     377 [  0.03%] |      0 [  0.00%] |    1523 [  0.07%] |    0 [  0.00%] |   0 [  0.00%] |    0 [  0.00%] |
| spmv_result_drain   |    2020 [  0.18%] |    412 [  0.07%] |    4495 [  0.19%] |    4 [  0.23%] |   0 [  0.00%] |    0 [  0.00%] |
|    RD               |    2020 [  0.18%] |    412 [  0.07%] |    4495 [  0.19%] |    4 [  0.23%] |   0 [  0.00%] |    0 [  0.00%] |
| spmv_sk0            |  175953 [ 15.28%] |  22392 [  3.94%] |  253274 [ 10.89%] |  382 [ 21.56%] |  64 [  6.67%] |  876 [  9.71%] |
|    SK0              |  175953 [ 15.28%] |  22392 [  3.94%] |  253274 [ 10.89%] |  382 [ 21.56%] |  64 [  6.67%] |  876 [  9.71%] |
| spmv_sk1            |  271899 [ 23.61%] |  33588 [  5.92%] |  378804 [ 16.29%] |  573 [ 32.34%] |  96 [ 10.00%] | 1314 [ 14.57%] |
|    SK1              |  271899 [ 23.61%] |  33588 [  5.92%] |  378804 [ 16.29%] |  573 [ 32.34%] |  96 [ 10.00%] | 1314 [ 14.57%] |
| spmv_sk2            |  272903 [ 23.70%] |  33588 [  5.92%] |  378320 [ 16.27%] |  573 [ 32.34%] |  96 [ 10.00%] | 1314 [ 14.57%] |
|    SK2              |  272903 [ 23.70%] |  33588 [  5.92%] |  378320 [ 16.27%] |  573 [ 32.34%] |  96 [ 10.00%] | 1314 [ 14.57%] |
| spmv_vector_loader  |    2484 [  0.22%] |    762 [  0.13%] |    5411 [  0.23%] |    4 [  0.23%] |   0 [  0.00%] |    0 [  0.00%] |
|    VL               |    2484 [  0.22%] |    762 [  0.13%] |    5411 [  0.23%] |    4 [  0.23%] |   0 [  0.00%] |    0 [  0.00%] |
+---------------------+-------------------+------------------+-------------------+----------------+---------------+----------------+


