Copyright 1986-2021 Xilinx, Inc. All Rights Reserved.
------------------------------------------------------------------------------------------------------------------------------------------------------------------------------------------------------------------------------------------------------------------------------------------------------------------------------------------------------------------------------------------------------------------------------------------------------------------------------------------------------------------------------
| Tool Version : Vivado v.2021.2 (lin64) Build 3367213 Tue Oct 19 02:47:39 MDT 2021
| Date         : Mon Dec  9 06:33:26 2024
| Host         : hacc-gpu0 running 64-bit Ubuntu 20.04.6 LTS
| Command      : report_accelerator_utilization -kernels { spmv_result_drain:pfm_top_i/dynamic_region/RD/inst:RD spmv_sk0:pfm_top_i/dynamic_region/SK0/inst:SK0 spmv_sk1:pfm_top_i/dynamic_region/SK1/inst:SK1 spmv_sk2:pfm_top_i/dynamic_region/SK2/inst:SK2 spmv_vector_loader:pfm_top_i/dynamic_region/VL/inst:VL k2k_relay:pfm_top_i/dynamic_region/relay_SK2_rout/inst:relay_SK2_rout k2k_relay:pfm_top_i/dynamic_region/relay_SK2_vin/inst:relay_SK2_vin} -file kernel_util_synthed.rpt -name kernel_util_synthed -json
| Design       : pfm_top_wrapper
| Device       : xcu280
| Design State : Synthesized
------------------------------------------------------------------------------------------------------------------------------------------------------------------------------------------------------------------------------------------------------------------------------------------------------------------------------------------------------------------------------------------------------------------------------------------------------------------------------------------------------------------------------

Accelerator Utilization Design Information

Table of Contents
-----------------
1. System Utilization

1. System Utilization
---------------------

+---------------------+-------------------+------------------+-------------------+----------------+---------------+----------------+
| Name                | LUT               | LUTAsMem         | REG               | BRAM           | URAM          | DSP            |
+---------------------+-------------------+------------------+-------------------+----------------+---------------+----------------+
| Platform            |  172978 [ 13.28%] |  36217 [  6.03%] |  320998 [ 12.31%] |  320 [ 15.87%] |   0 [  0.00%] |    4 [  0.04%] |
| User Budget         | 1129742 [100.00%] | 564263 [100.00%] | 2286362 [100.00%] | 1696 [100.00%] | 960 [100.00%] | 9020 [100.00%] |
|    Used Resources   |  793996 [ 70.28%] | 109328 [ 19.38%] | 1034810 [ 45.26%] | 1536 [ 90.57%] | 256 [ 26.67%] | 3504 [ 38.85%] |
|    Unused Resources |  335746 [ 29.72%] | 454935 [ 80.62%] | 1251552 [ 54.74%] |  160 [  9.43%] | 704 [ 73.33%] | 5516 [ 61.15%] |
| k2k_relay           |    2072 [  0.18%] |      0 [  0.00%] |    8220 [  0.36%] |    0 [  0.00%] |   0 [  0.00%] |    0 [  0.00%] |
|    relay_SK2_rout   |    1036 [  0.09%] |      0 [  0.00%] |    4110 [  0.18%] |    0 [  0.00%] |   0 [  0.00%] |    0 [  0.00%] |
|    relay_SK2_vin    |    1036 [  0.09%] |      0 [  0.00%] |    4110 [  0.18%] |    0 [  0.00%] |   0 [  0.00%] |    0 [  0.00%] |
| spmv_result_drain   |    2251 [  0.20%] |    591 [  0.10%] |    4552 [  0.20%] |    4 [  0.24%] |   0 [  0.00%] |    0 [  0.00%] |
|    RD               |    2251 [  0.20%] |    591 [  0.10%] |    4552 [  0.20%] |    4 [  0.24%] |   0 [  0.00%] |    0 [  0.00%] |
| spmv_sk0            |  196083 [ 17.36%] |  26561 [  4.71%] |  254135 [ 11.12%] |  382 [ 22.52%] |  64 [  6.67%] |  876 [  9.71%] |
|    SK0              |  196083 [ 17.36%] |  26561 [  4.71%] |  254135 [ 11.12%] |  382 [ 22.52%] |  64 [  6.67%] |  876 [  9.71%] |
| spmv_sk1            |  295534 [ 26.16%] |  40707 [  7.21%] |  381258 [ 16.68%] |  573 [ 33.79%] |  96 [ 10.00%] | 1314 [ 14.57%] |
|    SK1              |  295534 [ 26.16%] |  40707 [  7.21%] |  381258 [ 16.68%] |  573 [ 33.79%] |  96 [ 10.00%] | 1314 [ 14.57%] |
| spmv_sk2            |  295534 [ 26.16%] |  40707 [  7.21%] |  381258 [ 16.68%] |  573 [ 33.79%] |  96 [ 10.00%] | 1314 [ 14.57%] |
|    SK2              |  295534 [ 26.16%] |  40707 [  7.21%] |  381258 [ 16.68%] |  573 [ 33.79%] |  96 [ 10.00%] | 1314 [ 14.57%] |
| spmv_vector_loader  |    2522 [  0.22%] |    762 [  0.14%] |    5387 [  0.24%] |    4 [  0.24%] |   0 [  0.00%] |    0 [  0.00%] |
|    VL               |    2522 [  0.22%] |    762 [  0.14%] |    5387 [  0.24%] |    4 [  0.24%] |   0 [  0.00%] |    0 [  0.00%] |
+---------------------+-------------------+------------------+-------------------+----------------+---------------+----------------+


