INFO: [v++ 60-1306] Additional information associated with this v++ link can be found at:
	Reports: /home/ziyuanwang/hbm/Vitis_Accel_Examples/performance/hbm_bandwidth/_x_4cores_gem0011_19.hw.xilinx_u280_xdma_201920_3/reports/link
	Log files: /home/ziyuanwang/hbm/Vitis_Accel_Examples/performance/hbm_bandwidth/_x_4cores_gem0011_19.hw.xilinx_u280_xdma_201920_3/logs/link
INFO: [v++ 60-1548] Creating build summary session with primary output /home/ziyuanwang/hbm/Vitis_Accel_Examples/performance/hbm_bandwidth/build_dir_4cores_gem0011_19.hw.xilinx_u280_xdma_201920_3/krnl_vaddmul.link.xclbin.link_summary, at Sat Nov 16 21:01:53 2024
INFO: [v++ 60-1316] Initiating connection to rulecheck server, at Sat Nov 16 21:01:53 2024
INFO: [v++ 60-1315] Creating rulecheck session with output '/home/ziyuanwang/hbm/Vitis_Accel_Examples/performance/hbm_bandwidth/_x_4cores_gem0011_19.hw.xilinx_u280_xdma_201920_3/reports/link/v++_link_krnl_vaddmul.link_guidance.html', at Sat Nov 16 21:01:56 2024
INFO: [v++ 60-895]   Target platform: /opt/xilinx/platforms/xilinx_u280_xdma_201920_3/xilinx_u280_xdma_201920_3.xpfm
INFO: [v++ 60-1578]   This platform contains Xilinx Shell Archive '/opt/xilinx/platforms/xilinx_u280_xdma_201920_3/hw/xilinx_u280_xdma_201920_3.xsa'
INFO: [v++ 74-78] Compiler Version string: 2021.2
INFO: [v++ 60-1302] Platform 'xilinx_u280_xdma_201920_3.xpfm' has been explicitly enabled for this release.
INFO: [v++ 60-629] Linking for hardware target
INFO: [v++ 60-423]   Target device: xilinx_u280_xdma_201920_3
INFO: [v++ 60-1332] Run 'run_link' status: Not started
INFO: [v++ 60-1443] [21:02:43] Run run_link: Step system_link: Started
INFO: [v++ 60-1453] Command Line: system_link --xo /home/ziyuanwang/hbm/Vitis_Accel_Examples/performance/hbm_bandwidth/_x_4cores_gem0011_19.hw.xilinx_u280_xdma_201920_3/krnl_vaddmul.xo -keep --config /home/ziyuanwang/hbm/Vitis_Accel_Examples/performance/hbm_bandwidth/_x_4cores_gem0011_19.hw.xilinx_u280_xdma_201920_3/link/int/syslinkConfig.ini --xpfm /opt/xilinx/platforms/xilinx_u280_xdma_201920_3/xilinx_u280_xdma_201920_3.xpfm --target hw --output_dir /home/ziyuanwang/hbm/Vitis_Accel_Examples/performance/hbm_bandwidth/_x_4cores_gem0011_19.hw.xilinx_u280_xdma_201920_3/link/int --temp_dir /home/ziyuanwang/hbm/Vitis_Accel_Examples/performance/hbm_bandwidth/_x_4cores_gem0011_19.hw.xilinx_u280_xdma_201920_3/link/sys_link
INFO: [v++ 60-1454] Run Directory: /home/ziyuanwang/hbm/Vitis_Accel_Examples/performance/hbm_bandwidth/_x_4cores_gem0011_19.hw.xilinx_u280_xdma_201920_3/link/run_link
INFO: [SYSTEM_LINK 60-1316] Initiating connection to rulecheck server, at Sat Nov 16 21:02:49 2024
INFO: [SYSTEM_LINK 82-70] Extracting xo v3 file /home/ziyuanwang/hbm/Vitis_Accel_Examples/performance/hbm_bandwidth/_x_4cores_gem0011_19.hw.xilinx_u280_xdma_201920_3/krnl_vaddmul.xo
INFO: [SYSTEM_LINK 82-53] Creating IP database /home/ziyuanwang/hbm/Vitis_Accel_Examples/performance/hbm_bandwidth/_x_4cores_gem0011_19.hw.xilinx_u280_xdma_201920_3/link/sys_link/_sysl/.cdb/xd_ip_db.xml
INFO: [SYSTEM_LINK 82-38] [21:03:18] build_xd_ip_db started: /tools/Xilinx/Vitis/2021.2/bin/build_xd_ip_db -ip_search 0  -sds-pf /home/ziyuanwang/hbm/Vitis_Accel_Examples/performance/hbm_bandwidth/_x_4cores_gem0011_19.hw.xilinx_u280_xdma_201920_3/link/sys_link/xilinx_u280_xdma_201920_3.hpfm -clkid 0 -ip /home/ziyuanwang/hbm/Vitis_Accel_Examples/performance/hbm_bandwidth/_x_4cores_gem0011_19.hw.xilinx_u280_xdma_201920_3/link/sys_link/iprepo/xilinx_com_hls_krnl_vaddmul_1_0,krnl_vaddmul -o /home/ziyuanwang/hbm/Vitis_Accel_Examples/performance/hbm_bandwidth/_x_4cores_gem0011_19.hw.xilinx_u280_xdma_201920_3/link/sys_link/_sysl/.cdb/xd_ip_db.xml
INFO: [SYSTEM_LINK 82-37] [21:03:58] build_xd_ip_db finished successfully
Time (s): cpu = 00:00:05 ; elapsed = 00:00:40 . Memory (MB): peak = 2168.234 ; gain = 0.000 ; free physical = 16675 ; free virtual = 445547
INFO: [SYSTEM_LINK 82-51] Create system connectivity graph
INFO: [SYSTEM_LINK 82-102] Applying explicit connections to the system connectivity graph: /home/ziyuanwang/hbm/Vitis_Accel_Examples/performance/hbm_bandwidth/_x_4cores_gem0011_19.hw.xilinx_u280_xdma_201920_3/link/sys_link/cfgraph/cfgen_cfgraph.xml
INFO: [SYSTEM_LINK 82-38] [21:03:58] cfgen started: /tools/Xilinx/Vitis/2021.2/bin/cfgen  -nk krnl_vaddmul:4 -sp krnl_vaddmul_1.in1:HBM[0] -sp krnl_vaddmul_1.in2:HBM[1] -sp krnl_vaddmul_1.out_add:HBM[2] -sp krnl_vaddmul_1.out_mul:HBM[3] -sp krnl_vaddmul_2.in1:HBM[4] -sp krnl_vaddmul_2.in2:HBM[5] -sp krnl_vaddmul_2.out_add:HBM[6] -sp krnl_vaddmul_2.out_mul:HBM[7] -sp krnl_vaddmul_3.in1:HBM[8] -sp krnl_vaddmul_3.in2:HBM[9] -sp krnl_vaddmul_3.out_add:HBM[10] -sp krnl_vaddmul_3.out_mul:HBM[11] -sp krnl_vaddmul_4.in1:HBM[12] -sp krnl_vaddmul_4.in2:HBM[13] -sp krnl_vaddmul_4.out_add:HBM[14] -sp krnl_vaddmul_4.out_mul:HBM[15] -dmclkid 0 -r /home/ziyuanwang/hbm/Vitis_Accel_Examples/performance/hbm_bandwidth/_x_4cores_gem0011_19.hw.xilinx_u280_xdma_201920_3/link/sys_link/_sysl/.cdb/xd_ip_db.xml -o /home/ziyuanwang/hbm/Vitis_Accel_Examples/performance/hbm_bandwidth/_x_4cores_gem0011_19.hw.xilinx_u280_xdma_201920_3/link/sys_link/cfgraph/cfgen_cfgraph.xml
INFO: [CFGEN 83-0] Kernel Specs: 
INFO: [CFGEN 83-0]   kernel: krnl_vaddmul, num: 4  {krnl_vaddmul_1 krnl_vaddmul_2 krnl_vaddmul_3 krnl_vaddmul_4}
INFO: [CFGEN 83-0] Port Specs: 
INFO: [CFGEN 83-0]   kernel: krnl_vaddmul_1, k_port: in1, sptag: HBM[0]
INFO: [CFGEN 83-0]   kernel: krnl_vaddmul_1, k_port: in2, sptag: HBM[1]
INFO: [CFGEN 83-0]   kernel: krnl_vaddmul_1, k_port: out_add, sptag: HBM[2]
INFO: [CFGEN 83-0]   kernel: krnl_vaddmul_1, k_port: out_mul, sptag: HBM[3]
INFO: [CFGEN 83-0]   kernel: krnl_vaddmul_2, k_port: in1, sptag: HBM[4]
INFO: [CFGEN 83-0]   kernel: krnl_vaddmul_2, k_port: in2, sptag: HBM[5]
INFO: [CFGEN 83-0]   kernel: krnl_vaddmul_2, k_port: out_add, sptag: HBM[6]
INFO: [CFGEN 83-0]   kernel: krnl_vaddmul_2, k_port: out_mul, sptag: HBM[7]
INFO: [CFGEN 83-0]   kernel: krnl_vaddmul_3, k_port: in1, sptag: HBM[8]
INFO: [CFGEN 83-0]   kernel: krnl_vaddmul_3, k_port: in2, sptag: HBM[9]
INFO: [CFGEN 83-0]   kernel: krnl_vaddmul_3, k_port: out_add, sptag: HBM[10]
INFO: [CFGEN 83-0]   kernel: krnl_vaddmul_3, k_port: out_mul, sptag: HBM[11]
INFO: [CFGEN 83-0]   kernel: krnl_vaddmul_4, k_port: in1, sptag: HBM[12]
INFO: [CFGEN 83-0]   kernel: krnl_vaddmul_4, k_port: in2, sptag: HBM[13]
INFO: [CFGEN 83-0]   kernel: krnl_vaddmul_4, k_port: out_add, sptag: HBM[14]
INFO: [CFGEN 83-0]   kernel: krnl_vaddmul_4, k_port: out_mul, sptag: HBM[15]
INFO: [CFGEN 83-2228] Creating mapping for argument krnl_vaddmul_1.in1 to HBM[0] for directive krnl_vaddmul_1.in1:HBM[0]
INFO: [CFGEN 83-2228] Creating mapping for argument krnl_vaddmul_1.in2 to HBM[1] for directive krnl_vaddmul_1.in2:HBM[1]
INFO: [CFGEN 83-2228] Creating mapping for argument krnl_vaddmul_1.out_add to HBM[2] for directive krnl_vaddmul_1.out_add:HBM[2]
INFO: [CFGEN 83-2228] Creating mapping for argument krnl_vaddmul_1.out_mul to HBM[3] for directive krnl_vaddmul_1.out_mul:HBM[3]
INFO: [CFGEN 83-2228] Creating mapping for argument krnl_vaddmul_2.in1 to HBM[4] for directive krnl_vaddmul_2.in1:HBM[4]
INFO: [CFGEN 83-2228] Creating mapping for argument krnl_vaddmul_2.in2 to HBM[5] for directive krnl_vaddmul_2.in2:HBM[5]
INFO: [CFGEN 83-2228] Creating mapping for argument krnl_vaddmul_2.out_add to HBM[6] for directive krnl_vaddmul_2.out_add:HBM[6]
INFO: [CFGEN 83-2228] Creating mapping for argument krnl_vaddmul_2.out_mul to HBM[7] for directive krnl_vaddmul_2.out_mul:HBM[7]
INFO: [CFGEN 83-2228] Creating mapping for argument krnl_vaddmul_3.in1 to HBM[8] for directive krnl_vaddmul_3.in1:HBM[8]
INFO: [CFGEN 83-2228] Creating mapping for argument krnl_vaddmul_3.in2 to HBM[9] for directive krnl_vaddmul_3.in2:HBM[9]
INFO: [CFGEN 83-2228] Creating mapping for argument krnl_vaddmul_3.out_add to HBM[10] for directive krnl_vaddmul_3.out_add:HBM[10]
INFO: [CFGEN 83-2228] Creating mapping for argument krnl_vaddmul_3.out_mul to HBM[11] for directive krnl_vaddmul_3.out_mul:HBM[11]
INFO: [CFGEN 83-2228] Creating mapping for argument krnl_vaddmul_4.in1 to HBM[12] for directive krnl_vaddmul_4.in1:HBM[12]
INFO: [CFGEN 83-2228] Creating mapping for argument krnl_vaddmul_4.in2 to HBM[13] for directive krnl_vaddmul_4.in2:HBM[13]
INFO: [CFGEN 83-2228] Creating mapping for argument krnl_vaddmul_4.out_add to HBM[14] for directive krnl_vaddmul_4.out_add:HBM[14]
INFO: [CFGEN 83-2228] Creating mapping for argument krnl_vaddmul_4.out_mul to HBM[15] for directive krnl_vaddmul_4.out_mul:HBM[15]
INFO: [SYSTEM_LINK 82-37] [21:04:07] cfgen finished successfully
Time (s): cpu = 00:00:09 ; elapsed = 00:00:09 . Memory (MB): peak = 2168.234 ; gain = 0.000 ; free physical = 17068 ; free virtual = 445940
INFO: [SYSTEM_LINK 82-52] Create top-level block diagram
INFO: [SYSTEM_LINK 82-38] [21:04:07] cf2bd started: /tools/Xilinx/Vitis/2021.2/bin/cf2bd  --linux --trace_buffer 1024 --input_file /home/ziyuanwang/hbm/Vitis_Accel_Examples/performance/hbm_bandwidth/_x_4cores_gem0011_19.hw.xilinx_u280_xdma_201920_3/link/sys_link/cfgraph/cfgen_cfgraph.xml --ip_db /home/ziyuanwang/hbm/Vitis_Accel_Examples/performance/hbm_bandwidth/_x_4cores_gem0011_19.hw.xilinx_u280_xdma_201920_3/link/sys_link/_sysl/.cdb/xd_ip_db.xml --cf_name dr --working_dir /home/ziyuanwang/hbm/Vitis_Accel_Examples/performance/hbm_bandwidth/_x_4cores_gem0011_19.hw.xilinx_u280_xdma_201920_3/link/sys_link/_sysl/.xsd --temp_dir /home/ziyuanwang/hbm/Vitis_Accel_Examples/performance/hbm_bandwidth/_x_4cores_gem0011_19.hw.xilinx_u280_xdma_201920_3/link/sys_link --output_dir /home/ziyuanwang/hbm/Vitis_Accel_Examples/performance/hbm_bandwidth/_x_4cores_gem0011_19.hw.xilinx_u280_xdma_201920_3/link/int --target_bd pfm_dynamic.bd
INFO: [CF2BD 82-31] Launching cf2xd: cf2xd -linux -trace-buffer 1024 -i /home/ziyuanwang/hbm/Vitis_Accel_Examples/performance/hbm_bandwidth/_x_4cores_gem0011_19.hw.xilinx_u280_xdma_201920_3/link/sys_link/cfgraph/cfgen_cfgraph.xml -r /home/ziyuanwang/hbm/Vitis_Accel_Examples/performance/hbm_bandwidth/_x_4cores_gem0011_19.hw.xilinx_u280_xdma_201920_3/link/sys_link/_sysl/.cdb/xd_ip_db.xml -o dr.xml
INFO: [CF2BD 82-28] cf2xd finished successfully
INFO: [CF2BD 82-31] Launching cf_xsd: cf_xsd -disable-address-gen -bd pfm_dynamic.bd -dn dr -dp /home/ziyuanwang/hbm/Vitis_Accel_Examples/performance/hbm_bandwidth/_x_4cores_gem0011_19.hw.xilinx_u280_xdma_201920_3/link/sys_link/_sysl/.xsd
INFO: [CF2BD 82-28] cf_xsd finished successfully
INFO: [SYSTEM_LINK 82-37] [21:04:12] cf2bd finished successfully
Time (s): cpu = 00:00:04 ; elapsed = 00:00:05 . Memory (MB): peak = 2168.234 ; gain = 0.000 ; free physical = 17224 ; free virtual = 446101
INFO: [v++ 60-1441] [21:04:12] Run run_link: Step system_link: Completed
Time (s): cpu = 00:00:22 ; elapsed = 00:01:29 . Memory (MB): peak = 2062.191 ; gain = 0.000 ; free physical = 17269 ; free virtual = 446147
INFO: [v++ 60-1443] [21:04:12] Run run_link: Step cf2sw: Started
INFO: [v++ 60-1453] Command Line: cf2sw -sdsl /home/ziyuanwang/hbm/Vitis_Accel_Examples/performance/hbm_bandwidth/_x_4cores_gem0011_19.hw.xilinx_u280_xdma_201920_3/link/int/sdsl.dat -rtd /home/ziyuanwang/hbm/Vitis_Accel_Examples/performance/hbm_bandwidth/_x_4cores_gem0011_19.hw.xilinx_u280_xdma_201920_3/link/int/cf2sw.rtd -nofilter /home/ziyuanwang/hbm/Vitis_Accel_Examples/performance/hbm_bandwidth/_x_4cores_gem0011_19.hw.xilinx_u280_xdma_201920_3/link/int/cf2sw_full.rtd -xclbin /home/ziyuanwang/hbm/Vitis_Accel_Examples/performance/hbm_bandwidth/_x_4cores_gem0011_19.hw.xilinx_u280_xdma_201920_3/link/int/xclbin_orig.xml -o /home/ziyuanwang/hbm/Vitis_Accel_Examples/performance/hbm_bandwidth/_x_4cores_gem0011_19.hw.xilinx_u280_xdma_201920_3/link/int/xclbin_orig.1.xml
INFO: [v++ 60-1454] Run Directory: /home/ziyuanwang/hbm/Vitis_Accel_Examples/performance/hbm_bandwidth/_x_4cores_gem0011_19.hw.xilinx_u280_xdma_201920_3/link/run_link
INFO: [v++ 60-1441] [21:04:19] Run run_link: Step cf2sw: Completed
Time (s): cpu = 00:00:06 ; elapsed = 00:00:07 . Memory (MB): peak = 2062.191 ; gain = 0.000 ; free physical = 17232 ; free virtual = 446110
INFO: [v++ 60-1443] [21:04:20] Run run_link: Step rtd2_system_diagram: Started
INFO: [v++ 60-1453] Command Line: rtd2SystemDiagram
INFO: [v++ 60-1454] Run Directory: /home/ziyuanwang/hbm/Vitis_Accel_Examples/performance/hbm_bandwidth/_x_4cores_gem0011_19.hw.xilinx_u280_xdma_201920_3/link/run_link
INFO: [v++ 60-1441] [21:04:20] Run run_link: Step rtd2_system_diagram: Completed
Time (s): cpu = 00:00:00 ; elapsed = 00:00:00.94 . Memory (MB): peak = 2062.191 ; gain = 0.000 ; free physical = 17206 ; free virtual = 446083
INFO: [v++ 60-1443] [21:04:21] Run run_link: Step vpl: Started
INFO: [v++ 60-1453] Command Line: vpl -t hw -f xilinx_u280_xdma_201920_3 --remote_ip_cache /home/ziyuanwang/hbm/Vitis_Accel_Examples/performance/hbm_bandwidth/.ipcache -s --output_dir /home/ziyuanwang/hbm/Vitis_Accel_Examples/performance/hbm_bandwidth/_x_4cores_gem0011_19.hw.xilinx_u280_xdma_201920_3/link/int --log_dir /home/ziyuanwang/hbm/Vitis_Accel_Examples/performance/hbm_bandwidth/_x_4cores_gem0011_19.hw.xilinx_u280_xdma_201920_3/logs/link --report_dir /home/ziyuanwang/hbm/Vitis_Accel_Examples/performance/hbm_bandwidth/_x_4cores_gem0011_19.hw.xilinx_u280_xdma_201920_3/reports/link --config /home/ziyuanwang/hbm/Vitis_Accel_Examples/performance/hbm_bandwidth/_x_4cores_gem0011_19.hw.xilinx_u280_xdma_201920_3/link/int/vplConfig.ini -k /home/ziyuanwang/hbm/Vitis_Accel_Examples/performance/hbm_bandwidth/_x_4cores_gem0011_19.hw.xilinx_u280_xdma_201920_3/link/int/kernel_info.dat --webtalk_flag Vitis --temp_dir /home/ziyuanwang/hbm/Vitis_Accel_Examples/performance/hbm_bandwidth/_x_4cores_gem0011_19.hw.xilinx_u280_xdma_201920_3/link --no-info --iprepo /home/ziyuanwang/hbm/Vitis_Accel_Examples/performance/hbm_bandwidth/_x_4cores_gem0011_19.hw.xilinx_u280_xdma_201920_3/link/int/xo/ip_repo/xilinx_com_hls_krnl_vaddmul_1_0 --messageDb /home/ziyuanwang/hbm/Vitis_Accel_Examples/performance/hbm_bandwidth/_x_4cores_gem0011_19.hw.xilinx_u280_xdma_201920_3/link/run_link/vpl.pb /home/ziyuanwang/hbm/Vitis_Accel_Examples/performance/hbm_bandwidth/_x_4cores_gem0011_19.hw.xilinx_u280_xdma_201920_3/link/int/dr.bd.tcl
INFO: [v++ 60-1454] Run Directory: /home/ziyuanwang/hbm/Vitis_Accel_Examples/performance/hbm_bandwidth/_x_4cores_gem0011_19.hw.xilinx_u280_xdma_201920_3/link/run_link

****** vpl v2021.2 (64-bit)
  **** SW Build 3363252 on 2021-10-14-04:41:01
    ** Copyright 1986-2020 Xilinx, Inc. All Rights Reserved.

INFO: [VPL 60-839] Read in kernel information from file '/home/ziyuanwang/hbm/Vitis_Accel_Examples/performance/hbm_bandwidth/_x_4cores_gem0011_19.hw.xilinx_u280_xdma_201920_3/link/int/kernel_info.dat'.
INFO: [VPL 74-78] Compiler Version string: 2021.2
INFO: [VPL 60-423]   Target device: xilinx_u280_xdma_201920_3
INFO: [VPL 60-1032] Extracting hardware platform to /home/ziyuanwang/hbm/Vitis_Accel_Examples/performance/hbm_bandwidth/_x_4cores_gem0011_19.hw.xilinx_u280_xdma_201920_3/link/vivado/vpl/.local/hw_platform
[21:38:14] Run vpl: Step create_project: Started
Creating Vivado project.
[21:39:05] Run vpl: Step create_project: Completed
[21:39:06] Run vpl: Step create_bd: Started
[21:40:34] Run vpl: Step create_bd: RUNNING...
[21:42:38] Run vpl: Step create_bd: RUNNING...
[21:44:26] Run vpl: Step create_bd: RUNNING...
[21:46:22] Run vpl: Step create_bd: RUNNING...
[21:47:43] Run vpl: Step create_bd: RUNNING...
[21:49:53] Run vpl: Step create_bd: RUNNING...
[21:51:16] Run vpl: Step create_bd: RUNNING...
[21:52:48] Run vpl: Step create_bd: RUNNING...
[21:54:05] Run vpl: Step create_bd: RUNNING...
[21:55:49] Run vpl: Step create_bd: RUNNING...
[21:57:14] Run vpl: Step create_bd: RUNNING...
[21:58:34] Run vpl: Step create_bd: RUNNING...
[21:59:53] Run vpl: Step create_bd: RUNNING...
[22:02:11] Run vpl: Step create_bd: RUNNING...
[22:03:49] Run vpl: Step create_bd: RUNNING...
[22:05:33] Run vpl: Step create_bd: RUNNING...
[22:06:52] Run vpl: Step create_bd: RUNNING...
[22:09:15] Run vpl: Step create_bd: RUNNING...
[22:10:37] Run vpl: Step create_bd: RUNNING...
[22:12:00] Run vpl: Step create_bd: RUNNING...
[22:13:31] Run vpl: Step create_bd: RUNNING...
[22:15:18] Run vpl: Step create_bd: RUNNING...
[22:16:55] Run vpl: Step create_bd: RUNNING...
[22:18:13] Run vpl: Step create_bd: RUNNING...
[22:19:49] Run vpl: Step create_bd: RUNNING...
[22:20:02] Run vpl: Step create_bd: Completed
[22:20:02] Run vpl: Step update_bd: Started
[22:20:29] Run vpl: Step update_bd: Completed
[22:20:29] Run vpl: Step generate_target: Started
[22:22:43] Run vpl: Step generate_target: RUNNING...
[22:24:04] Run vpl: Step generate_target: RUNNING...
[22:25:48] Run vpl: Step generate_target: RUNNING...
[22:27:26] Run vpl: Step generate_target: RUNNING...
[22:28:47] Run vpl: Step generate_target: RUNNING...
[22:30:13] Run vpl: Step generate_target: RUNNING...
[22:31:32] Run vpl: Step generate_target: RUNNING...
[22:33:10] Run vpl: Step generate_target: RUNNING...
[22:34:46] Run vpl: Step generate_target: Completed
[22:34:46] Run vpl: Step config_hw_runs: Started
[22:36:22] Run vpl: Step config_hw_runs: RUNNING...
[22:36:23] Run vpl: Step config_hw_runs: Completed
[22:36:23] Run vpl: Step synth: Started
[22:39:27] Block-level synthesis in progress, 0 of 13 jobs complete, 8 jobs running.
[22:40:25] Block-level synthesis in progress, 0 of 13 jobs complete, 8 jobs running.
[22:40:58] Block-level synthesis in progress, 0 of 13 jobs complete, 8 jobs running.
[22:42:04] Block-level synthesis in progress, 0 of 13 jobs complete, 8 jobs running.
[22:42:45] Block-level synthesis in progress, 0 of 13 jobs complete, 8 jobs running.
[22:43:16] Block-level synthesis in progress, 0 of 13 jobs complete, 8 jobs running.
[22:43:56] Block-level synthesis in progress, 0 of 13 jobs complete, 8 jobs running.
[22:44:35] Block-level synthesis in progress, 0 of 13 jobs complete, 8 jobs running.
[22:45:08] Block-level synthesis in progress, 0 of 13 jobs complete, 8 jobs running.
[22:45:47] Block-level synthesis in progress, 0 of 13 jobs complete, 8 jobs running.
[22:46:18] Block-level synthesis in progress, 8 of 13 jobs complete, 0 jobs running.
[22:46:52] Block-level synthesis in progress, 8 of 13 jobs complete, 2 jobs running.
[22:47:28] Block-level synthesis in progress, 8 of 13 jobs complete, 2 jobs running.
[22:48:46] Block-level synthesis in progress, 8 of 13 jobs complete, 2 jobs running.
[22:49:22] Block-level synthesis in progress, 8 of 13 jobs complete, 2 jobs running.
[22:49:54] Block-level synthesis in progress, 9 of 13 jobs complete, 1 job running.
[22:50:32] Block-level synthesis in progress, 9 of 13 jobs complete, 1 job running.
[22:51:03] Block-level synthesis in progress, 9 of 13 jobs complete, 1 job running.
[22:52:24] Block-level synthesis in progress, 9 of 13 jobs complete, 1 job running.
[22:52:56] Block-level synthesis in progress, 9 of 13 jobs complete, 1 job running.
[22:53:36] Block-level synthesis in progress, 10 of 13 jobs complete, 0 jobs running.
[22:54:12] Block-level synthesis in progress, 10 of 13 jobs complete, 3 jobs running.
[22:54:52] Block-level synthesis in progress, 13 of 13 jobs complete, 0 jobs running.
[22:56:04] Top-level synthesis in progress.
[22:56:36] Top-level synthesis in progress.
[22:57:09] Top-level synthesis in progress.
[22:57:40] Top-level synthesis in progress.
[22:58:12] Top-level synthesis in progress.
[22:58:34] Run vpl: Step synth: Completed
[22:58:34] Run vpl: Step impl: Started
[23:09:10] Finished 2nd of 6 tasks (FPGA linking synthesized kernels to platform). Elapsed time: 02h 04m 46s 

[23:09:10] Starting logic optimization..
[23:10:52] Phase 1 Retarget
[23:11:35] Phase 2 Constant propagation
[23:11:35] Phase 3 Sweep
[23:12:53] Phase 4 BUFG optimization
[23:12:53] Phase 5 Shift Register Optimization
[23:12:53] Phase 6 Post Processing Netlist
[23:15:21] Finished 3rd of 6 tasks (FPGA logic optimization). Elapsed time: 00h 06m 11s 

[23:15:21] Starting logic placement..
[23:15:55] Phase 1 Placer Initialization
[23:15:55] Phase 1.1 Placer Initialization Netlist Sorting
[23:20:46] Phase 1.2 IO Placement/ Clock Placement/ Build Placer Device
[23:23:24] Phase 1.3 Build Placer Netlist Model
[23:25:54] Phase 1.4 Constrain Clocks/Macros
[23:25:54] Phase 2 Global Placement
[23:25:54] Phase 2.1 Floorplanning
[23:25:54] Phase 2.1.1 Partition Driven Placement
[23:25:54] Phase 2.1.1.1 PBP: Partition Driven Placement
[23:27:07] Phase 2.1.1.2 PBP: Clock Region Placement
[23:27:07] Phase 2.1.1.3 PBP: Compute Congestion
[23:27:07] Phase 2.1.1.4 PBP: UpdateTiming
[23:27:56] Phase 2.1.1.5 PBP: Add part constraints
[23:27:56] Phase 2.2 Physical Synthesis After Floorplan
[23:28:36] Phase 2.3 Update Timing before SLR Path Opt
[23:29:16] Phase 2.4 Post-Processing in Floorplanning
[23:29:16] Phase 2.5 Global Placement Core
[23:41:40] Phase 2.5.1 Physical Synthesis In Placer
[23:46:02] Phase 3 Detail Placement
[23:46:02] Phase 3.1 Commit Multi Column Macros
[23:46:02] Phase 3.2 Commit Most Macros & LUTRAMs
[23:47:58] Phase 3.3 Small Shape DP
[23:47:58] Phase 3.3.1 Small Shape Clustering
[23:47:58] Phase 3.3.2 Flow Legalize Slice Clusters
[23:47:58] Phase 3.3.3 Slice Area Swap
[23:51:28] Phase 3.4 Place Remaining
[23:51:28] Phase 3.5 Re-assign LUT pins
[23:51:28] Phase 3.6 Pipeline Register Optimization
[23:51:28] Phase 3.7 Fast Optimization
[23:53:21] Phase 4 Post Placement Optimization and Clean-Up
[23:53:21] Phase 4.1 Post Commit Optimization
[23:54:45] Phase 4.1.1 Post Placement Optimization
[23:55:19] Phase 4.1.1.1 BUFG Insertion
[23:55:19] Phase 1 Physical Synthesis Initialization
[23:57:29] Phase 4.1.1.2 BUFG Replication
[23:57:29] Phase 4.1.1.3 Post Placement Timing Optimization
[00:07:04] Phase 4.1.1.4 Replication
[00:08:21] Phase 4.2 Post Placement Cleanup
[00:08:21] Phase 4.3 Placer Reporting
[00:08:21] Phase 4.3.1 Print Estimated Congestion
[00:08:21] Phase 4.4 Final Placement Cleanup
[00:12:28] Finished 4th of 6 tasks (FPGA logic placement). Elapsed time: 00h 57m 07s 

[00:12:28] Starting logic routing..
[00:13:38] Phase 1 Build RT Design
[00:17:15] Phase 2 Router Initialization
[00:17:15] Phase 2.1 Fix Topology Constraints
[00:17:15] Phase 2.2 Pre Route Cleanup
[00:17:49] Phase 2.3 Global Clock Net Routing
[00:19:31] Phase 2.4 Update Timing
[00:21:53] Phase 2.5 Update Timing for Bus Skew
[00:21:53] Phase 2.5.1 Update Timing
[00:23:37] Phase 3 Initial Routing
[00:23:37] Phase 3.1 Global Routing
[00:26:11] Phase 4 Rip-up And Reroute
[00:26:11] Phase 4.1 Global Iteration 0
[00:53:07] Phase 4.2 Global Iteration 1
[01:01:01] Phase 4.3 Global Iteration 2
[01:07:51] Phase 4.4 Global Iteration 3
[01:18:00] Phase 4.5 Global Iteration 4
[01:23:38] Phase 4.6 Global Iteration 5
[01:29:53] Phase 5 Delay and Skew Optimization
[01:29:53] Phase 5.1 Delay CleanUp
[01:29:53] Phase 5.1.1 Update Timing
[01:31:43] Phase 5.1.2 Update Timing
[01:32:22] Phase 5.2 Clock Skew Optimization
[01:33:31] Phase 6 Post Hold Fix
[01:33:31] Phase 6.1 Hold Fix Iter
[01:33:31] Phase 6.1.1 Update Timing
[01:35:15] Phase 6.1.2 Lut RouteThru Assignment for hold
[01:35:15] Phase 6.2 Additional Hold Fix
[01:37:32] Phase 7 Leaf Clock Prog Delay Opt
[01:42:27] Phase 7.1 Delay CleanUp
[01:42:27] Phase 7.1.1 Update Timing
[01:42:58] Phase 7.1.2 Update Timing
[01:44:02] Phase 7.2 Hold Fix Iter
[01:44:02] Phase 7.2.1 Update Timing
[01:46:19] Phase 7.2.2 Lut RouteThru Assignment for hold
[01:46:19] Phase 7.3 Additional Hold Fix
[01:49:01] Phase 7.4 Global Iteration for Hold
[01:49:01] Phase 7.4.1 Update Timing
[01:51:42] Phase 8 Route finalize
[01:52:15] Phase 9 Verifying routed nets
[01:52:15] Phase 10 Depositing Routes
[01:53:20] Phase 11 Resolve XTalk
[01:53:20] Phase 12 Post Router Timing
[01:55:04] Phase 13 Physical Synthesis in Router
[01:55:04] Phase 13.1 Physical Synthesis Initialization
[01:56:47] Phase 13.2 Critical Path Optimization
[01:58:25] Finished 5th of 6 tasks (FPGA routing). Elapsed time: 01h 45m 57s 

[01:58:25] Starting bitstream generation..
[02:10:47] Creating bitmap...
[02:18:42] Writing bitstream ./pfm_top_i_dynamic_region_my_rm_partial.bit...
[02:18:42] Finished 6th of 6 tasks (FPGA bitstream generation). Elapsed time: 00h 20m 16s 
[02:18:59] Run vpl: Step impl: Completed
[02:19:01] Run vpl: FINISHED. Run Status: impl Complete!
INFO: [v++ 60-1441] [02:19:10] Run run_link: Step vpl: Completed
Time (s): cpu = 00:01:51 ; elapsed = 05:14:50 . Memory (MB): peak = 2062.191 ; gain = 0.000 ; free physical = 39674 ; free virtual = 473009
INFO: [v++ 60-1443] [02:19:10] Run run_link: Step rtdgen: Started
INFO: [v++ 60-1453] Command Line: rtdgen
INFO: [v++ 60-1454] Run Directory: /home/ziyuanwang/hbm/Vitis_Accel_Examples/performance/hbm_bandwidth/_x_4cores_gem0011_19.hw.xilinx_u280_xdma_201920_3/link/run_link
INFO: [v++ 60-991] clock name 'clkwiz_kernel_clk_out1' (clock ID '0') is being mapped to clock name 'DATA_CLK' in the xclbin
INFO: [v++ 60-991] clock name 'clkwiz_kernel2_clk_out1' (clock ID '1') is being mapped to clock name 'KERNEL_CLK' in the xclbin
INFO: [v++ 60-991] clock name 'clk_out1_pfm_top_clkwiz_hbm_aclk_0' (clock ID '') is being mapped to clock name 'clk_out1_pfm_top_clkwiz_hbm_aclk_0' in the xclbin
INFO: [v++ 60-1230] The compiler selected the following frequencies for the runtime controllable kernel clock(s) and scalable system clock(s): System (SYSTEM) clock: clk_out1_pfm_top_clkwiz_hbm_aclk_0 = 438, Kernel (DATA) clock: clkwiz_kernel_clk_out1 = 277, Kernel (KERNEL) clock: clkwiz_kernel2_clk_out1 = 500
INFO: [v++ 60-1453] Command Line: cf2sw -a /home/ziyuanwang/hbm/Vitis_Accel_Examples/performance/hbm_bandwidth/_x_4cores_gem0011_19.hw.xilinx_u280_xdma_201920_3/link/int/address_map.xml -sdsl /home/ziyuanwang/hbm/Vitis_Accel_Examples/performance/hbm_bandwidth/_x_4cores_gem0011_19.hw.xilinx_u280_xdma_201920_3/link/int/sdsl.dat -xclbin /home/ziyuanwang/hbm/Vitis_Accel_Examples/performance/hbm_bandwidth/_x_4cores_gem0011_19.hw.xilinx_u280_xdma_201920_3/link/int/xclbin_orig.xml -rtd /home/ziyuanwang/hbm/Vitis_Accel_Examples/performance/hbm_bandwidth/_x_4cores_gem0011_19.hw.xilinx_u280_xdma_201920_3/link/int/krnl_vaddmul.link.rtd -o /home/ziyuanwang/hbm/Vitis_Accel_Examples/performance/hbm_bandwidth/_x_4cores_gem0011_19.hw.xilinx_u280_xdma_201920_3/link/int/krnl_vaddmul.link.xml
INFO: [v++ 60-1652] Cf2sw returned exit code: 0
INFO: [v++ 60-1441] [02:19:17] Run run_link: Step rtdgen: Completed
Time (s): cpu = 00:00:05 ; elapsed = 00:00:07 . Memory (MB): peak = 2062.191 ; gain = 0.000 ; free physical = 39649 ; free virtual = 472989
INFO: [v++ 60-1443] [02:19:17] Run run_link: Step xclbinutil: Started
INFO: [v++ 60-1453] Command Line: xclbinutil --add-section DEBUG_IP_LAYOUT:JSON:/home/ziyuanwang/hbm/Vitis_Accel_Examples/performance/hbm_bandwidth/_x_4cores_gem0011_19.hw.xilinx_u280_xdma_201920_3/link/int/debug_ip_layout.rtd --add-section BITSTREAM:RAW:/home/ziyuanwang/hbm/Vitis_Accel_Examples/performance/hbm_bandwidth/_x_4cores_gem0011_19.hw.xilinx_u280_xdma_201920_3/link/int/partial.bit --force --target hw --key-value SYS:dfx_enable:true --add-section :JSON:/home/ziyuanwang/hbm/Vitis_Accel_Examples/performance/hbm_bandwidth/_x_4cores_gem0011_19.hw.xilinx_u280_xdma_201920_3/link/int/krnl_vaddmul.link.rtd --append-section :JSON:/home/ziyuanwang/hbm/Vitis_Accel_Examples/performance/hbm_bandwidth/_x_4cores_gem0011_19.hw.xilinx_u280_xdma_201920_3/link/int/appendSection.rtd --add-section CLOCK_FREQ_TOPOLOGY:JSON:/home/ziyuanwang/hbm/Vitis_Accel_Examples/performance/hbm_bandwidth/_x_4cores_gem0011_19.hw.xilinx_u280_xdma_201920_3/link/int/krnl_vaddmul.link_xml.rtd --add-section BUILD_METADATA:JSON:/home/ziyuanwang/hbm/Vitis_Accel_Examples/performance/hbm_bandwidth/_x_4cores_gem0011_19.hw.xilinx_u280_xdma_201920_3/link/int/krnl_vaddmul.link_build.rtd --add-section EMBEDDED_METADATA:RAW:/home/ziyuanwang/hbm/Vitis_Accel_Examples/performance/hbm_bandwidth/_x_4cores_gem0011_19.hw.xilinx_u280_xdma_201920_3/link/int/krnl_vaddmul.link.xml --add-section SYSTEM_METADATA:RAW:/home/ziyuanwang/hbm/Vitis_Accel_Examples/performance/hbm_bandwidth/_x_4cores_gem0011_19.hw.xilinx_u280_xdma_201920_3/link/int/systemDiagramModelSlrBaseAddress.json --output /home/ziyuanwang/hbm/Vitis_Accel_Examples/performance/hbm_bandwidth/./build_dir_4cores_gem0011_19.hw.xilinx_u280_xdma_201920_3/krnl_vaddmul.link.xclbin
INFO: [v++ 60-1454] Run Directory: /home/ziyuanwang/hbm/Vitis_Accel_Examples/performance/hbm_bandwidth/_x_4cores_gem0011_19.hw.xilinx_u280_xdma_201920_3/link/run_link
XRT Build Version: 2.14.354 (2022.2)
       Build Date: 2022-10-08 09:49:58
          Hash ID: 43926231f7183688add2dccfd391b36a1f000bea
Creating a default 'in-memory' xclbin image.

Section: 'DEBUG_IP_LAYOUT'(9) was successfully added.
Size   : 296 bytes
Format : JSON
File   : '/home/ziyuanwang/hbm/Vitis_Accel_Examples/performance/hbm_bandwidth/_x_4cores_gem0011_19.hw.xilinx_u280_xdma_201920_3/link/int/debug_ip_layout.rtd'

Section: 'BITSTREAM'(0) was successfully added.
Size   : 48234423 bytes
Format : RAW
File   : '/home/ziyuanwang/hbm/Vitis_Accel_Examples/performance/hbm_bandwidth/_x_4cores_gem0011_19.hw.xilinx_u280_xdma_201920_3/link/int/partial.bit'

Section: 'MEM_TOPOLOGY'(6) was successfully added.
Format : JSON
File   : 'mem_topology'

Section: 'IP_LAYOUT'(8) was successfully added.
Format : JSON
File   : 'ip_layout'

Section: 'CONNECTIVITY'(7) was successfully added.
Format : JSON
File   : 'connectivity'

Section: 'CLOCK_FREQ_TOPOLOGY'(11) was successfully added.
Size   : 410 bytes
Format : JSON
File   : '/home/ziyuanwang/hbm/Vitis_Accel_Examples/performance/hbm_bandwidth/_x_4cores_gem0011_19.hw.xilinx_u280_xdma_201920_3/link/int/krnl_vaddmul.link_xml.rtd'

Section: 'BUILD_METADATA'(14) was successfully added.
Size   : 4240 bytes
Format : JSON
File   : '/home/ziyuanwang/hbm/Vitis_Accel_Examples/performance/hbm_bandwidth/_x_4cores_gem0011_19.hw.xilinx_u280_xdma_201920_3/link/int/krnl_vaddmul.link_build.rtd'

Section: 'EMBEDDED_METADATA'(2) was successfully added.
Size   : 6934 bytes
Format : RAW
File   : '/home/ziyuanwang/hbm/Vitis_Accel_Examples/performance/hbm_bandwidth/_x_4cores_gem0011_19.hw.xilinx_u280_xdma_201920_3/link/int/krnl_vaddmul.link.xml'

Section: 'SYSTEM_METADATA'(22) was successfully added.
Size   : 23478 bytes
Format : RAW
File   : '/home/ziyuanwang/hbm/Vitis_Accel_Examples/performance/hbm_bandwidth/_x_4cores_gem0011_19.hw.xilinx_u280_xdma_201920_3/link/int/systemDiagramModelSlrBaseAddress.json'

Section: 'IP_LAYOUT'(8) was successfully appended to.
Format : JSON
File   : 'ip_layout'
Successfully wrote (48300134 bytes) to the output file: /home/ziyuanwang/hbm/Vitis_Accel_Examples/performance/hbm_bandwidth/./build_dir_4cores_gem0011_19.hw.xilinx_u280_xdma_201920_3/krnl_vaddmul.link.xclbin
Leaving xclbinutil.
INFO: [v++ 60-1441] [02:19:19] Run run_link: Step xclbinutil: Completed
Time (s): cpu = 00:00:00.10 ; elapsed = 00:00:02 . Memory (MB): peak = 2062.191 ; gain = 0.000 ; free physical = 39534 ; free virtual = 472923
INFO: [v++ 60-1443] [02:19:19] Run run_link: Step xclbinutilinfo: Started
INFO: [v++ 60-1453] Command Line: xclbinutil --quiet --force --info /home/ziyuanwang/hbm/Vitis_Accel_Examples/performance/hbm_bandwidth/./build_dir_4cores_gem0011_19.hw.xilinx_u280_xdma_201920_3/krnl_vaddmul.link.xclbin.info --input /home/ziyuanwang/hbm/Vitis_Accel_Examples/performance/hbm_bandwidth/./build_dir_4cores_gem0011_19.hw.xilinx_u280_xdma_201920_3/krnl_vaddmul.link.xclbin
INFO: [v++ 60-1454] Run Directory: /home/ziyuanwang/hbm/Vitis_Accel_Examples/performance/hbm_bandwidth/_x_4cores_gem0011_19.hw.xilinx_u280_xdma_201920_3/link/run_link
INFO: [v++ 60-1441] [02:19:20] Run run_link: Step xclbinutilinfo: Completed
Time (s): cpu = 00:00:00.45 ; elapsed = 00:00:01 . Memory (MB): peak = 2062.191 ; gain = 0.000 ; free physical = 39497 ; free virtual = 472886
INFO: [v++ 60-1443] [02:19:20] Run run_link: Step generate_sc_driver: Started
INFO: [v++ 60-1453] Command Line: 
INFO: [v++ 60-1454] Run Directory: /home/ziyuanwang/hbm/Vitis_Accel_Examples/performance/hbm_bandwidth/_x_4cores_gem0011_19.hw.xilinx_u280_xdma_201920_3/link/run_link
INFO: [v++ 60-1441] [02:19:21] Run run_link: Step generate_sc_driver: Completed
Time (s): cpu = 00:00:00 ; elapsed = 00:00:00.35 . Memory (MB): peak = 2062.191 ; gain = 0.000 ; free physical = 39497 ; free virtual = 472886
INFO: [v++ 60-244] Generating system estimate report...
INFO: [v++ 60-1092] Generated system estimate report: /home/ziyuanwang/hbm/Vitis_Accel_Examples/performance/hbm_bandwidth/_x_4cores_gem0011_19.hw.xilinx_u280_xdma_201920_3/reports/link/system_estimate_krnl_vaddmul.link.xtxt
INFO: [v++ 60-586] Created /home/ziyuanwang/hbm/Vitis_Accel_Examples/performance/hbm_bandwidth/build_dir_4cores_gem0011_19.hw.xilinx_u280_xdma_201920_3/krnl_vaddmul.link.ltx
INFO: [v++ 60-586] Created ./build_dir_4cores_gem0011_19.hw.xilinx_u280_xdma_201920_3/krnl_vaddmul.link.xclbin
INFO: [v++ 60-1307] Run completed. Additional information can be found in:
	Guidance: /home/ziyuanwang/hbm/Vitis_Accel_Examples/performance/hbm_bandwidth/_x_4cores_gem0011_19.hw.xilinx_u280_xdma_201920_3/reports/link/v++_link_krnl_vaddmul.link_guidance.html
	Timing Report: /home/ziyuanwang/hbm/Vitis_Accel_Examples/performance/hbm_bandwidth/_x_4cores_gem0011_19.hw.xilinx_u280_xdma_201920_3/reports/link/imp/impl_1_xilinx_u280_xdma_201920_3_bb_locked_timing_summary_routed.rpt
	Vivado Log: /home/ziyuanwang/hbm/Vitis_Accel_Examples/performance/hbm_bandwidth/_x_4cores_gem0011_19.hw.xilinx_u280_xdma_201920_3/logs/link/vivado.log
	Steps Log File: /home/ziyuanwang/hbm/Vitis_Accel_Examples/performance/hbm_bandwidth/_x_4cores_gem0011_19.hw.xilinx_u280_xdma_201920_3/logs/link/link.steps.log

INFO: [v++ 60-2343] Use the vitis_analyzer tool to visualize and navigate the relevant reports. Run the following command. 
    vitis_analyzer /home/ziyuanwang/hbm/Vitis_Accel_Examples/performance/hbm_bandwidth/build_dir_4cores_gem0011_19.hw.xilinx_u280_xdma_201920_3/krnl_vaddmul.link.xclbin.link_summary 
INFO: [v++ 60-791] Total elapsed time: 5h 17m 40s
