Copyright 1986-2021 Xilinx, Inc. All Rights Reserved.
------------------------------------------------------------------------------------------
| Tool Version : Vivado v.2021.2 (lin64) Build 3367213 Tue Oct 19 02:47:39 MDT 2021
| Date         : Mon Nov 18 10:03:36 2024
| Host         : hacc-gpu0 running 64-bit Ubuntu 20.04.6 LTS
| Command      : report_utilization -slr -file slr_util_routed.rpt -pb slr_util_routed.pb
| Design       : pfm_top_wrapper
| Device       : xcu280-fsvh2892-2L-e
| Speed File   : -2L
| Design State : Routed
------------------------------------------------------------------------------------------

Utilization Design Information

Table of Contents
-----------------
1. SLR Connectivity
2. SLR Connectivity Matrix
3. SLR CLB Logic and Dedicated Block Utilization
4. SLR IO Utilization

1. SLR Connectivity
-------------------

+----------------------------------+------+-------+-----------+-------+
|                                  | Used | Fixed | Available | Util% |
+----------------------------------+------+-------+-----------+-------+
| SLR2 <-> SLR1                    | 3981 |       |     23040 | 17.28 |
|   SLR1 -> SLR2                   | 2101 |       |           |  9.12 |
|     Using TX_REG only            |  267 |     1 |           |       |
|     Using RX_REG only            |  284 |    18 |           |       |
|     Using Both TX_REG and RX_REG |  267 |     1 |           |       |
|   SLR2 -> SLR1                   | 1880 |       |           |  8.16 |
|     Using TX_REG only            |  407 |     0 |           |       |
|     Using RX_REG only            |  412 |     4 |           |       |
|     Using Both TX_REG and RX_REG |  407 |     0 |           |       |
| SLR1 <-> SLR0                    | 2542 |       |     23040 | 11.03 |
|   SLR0 -> SLR1                   | 1141 |       |           |  4.95 |
|     Using TX_REG only            |  371 |    71 |           |       |
|     Using RX_REG only            |  361 |    61 |           |       |
|     Using Both TX_REG and RX_REG |  355 |    55 |           |       |
|   SLR1 -> SLR0                   | 1401 |       |           |  6.08 |
|     Using TX_REG only            |  437 |    62 |           |       |
|     Using RX_REG only            |  448 |    71 |           |       |
|     Using Both TX_REG and RX_REG |  435 |    60 |           |       |
+----------------------------------+------+-------+-----------+-------+
| Total SLLs Used                  | 6523 |       |           |       |
+----------------------------------+------+-------+-----------+-------+


2. SLR Connectivity Matrix
--------------------------

+-----------+------+------+------+
| FROM \ TO | SLR2 | SLR1 | SLR0 |
+-----------+------+------+------+
| SLR2      |    0 | 1722 |  158 |
| SLR1      | 1963 |    0 | 1243 |
| SLR0      |  138 | 1003 |    0 |
+-----------+------+------+------+


3. SLR CLB Logic and Dedicated Block Utilization
------------------------------------------------

+----------------------------+--------+-------+-------+--------+--------+--------+
|          Site Type         |  SLR0  |  SLR1 |  SLR2 | SLR0 % | SLR1 % | SLR2 % |
+----------------------------+--------+-------+-------+--------+--------+--------+
| CLB                        |  32610 |  6837 |  7803 |  59.33 |  12.66 |  14.45 |
|   CLBL                     |  16587 |  3441 |  4095 |  56.65 |  11.75 |  13.99 |
|   CLBM                     |  16023 |  3396 |  3708 |  62.39 |  13.74 |  15.00 |
| CLB LUTs                   | 110868 | 47665 | 35363 |  25.22 |  11.03 |   8.19 |
|   LUT as Logic             |  74481 | 43693 | 32323 |  16.94 |  10.11 |   7.48 |
|     using O5 output only   |   2051 |   289 |  1009 |   0.47 |   0.07 |   0.23 |
|     using O6 output only   |  47696 | 34263 | 19509 |  10.85 |   7.93 |   4.52 |
|     using O5 and O6        |  24734 |  9141 | 11805 |   5.63 |   2.12 |   2.73 |
|   LUT as Memory            |  36387 |  3972 |  3040 |  17.71 |   2.01 |   1.54 |
|     LUT as Distributed RAM |  18840 |  3837 |  1660 |   9.17 |   1.94 |   0.84 |
|       using O5 output only |      0 |     0 |     0 |   0.00 |   0.00 |   0.00 |
|       using O6 output only |     80 |   215 |    84 |   0.04 |   0.11 |   0.04 |
|       using O5 and O6      |  18760 |  3622 |  1576 |   9.13 |   1.83 |   0.80 |
|     LUT as Shift Register  |  17547 |   135 |  1380 |   8.54 |   0.07 |   0.70 |
|       using O5 output only |      0 |     0 |     0 |   0.00 |   0.00 |   0.00 |
|       using O6 output only |  10696 |   135 |  1250 |   5.21 |   0.07 |   0.63 |
|       using O5 and O6      |   6851 |     0 |   130 |   3.33 |   0.00 |   0.07 |
| CLB Registers              | 212463 | 46338 | 60952 |  24.16 |   5.36 |   7.05 |
| CARRY8                     |   2827 |   473 |   313 |   5.14 |   0.88 |   0.58 |
| F7 Muxes                   |   4016 |   651 |  1054 |   1.83 |   0.30 |   0.49 |
| F8 Muxes                   |   1176 |   141 |    47 |   1.07 |   0.13 |   0.04 |
| F9 Muxes                   |      0 |     0 |     0 |   0.00 |   0.00 |   0.00 |
| Block RAM Tile             |  299.5 |  80.5 |    94 |  44.57 |  11.98 |  13.99 |
|   RAMB36/FIFO              |    298 |    80 |    92 |  44.35 |  11.90 |  13.69 |
|     RAMB36E2 only          |    298 |    80 |    92 |  44.35 |  11.90 |  13.69 |
|   RAMB18                   |      3 |     1 |     4 |   0.22 |   0.07 |   0.30 |
|     RAMB18E2 only          |      3 |     1 |     4 |   0.22 |   0.07 |   0.30 |
| URAM                       |      0 |     0 |     0 |   0.00 |   0.00 |   0.00 |
| DSPs                       |    260 |     0 |     4 |   9.03 |   0.00 |   0.13 |
| Unique Control Sets        |   5694 |  1505 |  2726 |   5.18 |   1.39 |   2.52 |
+----------------------------+--------+-------+-------+--------+--------+--------+
* Note: Available Control Sets based on CLB Registers / 8


4. SLR IO Utilization
---------------------

+-----------+-----------+---------+------------+----------+------------+----------+-----+
| SLR Index | Used IOBs | (%)IOBs | Used IPADs | (%)IPADs | Used OPADs | (%)OPADs | GTs |
+-----------+-----------+---------+------------+----------+------------+----------+-----+
| SLR2      |        18 |    8.65 |          0 |     0.00 |          0 |     0.00 |   0 |
| SLR1      |         0 |    0.00 |          0 |     0.00 |          0 |     0.00 |   0 |
| SLR0      |         1 |    0.48 |          0 |     0.00 |          0 |     0.00 |  16 |
+-----------+-----------+---------+------------+----------+------------+----------+-----+
| Total     |        19 |         |          0 |          |          0 |          |  16 |
+-----------+-----------+---------+------------+----------+------------+----------+-----+


