INFO: [v++ 60-1306] Additional information associated with this v++ link can be found at:
	Reports: /home/ziyuanwang/hbm/Vitis_Accel_Examples/performance/hbm_bandwidth_pseudo_random/_x_8core_maxsize512_32.hw.xilinx_u280_xdma_201920_3/reports/link
	Log files: /home/ziyuanwang/hbm/Vitis_Accel_Examples/performance/hbm_bandwidth_pseudo_random/_x_8core_maxsize512_32.hw.xilinx_u280_xdma_201920_3/logs/link
INFO: [v++ 60-1548] Creating build summary session with primary output /home/ziyuanwang/hbm/Vitis_Accel_Examples/performance/hbm_bandwidth_pseudo_random/build_dir_8core_maxsize512_32.hw.xilinx_u280_xdma_201920_3/krnl_vaddmul.link.xclbin.link_summary, at Wed Oct 30 03:26:43 2024
INFO: [v++ 60-1316] Initiating connection to rulecheck server, at Wed Oct 30 03:26:43 2024
INFO: [v++ 60-1315] Creating rulecheck session with output '/home/ziyuanwang/hbm/Vitis_Accel_Examples/performance/hbm_bandwidth_pseudo_random/_x_8core_maxsize512_32.hw.xilinx_u280_xdma_201920_3/reports/link/v++_link_krnl_vaddmul.link_guidance.html', at Wed Oct 30 03:26:45 2024
INFO: [v++ 60-895]   Target platform: /opt/xilinx/platforms/xilinx_u280_xdma_201920_3/xilinx_u280_xdma_201920_3.xpfm
INFO: [v++ 60-1578]   This platform contains Xilinx Shell Archive '/opt/xilinx/platforms/xilinx_u280_xdma_201920_3/hw/xilinx_u280_xdma_201920_3.xsa'
INFO: [v++ 74-78] Compiler Version string: 2021.2
INFO: [v++ 60-1302] Platform 'xilinx_u280_xdma_201920_3.xpfm' has been explicitly enabled for this release.
INFO: [v++ 60-629] Linking for hardware target
INFO: [v++ 60-423]   Target device: xilinx_u280_xdma_201920_3
INFO: [v++ 60-1332] Run 'run_link' status: Not started
INFO: [v++ 60-1443] [03:27:00] Run run_link: Step system_link: Started
INFO: [v++ 60-1453] Command Line: system_link --xo /home/ziyuanwang/hbm/Vitis_Accel_Examples/performance/hbm_bandwidth_pseudo_random/_x_8core_maxsize512_32.hw.xilinx_u280_xdma_201920_3/krnl_vaddmul.xo -keep --config /home/ziyuanwang/hbm/Vitis_Accel_Examples/performance/hbm_bandwidth_pseudo_random/_x_8core_maxsize512_32.hw.xilinx_u280_xdma_201920_3/link/int/syslinkConfig.ini --xpfm /opt/xilinx/platforms/xilinx_u280_xdma_201920_3/xilinx_u280_xdma_201920_3.xpfm --target hw --output_dir /home/ziyuanwang/hbm/Vitis_Accel_Examples/performance/hbm_bandwidth_pseudo_random/_x_8core_maxsize512_32.hw.xilinx_u280_xdma_201920_3/link/int --temp_dir /home/ziyuanwang/hbm/Vitis_Accel_Examples/performance/hbm_bandwidth_pseudo_random/_x_8core_maxsize512_32.hw.xilinx_u280_xdma_201920_3/link/sys_link
INFO: [v++ 60-1454] Run Directory: /home/ziyuanwang/hbm/Vitis_Accel_Examples/performance/hbm_bandwidth_pseudo_random/_x_8core_maxsize512_32.hw.xilinx_u280_xdma_201920_3/link/run_link
INFO: [SYSTEM_LINK 60-1316] Initiating connection to rulecheck server, at Wed Oct 30 03:27:03 2024
INFO: [SYSTEM_LINK 82-70] Extracting xo v3 file /home/ziyuanwang/hbm/Vitis_Accel_Examples/performance/hbm_bandwidth_pseudo_random/_x_8core_maxsize512_32.hw.xilinx_u280_xdma_201920_3/krnl_vaddmul.xo
INFO: [SYSTEM_LINK 82-53] Creating IP database /home/ziyuanwang/hbm/Vitis_Accel_Examples/performance/hbm_bandwidth_pseudo_random/_x_8core_maxsize512_32.hw.xilinx_u280_xdma_201920_3/link/sys_link/_sysl/.cdb/xd_ip_db.xml
INFO: [SYSTEM_LINK 82-38] [03:27:15] build_xd_ip_db started: /tools/Xilinx/Vitis/2021.2/bin/build_xd_ip_db -ip_search 0  -sds-pf /home/ziyuanwang/hbm/Vitis_Accel_Examples/performance/hbm_bandwidth_pseudo_random/_x_8core_maxsize512_32.hw.xilinx_u280_xdma_201920_3/link/sys_link/xilinx_u280_xdma_201920_3.hpfm -clkid 0 -ip /home/ziyuanwang/hbm/Vitis_Accel_Examples/performance/hbm_bandwidth_pseudo_random/_x_8core_maxsize512_32.hw.xilinx_u280_xdma_201920_3/link/sys_link/iprepo/xilinx_com_hls_krnl_vaddmul_1_0,krnl_vaddmul -o /home/ziyuanwang/hbm/Vitis_Accel_Examples/performance/hbm_bandwidth_pseudo_random/_x_8core_maxsize512_32.hw.xilinx_u280_xdma_201920_3/link/sys_link/_sysl/.cdb/xd_ip_db.xml
INFO: [SYSTEM_LINK 82-37] [03:27:24] build_xd_ip_db finished successfully
Time (s): cpu = 00:00:05 ; elapsed = 00:00:09 . Memory (MB): peak = 2167.246 ; gain = 0.000 ; free physical = 72892 ; free virtual = 488126
INFO: [SYSTEM_LINK 82-51] Create system connectivity graph
INFO: [SYSTEM_LINK 82-102] Applying explicit connections to the system connectivity graph: /home/ziyuanwang/hbm/Vitis_Accel_Examples/performance/hbm_bandwidth_pseudo_random/_x_8core_maxsize512_32.hw.xilinx_u280_xdma_201920_3/link/sys_link/cfgraph/cfgen_cfgraph.xml
INFO: [SYSTEM_LINK 82-38] [03:27:24] cfgen started: /tools/Xilinx/Vitis/2021.2/bin/cfgen  -nk krnl_vaddmul:8 -sp krnl_vaddmul_1.in1:HBM[0] -sp krnl_vaddmul_1.in2:HBM[1] -sp krnl_vaddmul_1.out_add:HBM[2] -sp krnl_vaddmul_1.out_mul:HBM[3] -sp krnl_vaddmul_2.in1:HBM[4] -sp krnl_vaddmul_2.in2:HBM[5] -sp krnl_vaddmul_2.out_add:HBM[6] -sp krnl_vaddmul_2.out_mul:HBM[7] -sp krnl_vaddmul_3.in1:HBM[8] -sp krnl_vaddmul_3.in2:HBM[9] -sp krnl_vaddmul_3.out_add:HBM[10] -sp krnl_vaddmul_3.out_mul:HBM[11] -sp krnl_vaddmul_4.in1:HBM[12] -sp krnl_vaddmul_4.in2:HBM[13] -sp krnl_vaddmul_4.out_add:HBM[15] -sp krnl_vaddmul_4.out_mul:HBM[14] -sp krnl_vaddmul_5.in1:HBM[16] -sp krnl_vaddmul_5.in2:HBM[17] -sp krnl_vaddmul_5.out_add:HBM[18] -sp krnl_vaddmul_5.out_mul:HBM[19] -sp krnl_vaddmul_6.in1:HBM[20] -sp krnl_vaddmul_6.in2:HBM[21] -sp krnl_vaddmul_6.out_add:HBM[22] -sp krnl_vaddmul_6.out_mul:HBM[23] -sp krnl_vaddmul_7.in1:HBM[24] -sp krnl_vaddmul_7.in2:HBM[25] -sp krnl_vaddmul_7.out_add:HBM[26] -sp krnl_vaddmul_7.out_mul:HBM[27] -sp krnl_vaddmul_8.in1:HBM[28] -sp krnl_vaddmul_8.in2:HBM[29] -sp krnl_vaddmul_8.out_add:HBM[30] -sp krnl_vaddmul_8.out_mul:HBM[31] -dmclkid 0 -r /home/ziyuanwang/hbm/Vitis_Accel_Examples/performance/hbm_bandwidth_pseudo_random/_x_8core_maxsize512_32.hw.xilinx_u280_xdma_201920_3/link/sys_link/_sysl/.cdb/xd_ip_db.xml -o /home/ziyuanwang/hbm/Vitis_Accel_Examples/performance/hbm_bandwidth_pseudo_random/_x_8core_maxsize512_32.hw.xilinx_u280_xdma_201920_3/link/sys_link/cfgraph/cfgen_cfgraph.xml
INFO: [CFGEN 83-0] Kernel Specs: 
INFO: [CFGEN 83-0]   kernel: krnl_vaddmul, num: 8  {krnl_vaddmul_1 krnl_vaddmul_2 krnl_vaddmul_3 krnl_vaddmul_4 krnl_vaddmul_5 krnl_vaddmul_6 krnl_vaddmul_7 krnl_vaddmul_8}
INFO: [CFGEN 83-0] Port Specs: 
INFO: [CFGEN 83-0]   kernel: krnl_vaddmul_1, k_port: in1, sptag: HBM[0]
INFO: [CFGEN 83-0]   kernel: krnl_vaddmul_1, k_port: in2, sptag: HBM[1]
INFO: [CFGEN 83-0]   kernel: krnl_vaddmul_1, k_port: out_add, sptag: HBM[2]
INFO: [CFGEN 83-0]   kernel: krnl_vaddmul_1, k_port: out_mul, sptag: HBM[3]
INFO: [CFGEN 83-0]   kernel: krnl_vaddmul_2, k_port: in1, sptag: HBM[4]
INFO: [CFGEN 83-0]   kernel: krnl_vaddmul_2, k_port: in2, sptag: HBM[5]
INFO: [CFGEN 83-0]   kernel: krnl_vaddmul_2, k_port: out_add, sptag: HBM[6]
INFO: [CFGEN 83-0]   kernel: krnl_vaddmul_2, k_port: out_mul, sptag: HBM[7]
INFO: [CFGEN 83-0]   kernel: krnl_vaddmul_3, k_port: in1, sptag: HBM[8]
INFO: [CFGEN 83-0]   kernel: krnl_vaddmul_3, k_port: in2, sptag: HBM[9]
INFO: [CFGEN 83-0]   kernel: krnl_vaddmul_3, k_port: out_add, sptag: HBM[10]
INFO: [CFGEN 83-0]   kernel: krnl_vaddmul_3, k_port: out_mul, sptag: HBM[11]
INFO: [CFGEN 83-0]   kernel: krnl_vaddmul_4, k_port: in1, sptag: HBM[12]
INFO: [CFGEN 83-0]   kernel: krnl_vaddmul_4, k_port: in2, sptag: HBM[13]
INFO: [CFGEN 83-0]   kernel: krnl_vaddmul_4, k_port: out_add, sptag: HBM[15]
INFO: [CFGEN 83-0]   kernel: krnl_vaddmul_4, k_port: out_mul, sptag: HBM[14]
INFO: [CFGEN 83-0]   kernel: krnl_vaddmul_5, k_port: in1, sptag: HBM[16]
INFO: [CFGEN 83-0]   kernel: krnl_vaddmul_5, k_port: in2, sptag: HBM[17]
INFO: [CFGEN 83-0]   kernel: krnl_vaddmul_5, k_port: out_add, sptag: HBM[18]
INFO: [CFGEN 83-0]   kernel: krnl_vaddmul_5, k_port: out_mul, sptag: HBM[19]
INFO: [CFGEN 83-0]   kernel: krnl_vaddmul_6, k_port: in1, sptag: HBM[20]
INFO: [CFGEN 83-0]   kernel: krnl_vaddmul_6, k_port: in2, sptag: HBM[21]
INFO: [CFGEN 83-0]   kernel: krnl_vaddmul_6, k_port: out_add, sptag: HBM[22]
INFO: [CFGEN 83-0]   kernel: krnl_vaddmul_6, k_port: out_mul, sptag: HBM[23]
INFO: [CFGEN 83-0]   kernel: krnl_vaddmul_7, k_port: in1, sptag: HBM[24]
INFO: [CFGEN 83-0]   kernel: krnl_vaddmul_7, k_port: in2, sptag: HBM[25]
INFO: [CFGEN 83-0]   kernel: krnl_vaddmul_7, k_port: out_add, sptag: HBM[26]
INFO: [CFGEN 83-0]   kernel: krnl_vaddmul_7, k_port: out_mul, sptag: HBM[27]
INFO: [CFGEN 83-0]   kernel: krnl_vaddmul_8, k_port: in1, sptag: HBM[28]
INFO: [CFGEN 83-0]   kernel: krnl_vaddmul_8, k_port: in2, sptag: HBM[29]
INFO: [CFGEN 83-0]   kernel: krnl_vaddmul_8, k_port: out_add, sptag: HBM[30]
INFO: [CFGEN 83-0]   kernel: krnl_vaddmul_8, k_port: out_mul, sptag: HBM[31]
INFO: [CFGEN 83-2228] Creating mapping for argument krnl_vaddmul_1.in1 to HBM[0] for directive krnl_vaddmul_1.in1:HBM[0]
INFO: [CFGEN 83-2228] Creating mapping for argument krnl_vaddmul_1.in2 to HBM[1] for directive krnl_vaddmul_1.in2:HBM[1]
INFO: [CFGEN 83-2228] Creating mapping for argument krnl_vaddmul_1.out_add to HBM[2] for directive krnl_vaddmul_1.out_add:HBM[2]
INFO: [CFGEN 83-2228] Creating mapping for argument krnl_vaddmul_1.out_mul to HBM[3] for directive krnl_vaddmul_1.out_mul:HBM[3]
INFO: [CFGEN 83-2228] Creating mapping for argument krnl_vaddmul_2.in1 to HBM[4] for directive krnl_vaddmul_2.in1:HBM[4]
INFO: [CFGEN 83-2228] Creating mapping for argument krnl_vaddmul_2.in2 to HBM[5] for directive krnl_vaddmul_2.in2:HBM[5]
INFO: [CFGEN 83-2228] Creating mapping for argument krnl_vaddmul_2.out_add to HBM[6] for directive krnl_vaddmul_2.out_add:HBM[6]
INFO: [CFGEN 83-2228] Creating mapping for argument krnl_vaddmul_2.out_mul to HBM[7] for directive krnl_vaddmul_2.out_mul:HBM[7]
INFO: [CFGEN 83-2228] Creating mapping for argument krnl_vaddmul_3.in1 to HBM[8] for directive krnl_vaddmul_3.in1:HBM[8]
INFO: [CFGEN 83-2228] Creating mapping for argument krnl_vaddmul_3.in2 to HBM[9] for directive krnl_vaddmul_3.in2:HBM[9]
INFO: [CFGEN 83-2228] Creating mapping for argument krnl_vaddmul_3.out_add to HBM[10] for directive krnl_vaddmul_3.out_add:HBM[10]
INFO: [CFGEN 83-2228] Creating mapping for argument krnl_vaddmul_3.out_mul to HBM[11] for directive krnl_vaddmul_3.out_mul:HBM[11]
INFO: [CFGEN 83-2228] Creating mapping for argument krnl_vaddmul_4.in1 to HBM[12] for directive krnl_vaddmul_4.in1:HBM[12]
INFO: [CFGEN 83-2228] Creating mapping for argument krnl_vaddmul_4.in2 to HBM[13] for directive krnl_vaddmul_4.in2:HBM[13]
INFO: [CFGEN 83-2228] Creating mapping for argument krnl_vaddmul_4.out_add to HBM[15] for directive krnl_vaddmul_4.out_add:HBM[15]
INFO: [CFGEN 83-2228] Creating mapping for argument krnl_vaddmul_4.out_mul to HBM[14] for directive krnl_vaddmul_4.out_mul:HBM[14]
INFO: [CFGEN 83-2228] Creating mapping for argument krnl_vaddmul_5.in1 to HBM[16] for directive krnl_vaddmul_5.in1:HBM[16]
INFO: [CFGEN 83-2228] Creating mapping for argument krnl_vaddmul_5.in2 to HBM[17] for directive krnl_vaddmul_5.in2:HBM[17]
INFO: [CFGEN 83-2228] Creating mapping for argument krnl_vaddmul_5.out_add to HBM[18] for directive krnl_vaddmul_5.out_add:HBM[18]
INFO: [CFGEN 83-2228] Creating mapping for argument krnl_vaddmul_5.out_mul to HBM[19] for directive krnl_vaddmul_5.out_mul:HBM[19]
INFO: [CFGEN 83-2228] Creating mapping for argument krnl_vaddmul_6.in1 to HBM[20] for directive krnl_vaddmul_6.in1:HBM[20]
INFO: [CFGEN 83-2228] Creating mapping for argument krnl_vaddmul_6.in2 to HBM[21] for directive krnl_vaddmul_6.in2:HBM[21]
INFO: [CFGEN 83-2228] Creating mapping for argument krnl_vaddmul_6.out_add to HBM[22] for directive krnl_vaddmul_6.out_add:HBM[22]
INFO: [CFGEN 83-2228] Creating mapping for argument krnl_vaddmul_6.out_mul to HBM[23] for directive krnl_vaddmul_6.out_mul:HBM[23]
INFO: [CFGEN 83-2228] Creating mapping for argument krnl_vaddmul_7.in1 to HBM[24] for directive krnl_vaddmul_7.in1:HBM[24]
INFO: [CFGEN 83-2228] Creating mapping for argument krnl_vaddmul_7.in2 to HBM[25] for directive krnl_vaddmul_7.in2:HBM[25]
INFO: [CFGEN 83-2228] Creating mapping for argument krnl_vaddmul_7.out_add to HBM[26] for directive krnl_vaddmul_7.out_add:HBM[26]
INFO: [CFGEN 83-2228] Creating mapping for argument krnl_vaddmul_7.out_mul to HBM[27] for directive krnl_vaddmul_7.out_mul:HBM[27]
INFO: [CFGEN 83-2228] Creating mapping for argument krnl_vaddmul_8.in1 to HBM[28] for directive krnl_vaddmul_8.in1:HBM[28]
INFO: [CFGEN 83-2228] Creating mapping for argument krnl_vaddmul_8.in2 to HBM[29] for directive krnl_vaddmul_8.in2:HBM[29]
INFO: [CFGEN 83-2228] Creating mapping for argument krnl_vaddmul_8.out_add to HBM[30] for directive krnl_vaddmul_8.out_add:HBM[30]
INFO: [CFGEN 83-2228] Creating mapping for argument krnl_vaddmul_8.out_mul to HBM[31] for directive krnl_vaddmul_8.out_mul:HBM[31]
INFO: [SYSTEM_LINK 82-37] [03:27:35] cfgen finished successfully
Time (s): cpu = 00:00:10 ; elapsed = 00:00:11 . Memory (MB): peak = 2167.246 ; gain = 0.000 ; free physical = 72887 ; free virtual = 488121
INFO: [SYSTEM_LINK 82-52] Create top-level block diagram
INFO: [SYSTEM_LINK 82-38] [03:27:35] cf2bd started: /tools/Xilinx/Vitis/2021.2/bin/cf2bd  --linux --trace_buffer 1024 --input_file /home/ziyuanwang/hbm/Vitis_Accel_Examples/performance/hbm_bandwidth_pseudo_random/_x_8core_maxsize512_32.hw.xilinx_u280_xdma_201920_3/link/sys_link/cfgraph/cfgen_cfgraph.xml --ip_db /home/ziyuanwang/hbm/Vitis_Accel_Examples/performance/hbm_bandwidth_pseudo_random/_x_8core_maxsize512_32.hw.xilinx_u280_xdma_201920_3/link/sys_link/_sysl/.cdb/xd_ip_db.xml --cf_name dr --working_dir /home/ziyuanwang/hbm/Vitis_Accel_Examples/performance/hbm_bandwidth_pseudo_random/_x_8core_maxsize512_32.hw.xilinx_u280_xdma_201920_3/link/sys_link/_sysl/.xsd --temp_dir /home/ziyuanwang/hbm/Vitis_Accel_Examples/performance/hbm_bandwidth_pseudo_random/_x_8core_maxsize512_32.hw.xilinx_u280_xdma_201920_3/link/sys_link --output_dir /home/ziyuanwang/hbm/Vitis_Accel_Examples/performance/hbm_bandwidth_pseudo_random/_x_8core_maxsize512_32.hw.xilinx_u280_xdma_201920_3/link/int --target_bd pfm_dynamic.bd
INFO: [CF2BD 82-31] Launching cf2xd: cf2xd -linux -trace-buffer 1024 -i /home/ziyuanwang/hbm/Vitis_Accel_Examples/performance/hbm_bandwidth_pseudo_random/_x_8core_maxsize512_32.hw.xilinx_u280_xdma_201920_3/link/sys_link/cfgraph/cfgen_cfgraph.xml -r /home/ziyuanwang/hbm/Vitis_Accel_Examples/performance/hbm_bandwidth_pseudo_random/_x_8core_maxsize512_32.hw.xilinx_u280_xdma_201920_3/link/sys_link/_sysl/.cdb/xd_ip_db.xml -o dr.xml
INFO: [CF2BD 82-28] cf2xd finished successfully
INFO: [CF2BD 82-31] Launching cf_xsd: cf_xsd -disable-address-gen -bd pfm_dynamic.bd -dn dr -dp /home/ziyuanwang/hbm/Vitis_Accel_Examples/performance/hbm_bandwidth_pseudo_random/_x_8core_maxsize512_32.hw.xilinx_u280_xdma_201920_3/link/sys_link/_sysl/.xsd
INFO: [CF2BD 82-28] cf_xsd finished successfully
INFO: [SYSTEM_LINK 82-37] [03:27:43] cf2bd finished successfully
Time (s): cpu = 00:00:07 ; elapsed = 00:00:08 . Memory (MB): peak = 2167.246 ; gain = 0.000 ; free physical = 73027 ; free virtual = 488266
INFO: [v++ 60-1441] [03:27:43] Run run_link: Step system_link: Completed
Time (s): cpu = 00:00:27 ; elapsed = 00:00:44 . Memory (MB): peak = 2062.203 ; gain = 0.000 ; free physical = 73436 ; free virtual = 488675
INFO: [v++ 60-1443] [03:27:43] Run run_link: Step cf2sw: Started
INFO: [v++ 60-1453] Command Line: cf2sw -sdsl /home/ziyuanwang/hbm/Vitis_Accel_Examples/performance/hbm_bandwidth_pseudo_random/_x_8core_maxsize512_32.hw.xilinx_u280_xdma_201920_3/link/int/sdsl.dat -rtd /home/ziyuanwang/hbm/Vitis_Accel_Examples/performance/hbm_bandwidth_pseudo_random/_x_8core_maxsize512_32.hw.xilinx_u280_xdma_201920_3/link/int/cf2sw.rtd -nofilter /home/ziyuanwang/hbm/Vitis_Accel_Examples/performance/hbm_bandwidth_pseudo_random/_x_8core_maxsize512_32.hw.xilinx_u280_xdma_201920_3/link/int/cf2sw_full.rtd -xclbin /home/ziyuanwang/hbm/Vitis_Accel_Examples/performance/hbm_bandwidth_pseudo_random/_x_8core_maxsize512_32.hw.xilinx_u280_xdma_201920_3/link/int/xclbin_orig.xml -o /home/ziyuanwang/hbm/Vitis_Accel_Examples/performance/hbm_bandwidth_pseudo_random/_x_8core_maxsize512_32.hw.xilinx_u280_xdma_201920_3/link/int/xclbin_orig.1.xml
INFO: [v++ 60-1454] Run Directory: /home/ziyuanwang/hbm/Vitis_Accel_Examples/performance/hbm_bandwidth_pseudo_random/_x_8core_maxsize512_32.hw.xilinx_u280_xdma_201920_3/link/run_link
INFO: [v++ 60-1441] [03:27:54] Run run_link: Step cf2sw: Completed
Time (s): cpu = 00:00:10 ; elapsed = 00:00:11 . Memory (MB): peak = 2062.203 ; gain = 0.000 ; free physical = 73601 ; free virtual = 488840
INFO: [v++ 60-1443] [03:27:54] Run run_link: Step rtd2_system_diagram: Started
INFO: [v++ 60-1453] Command Line: rtd2SystemDiagram
INFO: [v++ 60-1454] Run Directory: /home/ziyuanwang/hbm/Vitis_Accel_Examples/performance/hbm_bandwidth_pseudo_random/_x_8core_maxsize512_32.hw.xilinx_u280_xdma_201920_3/link/run_link
INFO: [v++ 60-1441] [03:27:55] Run run_link: Step rtd2_system_diagram: Completed
Time (s): cpu = 00:00:00.01 ; elapsed = 00:00:00.70 . Memory (MB): peak = 2062.203 ; gain = 0.000 ; free physical = 73593 ; free virtual = 488832
INFO: [v++ 60-1443] [03:27:55] Run run_link: Step vpl: Started
INFO: [v++ 60-1453] Command Line: vpl -t hw -f xilinx_u280_xdma_201920_3 --remote_ip_cache /home/ziyuanwang/hbm/Vitis_Accel_Examples/performance/hbm_bandwidth_pseudo_random/.ipcache -s --output_dir /home/ziyuanwang/hbm/Vitis_Accel_Examples/performance/hbm_bandwidth_pseudo_random/_x_8core_maxsize512_32.hw.xilinx_u280_xdma_201920_3/link/int --log_dir /home/ziyuanwang/hbm/Vitis_Accel_Examples/performance/hbm_bandwidth_pseudo_random/_x_8core_maxsize512_32.hw.xilinx_u280_xdma_201920_3/logs/link --report_dir /home/ziyuanwang/hbm/Vitis_Accel_Examples/performance/hbm_bandwidth_pseudo_random/_x_8core_maxsize512_32.hw.xilinx_u280_xdma_201920_3/reports/link --config /home/ziyuanwang/hbm/Vitis_Accel_Examples/performance/hbm_bandwidth_pseudo_random/_x_8core_maxsize512_32.hw.xilinx_u280_xdma_201920_3/link/int/vplConfig.ini -k /home/ziyuanwang/hbm/Vitis_Accel_Examples/performance/hbm_bandwidth_pseudo_random/_x_8core_maxsize512_32.hw.xilinx_u280_xdma_201920_3/link/int/kernel_info.dat --webtalk_flag Vitis --temp_dir /home/ziyuanwang/hbm/Vitis_Accel_Examples/performance/hbm_bandwidth_pseudo_random/_x_8core_maxsize512_32.hw.xilinx_u280_xdma_201920_3/link --no-info --iprepo /home/ziyuanwang/hbm/Vitis_Accel_Examples/performance/hbm_bandwidth_pseudo_random/_x_8core_maxsize512_32.hw.xilinx_u280_xdma_201920_3/link/int/xo/ip_repo/xilinx_com_hls_krnl_vaddmul_1_0 --messageDb /home/ziyuanwang/hbm/Vitis_Accel_Examples/performance/hbm_bandwidth_pseudo_random/_x_8core_maxsize512_32.hw.xilinx_u280_xdma_201920_3/link/run_link/vpl.pb /home/ziyuanwang/hbm/Vitis_Accel_Examples/performance/hbm_bandwidth_pseudo_random/_x_8core_maxsize512_32.hw.xilinx_u280_xdma_201920_3/link/int/dr.bd.tcl
INFO: [v++ 60-1454] Run Directory: /home/ziyuanwang/hbm/Vitis_Accel_Examples/performance/hbm_bandwidth_pseudo_random/_x_8core_maxsize512_32.hw.xilinx_u280_xdma_201920_3/link/run_link

****** vpl v2021.2 (64-bit)
  **** SW Build 3363252 on 2021-10-14-04:41:01
    ** Copyright 1986-2020 Xilinx, Inc. All Rights Reserved.

INFO: [VPL 60-839] Read in kernel information from file '/home/ziyuanwang/hbm/Vitis_Accel_Examples/performance/hbm_bandwidth_pseudo_random/_x_8core_maxsize512_32.hw.xilinx_u280_xdma_201920_3/link/int/kernel_info.dat'.
INFO: [VPL 74-78] Compiler Version string: 2021.2
INFO: [VPL 60-423]   Target device: xilinx_u280_xdma_201920_3
INFO: [VPL 60-1032] Extracting hardware platform to /home/ziyuanwang/hbm/Vitis_Accel_Examples/performance/hbm_bandwidth_pseudo_random/_x_8core_maxsize512_32.hw.xilinx_u280_xdma_201920_3/link/vivado/vpl/.local/hw_platform
[03:36:49] Run vpl: Step create_project: Started
Creating Vivado project.
[03:37:08] Run vpl: Step create_project: Completed
[03:37:08] Run vpl: Step create_bd: Started
[03:38:27] Run vpl: Step create_bd: RUNNING...
[03:39:45] Run vpl: Step create_bd: RUNNING...
[03:41:03] Run vpl: Step create_bd: RUNNING...
[03:42:23] Run vpl: Step create_bd: RUNNING...
[03:43:40] Run vpl: Step create_bd: RUNNING...
[03:45:00] Run vpl: Step create_bd: RUNNING...
[03:46:17] Run vpl: Step create_bd: RUNNING...
[03:47:35] Run vpl: Step create_bd: RUNNING...
[03:48:39] Run vpl: Step create_bd: Completed
[03:48:39] Run vpl: Step update_bd: Started
[03:48:43] Run vpl: Step update_bd: Completed
[03:48:43] Run vpl: Step generate_target: Started
[03:50:01] Run vpl: Step generate_target: RUNNING...
[03:51:20] Run vpl: Step generate_target: RUNNING...
[03:52:38] Run vpl: Step generate_target: RUNNING...
[03:53:57] Run vpl: Step generate_target: RUNNING...
[03:55:15] Run vpl: Step generate_target: RUNNING...
[03:56:37] Run vpl: Step generate_target: RUNNING...
[03:57:55] Run vpl: Step generate_target: RUNNING...
[03:59:16] Run vpl: Step generate_target: RUNNING...
[04:00:36] Run vpl: Step generate_target: RUNNING...
[04:01:17] Run vpl: Step generate_target: Completed
[04:01:17] Run vpl: Step config_hw_runs: Started
[04:01:40] Run vpl: Step config_hw_runs: Completed
[04:01:40] Run vpl: Step synth: Started
[04:02:47] Block-level synthesis in progress, 0 of 8 jobs complete, 1 job running.
[04:03:18] Block-level synthesis in progress, 0 of 8 jobs complete, 1 job running.
[04:03:50] Block-level synthesis in progress, 0 of 8 jobs complete, 1 job running.
[04:04:22] Block-level synthesis in progress, 0 of 8 jobs complete, 1 job running.
[04:04:55] Block-level synthesis in progress, 0 of 8 jobs complete, 1 job running.
[04:05:27] Block-level synthesis in progress, 1 of 8 jobs complete, 0 jobs running.
[04:05:29] Run vpl: Step synth: Completed
[04:05:29] Run vpl: Step impl: Started
[04:29:05] Finished 2nd of 6 tasks (FPGA linking synthesized kernels to platform). Elapsed time: 01h 01m 07s 

[04:29:05] Starting logic optimization..
[04:33:22] Phase 1 Retarget
[04:33:54] Phase 2 Constant propagation
[04:34:59] Phase 3 Sweep
[04:38:44] Phase 4 BUFG optimization
[04:39:16] Phase 5 Shift Register Optimization
[04:39:49] Phase 6 Post Processing Netlist
[04:44:39] Finished 3rd of 6 tasks (FPGA logic optimization). Elapsed time: 00h 15m 34s 

[04:44:39] Starting logic placement..
[04:46:15] Phase 1 Placer Initialization
[04:46:15] Phase 1.1 Placer Initialization Netlist Sorting
[04:52:41] Phase 1.2 IO Placement/ Clock Placement/ Build Placer Device
[04:55:21] Phase 1.3 Build Placer Netlist Model
[04:59:38] Phase 1.4 Constrain Clocks/Macros
[05:00:43] Phase 2 Global Placement
[05:01:15] Phase 2.1 Floorplanning
[05:02:52] Phase 2.1.1 Partition Driven Placement
[05:02:52] Phase 2.1.1.1 PBP: Partition Driven Placement
[05:07:11] Phase 2.1.1.2 PBP: Clock Region Placement
[05:09:21] Phase 2.1.1.3 PBP: Discrete Incremental
[05:09:21] Phase 2.1.1.4 PBP: Compute Congestion
[05:09:54] Phase 2.1.1.5 PBP: Macro Placement
[05:09:54] Phase 2.1.1.6 PBP: UpdateTiming
[05:10:59] Phase 2.2 Physical Synthesis After Floorplan
[05:12:37] Phase 2.3 Update Timing before SLR Path Opt
[05:12:37] Phase 2.4 Post-Processing in Floorplanning
[05:12:37] Phase 2.5 Global Placement Core
[05:32:44] Phase 2.5.1 Physical Synthesis In Placer
[05:45:47] Phase 3 Detail Placement
[05:45:47] Phase 3.1 Commit Multi Column Macros
[05:46:19] Phase 3.2 Commit Most Macros & LUTRAMs
[05:51:47] Phase 3.3 Small Shape DP
[05:51:47] Phase 3.3.1 Small Shape Clustering
[05:52:19] Phase 3.3.2 Flow Legalize Slice Clusters
[05:52:52] Phase 3.3.3 Slice Area Swap
[05:58:49] Phase 3.4 Place Remaining
[05:58:49] Phase 3.5 Re-assign LUT pins
[05:59:54] Phase 3.6 Pipeline Register Optimization
[06:00:26] Phase 3.7 Fast Optimization
[06:03:41] Phase 4 Post Placement Optimization and Clean-Up
[06:03:41] Phase 4.1 Post Commit Optimization
[06:07:30] Phase 4.1.1 Post Placement Optimization
[06:07:30] Phase 4.1.1.1 BUFG Insertion
[06:07:30] Phase 1 Physical Synthesis Initialization
[06:12:26] Phase 4.1.1.2 BUFG Replication
[06:12:26] Phase 4.1.1.3 Post Placement Timing Optimization
[06:21:08] Phase 4.1.1.4 Replication
[06:24:56] Phase 4.2 Post Placement Cleanup
[06:24:56] Phase 4.3 Placer Reporting
[06:24:56] Phase 4.3.1 Print Estimated Congestion
[06:25:28] Phase 4.4 Final Placement Cleanup
[06:48:18] Finished 4th of 6 tasks (FPGA logic placement). Elapsed time: 02h 03m 39s 

[06:48:18] Starting logic routing..
[06:49:55] Phase 1 Build RT Design
[06:56:32] Phase 2 Router Initialization
[06:56:32] Phase 2.1 Fix Topology Constraints
[06:57:04] Phase 2.2 Pre Route Cleanup
[06:57:36] Phase 2.3 Global Clock Net Routing
[06:59:14] Phase 2.4 Update Timing
[07:06:21] Phase 2.5 Update Timing for Bus Skew
[07:06:21] Phase 2.5.1 Update Timing
[07:10:10] Phase 3 Initial Routing
[07:10:10] Phase 3.1 Global Routing
[07:20:03] Phase 3.2 Update Timing
[07:32:38] Phase 3.3 Update Timing
[07:46:22] Phase 3.4 Update Timing
[07:59:34] Phase 3.5 Update Timing
[08:13:13] Phase 3.6 Update Timing
[08:20:19] Phase 4 Rip-up And Reroute
[08:20:19] Phase 4.1 Global Iteration 0
[08:20:19] Phase 4.1.1 Update Timing
[08:25:45] Phase 4.2 Global Iteration 1
[11:44:58] Phase 4.3 Global Iteration 2
[14:11:40] Phase 5 Delay and Skew Optimization
[14:11:40] Phase 5.1 Delay CleanUp
[14:12:13] Phase 5.2 Clock Skew Optimization
[14:13:18] Phase 6 Post Hold Fix
[14:13:18] Phase 6.1 Hold Fix Iter
[14:14:24] Phase 6.2 Additional Hold Fix
[14:16:04] Phase 7 Leaf Clock Prog Delay Opt
[14:18:14] Phase 8 Route finalize
[14:18:46] Phase 9 Verifying routed nets
[14:19:19] Phase 10 Depositing Routes
[14:28:06] Run vpl: Step impl: Failed
[14:28:08] Run vpl: FINISHED. Run Status: impl ERROR

===>The following messages were generated while processing /home/ziyuanwang/hbm/Vitis_Accel_Examples/performance/hbm_bandwidth_pseudo_random/_x_8core_maxsize512_32.hw.xilinx_u280_xdma_201920_3/link/vivado/vpl/prj/prj.runs/impl_1 :
ERROR: [VPL 18-1000] Routing results verification failed due to partially-conflicted nets (Up to first 10 of violated nets):  pfm_top_i/dynamic_region/krnl_vaddmul_2/inst/gmem0_m_axi_U/bus_read/fifo_rreq/pout_reg[3]_rep_n_0 pfm_top_i/dynamic_region/krnl_vaddmul_2/inst/gmem0_m_axi_U/bus_read/fifo_rreq/pout pfm_top_i/dynamic_region/krnl_vaddmul_2/inst/gmem0_m_axi_U/bus_read/fifo_rreq/pout_reg[3]_rep__0_n_0 pfm_top_i/dynamic_region/krnl_vaddmul_2/inst/gmem0_m_axi_U/bus_read/fifo_rreq/pout[8]_i_13_n_0 pfm_top_i/dynamic_region/krnl_vaddmul_2/inst/gmem0_m_axi_U/bus_read/fifo_rreq/pout_reg[4]_rep__3_n_0 pfm_top_i/dynamic_region/krnl_vaddmul_2/inst/gmem0_m_axi_U/bus_read/fifo_rreq/next_rreq pfm_top_i/dynamic_region/hmss_0/inst/path_13/interconnect14_13/inst/m00_exit_pipeline/m00_exit/inst/splitter_inst/gen_axi3.splitter_inst/gen_rd_b.doutb_reg_reg[8]_0 pfm_top_i/dynamic_region/hmss_0/inst/path_13/interconnect14_13/inst/m00_exit_pipeline/m00_exit/inst/splitter_inst/gen_axi3.splitter_inst/gen_rsplitter.ar_split_state_reg_0 pfm_top_i/dynamic_region/hmss_0/inst/path_13/interconnect14_13/inst/m00_exit_pipeline/m00_exit/inst/splitter_inst/gen_axi3.splitter_inst/gen_rsplitter.ar_split_state_reg_1 pfm_top_i/dynamic_region/krnl_vaddmul_2/inst/gmem0_m_axi_U/bus_read/fifo_rreq/full_n_i_2_n_0 
ERROR: [VPL 60-773] In '/home/ziyuanwang/hbm/Vitis_Accel_Examples/performance/hbm_bandwidth_pseudo_random/_x_8core_maxsize512_32.hw.xilinx_u280_xdma_201920_3/link/vivado/vpl/runme.log', caught Tcl error:  problem implementing dynamic region, impl_1: route_design ERROR, please look at the run log file '/home/ziyuanwang/hbm/Vitis_Accel_Examples/performance/hbm_bandwidth_pseudo_random/_x_8core_maxsize512_32.hw.xilinx_u280_xdma_201920_3/link/vivado/vpl/prj/prj.runs/impl_1/runme.log' for more information
WARNING: [VPL 60-732] Link warning: No monitor points found for BD automation.
ERROR: [VPL 60-704] Integration error, problem implementing dynamic region, impl_1: route_design ERROR, please look at the run log file '/home/ziyuanwang/hbm/Vitis_Accel_Examples/performance/hbm_bandwidth_pseudo_random/_x_8core_maxsize512_32.hw.xilinx_u280_xdma_201920_3/link/vivado/vpl/prj/prj.runs/impl_1/runme.log' for more information
ERROR: [VPL 60-1328] Vpl run 'vpl' failed
ERROR: [VPL 60-806] Failed to finish platform linker
INFO: [v++ 60-1442] [14:28:18] Run run_link: Step vpl: Failed
Time (s): cpu = 00:07:46 ; elapsed = 11:00:24 . Memory (MB): peak = 2062.203 ; gain = 0.000 ; free physical = 79934 ; free virtual = 503498
ERROR: [v++ 60-661] v++ link run 'run_link' failed
ERROR: [v++ 60-626] Kernel link failed to complete
ERROR: [v++ 60-703] Failed to finish linking
