Copyright 1986-2021 Xilinx, Inc. All Rights Reserved.
------------------------------------------------------------------------------------------
| Tool Version : Vivado v.2021.2 (lin64) Build 3367213 Tue Oct 19 02:47:39 MDT 2021
| Date         : Mon Oct 28 02:53:39 2024
| Host         : hacc-gpu0 running 64-bit Ubuntu 20.04.6 LTS
| Command      : report_utilization -slr -file slr_util_placed.rpt -pb slr_util_placed.pb
| Design       : pfm_top_wrapper
| Device       : xcu280-fsvh2892-2L-e
| Speed File   : -2L
| Design State : Fully Placed
------------------------------------------------------------------------------------------

Utilization Design Information

Table of Contents
-----------------
1. SLR Connectivity
2. SLR Connectivity Matrix
3. SLR CLB Logic and Dedicated Block Utilization
4. SLR IO Utilization

1. SLR Connectivity
-------------------

+----------------------------------+-------+-------+-----------+-------+
|                                  |  Used | Fixed | Available | Util% |
+----------------------------------+-------+-------+-----------+-------+
| SLR2 <-> SLR1                    | 12156 |       |     23040 | 52.76 |
|   SLR1 -> SLR2                   |  4778 |       |           | 20.74 |
|     Using TX_REG only            |     1 |     1 |           |       |
|     Using RX_REG only            |    18 |    18 |           |       |
|     Using Both TX_REG and RX_REG |   529 |     1 |           |       |
|   SLR2 -> SLR1                   |  7378 |       |           | 32.02 |
|     Using TX_REG only            |     0 |     0 |           |       |
|     Using RX_REG only            |     4 |     4 |           |       |
|     Using Both TX_REG and RX_REG |   681 |     0 |           |       |
| SLR1 <-> SLR0                    | 17924 |       |     23040 | 77.80 |
|   SLR0 -> SLR1                   |  6155 |       |           | 26.71 |
|     Using TX_REG only            |    71 |    71 |           |       |
|     Using RX_REG only            |    61 |    61 |           |       |
|     Using Both TX_REG and RX_REG |   583 |    55 |           |       |
|   SLR1 -> SLR0                   | 11769 |       |           | 51.08 |
|     Using TX_REG only            |    62 |    62 |           |       |
|     Using RX_REG only            |    72 |    71 |           |       |
|     Using Both TX_REG and RX_REG |   741 |    60 |           |       |
+----------------------------------+-------+-------+-----------+-------+
| Total SLLs Used                  | 30080 |       |           |       |
+----------------------------------+-------+-------+-----------+-------+


2. SLR Connectivity Matrix
--------------------------

+-----------+------+------+------+
| FROM \ TO | SLR2 | SLR1 | SLR0 |
+-----------+------+------+------+
| SLR2      |    0 | 2146 | 5232 |
| SLR1      | 2256 |    0 | 6537 |
| SLR0      | 2522 | 3633 |    0 |
+-----------+------+------+------+


3. SLR CLB Logic and Dedicated Block Utilization
------------------------------------------------

+----------------------------+--------+--------+--------+--------+--------+--------+
|          Site Type         |  SLR0  |  SLR1  |  SLR2  | SLR0 % | SLR1 % | SLR2 % |
+----------------------------+--------+--------+--------+--------+--------+--------+
| CLB                        |  54445 |  33879 |  34142 |  99.06 |  62.74 |  63.23 |
|   CLBL                     |  29029 |  17929 |  18211 |  99.14 |  61.23 |  62.20 |
|   CLBM                     |  25416 |  15950 |  15931 |  98.97 |  64.52 |  64.45 |
| CLB LUTs                   | 340978 | 169441 | 155871 |  77.55 |  39.22 |  36.08 |
|   LUT as Logic             | 283931 | 154893 | 142407 |  64.58 |  35.85 |  32.96 |
|     using O5 output only   |   2470 |    418 |   1101 |   0.56 |   0.10 |   0.25 |
|     using O6 output only   | 193059 | 110924 |  95692 |  43.91 |  25.68 |  22.15 |
|     using O5 and O6        |  88402 |  43551 |  45614 |  20.11 |  10.08 |  10.56 |
|   LUT as Memory            |  57047 |  14548 |  13464 |  27.77 |   7.36 |   6.81 |
|     LUT as Distributed RAM |  32862 |   3837 |    936 |  16.00 |   1.94 |   0.47 |
|       using O5 output only |      0 |      0 |      0 |   0.00 |   0.00 |   0.00 |
|       using O6 output only |     84 |    215 |     80 |   0.04 |   0.11 |   0.04 |
|       using O5 and O6      |  32778 |   3622 |    856 |  15.96 |   1.83 |   0.43 |
|     LUT as Shift Register  |  24185 |  10711 |  12528 |  11.77 |   5.42 |   6.33 |
|       using O5 output only |      5 |      0 |      0 |  <0.01 |   0.00 |   0.00 |
|       using O6 output only |  16478 |   7293 |   8980 |   8.02 |   3.69 |   4.54 |
|       using O5 and O6      |   7702 |   3418 |   3548 |   3.75 |   1.73 |   1.79 |
| CLB Registers              | 516487 | 220355 | 232468 |  58.73 |  25.50 |  26.91 |
| CARRY8                     |  22921 |  11524 |  11351 |  41.70 |  21.34 |  21.02 |
| F7 Muxes                   |   3683 |   2063 |   2728 |   1.68 |   0.96 |   1.26 |
| F8 Muxes                   |    944 |    605 |    511 |   0.86 |   0.56 |   0.47 |
| F9 Muxes                   |      0 |      0 |      0 |   0.00 |   0.00 |   0.00 |
| Block RAM Tile             |  245.5 |  188.5 |    202 |  36.53 |  28.05 |  30.06 |
|   RAMB36/FIFO              |    244 |    188 |    200 |  36.31 |  27.98 |  29.76 |
|     RAMB36E2 only          |    244 |    188 |    200 |  36.31 |  27.98 |  29.76 |
|   RAMB18                   |      3 |      1 |      4 |   0.22 |   0.07 |   0.30 |
|     RAMB18E2 only          |      3 |      1 |      4 |   0.22 |   0.07 |   0.30 |
| URAM                       |      0 |      0 |      0 |   0.00 |   0.00 |   0.00 |
| DSPs                       |    208 |    104 |    108 |   7.22 |   3.39 |   3.52 |
| Unique Control Sets        |   7226 |   2484 |   3536 |   6.57 |   2.30 |   3.27 |
+----------------------------+--------+--------+--------+--------+--------+--------+
* Note: Available Control Sets based on CLB Registers / 8


4. SLR IO Utilization
---------------------

+-----------+-----------+---------+------------+----------+------------+----------+-----+
| SLR Index | Used IOBs | (%)IOBs | Used IPADs | (%)IPADs | Used OPADs | (%)OPADs | GTs |
+-----------+-----------+---------+------------+----------+------------+----------+-----+
| SLR2      |        18 |    8.65 |          0 |     0.00 |          0 |     0.00 |   0 |
| SLR1      |         0 |    0.00 |          0 |     0.00 |          0 |     0.00 |   0 |
| SLR0      |         1 |    0.48 |          0 |     0.00 |          0 |     0.00 |  16 |
+-----------+-----------+---------+------------+----------+------------+----------+-----+
| Total     |        19 |         |          0 |          |          0 |          |  16 |
+-----------+-----------+---------+------------+----------+------------+----------+-----+


