Copyright 1986-2021 Xilinx, Inc. All Rights Reserved.
--------------------------------------------------------------------------------------------------------------------------------------------------------------------------------------------------------------------------------------------------------------------------------------------------------------------------------------------------------------------------------------------------------------------------------------------------------------------------------------------------------------------------------------------------------------------------------------------------------------------------------------------------------------------------------------------------------------------------------
| Tool Version : Vivado v.2021.2 (lin64) Build 3367213 Tue Oct 19 02:47:39 MDT 2021
| Date         : Mon Oct 28 02:52:39 2024
| Host         : hacc-gpu0 running 64-bit Ubuntu 20.04.6 LTS
| Command      : report_accelerator_utilization -kernels { krnl_vaddmul:pfm_top_i/dynamic_region/krnl_vaddmul_1/inst:krnl_vaddmul_1 krnl_vaddmul:pfm_top_i/dynamic_region/krnl_vaddmul_2/inst:krnl_vaddmul_2 krnl_vaddmul:pfm_top_i/dynamic_region/krnl_vaddmul_3/inst:krnl_vaddmul_3 krnl_vaddmul:pfm_top_i/dynamic_region/krnl_vaddmul_4/inst:krnl_vaddmul_4 krnl_vaddmul:pfm_top_i/dynamic_region/krnl_vaddmul_5/inst:krnl_vaddmul_5 krnl_vaddmul:pfm_top_i/dynamic_region/krnl_vaddmul_6/inst:krnl_vaddmul_6 krnl_vaddmul:pfm_top_i/dynamic_region/krnl_vaddmul_7/inst:krnl_vaddmul_7 krnl_vaddmul:pfm_top_i/dynamic_region/krnl_vaddmul_8/inst:krnl_vaddmul_8} -file kernel_util_placed.rpt -name kernel_util_placed -json
| Design       : pfm_top_wrapper
| Device       : xcu280
| Design State : Fully Placed
--------------------------------------------------------------------------------------------------------------------------------------------------------------------------------------------------------------------------------------------------------------------------------------------------------------------------------------------------------------------------------------------------------------------------------------------------------------------------------------------------------------------------------------------------------------------------------------------------------------------------------------------------------------------------------------------------------------------------------

Accelerator Utilization Design Information

Table of Contents
-----------------
1. System Utilization

1. System Utilization
---------------------

+---------------------+-------------------+------------------+-------------------+----------------+---------------+----------------+
| Name                | LUT               | LUTAsMem         | REG               | BRAM           | URAM          | DSP            |
+---------------------+-------------------+------------------+-------------------+----------------+---------------+----------------+
| Platform            |  178249 [ 13.68%] |  42611 [  7.10%] |  281928 [ 10.81%] |  204 [ 10.12%] |   0 [  0.00%] |    4 [  0.04%] |
| User Budget         | 1124471 [100.00%] | 557869 [100.00%] | 2325432 [100.00%] | 1812 [100.00%] | 960 [100.00%] | 9020 [100.00%] |
|    Used Resources   |  488084 [ 43.41%] |  42448 [  7.61%] |  687382 [ 29.56%] |  432 [ 23.84%] |   0 [  0.00%] |  416 [  4.61%] |
|    Unused Resources |  636387 [ 56.59%] | 515421 [ 92.39%] | 1638050 [ 70.44%] | 1380 [ 76.16%] | 960 [100.00%] | 8604 [ 95.39%] |
| krnl_vaddmul        |  488084 [ 43.41%] |  42448 [  7.61%] |  687382 [ 29.56%] |  432 [ 23.84%] |   0 [  0.00%] |  416 [  4.61%] |
|    krnl_vaddmul_1   |   60962 [  5.42%] |   5306 [  0.95%] |   85898 [  3.69%] |   54 [  2.98%] |   0 [  0.00%] |   52 [  0.58%] |
|    krnl_vaddmul_2   |   60965 [  5.42%] |   5306 [  0.95%] |   85872 [  3.69%] |   54 [  2.98%] |   0 [  0.00%] |   52 [  0.58%] |
|    krnl_vaddmul_3   |   60934 [  5.42%] |   5306 [  0.95%] |   85906 [  3.69%] |   54 [  2.98%] |   0 [  0.00%] |   52 [  0.58%] |
|    krnl_vaddmul_4   |   60933 [  5.42%] |   5306 [  0.95%] |   85911 [  3.69%] |   54 [  2.98%] |   0 [  0.00%] |   52 [  0.58%] |
|    krnl_vaddmul_5   |   61025 [  5.43%] |   5306 [  0.95%] |   85940 [  3.70%] |   54 [  2.98%] |   0 [  0.00%] |   52 [  0.58%] |
|    krnl_vaddmul_6   |   61113 [  5.43%] |   5306 [  0.95%] |   85962 [  3.70%] |   54 [  2.98%] |   0 [  0.00%] |   52 [  0.58%] |
|    krnl_vaddmul_7   |   61127 [  5.44%] |   5306 [  0.95%] |   85947 [  3.70%] |   54 [  2.98%] |   0 [  0.00%] |   52 [  0.58%] |
|    krnl_vaddmul_8   |   61025 [  5.43%] |   5306 [  0.95%] |   85946 [  3.70%] |   54 [  2.98%] |   0 [  0.00%] |   52 [  0.58%] |
+---------------------+-------------------+------------------+-------------------+----------------+---------------+----------------+


