Copyright 1986-2021 Xilinx, Inc. All Rights Reserved.
------------------------------------------------------------------------------------------------------------------------------------------------------------------------------------------------------------------------------------------------------------------------------------------------------------------------------------------------------------------------------------------------------------------------------
| Tool Version : Vivado v.2021.2 (lin64) Build 3367213 Tue Oct 19 02:47:39 MDT 2021
| Date         : Sat Nov 16 10:03:02 2024
| Host         : hacc-gpu0 running 64-bit Ubuntu 20.04.6 LTS
| Command      : report_accelerator_utilization -kernels { krnl_vaddmul:pfm_top_i/dynamic_region/krnl_vaddmul_1/inst:krnl_vaddmul_1 krnl_vaddmul:pfm_top_i/dynamic_region/krnl_vaddmul_2/inst:krnl_vaddmul_2 krnl_vaddmul:pfm_top_i/dynamic_region/krnl_vaddmul_3/inst:krnl_vaddmul_3 krnl_vaddmul:pfm_top_i/dynamic_region/krnl_vaddmul_4/inst:krnl_vaddmul_4} -file kernel_util_synthed.rpt -name kernel_util_synthed -json
| Design       : pfm_top_wrapper
| Device       : xcu280
| Design State : Synthesized
------------------------------------------------------------------------------------------------------------------------------------------------------------------------------------------------------------------------------------------------------------------------------------------------------------------------------------------------------------------------------------------------------------------------------

Accelerator Utilization Design Information

Table of Contents
-----------------
1. System Utilization

1. System Utilization
---------------------

+---------------------+-------------------+------------------+-------------------+----------------+---------------+----------------+
| Name                | LUT               | LUTAsMem         | REG               | BRAM           | URAM          | DSP            |
+---------------------+-------------------+------------------+-------------------+----------------+---------------+----------------+
| Platform            |  138004 [ 10.59%] |  22262 [  3.71%] |  195094 [  7.48%] |  202 [ 10.02%] |   0 [  0.00%] |    4 [  0.04%] |
| User Budget         | 1164716 [100.00%] | 578218 [100.00%] | 2412266 [100.00%] | 1814 [100.00%] | 960 [100.00%] | 9020 [100.00%] |
|    Used Resources   |   25668 [  2.20%] |   8632 [  1.49%] |   38240 [  1.59%] |   64 [  3.53%] |   0 [  0.00%] |  140 [  1.55%] |
|    Unused Resources | 1139048 [ 97.80%] | 569586 [ 98.51%] | 2374026 [ 98.41%] | 1750 [ 96.47%] | 960 [100.00%] | 8880 [ 98.45%] |
| krnl_vaddmul        |   25668 [  2.20%] |   8632 [  1.49%] |   38240 [  1.59%] |   64 [  3.53%] |   0 [  0.00%] |  140 [  1.55%] |
|    krnl_vaddmul_1   |    6417 [  0.55%] |   2158 [  0.37%] |    9560 [  0.40%] |   16 [  0.88%] |   0 [  0.00%] |   35 [  0.39%] |
|    krnl_vaddmul_2   |    6417 [  0.55%] |   2158 [  0.37%] |    9560 [  0.40%] |   16 [  0.88%] |   0 [  0.00%] |   35 [  0.39%] |
|    krnl_vaddmul_3   |    6417 [  0.55%] |   2158 [  0.37%] |    9560 [  0.40%] |   16 [  0.88%] |   0 [  0.00%] |   35 [  0.39%] |
|    krnl_vaddmul_4   |    6417 [  0.55%] |   2158 [  0.37%] |    9560 [  0.40%] |   16 [  0.88%] |   0 [  0.00%] |   35 [  0.39%] |
+---------------------+-------------------+------------------+-------------------+----------------+---------------+----------------+


