Copyright 1986-2021 Xilinx, Inc. All Rights Reserved.
-------------------------------------------------------------------------------------------------------------------------------------------------------------------------------------------------------------------------------------------------------------------------------------------------------------------------------------------------------------------------------------------------------------------------------------------------------------------------------------------------------
| Tool Version : Vivado v.2021.2 (lin64) Build 3367213 Tue Oct 19 02:47:39 MDT 2021
| Date         : Wed Nov 20 04:17:34 2024
| Host         : hacc-gpu0 running 64-bit Ubuntu 20.04.6 LTS
| Command      : report_accelerator_utilization -kernels { krnl_vaddmul:pfm_top_i/dynamic_region/krnl_vaddmul_1/inst:krnl_vaddmul_1 krnl_vaddmul:pfm_top_i/dynamic_region/krnl_vaddmul_2/inst:krnl_vaddmul_2 krnl_vaddmul:pfm_top_i/dynamic_region/krnl_vaddmul_3/inst:krnl_vaddmul_3 krnl_vaddmul:pfm_top_i/dynamic_region/krnl_vaddmul_4/inst:krnl_vaddmul_4 krnl_vaddmul:pfm_top_i/dynamic_region/krnl_vaddmul_5/inst:krnl_vaddmul_5} -file kernel_util_synthed.rpt -name kernel_util_synthed -json
| Design       : pfm_top_wrapper
| Device       : xcu280
| Design State : Synthesized
-------------------------------------------------------------------------------------------------------------------------------------------------------------------------------------------------------------------------------------------------------------------------------------------------------------------------------------------------------------------------------------------------------------------------------------------------------------------------------------------------------

Accelerator Utilization Design Information

Table of Contents
-----------------
1. System Utilization

1. System Utilization
---------------------

+---------------------+-------------------+------------------+-------------------+----------------+---------------+----------------+
| Name                | LUT               | LUTAsMem         | REG               | BRAM           | URAM          | DSP            |
+---------------------+-------------------+------------------+-------------------+----------------+---------------+----------------+
| Platform            |  175604 [ 13.48%] |  39692 [  6.61%] |  262802 [ 10.08%] |  204 [ 10.12%] |   0 [  0.00%] |    4 [  0.04%] |
| User Budget         | 1127116 [100.00%] | 560788 [100.00%] | 2344558 [100.00%] | 1812 [100.00%] | 960 [100.00%] | 9020 [100.00%] |
|    Used Resources   |   91095 [  8.08%] |  32765 [  5.84%] |  111280 [  4.75%] |  100 [  5.52%] |   0 [  0.00%] |   20 [  0.22%] |
|    Unused Resources | 1036021 [ 91.92%] | 528023 [ 94.16%] | 2233278 [ 95.25%] | 1712 [ 94.48%] | 960 [100.00%] | 9000 [ 99.78%] |
| krnl_vaddmul        |   91095 [  8.08%] |  32765 [  5.84%] |  111280 [  4.75%] |  100 [  5.52%] |   0 [  0.00%] |   20 [  0.22%] |
|    krnl_vaddmul_1   |   18219 [  1.62%] |   6553 [  1.17%] |   22256 [  0.95%] |   20 [  1.10%] |   0 [  0.00%] |    4 [  0.04%] |
|    krnl_vaddmul_2   |   18219 [  1.62%] |   6553 [  1.17%] |   22256 [  0.95%] |   20 [  1.10%] |   0 [  0.00%] |    4 [  0.04%] |
|    krnl_vaddmul_3   |   18219 [  1.62%] |   6553 [  1.17%] |   22256 [  0.95%] |   20 [  1.10%] |   0 [  0.00%] |    4 [  0.04%] |
|    krnl_vaddmul_4   |   18219 [  1.62%] |   6553 [  1.17%] |   22256 [  0.95%] |   20 [  1.10%] |   0 [  0.00%] |    4 [  0.04%] |
|    krnl_vaddmul_5   |   18219 [  1.62%] |   6553 [  1.17%] |   22256 [  0.95%] |   20 [  1.10%] |   0 [  0.00%] |    4 [  0.04%] |
+---------------------+-------------------+------------------+-------------------+----------------+---------------+----------------+


