INFO: [v++ 60-1306] Additional information associated with this v++ link can be found at:
	Reports: /home/ziyuanwang/hbm/Vitis_Accel_Examples/performance/hbm_bandwidth_pseudo_random/_x_4core_mulmul_9.hw.xilinx_u280_xdma_201920_3/reports/link
	Log files: /home/ziyuanwang/hbm/Vitis_Accel_Examples/performance/hbm_bandwidth_pseudo_random/_x_4core_mulmul_9.hw.xilinx_u280_xdma_201920_3/logs/link
INFO: [v++ 60-1548] Creating build summary session with primary output /home/ziyuanwang/hbm/Vitis_Accel_Examples/performance/hbm_bandwidth_pseudo_random/build_dir_4core_mulmul_9.hw.xilinx_u280_xdma_201920_3/krnl_vaddmul.link.xclbin.link_summary, at Sun Nov 10 19:54:20 2024
INFO: [v++ 60-1316] Initiating connection to rulecheck server, at Sun Nov 10 19:54:20 2024
INFO: [v++ 60-1315] Creating rulecheck session with output '/home/ziyuanwang/hbm/Vitis_Accel_Examples/performance/hbm_bandwidth_pseudo_random/_x_4core_mulmul_9.hw.xilinx_u280_xdma_201920_3/reports/link/v++_link_krnl_vaddmul.link_guidance.html', at Sun Nov 10 19:54:23 2024
INFO: [v++ 60-895]   Target platform: /opt/xilinx/platforms/xilinx_u280_xdma_201920_3/xilinx_u280_xdma_201920_3.xpfm
INFO: [v++ 60-1578]   This platform contains Xilinx Shell Archive '/opt/xilinx/platforms/xilinx_u280_xdma_201920_3/hw/xilinx_u280_xdma_201920_3.xsa'
INFO: [v++ 74-78] Compiler Version string: 2021.2
INFO: [v++ 60-1302] Platform 'xilinx_u280_xdma_201920_3.xpfm' has been explicitly enabled for this release.
INFO: [v++ 60-629] Linking for hardware target
INFO: [v++ 60-423]   Target device: xilinx_u280_xdma_201920_3
INFO: [v++ 60-1332] Run 'run_link' status: Not started
INFO: [v++ 60-1443] [19:54:40] Run run_link: Step system_link: Started
INFO: [v++ 60-1453] Command Line: system_link --xo /home/ziyuanwang/hbm/Vitis_Accel_Examples/performance/hbm_bandwidth_pseudo_random/_x_4core_mulmul_9.hw.xilinx_u280_xdma_201920_3/krnl_vaddmul.xo -keep --config /home/ziyuanwang/hbm/Vitis_Accel_Examples/performance/hbm_bandwidth_pseudo_random/_x_4core_mulmul_9.hw.xilinx_u280_xdma_201920_3/link/int/syslinkConfig.ini --xpfm /opt/xilinx/platforms/xilinx_u280_xdma_201920_3/xilinx_u280_xdma_201920_3.xpfm --target hw --output_dir /home/ziyuanwang/hbm/Vitis_Accel_Examples/performance/hbm_bandwidth_pseudo_random/_x_4core_mulmul_9.hw.xilinx_u280_xdma_201920_3/link/int --temp_dir /home/ziyuanwang/hbm/Vitis_Accel_Examples/performance/hbm_bandwidth_pseudo_random/_x_4core_mulmul_9.hw.xilinx_u280_xdma_201920_3/link/sys_link
INFO: [v++ 60-1454] Run Directory: /home/ziyuanwang/hbm/Vitis_Accel_Examples/performance/hbm_bandwidth_pseudo_random/_x_4core_mulmul_9.hw.xilinx_u280_xdma_201920_3/link/run_link
INFO: [SYSTEM_LINK 60-1316] Initiating connection to rulecheck server, at Sun Nov 10 19:54:44 2024
INFO: [SYSTEM_LINK 82-70] Extracting xo v3 file /home/ziyuanwang/hbm/Vitis_Accel_Examples/performance/hbm_bandwidth_pseudo_random/_x_4core_mulmul_9.hw.xilinx_u280_xdma_201920_3/krnl_vaddmul.xo
INFO: [SYSTEM_LINK 82-53] Creating IP database /home/ziyuanwang/hbm/Vitis_Accel_Examples/performance/hbm_bandwidth_pseudo_random/_x_4core_mulmul_9.hw.xilinx_u280_xdma_201920_3/link/sys_link/_sysl/.cdb/xd_ip_db.xml
INFO: [SYSTEM_LINK 82-38] [19:54:56] build_xd_ip_db started: /tools/Xilinx/Vitis/2021.2/bin/build_xd_ip_db -ip_search 0  -sds-pf /home/ziyuanwang/hbm/Vitis_Accel_Examples/performance/hbm_bandwidth_pseudo_random/_x_4core_mulmul_9.hw.xilinx_u280_xdma_201920_3/link/sys_link/xilinx_u280_xdma_201920_3.hpfm -clkid 0 -ip /home/ziyuanwang/hbm/Vitis_Accel_Examples/performance/hbm_bandwidth_pseudo_random/_x_4core_mulmul_9.hw.xilinx_u280_xdma_201920_3/link/sys_link/iprepo/xilinx_com_hls_krnl_vaddmul_1_0,krnl_vaddmul -o /home/ziyuanwang/hbm/Vitis_Accel_Examples/performance/hbm_bandwidth_pseudo_random/_x_4core_mulmul_9.hw.xilinx_u280_xdma_201920_3/link/sys_link/_sysl/.cdb/xd_ip_db.xml
INFO: [SYSTEM_LINK 82-37] [19:55:05] build_xd_ip_db finished successfully
Time (s): cpu = 00:00:05 ; elapsed = 00:00:09 . Memory (MB): peak = 2168.234 ; gain = 0.000 ; free physical = 18723 ; free virtual = 487704
INFO: [SYSTEM_LINK 82-51] Create system connectivity graph
INFO: [SYSTEM_LINK 82-102] Applying explicit connections to the system connectivity graph: /home/ziyuanwang/hbm/Vitis_Accel_Examples/performance/hbm_bandwidth_pseudo_random/_x_4core_mulmul_9.hw.xilinx_u280_xdma_201920_3/link/sys_link/cfgraph/cfgen_cfgraph.xml
INFO: [SYSTEM_LINK 82-38] [19:55:05] cfgen started: /tools/Xilinx/Vitis/2021.2/bin/cfgen  -nk krnl_vaddmul:4 -sp krnl_vaddmul_1.in1:HBM[0] -sp krnl_vaddmul_1.in2:HBM[1] -sp krnl_vaddmul_1.out_add:HBM[2] -sp krnl_vaddmul_1.out_mul:HBM[3] -sp krnl_vaddmul_2.in1:HBM[4] -sp krnl_vaddmul_2.in2:HBM[5] -sp krnl_vaddmul_2.out_add:HBM[6] -sp krnl_vaddmul_2.out_mul:HBM[7] -sp krnl_vaddmul_3.in1:HBM[8] -sp krnl_vaddmul_3.in2:HBM[9] -sp krnl_vaddmul_3.out_add:HBM[10] -sp krnl_vaddmul_3.out_mul:HBM[11] -sp krnl_vaddmul_4.in1:HBM[12] -sp krnl_vaddmul_4.in2:HBM[13] -sp krnl_vaddmul_4.out_add:HBM[14] -sp krnl_vaddmul_4.out_mul:HBM[15] -dmclkid 0 -r /home/ziyuanwang/hbm/Vitis_Accel_Examples/performance/hbm_bandwidth_pseudo_random/_x_4core_mulmul_9.hw.xilinx_u280_xdma_201920_3/link/sys_link/_sysl/.cdb/xd_ip_db.xml -o /home/ziyuanwang/hbm/Vitis_Accel_Examples/performance/hbm_bandwidth_pseudo_random/_x_4core_mulmul_9.hw.xilinx_u280_xdma_201920_3/link/sys_link/cfgraph/cfgen_cfgraph.xml
INFO: [CFGEN 83-0] Kernel Specs: 
INFO: [CFGEN 83-0]   kernel: krnl_vaddmul, num: 4  {krnl_vaddmul_1 krnl_vaddmul_2 krnl_vaddmul_3 krnl_vaddmul_4}
INFO: [CFGEN 83-0] Port Specs: 
INFO: [CFGEN 83-0]   kernel: krnl_vaddmul_1, k_port: in1, sptag: HBM[0]
INFO: [CFGEN 83-0]   kernel: krnl_vaddmul_1, k_port: in2, sptag: HBM[1]
INFO: [CFGEN 83-0]   kernel: krnl_vaddmul_1, k_port: out_add, sptag: HBM[2]
INFO: [CFGEN 83-0]   kernel: krnl_vaddmul_1, k_port: out_mul, sptag: HBM[3]
INFO: [CFGEN 83-0]   kernel: krnl_vaddmul_2, k_port: in1, sptag: HBM[4]
INFO: [CFGEN 83-0]   kernel: krnl_vaddmul_2, k_port: in2, sptag: HBM[5]
INFO: [CFGEN 83-0]   kernel: krnl_vaddmul_2, k_port: out_add, sptag: HBM[6]
INFO: [CFGEN 83-0]   kernel: krnl_vaddmul_2, k_port: out_mul, sptag: HBM[7]
INFO: [CFGEN 83-0]   kernel: krnl_vaddmul_3, k_port: in1, sptag: HBM[8]
INFO: [CFGEN 83-0]   kernel: krnl_vaddmul_3, k_port: in2, sptag: HBM[9]
INFO: [CFGEN 83-0]   kernel: krnl_vaddmul_3, k_port: out_add, sptag: HBM[10]
INFO: [CFGEN 83-0]   kernel: krnl_vaddmul_3, k_port: out_mul, sptag: HBM[11]
INFO: [CFGEN 83-0]   kernel: krnl_vaddmul_4, k_port: in1, sptag: HBM[12]
INFO: [CFGEN 83-0]   kernel: krnl_vaddmul_4, k_port: in2, sptag: HBM[13]
INFO: [CFGEN 83-0]   kernel: krnl_vaddmul_4, k_port: out_add, sptag: HBM[14]
INFO: [CFGEN 83-0]   kernel: krnl_vaddmul_4, k_port: out_mul, sptag: HBM[15]
INFO: [CFGEN 83-2228] Creating mapping for argument krnl_vaddmul_1.in1 to HBM[0] for directive krnl_vaddmul_1.in1:HBM[0]
INFO: [CFGEN 83-2228] Creating mapping for argument krnl_vaddmul_1.in2 to HBM[1] for directive krnl_vaddmul_1.in2:HBM[1]
INFO: [CFGEN 83-2228] Creating mapping for argument krnl_vaddmul_1.out_add to HBM[2] for directive krnl_vaddmul_1.out_add:HBM[2]
INFO: [CFGEN 83-2228] Creating mapping for argument krnl_vaddmul_1.out_mul to HBM[3] for directive krnl_vaddmul_1.out_mul:HBM[3]
INFO: [CFGEN 83-2228] Creating mapping for argument krnl_vaddmul_2.in1 to HBM[4] for directive krnl_vaddmul_2.in1:HBM[4]
INFO: [CFGEN 83-2228] Creating mapping for argument krnl_vaddmul_2.in2 to HBM[5] for directive krnl_vaddmul_2.in2:HBM[5]
INFO: [CFGEN 83-2228] Creating mapping for argument krnl_vaddmul_2.out_add to HBM[6] for directive krnl_vaddmul_2.out_add:HBM[6]
INFO: [CFGEN 83-2228] Creating mapping for argument krnl_vaddmul_2.out_mul to HBM[7] for directive krnl_vaddmul_2.out_mul:HBM[7]
INFO: [CFGEN 83-2228] Creating mapping for argument krnl_vaddmul_3.in1 to HBM[8] for directive krnl_vaddmul_3.in1:HBM[8]
INFO: [CFGEN 83-2228] Creating mapping for argument krnl_vaddmul_3.in2 to HBM[9] for directive krnl_vaddmul_3.in2:HBM[9]
INFO: [CFGEN 83-2228] Creating mapping for argument krnl_vaddmul_3.out_add to HBM[10] for directive krnl_vaddmul_3.out_add:HBM[10]
INFO: [CFGEN 83-2228] Creating mapping for argument krnl_vaddmul_3.out_mul to HBM[11] for directive krnl_vaddmul_3.out_mul:HBM[11]
INFO: [CFGEN 83-2228] Creating mapping for argument krnl_vaddmul_4.in1 to HBM[12] for directive krnl_vaddmul_4.in1:HBM[12]
INFO: [CFGEN 83-2228] Creating mapping for argument krnl_vaddmul_4.in2 to HBM[13] for directive krnl_vaddmul_4.in2:HBM[13]
INFO: [CFGEN 83-2228] Creating mapping for argument krnl_vaddmul_4.out_add to HBM[14] for directive krnl_vaddmul_4.out_add:HBM[14]
INFO: [CFGEN 83-2228] Creating mapping for argument krnl_vaddmul_4.out_mul to HBM[15] for directive krnl_vaddmul_4.out_mul:HBM[15]
INFO: [SYSTEM_LINK 82-37] [19:55:16] cfgen finished successfully
Time (s): cpu = 00:00:10 ; elapsed = 00:00:11 . Memory (MB): peak = 2168.234 ; gain = 0.000 ; free physical = 18709 ; free virtual = 487691
INFO: [SYSTEM_LINK 82-52] Create top-level block diagram
INFO: [SYSTEM_LINK 82-38] [19:55:16] cf2bd started: /tools/Xilinx/Vitis/2021.2/bin/cf2bd  --linux --trace_buffer 1024 --input_file /home/ziyuanwang/hbm/Vitis_Accel_Examples/performance/hbm_bandwidth_pseudo_random/_x_4core_mulmul_9.hw.xilinx_u280_xdma_201920_3/link/sys_link/cfgraph/cfgen_cfgraph.xml --ip_db /home/ziyuanwang/hbm/Vitis_Accel_Examples/performance/hbm_bandwidth_pseudo_random/_x_4core_mulmul_9.hw.xilinx_u280_xdma_201920_3/link/sys_link/_sysl/.cdb/xd_ip_db.xml --cf_name dr --working_dir /home/ziyuanwang/hbm/Vitis_Accel_Examples/performance/hbm_bandwidth_pseudo_random/_x_4core_mulmul_9.hw.xilinx_u280_xdma_201920_3/link/sys_link/_sysl/.xsd --temp_dir /home/ziyuanwang/hbm/Vitis_Accel_Examples/performance/hbm_bandwidth_pseudo_random/_x_4core_mulmul_9.hw.xilinx_u280_xdma_201920_3/link/sys_link --output_dir /home/ziyuanwang/hbm/Vitis_Accel_Examples/performance/hbm_bandwidth_pseudo_random/_x_4core_mulmul_9.hw.xilinx_u280_xdma_201920_3/link/int --target_bd pfm_dynamic.bd
INFO: [CF2BD 82-31] Launching cf2xd: cf2xd -linux -trace-buffer 1024 -i /home/ziyuanwang/hbm/Vitis_Accel_Examples/performance/hbm_bandwidth_pseudo_random/_x_4core_mulmul_9.hw.xilinx_u280_xdma_201920_3/link/sys_link/cfgraph/cfgen_cfgraph.xml -r /home/ziyuanwang/hbm/Vitis_Accel_Examples/performance/hbm_bandwidth_pseudo_random/_x_4core_mulmul_9.hw.xilinx_u280_xdma_201920_3/link/sys_link/_sysl/.cdb/xd_ip_db.xml -o dr.xml
INFO: [CF2BD 82-28] cf2xd finished successfully
INFO: [CF2BD 82-31] Launching cf_xsd: cf_xsd -disable-address-gen -bd pfm_dynamic.bd -dn dr -dp /home/ziyuanwang/hbm/Vitis_Accel_Examples/performance/hbm_bandwidth_pseudo_random/_x_4core_mulmul_9.hw.xilinx_u280_xdma_201920_3/link/sys_link/_sysl/.xsd
INFO: [CF2BD 82-28] cf_xsd finished successfully
INFO: [SYSTEM_LINK 82-37] [19:55:22] cf2bd finished successfully
Time (s): cpu = 00:00:05 ; elapsed = 00:00:06 . Memory (MB): peak = 2168.234 ; gain = 0.000 ; free physical = 18688 ; free virtual = 487674
INFO: [v++ 60-1441] [19:55:22] Run run_link: Step system_link: Completed
Time (s): cpu = 00:00:26 ; elapsed = 00:00:42 . Memory (MB): peak = 2062.191 ; gain = 0.000 ; free physical = 18731 ; free virtual = 487718
INFO: [v++ 60-1443] [19:55:22] Run run_link: Step cf2sw: Started
INFO: [v++ 60-1453] Command Line: cf2sw -sdsl /home/ziyuanwang/hbm/Vitis_Accel_Examples/performance/hbm_bandwidth_pseudo_random/_x_4core_mulmul_9.hw.xilinx_u280_xdma_201920_3/link/int/sdsl.dat -rtd /home/ziyuanwang/hbm/Vitis_Accel_Examples/performance/hbm_bandwidth_pseudo_random/_x_4core_mulmul_9.hw.xilinx_u280_xdma_201920_3/link/int/cf2sw.rtd -nofilter /home/ziyuanwang/hbm/Vitis_Accel_Examples/performance/hbm_bandwidth_pseudo_random/_x_4core_mulmul_9.hw.xilinx_u280_xdma_201920_3/link/int/cf2sw_full.rtd -xclbin /home/ziyuanwang/hbm/Vitis_Accel_Examples/performance/hbm_bandwidth_pseudo_random/_x_4core_mulmul_9.hw.xilinx_u280_xdma_201920_3/link/int/xclbin_orig.xml -o /home/ziyuanwang/hbm/Vitis_Accel_Examples/performance/hbm_bandwidth_pseudo_random/_x_4core_mulmul_9.hw.xilinx_u280_xdma_201920_3/link/int/xclbin_orig.1.xml
INFO: [v++ 60-1454] Run Directory: /home/ziyuanwang/hbm/Vitis_Accel_Examples/performance/hbm_bandwidth_pseudo_random/_x_4core_mulmul_9.hw.xilinx_u280_xdma_201920_3/link/run_link
INFO: [v++ 60-1441] [19:55:31] Run run_link: Step cf2sw: Completed
Time (s): cpu = 00:00:08 ; elapsed = 00:00:09 . Memory (MB): peak = 2062.191 ; gain = 0.000 ; free physical = 18713 ; free virtual = 487700
INFO: [v++ 60-1443] [19:55:31] Run run_link: Step rtd2_system_diagram: Started
INFO: [v++ 60-1453] Command Line: rtd2SystemDiagram
INFO: [v++ 60-1454] Run Directory: /home/ziyuanwang/hbm/Vitis_Accel_Examples/performance/hbm_bandwidth_pseudo_random/_x_4core_mulmul_9.hw.xilinx_u280_xdma_201920_3/link/run_link
INFO: [v++ 60-1441] [19:55:32] Run run_link: Step rtd2_system_diagram: Completed
Time (s): cpu = 00:00:00 ; elapsed = 00:00:00.90 . Memory (MB): peak = 2062.191 ; gain = 0.000 ; free physical = 18703 ; free virtual = 487690
INFO: [v++ 60-1443] [19:55:32] Run run_link: Step vpl: Started
INFO: [v++ 60-1453] Command Line: vpl -t hw -f xilinx_u280_xdma_201920_3 --remote_ip_cache /home/ziyuanwang/hbm/Vitis_Accel_Examples/performance/hbm_bandwidth_pseudo_random/.ipcache -s --output_dir /home/ziyuanwang/hbm/Vitis_Accel_Examples/performance/hbm_bandwidth_pseudo_random/_x_4core_mulmul_9.hw.xilinx_u280_xdma_201920_3/link/int --log_dir /home/ziyuanwang/hbm/Vitis_Accel_Examples/performance/hbm_bandwidth_pseudo_random/_x_4core_mulmul_9.hw.xilinx_u280_xdma_201920_3/logs/link --report_dir /home/ziyuanwang/hbm/Vitis_Accel_Examples/performance/hbm_bandwidth_pseudo_random/_x_4core_mulmul_9.hw.xilinx_u280_xdma_201920_3/reports/link --config /home/ziyuanwang/hbm/Vitis_Accel_Examples/performance/hbm_bandwidth_pseudo_random/_x_4core_mulmul_9.hw.xilinx_u280_xdma_201920_3/link/int/vplConfig.ini -k /home/ziyuanwang/hbm/Vitis_Accel_Examples/performance/hbm_bandwidth_pseudo_random/_x_4core_mulmul_9.hw.xilinx_u280_xdma_201920_3/link/int/kernel_info.dat --webtalk_flag Vitis --temp_dir /home/ziyuanwang/hbm/Vitis_Accel_Examples/performance/hbm_bandwidth_pseudo_random/_x_4core_mulmul_9.hw.xilinx_u280_xdma_201920_3/link --no-info --iprepo /home/ziyuanwang/hbm/Vitis_Accel_Examples/performance/hbm_bandwidth_pseudo_random/_x_4core_mulmul_9.hw.xilinx_u280_xdma_201920_3/link/int/xo/ip_repo/xilinx_com_hls_krnl_vaddmul_1_0 --messageDb /home/ziyuanwang/hbm/Vitis_Accel_Examples/performance/hbm_bandwidth_pseudo_random/_x_4core_mulmul_9.hw.xilinx_u280_xdma_201920_3/link/run_link/vpl.pb /home/ziyuanwang/hbm/Vitis_Accel_Examples/performance/hbm_bandwidth_pseudo_random/_x_4core_mulmul_9.hw.xilinx_u280_xdma_201920_3/link/int/dr.bd.tcl
INFO: [v++ 60-1454] Run Directory: /home/ziyuanwang/hbm/Vitis_Accel_Examples/performance/hbm_bandwidth_pseudo_random/_x_4core_mulmul_9.hw.xilinx_u280_xdma_201920_3/link/run_link

****** vpl v2021.2 (64-bit)
  **** SW Build 3363252 on 2021-10-14-04:41:01
    ** Copyright 1986-2020 Xilinx, Inc. All Rights Reserved.

INFO: [VPL 60-839] Read in kernel information from file '/home/ziyuanwang/hbm/Vitis_Accel_Examples/performance/hbm_bandwidth_pseudo_random/_x_4core_mulmul_9.hw.xilinx_u280_xdma_201920_3/link/int/kernel_info.dat'.
INFO: [VPL 74-78] Compiler Version string: 2021.2
INFO: [VPL 60-423]   Target device: xilinx_u280_xdma_201920_3
INFO: [VPL 60-1032] Extracting hardware platform to /home/ziyuanwang/hbm/Vitis_Accel_Examples/performance/hbm_bandwidth_pseudo_random/_x_4core_mulmul_9.hw.xilinx_u280_xdma_201920_3/link/vivado/vpl/.local/hw_platform
[20:05:22] Run vpl: Step create_project: Started
Creating Vivado project.
[20:05:50] Run vpl: Step create_project: Completed
[20:05:50] Run vpl: Step create_bd: Started
[20:07:10] Run vpl: Step create_bd: RUNNING...
[20:08:28] Run vpl: Step create_bd: RUNNING...
[20:09:45] Run vpl: Step create_bd: RUNNING...
[20:11:04] Run vpl: Step create_bd: RUNNING...
[20:12:21] Run vpl: Step create_bd: RUNNING...
[20:13:39] Run vpl: Step create_bd: RUNNING...
[20:14:57] Run vpl: Step create_bd: RUNNING...
[20:16:15] Run vpl: Step create_bd: RUNNING...
[20:17:33] Run vpl: Step create_bd: RUNNING...
[20:18:52] Run vpl: Step create_bd: RUNNING...
[20:20:09] Run vpl: Step create_bd: RUNNING...
[20:21:28] Run vpl: Step create_bd: RUNNING...
[20:22:47] Run vpl: Step create_bd: RUNNING...
[20:24:11] Run vpl: Step create_bd: RUNNING...
[20:25:35] Run vpl: Step create_bd: RUNNING...
[20:26:54] Run vpl: Step create_bd: RUNNING...
[20:28:11] Run vpl: Step create_bd: RUNNING...
[20:29:31] Run vpl: Step create_bd: RUNNING...
[20:30:48] Run vpl: Step create_bd: RUNNING...
[20:31:24] Run vpl: Step create_bd: Completed
[20:31:24] Run vpl: Step update_bd: Started
[20:31:30] Run vpl: Step update_bd: Completed
[20:31:30] Run vpl: Step generate_target: Started
[20:32:47] Run vpl: Step generate_target: RUNNING...
[20:34:05] Run vpl: Step generate_target: RUNNING...
[20:35:22] Run vpl: Step generate_target: RUNNING...
[20:36:40] Run vpl: Step generate_target: RUNNING...
[20:37:59] Run vpl: Step generate_target: RUNNING...
[20:39:18] Run vpl: Step generate_target: RUNNING...
[20:40:35] Run vpl: Step generate_target: RUNNING...
[20:41:51] Run vpl: Step generate_target: Completed
[20:41:51] Run vpl: Step config_hw_runs: Started
[20:42:20] Run vpl: Step config_hw_runs: Completed
[20:42:20] Run vpl: Step synth: Started
[20:43:25] Block-level synthesis in progress, 0 of 4 jobs complete, 1 job running.
[20:43:56] Block-level synthesis in progress, 0 of 4 jobs complete, 1 job running.
[20:44:28] Block-level synthesis in progress, 0 of 4 jobs complete, 1 job running.
[20:44:59] Block-level synthesis in progress, 0 of 4 jobs complete, 1 job running.
[20:45:30] Block-level synthesis in progress, 0 of 4 jobs complete, 1 job running.
[20:46:02] Block-level synthesis in progress, 0 of 4 jobs complete, 1 job running.
[20:46:33] Block-level synthesis in progress, 0 of 4 jobs complete, 1 job running.
[20:47:04] Block-level synthesis in progress, 0 of 4 jobs complete, 1 job running.
[20:47:35] Block-level synthesis in progress, 0 of 4 jobs complete, 1 job running.
[20:48:07] Block-level synthesis in progress, 0 of 4 jobs complete, 1 job running.
[20:48:38] Block-level synthesis in progress, 1 of 4 jobs complete, 0 jobs running.
[20:49:10] Block-level synthesis in progress, 4 of 4 jobs complete, 0 jobs running.
[20:49:41] Top-level synthesis in progress.
[20:50:12] Top-level synthesis in progress.
[20:50:43] Top-level synthesis in progress.
[20:51:15] Top-level synthesis in progress.
[20:51:56] Run vpl: Step synth: Completed
[20:51:56] Run vpl: Step impl: Started
[21:04:12] Finished 2nd of 6 tasks (FPGA linking synthesized kernels to platform). Elapsed time: 01h 08m 37s 

[21:04:12] Starting logic optimization..
[21:06:50] Phase 1 Retarget
[21:06:50] Phase 2 Constant propagation
[21:07:21] Phase 3 Sweep
[21:10:29] Phase 4 BUFG optimization
[21:10:29] Phase 5 Shift Register Optimization
[21:11:00] Phase 6 Post Processing Netlist
[21:14:08] Finished 3rd of 6 tasks (FPGA logic optimization). Elapsed time: 00h 09m 55s 

[21:14:08] Starting logic placement..
[21:15:10] Phase 1 Placer Initialization
[21:15:10] Phase 1.1 Placer Initialization Netlist Sorting
[21:21:25] Phase 1.2 IO Placement/ Clock Placement/ Build Placer Device
[21:22:59] Phase 1.3 Build Placer Netlist Model
[21:25:35] Phase 1.4 Constrain Clocks/Macros
[21:26:07] Phase 2 Global Placement
[21:26:07] Phase 2.1 Floorplanning
[21:26:38] Phase 2.1.1 Partition Driven Placement
[21:26:38] Phase 2.1.1.1 PBP: Partition Driven Placement
[21:27:41] Phase 2.1.1.2 PBP: Clock Region Placement
[21:28:44] Phase 2.1.1.3 PBP: Compute Congestion
[21:28:44] Phase 2.1.1.4 PBP: UpdateTiming
[21:29:16] Phase 2.1.1.5 PBP: Add part constraints
[21:29:47] Phase 2.2 Physical Synthesis After Floorplan
[21:30:50] Phase 2.3 Update Timing before SLR Path Opt
[21:30:50] Phase 2.4 Post-Processing in Floorplanning
[21:30:50] Phase 2.5 Global Placement Core
[21:44:26] Phase 2.5.1 Physical Synthesis In Placer
[21:49:08] Phase 3 Detail Placement
[21:49:08] Phase 3.1 Commit Multi Column Macros
[21:49:08] Phase 3.2 Commit Most Macros & LUTRAMs
[21:50:43] Phase 3.3 Small Shape DP
[21:50:43] Phase 3.3.1 Small Shape Clustering
[21:50:43] Phase 3.3.2 Flow Legalize Slice Clusters
[21:51:14] Phase 3.3.3 Slice Area Swap
[21:52:17] Phase 3.4 Place Remaining
[21:52:17] Phase 3.5 Re-assign LUT pins
[21:53:20] Phase 3.6 Pipeline Register Optimization
[21:53:20] Phase 3.7 Fast Optimization
[21:54:54] Phase 4 Post Placement Optimization and Clean-Up
[21:54:54] Phase 4.1 Post Commit Optimization
[21:57:00] Phase 4.1.1 Post Placement Optimization
[21:57:32] Phase 4.1.1.1 BUFG Insertion
[21:57:32] Phase 1 Physical Synthesis Initialization
[21:58:05] Phase 4.1.1.2 BUFG Replication
[21:58:05] Phase 4.1.1.3 Post Placement Timing Optimization
[22:09:04] Phase 4.1.1.4 Replication
[22:10:39] Phase 4.2 Post Placement Cleanup
[22:10:39] Phase 4.3 Placer Reporting
[22:10:39] Phase 4.3.1 Print Estimated Congestion
[22:11:11] Phase 4.4 Final Placement Cleanup
[22:15:22] Finished 4th of 6 tasks (FPGA logic placement). Elapsed time: 01h 01m 14s 

[22:15:22] Starting logic routing..
[22:16:26] Phase 1 Build RT Design
[22:19:37] Phase 2 Router Initialization
[22:19:37] Phase 2.1 Fix Topology Constraints
[22:19:37] Phase 2.2 Pre Route Cleanup
[22:20:08] Phase 2.3 Global Clock Net Routing
[22:20:40] Phase 2.4 Update Timing
[22:23:50] Phase 2.5 Update Timing for Bus Skew
[22:23:50] Phase 2.5.1 Update Timing
[22:25:25] Phase 3 Initial Routing
[22:25:25] Phase 3.1 Global Routing
[22:26:59] Phase 4 Rip-up And Reroute
[22:26:59] Phase 4.1 Global Iteration 0
[22:47:00] Phase 4.2 Global Iteration 1
[22:53:52] Phase 4.3 Global Iteration 2
[22:58:36] Phase 5 Delay and Skew Optimization
[22:58:36] Phase 5.1 Delay CleanUp
[22:58:36] Phase 5.1.1 Update Timing
[23:00:11] Phase 5.2 Clock Skew Optimization
[23:00:43] Phase 6 Post Hold Fix
[23:00:43] Phase 6.1 Hold Fix Iter
[23:00:43] Phase 6.1.1 Update Timing
[23:02:18] Phase 6.1.2 Lut RouteThru Assignment for hold
[23:02:18] Phase 6.2 Additional Hold Fix
[23:04:56] Phase 7 Leaf Clock Prog Delay Opt
[23:06:32] Phase 8 Route finalize
[23:06:32] Phase 9 Verifying routed nets
[23:07:04] Phase 10 Depositing Routes
[23:07:36] Phase 11 Resolve XTalk
[23:08:07] Phase 12 Post Router Timing
[23:08:39] Finished 5th of 6 tasks (FPGA routing). Elapsed time: 00h 53m 16s 

[23:08:39] Starting bitstream generation..
[23:22:53] Creating bitmap...
[23:32:17] Writing bitstream ./pfm_top_i_dynamic_region_my_rm_partial.bit...
[23:32:17] Finished 6th of 6 tasks (FPGA bitstream generation). Elapsed time: 00h 23m 37s 
[23:32:16] Run vpl: Step impl: Completed
[23:32:18] Run vpl: FINISHED. Run Status: impl Complete!
INFO: [v++ 60-1441] [23:32:25] Run run_link: Step vpl: Completed
Time (s): cpu = 00:01:36 ; elapsed = 03:36:53 . Memory (MB): peak = 2062.191 ; gain = 0.000 ; free physical = 18012 ; free virtual = 489379
INFO: [v++ 60-1443] [23:32:25] Run run_link: Step rtdgen: Started
INFO: [v++ 60-1453] Command Line: rtdgen
INFO: [v++ 60-1454] Run Directory: /home/ziyuanwang/hbm/Vitis_Accel_Examples/performance/hbm_bandwidth_pseudo_random/_x_4core_mulmul_9.hw.xilinx_u280_xdma_201920_3/link/run_link
INFO: [v++ 60-991] clock name 'clkwiz_kernel_clk_out1' (clock ID '0') is being mapped to clock name 'DATA_CLK' in the xclbin
INFO: [v++ 60-991] clock name 'clkwiz_kernel2_clk_out1' (clock ID '1') is being mapped to clock name 'KERNEL_CLK' in the xclbin
INFO: [v++ 60-991] clock name 'clk_out1_pfm_top_clkwiz_hbm_aclk_0' (clock ID '') is being mapped to clock name 'clk_out1_pfm_top_clkwiz_hbm_aclk_0' in the xclbin
INFO: [v++ 60-1230] The compiler selected the following frequencies for the runtime controllable kernel clock(s) and scalable system clock(s): System (SYSTEM) clock: clk_out1_pfm_top_clkwiz_hbm_aclk_0 = 450, Kernel (DATA) clock: clkwiz_kernel_clk_out1 = 300, Kernel (KERNEL) clock: clkwiz_kernel2_clk_out1 = 500
INFO: [v++ 60-1453] Command Line: cf2sw -a /home/ziyuanwang/hbm/Vitis_Accel_Examples/performance/hbm_bandwidth_pseudo_random/_x_4core_mulmul_9.hw.xilinx_u280_xdma_201920_3/link/int/address_map.xml -sdsl /home/ziyuanwang/hbm/Vitis_Accel_Examples/performance/hbm_bandwidth_pseudo_random/_x_4core_mulmul_9.hw.xilinx_u280_xdma_201920_3/link/int/sdsl.dat -xclbin /home/ziyuanwang/hbm/Vitis_Accel_Examples/performance/hbm_bandwidth_pseudo_random/_x_4core_mulmul_9.hw.xilinx_u280_xdma_201920_3/link/int/xclbin_orig.xml -rtd /home/ziyuanwang/hbm/Vitis_Accel_Examples/performance/hbm_bandwidth_pseudo_random/_x_4core_mulmul_9.hw.xilinx_u280_xdma_201920_3/link/int/krnl_vaddmul.link.rtd -o /home/ziyuanwang/hbm/Vitis_Accel_Examples/performance/hbm_bandwidth_pseudo_random/_x_4core_mulmul_9.hw.xilinx_u280_xdma_201920_3/link/int/krnl_vaddmul.link.xml
INFO: [v++ 60-1652] Cf2sw returned exit code: 0
INFO: [v++ 60-1441] [23:32:33] Run run_link: Step rtdgen: Completed
Time (s): cpu = 00:00:06 ; elapsed = 00:00:08 . Memory (MB): peak = 2062.191 ; gain = 0.000 ; free physical = 17976 ; free virtual = 489342
INFO: [v++ 60-1443] [23:32:33] Run run_link: Step xclbinutil: Started
INFO: [v++ 60-1453] Command Line: xclbinutil --add-section DEBUG_IP_LAYOUT:JSON:/home/ziyuanwang/hbm/Vitis_Accel_Examples/performance/hbm_bandwidth_pseudo_random/_x_4core_mulmul_9.hw.xilinx_u280_xdma_201920_3/link/int/debug_ip_layout.rtd --add-section BITSTREAM:RAW:/home/ziyuanwang/hbm/Vitis_Accel_Examples/performance/hbm_bandwidth_pseudo_random/_x_4core_mulmul_9.hw.xilinx_u280_xdma_201920_3/link/int/partial.bit --force --target hw --key-value SYS:dfx_enable:true --add-section :JSON:/home/ziyuanwang/hbm/Vitis_Accel_Examples/performance/hbm_bandwidth_pseudo_random/_x_4core_mulmul_9.hw.xilinx_u280_xdma_201920_3/link/int/krnl_vaddmul.link.rtd --append-section :JSON:/home/ziyuanwang/hbm/Vitis_Accel_Examples/performance/hbm_bandwidth_pseudo_random/_x_4core_mulmul_9.hw.xilinx_u280_xdma_201920_3/link/int/appendSection.rtd --add-section CLOCK_FREQ_TOPOLOGY:JSON:/home/ziyuanwang/hbm/Vitis_Accel_Examples/performance/hbm_bandwidth_pseudo_random/_x_4core_mulmul_9.hw.xilinx_u280_xdma_201920_3/link/int/krnl_vaddmul.link_xml.rtd --add-section BUILD_METADATA:JSON:/home/ziyuanwang/hbm/Vitis_Accel_Examples/performance/hbm_bandwidth_pseudo_random/_x_4core_mulmul_9.hw.xilinx_u280_xdma_201920_3/link/int/krnl_vaddmul.link_build.rtd --add-section EMBEDDED_METADATA:RAW:/home/ziyuanwang/hbm/Vitis_Accel_Examples/performance/hbm_bandwidth_pseudo_random/_x_4core_mulmul_9.hw.xilinx_u280_xdma_201920_3/link/int/krnl_vaddmul.link.xml --add-section SYSTEM_METADATA:RAW:/home/ziyuanwang/hbm/Vitis_Accel_Examples/performance/hbm_bandwidth_pseudo_random/_x_4core_mulmul_9.hw.xilinx_u280_xdma_201920_3/link/int/systemDiagramModelSlrBaseAddress.json --output /home/ziyuanwang/hbm/Vitis_Accel_Examples/performance/hbm_bandwidth_pseudo_random/./build_dir_4core_mulmul_9.hw.xilinx_u280_xdma_201920_3/krnl_vaddmul.link.xclbin
INFO: [v++ 60-1454] Run Directory: /home/ziyuanwang/hbm/Vitis_Accel_Examples/performance/hbm_bandwidth_pseudo_random/_x_4core_mulmul_9.hw.xilinx_u280_xdma_201920_3/link/run_link
XRT Build Version: 2.14.354 (2022.2)
       Build Date: 2022-10-08 09:49:58
          Hash ID: 43926231f7183688add2dccfd391b36a1f000bea
Creating a default 'in-memory' xclbin image.

Section: 'DEBUG_IP_LAYOUT'(9) was successfully added.
Size   : 296 bytes
Format : JSON
File   : '/home/ziyuanwang/hbm/Vitis_Accel_Examples/performance/hbm_bandwidth_pseudo_random/_x_4core_mulmul_9.hw.xilinx_u280_xdma_201920_3/link/int/debug_ip_layout.rtd'

Section: 'BITSTREAM'(0) was successfully added.
Size   : 48841815 bytes
Format : RAW
File   : '/home/ziyuanwang/hbm/Vitis_Accel_Examples/performance/hbm_bandwidth_pseudo_random/_x_4core_mulmul_9.hw.xilinx_u280_xdma_201920_3/link/int/partial.bit'

Section: 'MEM_TOPOLOGY'(6) was successfully added.
Format : JSON
File   : 'mem_topology'

Section: 'IP_LAYOUT'(8) was successfully added.
Format : JSON
File   : 'ip_layout'

Section: 'CONNECTIVITY'(7) was successfully added.
Format : JSON
File   : 'connectivity'

Section: 'CLOCK_FREQ_TOPOLOGY'(11) was successfully added.
Size   : 410 bytes
Format : JSON
File   : '/home/ziyuanwang/hbm/Vitis_Accel_Examples/performance/hbm_bandwidth_pseudo_random/_x_4core_mulmul_9.hw.xilinx_u280_xdma_201920_3/link/int/krnl_vaddmul.link_xml.rtd'

Section: 'BUILD_METADATA'(14) was successfully added.
Size   : 4469 bytes
Format : JSON
File   : '/home/ziyuanwang/hbm/Vitis_Accel_Examples/performance/hbm_bandwidth_pseudo_random/_x_4core_mulmul_9.hw.xilinx_u280_xdma_201920_3/link/int/krnl_vaddmul.link_build.rtd'

Section: 'EMBEDDED_METADATA'(2) was successfully added.
Size   : 8130 bytes
Format : RAW
File   : '/home/ziyuanwang/hbm/Vitis_Accel_Examples/performance/hbm_bandwidth_pseudo_random/_x_4core_mulmul_9.hw.xilinx_u280_xdma_201920_3/link/int/krnl_vaddmul.link.xml'

Section: 'SYSTEM_METADATA'(22) was successfully added.
Size   : 23935 bytes
Format : RAW
File   : '/home/ziyuanwang/hbm/Vitis_Accel_Examples/performance/hbm_bandwidth_pseudo_random/_x_4core_mulmul_9.hw.xilinx_u280_xdma_201920_3/link/int/systemDiagramModelSlrBaseAddress.json'

Section: 'IP_LAYOUT'(8) was successfully appended to.
Format : JSON
File   : 'ip_layout'
Successfully wrote (48909643 bytes) to the output file: /home/ziyuanwang/hbm/Vitis_Accel_Examples/performance/hbm_bandwidth_pseudo_random/./build_dir_4core_mulmul_9.hw.xilinx_u280_xdma_201920_3/krnl_vaddmul.link.xclbin
Leaving xclbinutil.
INFO: [v++ 60-1441] [23:32:35] Run run_link: Step xclbinutil: Completed
Time (s): cpu = 00:00:00.11 ; elapsed = 00:00:02 . Memory (MB): peak = 2062.191 ; gain = 0.000 ; free physical = 17954 ; free virtual = 489367
INFO: [v++ 60-1443] [23:32:35] Run run_link: Step xclbinutilinfo: Started
INFO: [v++ 60-1453] Command Line: xclbinutil --quiet --force --info /home/ziyuanwang/hbm/Vitis_Accel_Examples/performance/hbm_bandwidth_pseudo_random/./build_dir_4core_mulmul_9.hw.xilinx_u280_xdma_201920_3/krnl_vaddmul.link.xclbin.info --input /home/ziyuanwang/hbm/Vitis_Accel_Examples/performance/hbm_bandwidth_pseudo_random/./build_dir_4core_mulmul_9.hw.xilinx_u280_xdma_201920_3/krnl_vaddmul.link.xclbin
INFO: [v++ 60-1454] Run Directory: /home/ziyuanwang/hbm/Vitis_Accel_Examples/performance/hbm_bandwidth_pseudo_random/_x_4core_mulmul_9.hw.xilinx_u280_xdma_201920_3/link/run_link
INFO: [v++ 60-1441] [23:32:36] Run run_link: Step xclbinutilinfo: Completed
Time (s): cpu = 00:00:00.72 ; elapsed = 00:00:01 . Memory (MB): peak = 2062.191 ; gain = 0.000 ; free physical = 17962 ; free virtual = 489376
INFO: [v++ 60-1443] [23:32:36] Run run_link: Step generate_sc_driver: Started
INFO: [v++ 60-1453] Command Line: 
INFO: [v++ 60-1454] Run Directory: /home/ziyuanwang/hbm/Vitis_Accel_Examples/performance/hbm_bandwidth_pseudo_random/_x_4core_mulmul_9.hw.xilinx_u280_xdma_201920_3/link/run_link
INFO: [v++ 60-1441] [23:32:36] Run run_link: Step generate_sc_driver: Completed
Time (s): cpu = 00:00:00 ; elapsed = 00:00:00.20 . Memory (MB): peak = 2062.191 ; gain = 0.000 ; free physical = 17967 ; free virtual = 489380
INFO: [v++ 60-244] Generating system estimate report...
INFO: [v++ 60-1092] Generated system estimate report: /home/ziyuanwang/hbm/Vitis_Accel_Examples/performance/hbm_bandwidth_pseudo_random/_x_4core_mulmul_9.hw.xilinx_u280_xdma_201920_3/reports/link/system_estimate_krnl_vaddmul.link.xtxt
INFO: [v++ 60-586] Created /home/ziyuanwang/hbm/Vitis_Accel_Examples/performance/hbm_bandwidth_pseudo_random/build_dir_4core_mulmul_9.hw.xilinx_u280_xdma_201920_3/krnl_vaddmul.link.ltx
INFO: [v++ 60-586] Created ./build_dir_4core_mulmul_9.hw.xilinx_u280_xdma_201920_3/krnl_vaddmul.link.xclbin
INFO: [v++ 60-1307] Run completed. Additional information can be found in:
	Guidance: /home/ziyuanwang/hbm/Vitis_Accel_Examples/performance/hbm_bandwidth_pseudo_random/_x_4core_mulmul_9.hw.xilinx_u280_xdma_201920_3/reports/link/v++_link_krnl_vaddmul.link_guidance.html
	Timing Report: /home/ziyuanwang/hbm/Vitis_Accel_Examples/performance/hbm_bandwidth_pseudo_random/_x_4core_mulmul_9.hw.xilinx_u280_xdma_201920_3/reports/link/imp/impl_1_xilinx_u280_xdma_201920_3_bb_locked_timing_summary_routed.rpt
	Vivado Log: /home/ziyuanwang/hbm/Vitis_Accel_Examples/performance/hbm_bandwidth_pseudo_random/_x_4core_mulmul_9.hw.xilinx_u280_xdma_201920_3/logs/link/vivado.log
	Steps Log File: /home/ziyuanwang/hbm/Vitis_Accel_Examples/performance/hbm_bandwidth_pseudo_random/_x_4core_mulmul_9.hw.xilinx_u280_xdma_201920_3/logs/link/link.steps.log

INFO: [v++ 60-2343] Use the vitis_analyzer tool to visualize and navigate the relevant reports. Run the following command. 
    vitis_analyzer /home/ziyuanwang/hbm/Vitis_Accel_Examples/performance/hbm_bandwidth_pseudo_random/build_dir_4core_mulmul_9.hw.xilinx_u280_xdma_201920_3/krnl_vaddmul.link.xclbin.link_summary 
INFO: [v++ 60-791] Total elapsed time: 3h 38m 29s
