Copyright 1986-2021 Xilinx, Inc. All Rights Reserved.
------------------------------------------------------------------------------------------
| Tool Version : Vivado v.2021.2 (lin64) Build 3367213 Tue Oct 19 02:47:39 MDT 2021
| Date         : Sat Dec  7 19:07:25 2024
| Host         : hacc-gpu0 running 64-bit Ubuntu 20.04.6 LTS
| Command      : report_utilization -slr -file slr_util_routed.rpt -pb slr_util_routed.pb
| Design       : pfm_top_wrapper
| Device       : xcu280-fsvh2892-2L-e
| Speed File   : -2L
| Design State : Routed
------------------------------------------------------------------------------------------

Utilization Design Information

Table of Contents
-----------------
1. SLR Connectivity
2. SLR Connectivity Matrix
3. SLR CLB Logic and Dedicated Block Utilization
4. SLR IO Utilization

1. SLR Connectivity
-------------------

+----------------------------------+-------+-------+-----------+-------+
|                                  |  Used | Fixed | Available | Util% |
+----------------------------------+-------+-------+-----------+-------+
| SLR2 <-> SLR1                    | 10404 |       |     23040 | 45.16 |
|   SLR1 -> SLR2                   |  6002 |       |           | 26.05 |
|     Using TX_REG only            |   267 |     1 |           |       |
|     Using RX_REG only            |   284 |    18 |           |       |
|     Using Both TX_REG and RX_REG |   267 |     1 |           |       |
|   SLR2 -> SLR1                   |  4402 |       |           | 19.11 |
|     Using TX_REG only            |   407 |     0 |           |       |
|     Using RX_REG only            |   413 |     4 |           |       |
|     Using Both TX_REG and RX_REG |   407 |     0 |           |       |
| SLR1 <-> SLR0                    | 12010 |       |     23040 | 52.13 |
|   SLR0 -> SLR1                   |  7589 |       |           | 32.94 |
|     Using TX_REG only            |   382 |    71 |           |       |
|     Using RX_REG only            |   372 |    61 |           |       |
|     Using Both TX_REG and RX_REG |   366 |    55 |           |       |
|   SLR1 -> SLR0                   |  4421 |       |           | 19.19 |
|     Using TX_REG only            |   441 |    62 |           |       |
|     Using RX_REG only            |   451 |    71 |           |       |
|     Using Both TX_REG and RX_REG |   439 |    60 |           |       |
+----------------------------------+-------+-------+-----------+-------+
| Total SLLs Used                  | 22414 |       |           |       |
+----------------------------------+-------+-------+-----------+-------+


2. SLR Connectivity Matrix
--------------------------

+-----------+------+------+------+
| FROM \ TO | SLR2 | SLR1 | SLR0 |
+-----------+------+------+------+
| SLR2      |    0 | 4124 |  278 |
| SLR1      | 5811 |    0 | 4143 |
| SLR0      |  191 | 7398 |    0 |
+-----------+------+------+------+


3. SLR CLB Logic and Dedicated Block Utilization
------------------------------------------------

+----------------------------+--------+--------+--------+--------+--------+--------+
|          Site Type         |  SLR0  |  SLR1  |  SLR2  | SLR0 % | SLR1 % | SLR2 % |
+----------------------------+--------+--------+--------+--------+--------+--------+
| CLB                        |  18492 |  42596 |  25634 |  33.65 |  78.88 |  47.47 |
|   CLBL                     |   9568 |  22216 |  13282 |  32.68 |  75.87 |  45.36 |
|   CLBM                     |   8924 |  20380 |  12352 |  34.75 |  82.44 |  49.97 |
| CLB LUTs                   |  70867 | 198725 | 117000 |  16.12 |  46.00 |  27.08 |
|   LUT as Logic             |  56977 | 148613 |  88893 |  12.96 |  34.40 |  20.58 |
|     using O5 output only   |   1964 |   1016 |   1571 |   0.45 |   0.24 |   0.36 |
|     using O6 output only   |  33953 | 110006 |  57813 |   7.72 |  25.46 |  13.38 |
|     using O5 and O6        |  21060 |  37591 |  29509 |   4.79 |   8.70 |   6.83 |
|   LUT as Memory            |  13890 |  50112 |  28107 |   6.76 |  25.34 |  14.21 |
|     LUT as Distributed RAM |  11248 |   5073 |   3958 |   5.48 |   2.57 |   2.00 |
|       using O5 output only |      0 |      0 |      0 |   0.00 |   0.00 |   0.00 |
|       using O6 output only |    120 |    731 |     90 |   0.06 |   0.37 |   0.05 |
|       using O5 and O6      |  11128 |   4342 |   3868 |   5.42 |   2.20 |   1.96 |
|     LUT as Shift Register  |   2642 |  45039 |  24149 |   1.29 |  22.77 |  12.21 |
|       using O5 output only |      0 |      0 |      0 |   0.00 |   0.00 |   0.00 |
|       using O6 output only |   1741 |  39543 |  21039 |   0.85 |  20.00 |  10.64 |
|       using O5 and O6      |    901 |   5496 |   3110 |   0.44 |   2.78 |   1.57 |
| CLB Registers              | 125891 | 227863 | 145231 |  14.32 |  26.37 |  16.81 |
| CARRY8                     |    736 |   4192 |   1641 |   1.34 |   7.76 |   3.04 |
| F7 Muxes                   |   1006 |  25735 |  15900 |   0.46 |  11.91 |   7.36 |
| F8 Muxes                   |    109 |    142 |     47 |   0.10 |   0.13 |   0.04 |
| F9 Muxes                   |      0 |      0 |      0 |   0.00 |   0.00 |   0.00 |
| Block RAM Tile             |    120 |    487 |    274 |  17.86 |  72.47 |  40.77 |
|   RAMB36/FIFO              |    116 |    460 |    260 |  17.26 |  68.45 |  38.69 |
|     RAMB36E2 only          |    116 |    460 |    260 |  17.26 |  68.45 |  38.69 |
|   RAMB18                   |      8 |     54 |     28 |   0.60 |   4.02 |   2.08 |
|     RAMB18E2 only          |      8 |     54 |     28 |   0.60 |   4.02 |   2.08 |
| URAM                       |      0 |    320 |    320 |   0.00 | 100.00 | 100.00 |
| DSPs                       |      3 |    259 |    132 |   0.10 |   8.43 |   4.30 |
| Unique Control Sets        |   4015 |   4032 |   4085 |   3.65 |   3.73 |   3.78 |
+----------------------------+--------+--------+--------+--------+--------+--------+
* Note: Available Control Sets based on CLB Registers / 8


4. SLR IO Utilization
---------------------

+-----------+-----------+---------+------------+----------+------------+----------+-----+
| SLR Index | Used IOBs | (%)IOBs | Used IPADs | (%)IPADs | Used OPADs | (%)OPADs | GTs |
+-----------+-----------+---------+------------+----------+------------+----------+-----+
| SLR2      |        18 |    8.65 |          0 |     0.00 |          0 |     0.00 |   0 |
| SLR1      |         0 |    0.00 |          0 |     0.00 |          0 |     0.00 |   0 |
| SLR0      |       140 |   67.31 |          0 |     0.00 |          0 |     0.00 |  16 |
+-----------+-----------+---------+------------+----------+------------+----------+-----+
| Total     |       158 |         |          0 |          |          0 |          |  16 |
+-----------+-----------+---------+------------+----------+------------+----------+-----+


