Copyright 1986-2021 Xilinx, Inc. All Rights Reserved.
----------------------------------------------------------------------------------------------------------------------------------------------------------------------------------------
| Tool Version : Vivado v.2021.2 (lin64) Build 3367213 Tue Oct 19 02:47:39 MDT 2021
| Date         : Mon Nov 18 22:58:32 2024
| Host         : hacc-gpu0 running 64-bit Ubuntu 20.04.6 LTS
| Command      : report_accelerator_utilization -kernels { krnl_vadd:pfm_top_i/dynamic_region/krnl_vadd_1/inst:krnl_vadd_1} -file kernel_util_routed.rpt -name kernel_util_routed -json
| Design       : pfm_top_wrapper
| Device       : xcu280
| Design State : Routed
----------------------------------------------------------------------------------------------------------------------------------------------------------------------------------------

Accelerator Utilization Design Information

Table of Contents
-----------------
1. System Utilization

1. System Utilization
---------------------

+---------------------+-------------------+------------------+-------------------+----------------+---------------+----------------+
| Name                | LUT               | LUTAsMem         | REG               | BRAM           | URAM          | DSP            |
+---------------------+-------------------+------------------+-------------------+----------------+---------------+----------------+
| Platform            |  104107 [  7.99%] |  10550 [  1.76%] |  152483 [  5.85%] |  202 [ 10.02%] |   0 [  0.00%] |    4 [  0.04%] |
| User Budget         | 1198613 [100.00%] | 589930 [100.00%] | 2454877 [100.00%] | 1814 [100.00%] | 960 [100.00%] | 9020 [100.00%] |
|    Used Resources   |    6717 [  0.56%] |    984 [  0.17%] |   12395 [  0.50%] |   23 [  1.27%] |   0 [  0.00%] |    4 [  0.04%] |
|    Unused Resources | 1191896 [ 99.44%] | 588946 [ 99.83%] | 2442482 [ 99.50%] | 1791 [ 98.73%] | 960 [100.00%] | 9016 [ 99.96%] |
| krnl_vadd           |    6717 [  0.56%] |    984 [  0.17%] |   12395 [  0.50%] |   23 [  1.27%] |   0 [  0.00%] |    4 [  0.04%] |
|    krnl_vadd_1      |    6717 [  0.56%] |    984 [  0.17%] |   12395 [  0.50%] |   23 [  1.27%] |   0 [  0.00%] |    4 [  0.04%] |
+---------------------+-------------------+------------------+-------------------+----------------+---------------+----------------+


