INFO: [v++ 60-1306] Additional information associated with this v++ link can be found at:
	Reports: /home/ziyuanwang/hbm/Vitis_Accel_Examples/performance/hbm_bandwidth/_x_3cores_double0addmin_12.hw.xilinx_u280_xdma_201920_3/reports/link
	Log files: /home/ziyuanwang/hbm/Vitis_Accel_Examples/performance/hbm_bandwidth/_x_3cores_double0addmin_12.hw.xilinx_u280_xdma_201920_3/logs/link
INFO: [v++ 60-1548] Creating build summary session with primary output /home/ziyuanwang/hbm/Vitis_Accel_Examples/performance/hbm_bandwidth/build_dir_3cores_double0addmin_12.hw.xilinx_u280_xdma_201920_3/krnl_vaddmul.link.xclbin.link_summary, at Fri Nov  8 01:01:35 2024
INFO: [v++ 60-1316] Initiating connection to rulecheck server, at Fri Nov  8 01:01:35 2024
INFO: [v++ 60-1315] Creating rulecheck session with output '/home/ziyuanwang/hbm/Vitis_Accel_Examples/performance/hbm_bandwidth/_x_3cores_double0addmin_12.hw.xilinx_u280_xdma_201920_3/reports/link/v++_link_krnl_vaddmul.link_guidance.html', at Fri Nov  8 01:01:38 2024
INFO: [v++ 60-895]   Target platform: /opt/xilinx/platforms/xilinx_u280_xdma_201920_3/xilinx_u280_xdma_201920_3.xpfm
INFO: [v++ 60-1578]   This platform contains Xilinx Shell Archive '/opt/xilinx/platforms/xilinx_u280_xdma_201920_3/hw/xilinx_u280_xdma_201920_3.xsa'
INFO: [v++ 74-78] Compiler Version string: 2021.2
INFO: [v++ 60-1302] Platform 'xilinx_u280_xdma_201920_3.xpfm' has been explicitly enabled for this release.
INFO: [v++ 60-629] Linking for hardware target
INFO: [v++ 60-423]   Target device: xilinx_u280_xdma_201920_3
INFO: [v++ 60-1332] Run 'run_link' status: Not started
INFO: [v++ 60-1443] [01:01:53] Run run_link: Step system_link: Started
INFO: [v++ 60-1453] Command Line: system_link --xo /home/ziyuanwang/hbm/Vitis_Accel_Examples/performance/hbm_bandwidth/_x_3cores_double0addmin_12.hw.xilinx_u280_xdma_201920_3/krnl_vaddmul.xo -keep --config /home/ziyuanwang/hbm/Vitis_Accel_Examples/performance/hbm_bandwidth/_x_3cores_double0addmin_12.hw.xilinx_u280_xdma_201920_3/link/int/syslinkConfig.ini --xpfm /opt/xilinx/platforms/xilinx_u280_xdma_201920_3/xilinx_u280_xdma_201920_3.xpfm --target hw --output_dir /home/ziyuanwang/hbm/Vitis_Accel_Examples/performance/hbm_bandwidth/_x_3cores_double0addmin_12.hw.xilinx_u280_xdma_201920_3/link/int --temp_dir /home/ziyuanwang/hbm/Vitis_Accel_Examples/performance/hbm_bandwidth/_x_3cores_double0addmin_12.hw.xilinx_u280_xdma_201920_3/link/sys_link
INFO: [v++ 60-1454] Run Directory: /home/ziyuanwang/hbm/Vitis_Accel_Examples/performance/hbm_bandwidth/_x_3cores_double0addmin_12.hw.xilinx_u280_xdma_201920_3/link/run_link
INFO: [SYSTEM_LINK 60-1316] Initiating connection to rulecheck server, at Fri Nov  8 01:01:56 2024
INFO: [SYSTEM_LINK 82-70] Extracting xo v3 file /home/ziyuanwang/hbm/Vitis_Accel_Examples/performance/hbm_bandwidth/_x_3cores_double0addmin_12.hw.xilinx_u280_xdma_201920_3/krnl_vaddmul.xo
INFO: [SYSTEM_LINK 82-53] Creating IP database /home/ziyuanwang/hbm/Vitis_Accel_Examples/performance/hbm_bandwidth/_x_3cores_double0addmin_12.hw.xilinx_u280_xdma_201920_3/link/sys_link/_sysl/.cdb/xd_ip_db.xml
INFO: [SYSTEM_LINK 82-38] [01:02:08] build_xd_ip_db started: /tools/Xilinx/Vitis/2021.2/bin/build_xd_ip_db -ip_search 0  -sds-pf /home/ziyuanwang/hbm/Vitis_Accel_Examples/performance/hbm_bandwidth/_x_3cores_double0addmin_12.hw.xilinx_u280_xdma_201920_3/link/sys_link/xilinx_u280_xdma_201920_3.hpfm -clkid 0 -ip /home/ziyuanwang/hbm/Vitis_Accel_Examples/performance/hbm_bandwidth/_x_3cores_double0addmin_12.hw.xilinx_u280_xdma_201920_3/link/sys_link/iprepo/xilinx_com_hls_krnl_vaddmul_1_0,krnl_vaddmul -o /home/ziyuanwang/hbm/Vitis_Accel_Examples/performance/hbm_bandwidth/_x_3cores_double0addmin_12.hw.xilinx_u280_xdma_201920_3/link/sys_link/_sysl/.cdb/xd_ip_db.xml
INFO: [SYSTEM_LINK 82-37] [01:02:16] build_xd_ip_db finished successfully
Time (s): cpu = 00:00:04 ; elapsed = 00:00:08 . Memory (MB): peak = 2167.246 ; gain = 0.000 ; free physical = 15447 ; free virtual = 489420
INFO: [SYSTEM_LINK 82-51] Create system connectivity graph
INFO: [SYSTEM_LINK 82-102] Applying explicit connections to the system connectivity graph: /home/ziyuanwang/hbm/Vitis_Accel_Examples/performance/hbm_bandwidth/_x_3cores_double0addmin_12.hw.xilinx_u280_xdma_201920_3/link/sys_link/cfgraph/cfgen_cfgraph.xml
INFO: [SYSTEM_LINK 82-38] [01:02:16] cfgen started: /tools/Xilinx/Vitis/2021.2/bin/cfgen  -nk krnl_vaddmul:3 -sp krnl_vaddmul_1.in1:HBM[0] -sp krnl_vaddmul_1.in2:HBM[1] -sp krnl_vaddmul_1.out_add:HBM[2] -sp krnl_vaddmul_1.out_mul:HBM[3] -sp krnl_vaddmul_2.in1:HBM[8] -sp krnl_vaddmul_2.in2:HBM[9] -sp krnl_vaddmul_2.out_add:HBM[10] -sp krnl_vaddmul_2.out_mul:HBM[11] -sp krnl_vaddmul_3.in1:HBM[28:31] -sp krnl_vaddmul_3.in2:HBM[28:31] -sp krnl_vaddmul_3.out_add:HBM[28:31] -sp krnl_vaddmul_3.out_mul:HBM[28:31] -dmclkid 0 -r /home/ziyuanwang/hbm/Vitis_Accel_Examples/performance/hbm_bandwidth/_x_3cores_double0addmin_12.hw.xilinx_u280_xdma_201920_3/link/sys_link/_sysl/.cdb/xd_ip_db.xml -o /home/ziyuanwang/hbm/Vitis_Accel_Examples/performance/hbm_bandwidth/_x_3cores_double0addmin_12.hw.xilinx_u280_xdma_201920_3/link/sys_link/cfgraph/cfgen_cfgraph.xml
INFO: [CFGEN 83-0] Kernel Specs: 
INFO: [CFGEN 83-0]   kernel: krnl_vaddmul, num: 3  {krnl_vaddmul_1 krnl_vaddmul_2 krnl_vaddmul_3}
INFO: [CFGEN 83-0] Port Specs: 
INFO: [CFGEN 83-0]   kernel: krnl_vaddmul_1, k_port: in1, sptag: HBM[0]
INFO: [CFGEN 83-0]   kernel: krnl_vaddmul_1, k_port: in2, sptag: HBM[1]
INFO: [CFGEN 83-0]   kernel: krnl_vaddmul_1, k_port: out_add, sptag: HBM[2]
INFO: [CFGEN 83-0]   kernel: krnl_vaddmul_1, k_port: out_mul, sptag: HBM[3]
INFO: [CFGEN 83-0]   kernel: krnl_vaddmul_2, k_port: in1, sptag: HBM[8]
INFO: [CFGEN 83-0]   kernel: krnl_vaddmul_2, k_port: in2, sptag: HBM[9]
INFO: [CFGEN 83-0]   kernel: krnl_vaddmul_2, k_port: out_add, sptag: HBM[10]
INFO: [CFGEN 83-0]   kernel: krnl_vaddmul_2, k_port: out_mul, sptag: HBM[11]
INFO: [CFGEN 83-0]   kernel: krnl_vaddmul_3, k_port: in1, sptag: HBM[28:31]
INFO: [CFGEN 83-0]   kernel: krnl_vaddmul_3, k_port: in2, sptag: HBM[28:31]
INFO: [CFGEN 83-0]   kernel: krnl_vaddmul_3, k_port: out_add, sptag: HBM[28:31]
INFO: [CFGEN 83-0]   kernel: krnl_vaddmul_3, k_port: out_mul, sptag: HBM[28:31]
INFO: [CFGEN 83-2228] Creating mapping for argument krnl_vaddmul_1.in1 to HBM[0] for directive krnl_vaddmul_1.in1:HBM[0]
INFO: [CFGEN 83-2228] Creating mapping for argument krnl_vaddmul_1.in2 to HBM[1] for directive krnl_vaddmul_1.in2:HBM[1]
INFO: [CFGEN 83-2228] Creating mapping for argument krnl_vaddmul_1.out_add to HBM[2] for directive krnl_vaddmul_1.out_add:HBM[2]
INFO: [CFGEN 83-2228] Creating mapping for argument krnl_vaddmul_1.out_mul to HBM[3] for directive krnl_vaddmul_1.out_mul:HBM[3]
INFO: [CFGEN 83-2228] Creating mapping for argument krnl_vaddmul_2.in1 to HBM[8] for directive krnl_vaddmul_2.in1:HBM[8]
INFO: [CFGEN 83-2228] Creating mapping for argument krnl_vaddmul_2.in2 to HBM[9] for directive krnl_vaddmul_2.in2:HBM[9]
INFO: [CFGEN 83-2228] Creating mapping for argument krnl_vaddmul_2.out_add to HBM[10] for directive krnl_vaddmul_2.out_add:HBM[10]
INFO: [CFGEN 83-2228] Creating mapping for argument krnl_vaddmul_2.out_mul to HBM[11] for directive krnl_vaddmul_2.out_mul:HBM[11]
INFO: [CFGEN 83-2228] Creating mapping for argument krnl_vaddmul_3.in1 to HBM[28:31] for directive krnl_vaddmul_3.in1:HBM[28:31]
INFO: [CFGEN 83-2228] Creating mapping for argument krnl_vaddmul_3.in2 to HBM[28:31] for directive krnl_vaddmul_3.in2:HBM[28:31]
INFO: [CFGEN 83-2228] Creating mapping for argument krnl_vaddmul_3.out_add to HBM[28:31] for directive krnl_vaddmul_3.out_add:HBM[28:31]
INFO: [CFGEN 83-2228] Creating mapping for argument krnl_vaddmul_3.out_mul to HBM[28:31] for directive krnl_vaddmul_3.out_mul:HBM[28:31]
INFO: [SYSTEM_LINK 82-37] [01:02:25] cfgen finished successfully
Time (s): cpu = 00:00:09 ; elapsed = 00:00:09 . Memory (MB): peak = 2167.246 ; gain = 0.000 ; free physical = 15381 ; free virtual = 489355
INFO: [SYSTEM_LINK 82-52] Create top-level block diagram
INFO: [SYSTEM_LINK 82-38] [01:02:25] cf2bd started: /tools/Xilinx/Vitis/2021.2/bin/cf2bd  --linux --trace_buffer 1024 --input_file /home/ziyuanwang/hbm/Vitis_Accel_Examples/performance/hbm_bandwidth/_x_3cores_double0addmin_12.hw.xilinx_u280_xdma_201920_3/link/sys_link/cfgraph/cfgen_cfgraph.xml --ip_db /home/ziyuanwang/hbm/Vitis_Accel_Examples/performance/hbm_bandwidth/_x_3cores_double0addmin_12.hw.xilinx_u280_xdma_201920_3/link/sys_link/_sysl/.cdb/xd_ip_db.xml --cf_name dr --working_dir /home/ziyuanwang/hbm/Vitis_Accel_Examples/performance/hbm_bandwidth/_x_3cores_double0addmin_12.hw.xilinx_u280_xdma_201920_3/link/sys_link/_sysl/.xsd --temp_dir /home/ziyuanwang/hbm/Vitis_Accel_Examples/performance/hbm_bandwidth/_x_3cores_double0addmin_12.hw.xilinx_u280_xdma_201920_3/link/sys_link --output_dir /home/ziyuanwang/hbm/Vitis_Accel_Examples/performance/hbm_bandwidth/_x_3cores_double0addmin_12.hw.xilinx_u280_xdma_201920_3/link/int --target_bd pfm_dynamic.bd
INFO: [CF2BD 82-31] Launching cf2xd: cf2xd -linux -trace-buffer 1024 -i /home/ziyuanwang/hbm/Vitis_Accel_Examples/performance/hbm_bandwidth/_x_3cores_double0addmin_12.hw.xilinx_u280_xdma_201920_3/link/sys_link/cfgraph/cfgen_cfgraph.xml -r /home/ziyuanwang/hbm/Vitis_Accel_Examples/performance/hbm_bandwidth/_x_3cores_double0addmin_12.hw.xilinx_u280_xdma_201920_3/link/sys_link/_sysl/.cdb/xd_ip_db.xml -o dr.xml
INFO: [CF2BD 82-28] cf2xd finished successfully
INFO: [CF2BD 82-31] Launching cf_xsd: cf_xsd -disable-address-gen -bd pfm_dynamic.bd -dn dr -dp /home/ziyuanwang/hbm/Vitis_Accel_Examples/performance/hbm_bandwidth/_x_3cores_double0addmin_12.hw.xilinx_u280_xdma_201920_3/link/sys_link/_sysl/.xsd
INFO: [CF2BD 82-28] cf_xsd finished successfully
INFO: [SYSTEM_LINK 82-37] [01:02:30] cf2bd finished successfully
Time (s): cpu = 00:00:04 ; elapsed = 00:00:05 . Memory (MB): peak = 2167.246 ; gain = 0.000 ; free physical = 14535 ; free virtual = 488513
INFO: [v++ 60-1441] [01:02:30] Run run_link: Step system_link: Completed
Time (s): cpu = 00:00:22 ; elapsed = 00:00:38 . Memory (MB): peak = 2062.191 ; gain = 0.000 ; free physical = 14579 ; free virtual = 488558
INFO: [v++ 60-1443] [01:02:30] Run run_link: Step cf2sw: Started
INFO: [v++ 60-1453] Command Line: cf2sw -sdsl /home/ziyuanwang/hbm/Vitis_Accel_Examples/performance/hbm_bandwidth/_x_3cores_double0addmin_12.hw.xilinx_u280_xdma_201920_3/link/int/sdsl.dat -rtd /home/ziyuanwang/hbm/Vitis_Accel_Examples/performance/hbm_bandwidth/_x_3cores_double0addmin_12.hw.xilinx_u280_xdma_201920_3/link/int/cf2sw.rtd -nofilter /home/ziyuanwang/hbm/Vitis_Accel_Examples/performance/hbm_bandwidth/_x_3cores_double0addmin_12.hw.xilinx_u280_xdma_201920_3/link/int/cf2sw_full.rtd -xclbin /home/ziyuanwang/hbm/Vitis_Accel_Examples/performance/hbm_bandwidth/_x_3cores_double0addmin_12.hw.xilinx_u280_xdma_201920_3/link/int/xclbin_orig.xml -o /home/ziyuanwang/hbm/Vitis_Accel_Examples/performance/hbm_bandwidth/_x_3cores_double0addmin_12.hw.xilinx_u280_xdma_201920_3/link/int/xclbin_orig.1.xml
INFO: [v++ 60-1454] Run Directory: /home/ziyuanwang/hbm/Vitis_Accel_Examples/performance/hbm_bandwidth/_x_3cores_double0addmin_12.hw.xilinx_u280_xdma_201920_3/link/run_link
INFO: [v++ 60-1441] [01:02:37] Run run_link: Step cf2sw: Completed
Time (s): cpu = 00:00:05 ; elapsed = 00:00:06 . Memory (MB): peak = 2062.191 ; gain = 0.000 ; free physical = 15426 ; free virtual = 489405
INFO: [v++ 60-1443] [01:02:37] Run run_link: Step rtd2_system_diagram: Started
INFO: [v++ 60-1453] Command Line: rtd2SystemDiagram
INFO: [v++ 60-1454] Run Directory: /home/ziyuanwang/hbm/Vitis_Accel_Examples/performance/hbm_bandwidth/_x_3cores_double0addmin_12.hw.xilinx_u280_xdma_201920_3/link/run_link
INFO: [v++ 60-1441] [01:02:38] Run run_link: Step rtd2_system_diagram: Completed
Time (s): cpu = 00:00:00 ; elapsed = 00:00:00.86 . Memory (MB): peak = 2062.191 ; gain = 0.000 ; free physical = 15480 ; free virtual = 489458
INFO: [v++ 60-1443] [01:02:38] Run run_link: Step vpl: Started
INFO: [v++ 60-1453] Command Line: vpl -t hw -f xilinx_u280_xdma_201920_3 --remote_ip_cache /home/ziyuanwang/hbm/Vitis_Accel_Examples/performance/hbm_bandwidth/.ipcache -s --output_dir /home/ziyuanwang/hbm/Vitis_Accel_Examples/performance/hbm_bandwidth/_x_3cores_double0addmin_12.hw.xilinx_u280_xdma_201920_3/link/int --log_dir /home/ziyuanwang/hbm/Vitis_Accel_Examples/performance/hbm_bandwidth/_x_3cores_double0addmin_12.hw.xilinx_u280_xdma_201920_3/logs/link --report_dir /home/ziyuanwang/hbm/Vitis_Accel_Examples/performance/hbm_bandwidth/_x_3cores_double0addmin_12.hw.xilinx_u280_xdma_201920_3/reports/link --config /home/ziyuanwang/hbm/Vitis_Accel_Examples/performance/hbm_bandwidth/_x_3cores_double0addmin_12.hw.xilinx_u280_xdma_201920_3/link/int/vplConfig.ini -k /home/ziyuanwang/hbm/Vitis_Accel_Examples/performance/hbm_bandwidth/_x_3cores_double0addmin_12.hw.xilinx_u280_xdma_201920_3/link/int/kernel_info.dat --webtalk_flag Vitis --temp_dir /home/ziyuanwang/hbm/Vitis_Accel_Examples/performance/hbm_bandwidth/_x_3cores_double0addmin_12.hw.xilinx_u280_xdma_201920_3/link --no-info --iprepo /home/ziyuanwang/hbm/Vitis_Accel_Examples/performance/hbm_bandwidth/_x_3cores_double0addmin_12.hw.xilinx_u280_xdma_201920_3/link/int/xo/ip_repo/xilinx_com_hls_krnl_vaddmul_1_0 --messageDb /home/ziyuanwang/hbm/Vitis_Accel_Examples/performance/hbm_bandwidth/_x_3cores_double0addmin_12.hw.xilinx_u280_xdma_201920_3/link/run_link/vpl.pb /home/ziyuanwang/hbm/Vitis_Accel_Examples/performance/hbm_bandwidth/_x_3cores_double0addmin_12.hw.xilinx_u280_xdma_201920_3/link/int/dr.bd.tcl
INFO: [v++ 60-1454] Run Directory: /home/ziyuanwang/hbm/Vitis_Accel_Examples/performance/hbm_bandwidth/_x_3cores_double0addmin_12.hw.xilinx_u280_xdma_201920_3/link/run_link

****** vpl v2021.2 (64-bit)
  **** SW Build 3363252 on 2021-10-14-04:41:01
    ** Copyright 1986-2020 Xilinx, Inc. All Rights Reserved.

INFO: [VPL 60-839] Read in kernel information from file '/home/ziyuanwang/hbm/Vitis_Accel_Examples/performance/hbm_bandwidth/_x_3cores_double0addmin_12.hw.xilinx_u280_xdma_201920_3/link/int/kernel_info.dat'.
INFO: [VPL 74-78] Compiler Version string: 2021.2
INFO: [VPL 60-423]   Target device: xilinx_u280_xdma_201920_3
INFO: [VPL 60-1032] Extracting hardware platform to /home/ziyuanwang/hbm/Vitis_Accel_Examples/performance/hbm_bandwidth/_x_3cores_double0addmin_12.hw.xilinx_u280_xdma_201920_3/link/vivado/vpl/.local/hw_platform
[01:12:02] Run vpl: Step create_project: Started
Creating Vivado project.
[01:12:19] Run vpl: Step create_project: Completed
[01:12:19] Run vpl: Step create_bd: Started
[01:13:38] Run vpl: Step create_bd: RUNNING...
[01:14:56] Run vpl: Step create_bd: RUNNING...
[01:16:14] Run vpl: Step create_bd: RUNNING...
[01:17:32] Run vpl: Step create_bd: RUNNING...
[01:18:50] Run vpl: Step create_bd: RUNNING...
[01:20:09] Run vpl: Step create_bd: RUNNING...
[01:21:26] Run vpl: Step create_bd: RUNNING...
[01:22:44] Run vpl: Step create_bd: RUNNING...
[01:22:56] Run vpl: Step create_bd: Completed
[01:22:56] Run vpl: Step update_bd: Started
[01:23:00] Run vpl: Step update_bd: Completed
[01:23:00] Run vpl: Step generate_target: Started
[01:24:18] Run vpl: Step generate_target: RUNNING...
[01:25:36] Run vpl: Step generate_target: RUNNING...
[01:26:06] Run vpl: Step generate_target: Completed
[01:26:06] Run vpl: Step config_hw_runs: Started
[01:26:25] Run vpl: Step config_hw_runs: Completed
[01:26:25] Run vpl: Step synth: Started
[01:26:57] Block-level synthesis in progress, 0 of 3 jobs complete, 1 job running.
[01:27:28] Block-level synthesis in progress, 0 of 3 jobs complete, 1 job running.
[01:27:59] Block-level synthesis in progress, 0 of 3 jobs complete, 1 job running.
[01:28:30] Block-level synthesis in progress, 0 of 3 jobs complete, 1 job running.
[01:29:01] Block-level synthesis in progress, 0 of 3 jobs complete, 1 job running.
[01:29:32] Block-level synthesis in progress, 0 of 3 jobs complete, 1 job running.
[01:30:03] Block-level synthesis in progress, 0 of 3 jobs complete, 1 job running.
[01:30:35] Block-level synthesis in progress, 0 of 3 jobs complete, 1 job running.
[01:31:05] Block-level synthesis in progress, 0 of 3 jobs complete, 1 job running.
[01:31:36] Block-level synthesis in progress, 0 of 3 jobs complete, 1 job running.
[01:32:07] Block-level synthesis in progress, 0 of 3 jobs complete, 1 job running.
[01:32:39] Block-level synthesis in progress, 0 of 3 jobs complete, 1 job running.
[01:33:10] Block-level synthesis in progress, 1 of 3 jobs complete, 0 jobs running.
[01:33:41] Block-level synthesis in progress, 3 of 3 jobs complete, 0 jobs running.
[01:34:12] Top-level synthesis in progress.
[01:34:43] Top-level synthesis in progress.
[01:35:14] Top-level synthesis in progress.
[01:35:26] Run vpl: Step synth: Completed
[01:35:26] Run vpl: Step impl: Started
[01:45:46] Finished 2nd of 6 tasks (FPGA linking synthesized kernels to platform). Elapsed time: 00h 43m 06s 

[01:45:46] Starting logic optimization..
[01:47:19] Phase 1 Retarget
[01:47:51] Phase 2 Constant propagation
[01:48:22] Phase 3 Sweep
[01:49:23] Phase 4 BUFG optimization
[01:49:23] Phase 5 Shift Register Optimization
[01:49:54] Phase 6 Post Processing Netlist
[01:52:30] Finished 3rd of 6 tasks (FPGA logic optimization). Elapsed time: 00h 06m 43s 

[01:52:30] Starting logic placement..
[01:54:04] Phase 1 Placer Initialization
[01:54:04] Phase 1.1 Placer Initialization Netlist Sorting
[01:59:13] Phase 1.2 IO Placement/ Clock Placement/ Build Placer Device
[02:00:15] Phase 1.3 Build Placer Netlist Model
[02:02:51] Phase 1.4 Constrain Clocks/Macros
[02:02:51] Phase 2 Global Placement
[02:02:51] Phase 2.1 Floorplanning
[02:03:53] Phase 2.1.1 Partition Driven Placement
[02:03:53] Phase 2.1.1.1 PBP: Partition Driven Placement
[02:04:55] Phase 2.1.1.2 PBP: Clock Region Placement
[02:05:58] Phase 2.1.1.3 PBP: Compute Congestion
[02:05:58] Phase 2.1.1.4 PBP: UpdateTiming
[02:06:29] Phase 2.1.1.5 PBP: Add part constraints
[02:07:00] Phase 2.2 Physical Synthesis After Floorplan
[02:08:02] Phase 2.3 Update Timing before SLR Path Opt
[02:08:02] Phase 2.4 Post-Processing in Floorplanning
[02:08:02] Phase 2.5 Global Placement Core
[02:22:04] Phase 2.5.1 Physical Synthesis In Placer
[02:26:45] Phase 3 Detail Placement
[02:26:45] Phase 3.1 Commit Multi Column Macros
[02:26:45] Phase 3.2 Commit Most Macros & LUTRAMs
[02:28:19] Phase 3.3 Small Shape DP
[02:28:19] Phase 3.3.1 Small Shape Clustering
[02:28:19] Phase 3.3.2 Flow Legalize Slice Clusters
[02:28:50] Phase 3.3.3 Slice Area Swap
[02:29:52] Phase 3.4 Place Remaining
[02:30:23] Phase 3.5 Re-assign LUT pins
[02:30:55] Phase 3.6 Pipeline Register Optimization
[02:30:55] Phase 3.7 Fast Optimization
[02:32:29] Phase 4 Post Placement Optimization and Clean-Up
[02:32:29] Phase 4.1 Post Commit Optimization
[02:34:35] Phase 4.1.1 Post Placement Optimization
[02:34:35] Phase 4.1.1.1 BUFG Insertion
[02:34:35] Phase 1 Physical Synthesis Initialization
[02:35:37] Phase 4.1.1.2 BUFG Replication
[02:35:37] Phase 4.1.1.3 Post Placement Timing Optimization
[02:39:15] Phase 4.1.1.4 Replication
[02:40:49] Phase 4.2 Post Placement Cleanup
[02:40:49] Phase 4.3 Placer Reporting
[02:40:49] Phase 4.3.1 Print Estimated Congestion
[02:41:20] Phase 4.4 Final Placement Cleanup
[02:44:59] Finished 4th of 6 tasks (FPGA logic placement). Elapsed time: 00h 52m 29s 

[02:44:59] Starting logic routing..
[02:46:33] Phase 1 Build RT Design
[02:50:15] Phase 2 Router Initialization
[02:50:15] Phase 2.1 Fix Topology Constraints
[02:50:15] Phase 2.2 Pre Route Cleanup
[02:50:46] Phase 2.3 Global Clock Net Routing
[02:51:17] Phase 2.4 Update Timing
[02:54:56] Phase 2.5 Update Timing for Bus Skew
[02:54:56] Phase 2.5.1 Update Timing
[02:55:59] Phase 3 Initial Routing
[02:55:59] Phase 3.1 Global Routing
[02:58:03] Phase 4 Rip-up And Reroute
[02:58:03] Phase 4.1 Global Iteration 0
[03:11:05] Phase 4.2 Global Iteration 1
[03:13:10] Phase 4.3 Global Iteration 2
[03:16:49] Phase 5 Delay and Skew Optimization
[03:16:49] Phase 5.1 Delay CleanUp
[03:16:49] Phase 5.1.1 Update Timing
[03:18:23] Phase 5.2 Clock Skew Optimization
[03:18:23] Phase 6 Post Hold Fix
[03:18:23] Phase 6.1 Hold Fix Iter
[03:18:23] Phase 6.1.1 Update Timing
[03:19:57] Phase 6.1.2 Lut RouteThru Assignment for hold
[03:19:57] Phase 6.2 Additional Hold Fix
[03:22:02] Phase 7 Leaf Clock Prog Delay Opt
[03:23:35] Phase 8 Route finalize
[03:23:35] Phase 9 Verifying routed nets
[03:24:06] Phase 10 Depositing Routes
[03:24:38] Phase 11 Resolve XTalk
[03:25:09] Phase 12 Post Router Timing
[03:25:09] Finished 5th of 6 tasks (FPGA routing). Elapsed time: 00h 40m 09s 

[03:25:09] Starting bitstream generation..
[03:38:14] Creating bitmap...
[03:47:38] Writing bitstream ./pfm_top_i_dynamic_region_my_rm_partial.bit...
[03:47:38] Finished 6th of 6 tasks (FPGA bitstream generation). Elapsed time: 00h 22m 29s 
[03:47:51] Run vpl: Step impl: Completed
[03:47:52] Run vpl: FINISHED. Run Status: impl Complete!
INFO: [v++ 60-1441] [03:47:56] Run run_link: Step vpl: Completed
Time (s): cpu = 00:01:14 ; elapsed = 02:45:18 . Memory (MB): peak = 2062.191 ; gain = 0.000 ; free physical = 17370 ; free virtual = 493675
INFO: [v++ 60-1443] [03:47:56] Run run_link: Step rtdgen: Started
INFO: [v++ 60-1453] Command Line: rtdgen
INFO: [v++ 60-1454] Run Directory: /home/ziyuanwang/hbm/Vitis_Accel_Examples/performance/hbm_bandwidth/_x_3cores_double0addmin_12.hw.xilinx_u280_xdma_201920_3/link/run_link
INFO: [v++ 60-991] clock name 'clkwiz_kernel_clk_out1' (clock ID '0') is being mapped to clock name 'DATA_CLK' in the xclbin
INFO: [v++ 60-991] clock name 'clkwiz_kernel2_clk_out1' (clock ID '1') is being mapped to clock name 'KERNEL_CLK' in the xclbin
INFO: [v++ 60-991] clock name 'clk_out1_pfm_top_clkwiz_hbm_aclk_0' (clock ID '') is being mapped to clock name 'clk_out1_pfm_top_clkwiz_hbm_aclk_0' in the xclbin
INFO: [v++ 60-1230] The compiler selected the following frequencies for the runtime controllable kernel clock(s) and scalable system clock(s): System (SYSTEM) clock: clk_out1_pfm_top_clkwiz_hbm_aclk_0 = 450, Kernel (DATA) clock: clkwiz_kernel_clk_out1 = 300, Kernel (KERNEL) clock: clkwiz_kernel2_clk_out1 = 500
INFO: [v++ 60-1453] Command Line: cf2sw -a /home/ziyuanwang/hbm/Vitis_Accel_Examples/performance/hbm_bandwidth/_x_3cores_double0addmin_12.hw.xilinx_u280_xdma_201920_3/link/int/address_map.xml -sdsl /home/ziyuanwang/hbm/Vitis_Accel_Examples/performance/hbm_bandwidth/_x_3cores_double0addmin_12.hw.xilinx_u280_xdma_201920_3/link/int/sdsl.dat -xclbin /home/ziyuanwang/hbm/Vitis_Accel_Examples/performance/hbm_bandwidth/_x_3cores_double0addmin_12.hw.xilinx_u280_xdma_201920_3/link/int/xclbin_orig.xml -rtd /home/ziyuanwang/hbm/Vitis_Accel_Examples/performance/hbm_bandwidth/_x_3cores_double0addmin_12.hw.xilinx_u280_xdma_201920_3/link/int/krnl_vaddmul.link.rtd -o /home/ziyuanwang/hbm/Vitis_Accel_Examples/performance/hbm_bandwidth/_x_3cores_double0addmin_12.hw.xilinx_u280_xdma_201920_3/link/int/krnl_vaddmul.link.xml
INFO: [v++ 60-1652] Cf2sw returned exit code: 0
INFO: [v++ 60-1441] [03:48:02] Run run_link: Step rtdgen: Completed
Time (s): cpu = 00:00:05 ; elapsed = 00:00:06 . Memory (MB): peak = 2062.191 ; gain = 0.000 ; free physical = 17355 ; free virtual = 493660
INFO: [v++ 60-1443] [03:48:02] Run run_link: Step xclbinutil: Started
INFO: [v++ 60-1453] Command Line: xclbinutil --add-section DEBUG_IP_LAYOUT:JSON:/home/ziyuanwang/hbm/Vitis_Accel_Examples/performance/hbm_bandwidth/_x_3cores_double0addmin_12.hw.xilinx_u280_xdma_201920_3/link/int/debug_ip_layout.rtd --add-section BITSTREAM:RAW:/home/ziyuanwang/hbm/Vitis_Accel_Examples/performance/hbm_bandwidth/_x_3cores_double0addmin_12.hw.xilinx_u280_xdma_201920_3/link/int/partial.bit --force --target hw --key-value SYS:dfx_enable:true --add-section :JSON:/home/ziyuanwang/hbm/Vitis_Accel_Examples/performance/hbm_bandwidth/_x_3cores_double0addmin_12.hw.xilinx_u280_xdma_201920_3/link/int/krnl_vaddmul.link.rtd --append-section :JSON:/home/ziyuanwang/hbm/Vitis_Accel_Examples/performance/hbm_bandwidth/_x_3cores_double0addmin_12.hw.xilinx_u280_xdma_201920_3/link/int/appendSection.rtd --add-section CLOCK_FREQ_TOPOLOGY:JSON:/home/ziyuanwang/hbm/Vitis_Accel_Examples/performance/hbm_bandwidth/_x_3cores_double0addmin_12.hw.xilinx_u280_xdma_201920_3/link/int/krnl_vaddmul.link_xml.rtd --add-section BUILD_METADATA:JSON:/home/ziyuanwang/hbm/Vitis_Accel_Examples/performance/hbm_bandwidth/_x_3cores_double0addmin_12.hw.xilinx_u280_xdma_201920_3/link/int/krnl_vaddmul.link_build.rtd --add-section EMBEDDED_METADATA:RAW:/home/ziyuanwang/hbm/Vitis_Accel_Examples/performance/hbm_bandwidth/_x_3cores_double0addmin_12.hw.xilinx_u280_xdma_201920_3/link/int/krnl_vaddmul.link.xml --add-section SYSTEM_METADATA:RAW:/home/ziyuanwang/hbm/Vitis_Accel_Examples/performance/hbm_bandwidth/_x_3cores_double0addmin_12.hw.xilinx_u280_xdma_201920_3/link/int/systemDiagramModelSlrBaseAddress.json --output /home/ziyuanwang/hbm/Vitis_Accel_Examples/performance/hbm_bandwidth/./build_dir_3cores_double0addmin_12.hw.xilinx_u280_xdma_201920_3/krnl_vaddmul.link.xclbin
INFO: [v++ 60-1454] Run Directory: /home/ziyuanwang/hbm/Vitis_Accel_Examples/performance/hbm_bandwidth/_x_3cores_double0addmin_12.hw.xilinx_u280_xdma_201920_3/link/run_link
XRT Build Version: 2.14.354 (2022.2)
       Build Date: 2022-10-08 09:49:58
          Hash ID: 43926231f7183688add2dccfd391b36a1f000bea
Creating a default 'in-memory' xclbin image.

Section: 'DEBUG_IP_LAYOUT'(9) was successfully added.
Size   : 296 bytes
Format : JSON
File   : '/home/ziyuanwang/hbm/Vitis_Accel_Examples/performance/hbm_bandwidth/_x_3cores_double0addmin_12.hw.xilinx_u280_xdma_201920_3/link/int/debug_ip_layout.rtd'

Section: 'BITSTREAM'(0) was successfully added.
Size   : 50561751 bytes
Format : RAW
File   : '/home/ziyuanwang/hbm/Vitis_Accel_Examples/performance/hbm_bandwidth/_x_3cores_double0addmin_12.hw.xilinx_u280_xdma_201920_3/link/int/partial.bit'

Section: 'MEM_TOPOLOGY'(6) was successfully added.
Format : JSON
File   : 'mem_topology'

Section: 'IP_LAYOUT'(8) was successfully added.
Format : JSON
File   : 'ip_layout'

Section: 'CONNECTIVITY'(7) was successfully added.
Format : JSON
File   : 'connectivity'

Section: 'CLOCK_FREQ_TOPOLOGY'(11) was successfully added.
Size   : 410 bytes
Format : JSON
File   : '/home/ziyuanwang/hbm/Vitis_Accel_Examples/performance/hbm_bandwidth/_x_3cores_double0addmin_12.hw.xilinx_u280_xdma_201920_3/link/int/krnl_vaddmul.link_xml.rtd'

Section: 'BUILD_METADATA'(14) was successfully added.
Size   : 3941 bytes
Format : JSON
File   : '/home/ziyuanwang/hbm/Vitis_Accel_Examples/performance/hbm_bandwidth/_x_3cores_double0addmin_12.hw.xilinx_u280_xdma_201920_3/link/int/krnl_vaddmul.link_build.rtd'

Section: 'EMBEDDED_METADATA'(2) was successfully added.
Size   : 5700 bytes
Format : RAW
File   : '/home/ziyuanwang/hbm/Vitis_Accel_Examples/performance/hbm_bandwidth/_x_3cores_double0addmin_12.hw.xilinx_u280_xdma_201920_3/link/int/krnl_vaddmul.link.xml'

Section: 'SYSTEM_METADATA'(22) was successfully added.
Size   : 25231 bytes
Format : RAW
File   : '/home/ziyuanwang/hbm/Vitis_Accel_Examples/performance/hbm_bandwidth/_x_3cores_double0addmin_12.hw.xilinx_u280_xdma_201920_3/link/int/systemDiagramModelSlrBaseAddress.json'

Section: 'IP_LAYOUT'(8) was successfully appended to.
Format : JSON
File   : 'ip_layout'
Successfully wrote (50628218 bytes) to the output file: /home/ziyuanwang/hbm/Vitis_Accel_Examples/performance/hbm_bandwidth/./build_dir_3cores_double0addmin_12.hw.xilinx_u280_xdma_201920_3/krnl_vaddmul.link.xclbin
Leaving xclbinutil.
INFO: [v++ 60-1441] [03:48:04] Run run_link: Step xclbinutil: Completed
Time (s): cpu = 00:00:00.09 ; elapsed = 00:00:02 . Memory (MB): peak = 2062.191 ; gain = 0.000 ; free physical = 17291 ; free virtual = 493644
INFO: [v++ 60-1443] [03:48:04] Run run_link: Step xclbinutilinfo: Started
INFO: [v++ 60-1453] Command Line: xclbinutil --quiet --force --info /home/ziyuanwang/hbm/Vitis_Accel_Examples/performance/hbm_bandwidth/./build_dir_3cores_double0addmin_12.hw.xilinx_u280_xdma_201920_3/krnl_vaddmul.link.xclbin.info --input /home/ziyuanwang/hbm/Vitis_Accel_Examples/performance/hbm_bandwidth/./build_dir_3cores_double0addmin_12.hw.xilinx_u280_xdma_201920_3/krnl_vaddmul.link.xclbin
INFO: [v++ 60-1454] Run Directory: /home/ziyuanwang/hbm/Vitis_Accel_Examples/performance/hbm_bandwidth/_x_3cores_double0addmin_12.hw.xilinx_u280_xdma_201920_3/link/run_link
INFO: [v++ 60-1441] [03:48:05] Run run_link: Step xclbinutilinfo: Completed
Time (s): cpu = 00:00:00.70 ; elapsed = 00:00:01 . Memory (MB): peak = 2062.191 ; gain = 0.000 ; free physical = 17305 ; free virtual = 493658
INFO: [v++ 60-1443] [03:48:05] Run run_link: Step generate_sc_driver: Started
INFO: [v++ 60-1453] Command Line: 
INFO: [v++ 60-1454] Run Directory: /home/ziyuanwang/hbm/Vitis_Accel_Examples/performance/hbm_bandwidth/_x_3cores_double0addmin_12.hw.xilinx_u280_xdma_201920_3/link/run_link
INFO: [v++ 60-1441] [03:48:05] Run run_link: Step generate_sc_driver: Completed
Time (s): cpu = 00:00:00 ; elapsed = 00:00:00.20 . Memory (MB): peak = 2062.191 ; gain = 0.000 ; free physical = 17306 ; free virtual = 493659
INFO: [v++ 60-244] Generating system estimate report...
INFO: [v++ 60-1092] Generated system estimate report: /home/ziyuanwang/hbm/Vitis_Accel_Examples/performance/hbm_bandwidth/_x_3cores_double0addmin_12.hw.xilinx_u280_xdma_201920_3/reports/link/system_estimate_krnl_vaddmul.link.xtxt
INFO: [v++ 60-586] Created /home/ziyuanwang/hbm/Vitis_Accel_Examples/performance/hbm_bandwidth/build_dir_3cores_double0addmin_12.hw.xilinx_u280_xdma_201920_3/krnl_vaddmul.link.ltx
INFO: [v++ 60-586] Created ./build_dir_3cores_double0addmin_12.hw.xilinx_u280_xdma_201920_3/krnl_vaddmul.link.xclbin
INFO: [v++ 60-1307] Run completed. Additional information can be found in:
	Guidance: /home/ziyuanwang/hbm/Vitis_Accel_Examples/performance/hbm_bandwidth/_x_3cores_double0addmin_12.hw.xilinx_u280_xdma_201920_3/reports/link/v++_link_krnl_vaddmul.link_guidance.html
	Timing Report: /home/ziyuanwang/hbm/Vitis_Accel_Examples/performance/hbm_bandwidth/_x_3cores_double0addmin_12.hw.xilinx_u280_xdma_201920_3/reports/link/imp/impl_1_xilinx_u280_xdma_201920_3_bb_locked_timing_summary_routed.rpt
	Vivado Log: /home/ziyuanwang/hbm/Vitis_Accel_Examples/performance/hbm_bandwidth/_x_3cores_double0addmin_12.hw.xilinx_u280_xdma_201920_3/logs/link/vivado.log
	Steps Log File: /home/ziyuanwang/hbm/Vitis_Accel_Examples/performance/hbm_bandwidth/_x_3cores_double0addmin_12.hw.xilinx_u280_xdma_201920_3/logs/link/link.steps.log

INFO: [v++ 60-2343] Use the vitis_analyzer tool to visualize and navigate the relevant reports. Run the following command. 
    vitis_analyzer /home/ziyuanwang/hbm/Vitis_Accel_Examples/performance/hbm_bandwidth/build_dir_3cores_double0addmin_12.hw.xilinx_u280_xdma_201920_3/krnl_vaddmul.link.xclbin.link_summary 
INFO: [v++ 60-791] Total elapsed time: 2h 46m 42s
