Copyright 1986-2021 Xilinx, Inc. All Rights Reserved.
------------------------------------------------------------------------------------------
| Tool Version : Vivado v.2021.2 (lin64) Build 3367213 Tue Oct 19 02:47:39 MDT 2021
| Date         : Fri Nov 29 03:21:23 2024
| Host         : hacc-gpu0 running 64-bit Ubuntu 20.04.6 LTS
| Command      : report_utilization -slr -file slr_util_placed.rpt -pb slr_util_placed.pb
| Design       : pfm_top_wrapper
| Device       : xcu280-fsvh2892-2L-e
| Speed File   : -2L
| Design State : Fully Placed
------------------------------------------------------------------------------------------

Utilization Design Information

Table of Contents
-----------------
1. SLR Connectivity
2. SLR Connectivity Matrix
3. SLR CLB Logic and Dedicated Block Utilization
4. SLR IO Utilization

1. SLR Connectivity
-------------------

+----------------------------------+-------+-------+-----------+-------+
|                                  |  Used | Fixed | Available | Util% |
+----------------------------------+-------+-------+-----------+-------+
| SLR2 <-> SLR1                    |  5967 |       |     23040 | 25.90 |
|   SLR1 -> SLR2                   |  3181 |       |           | 13.81 |
|     Using TX_REG only            |     1 |     1 |           |       |
|     Using RX_REG only            |    18 |    18 |           |       |
|     Using Both TX_REG and RX_REG |   267 |     1 |           |       |
|   SLR2 -> SLR1                   |  2786 |       |           | 12.09 |
|     Using TX_REG only            |     2 |     0 |           |       |
|     Using RX_REG only            |     4 |     4 |           |       |
|     Using Both TX_REG and RX_REG |   407 |     0 |           |       |
| SLR1 <-> SLR0                    |  8508 |       |     23040 | 36.93 |
|   SLR0 -> SLR1                   |  4405 |       |           | 19.12 |
|     Using TX_REG only            |    71 |    71 |           |       |
|     Using RX_REG only            |    61 |    61 |           |       |
|     Using Both TX_REG and RX_REG |   365 |    55 |           |       |
|   SLR1 -> SLR0                   |  4103 |       |           | 17.81 |
|     Using TX_REG only            |    62 |    62 |           |       |
|     Using RX_REG only            |    72 |    71 |           |       |
|     Using Both TX_REG and RX_REG |   441 |    60 |           |       |
+----------------------------------+-------+-------+-----------+-------+
| Total SLLs Used                  | 14475 |       |           |       |
+----------------------------------+-------+-------+-----------+-------+


2. SLR Connectivity Matrix
--------------------------

+-----------+------+------+------+
| FROM \ TO | SLR2 | SLR1 | SLR0 |
+-----------+------+------+------+
| SLR2      |    0 | 2614 |  172 |
| SLR1      | 2998 |    0 | 3931 |
| SLR0      |  183 | 4222 |    0 |
+-----------+------+------+------+


3. SLR CLB Logic and Dedicated Block Utilization
------------------------------------------------

+----------------------------+--------+--------+-------+--------+--------+--------+
|          Site Type         |  SLR0  |  SLR1  |  SLR2 | SLR0 % | SLR1 % | SLR2 % |
+----------------------------+--------+--------+-------+--------+--------+--------+
| CLB                        |  15202 |  28334 | 10409 |  27.66 |  52.47 |  19.28 |
|   CLBL                     |   7859 |  14779 |  5498 |  26.84 |  50.47 |  18.78 |
|   CLBM                     |   7343 |  13555 |  4911 |  28.59 |  54.83 |  19.87 |
| CLB LUTs                   |  59406 | 135980 | 46598 |  13.51 |  31.48 |  10.79 |
|   LUT as Logic             |  49890 | 105353 | 40110 |  11.35 |  24.39 |   9.28 |
|     using O5 output only   |   1601 |    849 |  1246 |   0.36 |   0.20 |   0.29 |
|     using O6 output only   |  30188 |  78534 | 23032 |   6.87 |  18.18 |   5.33 |
|     using O5 and O6        |  18101 |  25970 | 15832 |   4.12 |   6.01 |   3.66 |
|   LUT as Memory            |   9516 |  30627 |  6488 |   4.63 |  15.49 |   3.28 |
|     LUT as Distributed RAM |   6952 |   5073 |  3958 |   3.38 |   2.57 |   2.00 |
|       using O5 output only |      0 |      0 |     0 |   0.00 |   0.00 |   0.00 |
|       using O6 output only |     96 |    731 |    90 |   0.05 |   0.37 |   0.05 |
|       using O5 and O6      |   6856 |   4342 |  3868 |   3.34 |   2.20 |   1.96 |
|     LUT as Shift Register  |   2564 |  25554 |  2530 |   1.25 |  12.92 |   1.28 |
|       using O5 output only |      0 |      0 |     0 |   0.00 |   0.00 |   0.00 |
|       using O6 output only |   1663 |  22500 |  2400 |   0.81 |  11.38 |   1.21 |
|       using O5 and O6      |    901 |   3054 |   130 |   0.44 |   1.54 |   0.07 |
| CLB Registers              | 103128 | 153003 | 83123 |  11.73 |  17.71 |   9.62 |
| CARRY8                     |    652 |   2676 |   373 |   1.19 |   4.96 |   0.69 |
| F7 Muxes                   |   1006 |  14296 |  1055 |   0.46 |   6.62 |   0.49 |
| F8 Muxes                   |    109 |    142 |    47 |   0.10 |   0.13 |   0.04 |
| F9 Muxes                   |      0 |      0 |     0 |   0.00 |   0.00 |   0.00 |
| Block RAM Tile             |    120 |    478 |    94 |  17.86 |  71.13 |  13.99 |
|   RAMB36/FIFO              |    116 |    474 |    92 |  17.26 |  70.54 |  13.69 |
|     RAMB36E2 only          |    116 |    474 |    92 |  17.26 |  70.54 |  13.69 |
|   RAMB18                   |      8 |      8 |     4 |   0.60 |   0.60 |   0.30 |
|     RAMB18E2 only          |      8 |      8 |     4 |   0.60 |   0.60 |   0.30 |
| URAM                       |      0 |    242 |   126 |   0.00 |  75.63 |  39.38 |
| DSPs                       |      3 |    140 |     4 |   0.10 |   4.56 |   0.13 |
| Unique Control Sets        |   3569 |   3970 |  3143 |   3.25 |   3.68 |   2.91 |
+----------------------------+--------+--------+-------+--------+--------+--------+
* Note: Available Control Sets based on CLB Registers / 8


4. SLR IO Utilization
---------------------

+-----------+-----------+---------+------------+----------+------------+----------+-----+
| SLR Index | Used IOBs | (%)IOBs | Used IPADs | (%)IPADs | Used OPADs | (%)OPADs | GTs |
+-----------+-----------+---------+------------+----------+------------+----------+-----+
| SLR2      |        18 |    8.65 |          0 |     0.00 |          0 |     0.00 |   0 |
| SLR1      |         0 |    0.00 |          0 |     0.00 |          0 |     0.00 |   0 |
| SLR0      |       140 |   67.31 |          0 |     0.00 |          0 |     0.00 |  16 |
+-----------+-----------+---------+------------+----------+------------+----------+-----+
| Total     |       158 |         |          0 |          |          0 |          |  16 |
+-----------+-----------+---------+------------+----------+------------+----------+-----+


