Copyright 1986-2021 Xilinx, Inc. All Rights Reserved.
------------------------------------------------------------------------------------------------------------------------------------------------------------------------------------
| Tool Version : Vivado v.2021.2 (lin64) Build 3367213 Tue Oct 19 02:47:39 MDT 2021
| Date         : Fri Nov 29 01:53:10 2024
| Host         : hacc-gpu0 running 64-bit Ubuntu 20.04.6 LTS
| Command      : report_accelerator_utilization -kernels { overlay:pfm_top_i/dynamic_region/overlay_1/inst:overlay_1} -file kernel_util_synthed.rpt -name kernel_util_synthed -json
| Design       : pfm_top_wrapper
| Device       : xcu280
| Design State : Synthesized
------------------------------------------------------------------------------------------------------------------------------------------------------------------------------------

Accelerator Utilization Design Information

Table of Contents
-----------------
1. System Utilization

1. System Utilization
---------------------

+---------------------+-------------------+------------------+-------------------+----------------+---------------+----------------+
| Name                | LUT               | LUTAsMem         | REG               | BRAM           | URAM          | DSP            |
+---------------------+-------------------+------------------+-------------------+----------------+---------------+----------------+
| Platform            |  177341 [ 13.61%] |  24318 [  4.05%] |  254310 [  9.75%] |  303 [ 15.03%] |   0 [  0.00%] |    7 [  0.08%] |
| User Budget         | 1125379 [100.00%] | 576162 [100.00%] | 2353050 [100.00%] | 1713 [100.00%] | 960 [100.00%] | 9017 [100.00%] |
|    Used Resources   |   89714 [  7.97%] |  29011 [  5.04%] |   95541 [  4.06%] |  388 [ 22.65%] | 368 [ 38.33%] |  140 [  1.55%] |
|    Unused Resources | 1035665 [ 92.03%] | 547151 [ 94.96%] | 2257509 [ 95.94%] | 1325 [ 77.35%] | 592 [ 61.67%] | 8877 [ 98.45%] |
| overlay             |   89714 [  7.97%] |  29011 [  5.04%] |   95541 [  4.06%] |  388 [ 22.65%] | 368 [ 38.33%] |  140 [  1.55%] |
|    overlay_1        |   89714 [  7.97%] |  29011 [  5.04%] |   95541 [  4.06%] |  388 [ 22.65%] | 368 [ 38.33%] |  140 [  1.55%] |
+---------------------+-------------------+------------------+-------------------+----------------+---------------+----------------+


