INFO: [v++ 60-1306] Additional information associated with this v++ link can be found at:
	Reports: /home/ziyuanwang/hbm/Vitis_Accel_Examples/performance/hbm_bandwidth/_x_3cores_addadd_19.hw.xilinx_u280_xdma_201920_3/reports/link
	Log files: /home/ziyuanwang/hbm/Vitis_Accel_Examples/performance/hbm_bandwidth/_x_3cores_addadd_19.hw.xilinx_u280_xdma_201920_3/logs/link
INFO: [v++ 60-1548] Creating build summary session with primary output /home/ziyuanwang/hbm/Vitis_Accel_Examples/performance/hbm_bandwidth/build_dir_3cores_addadd_19.hw.xilinx_u280_xdma_201920_3/krnl_vaddmul.link.xclbin.link_summary, at Sun Nov 10 14:06:41 2024
INFO: [v++ 60-1316] Initiating connection to rulecheck server, at Sun Nov 10 14:06:44 2024
INFO: [v++ 60-1315] Creating rulecheck session with output '/home/ziyuanwang/hbm/Vitis_Accel_Examples/performance/hbm_bandwidth/_x_3cores_addadd_19.hw.xilinx_u280_xdma_201920_3/reports/link/v++_link_krnl_vaddmul.link_guidance.html', at Sun Nov 10 14:06:45 2024
INFO: [v++ 60-895]   Target platform: /opt/xilinx/platforms/xilinx_u280_xdma_201920_3/xilinx_u280_xdma_201920_3.xpfm
INFO: [v++ 60-1578]   This platform contains Xilinx Shell Archive '/opt/xilinx/platforms/xilinx_u280_xdma_201920_3/hw/xilinx_u280_xdma_201920_3.xsa'
INFO: [v++ 74-78] Compiler Version string: 2021.2
INFO: [v++ 60-1302] Platform 'xilinx_u280_xdma_201920_3.xpfm' has been explicitly enabled for this release.
INFO: [v++ 60-629] Linking for hardware target
INFO: [v++ 60-423]   Target device: xilinx_u280_xdma_201920_3
INFO: [v++ 60-1332] Run 'run_link' status: Not started
INFO: [v++ 60-1443] [14:07:05] Run run_link: Step system_link: Started
INFO: [v++ 60-1453] Command Line: system_link --xo /home/ziyuanwang/hbm/Vitis_Accel_Examples/performance/hbm_bandwidth/_x_3cores_addadd_19.hw.xilinx_u280_xdma_201920_3/krnl_vaddmul.xo -keep --config /home/ziyuanwang/hbm/Vitis_Accel_Examples/performance/hbm_bandwidth/_x_3cores_addadd_19.hw.xilinx_u280_xdma_201920_3/link/int/syslinkConfig.ini --xpfm /opt/xilinx/platforms/xilinx_u280_xdma_201920_3/xilinx_u280_xdma_201920_3.xpfm --target hw --output_dir /home/ziyuanwang/hbm/Vitis_Accel_Examples/performance/hbm_bandwidth/_x_3cores_addadd_19.hw.xilinx_u280_xdma_201920_3/link/int --temp_dir /home/ziyuanwang/hbm/Vitis_Accel_Examples/performance/hbm_bandwidth/_x_3cores_addadd_19.hw.xilinx_u280_xdma_201920_3/link/sys_link
INFO: [v++ 60-1454] Run Directory: /home/ziyuanwang/hbm/Vitis_Accel_Examples/performance/hbm_bandwidth/_x_3cores_addadd_19.hw.xilinx_u280_xdma_201920_3/link/run_link
INFO: [SYSTEM_LINK 60-1316] Initiating connection to rulecheck server, at Sun Nov 10 14:07:08 2024
INFO: [SYSTEM_LINK 82-70] Extracting xo v3 file /home/ziyuanwang/hbm/Vitis_Accel_Examples/performance/hbm_bandwidth/_x_3cores_addadd_19.hw.xilinx_u280_xdma_201920_3/krnl_vaddmul.xo
INFO: [SYSTEM_LINK 82-53] Creating IP database /home/ziyuanwang/hbm/Vitis_Accel_Examples/performance/hbm_bandwidth/_x_3cores_addadd_19.hw.xilinx_u280_xdma_201920_3/link/sys_link/_sysl/.cdb/xd_ip_db.xml
INFO: [SYSTEM_LINK 82-38] [14:08:04] build_xd_ip_db started: /tools/Xilinx/Vitis/2021.2/bin/build_xd_ip_db -ip_search 0  -sds-pf /home/ziyuanwang/hbm/Vitis_Accel_Examples/performance/hbm_bandwidth/_x_3cores_addadd_19.hw.xilinx_u280_xdma_201920_3/link/sys_link/xilinx_u280_xdma_201920_3.hpfm -clkid 0 -ip /home/ziyuanwang/hbm/Vitis_Accel_Examples/performance/hbm_bandwidth/_x_3cores_addadd_19.hw.xilinx_u280_xdma_201920_3/link/sys_link/iprepo/xilinx_com_hls_krnl_vaddmul_1_0,krnl_vaddmul -o /home/ziyuanwang/hbm/Vitis_Accel_Examples/performance/hbm_bandwidth/_x_3cores_addadd_19.hw.xilinx_u280_xdma_201920_3/link/sys_link/_sysl/.cdb/xd_ip_db.xml
INFO: [SYSTEM_LINK 82-37] [14:08:28] build_xd_ip_db finished successfully
Time (s): cpu = 00:00:04 ; elapsed = 00:00:24 . Memory (MB): peak = 2168.234 ; gain = 0.000 ; free physical = 39569 ; free virtual = 502459
INFO: [SYSTEM_LINK 82-51] Create system connectivity graph
INFO: [SYSTEM_LINK 82-102] Applying explicit connections to the system connectivity graph: /home/ziyuanwang/hbm/Vitis_Accel_Examples/performance/hbm_bandwidth/_x_3cores_addadd_19.hw.xilinx_u280_xdma_201920_3/link/sys_link/cfgraph/cfgen_cfgraph.xml
INFO: [SYSTEM_LINK 82-38] [14:08:28] cfgen started: /tools/Xilinx/Vitis/2021.2/bin/cfgen  -nk krnl_vaddmul:3 -sp krnl_vaddmul_1.in1:HBM[0] -sp krnl_vaddmul_1.in2:HBM[1] -sp krnl_vaddmul_1.out_add:HBM[2] -sp krnl_vaddmul_1.out_mul:HBM[3] -sp krnl_vaddmul_2.in1:HBM[4] -sp krnl_vaddmul_2.in2:HBM[5] -sp krnl_vaddmul_2.out_add:HBM[6] -sp krnl_vaddmul_2.out_mul:HBM[7] -sp krnl_vaddmul_3.in1:HBM[8] -sp krnl_vaddmul_3.in2:HBM[9] -sp krnl_vaddmul_3.out_add:HBM[10] -sp krnl_vaddmul_3.out_mul:HBM[11] -dmclkid 0 -r /home/ziyuanwang/hbm/Vitis_Accel_Examples/performance/hbm_bandwidth/_x_3cores_addadd_19.hw.xilinx_u280_xdma_201920_3/link/sys_link/_sysl/.cdb/xd_ip_db.xml -o /home/ziyuanwang/hbm/Vitis_Accel_Examples/performance/hbm_bandwidth/_x_3cores_addadd_19.hw.xilinx_u280_xdma_201920_3/link/sys_link/cfgraph/cfgen_cfgraph.xml
INFO: [CFGEN 83-0] Kernel Specs: 
INFO: [CFGEN 83-0]   kernel: krnl_vaddmul, num: 3  {krnl_vaddmul_1 krnl_vaddmul_2 krnl_vaddmul_3}
INFO: [CFGEN 83-0] Port Specs: 
INFO: [CFGEN 83-0]   kernel: krnl_vaddmul_1, k_port: in1, sptag: HBM[0]
INFO: [CFGEN 83-0]   kernel: krnl_vaddmul_1, k_port: in2, sptag: HBM[1]
INFO: [CFGEN 83-0]   kernel: krnl_vaddmul_1, k_port: out_add, sptag: HBM[2]
INFO: [CFGEN 83-0]   kernel: krnl_vaddmul_1, k_port: out_mul, sptag: HBM[3]
INFO: [CFGEN 83-0]   kernel: krnl_vaddmul_2, k_port: in1, sptag: HBM[4]
INFO: [CFGEN 83-0]   kernel: krnl_vaddmul_2, k_port: in2, sptag: HBM[5]
INFO: [CFGEN 83-0]   kernel: krnl_vaddmul_2, k_port: out_add, sptag: HBM[6]
INFO: [CFGEN 83-0]   kernel: krnl_vaddmul_2, k_port: out_mul, sptag: HBM[7]
INFO: [CFGEN 83-0]   kernel: krnl_vaddmul_3, k_port: in1, sptag: HBM[8]
INFO: [CFGEN 83-0]   kernel: krnl_vaddmul_3, k_port: in2, sptag: HBM[9]
INFO: [CFGEN 83-0]   kernel: krnl_vaddmul_3, k_port: out_add, sptag: HBM[10]
INFO: [CFGEN 83-0]   kernel: krnl_vaddmul_3, k_port: out_mul, sptag: HBM[11]
INFO: [CFGEN 83-2228] Creating mapping for argument krnl_vaddmul_1.in1 to HBM[0] for directive krnl_vaddmul_1.in1:HBM[0]
INFO: [CFGEN 83-2228] Creating mapping for argument krnl_vaddmul_1.in2 to HBM[1] for directive krnl_vaddmul_1.in2:HBM[1]
INFO: [CFGEN 83-2228] Creating mapping for argument krnl_vaddmul_1.out_add to HBM[2] for directive krnl_vaddmul_1.out_add:HBM[2]
INFO: [CFGEN 83-2228] Creating mapping for argument krnl_vaddmul_1.out_mul to HBM[3] for directive krnl_vaddmul_1.out_mul:HBM[3]
INFO: [CFGEN 83-2228] Creating mapping for argument krnl_vaddmul_2.in1 to HBM[4] for directive krnl_vaddmul_2.in1:HBM[4]
INFO: [CFGEN 83-2228] Creating mapping for argument krnl_vaddmul_2.in2 to HBM[5] for directive krnl_vaddmul_2.in2:HBM[5]
INFO: [CFGEN 83-2228] Creating mapping for argument krnl_vaddmul_2.out_add to HBM[6] for directive krnl_vaddmul_2.out_add:HBM[6]
INFO: [CFGEN 83-2228] Creating mapping for argument krnl_vaddmul_2.out_mul to HBM[7] for directive krnl_vaddmul_2.out_mul:HBM[7]
INFO: [CFGEN 83-2228] Creating mapping for argument krnl_vaddmul_3.in1 to HBM[8] for directive krnl_vaddmul_3.in1:HBM[8]
INFO: [CFGEN 83-2228] Creating mapping for argument krnl_vaddmul_3.in2 to HBM[9] for directive krnl_vaddmul_3.in2:HBM[9]
INFO: [CFGEN 83-2228] Creating mapping for argument krnl_vaddmul_3.out_add to HBM[10] for directive krnl_vaddmul_3.out_add:HBM[10]
INFO: [CFGEN 83-2228] Creating mapping for argument krnl_vaddmul_3.out_mul to HBM[11] for directive krnl_vaddmul_3.out_mul:HBM[11]
INFO: [SYSTEM_LINK 82-37] [14:08:36] cfgen finished successfully
Time (s): cpu = 00:00:07 ; elapsed = 00:00:08 . Memory (MB): peak = 2168.234 ; gain = 0.000 ; free physical = 39574 ; free virtual = 502464
INFO: [SYSTEM_LINK 82-52] Create top-level block diagram
INFO: [SYSTEM_LINK 82-38] [14:08:36] cf2bd started: /tools/Xilinx/Vitis/2021.2/bin/cf2bd  --linux --trace_buffer 1024 --input_file /home/ziyuanwang/hbm/Vitis_Accel_Examples/performance/hbm_bandwidth/_x_3cores_addadd_19.hw.xilinx_u280_xdma_201920_3/link/sys_link/cfgraph/cfgen_cfgraph.xml --ip_db /home/ziyuanwang/hbm/Vitis_Accel_Examples/performance/hbm_bandwidth/_x_3cores_addadd_19.hw.xilinx_u280_xdma_201920_3/link/sys_link/_sysl/.cdb/xd_ip_db.xml --cf_name dr --working_dir /home/ziyuanwang/hbm/Vitis_Accel_Examples/performance/hbm_bandwidth/_x_3cores_addadd_19.hw.xilinx_u280_xdma_201920_3/link/sys_link/_sysl/.xsd --temp_dir /home/ziyuanwang/hbm/Vitis_Accel_Examples/performance/hbm_bandwidth/_x_3cores_addadd_19.hw.xilinx_u280_xdma_201920_3/link/sys_link --output_dir /home/ziyuanwang/hbm/Vitis_Accel_Examples/performance/hbm_bandwidth/_x_3cores_addadd_19.hw.xilinx_u280_xdma_201920_3/link/int --target_bd pfm_dynamic.bd
INFO: [CF2BD 82-31] Launching cf2xd: cf2xd -linux -trace-buffer 1024 -i /home/ziyuanwang/hbm/Vitis_Accel_Examples/performance/hbm_bandwidth/_x_3cores_addadd_19.hw.xilinx_u280_xdma_201920_3/link/sys_link/cfgraph/cfgen_cfgraph.xml -r /home/ziyuanwang/hbm/Vitis_Accel_Examples/performance/hbm_bandwidth/_x_3cores_addadd_19.hw.xilinx_u280_xdma_201920_3/link/sys_link/_sysl/.cdb/xd_ip_db.xml -o dr.xml
INFO: [CF2BD 82-28] cf2xd finished successfully
INFO: [CF2BD 82-31] Launching cf_xsd: cf_xsd -disable-address-gen -bd pfm_dynamic.bd -dn dr -dp /home/ziyuanwang/hbm/Vitis_Accel_Examples/performance/hbm_bandwidth/_x_3cores_addadd_19.hw.xilinx_u280_xdma_201920_3/link/sys_link/_sysl/.xsd
INFO: [CF2BD 82-28] cf_xsd finished successfully
INFO: [SYSTEM_LINK 82-37] [14:08:43] cf2bd finished successfully
Time (s): cpu = 00:00:03 ; elapsed = 00:00:07 . Memory (MB): peak = 2168.234 ; gain = 0.000 ; free physical = 39563 ; free virtual = 502458
INFO: [v++ 60-1441] [14:08:43] Run run_link: Step system_link: Completed
Time (s): cpu = 00:00:19 ; elapsed = 00:01:39 . Memory (MB): peak = 2052.785 ; gain = 0.000 ; free physical = 39607 ; free virtual = 502502
INFO: [v++ 60-1443] [14:08:43] Run run_link: Step cf2sw: Started
INFO: [v++ 60-1453] Command Line: cf2sw -sdsl /home/ziyuanwang/hbm/Vitis_Accel_Examples/performance/hbm_bandwidth/_x_3cores_addadd_19.hw.xilinx_u280_xdma_201920_3/link/int/sdsl.dat -rtd /home/ziyuanwang/hbm/Vitis_Accel_Examples/performance/hbm_bandwidth/_x_3cores_addadd_19.hw.xilinx_u280_xdma_201920_3/link/int/cf2sw.rtd -nofilter /home/ziyuanwang/hbm/Vitis_Accel_Examples/performance/hbm_bandwidth/_x_3cores_addadd_19.hw.xilinx_u280_xdma_201920_3/link/int/cf2sw_full.rtd -xclbin /home/ziyuanwang/hbm/Vitis_Accel_Examples/performance/hbm_bandwidth/_x_3cores_addadd_19.hw.xilinx_u280_xdma_201920_3/link/int/xclbin_orig.xml -o /home/ziyuanwang/hbm/Vitis_Accel_Examples/performance/hbm_bandwidth/_x_3cores_addadd_19.hw.xilinx_u280_xdma_201920_3/link/int/xclbin_orig.1.xml
INFO: [v++ 60-1454] Run Directory: /home/ziyuanwang/hbm/Vitis_Accel_Examples/performance/hbm_bandwidth/_x_3cores_addadd_19.hw.xilinx_u280_xdma_201920_3/link/run_link
INFO: [v++ 60-1441] [14:08:51] Run run_link: Step cf2sw: Completed
Time (s): cpu = 00:00:05 ; elapsed = 00:00:08 . Memory (MB): peak = 2052.785 ; gain = 0.000 ; free physical = 39604 ; free virtual = 502499
INFO: [v++ 60-1443] [14:08:51] Run run_link: Step rtd2_system_diagram: Started
INFO: [v++ 60-1453] Command Line: rtd2SystemDiagram
INFO: [v++ 60-1454] Run Directory: /home/ziyuanwang/hbm/Vitis_Accel_Examples/performance/hbm_bandwidth/_x_3cores_addadd_19.hw.xilinx_u280_xdma_201920_3/link/run_link
INFO: [v++ 60-1441] [14:08:52] Run run_link: Step rtd2_system_diagram: Completed
Time (s): cpu = 00:00:00 ; elapsed = 00:00:00.88 . Memory (MB): peak = 2052.785 ; gain = 0.000 ; free physical = 39596 ; free virtual = 502491
INFO: [v++ 60-1443] [14:08:52] Run run_link: Step vpl: Started
INFO: [v++ 60-1453] Command Line: vpl -t hw -f xilinx_u280_xdma_201920_3 --remote_ip_cache /home/ziyuanwang/hbm/Vitis_Accel_Examples/performance/hbm_bandwidth/.ipcache -s --output_dir /home/ziyuanwang/hbm/Vitis_Accel_Examples/performance/hbm_bandwidth/_x_3cores_addadd_19.hw.xilinx_u280_xdma_201920_3/link/int --log_dir /home/ziyuanwang/hbm/Vitis_Accel_Examples/performance/hbm_bandwidth/_x_3cores_addadd_19.hw.xilinx_u280_xdma_201920_3/logs/link --report_dir /home/ziyuanwang/hbm/Vitis_Accel_Examples/performance/hbm_bandwidth/_x_3cores_addadd_19.hw.xilinx_u280_xdma_201920_3/reports/link --config /home/ziyuanwang/hbm/Vitis_Accel_Examples/performance/hbm_bandwidth/_x_3cores_addadd_19.hw.xilinx_u280_xdma_201920_3/link/int/vplConfig.ini -k /home/ziyuanwang/hbm/Vitis_Accel_Examples/performance/hbm_bandwidth/_x_3cores_addadd_19.hw.xilinx_u280_xdma_201920_3/link/int/kernel_info.dat --webtalk_flag Vitis --temp_dir /home/ziyuanwang/hbm/Vitis_Accel_Examples/performance/hbm_bandwidth/_x_3cores_addadd_19.hw.xilinx_u280_xdma_201920_3/link --no-info --iprepo /home/ziyuanwang/hbm/Vitis_Accel_Examples/performance/hbm_bandwidth/_x_3cores_addadd_19.hw.xilinx_u280_xdma_201920_3/link/int/xo/ip_repo/xilinx_com_hls_krnl_vaddmul_1_0 --messageDb /home/ziyuanwang/hbm/Vitis_Accel_Examples/performance/hbm_bandwidth/_x_3cores_addadd_19.hw.xilinx_u280_xdma_201920_3/link/run_link/vpl.pb /home/ziyuanwang/hbm/Vitis_Accel_Examples/performance/hbm_bandwidth/_x_3cores_addadd_19.hw.xilinx_u280_xdma_201920_3/link/int/dr.bd.tcl
INFO: [v++ 60-1454] Run Directory: /home/ziyuanwang/hbm/Vitis_Accel_Examples/performance/hbm_bandwidth/_x_3cores_addadd_19.hw.xilinx_u280_xdma_201920_3/link/run_link

****** vpl v2021.2 (64-bit)
  **** SW Build 3363252 on 2021-10-14-04:41:01
    ** Copyright 1986-2020 Xilinx, Inc. All Rights Reserved.

INFO: [VPL 60-839] Read in kernel information from file '/home/ziyuanwang/hbm/Vitis_Accel_Examples/performance/hbm_bandwidth/_x_3cores_addadd_19.hw.xilinx_u280_xdma_201920_3/link/int/kernel_info.dat'.
INFO: [VPL 74-78] Compiler Version string: 2021.2
INFO: [VPL 60-423]   Target device: xilinx_u280_xdma_201920_3
INFO: [VPL 60-1032] Extracting hardware platform to /home/ziyuanwang/hbm/Vitis_Accel_Examples/performance/hbm_bandwidth/_x_3cores_addadd_19.hw.xilinx_u280_xdma_201920_3/link/vivado/vpl/.local/hw_platform
[14:33:08] Run vpl: Step create_project: Started
Creating Vivado project.
[14:33:43] Run vpl: Step create_project: Completed
[14:33:43] Run vpl: Step create_bd: Started
[14:35:15] Run vpl: Step create_bd: RUNNING...
[14:36:42] Run vpl: Step create_bd: RUNNING...
[14:38:04] Run vpl: Step create_bd: RUNNING...
[14:39:30] Run vpl: Step create_bd: RUNNING...
[14:40:57] Run vpl: Step create_bd: RUNNING...
[14:42:16] Run vpl: Step create_bd: RUNNING...
[14:43:39] Run vpl: Step create_bd: RUNNING...
[14:44:59] Run vpl: Step create_bd: RUNNING...
[14:46:44] Run vpl: Step create_bd: RUNNING...
[14:48:09] Run vpl: Step create_bd: RUNNING...
[14:50:13] Run vpl: Step create_bd: RUNNING...
[14:52:04] Run vpl: Step create_bd: RUNNING...
[14:53:24] Run vpl: Step create_bd: RUNNING...
[14:54:48] Run vpl: Step create_bd: RUNNING...
[14:56:36] Run vpl: Step create_bd: RUNNING...
[14:57:55] Run vpl: Step create_bd: RUNNING...
[14:59:13] Run vpl: Step create_bd: RUNNING...
[15:00:54] Run vpl: Step create_bd: RUNNING...
[15:02:50] Run vpl: Step create_bd: RUNNING...
[15:04:24] Run vpl: Step create_bd: RUNNING...
[15:05:44] Run vpl: Step create_bd: RUNNING...
[15:07:39] Run vpl: Step create_bd: RUNNING...
[15:09:18] Run vpl: Step create_bd: RUNNING...
[15:11:11] Run vpl: Step create_bd: RUNNING...
[15:11:54] Run vpl: Step create_bd: Completed
[15:11:54] Run vpl: Step update_bd: Started
[15:12:00] Run vpl: Step update_bd: Completed
[15:12:00] Run vpl: Step generate_target: Started
[15:13:32] Run vpl: Step generate_target: RUNNING...
[15:15:31] Run vpl: Step generate_target: RUNNING...
[15:17:08] Run vpl: Step generate_target: RUNNING...
[15:18:54] Run vpl: Step generate_target: RUNNING...
[15:20:13] Run vpl: Step generate_target: RUNNING...
[15:22:21] Run vpl: Step generate_target: RUNNING...
[15:23:39] Run vpl: Step generate_target: RUNNING...
[15:25:16] Run vpl: Step generate_target: RUNNING...
[15:26:51] Run vpl: Step generate_target: RUNNING...
[15:27:26] Run vpl: Step generate_target: Completed
[15:27:27] Run vpl: Step config_hw_runs: Started
[15:28:57] Run vpl: Step config_hw_runs: RUNNING...
[15:29:06] Run vpl: Step config_hw_runs: Completed
[15:29:06] Run vpl: Step synth: Started
[15:31:59] Block-level synthesis in progress, 0 of 12 jobs complete, 8 jobs running.
[15:32:40] Block-level synthesis in progress, 0 of 12 jobs complete, 8 jobs running.
[15:33:13] Block-level synthesis in progress, 0 of 12 jobs complete, 8 jobs running.
[15:34:11] Block-level synthesis in progress, 0 of 12 jobs complete, 8 jobs running.
[15:34:48] Block-level synthesis in progress, 0 of 12 jobs complete, 8 jobs running.
[15:35:30] Block-level synthesis in progress, 0 of 12 jobs complete, 8 jobs running.
[15:36:07] Block-level synthesis in progress, 0 of 12 jobs complete, 8 jobs running.
[15:36:44] Block-level synthesis in progress, 0 of 12 jobs complete, 8 jobs running.
[15:37:21] Block-level synthesis in progress, 0 of 12 jobs complete, 8 jobs running.
[15:37:54] Block-level synthesis in progress, 0 of 12 jobs complete, 8 jobs running.
[15:38:32] Block-level synthesis in progress, 0 of 12 jobs complete, 8 jobs running.
[15:39:03] Block-level synthesis in progress, 8 of 12 jobs complete, 0 jobs running.
[15:39:35] Block-level synthesis in progress, 8 of 12 jobs complete, 2 jobs running.
[15:40:33] Block-level synthesis in progress, 8 of 12 jobs complete, 2 jobs running.
[15:41:13] Block-level synthesis in progress, 8 of 12 jobs complete, 2 jobs running.
[15:41:46] Block-level synthesis in progress, 8 of 12 jobs complete, 2 jobs running.
[15:42:25] Block-level synthesis in progress, 8 of 12 jobs complete, 2 jobs running.
[15:42:57] Block-level synthesis in progress, 8 of 12 jobs complete, 2 jobs running.
[15:44:06] Block-level synthesis in progress, 9 of 12 jobs complete, 1 job running.
[15:45:16] Block-level synthesis in progress, 9 of 12 jobs complete, 1 job running.
[15:45:49] Block-level synthesis in progress, 9 of 12 jobs complete, 1 job running.
[15:46:27] Block-level synthesis in progress, 9 of 12 jobs complete, 1 job running.
[15:47:02] Block-level synthesis in progress, 9 of 12 jobs complete, 1 job running.
[15:47:35] Block-level synthesis in progress, 9 of 12 jobs complete, 1 job running.
[15:48:10] Block-level synthesis in progress, 9 of 12 jobs complete, 1 job running.
[15:48:49] Block-level synthesis in progress, 10 of 12 jobs complete, 0 jobs running.
[15:49:20] Block-level synthesis in progress, 10 of 12 jobs complete, 2 jobs running.
[15:49:53] Block-level synthesis in progress, 12 of 12 jobs complete, 0 jobs running.
[15:50:40] Top-level synthesis in progress.
[15:51:14] Top-level synthesis in progress.
[15:51:46] Top-level synthesis in progress.
[15:52:31] Top-level synthesis in progress.
[15:53:08] Top-level synthesis in progress.
[15:53:34] Run vpl: Step synth: Completed
[15:53:34] Run vpl: Step impl: Started
[16:04:35] Finished 2nd of 6 tasks (FPGA linking synthesized kernels to platform). Elapsed time: 01h 55m 40s 

[16:04:35] Starting logic optimization..
[16:06:43] Phase 1 Retarget
[16:06:43] Phase 2 Constant propagation
[16:07:34] Phase 3 Sweep
[16:07:34] Phase 4 BUFG optimization
[16:08:08] Phase 5 Shift Register Optimization
[16:08:08] Phase 6 Post Processing Netlist
[16:10:55] Finished 3rd of 6 tasks (FPGA logic optimization). Elapsed time: 00h 06m 20s 

[16:10:55] Starting logic placement..
[16:12:15] Phase 1 Placer Initialization
[16:12:15] Phase 1.1 Placer Initialization Netlist Sorting
[16:16:15] Phase 1.2 IO Placement/ Clock Placement/ Build Placer Device
[16:17:24] Phase 1.3 Build Placer Netlist Model
[16:19:48] Phase 1.4 Constrain Clocks/Macros
[16:19:48] Phase 2 Global Placement
[16:19:48] Phase 2.1 Floorplanning
[16:21:13] Phase 2.1.1 Partition Driven Placement
[16:21:13] Phase 2.1.1.1 PBP: Partition Driven Placement
[16:22:21] Phase 2.1.1.2 PBP: Clock Region Placement
[16:24:03] Phase 2.1.1.3 PBP: Compute Congestion
[16:24:03] Phase 2.1.1.4 PBP: UpdateTiming
[16:24:03] Phase 2.1.1.5 PBP: Add part constraints
[16:24:03] Phase 2.2 Physical Synthesis After Floorplan
[16:25:19] Phase 2.3 Update Timing before SLR Path Opt
[16:25:19] Phase 2.4 Post-Processing in Floorplanning
[16:25:19] Phase 2.5 Global Placement Core
[16:37:24] Phase 2.5.1 Physical Synthesis In Placer
[16:42:48] Phase 3 Detail Placement
[16:42:48] Phase 3.1 Commit Multi Column Macros
[16:43:48] Phase 3.2 Commit Most Macros & LUTRAMs
[16:45:07] Phase 3.3 Small Shape DP
[16:45:07] Phase 3.3.1 Small Shape Clustering
[16:45:07] Phase 3.3.2 Flow Legalize Slice Clusters
[16:45:07] Phase 3.3.3 Slice Area Swap
[16:47:40] Phase 3.4 Place Remaining
[16:47:40] Phase 3.5 Re-assign LUT pins
[16:47:40] Phase 3.6 Pipeline Register Optimization
[16:47:40] Phase 3.7 Fast Optimization
[16:50:13] Phase 4 Post Placement Optimization and Clean-Up
[16:50:13] Phase 4.1 Post Commit Optimization
[16:52:05] Phase 4.1.1 Post Placement Optimization
[16:52:05] Phase 4.1.1.1 BUFG Insertion
[16:52:05] Phase 1 Physical Synthesis Initialization
[16:53:28] Phase 4.1.1.2 BUFG Replication
[16:53:28] Phase 4.1.1.3 Post Placement Timing Optimization
[17:08:36] Phase 4.1.1.4 Replication
[17:10:12] Phase 4.2 Post Placement Cleanup
[17:10:12] Phase 4.3 Placer Reporting
[17:10:12] Phase 4.3.1 Print Estimated Congestion
[17:10:44] Phase 4.4 Final Placement Cleanup
[17:15:00] Finished 4th of 6 tasks (FPGA logic placement). Elapsed time: 01h 04m 04s 

[17:15:00] Starting logic routing..
[17:16:37] Phase 1 Build RT Design
[17:19:19] Phase 2 Router Initialization
[17:19:19] Phase 2.1 Fix Topology Constraints
[17:19:51] Phase 2.2 Pre Route Cleanup
[17:19:51] Phase 2.3 Global Clock Net Routing
[17:20:23] Phase 2.4 Update Timing
[17:24:08] Phase 2.5 Update Timing for Bus Skew
[17:24:08] Phase 2.5.1 Update Timing
[17:25:44] Phase 3 Initial Routing
[17:25:44] Phase 3.1 Global Routing
[17:28:24] Phase 4 Rip-up And Reroute
[17:28:24] Phase 4.1 Global Iteration 0
[18:15:56] Phase 4.2 Global Iteration 1
[18:29:47] Phase 4.3 Global Iteration 2
[18:43:06] Phase 4.4 Global Iteration 3
[18:54:16] Phase 4.5 Global Iteration 4
[19:05:27] Phase 5 Delay and Skew Optimization
[19:05:27] Phase 5.1 Delay CleanUp
[19:05:27] Phase 5.1.1 Update Timing
[19:07:03] Phase 5.1.2 Update Timing
[19:08:39] Phase 5.2 Clock Skew Optimization
[19:08:39] Phase 6 Post Hold Fix
[19:08:39] Phase 6.1 Hold Fix Iter
[19:08:39] Phase 6.1.1 Update Timing
[19:10:48] Phase 6.1.2 Lut RouteThru Assignment for hold
[19:10:48] Phase 6.2 Additional Hold Fix
[19:13:27] Phase 7 Leaf Clock Prog Delay Opt
[19:17:43] Phase 7.1 Delay CleanUp
[19:17:43] Phase 7.1.1 Update Timing
[19:18:47] Phase 7.1.2 Update Timing
[19:20:23] Phase 7.2 Hold Fix Iter
[19:20:23] Phase 7.2.1 Update Timing
[19:21:59] Phase 7.2.2 Lut RouteThru Assignment for hold
[19:22:31] Phase 7.3 Additional Hold Fix
[19:26:46] Phase 7.4 Global Iteration for Hold
[19:26:46] Phase 7.4.1 Update Timing
[19:29:57] Phase 8 Route finalize
[19:29:57] Phase 9 Verifying routed nets
[19:30:28] Phase 10 Depositing Routes
[19:31:00] Phase 11 Resolve XTalk
[19:31:00] Phase 12 Post Router Timing
[19:33:11] Phase 13 Physical Synthesis in Router
[19:33:11] Phase 13.1 Physical Synthesis Initialization
[19:35:20] Phase 13.2 Critical Path Optimization
[19:36:56] Finished 5th of 6 tasks (FPGA routing). Elapsed time: 02h 21m 55s 

[19:36:56] Starting bitstream generation..
[19:51:56] Creating bitmap...
[20:00:23] Writing bitstream ./pfm_top_i_dynamic_region_my_rm_partial.bit...
[20:00:23] Finished 6th of 6 tasks (FPGA bitstream generation). Elapsed time: 00h 23m 26s 
[20:00:22] Run vpl: Step impl: Completed
[20:00:24] Run vpl: FINISHED. Run Status: impl Complete!
INFO: [v++ 60-1441] [20:00:33] Run run_link: Step vpl: Completed
Time (s): cpu = 00:02:50 ; elapsed = 05:51:41 . Memory (MB): peak = 2052.785 ; gain = 0.000 ; free physical = 32680 ; free virtual = 502249
INFO: [v++ 60-1443] [20:00:33] Run run_link: Step rtdgen: Started
INFO: [v++ 60-1453] Command Line: rtdgen
INFO: [v++ 60-1454] Run Directory: /home/ziyuanwang/hbm/Vitis_Accel_Examples/performance/hbm_bandwidth/_x_3cores_addadd_19.hw.xilinx_u280_xdma_201920_3/link/run_link
INFO: [v++ 60-991] clock name 'clkwiz_kernel_clk_out1' (clock ID '0') is being mapped to clock name 'DATA_CLK' in the xclbin
INFO: [v++ 60-991] clock name 'clkwiz_kernel2_clk_out1' (clock ID '1') is being mapped to clock name 'KERNEL_CLK' in the xclbin
INFO: [v++ 60-991] clock name 'clk_out1_pfm_top_clkwiz_hbm_aclk_0' (clock ID '') is being mapped to clock name 'clk_out1_pfm_top_clkwiz_hbm_aclk_0' in the xclbin
INFO: [v++ 60-1230] The compiler selected the following frequencies for the runtime controllable kernel clock(s) and scalable system clock(s): System (SYSTEM) clock: clk_out1_pfm_top_clkwiz_hbm_aclk_0 = 407, Kernel (DATA) clock: clkwiz_kernel_clk_out1 = 251, Kernel (KERNEL) clock: clkwiz_kernel2_clk_out1 = 500
INFO: [v++ 60-1453] Command Line: cf2sw -a /home/ziyuanwang/hbm/Vitis_Accel_Examples/performance/hbm_bandwidth/_x_3cores_addadd_19.hw.xilinx_u280_xdma_201920_3/link/int/address_map.xml -sdsl /home/ziyuanwang/hbm/Vitis_Accel_Examples/performance/hbm_bandwidth/_x_3cores_addadd_19.hw.xilinx_u280_xdma_201920_3/link/int/sdsl.dat -xclbin /home/ziyuanwang/hbm/Vitis_Accel_Examples/performance/hbm_bandwidth/_x_3cores_addadd_19.hw.xilinx_u280_xdma_201920_3/link/int/xclbin_orig.xml -rtd /home/ziyuanwang/hbm/Vitis_Accel_Examples/performance/hbm_bandwidth/_x_3cores_addadd_19.hw.xilinx_u280_xdma_201920_3/link/int/krnl_vaddmul.link.rtd -o /home/ziyuanwang/hbm/Vitis_Accel_Examples/performance/hbm_bandwidth/_x_3cores_addadd_19.hw.xilinx_u280_xdma_201920_3/link/int/krnl_vaddmul.link.xml
INFO: [v++ 60-1652] Cf2sw returned exit code: 0
INFO: [v++ 60-1441] [20:00:39] Run run_link: Step rtdgen: Completed
Time (s): cpu = 00:00:04 ; elapsed = 00:00:06 . Memory (MB): peak = 2052.785 ; gain = 0.000 ; free physical = 32679 ; free virtual = 502250
INFO: [v++ 60-1443] [20:00:39] Run run_link: Step xclbinutil: Started
INFO: [v++ 60-1453] Command Line: xclbinutil --add-section DEBUG_IP_LAYOUT:JSON:/home/ziyuanwang/hbm/Vitis_Accel_Examples/performance/hbm_bandwidth/_x_3cores_addadd_19.hw.xilinx_u280_xdma_201920_3/link/int/debug_ip_layout.rtd --add-section BITSTREAM:RAW:/home/ziyuanwang/hbm/Vitis_Accel_Examples/performance/hbm_bandwidth/_x_3cores_addadd_19.hw.xilinx_u280_xdma_201920_3/link/int/partial.bit --force --target hw --key-value SYS:dfx_enable:true --add-section :JSON:/home/ziyuanwang/hbm/Vitis_Accel_Examples/performance/hbm_bandwidth/_x_3cores_addadd_19.hw.xilinx_u280_xdma_201920_3/link/int/krnl_vaddmul.link.rtd --append-section :JSON:/home/ziyuanwang/hbm/Vitis_Accel_Examples/performance/hbm_bandwidth/_x_3cores_addadd_19.hw.xilinx_u280_xdma_201920_3/link/int/appendSection.rtd --add-section CLOCK_FREQ_TOPOLOGY:JSON:/home/ziyuanwang/hbm/Vitis_Accel_Examples/performance/hbm_bandwidth/_x_3cores_addadd_19.hw.xilinx_u280_xdma_201920_3/link/int/krnl_vaddmul.link_xml.rtd --add-section BUILD_METADATA:JSON:/home/ziyuanwang/hbm/Vitis_Accel_Examples/performance/hbm_bandwidth/_x_3cores_addadd_19.hw.xilinx_u280_xdma_201920_3/link/int/krnl_vaddmul.link_build.rtd --add-section EMBEDDED_METADATA:RAW:/home/ziyuanwang/hbm/Vitis_Accel_Examples/performance/hbm_bandwidth/_x_3cores_addadd_19.hw.xilinx_u280_xdma_201920_3/link/int/krnl_vaddmul.link.xml --add-section SYSTEM_METADATA:RAW:/home/ziyuanwang/hbm/Vitis_Accel_Examples/performance/hbm_bandwidth/_x_3cores_addadd_19.hw.xilinx_u280_xdma_201920_3/link/int/systemDiagramModelSlrBaseAddress.json --output /home/ziyuanwang/hbm/Vitis_Accel_Examples/performance/hbm_bandwidth/./build_dir_3cores_addadd_19.hw.xilinx_u280_xdma_201920_3/krnl_vaddmul.link.xclbin
INFO: [v++ 60-1454] Run Directory: /home/ziyuanwang/hbm/Vitis_Accel_Examples/performance/hbm_bandwidth/_x_3cores_addadd_19.hw.xilinx_u280_xdma_201920_3/link/run_link
XRT Build Version: 2.14.354 (2022.2)
       Build Date: 2022-10-08 09:49:58
          Hash ID: 43926231f7183688add2dccfd391b36a1f000bea
Creating a default 'in-memory' xclbin image.

Section: 'DEBUG_IP_LAYOUT'(9) was successfully added.
Size   : 296 bytes
Format : JSON
File   : '/home/ziyuanwang/hbm/Vitis_Accel_Examples/performance/hbm_bandwidth/_x_3cores_addadd_19.hw.xilinx_u280_xdma_201920_3/link/int/debug_ip_layout.rtd'

Section: 'BITSTREAM'(0) was successfully added.
Size   : 47743007 bytes
Format : RAW
File   : '/home/ziyuanwang/hbm/Vitis_Accel_Examples/performance/hbm_bandwidth/_x_3cores_addadd_19.hw.xilinx_u280_xdma_201920_3/link/int/partial.bit'

Section: 'MEM_TOPOLOGY'(6) was successfully added.
Format : JSON
File   : 'mem_topology'

Section: 'IP_LAYOUT'(8) was successfully added.
Format : JSON
File   : 'ip_layout'

Section: 'CONNECTIVITY'(7) was successfully added.
Format : JSON
File   : 'connectivity'

Section: 'CLOCK_FREQ_TOPOLOGY'(11) was successfully added.
Size   : 410 bytes
Format : JSON
File   : '/home/ziyuanwang/hbm/Vitis_Accel_Examples/performance/hbm_bandwidth/_x_3cores_addadd_19.hw.xilinx_u280_xdma_201920_3/link/int/krnl_vaddmul.link_xml.rtd'

Section: 'BUILD_METADATA'(14) was successfully added.
Size   : 4261 bytes
Format : JSON
File   : '/home/ziyuanwang/hbm/Vitis_Accel_Examples/performance/hbm_bandwidth/_x_3cores_addadd_19.hw.xilinx_u280_xdma_201920_3/link/int/krnl_vaddmul.link_build.rtd'

Section: 'EMBEDDED_METADATA'(2) was successfully added.
Size   : 7584 bytes
Format : RAW
File   : '/home/ziyuanwang/hbm/Vitis_Accel_Examples/performance/hbm_bandwidth/_x_3cores_addadd_19.hw.xilinx_u280_xdma_201920_3/link/int/krnl_vaddmul.link.xml'

Section: 'SYSTEM_METADATA'(22) was successfully added.
Size   : 21668 bytes
Format : RAW
File   : '/home/ziyuanwang/hbm/Vitis_Accel_Examples/performance/hbm_bandwidth/_x_3cores_addadd_19.hw.xilinx_u280_xdma_201920_3/link/int/systemDiagramModelSlrBaseAddress.json'

Section: 'IP_LAYOUT'(8) was successfully appended to.
Format : JSON
File   : 'ip_layout'
Successfully wrote (47806449 bytes) to the output file: /home/ziyuanwang/hbm/Vitis_Accel_Examples/performance/hbm_bandwidth/./build_dir_3cores_addadd_19.hw.xilinx_u280_xdma_201920_3/krnl_vaddmul.link.xclbin
Leaving xclbinutil.
INFO: [v++ 60-1441] [20:00:41] Run run_link: Step xclbinutil: Completed
Time (s): cpu = 00:00:00.09 ; elapsed = 00:00:02 . Memory (MB): peak = 2052.785 ; gain = 0.000 ; free physical = 32633 ; free virtual = 502250
INFO: [v++ 60-1443] [20:00:41] Run run_link: Step xclbinutilinfo: Started
INFO: [v++ 60-1453] Command Line: xclbinutil --quiet --force --info /home/ziyuanwang/hbm/Vitis_Accel_Examples/performance/hbm_bandwidth/./build_dir_3cores_addadd_19.hw.xilinx_u280_xdma_201920_3/krnl_vaddmul.link.xclbin.info --input /home/ziyuanwang/hbm/Vitis_Accel_Examples/performance/hbm_bandwidth/./build_dir_3cores_addadd_19.hw.xilinx_u280_xdma_201920_3/krnl_vaddmul.link.xclbin
INFO: [v++ 60-1454] Run Directory: /home/ziyuanwang/hbm/Vitis_Accel_Examples/performance/hbm_bandwidth/_x_3cores_addadd_19.hw.xilinx_u280_xdma_201920_3/link/run_link
INFO: [v++ 60-1441] [20:00:42] Run run_link: Step xclbinutilinfo: Completed
Time (s): cpu = 00:00:00.44 ; elapsed = 00:00:00.86 . Memory (MB): peak = 2052.785 ; gain = 0.000 ; free physical = 32633 ; free virtual = 502250
INFO: [v++ 60-1443] [20:00:42] Run run_link: Step generate_sc_driver: Started
INFO: [v++ 60-1453] Command Line: 
INFO: [v++ 60-1454] Run Directory: /home/ziyuanwang/hbm/Vitis_Accel_Examples/performance/hbm_bandwidth/_x_3cores_addadd_19.hw.xilinx_u280_xdma_201920_3/link/run_link
INFO: [v++ 60-1441] [20:00:42] Run run_link: Step generate_sc_driver: Completed
Time (s): cpu = 00:00:00 ; elapsed = 00:00:00.20 . Memory (MB): peak = 2052.785 ; gain = 0.000 ; free physical = 32633 ; free virtual = 502250
INFO: [v++ 60-244] Generating system estimate report...
INFO: [v++ 60-1092] Generated system estimate report: /home/ziyuanwang/hbm/Vitis_Accel_Examples/performance/hbm_bandwidth/_x_3cores_addadd_19.hw.xilinx_u280_xdma_201920_3/reports/link/system_estimate_krnl_vaddmul.link.xtxt
INFO: [v++ 60-586] Created /home/ziyuanwang/hbm/Vitis_Accel_Examples/performance/hbm_bandwidth/build_dir_3cores_addadd_19.hw.xilinx_u280_xdma_201920_3/krnl_vaddmul.link.ltx
INFO: [v++ 60-586] Created ./build_dir_3cores_addadd_19.hw.xilinx_u280_xdma_201920_3/krnl_vaddmul.link.xclbin
INFO: [v++ 60-1307] Run completed. Additional information can be found in:
	Guidance: /home/ziyuanwang/hbm/Vitis_Accel_Examples/performance/hbm_bandwidth/_x_3cores_addadd_19.hw.xilinx_u280_xdma_201920_3/reports/link/v++_link_krnl_vaddmul.link_guidance.html
	Timing Report: /home/ziyuanwang/hbm/Vitis_Accel_Examples/performance/hbm_bandwidth/_x_3cores_addadd_19.hw.xilinx_u280_xdma_201920_3/reports/link/imp/impl_1_xilinx_u280_xdma_201920_3_bb_locked_timing_summary_routed.rpt
	Vivado Log: /home/ziyuanwang/hbm/Vitis_Accel_Examples/performance/hbm_bandwidth/_x_3cores_addadd_19.hw.xilinx_u280_xdma_201920_3/logs/link/vivado.log
	Steps Log File: /home/ziyuanwang/hbm/Vitis_Accel_Examples/performance/hbm_bandwidth/_x_3cores_addadd_19.hw.xilinx_u280_xdma_201920_3/logs/link/link.steps.log

INFO: [v++ 60-2343] Use the vitis_analyzer tool to visualize and navigate the relevant reports. Run the following command. 
    vitis_analyzer /home/ziyuanwang/hbm/Vitis_Accel_Examples/performance/hbm_bandwidth/build_dir_3cores_addadd_19.hw.xilinx_u280_xdma_201920_3/krnl_vaddmul.link.xclbin.link_summary 
INFO: [v++ 60-791] Total elapsed time: 5h 54m 16s
