Copyright 1986-2021 Xilinx, Inc. All Rights Reserved.
------------------------------------------------------------------------------------------
| Tool Version : Vivado v.2021.2 (lin64) Build 3367213 Tue Oct 19 02:47:39 MDT 2021
| Date         : Tue Nov 12 15:58:25 2024
| Host         : hacc-gpu0 running 64-bit Ubuntu 20.04.6 LTS
| Command      : report_utilization -slr -file slr_util_placed.rpt -pb slr_util_placed.pb
| Design       : pfm_top_wrapper
| Device       : xcu280-fsvh2892-2L-e
| Speed File   : -2L
| Design State : Fully Placed
------------------------------------------------------------------------------------------

Utilization Design Information

Table of Contents
-----------------
1. SLR Connectivity
2. SLR Connectivity Matrix
3. SLR CLB Logic and Dedicated Block Utilization
4. SLR IO Utilization

1. SLR Connectivity
-------------------

+----------------------------------+------+-------+-----------+-------+
|                                  | Used | Fixed | Available | Util% |
+----------------------------------+------+-------+-----------+-------+
| SLR2 <-> SLR1                    | 3958 |       |     23040 | 17.18 |
|   SLR1 -> SLR2                   | 2086 |       |           |  9.05 |
|     Using TX_REG only            |    1 |     1 |           |       |
|     Using RX_REG only            |   18 |    18 |           |       |
|     Using Both TX_REG and RX_REG |  267 |     1 |           |       |
|   SLR2 -> SLR1                   | 1872 |       |           |  8.13 |
|     Using TX_REG only            |    0 |     0 |           |       |
|     Using RX_REG only            |    4 |     4 |           |       |
|     Using Both TX_REG and RX_REG |  407 |     0 |           |       |
| SLR1 <-> SLR0                    | 2529 |       |     23040 | 10.98 |
|   SLR0 -> SLR1                   | 1138 |       |           |  4.94 |
|     Using TX_REG only            |   71 |    71 |           |       |
|     Using RX_REG only            |   61 |    61 |           |       |
|     Using Both TX_REG and RX_REG |  355 |    55 |           |       |
|   SLR1 -> SLR0                   | 1391 |       |           |  6.04 |
|     Using TX_REG only            |   62 |    62 |           |       |
|     Using RX_REG only            |   72 |    71 |           |       |
|     Using Both TX_REG and RX_REG |  435 |    60 |           |       |
+----------------------------------+------+-------+-----------+-------+
| Total SLLs Used                  | 6487 |       |           |       |
+----------------------------------+------+-------+-----------+-------+


2. SLR Connectivity Matrix
--------------------------

+-----------+------+------+------+
| FROM \ TO | SLR2 | SLR1 | SLR0 |
+-----------+------+------+------+
| SLR2      |    0 | 1715 |  157 |
| SLR1      | 1974 |    0 | 1234 |
| SLR0      |  112 | 1026 |    0 |
+-----------+------+------+------+


3. SLR CLB Logic and Dedicated Block Utilization
------------------------------------------------

+----------------------------+--------+-------+-------+--------+--------+--------+
|          Site Type         |  SLR0  |  SLR1 |  SLR2 | SLR0 % | SLR1 % | SLR2 % |
+----------------------------+--------+-------+-------+--------+--------+--------+
| CLB                        |  14443 |  7458 |  8276 |  26.28 |  13.81 |  15.33 |
|   CLBL                     |   7301 |  3755 |  4282 |  24.94 |  12.82 |  14.62 |
|   CLBM                     |   7142 |  3703 |  3994 |  27.81 |  14.98 |  16.16 |
| CLB LUTs                   |  50619 | 47645 | 35310 |  11.51 |  11.03 |   8.17 |
|   LUT as Logic             |  39797 | 43673 | 32272 |   9.05 |  10.11 |   7.47 |
|     using O5 output only   |    834 |   286 |  1011 |   0.19 |   0.07 |   0.23 |
|     using O6 output only   |  25307 | 34242 | 19494 |   5.76 |   7.93 |   4.51 |
|     using O5 and O6        |  13656 |  9145 | 11767 |   3.11 |   2.12 |   2.72 |
|   LUT as Memory            |  10822 |  3972 |  3038 |   5.27 |   2.01 |   1.54 |
|     LUT as Distributed RAM |   4856 |  3837 |  1660 |   2.36 |   1.94 |   0.84 |
|       using O5 output only |      0 |     0 |     0 |   0.00 |   0.00 |   0.00 |
|       using O6 output only |     80 |   215 |    84 |   0.04 |   0.11 |   0.04 |
|       using O5 and O6      |   4776 |  3622 |  1576 |   2.32 |   1.83 |   0.80 |
|     LUT as Shift Register  |   5966 |   135 |  1378 |   2.90 |   0.07 |   0.70 |
|       using O5 output only |      0 |     0 |     0 |   0.00 |   0.00 |   0.00 |
|       using O6 output only |   2732 |   135 |  1248 |   1.33 |   0.07 |   0.63 |
|       using O5 and O6      |   3234 |     0 |   130 |   1.57 |   0.00 |   0.07 |
| CLB Registers              | 102537 | 46360 | 60706 |  11.66 |   5.37 |   7.03 |
| CARRY8                     |   1600 |   473 |   313 |   2.91 |   0.88 |   0.58 |
| F7 Muxes                   |    904 |   651 |  1054 |   0.41 |   0.30 |   0.49 |
| F8 Muxes                   |     16 |   141 |    47 |   0.01 |   0.13 |   0.04 |
| F9 Muxes                   |      0 |     0 |     0 |   0.00 |   0.00 |   0.00 |
| Block RAM Tile             |  105.5 |  80.5 |    94 |  15.70 |  11.98 |  13.99 |
|   RAMB36/FIFO              |    102 |    80 |    92 |  15.18 |  11.90 |  13.69 |
|     RAMB36E2 only          |    102 |    80 |    92 |  15.18 |  11.90 |  13.69 |
|   RAMB18                   |      7 |     1 |     4 |   0.52 |   0.07 |   0.30 |
|     RAMB18E2 only          |      7 |     1 |     4 |   0.52 |   0.07 |   0.30 |
| URAM                       |      0 |     0 |     0 |   0.00 |   0.00 |   0.00 |
| DSPs                       |    208 |     0 |     4 |   7.22 |   0.00 |   0.13 |
| Unique Control Sets        |   2725 |  1503 |  2719 |   2.48 |   1.39 |   2.52 |
+----------------------------+--------+-------+-------+--------+--------+--------+
* Note: Available Control Sets based on CLB Registers / 8


4. SLR IO Utilization
---------------------

+-----------+-----------+---------+------------+----------+------------+----------+-----+
| SLR Index | Used IOBs | (%)IOBs | Used IPADs | (%)IPADs | Used OPADs | (%)OPADs | GTs |
+-----------+-----------+---------+------------+----------+------------+----------+-----+
| SLR2      |        18 |    8.65 |          0 |     0.00 |          0 |     0.00 |   0 |
| SLR1      |         0 |    0.00 |          0 |     0.00 |          0 |     0.00 |   0 |
| SLR0      |         1 |    0.48 |          0 |     0.00 |          0 |     0.00 |  16 |
+-----------+-----------+---------+------------+----------+------------+----------+-----+
| Total     |        19 |         |          0 |          |          0 |          |  16 |
+-----------+-----------+---------+------------+----------+------------+----------+-----+


