Copyright 1986-2021 Xilinx, Inc. All Rights Reserved.
------------------------------------------------------------------------------------------------------------------------------------------------------------------------------------------------------------------------------------------------------------------------------------------------------------------------------------------------------------------------------------------------------------------------------
| Tool Version : Vivado v.2021.2 (lin64) Build 3367213 Tue Oct 19 02:47:39 MDT 2021
| Date         : Tue Oct 22 05:34:40 2024
| Host         : hacc-gpu0 running 64-bit Ubuntu 20.04.6 LTS
| Command      : report_accelerator_utilization -kernels { krnl_vaddmul:pfm_top_i/dynamic_region/krnl_vaddmul_1/inst:krnl_vaddmul_1 krnl_vaddmul:pfm_top_i/dynamic_region/krnl_vaddmul_2/inst:krnl_vaddmul_2 krnl_vaddmul:pfm_top_i/dynamic_region/krnl_vaddmul_3/inst:krnl_vaddmul_3 krnl_vaddmul:pfm_top_i/dynamic_region/krnl_vaddmul_4/inst:krnl_vaddmul_4} -file kernel_util_synthed.rpt -name kernel_util_synthed -json
| Design       : pfm_top_wrapper
| Device       : xcu280
| Design State : Synthesized
------------------------------------------------------------------------------------------------------------------------------------------------------------------------------------------------------------------------------------------------------------------------------------------------------------------------------------------------------------------------------------------------------------------------------

Accelerator Utilization Design Information

Table of Contents
-----------------
1. System Utilization

1. System Utilization
---------------------

+---------------------+-------------------+------------------+-------------------+----------------+---------------+----------------+
| Name                | LUT               | LUTAsMem         | REG               | BRAM           | URAM          | DSP            |
+---------------------+-------------------+------------------+-------------------+----------------+---------------+----------------+
| Platform            |  163144 [ 12.52%] |  33882 [  5.64%] |  239917 [  9.20%] |  204 [ 10.12%] |   0 [  0.00%] |    4 [  0.04%] |
| User Budget         | 1139576 [100.00%] | 566598 [100.00%] | 2367443 [100.00%] | 1812 [100.00%] | 960 [100.00%] | 9020 [100.00%] |
|    Used Resources   |   48592 [  4.26%] |  25208 [  4.45%] |   65648 [  2.77%] |  128 [  7.06%] |   0 [  0.00%] |  112 [  1.24%] |
|    Unused Resources | 1090984 [ 95.74%] | 541390 [ 95.55%] | 2301795 [ 97.23%] | 1684 [ 92.94%] | 960 [100.00%] | 8908 [ 98.76%] |
| krnl_vaddmul        |   48592 [  4.26%] |  25208 [  4.45%] |   65648 [  2.77%] |  128 [  7.06%] |   0 [  0.00%] |  112 [  1.24%] |
|    krnl_vaddmul_1   |   12148 [  1.07%] |   6302 [  1.11%] |   16412 [  0.69%] |   32 [  1.77%] |   0 [  0.00%] |   28 [  0.31%] |
|    krnl_vaddmul_2   |   12148 [  1.07%] |   6302 [  1.11%] |   16412 [  0.69%] |   32 [  1.77%] |   0 [  0.00%] |   28 [  0.31%] |
|    krnl_vaddmul_3   |   12148 [  1.07%] |   6302 [  1.11%] |   16412 [  0.69%] |   32 [  1.77%] |   0 [  0.00%] |   28 [  0.31%] |
|    krnl_vaddmul_4   |   12148 [  1.07%] |   6302 [  1.11%] |   16412 [  0.69%] |   32 [  1.77%] |   0 [  0.00%] |   28 [  0.31%] |
+---------------------+-------------------+------------------+-------------------+----------------+---------------+----------------+


