Copyright 1986-2021 Xilinx, Inc. All Rights Reserved.
----------------------------------------------------------------------------------------------------------------------------------------------------------------------------------------
| Tool Version : Vivado v.2021.2 (lin64) Build 3367213 Tue Oct 19 02:47:39 MDT 2021
| Date         : Fri Nov 15 16:27:34 2024
| Host         : hacc-gpu0 running 64-bit Ubuntu 20.04.6 LTS
| Command      : report_accelerator_utilization -kernels { krnl_vadd:pfm_top_i/dynamic_region/krnl_vadd_1/inst:krnl_vadd_1} -file kernel_util_routed.rpt -name kernel_util_routed -json
| Design       : pfm_top_wrapper
| Device       : xcu280
| Design State : Routed
----------------------------------------------------------------------------------------------------------------------------------------------------------------------------------------

Accelerator Utilization Design Information

Table of Contents
-----------------
1. System Utilization

1. System Utilization
---------------------

+---------------------+-------------------+------------------+-------------------+----------------+---------------+----------------+
| Name                | LUT               | LUTAsMem         | REG               | BRAM           | URAM          | DSP            |
+---------------------+-------------------+------------------+-------------------+----------------+---------------+----------------+
| Platform            |  102715 [  7.88%] |   9800 [  1.63%] |  149801 [  5.75%] |  202 [ 10.02%] |   0 [  0.00%] |    4 [  0.04%] |
| User Budget         | 1200005 [100.00%] | 590680 [100.00%] | 2457559 [100.00%] | 1814 [100.00%] | 960 [100.00%] | 9020 [100.00%] |
|    Used Resources   |    2458 [  0.20%] |    573 [  0.10%] |    3991 [  0.16%] |    4 [  0.22%] |   0 [  0.00%] |    0 [  0.00%] |
|    Unused Resources | 1197547 [ 99.80%] | 590107 [ 99.90%] | 2453568 [ 99.84%] | 1810 [ 99.78%] | 960 [100.00%] | 9020 [100.00%] |
| krnl_vadd           |    2458 [  0.20%] |    573 [  0.10%] |    3991 [  0.16%] |    4 [  0.22%] |   0 [  0.00%] |    0 [  0.00%] |
|    krnl_vadd_1      |    2458 [  0.20%] |    573 [  0.10%] |    3991 [  0.16%] |    4 [  0.22%] |   0 [  0.00%] |    0 [  0.00%] |
+---------------------+-------------------+------------------+-------------------+----------------+---------------+----------------+


