Copyright 1986-2021 Xilinx, Inc. All Rights Reserved.
----------------------------------------------------------------------------------------------------------------------------------------------------------------------------------------
| Tool Version : Vivado v.2021.2 (lin64) Build 3367213 Tue Oct 19 02:47:39 MDT 2021
| Date         : Thu Nov 14 03:26:12 2024
| Host         : hacc-gpu0 running 64-bit Ubuntu 20.04.6 LTS
| Command      : report_accelerator_utilization -kernels { krnl_vadd:pfm_top_i/dynamic_region/krnl_vadd_1/inst:krnl_vadd_1} -file kernel_util_routed.rpt -name kernel_util_routed -json
| Design       : pfm_top_wrapper
| Device       : xcu280
| Design State : Routed
----------------------------------------------------------------------------------------------------------------------------------------------------------------------------------------

Accelerator Utilization Design Information

Table of Contents
-----------------
1. System Utilization

1. System Utilization
---------------------

+---------------------+-------------------+------------------+-------------------+----------------+---------------+----------------+
| Name                | LUT               | LUTAsMem         | REG               | BRAM           | URAM          | DSP            |
+---------------------+-------------------+------------------+-------------------+----------------+---------------+----------------+
| Platform            |  103158 [  7.92%] |   9966 [  1.66%] |  150651 [  5.78%] |  202 [ 10.02%] |   0 [  0.00%] |    4 [  0.04%] |
| User Budget         | 1199562 [100.00%] | 590514 [100.00%] | 2456709 [100.00%] | 1814 [100.00%] | 960 [100.00%] | 9020 [100.00%] |
|    Used Resources   |    3007 [  0.25%] |    910 [  0.15%] |    3725 [  0.15%] |    1 [  0.06%] |   0 [  0.00%] |    9 [  0.10%] |
|    Unused Resources | 1196555 [ 99.75%] | 589604 [ 99.85%] | 2452984 [ 99.85%] | 1813 [ 99.94%] | 960 [100.00%] | 9011 [ 99.90%] |
| krnl_vadd           |    3007 [  0.25%] |    910 [  0.15%] |    3725 [  0.15%] |    1 [  0.06%] |   0 [  0.00%] |    9 [  0.10%] |
|    krnl_vadd_1      |    3007 [  0.25%] |    910 [  0.15%] |    3725 [  0.15%] |    1 [  0.06%] |   0 [  0.00%] |    9 [  0.10%] |
+---------------------+-------------------+------------------+-------------------+----------------+---------------+----------------+


