Copyright 1986-2021 Xilinx, Inc. All Rights Reserved.
------------------------------------------------------------------------------------------------------------------------------------------------------------------------------------------
| Tool Version : Vivado v.2021.2 (lin64) Build 3367213 Tue Oct 19 02:47:39 MDT 2021
| Date         : Sat Nov 16 15:06:19 2024
| Host         : hacc-gpu0 running 64-bit Ubuntu 20.04.6 LTS
| Command      : report_accelerator_utilization -kernels { krnl_vadd:pfm_top_i/dynamic_region/krnl_vadd_1/inst:krnl_vadd_1} -file kernel_util_synthed.rpt -name kernel_util_synthed -json
| Design       : pfm_top_wrapper
| Device       : xcu280
| Design State : Synthesized
------------------------------------------------------------------------------------------------------------------------------------------------------------------------------------------

Accelerator Utilization Design Information

Table of Contents
-----------------
1. System Utilization

1. System Utilization
---------------------

+---------------------+-------------------+------------------+-------------------+----------------+---------------+----------------+
| Name                | LUT               | LUTAsMem         | REG               | BRAM           | URAM          | DSP            |
+---------------------+-------------------+------------------+-------------------+----------------+---------------+----------------+
| Platform            |  114987 [  8.83%] |  11134 [  1.85%] |  152624 [  5.85%] |  202 [ 10.02%] |   0 [  0.00%] |    4 [  0.04%] |
| User Budget         | 1187733 [100.00%] | 589346 [100.00%] | 2454736 [100.00%] | 1814 [100.00%] | 960 [100.00%] | 9020 [100.00%] |
|    Used Resources   |    2646 [  0.22%] |    681 [  0.12%] |    4069 [  0.17%] |    4 [  0.22%] |   0 [  0.00%] |    0 [  0.00%] |
|    Unused Resources | 1185087 [ 99.78%] | 588665 [ 99.88%] | 2450667 [ 99.83%] | 1810 [ 99.78%] | 960 [100.00%] | 9020 [100.00%] |
| krnl_vadd           |    2646 [  0.22%] |    681 [  0.12%] |    4069 [  0.17%] |    4 [  0.22%] |   0 [  0.00%] |    0 [  0.00%] |
|    krnl_vadd_1      |    2646 [  0.22%] |    681 [  0.12%] |    4069 [  0.17%] |    4 [  0.22%] |   0 [  0.00%] |    0 [  0.00%] |
+---------------------+-------------------+------------------+-------------------+----------------+---------------+----------------+


