Copyright 1986-2021 Xilinx, Inc. All Rights Reserved.
------------------------------------------------------------------------------------------------------------------------------------------------------------------------------------------------------------------------------------------------------------------------------------------------------------------------------------------------------------------------------------------------------------------------------
| Tool Version : Vivado v.2021.2 (lin64) Build 3367213 Tue Oct 19 02:47:39 MDT 2021
| Date         : Tue Nov 12 23:08:24 2024
| Host         : hacc-gpu0 running 64-bit Ubuntu 20.04.6 LTS
| Command      : report_accelerator_utilization -kernels { krnl_vaddmul:pfm_top_i/dynamic_region/krnl_vaddmul_1/inst:krnl_vaddmul_1 krnl_vaddmul:pfm_top_i/dynamic_region/krnl_vaddmul_2/inst:krnl_vaddmul_2 krnl_vaddmul:pfm_top_i/dynamic_region/krnl_vaddmul_3/inst:krnl_vaddmul_3 krnl_vaddmul:pfm_top_i/dynamic_region/krnl_vaddmul_4/inst:krnl_vaddmul_4} -file kernel_util_synthed.rpt -name kernel_util_synthed -json
| Design       : pfm_top_wrapper
| Device       : xcu280
| Design State : Synthesized
------------------------------------------------------------------------------------------------------------------------------------------------------------------------------------------------------------------------------------------------------------------------------------------------------------------------------------------------------------------------------------------------------------------------------

Accelerator Utilization Design Information

Table of Contents
-----------------
1. System Utilization

1. System Utilization
---------------------

+---------------------+-------------------+------------------+-------------------+----------------+---------------+----------------+
| Name                | LUT               | LUTAsMem         | REG               | BRAM           | URAM          | DSP            |
+---------------------+-------------------+------------------+-------------------+----------------+---------------+----------------+
| Platform            |  125688 [  9.65%] |  16438 [  2.74%] |  172874 [  6.63%] |  202 [ 10.02%] |   0 [  0.00%] |    4 [  0.04%] |
| User Budget         | 1177032 [100.00%] | 584042 [100.00%] | 2434486 [100.00%] | 1814 [100.00%] | 960 [100.00%] | 9020 [100.00%] |
|    Used Resources   |   34772 [  2.95%] |   6544 [  1.12%] |   67148 [  2.76%] |  120 [  6.62%] |   0 [  0.00%] |  488 [  5.41%] |
|    Unused Resources | 1142260 [ 97.05%] | 577498 [ 98.88%] | 2367338 [ 97.24%] | 1694 [ 93.38%] | 960 [100.00%] | 8532 [ 94.59%] |
| krnl_vaddmul        |   34772 [  2.95%] |   6544 [  1.12%] |   67148 [  2.76%] |  120 [  6.62%] |   0 [  0.00%] |  488 [  5.41%] |
|    krnl_vaddmul_1   |    8693 [  0.74%] |   1636 [  0.28%] |   16787 [  0.69%] |   30 [  1.65%] |   0 [  0.00%] |  122 [  1.35%] |
|    krnl_vaddmul_2   |    8693 [  0.74%] |   1636 [  0.28%] |   16787 [  0.69%] |   30 [  1.65%] |   0 [  0.00%] |  122 [  1.35%] |
|    krnl_vaddmul_3   |    8693 [  0.74%] |   1636 [  0.28%] |   16787 [  0.69%] |   30 [  1.65%] |   0 [  0.00%] |  122 [  1.35%] |
|    krnl_vaddmul_4   |    8693 [  0.74%] |   1636 [  0.28%] |   16787 [  0.69%] |   30 [  1.65%] |   0 [  0.00%] |  122 [  1.35%] |
+---------------------+-------------------+------------------+-------------------+----------------+---------------+----------------+


