Copyright 1986-2021 Xilinx, Inc. All Rights Reserved.
----------------------------------------------------------------------------------------------------------------------------------------------------------------------------------------------------------------------------------------------------------------------------------------------------------------------------------------------------------------------------------------------------------------------------
| Tool Version : Vivado v.2021.2 (lin64) Build 3367213 Tue Oct 19 02:47:39 MDT 2021
| Date         : Wed Nov 13 00:48:13 2024
| Host         : hacc-gpu0 running 64-bit Ubuntu 20.04.6 LTS
| Command      : report_accelerator_utilization -kernels { krnl_vaddmul:pfm_top_i/dynamic_region/krnl_vaddmul_1/inst:krnl_vaddmul_1 krnl_vaddmul:pfm_top_i/dynamic_region/krnl_vaddmul_2/inst:krnl_vaddmul_2 krnl_vaddmul:pfm_top_i/dynamic_region/krnl_vaddmul_3/inst:krnl_vaddmul_3 krnl_vaddmul:pfm_top_i/dynamic_region/krnl_vaddmul_4/inst:krnl_vaddmul_4} -file kernel_util_routed.rpt -name kernel_util_routed -json
| Design       : pfm_top_wrapper
| Device       : xcu280
| Design State : Routed
----------------------------------------------------------------------------------------------------------------------------------------------------------------------------------------------------------------------------------------------------------------------------------------------------------------------------------------------------------------------------------------------------------------------------

Accelerator Utilization Design Information

Table of Contents
-----------------
1. System Utilization

1. System Utilization
---------------------

+---------------------+-------------------+------------------+-------------------+----------------+---------------+----------------+
| Name                | LUT               | LUTAsMem         | REG               | BRAM           | URAM          | DSP            |
+---------------------+-------------------+------------------+-------------------+----------------+---------------+----------------+
| Platform            |  111404 [  8.55%] |  14612 [  2.43%] |  167733 [  6.43%] |  202 [ 10.02%] |   0 [  0.00%] |    4 [  0.04%] |
| User Budget         | 1191316 [100.00%] | 585868 [100.00%] | 2439627 [100.00%] | 1814 [100.00%] | 960 [100.00%] | 9020 [100.00%] |
|    Used Resources   |   32055 [  2.69%] |   4104 [  0.70%] |   66973 [  2.75%] |  120 [  6.62%] |   0 [  0.00%] |  488 [  5.41%] |
|    Unused Resources | 1159261 [ 97.31%] | 581764 [ 99.30%] | 2372654 [ 97.25%] | 1694 [ 93.38%] | 960 [100.00%] | 8532 [ 94.59%] |
| krnl_vaddmul        |   32055 [  2.69%] |   4104 [  0.70%] |   66973 [  2.75%] |  120 [  6.62%] |   0 [  0.00%] |  488 [  5.41%] |
|    krnl_vaddmul_1   |    8023 [  0.67%] |   1026 [  0.18%] |   16992 [  0.70%] |   30 [  1.65%] |   0 [  0.00%] |  122 [  1.35%] |
|    krnl_vaddmul_2   |    8018 [  0.67%] |   1026 [  0.18%] |   16615 [  0.68%] |   30 [  1.65%] |   0 [  0.00%] |  122 [  1.35%] |
|    krnl_vaddmul_3   |    8013 [  0.67%] |   1026 [  0.18%] |   16709 [  0.68%] |   30 [  1.65%] |   0 [  0.00%] |  122 [  1.35%] |
|    krnl_vaddmul_4   |    8001 [  0.67%] |   1026 [  0.18%] |   16657 [  0.68%] |   30 [  1.65%] |   0 [  0.00%] |  122 [  1.35%] |
+---------------------+-------------------+------------------+-------------------+----------------+---------------+----------------+


