INFO: [v++ 60-1306] Additional information associated with this v++ link can be found at:
	Reports: /home/ziyuanwang/hbm/Vitis_Accel_Examples/performance/hbm_bandwidth/_x_5core_gmem0023_30.hw.xilinx_u280_xdma_201920_3/reports/link
	Log files: /home/ziyuanwang/hbm/Vitis_Accel_Examples/performance/hbm_bandwidth/_x_5core_gmem0023_30.hw.xilinx_u280_xdma_201920_3/logs/link
INFO: [v++ 60-1548] Creating build summary session with primary output /home/ziyuanwang/hbm/Vitis_Accel_Examples/performance/hbm_bandwidth/build_dir_5core_gmem0023_30.hw.xilinx_u280_xdma_201920_3/krnl_vaddmul.link.xclbin.link_summary, at Wed Nov 20 16:18:41 2024
INFO: [v++ 60-1316] Initiating connection to rulecheck server, at Wed Nov 20 16:18:41 2024
INFO: [v++ 60-1315] Creating rulecheck session with output '/home/ziyuanwang/hbm/Vitis_Accel_Examples/performance/hbm_bandwidth/_x_5core_gmem0023_30.hw.xilinx_u280_xdma_201920_3/reports/link/v++_link_krnl_vaddmul.link_guidance.html', at Wed Nov 20 16:18:43 2024
INFO: [v++ 60-895]   Target platform: /opt/xilinx/platforms/xilinx_u280_xdma_201920_3/xilinx_u280_xdma_201920_3.xpfm
INFO: [v++ 60-1578]   This platform contains Xilinx Shell Archive '/opt/xilinx/platforms/xilinx_u280_xdma_201920_3/hw/xilinx_u280_xdma_201920_3.xsa'
INFO: [v++ 74-78] Compiler Version string: 2021.2
INFO: [v++ 60-1302] Platform 'xilinx_u280_xdma_201920_3.xpfm' has been explicitly enabled for this release.
INFO: [v++ 60-629] Linking for hardware target
INFO: [v++ 60-423]   Target device: xilinx_u280_xdma_201920_3
INFO: [v++ 60-1332] Run 'run_link' status: Not started
INFO: [v++ 60-1443] [16:18:59] Run run_link: Step system_link: Started
INFO: [v++ 60-1453] Command Line: system_link --xo /home/ziyuanwang/hbm/Vitis_Accel_Examples/performance/hbm_bandwidth/_x_5core_gmem0023_30.hw.xilinx_u280_xdma_201920_3/krnl_vaddmul.xo -keep --config /home/ziyuanwang/hbm/Vitis_Accel_Examples/performance/hbm_bandwidth/_x_5core_gmem0023_30.hw.xilinx_u280_xdma_201920_3/link/int/syslinkConfig.ini --xpfm /opt/xilinx/platforms/xilinx_u280_xdma_201920_3/xilinx_u280_xdma_201920_3.xpfm --target hw --output_dir /home/ziyuanwang/hbm/Vitis_Accel_Examples/performance/hbm_bandwidth/_x_5core_gmem0023_30.hw.xilinx_u280_xdma_201920_3/link/int --temp_dir /home/ziyuanwang/hbm/Vitis_Accel_Examples/performance/hbm_bandwidth/_x_5core_gmem0023_30.hw.xilinx_u280_xdma_201920_3/link/sys_link
INFO: [v++ 60-1454] Run Directory: /home/ziyuanwang/hbm/Vitis_Accel_Examples/performance/hbm_bandwidth/_x_5core_gmem0023_30.hw.xilinx_u280_xdma_201920_3/link/run_link
INFO: [SYSTEM_LINK 60-1316] Initiating connection to rulecheck server, at Wed Nov 20 16:19:02 2024
INFO: [SYSTEM_LINK 82-70] Extracting xo v3 file /home/ziyuanwang/hbm/Vitis_Accel_Examples/performance/hbm_bandwidth/_x_5core_gmem0023_30.hw.xilinx_u280_xdma_201920_3/krnl_vaddmul.xo
INFO: [SYSTEM_LINK 82-53] Creating IP database /home/ziyuanwang/hbm/Vitis_Accel_Examples/performance/hbm_bandwidth/_x_5core_gmem0023_30.hw.xilinx_u280_xdma_201920_3/link/sys_link/_sysl/.cdb/xd_ip_db.xml
INFO: [SYSTEM_LINK 82-38] [16:19:17] build_xd_ip_db started: /tools/Xilinx/Vitis/2021.2/bin/build_xd_ip_db -ip_search 0  -sds-pf /home/ziyuanwang/hbm/Vitis_Accel_Examples/performance/hbm_bandwidth/_x_5core_gmem0023_30.hw.xilinx_u280_xdma_201920_3/link/sys_link/xilinx_u280_xdma_201920_3.hpfm -clkid 0 -ip /home/ziyuanwang/hbm/Vitis_Accel_Examples/performance/hbm_bandwidth/_x_5core_gmem0023_30.hw.xilinx_u280_xdma_201920_3/link/sys_link/iprepo/xilinx_com_hls_krnl_vaddmul_1_0,krnl_vaddmul -o /home/ziyuanwang/hbm/Vitis_Accel_Examples/performance/hbm_bandwidth/_x_5core_gmem0023_30.hw.xilinx_u280_xdma_201920_3/link/sys_link/_sysl/.cdb/xd_ip_db.xml
INFO: [SYSTEM_LINK 82-37] [16:19:25] build_xd_ip_db finished successfully
Time (s): cpu = 00:00:04 ; elapsed = 00:00:08 . Memory (MB): peak = 2168.234 ; gain = 0.000 ; free physical = 27398 ; free virtual = 491957
INFO: [SYSTEM_LINK 82-51] Create system connectivity graph
INFO: [SYSTEM_LINK 82-102] Applying explicit connections to the system connectivity graph: /home/ziyuanwang/hbm/Vitis_Accel_Examples/performance/hbm_bandwidth/_x_5core_gmem0023_30.hw.xilinx_u280_xdma_201920_3/link/sys_link/cfgraph/cfgen_cfgraph.xml
INFO: [SYSTEM_LINK 82-38] [16:19:25] cfgen started: /tools/Xilinx/Vitis/2021.2/bin/cfgen  -nk krnl_vaddmul:5 -sp krnl_vaddmul_1.in1:HBM[0] -sp krnl_vaddmul_1.in2:HBM[1] -sp krnl_vaddmul_1.out_add:HBM[2] -sp krnl_vaddmul_1.out_mul:HBM[3] -sp krnl_vaddmul_2.in1:HBM[4] -sp krnl_vaddmul_2.in2:HBM[5] -sp krnl_vaddmul_2.out_add:HBM[6] -sp krnl_vaddmul_2.out_mul:HBM[7] -sp krnl_vaddmul_3.in1:HBM[8] -sp krnl_vaddmul_3.in2:HBM[9] -sp krnl_vaddmul_3.out_add:HBM[10] -sp krnl_vaddmul_3.out_mul:HBM[11] -sp krnl_vaddmul_4.in1:HBM[12] -sp krnl_vaddmul_4.in2:HBM[13] -sp krnl_vaddmul_4.out_add:HBM[14] -sp krnl_vaddmul_4.out_mul:HBM[15] -sp krnl_vaddmul_5.in1:HBM[16] -sp krnl_vaddmul_5.in2:HBM[17] -sp krnl_vaddmul_5.out_add:HBM[18] -sp krnl_vaddmul_5.out_mul:HBM[19] -dmclkid 0 -r /home/ziyuanwang/hbm/Vitis_Accel_Examples/performance/hbm_bandwidth/_x_5core_gmem0023_30.hw.xilinx_u280_xdma_201920_3/link/sys_link/_sysl/.cdb/xd_ip_db.xml -o /home/ziyuanwang/hbm/Vitis_Accel_Examples/performance/hbm_bandwidth/_x_5core_gmem0023_30.hw.xilinx_u280_xdma_201920_3/link/sys_link/cfgraph/cfgen_cfgraph.xml
INFO: [CFGEN 83-0] Kernel Specs: 
INFO: [CFGEN 83-0]   kernel: krnl_vaddmul, num: 5  {krnl_vaddmul_1 krnl_vaddmul_2 krnl_vaddmul_3 krnl_vaddmul_4 krnl_vaddmul_5}
INFO: [CFGEN 83-0] Port Specs: 
INFO: [CFGEN 83-0]   kernel: krnl_vaddmul_1, k_port: in1, sptag: HBM[0]
INFO: [CFGEN 83-0]   kernel: krnl_vaddmul_1, k_port: in2, sptag: HBM[1]
INFO: [CFGEN 83-0]   kernel: krnl_vaddmul_1, k_port: out_add, sptag: HBM[2]
INFO: [CFGEN 83-0]   kernel: krnl_vaddmul_1, k_port: out_mul, sptag: HBM[3]
INFO: [CFGEN 83-0]   kernel: krnl_vaddmul_2, k_port: in1, sptag: HBM[4]
INFO: [CFGEN 83-0]   kernel: krnl_vaddmul_2, k_port: in2, sptag: HBM[5]
INFO: [CFGEN 83-0]   kernel: krnl_vaddmul_2, k_port: out_add, sptag: HBM[6]
INFO: [CFGEN 83-0]   kernel: krnl_vaddmul_2, k_port: out_mul, sptag: HBM[7]
INFO: [CFGEN 83-0]   kernel: krnl_vaddmul_3, k_port: in1, sptag: HBM[8]
INFO: [CFGEN 83-0]   kernel: krnl_vaddmul_3, k_port: in2, sptag: HBM[9]
INFO: [CFGEN 83-0]   kernel: krnl_vaddmul_3, k_port: out_add, sptag: HBM[10]
INFO: [CFGEN 83-0]   kernel: krnl_vaddmul_3, k_port: out_mul, sptag: HBM[11]
INFO: [CFGEN 83-0]   kernel: krnl_vaddmul_4, k_port: in1, sptag: HBM[12]
INFO: [CFGEN 83-0]   kernel: krnl_vaddmul_4, k_port: in2, sptag: HBM[13]
INFO: [CFGEN 83-0]   kernel: krnl_vaddmul_4, k_port: out_add, sptag: HBM[14]
INFO: [CFGEN 83-0]   kernel: krnl_vaddmul_4, k_port: out_mul, sptag: HBM[15]
INFO: [CFGEN 83-0]   kernel: krnl_vaddmul_5, k_port: in1, sptag: HBM[16]
INFO: [CFGEN 83-0]   kernel: krnl_vaddmul_5, k_port: in2, sptag: HBM[17]
INFO: [CFGEN 83-0]   kernel: krnl_vaddmul_5, k_port: out_add, sptag: HBM[18]
INFO: [CFGEN 83-0]   kernel: krnl_vaddmul_5, k_port: out_mul, sptag: HBM[19]
INFO: [CFGEN 83-2228] Creating mapping for argument krnl_vaddmul_1.in1 to HBM[0] for directive krnl_vaddmul_1.in1:HBM[0]
INFO: [CFGEN 83-2228] Creating mapping for argument krnl_vaddmul_1.in2 to HBM[1] for directive krnl_vaddmul_1.in2:HBM[1]
INFO: [CFGEN 83-2228] Creating mapping for argument krnl_vaddmul_1.out_add to HBM[2] for directive krnl_vaddmul_1.out_add:HBM[2]
INFO: [CFGEN 83-2228] Creating mapping for argument krnl_vaddmul_1.out_mul to HBM[3] for directive krnl_vaddmul_1.out_mul:HBM[3]
INFO: [CFGEN 83-2228] Creating mapping for argument krnl_vaddmul_2.in1 to HBM[4] for directive krnl_vaddmul_2.in1:HBM[4]
INFO: [CFGEN 83-2228] Creating mapping for argument krnl_vaddmul_2.in2 to HBM[5] for directive krnl_vaddmul_2.in2:HBM[5]
INFO: [CFGEN 83-2228] Creating mapping for argument krnl_vaddmul_2.out_add to HBM[6] for directive krnl_vaddmul_2.out_add:HBM[6]
INFO: [CFGEN 83-2228] Creating mapping for argument krnl_vaddmul_2.out_mul to HBM[7] for directive krnl_vaddmul_2.out_mul:HBM[7]
INFO: [CFGEN 83-2228] Creating mapping for argument krnl_vaddmul_3.in1 to HBM[8] for directive krnl_vaddmul_3.in1:HBM[8]
INFO: [CFGEN 83-2228] Creating mapping for argument krnl_vaddmul_3.in2 to HBM[9] for directive krnl_vaddmul_3.in2:HBM[9]
INFO: [CFGEN 83-2228] Creating mapping for argument krnl_vaddmul_3.out_add to HBM[10] for directive krnl_vaddmul_3.out_add:HBM[10]
INFO: [CFGEN 83-2228] Creating mapping for argument krnl_vaddmul_3.out_mul to HBM[11] for directive krnl_vaddmul_3.out_mul:HBM[11]
INFO: [CFGEN 83-2228] Creating mapping for argument krnl_vaddmul_4.in1 to HBM[12] for directive krnl_vaddmul_4.in1:HBM[12]
INFO: [CFGEN 83-2228] Creating mapping for argument krnl_vaddmul_4.in2 to HBM[13] for directive krnl_vaddmul_4.in2:HBM[13]
INFO: [CFGEN 83-2228] Creating mapping for argument krnl_vaddmul_4.out_add to HBM[14] for directive krnl_vaddmul_4.out_add:HBM[14]
INFO: [CFGEN 83-2228] Creating mapping for argument krnl_vaddmul_4.out_mul to HBM[15] for directive krnl_vaddmul_4.out_mul:HBM[15]
INFO: [CFGEN 83-2228] Creating mapping for argument krnl_vaddmul_5.in1 to HBM[16] for directive krnl_vaddmul_5.in1:HBM[16]
INFO: [CFGEN 83-2228] Creating mapping for argument krnl_vaddmul_5.in2 to HBM[17] for directive krnl_vaddmul_5.in2:HBM[17]
INFO: [CFGEN 83-2228] Creating mapping for argument krnl_vaddmul_5.out_add to HBM[18] for directive krnl_vaddmul_5.out_add:HBM[18]
INFO: [CFGEN 83-2228] Creating mapping for argument krnl_vaddmul_5.out_mul to HBM[19] for directive krnl_vaddmul_5.out_mul:HBM[19]
INFO: [SYSTEM_LINK 82-37] [16:19:33] cfgen finished successfully
Time (s): cpu = 00:00:07 ; elapsed = 00:00:08 . Memory (MB): peak = 2168.234 ; gain = 0.000 ; free physical = 27378 ; free virtual = 491937
INFO: [SYSTEM_LINK 82-52] Create top-level block diagram
INFO: [SYSTEM_LINK 82-38] [16:19:33] cf2bd started: /tools/Xilinx/Vitis/2021.2/bin/cf2bd  --linux --trace_buffer 1024 --input_file /home/ziyuanwang/hbm/Vitis_Accel_Examples/performance/hbm_bandwidth/_x_5core_gmem0023_30.hw.xilinx_u280_xdma_201920_3/link/sys_link/cfgraph/cfgen_cfgraph.xml --ip_db /home/ziyuanwang/hbm/Vitis_Accel_Examples/performance/hbm_bandwidth/_x_5core_gmem0023_30.hw.xilinx_u280_xdma_201920_3/link/sys_link/_sysl/.cdb/xd_ip_db.xml --cf_name dr --working_dir /home/ziyuanwang/hbm/Vitis_Accel_Examples/performance/hbm_bandwidth/_x_5core_gmem0023_30.hw.xilinx_u280_xdma_201920_3/link/sys_link/_sysl/.xsd --temp_dir /home/ziyuanwang/hbm/Vitis_Accel_Examples/performance/hbm_bandwidth/_x_5core_gmem0023_30.hw.xilinx_u280_xdma_201920_3/link/sys_link --output_dir /home/ziyuanwang/hbm/Vitis_Accel_Examples/performance/hbm_bandwidth/_x_5core_gmem0023_30.hw.xilinx_u280_xdma_201920_3/link/int --target_bd pfm_dynamic.bd
INFO: [CF2BD 82-31] Launching cf2xd: cf2xd -linux -trace-buffer 1024 -i /home/ziyuanwang/hbm/Vitis_Accel_Examples/performance/hbm_bandwidth/_x_5core_gmem0023_30.hw.xilinx_u280_xdma_201920_3/link/sys_link/cfgraph/cfgen_cfgraph.xml -r /home/ziyuanwang/hbm/Vitis_Accel_Examples/performance/hbm_bandwidth/_x_5core_gmem0023_30.hw.xilinx_u280_xdma_201920_3/link/sys_link/_sysl/.cdb/xd_ip_db.xml -o dr.xml
INFO: [CF2BD 82-28] cf2xd finished successfully
INFO: [CF2BD 82-31] Launching cf_xsd: cf_xsd -disable-address-gen -bd pfm_dynamic.bd -dn dr -dp /home/ziyuanwang/hbm/Vitis_Accel_Examples/performance/hbm_bandwidth/_x_5core_gmem0023_30.hw.xilinx_u280_xdma_201920_3/link/sys_link/_sysl/.xsd
INFO: [CF2BD 82-28] cf_xsd finished successfully
INFO: [SYSTEM_LINK 82-37] [16:19:38] cf2bd finished successfully
Time (s): cpu = 00:00:04 ; elapsed = 00:00:06 . Memory (MB): peak = 2168.234 ; gain = 0.000 ; free physical = 27380 ; free virtual = 491945
INFO: [v++ 60-1441] [16:19:38] Run run_link: Step system_link: Completed
Time (s): cpu = 00:00:20 ; elapsed = 00:00:39 . Memory (MB): peak = 2062.191 ; gain = 0.000 ; free physical = 27418 ; free virtual = 491983
INFO: [v++ 60-1443] [16:19:39] Run run_link: Step cf2sw: Started
INFO: [v++ 60-1453] Command Line: cf2sw -sdsl /home/ziyuanwang/hbm/Vitis_Accel_Examples/performance/hbm_bandwidth/_x_5core_gmem0023_30.hw.xilinx_u280_xdma_201920_3/link/int/sdsl.dat -rtd /home/ziyuanwang/hbm/Vitis_Accel_Examples/performance/hbm_bandwidth/_x_5core_gmem0023_30.hw.xilinx_u280_xdma_201920_3/link/int/cf2sw.rtd -nofilter /home/ziyuanwang/hbm/Vitis_Accel_Examples/performance/hbm_bandwidth/_x_5core_gmem0023_30.hw.xilinx_u280_xdma_201920_3/link/int/cf2sw_full.rtd -xclbin /home/ziyuanwang/hbm/Vitis_Accel_Examples/performance/hbm_bandwidth/_x_5core_gmem0023_30.hw.xilinx_u280_xdma_201920_3/link/int/xclbin_orig.xml -o /home/ziyuanwang/hbm/Vitis_Accel_Examples/performance/hbm_bandwidth/_x_5core_gmem0023_30.hw.xilinx_u280_xdma_201920_3/link/int/xclbin_orig.1.xml
INFO: [v++ 60-1454] Run Directory: /home/ziyuanwang/hbm/Vitis_Accel_Examples/performance/hbm_bandwidth/_x_5core_gmem0023_30.hw.xilinx_u280_xdma_201920_3/link/run_link
INFO: [v++ 60-1441] [16:19:46] Run run_link: Step cf2sw: Completed
Time (s): cpu = 00:00:06 ; elapsed = 00:00:07 . Memory (MB): peak = 2062.191 ; gain = 0.000 ; free physical = 27427 ; free virtual = 491992
INFO: [v++ 60-1443] [16:19:46] Run run_link: Step rtd2_system_diagram: Started
INFO: [v++ 60-1453] Command Line: rtd2SystemDiagram
INFO: [v++ 60-1454] Run Directory: /home/ziyuanwang/hbm/Vitis_Accel_Examples/performance/hbm_bandwidth/_x_5core_gmem0023_30.hw.xilinx_u280_xdma_201920_3/link/run_link
INFO: [v++ 60-1441] [16:19:47] Run run_link: Step rtd2_system_diagram: Completed
Time (s): cpu = 00:00:00.01 ; elapsed = 00:00:00.79 . Memory (MB): peak = 2062.191 ; gain = 0.000 ; free physical = 27447 ; free virtual = 492011
INFO: [v++ 60-1443] [16:19:47] Run run_link: Step vpl: Started
INFO: [v++ 60-1453] Command Line: vpl -t hw -f xilinx_u280_xdma_201920_3 --remote_ip_cache /home/ziyuanwang/hbm/Vitis_Accel_Examples/performance/hbm_bandwidth/.ipcache -s --output_dir /home/ziyuanwang/hbm/Vitis_Accel_Examples/performance/hbm_bandwidth/_x_5core_gmem0023_30.hw.xilinx_u280_xdma_201920_3/link/int --log_dir /home/ziyuanwang/hbm/Vitis_Accel_Examples/performance/hbm_bandwidth/_x_5core_gmem0023_30.hw.xilinx_u280_xdma_201920_3/logs/link --report_dir /home/ziyuanwang/hbm/Vitis_Accel_Examples/performance/hbm_bandwidth/_x_5core_gmem0023_30.hw.xilinx_u280_xdma_201920_3/reports/link --config /home/ziyuanwang/hbm/Vitis_Accel_Examples/performance/hbm_bandwidth/_x_5core_gmem0023_30.hw.xilinx_u280_xdma_201920_3/link/int/vplConfig.ini -k /home/ziyuanwang/hbm/Vitis_Accel_Examples/performance/hbm_bandwidth/_x_5core_gmem0023_30.hw.xilinx_u280_xdma_201920_3/link/int/kernel_info.dat --webtalk_flag Vitis --temp_dir /home/ziyuanwang/hbm/Vitis_Accel_Examples/performance/hbm_bandwidth/_x_5core_gmem0023_30.hw.xilinx_u280_xdma_201920_3/link --no-info --iprepo /home/ziyuanwang/hbm/Vitis_Accel_Examples/performance/hbm_bandwidth/_x_5core_gmem0023_30.hw.xilinx_u280_xdma_201920_3/link/int/xo/ip_repo/xilinx_com_hls_krnl_vaddmul_1_0 --messageDb /home/ziyuanwang/hbm/Vitis_Accel_Examples/performance/hbm_bandwidth/_x_5core_gmem0023_30.hw.xilinx_u280_xdma_201920_3/link/run_link/vpl.pb /home/ziyuanwang/hbm/Vitis_Accel_Examples/performance/hbm_bandwidth/_x_5core_gmem0023_30.hw.xilinx_u280_xdma_201920_3/link/int/dr.bd.tcl
INFO: [v++ 60-1454] Run Directory: /home/ziyuanwang/hbm/Vitis_Accel_Examples/performance/hbm_bandwidth/_x_5core_gmem0023_30.hw.xilinx_u280_xdma_201920_3/link/run_link

****** vpl v2021.2 (64-bit)
  **** SW Build 3363252 on 2021-10-14-04:41:01
    ** Copyright 1986-2020 Xilinx, Inc. All Rights Reserved.

INFO: [VPL 60-839] Read in kernel information from file '/home/ziyuanwang/hbm/Vitis_Accel_Examples/performance/hbm_bandwidth/_x_5core_gmem0023_30.hw.xilinx_u280_xdma_201920_3/link/int/kernel_info.dat'.
INFO: [VPL 74-78] Compiler Version string: 2021.2
INFO: [VPL 60-423]   Target device: xilinx_u280_xdma_201920_3
INFO: [VPL 60-1032] Extracting hardware platform to /home/ziyuanwang/hbm/Vitis_Accel_Examples/performance/hbm_bandwidth/_x_5core_gmem0023_30.hw.xilinx_u280_xdma_201920_3/link/vivado/vpl/.local/hw_platform
[16:30:49] Run vpl: Step create_project: Started
Creating Vivado project.
[16:31:06] Run vpl: Step create_project: Completed
[16:31:06] Run vpl: Step create_bd: Started
[16:32:25] Run vpl: Step create_bd: RUNNING...
[16:33:43] Run vpl: Step create_bd: RUNNING...
[16:35:00] Run vpl: Step create_bd: RUNNING...
[16:36:18] Run vpl: Step create_bd: RUNNING...
[16:37:36] Run vpl: Step create_bd: RUNNING...
[16:38:54] Run vpl: Step create_bd: RUNNING...
[16:40:12] Run vpl: Step create_bd: RUNNING...
[16:41:30] Run vpl: Step create_bd: RUNNING...
[16:42:47] Run vpl: Step create_bd: RUNNING...
[16:44:04] Run vpl: Step create_bd: RUNNING...
[16:44:54] Run vpl: Step create_bd: Completed
[16:44:54] Run vpl: Step update_bd: Started
[16:44:59] Run vpl: Step update_bd: Completed
[16:44:59] Run vpl: Step generate_target: Started
[16:46:17] Run vpl: Step generate_target: RUNNING...
[16:47:36] Run vpl: Step generate_target: RUNNING...
[16:48:55] Run vpl: Step generate_target: RUNNING...
[16:50:14] Run vpl: Step generate_target: RUNNING...
[16:51:32] Run vpl: Step generate_target: RUNNING...
[16:52:07] Run vpl: Step generate_target: Completed
[16:52:07] Run vpl: Step config_hw_runs: Started
[16:52:29] Run vpl: Step config_hw_runs: Completed
[16:52:29] Run vpl: Step synth: Started
[16:53:01] Block-level synthesis in progress, 0 of 5 jobs complete, 1 job running.
[16:53:33] Block-level synthesis in progress, 0 of 5 jobs complete, 1 job running.
[16:54:04] Block-level synthesis in progress, 0 of 5 jobs complete, 1 job running.
[16:54:36] Block-level synthesis in progress, 0 of 5 jobs complete, 1 job running.
[16:55:07] Block-level synthesis in progress, 0 of 5 jobs complete, 1 job running.
[16:55:41] Block-level synthesis in progress, 0 of 5 jobs complete, 1 job running.
[16:56:12] Block-level synthesis in progress, 0 of 5 jobs complete, 1 job running.
[16:56:44] Block-level synthesis in progress, 0 of 5 jobs complete, 1 job running.
[16:57:15] Block-level synthesis in progress, 0 of 5 jobs complete, 1 job running.
[16:57:47] Block-level synthesis in progress, 0 of 5 jobs complete, 1 job running.
[16:58:20] Block-level synthesis in progress, 0 of 5 jobs complete, 1 job running.
[16:58:52] Block-level synthesis in progress, 0 of 5 jobs complete, 1 job running.
[16:59:24] Block-level synthesis in progress, 1 of 5 jobs complete, 0 jobs running.
[17:00:00] Block-level synthesis in progress, 4 of 5 jobs complete, 1 job running.
[17:00:31] Top-level synthesis in progress.
[17:01:02] Top-level synthesis in progress.
[17:01:34] Top-level synthesis in progress.
[17:02:05] Top-level synthesis in progress.
[17:02:16] Run vpl: Step synth: Completed
[17:02:16] Run vpl: Step impl: Started
[17:14:55] Finished 2nd of 6 tasks (FPGA linking synthesized kernels to platform). Elapsed time: 00h 55m 06s 

[17:14:55] Starting logic optimization..
[17:17:01] Phase 1 Retarget
[17:17:32] Phase 2 Constant propagation
[17:17:32] Phase 3 Sweep
[17:19:38] Phase 4 BUFG optimization
[17:19:38] Phase 5 Shift Register Optimization
[17:20:10] Phase 6 Post Processing Netlist
[17:23:19] Finished 3rd of 6 tasks (FPGA logic optimization). Elapsed time: 00h 08m 24s 

[17:23:19] Starting logic placement..
[17:24:22] Phase 1 Placer Initialization
[17:24:22] Phase 1.1 Placer Initialization Netlist Sorting
[17:29:06] Phase 1.2 IO Placement/ Clock Placement/ Build Placer Device
[17:30:09] Phase 1.3 Build Placer Netlist Model
[17:33:19] Phase 1.4 Constrain Clocks/Macros
[17:33:51] Phase 2 Global Placement
[17:33:51] Phase 2.1 Floorplanning
[17:34:54] Phase 2.1.1 Partition Driven Placement
[17:34:54] Phase 2.1.1.1 PBP: Partition Driven Placement
[17:37:33] Phase 2.1.1.2 PBP: Clock Region Placement
[17:38:36] Phase 2.1.1.3 PBP: Compute Congestion
[17:38:36] Phase 2.1.1.4 PBP: UpdateTiming
[17:39:08] Phase 2.1.1.5 PBP: Add part constraints
[17:39:40] Phase 2.2 Physical Synthesis After Floorplan
[17:40:44] Phase 2.3 Update Timing before SLR Path Opt
[17:40:44] Phase 2.4 Post-Processing in Floorplanning
[17:40:44] Phase 2.5 Global Placement Core
[17:54:43] Phase 2.5.1 Physical Synthesis In Placer
[18:01:15] Phase 3 Detail Placement
[18:01:15] Phase 3.1 Commit Multi Column Macros
[18:01:15] Phase 3.2 Commit Most Macros & LUTRAMs
[18:03:47] Phase 3.3 Small Shape DP
[18:03:47] Phase 3.3.1 Small Shape Clustering
[18:04:24] Phase 3.3.2 Flow Legalize Slice Clusters
[18:04:24] Phase 3.3.3 Slice Area Swap
[18:06:49] Phase 3.4 Place Remaining
[18:06:49] Phase 3.5 Re-assign LUT pins
[18:07:26] Phase 3.6 Pipeline Register Optimization
[18:07:26] Phase 3.7 Fast Optimization
[18:09:53] Phase 4 Post Placement Optimization and Clean-Up
[18:09:53] Phase 4.1 Post Commit Optimization
[18:12:53] Phase 4.1.1 Post Placement Optimization
[18:12:53] Phase 4.1.1.1 BUFG Insertion
[18:12:53] Phase 1 Physical Synthesis Initialization
[18:14:42] Phase 4.1.1.2 BUFG Replication
[18:14:42] Phase 4.1.1.3 Post Placement Timing Optimization
[18:22:45] Phase 4.1.1.4 Replication
[18:24:31] Phase 4.2 Post Placement Cleanup
[18:24:31] Phase 4.3 Placer Reporting
[18:24:31] Phase 4.3.1 Print Estimated Congestion
[18:25:07] Phase 4.4 Final Placement Cleanup
[18:47:59] Finished 4th of 6 tasks (FPGA logic placement). Elapsed time: 01h 24m 39s 

[18:47:59] Starting logic routing..
[18:49:02] Phase 1 Build RT Design
[18:52:48] Phase 2 Router Initialization
[18:52:48] Phase 2.1 Fix Topology Constraints
[18:52:48] Phase 2.2 Pre Route Cleanup
[18:53:19] Phase 2.3 Global Clock Net Routing
[18:53:51] Phase 2.4 Update Timing
[18:59:10] Phase 2.5 Update Timing for Bus Skew
[18:59:10] Phase 2.5.1 Update Timing
[19:01:17] Phase 3 Initial Routing
[19:01:17] Phase 3.1 Global Routing
[19:03:56] Phase 3.2 Update Timing
[19:09:46] Phase 4 Rip-up And Reroute
[19:09:46] Phase 4.1 Global Iteration 0
[19:43:17] Phase 4.2 Global Iteration 1
[19:52:16] Phase 4.3 Global Iteration 2
[19:54:55] Phase 4.4 Global Iteration 3
[19:59:09] Phase 4.5 Global Iteration 4
[20:04:28] Phase 5 Delay and Skew Optimization
[20:04:28] Phase 5.1 Delay CleanUp
[20:04:28] Phase 5.1.1 Update Timing
[20:06:36] Phase 5.1.2 Update Timing
[20:08:12] Phase 5.2 Clock Skew Optimization
[20:08:44] Phase 6 Post Hold Fix
[20:08:44] Phase 6.1 Hold Fix Iter
[20:08:44] Phase 6.1.1 Update Timing
[20:10:50] Phase 6.1.2 Lut RouteThru Assignment for hold
[20:11:22] Phase 6.2 Additional Hold Fix
[20:15:06] Phase 7 Leaf Clock Prog Delay Opt
[20:20:56] Phase 7.1 Delay CleanUp
[20:20:56] Phase 7.1.1 Update Timing
[20:22:32] Phase 7.1.2 Update Timing
[20:24:08] Phase 7.2 Hold Fix Iter
[20:24:08] Phase 7.2.1 Update Timing
[20:26:15] Phase 7.2.2 Lut RouteThru Assignment for hold
[20:26:46] Phase 7.3 Additional Hold Fix
[20:31:32] Phase 7.4 Global Iteration for Hold
[20:31:32] Phase 7.4.1 Update Timing
[20:35:46] Phase 8 Route finalize
[20:35:46] Phase 9 Verifying routed nets
[20:36:17] Phase 10 Depositing Routes
[20:37:21] Phase 11 Resolve XTalk
[20:37:21] Phase 12 Post Router Timing
[20:40:00] Phase 13 Physical Synthesis in Router
[20:40:00] Phase 13.1 Physical Synthesis Initialization
[20:42:08] Phase 13.2 Critical Path Optimization
[20:43:43] Finished 5th of 6 tasks (FPGA routing). Elapsed time: 01h 55m 44s 

[20:43:43] Starting bitstream generation..
[20:59:40] Creating bitmap...
[21:08:12] Writing bitstream ./pfm_top_i_dynamic_region_my_rm_partial.bit...
[21:08:12] Finished 6th of 6 tasks (FPGA bitstream generation). Elapsed time: 00h 24m 28s 
[21:08:15] Run vpl: Step impl: Completed
[21:08:17] Run vpl: FINISHED. Run Status: impl Complete!
INFO: [v++ 60-1441] [21:08:21] Run run_link: Step vpl: Completed
Time (s): cpu = 00:02:18 ; elapsed = 04:48:34 . Memory (MB): peak = 2062.191 ; gain = 0.000 ; free physical = 21522 ; free virtual = 486112
INFO: [v++ 60-1443] [21:08:21] Run run_link: Step rtdgen: Started
INFO: [v++ 60-1453] Command Line: rtdgen
INFO: [v++ 60-1454] Run Directory: /home/ziyuanwang/hbm/Vitis_Accel_Examples/performance/hbm_bandwidth/_x_5core_gmem0023_30.hw.xilinx_u280_xdma_201920_3/link/run_link
INFO: [v++ 60-991] clock name 'clkwiz_kernel_clk_out1' (clock ID '0') is being mapped to clock name 'DATA_CLK' in the xclbin
INFO: [v++ 60-991] clock name 'clkwiz_kernel2_clk_out1' (clock ID '1') is being mapped to clock name 'KERNEL_CLK' in the xclbin
INFO: [v++ 60-991] clock name 'clk_out1_pfm_top_clkwiz_hbm_aclk_0' (clock ID '') is being mapped to clock name 'clk_out1_pfm_top_clkwiz_hbm_aclk_0' in the xclbin
INFO: [v++ 60-1230] The compiler selected the following frequencies for the runtime controllable kernel clock(s) and scalable system clock(s): System (SYSTEM) clock: clk_out1_pfm_top_clkwiz_hbm_aclk_0 = 371, Kernel (DATA) clock: clkwiz_kernel_clk_out1 = 224, Kernel (KERNEL) clock: clkwiz_kernel2_clk_out1 = 500
INFO: [v++ 60-1453] Command Line: cf2sw -a /home/ziyuanwang/hbm/Vitis_Accel_Examples/performance/hbm_bandwidth/_x_5core_gmem0023_30.hw.xilinx_u280_xdma_201920_3/link/int/address_map.xml -sdsl /home/ziyuanwang/hbm/Vitis_Accel_Examples/performance/hbm_bandwidth/_x_5core_gmem0023_30.hw.xilinx_u280_xdma_201920_3/link/int/sdsl.dat -xclbin /home/ziyuanwang/hbm/Vitis_Accel_Examples/performance/hbm_bandwidth/_x_5core_gmem0023_30.hw.xilinx_u280_xdma_201920_3/link/int/xclbin_orig.xml -rtd /home/ziyuanwang/hbm/Vitis_Accel_Examples/performance/hbm_bandwidth/_x_5core_gmem0023_30.hw.xilinx_u280_xdma_201920_3/link/int/krnl_vaddmul.link.rtd -o /home/ziyuanwang/hbm/Vitis_Accel_Examples/performance/hbm_bandwidth/_x_5core_gmem0023_30.hw.xilinx_u280_xdma_201920_3/link/int/krnl_vaddmul.link.xml
INFO: [v++ 60-1652] Cf2sw returned exit code: 0
INFO: [v++ 60-1441] [21:08:27] Run run_link: Step rtdgen: Completed
Time (s): cpu = 00:00:05 ; elapsed = 00:00:06 . Memory (MB): peak = 2062.191 ; gain = 0.000 ; free physical = 21493 ; free virtual = 486083
INFO: [v++ 60-1443] [21:08:27] Run run_link: Step xclbinutil: Started
INFO: [v++ 60-1453] Command Line: xclbinutil --add-section DEBUG_IP_LAYOUT:JSON:/home/ziyuanwang/hbm/Vitis_Accel_Examples/performance/hbm_bandwidth/_x_5core_gmem0023_30.hw.xilinx_u280_xdma_201920_3/link/int/debug_ip_layout.rtd --add-section BITSTREAM:RAW:/home/ziyuanwang/hbm/Vitis_Accel_Examples/performance/hbm_bandwidth/_x_5core_gmem0023_30.hw.xilinx_u280_xdma_201920_3/link/int/partial.bit --force --target hw --key-value SYS:dfx_enable:true --add-section :JSON:/home/ziyuanwang/hbm/Vitis_Accel_Examples/performance/hbm_bandwidth/_x_5core_gmem0023_30.hw.xilinx_u280_xdma_201920_3/link/int/krnl_vaddmul.link.rtd --append-section :JSON:/home/ziyuanwang/hbm/Vitis_Accel_Examples/performance/hbm_bandwidth/_x_5core_gmem0023_30.hw.xilinx_u280_xdma_201920_3/link/int/appendSection.rtd --add-section CLOCK_FREQ_TOPOLOGY:JSON:/home/ziyuanwang/hbm/Vitis_Accel_Examples/performance/hbm_bandwidth/_x_5core_gmem0023_30.hw.xilinx_u280_xdma_201920_3/link/int/krnl_vaddmul.link_xml.rtd --add-section BUILD_METADATA:JSON:/home/ziyuanwang/hbm/Vitis_Accel_Examples/performance/hbm_bandwidth/_x_5core_gmem0023_30.hw.xilinx_u280_xdma_201920_3/link/int/krnl_vaddmul.link_build.rtd --add-section EMBEDDED_METADATA:RAW:/home/ziyuanwang/hbm/Vitis_Accel_Examples/performance/hbm_bandwidth/_x_5core_gmem0023_30.hw.xilinx_u280_xdma_201920_3/link/int/krnl_vaddmul.link.xml --add-section SYSTEM_METADATA:RAW:/home/ziyuanwang/hbm/Vitis_Accel_Examples/performance/hbm_bandwidth/_x_5core_gmem0023_30.hw.xilinx_u280_xdma_201920_3/link/int/systemDiagramModelSlrBaseAddress.json --output /home/ziyuanwang/hbm/Vitis_Accel_Examples/performance/hbm_bandwidth/./build_dir_5core_gmem0023_30.hw.xilinx_u280_xdma_201920_3/krnl_vaddmul.link.xclbin
INFO: [v++ 60-1454] Run Directory: /home/ziyuanwang/hbm/Vitis_Accel_Examples/performance/hbm_bandwidth/_x_5core_gmem0023_30.hw.xilinx_u280_xdma_201920_3/link/run_link
XRT Build Version: 2.14.354 (2022.2)
       Build Date: 2022-10-08 09:49:58
          Hash ID: 43926231f7183688add2dccfd391b36a1f000bea
Creating a default 'in-memory' xclbin image.

Section: 'DEBUG_IP_LAYOUT'(9) was successfully added.
Size   : 296 bytes
Format : JSON
File   : '/home/ziyuanwang/hbm/Vitis_Accel_Examples/performance/hbm_bandwidth/_x_5core_gmem0023_30.hw.xilinx_u280_xdma_201920_3/link/int/debug_ip_layout.rtd'

Section: 'BITSTREAM'(0) was successfully added.
Size   : 52598687 bytes
Format : RAW
File   : '/home/ziyuanwang/hbm/Vitis_Accel_Examples/performance/hbm_bandwidth/_x_5core_gmem0023_30.hw.xilinx_u280_xdma_201920_3/link/int/partial.bit'

Section: 'MEM_TOPOLOGY'(6) was successfully added.
Format : JSON
File   : 'mem_topology'

Section: 'IP_LAYOUT'(8) was successfully added.
Format : JSON
File   : 'ip_layout'

Section: 'CONNECTIVITY'(7) was successfully added.
Format : JSON
File   : 'connectivity'

Section: 'CLOCK_FREQ_TOPOLOGY'(11) was successfully added.
Size   : 410 bytes
Format : JSON
File   : '/home/ziyuanwang/hbm/Vitis_Accel_Examples/performance/hbm_bandwidth/_x_5core_gmem0023_30.hw.xilinx_u280_xdma_201920_3/link/int/krnl_vaddmul.link_xml.rtd'

Section: 'BUILD_METADATA'(14) was successfully added.
Size   : 4573 bytes
Format : JSON
File   : '/home/ziyuanwang/hbm/Vitis_Accel_Examples/performance/hbm_bandwidth/_x_5core_gmem0023_30.hw.xilinx_u280_xdma_201920_3/link/int/krnl_vaddmul.link_build.rtd'

Section: 'EMBEDDED_METADATA'(2) was successfully added.
Size   : 8450 bytes
Format : RAW
File   : '/home/ziyuanwang/hbm/Vitis_Accel_Examples/performance/hbm_bandwidth/_x_5core_gmem0023_30.hw.xilinx_u280_xdma_201920_3/link/int/krnl_vaddmul.link.xml'

Section: 'SYSTEM_METADATA'(22) was successfully added.
Size   : 25993 bytes
Format : RAW
File   : '/home/ziyuanwang/hbm/Vitis_Accel_Examples/performance/hbm_bandwidth/_x_5core_gmem0023_30.hw.xilinx_u280_xdma_201920_3/link/int/systemDiagramModelSlrBaseAddress.json'

Section: 'IP_LAYOUT'(8) was successfully appended to.
Format : JSON
File   : 'ip_layout'
Successfully wrote (52670261 bytes) to the output file: /home/ziyuanwang/hbm/Vitis_Accel_Examples/performance/hbm_bandwidth/./build_dir_5core_gmem0023_30.hw.xilinx_u280_xdma_201920_3/krnl_vaddmul.link.xclbin
Leaving xclbinutil.
INFO: [v++ 60-1441] [21:08:29] Run run_link: Step xclbinutil: Completed
Time (s): cpu = 00:00:00.11 ; elapsed = 00:00:02 . Memory (MB): peak = 2062.191 ; gain = 0.000 ; free physical = 21470 ; free virtual = 486110
INFO: [v++ 60-1443] [21:08:29] Run run_link: Step xclbinutilinfo: Started
INFO: [v++ 60-1453] Command Line: xclbinutil --quiet --force --info /home/ziyuanwang/hbm/Vitis_Accel_Examples/performance/hbm_bandwidth/./build_dir_5core_gmem0023_30.hw.xilinx_u280_xdma_201920_3/krnl_vaddmul.link.xclbin.info --input /home/ziyuanwang/hbm/Vitis_Accel_Examples/performance/hbm_bandwidth/./build_dir_5core_gmem0023_30.hw.xilinx_u280_xdma_201920_3/krnl_vaddmul.link.xclbin
INFO: [v++ 60-1454] Run Directory: /home/ziyuanwang/hbm/Vitis_Accel_Examples/performance/hbm_bandwidth/_x_5core_gmem0023_30.hw.xilinx_u280_xdma_201920_3/link/run_link
INFO: [v++ 60-1441] [21:08:30] Run run_link: Step xclbinutilinfo: Completed
Time (s): cpu = 00:00:00.47 ; elapsed = 00:00:00.78 . Memory (MB): peak = 2062.191 ; gain = 0.000 ; free physical = 21464 ; free virtual = 486104
INFO: [v++ 60-1443] [21:08:30] Run run_link: Step generate_sc_driver: Started
INFO: [v++ 60-1453] Command Line: 
INFO: [v++ 60-1454] Run Directory: /home/ziyuanwang/hbm/Vitis_Accel_Examples/performance/hbm_bandwidth/_x_5core_gmem0023_30.hw.xilinx_u280_xdma_201920_3/link/run_link
INFO: [v++ 60-1441] [21:08:30] Run run_link: Step generate_sc_driver: Completed
Time (s): cpu = 00:00:00 ; elapsed = 00:00:00.10 . Memory (MB): peak = 2062.191 ; gain = 0.000 ; free physical = 21463 ; free virtual = 486103
INFO: [v++ 60-244] Generating system estimate report...
INFO: [v++ 60-1092] Generated system estimate report: /home/ziyuanwang/hbm/Vitis_Accel_Examples/performance/hbm_bandwidth/_x_5core_gmem0023_30.hw.xilinx_u280_xdma_201920_3/reports/link/system_estimate_krnl_vaddmul.link.xtxt
INFO: [v++ 60-586] Created /home/ziyuanwang/hbm/Vitis_Accel_Examples/performance/hbm_bandwidth/build_dir_5core_gmem0023_30.hw.xilinx_u280_xdma_201920_3/krnl_vaddmul.link.ltx
INFO: [v++ 60-586] Created ./build_dir_5core_gmem0023_30.hw.xilinx_u280_xdma_201920_3/krnl_vaddmul.link.xclbin
INFO: [v++ 60-1307] Run completed. Additional information can be found in:
	Guidance: /home/ziyuanwang/hbm/Vitis_Accel_Examples/performance/hbm_bandwidth/_x_5core_gmem0023_30.hw.xilinx_u280_xdma_201920_3/reports/link/v++_link_krnl_vaddmul.link_guidance.html
	Timing Report: /home/ziyuanwang/hbm/Vitis_Accel_Examples/performance/hbm_bandwidth/_x_5core_gmem0023_30.hw.xilinx_u280_xdma_201920_3/reports/link/imp/impl_1_xilinx_u280_xdma_201920_3_bb_locked_timing_summary_routed.rpt
	Vivado Log: /home/ziyuanwang/hbm/Vitis_Accel_Examples/performance/hbm_bandwidth/_x_5core_gmem0023_30.hw.xilinx_u280_xdma_201920_3/logs/link/vivado.log
	Steps Log File: /home/ziyuanwang/hbm/Vitis_Accel_Examples/performance/hbm_bandwidth/_x_5core_gmem0023_30.hw.xilinx_u280_xdma_201920_3/logs/link/link.steps.log

INFO: [v++ 60-2343] Use the vitis_analyzer tool to visualize and navigate the relevant reports. Run the following command. 
    vitis_analyzer /home/ziyuanwang/hbm/Vitis_Accel_Examples/performance/hbm_bandwidth/build_dir_5core_gmem0023_30.hw.xilinx_u280_xdma_201920_3/krnl_vaddmul.link.xclbin.link_summary 
INFO: [v++ 60-791] Total elapsed time: 4h 50m 1s
