Copyright 1986-2021 Xilinx, Inc. All Rights Reserved.
------------------------------------------------------------------------------------------------------------------------------------------------------------------------------------------
| Tool Version : Vivado v.2021.2 (lin64) Build 3367213 Tue Oct 19 02:47:39 MDT 2021
| Date         : Tue Nov 12 18:42:02 2024
| Host         : hacc-gpu0 running 64-bit Ubuntu 20.04.6 LTS
| Command      : report_accelerator_utilization -kernels { krnl_vadd:pfm_top_i/dynamic_region/krnl_vadd_1/inst:krnl_vadd_1} -file kernel_util_synthed.rpt -name kernel_util_synthed -json
| Design       : pfm_top_wrapper
| Device       : xcu280
| Design State : Synthesized
------------------------------------------------------------------------------------------------------------------------------------------------------------------------------------------

Accelerator Utilization Design Information

Table of Contents
-----------------
1. System Utilization

1. System Utilization
---------------------

+---------------------+-------------------+------------------+-------------------+----------------+---------------+----------------+
| Name                | LUT               | LUTAsMem         | REG               | BRAM           | URAM          | DSP            |
+---------------------+-------------------+------------------+-------------------+----------------+---------------+----------------+
| Platform            |  117807 [  9.04%] |  12220 [  2.04%] |  157300 [  6.03%] |  202 [ 10.02%] |   0 [  0.00%] |    4 [  0.04%] |
| User Budget         | 1184913 [100.00%] | 588260 [100.00%] | 2450060 [100.00%] | 1814 [100.00%] | 960 [100.00%] | 9020 [100.00%] |
|    Used Resources   |    8790 [  0.74%] |   1377 [  0.23%] |   14791 [  0.60%] |   23 [  1.27%] |   0 [  0.00%] |    4 [  0.04%] |
|    Unused Resources | 1176123 [ 99.26%] | 586883 [ 99.77%] | 2435269 [ 99.40%] | 1791 [ 98.73%] | 960 [100.00%] | 9016 [ 99.96%] |
| krnl_vadd           |    8790 [  0.74%] |   1377 [  0.23%] |   14791 [  0.60%] |   23 [  1.27%] |   0 [  0.00%] |    4 [  0.04%] |
|    krnl_vadd_1      |    8790 [  0.74%] |   1377 [  0.23%] |   14791 [  0.60%] |   23 [  1.27%] |   0 [  0.00%] |    4 [  0.04%] |
+---------------------+-------------------+------------------+-------------------+----------------+---------------+----------------+


