Copyright 1986-2021 Xilinx, Inc. All Rights Reserved.
----------------------------------------------------------------------------------------------------------------------------------------------------------------------------------------
| Tool Version : Vivado v.2021.2 (lin64) Build 3367213 Tue Oct 19 02:47:39 MDT 2021
| Date         : Fri Nov 15 02:11:27 2024
| Host         : hacc-gpu0 running 64-bit Ubuntu 20.04.6 LTS
| Command      : report_accelerator_utilization -kernels { krnl_vadd:pfm_top_i/dynamic_region/krnl_vadd_1/inst:krnl_vadd_1} -file kernel_util_routed.rpt -name kernel_util_routed -json
| Design       : pfm_top_wrapper
| Device       : xcu280
| Design State : Routed
----------------------------------------------------------------------------------------------------------------------------------------------------------------------------------------

Accelerator Utilization Design Information

Table of Contents
-----------------
1. System Utilization

1. System Utilization
---------------------

+---------------------+-------------------+------------------+-------------------+----------------+---------------+----------------+
| Name                | LUT               | LUTAsMem         | REG               | BRAM           | URAM          | DSP            |
+---------------------+-------------------+------------------+-------------------+----------------+---------------+----------------+
| Platform            |  104106 [  7.99%] |  10550 [  1.76%] |  152448 [  5.85%] |  202 [ 10.02%] |   0 [  0.00%] |    4 [  0.04%] |
| User Budget         | 1198614 [100.00%] | 589930 [100.00%] | 2454912 [100.00%] | 1814 [100.00%] | 960 [100.00%] | 9020 [100.00%] |
|    Used Resources   |    7865 [  0.66%] |   1116 [  0.19%] |   17091 [  0.70%] |   23 [  1.27%] |   0 [  0.00%] |   32 [  0.35%] |
|    Unused Resources | 1190749 [ 99.34%] | 588814 [ 99.81%] | 2437821 [ 99.30%] | 1791 [ 98.73%] | 960 [100.00%] | 8988 [ 99.65%] |
| krnl_vadd           |    7865 [  0.66%] |   1116 [  0.19%] |   17091 [  0.70%] |   23 [  1.27%] |   0 [  0.00%] |   32 [  0.35%] |
|    krnl_vadd_1      |    7865 [  0.66%] |   1116 [  0.19%] |   17091 [  0.70%] |   23 [  1.27%] |   0 [  0.00%] |   32 [  0.35%] |
+---------------------+-------------------+------------------+-------------------+----------------+---------------+----------------+


