Copyright 1986-2021 Xilinx, Inc. All Rights Reserved.
----------------------------------------------------------------------------------------------------------------------------------------------------------------------------------------
| Tool Version : Vivado v.2021.2 (lin64) Build 3367213 Tue Oct 19 02:47:39 MDT 2021
| Date         : Mon Oct 14 21:58:13 2024
| Host         : hacc-gpu0 running 64-bit Ubuntu 20.04.6 LTS
| Command      : report_accelerator_utilization -kernels { krnl_vadd:pfm_top_i/dynamic_region/krnl_vadd_1/inst:krnl_vadd_1} -file kernel_util_routed.rpt -name kernel_util_routed -json
| Design       : pfm_top_wrapper
| Device       : xcu280
| Design State : Routed
----------------------------------------------------------------------------------------------------------------------------------------------------------------------------------------

Accelerator Utilization Design Information

Table of Contents
-----------------
1. System Utilization

1. System Utilization
---------------------

+---------------------+-------------------+------------------+-------------------+----------------+---------------+----------------+
| Name                | LUT               | LUTAsMem         | REG               | BRAM           | URAM          | DSP            |
+---------------------+-------------------+------------------+-------------------+----------------+---------------+----------------+
| Platform            |  104096 [  7.99%] |  10550 [  1.76%] |  152481 [  5.85%] |  202 [ 10.02%] |   0 [  0.00%] |    4 [  0.04%] |
| User Budget         | 1198624 [100.00%] | 589930 [100.00%] | 2454879 [100.00%] | 1814 [100.00%] | 960 [100.00%] | 9020 [100.00%] |
|    Used Resources   |    5971 [  0.50%] |   1106 [  0.19%] |   13467 [  0.55%] |   23 [  1.27%] |   0 [  0.00%] |    0 [  0.00%] |
|    Unused Resources | 1192653 [ 99.50%] | 588824 [ 99.81%] | 2441412 [ 99.45%] | 1791 [ 98.73%] | 960 [100.00%] | 9020 [100.00%] |
| krnl_vadd           |    5971 [  0.50%] |   1106 [  0.19%] |   13467 [  0.55%] |   23 [  1.27%] |   0 [  0.00%] |    0 [  0.00%] |
|    krnl_vadd_1      |    5971 [  0.50%] |   1106 [  0.19%] |   13467 [  0.55%] |   23 [  1.27%] |   0 [  0.00%] |    0 [  0.00%] |
+---------------------+-------------------+------------------+-------------------+----------------+---------------+----------------+


