Copyright 1986-2021 Xilinx, Inc. All Rights Reserved.
----------------------------------------------------------------------------------------------------------------------------------------------------------------------------------------------------------------------------------------------------------------------------------------------------------------------------------------------------------------------------------------------------------------------------
| Tool Version : Vivado v.2021.2 (lin64) Build 3367213 Tue Oct 19 02:47:39 MDT 2021
| Date         : Fri Nov 15 03:02:41 2024
| Host         : hacc-gpu0 running 64-bit Ubuntu 20.04.6 LTS
| Command      : report_accelerator_utilization -kernels { krnl_vaddmul:pfm_top_i/dynamic_region/krnl_vaddmul_1/inst:krnl_vaddmul_1 krnl_vaddmul:pfm_top_i/dynamic_region/krnl_vaddmul_2/inst:krnl_vaddmul_2 krnl_vaddmul:pfm_top_i/dynamic_region/krnl_vaddmul_3/inst:krnl_vaddmul_3 krnl_vaddmul:pfm_top_i/dynamic_region/krnl_vaddmul_4/inst:krnl_vaddmul_4} -file kernel_util_routed.rpt -name kernel_util_routed -json
| Design       : pfm_top_wrapper
| Device       : xcu280
| Design State : Routed
----------------------------------------------------------------------------------------------------------------------------------------------------------------------------------------------------------------------------------------------------------------------------------------------------------------------------------------------------------------------------------------------------------------------------

Accelerator Utilization Design Information

Table of Contents
-----------------
1. System Utilization

1. System Utilization
---------------------

+---------------------+-------------------+------------------+-------------------+----------------+---------------+----------------+
| Name                | LUT               | LUTAsMem         | REG               | BRAM           | URAM          | DSP            |
+---------------------+-------------------+------------------+-------------------+----------------+---------------+----------------+
| Platform            |  137238 [ 10.53%] |  26262 [  4.37%] |  210708 [  8.08%] |  204 [ 10.12%] |   0 [  0.00%] |    4 [  0.04%] |
| User Budget         | 1165482 [100.00%] | 574218 [100.00%] | 2396652 [100.00%] | 1812 [100.00%] | 960 [100.00%] | 9020 [100.00%] |
|    Used Resources   |  263816 [ 22.64%] |  11601 [  2.02%] |  349603 [ 14.59%] |  244 [ 13.47%] |   0 [  0.00%] |   36 [  0.40%] |
|    Unused Resources |  901666 [ 77.36%] | 562617 [ 97.98%] | 2047049 [ 85.41%] | 1568 [ 86.53%] | 960 [100.00%] | 8984 [ 99.60%] |
| krnl_vaddmul        |  263816 [ 22.64%] |  11601 [  2.02%] |  349603 [ 14.59%] |  244 [ 13.47%] |   0 [  0.00%] |   36 [  0.40%] |
|    krnl_vaddmul_1   |   65883 [  5.65%] |   2901 [  0.51%] |   87406 [  3.65%] |   61 [  3.37%] |   0 [  0.00%] |    9 [  0.10%] |
|    krnl_vaddmul_2   |   66306 [  5.69%] |   2900 [  0.51%] |   87392 [  3.65%] |   61 [  3.37%] |   0 [  0.00%] |    9 [  0.10%] |
|    krnl_vaddmul_3   |   65794 [  5.65%] |   2901 [  0.51%] |   87388 [  3.65%] |   61 [  3.37%] |   0 [  0.00%] |    9 [  0.10%] |
|    krnl_vaddmul_4   |   65833 [  5.65%] |   2899 [  0.50%] |   87417 [  3.65%] |   61 [  3.37%] |   0 [  0.00%] |    9 [  0.10%] |
+---------------------+-------------------+------------------+-------------------+----------------+---------------+----------------+


