Copyright 1986-2021 Xilinx, Inc. All Rights Reserved.
------------------------------------------------------------------------------------------
| Tool Version : Vivado v.2021.2 (lin64) Build 3367213 Tue Oct 19 02:47:39 MDT 2021
| Date         : Sun Dec  8 12:16:42 2024
| Host         : hacc-gpu0 running 64-bit Ubuntu 20.04.6 LTS
| Command      : report_utilization -slr -file slr_util_routed.rpt -pb slr_util_routed.pb
| Design       : pfm_top_wrapper
| Device       : xcu280-fsvh2892-2L-e
| Speed File   : -2L
| Design State : Routed
------------------------------------------------------------------------------------------

Utilization Design Information

Table of Contents
-----------------
1. SLR Connectivity
2. SLR Connectivity Matrix
3. SLR CLB Logic and Dedicated Block Utilization
4. SLR IO Utilization

1. SLR Connectivity
-------------------

+----------------------------------+-------+-------+-----------+-------+
|                                  |  Used | Fixed | Available | Util% |
+----------------------------------+-------+-------+-----------+-------+
| SLR2 <-> SLR1                    |  8420 |       |     23040 | 36.55 |
|   SLR1 -> SLR2                   |  3994 |       |           | 17.34 |
|     Using TX_REG only            |  1855 |     1 |           |       |
|     Using RX_REG only            |  1872 |    18 |           |       |
|     Using Both TX_REG and RX_REG |  1855 |     1 |           |       |
|   SLR2 -> SLR1                   |  4426 |       |           | 19.21 |
|     Using TX_REG only            |  2659 |     0 |           |       |
|     Using RX_REG only            |  2662 |     4 |           |       |
|     Using Both TX_REG and RX_REG |  2657 |     0 |           |       |
| SLR1 <-> SLR0                    | 11498 |       |     23040 | 49.90 |
|   SLR0 -> SLR1                   |  4943 |       |           | 21.45 |
|     Using TX_REG only            |  3539 |    71 |           |       |
|     Using RX_REG only            |  3529 |    61 |           |       |
|     Using Both TX_REG and RX_REG |  3523 |    55 |           |       |
|   SLR1 -> SLR0                   |  6555 |       |           | 28.45 |
|     Using TX_REG only            |  4937 |    62 |           |       |
|     Using RX_REG only            |  4949 |    71 |           |       |
|     Using Both TX_REG and RX_REG |  4935 |    60 |           |       |
+----------------------------------+-------+-------+-----------+-------+
| Total SLLs Used                  | 19918 |       |           |       |
+----------------------------------+-------+-------+-----------+-------+


2. SLR Connectivity Matrix
--------------------------

+-----------+------+------+------+
| FROM \ TO | SLR2 | SLR1 | SLR0 |
+-----------+------+------+------+
| SLR2      |    0 | 4268 |  158 |
| SLR1      | 3858 |    0 | 6397 |
| SLR0      |  136 | 4807 |    0 |
+-----------+------+------+------+


3. SLR CLB Logic and Dedicated Block Utilization
------------------------------------------------

+----------------------------+--------+--------+--------+--------+--------+--------+
|          Site Type         |  SLR0  |  SLR1  |  SLR2  | SLR0 % | SLR1 % | SLR2 % |
+----------------------------+--------+--------+--------+--------+--------+--------+
| CLB                        |  39275 |  51894 |  50868 |  71.46 |  96.10 |  94.20 |
|   CLBL                     |  20491 |  27876 |  27310 |  69.98 |  95.20 |  93.27 |
|   CLBM                     |  18784 |  24018 |  23558 |  73.15 |  97.16 |  95.30 |
| CLB LUTs                   | 190167 | 281353 | 269917 |  43.25 |  65.13 |  62.48 |
|   LUT as Logic             | 136546 | 211196 | 199138 |  31.06 |  48.89 |  46.10 |
|     using O5 output only   |   1567 |   1704 |   2416 |   0.36 |   0.39 |   0.56 |
|     using O6 output only   |  95577 | 152667 | 138175 |  21.74 |  35.34 |  31.98 |
|     using O5 and O6        |  39402 |  56825 |  58547 |   8.96 |  13.15 |  13.55 |
|   LUT as Memory            |  53621 |  70157 |  70779 |  26.10 |  35.48 |  35.79 |
|     LUT as Distributed RAM |   4440 |   8133 |   5956 |   2.16 |   4.11 |   3.01 |
|       using O5 output only |      0 |      0 |      0 |   0.00 |   0.00 |   0.00 |
|       using O6 output only |     96 |    239 |    108 |   0.05 |   0.12 |   0.05 |
|       using O5 and O6      |   4344 |   7894 |   5848 |   2.11 |   3.99 |   2.96 |
|     LUT as Shift Register  |  49181 |  62024 |  64823 |  23.94 |  31.36 |  32.78 |
|       using O5 output only |      0 |      4 |      0 |   0.00 |  <0.01 |   0.00 |
|       using O6 output only |  42554 |  53611 |  56285 |  20.71 |  27.11 |  28.46 |
|       using O5 and O6      |   6627 |   8409 |   8538 |   3.23 |   4.25 |   4.32 |
| CLB Registers              | 246761 | 311677 | 308060 |  28.06 |  36.07 |  35.66 |
| CARRY8                     |   3537 |   5085 |   4925 |   6.44 |   9.42 |   9.12 |
| F7 Muxes                   |  22063 |  29629 |  31586 |  10.04 |  13.72 |  14.62 |
| F8 Muxes                   |     16 |    141 |     47 |   0.01 |   0.13 |   0.04 |
| F9 Muxes                   |      0 |      0 |      0 |   0.00 |   0.00 |   0.00 |
| Block RAM Tile             |   97.5 |  135.5 |    139 |  14.51 |  20.16 |  20.68 |
|   RAMB36/FIFO              |     94 |    132 |    134 |  13.99 |  19.64 |  19.94 |
|     RAMB36E2 only          |     94 |    132 |    134 |  13.99 |  19.64 |  19.94 |
|   RAMB18                   |      7 |      7 |     10 |   0.52 |   0.52 |   0.74 |
|     RAMB18E2 only          |      7 |      7 |     10 |   0.52 |   0.52 |   0.74 |
| URAM                       |    192 |    288 |    288 |  60.00 |  90.00 |  90.00 |
| DSPs                       |    172 |    258 |    262 |   5.97 |   8.40 |   8.53 |
| Unique Control Sets        |   5709 |   7161 |   7982 |   5.19 |   6.63 |   7.39 |
+----------------------------+--------+--------+--------+--------+--------+--------+
* Note: Available Control Sets based on CLB Registers / 8


4. SLR IO Utilization
---------------------

+-----------+-----------+---------+------------+----------+------------+----------+-----+
| SLR Index | Used IOBs | (%)IOBs | Used IPADs | (%)IPADs | Used OPADs | (%)OPADs | GTs |
+-----------+-----------+---------+------------+----------+------------+----------+-----+
| SLR2      |        18 |    8.65 |          0 |     0.00 |          0 |     0.00 |   0 |
| SLR1      |         0 |    0.00 |          0 |     0.00 |          0 |     0.00 |   0 |
| SLR0      |         1 |    0.48 |          0 |     0.00 |          0 |     0.00 |  16 |
+-----------+-----------+---------+------------+----------+------------+----------+-----+
| Total     |        19 |         |          0 |          |          0 |          |  16 |
+-----------+-----------+---------+------------+----------+------------+----------+-----+


