Copyright 1986-2021 Xilinx, Inc. All Rights Reserved.
----------------------------------------------------------------------------------------------------------------------------------------------------------------------------------------------------------------------------------------------------------------------------------------------------------------------------------------------------------------------------------------------------------------------------
| Tool Version : Vivado v.2021.2 (lin64) Build 3367213 Tue Oct 19 02:47:39 MDT 2021
| Date         : Fri Nov 15 03:14:25 2024
| Host         : hacc-gpu0 running 64-bit Ubuntu 20.04.6 LTS
| Command      : report_accelerator_utilization -kernels { krnl_vaddmul:pfm_top_i/dynamic_region/krnl_vaddmul_1/inst:krnl_vaddmul_1 krnl_vaddmul:pfm_top_i/dynamic_region/krnl_vaddmul_2/inst:krnl_vaddmul_2 krnl_vaddmul:pfm_top_i/dynamic_region/krnl_vaddmul_3/inst:krnl_vaddmul_3 krnl_vaddmul:pfm_top_i/dynamic_region/krnl_vaddmul_4/inst:krnl_vaddmul_4} -file kernel_util_placed.rpt -name kernel_util_placed -json
| Design       : pfm_top_wrapper
| Device       : xcu280
| Design State : Fully Placed
----------------------------------------------------------------------------------------------------------------------------------------------------------------------------------------------------------------------------------------------------------------------------------------------------------------------------------------------------------------------------------------------------------------------------

Accelerator Utilization Design Information

Table of Contents
-----------------
1. System Utilization

1. System Utilization
---------------------

+---------------------+-------------------+------------------+-------------------+----------------+---------------+----------------+
| Name                | LUT               | LUTAsMem         | REG               | BRAM           | URAM          | DSP            |
+---------------------+-------------------+------------------+-------------------+----------------+---------------+----------------+
| Platform            |  137432 [ 10.55%] |  26318 [  4.38%] |  210774 [  8.08%] |  204 [ 10.12%] |   0 [  0.00%] |    4 [  0.04%] |
| User Budget         | 1165288 [100.00%] | 574162 [100.00%] | 2396586 [100.00%] | 1812 [100.00%] | 960 [100.00%] | 9020 [100.00%] |
|    Used Resources   |  276199 [ 23.70%] |  15988 [  2.78%] |  404004 [ 16.86%] |  360 [ 19.87%] |   0 [  0.00%] |   32 [  0.35%] |
|    Unused Resources |  889089 [ 76.30%] | 558174 [ 97.22%] | 1992582 [ 83.14%] | 1452 [ 80.13%] | 960 [100.00%] | 8988 [ 99.65%] |
| krnl_vaddmul        |  276199 [ 23.70%] |  15988 [  2.78%] |  404004 [ 16.86%] |  360 [ 19.87%] |   0 [  0.00%] |   32 [  0.35%] |
|    krnl_vaddmul_1   |   68860 [  5.91%] |   3997 [  0.70%] |  100975 [  4.21%] |   90 [  4.97%] |   0 [  0.00%] |    8 [  0.09%] |
|    krnl_vaddmul_2   |   68881 [  5.91%] |   3997 [  0.70%] |  101003 [  4.21%] |   90 [  4.97%] |   0 [  0.00%] |    8 [  0.09%] |
|    krnl_vaddmul_3   |   69248 [  5.94%] |   3997 [  0.70%] |  101105 [  4.22%] |   90 [  4.97%] |   0 [  0.00%] |    8 [  0.09%] |
|    krnl_vaddmul_4   |   69210 [  5.94%] |   3997 [  0.70%] |  100921 [  4.21%] |   90 [  4.97%] |   0 [  0.00%] |    8 [  0.09%] |
+---------------------+-------------------+------------------+-------------------+----------------+---------------+----------------+


