Copyright 1986-2021 Xilinx, Inc. All Rights Reserved.
------------------------------------------------------------------------------------------------------------------------------------------------------------------------------------------------------------------------------------------------------------------------------------------------------------------------------------------------------------------------------------------------------------------------------------------------------------------------------------------------------------------------------
| Tool Version : Vivado v.2021.2 (lin64) Build 3367213 Tue Oct 19 02:47:39 MDT 2021
| Date         : Tue Dec 10 08:11:16 2024
| Host         : hacc-gpu0 running 64-bit Ubuntu 20.04.6 LTS
| Command      : report_accelerator_utilization -kernels { spmv_result_drain:pfm_top_i/dynamic_region/RD/inst:RD spmv_sk0:pfm_top_i/dynamic_region/SK0/inst:SK0 spmv_sk1:pfm_top_i/dynamic_region/SK1/inst:SK1 spmv_sk2:pfm_top_i/dynamic_region/SK2/inst:SK2 spmv_vector_loader:pfm_top_i/dynamic_region/VL/inst:VL k2k_relay:pfm_top_i/dynamic_region/relay_SK2_rout/inst:relay_SK2_rout k2k_relay:pfm_top_i/dynamic_region/relay_SK2_vin/inst:relay_SK2_vin} -file kernel_util_synthed.rpt -name kernel_util_synthed -json
| Design       : pfm_top_wrapper
| Device       : xcu280
| Design State : Synthesized
------------------------------------------------------------------------------------------------------------------------------------------------------------------------------------------------------------------------------------------------------------------------------------------------------------------------------------------------------------------------------------------------------------------------------------------------------------------------------------------------------------------------------

Accelerator Utilization Design Information

Table of Contents
-----------------
1. System Utilization

1. System Utilization
---------------------

+---------------------+-------------------+------------------+-------------------+----------------+---------------+----------------+
| Name                | LUT               | LUTAsMem         | REG               | BRAM           | URAM          | DSP            |
+---------------------+-------------------+------------------+-------------------+----------------+---------------+----------------+
| Platform            |  172978 [ 13.28%] |  36217 [  6.03%] |  320998 [ 12.31%] |  320 [ 15.87%] |   0 [  0.00%] |    4 [  0.04%] |
| User Budget         | 1129742 [100.00%] | 564263 [100.00%] | 2286362 [100.00%] | 1696 [100.00%] | 960 [100.00%] | 9020 [100.00%] |
|    Used Resources   |  606276 [ 53.66%] | 124352 [ 22.04%] |  687747 [ 30.08%] |  128 [  7.55%] | 512 [ 53.33%] |  688 [  7.63%] |
|    Unused Resources |  523466 [ 46.34%] | 439911 [ 77.96%] | 1598615 [ 69.92%] | 1568 [ 92.45%] | 448 [ 46.67%] | 8332 [ 92.37%] |
| k2k_relay           |    2072 [  0.18%] |      0 [  0.00%] |    8220 [  0.36%] |    0 [  0.00%] |   0 [  0.00%] |    0 [  0.00%] |
|    relay_SK2_rout   |    1036 [  0.09%] |      0 [  0.00%] |    4110 [  0.18%] |    0 [  0.00%] |   0 [  0.00%] |    0 [  0.00%] |
|    relay_SK2_vin    |    1036 [  0.09%] |      0 [  0.00%] |    4110 [  0.18%] |    0 [  0.00%] |   0 [  0.00%] |    0 [  0.00%] |
| spmv_result_drain   |    2245 [  0.20%] |    591 [  0.10%] |    4546 [  0.20%] |    4 [  0.24%] |   0 [  0.00%] |    0 [  0.00%] |
|    RD               |    2245 [  0.20%] |    591 [  0.10%] |    4546 [  0.20%] |    4 [  0.24%] |   0 [  0.00%] |    0 [  0.00%] |
| spmv_sk0            |  149393 [ 13.22%] |  30317 [  5.37%] |  167374 [  7.32%] |   30 [  1.77%] | 128 [ 13.33%] |  172 [  1.91%] |
|    SK0              |  149393 [ 13.22%] |  30317 [  5.37%] |  167374 [  7.32%] |   30 [  1.77%] | 128 [ 13.33%] |  172 [  1.91%] |
| spmv_sk1            |  225022 [ 19.92%] |  46341 [  8.21%] |  251110 [ 10.98%] |   45 [  2.65%] | 192 [ 20.00%] |  258 [  2.86%] |
|    SK1              |  225022 [ 19.92%] |  46341 [  8.21%] |  251110 [ 10.98%] |   45 [  2.65%] | 192 [ 20.00%] |  258 [  2.86%] |
| spmv_sk2            |  225022 [ 19.92%] |  46341 [  8.21%] |  251110 [ 10.98%] |   45 [  2.65%] | 192 [ 20.00%] |  258 [  2.86%] |
|    SK2              |  225022 [ 19.92%] |  46341 [  8.21%] |  251110 [ 10.98%] |   45 [  2.65%] | 192 [ 20.00%] |  258 [  2.86%] |
| spmv_vector_loader  |    2522 [  0.22%] |    762 [  0.14%] |    5387 [  0.24%] |    4 [  0.24%] |   0 [  0.00%] |    0 [  0.00%] |
|    VL               |    2522 [  0.22%] |    762 [  0.14%] |    5387 [  0.24%] |    4 [  0.24%] |   0 [  0.00%] |    0 [  0.00%] |
+---------------------+-------------------+------------------+-------------------+----------------+---------------+----------------+


