Copyright 1986-2021 Xilinx, Inc. All Rights Reserved.
------------------------------------------------------------------------------------------
| Tool Version : Vivado v.2021.2 (lin64) Build 3367213 Tue Oct 19 02:47:39 MDT 2021
| Date         : Tue Dec 10 17:54:33 2024
| Host         : hacc-gpu0 running 64-bit Ubuntu 20.04.6 LTS
| Command      : report_utilization -slr -file slr_util_routed.rpt -pb slr_util_routed.pb
| Design       : pfm_top_wrapper
| Device       : xcu280-fsvh2892-2L-e
| Speed File   : -2L
| Design State : Routed
------------------------------------------------------------------------------------------

Utilization Design Information

Table of Contents
-----------------
1. SLR Connectivity
2. SLR Connectivity Matrix
3. SLR CLB Logic and Dedicated Block Utilization
4. SLR IO Utilization

1. SLR Connectivity
-------------------

+----------------------------------+-------+-------+-----------+-------+
|                                  |  Used | Fixed | Available | Util% |
+----------------------------------+-------+-------+-----------+-------+
| SLR2 <-> SLR1                    |  8421 |       |     23040 | 36.55 |
|   SLR1 -> SLR2                   |  3993 |       |           | 17.33 |
|     Using TX_REG only            |  1855 |     1 |           |       |
|     Using RX_REG only            |  1872 |    18 |           |       |
|     Using Both TX_REG and RX_REG |  1855 |     1 |           |       |
|   SLR2 -> SLR1                   |  4428 |       |           | 19.22 |
|     Using TX_REG only            |  2659 |     0 |           |       |
|     Using RX_REG only            |  2664 |     4 |           |       |
|     Using Both TX_REG and RX_REG |  2659 |     0 |           |       |
| SLR1 <-> SLR0                    | 11500 |       |     23040 | 49.91 |
|   SLR0 -> SLR1                   |  4942 |       |           | 21.45 |
|     Using TX_REG only            |  3539 |    71 |           |       |
|     Using RX_REG only            |  3529 |    61 |           |       |
|     Using Both TX_REG and RX_REG |  3523 |    55 |           |       |
|   SLR1 -> SLR0                   |  6558 |       |           | 28.46 |
|     Using TX_REG only            |  4937 |    62 |           |       |
|     Using RX_REG only            |  4952 |    71 |           |       |
|     Using Both TX_REG and RX_REG |  4935 |    60 |           |       |
+----------------------------------+-------+-------+-----------+-------+
| Total SLLs Used                  | 19921 |       |           |       |
+----------------------------------+-------+-------+-----------+-------+


2. SLR Connectivity Matrix
--------------------------

+-----------+------+------+------+
| FROM \ TO | SLR2 | SLR1 | SLR0 |
+-----------+------+------+------+
| SLR2      |    0 | 4270 |  158 |
| SLR1      | 3857 |    0 | 6400 |
| SLR0      |  136 | 4806 |    0 |
+-----------+------+------+------+


3. SLR CLB Logic and Dedicated Block Utilization
------------------------------------------------

+----------------------------+--------+--------+--------+--------+--------+--------+
|          Site Type         |  SLR0  |  SLR1  |  SLR2  | SLR0 % | SLR1 % | SLR2 % |
+----------------------------+--------+--------+--------+--------+--------+--------+
| CLB                        |  38730 |  50650 |  50536 |  70.47 |  93.80 |  93.59 |
|   CLBL                     |  20340 |  27148 |  27185 |  69.47 |  92.72 |  92.84 |
|   CLBM                     |  18390 |  23502 |  23351 |  71.61 |  95.07 |  94.46 |
| CLB LUTs                   | 185093 | 273347 | 261244 |  42.10 |  63.27 |  60.47 |
|   LUT as Logic             | 147571 | 227313 | 214590 |  33.56 |  52.62 |  49.67 |
|     using O5 output only   |   1790 |   2017 |   2732 |   0.41 |   0.47 |   0.63 |
|     using O6 output only   | 102319 | 162428 | 146402 |  23.27 |  37.60 |  33.89 |
|     using O5 and O6        |  43462 |  62868 |  65456 |   9.88 |  14.55 |  15.15 |
|   LUT as Memory            |  37522 |  46034 |  46654 |  18.26 |  23.28 |  23.59 |
|     LUT as Distributed RAM |   4440 |   8133 |   5956 |   2.16 |   4.11 |   3.01 |
|       using O5 output only |      0 |      0 |      0 |   0.00 |   0.00 |   0.00 |
|       using O6 output only |     96 |    239 |    108 |   0.05 |   0.12 |   0.05 |
|       using O5 and O6      |   4344 |   7894 |   5848 |   2.11 |   3.99 |   2.96 |
|     LUT as Shift Register  |  33082 |  37901 |  40698 |  16.10 |  19.17 |  20.58 |
|       using O5 output only |      2 |      0 |      0 |  <0.01 |   0.00 |   0.00 |
|       using O6 output only |  26480 |  29549 |  32215 |  12.89 |  14.94 |  16.29 |
|       using O5 and O6      |   6600 |   8352 |   8483 |   3.21 |   4.22 |   4.29 |
| CLB Registers              | 270310 | 346640 | 343148 |  30.74 |  40.12 |  39.72 |
| CARRY8                     |   3403 |   4881 |   4721 |   6.19 |   9.04 |   8.74 |
| F7 Muxes                   |   7254 |   7417 |   9374 |   3.30 |   3.43 |   4.34 |
| F8 Muxes                   |   1152 |   1845 |   1751 |   1.05 |   1.71 |   1.62 |
| F9 Muxes                   |      0 |      0 |      0 |   0.00 |   0.00 |   0.00 |
| Block RAM Tile             |   97.5 |  135.5 |    139 |  14.51 |  20.16 |  20.68 |
|   RAMB36/FIFO              |     94 |    132 |    134 |  13.99 |  19.64 |  19.94 |
|     RAMB36E2 only          |     94 |    132 |    134 |  13.99 |  19.64 |  19.94 |
|   RAMB18                   |      7 |      7 |     10 |   0.52 |   0.52 |   0.74 |
|     RAMB18E2 only          |      7 |      7 |     10 |   0.52 |   0.52 |   0.74 |
| URAM                       |    128 |    192 |    192 |  40.00 |  60.00 |  60.00 |
| DSPs                       |    172 |    258 |    262 |   5.97 |   8.40 |   8.53 |
| Unique Control Sets        |   5843 |   7468 |   8414 |   5.32 |   6.91 |   7.79 |
+----------------------------+--------+--------+--------+--------+--------+--------+
* Note: Available Control Sets based on CLB Registers / 8


4. SLR IO Utilization
---------------------

+-----------+-----------+---------+------------+----------+------------+----------+-----+
| SLR Index | Used IOBs | (%)IOBs | Used IPADs | (%)IPADs | Used OPADs | (%)OPADs | GTs |
+-----------+-----------+---------+------------+----------+------------+----------+-----+
| SLR2      |        18 |    8.65 |          0 |     0.00 |          0 |     0.00 |   0 |
| SLR1      |         0 |    0.00 |          0 |     0.00 |          0 |     0.00 |   0 |
| SLR0      |         1 |    0.48 |          0 |     0.00 |          0 |     0.00 |  16 |
+-----------+-----------+---------+------------+----------+------------+----------+-----+
| Total     |        19 |         |          0 |          |          0 |          |  16 |
+-----------+-----------+---------+------------+----------+------------+----------+-----+


