Copyright 1986-2021 Xilinx, Inc. All Rights Reserved.
----------------------------------------------------------------------------------------------------------------------------------------------------------------------------------------------------------------------------------------------------------------------------------------------------------------------------------------------------------------------------------------------------------------------------------------------------------------------------------------------------------------------------------------------------------------------------------------------------------------------------------------------------------------------------------------------------------------------------------
| Tool Version : Vivado v.2021.2 (lin64) Build 3367213 Tue Oct 19 02:47:39 MDT 2021
| Date         : Thu Oct 31 05:59:38 2024
| Host         : hacc-gpu0 running 64-bit Ubuntu 20.04.6 LTS
| Command      : report_accelerator_utilization -kernels { krnl_vaddmul:pfm_top_i/dynamic_region/krnl_vaddmul_1/inst:krnl_vaddmul_1 krnl_vaddmul:pfm_top_i/dynamic_region/krnl_vaddmul_2/inst:krnl_vaddmul_2 krnl_vaddmul:pfm_top_i/dynamic_region/krnl_vaddmul_3/inst:krnl_vaddmul_3 krnl_vaddmul:pfm_top_i/dynamic_region/krnl_vaddmul_4/inst:krnl_vaddmul_4 krnl_vaddmul:pfm_top_i/dynamic_region/krnl_vaddmul_5/inst:krnl_vaddmul_5 krnl_vaddmul:pfm_top_i/dynamic_region/krnl_vaddmul_6/inst:krnl_vaddmul_6 krnl_vaddmul:pfm_top_i/dynamic_region/krnl_vaddmul_7/inst:krnl_vaddmul_7 krnl_vaddmul:pfm_top_i/dynamic_region/krnl_vaddmul_8/inst:krnl_vaddmul_8} -file kernel_util_synthed.rpt -name kernel_util_synthed -json
| Design       : pfm_top_wrapper
| Device       : xcu280
| Design State : Synthesized
----------------------------------------------------------------------------------------------------------------------------------------------------------------------------------------------------------------------------------------------------------------------------------------------------------------------------------------------------------------------------------------------------------------------------------------------------------------------------------------------------------------------------------------------------------------------------------------------------------------------------------------------------------------------------------------------------------------------------------

Accelerator Utilization Design Information

Table of Contents
-----------------
1. System Utilization

1. System Utilization
---------------------

+---------------------+-------------------+------------------+-------------------+----------------+---------------+----------------+
| Name                | LUT               | LUTAsMem         | REG               | BRAM           | URAM          | DSP            |
+---------------------+-------------------+------------------+-------------------+----------------+---------------+----------------+
| Platform            |  195375 [ 15.00%] |  38120 [  6.35%] |  297556 [ 11.41%] |  204 [ 10.12%] |   0 [  0.00%] |    4 [  0.04%] |
| User Budget         | 1107345 [100.00%] | 562360 [100.00%] | 2309804 [100.00%] | 1812 [100.00%] | 960 [100.00%] | 9020 [100.00%] |
|    Used Resources   |  275320 [ 24.86%] |  26840 [  4.77%] |  400896 [ 17.36%] |  248 [ 13.69%] |   0 [  0.00%] |   32 [  0.35%] |
|    Unused Resources |  832025 [ 75.14%] | 535520 [ 95.23%] | 1908908 [ 82.64%] | 1564 [ 86.31%] | 960 [100.00%] | 8988 [ 99.65%] |
| krnl_vaddmul        |  275320 [ 24.86%] |  26840 [  4.77%] |  400896 [ 17.36%] |  248 [ 13.69%] |   0 [  0.00%] |   32 [  0.35%] |
|    krnl_vaddmul_1   |   34415 [  3.11%] |   3355 [  0.60%] |   50112 [  2.17%] |   31 [  1.71%] |   0 [  0.00%] |    4 [  0.04%] |
|    krnl_vaddmul_2   |   34415 [  3.11%] |   3355 [  0.60%] |   50112 [  2.17%] |   31 [  1.71%] |   0 [  0.00%] |    4 [  0.04%] |
|    krnl_vaddmul_3   |   34415 [  3.11%] |   3355 [  0.60%] |   50112 [  2.17%] |   31 [  1.71%] |   0 [  0.00%] |    4 [  0.04%] |
|    krnl_vaddmul_4   |   34415 [  3.11%] |   3355 [  0.60%] |   50112 [  2.17%] |   31 [  1.71%] |   0 [  0.00%] |    4 [  0.04%] |
|    krnl_vaddmul_5   |   34415 [  3.11%] |   3355 [  0.60%] |   50112 [  2.17%] |   31 [  1.71%] |   0 [  0.00%] |    4 [  0.04%] |
|    krnl_vaddmul_6   |   34415 [  3.11%] |   3355 [  0.60%] |   50112 [  2.17%] |   31 [  1.71%] |   0 [  0.00%] |    4 [  0.04%] |
|    krnl_vaddmul_7   |   34415 [  3.11%] |   3355 [  0.60%] |   50112 [  2.17%] |   31 [  1.71%] |   0 [  0.00%] |    4 [  0.04%] |
|    krnl_vaddmul_8   |   34415 [  3.11%] |   3355 [  0.60%] |   50112 [  2.17%] |   31 [  1.71%] |   0 [  0.00%] |    4 [  0.04%] |
+---------------------+-------------------+------------------+-------------------+----------------+---------------+----------------+


