Copyright 1986-2021 Xilinx, Inc. All Rights Reserved.
------------------------------------------------------------------------------------------
| Tool Version : Vivado v.2021.2 (lin64) Build 3367213 Tue Oct 19 02:47:39 MDT 2021
| Date         : Wed Nov 20 02:57:02 2024
| Host         : hacc-gpu0 running 64-bit Ubuntu 20.04.6 LTS
| Command      : report_utilization -slr -file slr_util_routed.rpt -pb slr_util_routed.pb
| Design       : pfm_top_wrapper
| Device       : xcu280-fsvh2892-2L-e
| Speed File   : -2L
| Design State : Routed
------------------------------------------------------------------------------------------

Utilization Design Information

Table of Contents
-----------------
1. SLR Connectivity
2. SLR Connectivity Matrix
3. SLR CLB Logic and Dedicated Block Utilization
4. SLR IO Utilization

1. SLR Connectivity
-------------------

+----------------------------------+------+-------+-----------+-------+
|                                  | Used | Fixed | Available | Util% |
+----------------------------------+------+-------+-----------+-------+
| SLR2 <-> SLR1                    | 3954 |       |     23040 | 17.16 |
|   SLR1 -> SLR2                   | 2081 |       |           |  9.03 |
|     Using TX_REG only            |  287 |     1 |           |       |
|     Using RX_REG only            |  304 |    18 |           |       |
|     Using Both TX_REG and RX_REG |  287 |     1 |           |       |
|   SLR2 -> SLR1                   | 1873 |       |           |  8.13 |
|     Using TX_REG only            |  407 |     0 |           |       |
|     Using RX_REG only            |  412 |     4 |           |       |
|     Using Both TX_REG and RX_REG |  407 |     0 |           |       |
| SLR1 <-> SLR0                    | 2529 |       |     23040 | 10.98 |
|   SLR0 -> SLR1                   | 1135 |       |           |  4.93 |
|     Using TX_REG only            |  371 |    71 |           |       |
|     Using RX_REG only            |  361 |    61 |           |       |
|     Using Both TX_REG and RX_REG |  355 |    55 |           |       |
|   SLR1 -> SLR0                   | 1394 |       |           |  6.05 |
|     Using TX_REG only            |  441 |    62 |           |       |
|     Using RX_REG only            |  451 |    71 |           |       |
|     Using Both TX_REG and RX_REG |  439 |    60 |           |       |
+----------------------------------+------+-------+-----------+-------+
| Total SLLs Used                  | 6483 |       |           |       |
+----------------------------------+------+-------+-----------+-------+


2. SLR Connectivity Matrix
--------------------------

+-----------+------+------+------+
| FROM \ TO | SLR2 | SLR1 | SLR0 |
+-----------+------+------+------+
| SLR2      |    0 | 1679 |  194 |
| SLR1      | 1939 |    0 | 1200 |
| SLR0      |  142 |  993 |    0 |
+-----------+------+------+------+


3. SLR CLB Logic and Dedicated Block Utilization
------------------------------------------------

+----------------------------+-------+-------+-------+--------+--------+--------+
|          Site Type         |  SLR0 |  SLR1 |  SLR2 | SLR0 % | SLR1 % | SLR2 % |
+----------------------------+-------+-------+-------+--------+--------+--------+
| CLB                        |  7904 |  7230 |  8172 |  14.38 |  13.39 |  15.13 |
|   CLBL                     |  3940 |  3673 |  4211 |  13.46 |  12.54 |  14.38 |
|   CLBM                     |  3964 |  3557 |  3961 |  15.44 |  14.39 |  16.02 |
| CLB LUTs                   | 25937 | 47513 | 35458 |   5.90 |  11.00 |   8.21 |
|   LUT as Logic             | 21917 | 43579 | 32384 |   4.98 |  10.09 |   7.50 |
|     using O5 output only   |   545 |   286 |  1006 |   0.12 |   0.07 |   0.23 |
|     using O6 output only   | 14424 | 34181 | 19586 |   3.28 |   7.91 |   4.53 |
|     using O5 and O6        |  6948 |  9112 | 11792 |   1.58 |   2.11 |   2.73 |
|   LUT as Memory            |  4020 |  3934 |  3074 |   1.96 |   1.99 |   1.55 |
|     LUT as Distributed RAM |  1232 |  3837 |  1660 |   0.60 |   1.94 |   0.84 |
|       using O5 output only |     0 |     0 |     0 |   0.00 |   0.00 |   0.00 |
|       using O6 output only |    80 |   215 |    84 |   0.04 |   0.11 |   0.04 |
|       using O5 and O6      |  1152 |  3622 |  1576 |   0.56 |   1.83 |   0.80 |
|     LUT as Shift Register  |  2788 |    97 |  1414 |   1.36 |   0.05 |   0.72 |
|       using O5 output only |     0 |     0 |     0 |   0.00 |   0.00 |   0.00 |
|       using O6 output only |  1761 |    97 |  1284 |   0.86 |   0.05 |   0.65 |
|       using O5 and O6      |  1027 |     0 |   130 |   0.50 |   0.00 |   0.07 |
| CLB Registers              | 53641 | 46159 | 60856 |   6.10 |   5.34 |   7.04 |
| CARRY8                     |   643 |   473 |   313 |   1.17 |   0.88 |   0.58 |
| F7 Muxes                   |   693 |   651 |  1054 |   0.32 |   0.30 |   0.49 |
| F8 Muxes                   |    16 |   141 |    47 |   0.01 |   0.13 |   0.04 |
| F9 Muxes                   |     0 |     0 |     0 |   0.00 |   0.00 |   0.00 |
| Block RAM Tile             |  39.5 |  80.5 |    94 |   5.88 |  11.98 |  13.99 |
|   RAMB36/FIFO              |    38 |    80 |    92 |   5.65 |  11.90 |  13.69 |
|     RAMB36E2 only          |    38 |    80 |    92 |   5.65 |  11.90 |  13.69 |
|   RAMB18                   |     3 |     1 |     4 |   0.22 |   0.07 |   0.30 |
|     RAMB18E2 only          |     3 |     1 |     4 |   0.22 |   0.07 |   0.30 |
| URAM                       |     0 |     0 |     0 |   0.00 |   0.00 |   0.00 |
| DSPs                       |     4 |     0 |     4 |   0.14 |   0.00 |   0.13 |
| Unique Control Sets        |  1736 |  1494 |  2726 |   1.58 |   1.38 |   2.52 |
+----------------------------+-------+-------+-------+--------+--------+--------+
* Note: Available Control Sets based on CLB Registers / 8


4. SLR IO Utilization
---------------------

+-----------+-----------+---------+------------+----------+------------+----------+-----+
| SLR Index | Used IOBs | (%)IOBs | Used IPADs | (%)IPADs | Used OPADs | (%)OPADs | GTs |
+-----------+-----------+---------+------------+----------+------------+----------+-----+
| SLR2      |        18 |    8.65 |          0 |     0.00 |          0 |     0.00 |   0 |
| SLR1      |         0 |    0.00 |          0 |     0.00 |          0 |     0.00 |   0 |
| SLR0      |         1 |    0.48 |          0 |     0.00 |          0 |     0.00 |  16 |
+-----------+-----------+---------+------------+----------+------------+----------+-----+
| Total     |        19 |         |          0 |          |          0 |          |  16 |
+-----------+-----------+---------+------------+----------+------------+----------+-----+


