Copyright 1986-2021 Xilinx, Inc. All Rights Reserved.
----------------------------------------------------------------------------------------------------------------------------------------------------------------------------------------
| Tool Version : Vivado v.2021.2 (lin64) Build 3367213 Tue Oct 19 02:47:39 MDT 2021
| Date         : Sun Oct 27 00:20:18 2024
| Host         : hacc-gpu0 running 64-bit Ubuntu 20.04.6 LTS
| Command      : report_accelerator_utilization -kernels { krnl_vadd:pfm_top_i/dynamic_region/krnl_vadd_1/inst:krnl_vadd_1} -file kernel_util_placed.rpt -name kernel_util_placed -json
| Design       : pfm_top_wrapper
| Device       : xcu280
| Design State : Fully Placed
----------------------------------------------------------------------------------------------------------------------------------------------------------------------------------------

Accelerator Utilization Design Information

Table of Contents
-----------------
1. System Utilization

1. System Utilization
---------------------

+---------------------+-------------------+------------------+-------------------+----------------+---------------+----------------+
| Name                | LUT               | LUTAsMem         | REG               | BRAM           | URAM          | DSP            |
+---------------------+-------------------+------------------+-------------------+----------------+---------------+----------------+
| Platform            |  104198 [  8.00%] |  10550 [  1.76%] |  152637 [  5.85%] |  202 [ 10.02%] |   0 [  0.00%] |    4 [  0.04%] |
| User Budget         | 1198522 [100.00%] | 589930 [100.00%] | 2454723 [100.00%] | 1814 [100.00%] | 960 [100.00%] | 9020 [100.00%] |
|    Used Resources   |    5342 [  0.45%] |   1114 [  0.19%] |   11971 [  0.49%] |   23 [  1.27%] |   0 [  0.00%] |    0 [  0.00%] |
|    Unused Resources | 1193180 [ 99.55%] | 588816 [ 99.81%] | 2442752 [ 99.51%] | 1791 [ 98.73%] | 960 [100.00%] | 9020 [100.00%] |
| krnl_vadd           |    5342 [  0.45%] |   1114 [  0.19%] |   11971 [  0.49%] |   23 [  1.27%] |   0 [  0.00%] |    0 [  0.00%] |
|    krnl_vadd_1      |    5342 [  0.45%] |   1114 [  0.19%] |   11971 [  0.49%] |   23 [  1.27%] |   0 [  0.00%] |    0 [  0.00%] |
+---------------------+-------------------+------------------+-------------------+----------------+---------------+----------------+


