Copyright 1986-2021 Xilinx, Inc. All Rights Reserved.
----------------------------------------------------------------------------------------------------------------------------------------------------------------------------------------------------------------------------------------------------------------------------------------------------------------------------------------------------------------------------------------------------------------------------------------------------------------------------------------------------------------------------
| Tool Version : Vivado v.2021.2 (lin64) Build 3367213 Tue Oct 19 02:47:39 MDT 2021
| Date         : Tue Dec 17 09:41:55 2024
| Host         : hacc-gpu0 running 64-bit Ubuntu 20.04.6 LTS
| Command      : report_accelerator_utilization -kernels { spmv_result_drain:pfm_top_i/dynamic_region/RD/inst:RD spmv_sk0:pfm_top_i/dynamic_region/SK0/inst:SK0 spmv_sk1:pfm_top_i/dynamic_region/SK1/inst:SK1 spmv_sk2:pfm_top_i/dynamic_region/SK2/inst:SK2 spmv_vector_loader:pfm_top_i/dynamic_region/VL/inst:VL k2k_relay:pfm_top_i/dynamic_region/relay_SK2_rout/inst:relay_SK2_rout k2k_relay:pfm_top_i/dynamic_region/relay_SK2_vin/inst:relay_SK2_vin} -file kernel_util_routed.rpt -name kernel_util_routed -json
| Design       : pfm_top_wrapper
| Device       : xcu280
| Design State : Routed
----------------------------------------------------------------------------------------------------------------------------------------------------------------------------------------------------------------------------------------------------------------------------------------------------------------------------------------------------------------------------------------------------------------------------------------------------------------------------------------------------------------------------

Accelerator Utilization Design Information

Table of Contents
-----------------
1. System Utilization

1. System Utilization
---------------------

+---------------------+-------------------+------------------+-------------------+----------------+---------------+----------------+
| Name                | LUT               | LUTAsMem         | REG               | BRAM           | URAM          | DSP            |
+---------------------+-------------------+------------------+-------------------+----------------+---------------+----------------+
| Platform            |  151016 [ 11.59%] |  32684 [  5.44%] |  281733 [ 10.81%] |  244 [ 12.10%] |   0 [  0.00%] |    4 [  0.04%] |
| User Budget         | 1151704 [100.00%] | 567796 [100.00%] | 2325627 [100.00%] | 1772 [100.00%] | 960 [100.00%] | 9020 [100.00%] |
|    Used Resources   |  580929 [ 50.44%] | 161048 [ 28.36%] |  583172 [ 25.08%] |  128 [  7.22%] | 512 [ 53.33%] |  688 [  7.63%] |
|    Unused Resources |  570775 [ 49.56%] | 406748 [ 71.64%] | 1742455 [ 74.92%] | 1644 [ 92.78%] | 448 [ 46.67%] | 8332 [ 92.37%] |
| k2k_relay           |     885 [  0.08%] |      0 [  0.00%] |    2983 [  0.13%] |    0 [  0.00%] |   0 [  0.00%] |    0 [  0.00%] |
|    relay_SK2_rout   |     515 [  0.04%] |      0 [  0.00%] |    1485 [  0.06%] |    0 [  0.00%] |   0 [  0.00%] |    0 [  0.00%] |
|    relay_SK2_vin    |     370 [  0.03%] |      0 [  0.00%] |    1498 [  0.06%] |    0 [  0.00%] |   0 [  0.00%] |    0 [  0.00%] |
| spmv_result_drain   |    2014 [  0.17%] |    412 [  0.07%] |    4481 [  0.19%] |    4 [  0.23%] |   0 [  0.00%] |    0 [  0.00%] |
|    RD               |    2014 [  0.17%] |    412 [  0.07%] |    4481 [  0.19%] |    4 [  0.23%] |   0 [  0.00%] |    0 [  0.00%] |
| spmv_sk0            |  144187 [ 12.52%] |  39966 [  7.04%] |  142842 [  6.14%] |   30 [  1.69%] | 128 [ 13.33%] |  172 [  1.91%] |
|    SK0              |  144187 [ 12.52%] |  39966 [  7.04%] |  142842 [  6.14%] |   30 [  1.69%] | 128 [ 13.33%] |  172 [  1.91%] |
| spmv_sk1            |  215854 [ 18.74%] |  59954 [ 10.56%] |  213820 [  9.19%] |   45 [  2.54%] | 192 [ 20.00%] |  258 [  2.86%] |
|    SK1              |  215854 [ 18.74%] |  59954 [ 10.56%] |  213820 [  9.19%] |   45 [  2.54%] | 192 [ 20.00%] |  258 [  2.86%] |
| spmv_sk2            |  215508 [ 18.71%] |  59954 [ 10.56%] |  213669 [  9.19%] |   45 [  2.54%] | 192 [ 20.00%] |  258 [  2.86%] |
|    SK2              |  215508 [ 18.71%] |  59954 [ 10.56%] |  213669 [  9.19%] |   45 [  2.54%] | 192 [ 20.00%] |  258 [  2.86%] |
| spmv_vector_loader  |    2481 [  0.22%] |    762 [  0.13%] |    5377 [  0.23%] |    4 [  0.23%] |   0 [  0.00%] |    0 [  0.00%] |
|    VL               |    2481 [  0.22%] |    762 [  0.13%] |    5377 [  0.23%] |    4 [  0.23%] |   0 [  0.00%] |    0 [  0.00%] |
+---------------------+-------------------+------------------+-------------------+----------------+---------------+----------------+


