Copyright 1986-2021 Xilinx, Inc. All Rights Reserved.
------------------------------------------------------------------------------------------------------------------------------------------------------------------------------------------------------------------------------------------------------------------------------------------------------------------------------------------------------------------------------------------------------------------------------
| Tool Version : Vivado v.2021.2 (lin64) Build 3367213 Tue Oct 19 02:47:39 MDT 2021
| Date         : Sat Nov 16 19:21:56 2024
| Host         : hacc-gpu0 running 64-bit Ubuntu 20.04.6 LTS
| Command      : report_accelerator_utilization -kernels { krnl_vaddmul:pfm_top_i/dynamic_region/krnl_vaddmul_1/inst:krnl_vaddmul_1 krnl_vaddmul:pfm_top_i/dynamic_region/krnl_vaddmul_2/inst:krnl_vaddmul_2 krnl_vaddmul:pfm_top_i/dynamic_region/krnl_vaddmul_3/inst:krnl_vaddmul_3 krnl_vaddmul:pfm_top_i/dynamic_region/krnl_vaddmul_4/inst:krnl_vaddmul_4} -file kernel_util_synthed.rpt -name kernel_util_synthed -json
| Design       : pfm_top_wrapper
| Device       : xcu280
| Design State : Synthesized
------------------------------------------------------------------------------------------------------------------------------------------------------------------------------------------------------------------------------------------------------------------------------------------------------------------------------------------------------------------------------------------------------------------------------

Accelerator Utilization Design Information

Table of Contents
-----------------
1. System Utilization

1. System Utilization
---------------------

+---------------------+-------------------+------------------+-------------------+----------------+---------------+----------------+
| Name                | LUT               | LUTAsMem         | REG               | BRAM           | URAM          | DSP            |
+---------------------+-------------------+------------------+-------------------+----------------+---------------+----------------+
| Platform            |  132180 [ 10.15%] |  16954 [  2.82%] |  181694 [  6.97%] |  202 [ 10.02%] |   0 [  0.00%] |    4 [  0.04%] |
| User Budget         | 1170540 [100.00%] | 583526 [100.00%] | 2425666 [100.00%] | 1814 [100.00%] | 960 [100.00%] | 9020 [100.00%] |
|    Used Resources   |   42112 [  3.60%] |   4248 [  0.73%] |   50964 [  2.10%] |   60 [  3.31%] |   0 [  0.00%] |  152 [  1.69%] |
|    Unused Resources | 1128428 [ 96.40%] | 579278 [ 99.27%] | 2374702 [ 97.90%] | 1754 [ 96.69%] | 960 [100.00%] | 8868 [ 98.31%] |
| krnl_vaddmul        |   42112 [  3.60%] |   4248 [  0.73%] |   50964 [  2.10%] |   60 [  3.31%] |   0 [  0.00%] |  152 [  1.69%] |
|    krnl_vaddmul_1   |   10528 [  0.90%] |   1062 [  0.18%] |   12741 [  0.53%] |   15 [  0.83%] |   0 [  0.00%] |   38 [  0.42%] |
|    krnl_vaddmul_2   |   10528 [  0.90%] |   1062 [  0.18%] |   12741 [  0.53%] |   15 [  0.83%] |   0 [  0.00%] |   38 [  0.42%] |
|    krnl_vaddmul_3   |   10528 [  0.90%] |   1062 [  0.18%] |   12741 [  0.53%] |   15 [  0.83%] |   0 [  0.00%] |   38 [  0.42%] |
|    krnl_vaddmul_4   |   10528 [  0.90%] |   1062 [  0.18%] |   12741 [  0.53%] |   15 [  0.83%] |   0 [  0.00%] |   38 [  0.42%] |
+---------------------+-------------------+------------------+-------------------+----------------+---------------+----------------+


