Copyright 1986-2021 Xilinx, Inc. All Rights Reserved.
------------------------------------------------------------------------------------------
| Tool Version : Vivado v.2021.2 (lin64) Build 3367213 Tue Oct 19 02:47:39 MDT 2021
| Date         : Mon Dec  9 01:01:23 2024
| Host         : hacc-gpu0 running 64-bit Ubuntu 20.04.6 LTS
| Command      : report_utilization -slr -file slr_util_routed.rpt -pb slr_util_routed.pb
| Design       : pfm_top_wrapper
| Device       : xcu280-fsvh2892-2L-e
| Speed File   : -2L
| Design State : Routed
------------------------------------------------------------------------------------------

Utilization Design Information

Table of Contents
-----------------
1. SLR Connectivity
2. SLR Connectivity Matrix
3. SLR CLB Logic and Dedicated Block Utilization
4. SLR IO Utilization

1. SLR Connectivity
-------------------

+----------------------------------+-------+-------+-----------+-------+
|                                  |  Used | Fixed | Available | Util% |
+----------------------------------+-------+-------+-----------+-------+
| SLR2 <-> SLR1                    |  6633 |       |     23040 | 28.79 |
|   SLR1 -> SLR2                   |  3372 |       |           | 14.64 |
|     Using TX_REG only            |   288 |     1 |           |       |
|     Using RX_REG only            |   306 |    18 |           |       |
|     Using Both TX_REG and RX_REG |   288 |     1 |           |       |
|   SLR2 -> SLR1                   |  3261 |       |           | 14.15 |
|     Using TX_REG only            |   407 |     0 |           |       |
|     Using RX_REG only            |   412 |     4 |           |       |
|     Using Both TX_REG and RX_REG |   407 |     0 |           |       |
| SLR1 <-> SLR0                    |  9723 |       |     23040 | 42.20 |
|   SLR0 -> SLR1                   |  5493 |       |           | 23.84 |
|     Using TX_REG only            |   379 |    71 |           |       |
|     Using RX_REG only            |   369 |    61 |           |       |
|     Using Both TX_REG and RX_REG |   363 |    55 |           |       |
|   SLR1 -> SLR0                   |  4230 |       |           | 18.36 |
|     Using TX_REG only            |   444 |    62 |           |       |
|     Using RX_REG only            |   454 |    71 |           |       |
|     Using Both TX_REG and RX_REG |   442 |    60 |           |       |
+----------------------------------+-------+-------+-----------+-------+
| Total SLLs Used                  | 16356 |       |           |       |
+----------------------------------+-------+-------+-----------+-------+


2. SLR Connectivity Matrix
--------------------------

+-----------+------+------+------+
| FROM \ TO | SLR2 | SLR1 | SLR0 |
+-----------+------+------+------+
| SLR2      |    0 | 3120 |  141 |
| SLR1      | 3271 |    0 | 4089 |
| SLR0      |  101 | 5392 |    0 |
+-----------+------+------+------+


3. SLR CLB Logic and Dedicated Block Utilization
------------------------------------------------

+----------------------------+--------+--------+-------+--------+--------+--------+
|          Site Type         |  SLR0  |  SLR1  |  SLR2 | SLR0 % | SLR1 % | SLR2 % |
+----------------------------+--------+--------+-------+--------+--------+--------+
| CLB                        |  16144 |  34450 |  8610 |  29.37 |  63.80 |  15.94 |
|   CLBL                     |   8337 |  18274 |  4545 |  28.47 |  62.41 |  15.52 |
|   CLBM                     |   7807 |  16176 |  4065 |  30.40 |  65.44 |  16.44 |
| CLB LUTs                   |  62980 | 185688 | 39880 |  14.32 |  42.98 |   9.23 |
|   LUT as Logic             |  52071 | 139259 | 35428 |  11.84 |  32.24 |   8.20 |
|     using O5 output only   |   1713 |   1012 |  1086 |   0.39 |   0.23 |   0.25 |
|     using O6 output only   |  31238 | 100848 | 20817 |   7.10 |  23.34 |   4.82 |
|     using O5 and O6        |  19120 |  37399 | 13525 |   4.35 |   8.66 |   3.13 |
|   LUT as Memory            |  10909 |  46429 |  4452 |   5.31 |  23.48 |   2.25 |
|     LUT as Distributed RAM |   8384 |   7063 |  1968 |   4.08 |   3.57 |   1.00 |
|       using O5 output only |      0 |      0 |     0 |   0.00 |   0.00 |   0.00 |
|       using O6 output only |    104 |    733 |    88 |   0.05 |   0.37 |   0.04 |
|       using O5 and O6      |   8280 |   6330 |  1880 |   4.03 |   3.20 |   0.95 |
|     LUT as Shift Register  |   2525 |  39366 |  2484 |   1.23 |  19.91 |   1.26 |
|       using O5 output only |      0 |      0 |     0 |   0.00 |   0.00 |   0.00 |
|       using O6 output only |   1624 |  34506 |  2354 |   0.79 |  17.45 |   1.19 |
|       using O5 and O6      |    901 |   4860 |   130 |   0.44 |   2.46 |   0.07 |
| CLB Registers              | 108333 | 212598 | 69763 |  12.32 |  24.61 |   8.07 |
| CARRY8                     |    680 |   3654 |   313 |   1.24 |   6.77 |   0.58 |
| F7 Muxes                   |   1006 |  22903 |  1055 |   0.46 |  10.60 |   0.49 |
| F8 Muxes                   |    109 |    142 |    47 |   0.10 |   0.13 |   0.04 |
| F9 Muxes                   |      0 |      0 |     0 |   0.00 |   0.00 |   0.00 |
| Block RAM Tile             |    120 |    397 |    94 |  17.86 |  59.08 |  13.99 |
|   RAMB36/FIFO              |    116 |    376 |    92 |  17.26 |  55.95 |  13.69 |
|     RAMB36E2 only          |    116 |    376 |    92 |  17.26 |  55.95 |  13.69 |
|   RAMB18                   |      8 |     42 |     4 |   0.60 |   3.13 |   0.30 |
|     RAMB18E2 only          |      8 |     42 |     4 |   0.60 |   3.13 |   0.30 |
| URAM                       |      0 |    320 |     0 |   0.00 | 100.00 |   0.00 |
| DSPs                       |      3 |    219 |     4 |   0.10 |   7.13 |   0.13 |
| Unique Control Sets        |   3701 |   3995 |  2892 |   3.37 |   3.70 |   2.68 |
+----------------------------+--------+--------+-------+--------+--------+--------+
* Note: Available Control Sets based on CLB Registers / 8


4. SLR IO Utilization
---------------------

+-----------+-----------+---------+------------+----------+------------+----------+-----+
| SLR Index | Used IOBs | (%)IOBs | Used IPADs | (%)IPADs | Used OPADs | (%)OPADs | GTs |
+-----------+-----------+---------+------------+----------+------------+----------+-----+
| SLR2      |        18 |    8.65 |          0 |     0.00 |          0 |     0.00 |   0 |
| SLR1      |         0 |    0.00 |          0 |     0.00 |          0 |     0.00 |   0 |
| SLR0      |       140 |   67.31 |          0 |     0.00 |          0 |     0.00 |  16 |
+-----------+-----------+---------+------------+----------+------------+----------+-----+
| Total     |       158 |         |          0 |          |          0 |          |  16 |
+-----------+-----------+---------+------------+----------+------------+----------+-----+


