Copyright 1986-2021 Xilinx, Inc. All Rights Reserved.
-------------------------------------------------------------------------------------------------------------------------------------------------------------------------------------------------------------------------------------------------------------------------------------------------------------------------------------------------------------------------------------------------------------------------------------------------------------------------------------------------------
| Tool Version : Vivado v.2021.2 (lin64) Build 3367213 Tue Oct 19 02:47:39 MDT 2021
| Date         : Thu Nov 21 06:51:48 2024
| Host         : hacc-gpu0 running 64-bit Ubuntu 20.04.6 LTS
| Command      : report_accelerator_utilization -kernels { krnl_vaddmul:pfm_top_i/dynamic_region/krnl_vaddmul_1/inst:krnl_vaddmul_1 krnl_vaddmul:pfm_top_i/dynamic_region/krnl_vaddmul_2/inst:krnl_vaddmul_2 krnl_vaddmul:pfm_top_i/dynamic_region/krnl_vaddmul_3/inst:krnl_vaddmul_3 krnl_vaddmul:pfm_top_i/dynamic_region/krnl_vaddmul_4/inst:krnl_vaddmul_4 krnl_vaddmul:pfm_top_i/dynamic_region/krnl_vaddmul_5/inst:krnl_vaddmul_5} -file kernel_util_synthed.rpt -name kernel_util_synthed -json
| Design       : pfm_top_wrapper
| Device       : xcu280
| Design State : Synthesized
-------------------------------------------------------------------------------------------------------------------------------------------------------------------------------------------------------------------------------------------------------------------------------------------------------------------------------------------------------------------------------------------------------------------------------------------------------------------------------------------------------

Accelerator Utilization Design Information

Table of Contents
-----------------
1. System Utilization

1. System Utilization
---------------------

+---------------------+-------------------+------------------+-------------------+----------------+---------------+----------------+
| Name                | LUT               | LUTAsMem         | REG               | BRAM           | URAM          | DSP            |
+---------------------+-------------------+------------------+-------------------+----------------+---------------+----------------+
| Platform            |  160139 [ 12.29%] |  32377 [  5.39%] |  234987 [  9.01%] |  204 [ 10.12%] |   0 [  0.00%] |    4 [  0.04%] |
| User Budget         | 1142581 [100.00%] | 568103 [100.00%] | 2372373 [100.00%] | 1812 [100.00%] | 960 [100.00%] | 9020 [100.00%] |
|    Used Resources   |  218105 [ 19.09%] |  16545 [  2.91%] |  187370 [  7.90%] |  230 [ 12.69%] |   0 [  0.00%] |  870 [  9.65%] |
|    Unused Resources |  924476 [ 80.91%] | 551558 [ 97.09%] | 2185003 [ 92.10%] | 1582 [ 87.31%] | 960 [100.00%] | 8150 [ 90.35%] |
| krnl_vaddmul        |  218105 [ 19.09%] |  16545 [  2.91%] |  187370 [  7.90%] |  230 [ 12.69%] |   0 [  0.00%] |  870 [  9.65%] |
|    krnl_vaddmul_1   |   43621 [  3.82%] |   3309 [  0.58%] |   37474 [  1.58%] |   46 [  2.54%] |   0 [  0.00%] |  174 [  1.93%] |
|    krnl_vaddmul_2   |   43621 [  3.82%] |   3309 [  0.58%] |   37474 [  1.58%] |   46 [  2.54%] |   0 [  0.00%] |  174 [  1.93%] |
|    krnl_vaddmul_3   |   43621 [  3.82%] |   3309 [  0.58%] |   37474 [  1.58%] |   46 [  2.54%] |   0 [  0.00%] |  174 [  1.93%] |
|    krnl_vaddmul_4   |   43621 [  3.82%] |   3309 [  0.58%] |   37474 [  1.58%] |   46 [  2.54%] |   0 [  0.00%] |  174 [  1.93%] |
|    krnl_vaddmul_5   |   43621 [  3.82%] |   3309 [  0.58%] |   37474 [  1.58%] |   46 [  2.54%] |   0 [  0.00%] |  174 [  1.93%] |
+---------------------+-------------------+------------------+-------------------+----------------+---------------+----------------+


