Copyright 1986-2021 Xilinx, Inc. All Rights Reserved.
----------------------------------------------------------------------------------------------------------------------------------------------------------------------------------
| Tool Version : Vivado v.2021.2 (lin64) Build 3367213 Tue Oct 19 02:47:39 MDT 2021
| Date         : Tue Dec 24 05:54:36 2024
| Host         : hacc-gpu0 running 64-bit Ubuntu 20.04.6 LTS
| Command      : report_accelerator_utilization -kernels { overlay:pfm_top_i/dynamic_region/overlay_1/inst:overlay_1} -file kernel_util_placed.rpt -name kernel_util_placed -json
| Design       : pfm_top_wrapper
| Device       : xcu280
| Design State : Fully Placed
----------------------------------------------------------------------------------------------------------------------------------------------------------------------------------

Accelerator Utilization Design Information

Table of Contents
-----------------
1. System Utilization

1. System Utilization
---------------------

+---------------------+-------------------+------------------+-------------------+----------------+---------------+----------------+
| Name                | LUT               | LUTAsMem         | REG               | BRAM           | URAM          | DSP            |
+---------------------+-------------------+------------------+-------------------+----------------+---------------+----------------+
| Platform            |  161985 [ 12.43%] |  23450 [  3.91%] |  252402 [  9.68%] |  303 [ 15.03%] |   0 [  0.00%] |    7 [  0.08%] |
| User Budget         | 1140735 [100.00%] | 577030 [100.00%] | 2354958 [100.00%] | 1713 [100.00%] | 960 [100.00%] | 9017 [100.00%] |
|    Used Resources   |  129344 [ 11.34%] |  38342 [  6.64%] |  140610 [  5.97%] |  531 [ 31.00%] | 576 [ 60.00%] |  219 [  2.43%] |
|    Unused Resources | 1011391 [ 88.66%] | 538688 [ 93.36%] | 2214348 [ 94.03%] | 1182 [ 69.00%] | 384 [ 40.00%] | 8798 [ 97.57%] |
| overlay             |  129344 [ 11.34%] |  38342 [  6.64%] |  140610 [  5.97%] |  531 [ 31.00%] | 576 [ 60.00%] |  219 [  2.43%] |
|    overlay_1        |  129344 [ 11.34%] |  38342 [  6.64%] |  140610 [  5.97%] |  531 [ 31.00%] | 576 [ 60.00%] |  219 [  2.43%] |
+---------------------+-------------------+------------------+-------------------+----------------+---------------+----------------+


