INFO: [v++ 60-1306] Additional information associated with this v++ link can be found at:
	Reports: /home/ziyuanwang/hbm/Vitis_Accel_Examples/host_xrt/hbm_simple_xrt/_x_mod_12.hw.xilinx_u280_xdma_201920_3/reports/link
	Log files: /home/ziyuanwang/hbm/Vitis_Accel_Examples/host_xrt/hbm_simple_xrt/_x_mod_12.hw.xilinx_u280_xdma_201920_3/logs/link
INFO: [v++ 60-1548] Creating build summary session with primary output /home/ziyuanwang/hbm/Vitis_Accel_Examples/host_xrt/hbm_simple_xrt/build_dir_mod_12.hw.xilinx_u280_xdma_201920_3/krnl_vadd.link.xclbin.link_summary, at Tue Nov 12 18:07:42 2024
INFO: [v++ 60-1316] Initiating connection to rulecheck server, at Tue Nov 12 18:07:42 2024
INFO: [v++ 60-1315] Creating rulecheck session with output '/home/ziyuanwang/hbm/Vitis_Accel_Examples/host_xrt/hbm_simple_xrt/_x_mod_12.hw.xilinx_u280_xdma_201920_3/reports/link/v++_link_krnl_vadd.link_guidance.html', at Tue Nov 12 18:07:45 2024
INFO: [v++ 60-895]   Target platform: /opt/xilinx/platforms/xilinx_u280_xdma_201920_3/xilinx_u280_xdma_201920_3.xpfm
INFO: [v++ 60-1578]   This platform contains Xilinx Shell Archive '/opt/xilinx/platforms/xilinx_u280_xdma_201920_3/hw/xilinx_u280_xdma_201920_3.xsa'
INFO: [v++ 74-78] Compiler Version string: 2021.2
INFO: [v++ 60-1302] Platform 'xilinx_u280_xdma_201920_3.xpfm' has been explicitly enabled for this release.
INFO: [v++ 60-629] Linking for hardware target
INFO: [v++ 60-423]   Target device: xilinx_u280_xdma_201920_3
INFO: [v++ 60-1332] Run 'run_link' status: Not started
INFO: [v++ 60-1443] [18:07:59] Run run_link: Step system_link: Started
INFO: [v++ 60-1453] Command Line: system_link --xo /home/ziyuanwang/hbm/Vitis_Accel_Examples/host_xrt/hbm_simple_xrt/_x_mod_12.hw.xilinx_u280_xdma_201920_3/krnl_vadd.xo -keep --config /home/ziyuanwang/hbm/Vitis_Accel_Examples/host_xrt/hbm_simple_xrt/_x_mod_12.hw.xilinx_u280_xdma_201920_3/link/int/syslinkConfig.ini --xpfm /opt/xilinx/platforms/xilinx_u280_xdma_201920_3/xilinx_u280_xdma_201920_3.xpfm --target hw --output_dir /home/ziyuanwang/hbm/Vitis_Accel_Examples/host_xrt/hbm_simple_xrt/_x_mod_12.hw.xilinx_u280_xdma_201920_3/link/int --temp_dir /home/ziyuanwang/hbm/Vitis_Accel_Examples/host_xrt/hbm_simple_xrt/_x_mod_12.hw.xilinx_u280_xdma_201920_3/link/sys_link
INFO: [v++ 60-1454] Run Directory: /home/ziyuanwang/hbm/Vitis_Accel_Examples/host_xrt/hbm_simple_xrt/_x_mod_12.hw.xilinx_u280_xdma_201920_3/link/run_link
INFO: [SYSTEM_LINK 60-1316] Initiating connection to rulecheck server, at Tue Nov 12 18:08:03 2024
INFO: [SYSTEM_LINK 82-70] Extracting xo v3 file /home/ziyuanwang/hbm/Vitis_Accel_Examples/host_xrt/hbm_simple_xrt/_x_mod_12.hw.xilinx_u280_xdma_201920_3/krnl_vadd.xo
INFO: [SYSTEM_LINK 82-53] Creating IP database /home/ziyuanwang/hbm/Vitis_Accel_Examples/host_xrt/hbm_simple_xrt/_x_mod_12.hw.xilinx_u280_xdma_201920_3/link/sys_link/_sysl/.cdb/xd_ip_db.xml
INFO: [SYSTEM_LINK 82-38] [18:08:13] build_xd_ip_db started: /tools/Xilinx/Vitis/2021.2/bin/build_xd_ip_db -ip_search 0  -sds-pf /home/ziyuanwang/hbm/Vitis_Accel_Examples/host_xrt/hbm_simple_xrt/_x_mod_12.hw.xilinx_u280_xdma_201920_3/link/sys_link/xilinx_u280_xdma_201920_3.hpfm -clkid 0 -ip /home/ziyuanwang/hbm/Vitis_Accel_Examples/host_xrt/hbm_simple_xrt/_x_mod_12.hw.xilinx_u280_xdma_201920_3/link/sys_link/iprepo/xilinx_com_hls_krnl_vadd_1_0,krnl_vadd -o /home/ziyuanwang/hbm/Vitis_Accel_Examples/host_xrt/hbm_simple_xrt/_x_mod_12.hw.xilinx_u280_xdma_201920_3/link/sys_link/_sysl/.cdb/xd_ip_db.xml
INFO: [SYSTEM_LINK 82-37] [18:08:21] build_xd_ip_db finished successfully
Time (s): cpu = 00:00:04 ; elapsed = 00:00:08 . Memory (MB): peak = 2167.242 ; gain = 0.000 ; free physical = 14538 ; free virtual = 476124
INFO: [SYSTEM_LINK 82-51] Create system connectivity graph
INFO: [SYSTEM_LINK 82-102] Applying explicit connections to the system connectivity graph: /home/ziyuanwang/hbm/Vitis_Accel_Examples/host_xrt/hbm_simple_xrt/_x_mod_12.hw.xilinx_u280_xdma_201920_3/link/sys_link/cfgraph/cfgen_cfgraph.xml
INFO: [SYSTEM_LINK 82-38] [18:08:21] cfgen started: /tools/Xilinx/Vitis/2021.2/bin/cfgen  -sp krnl_vadd_1.in1:HBM[0:3] -sp krnl_vadd_1.in2:HBM[0:3] -sp krnl_vadd_1.out_r:HBM[0:3] -dmclkid 0 -r /home/ziyuanwang/hbm/Vitis_Accel_Examples/host_xrt/hbm_simple_xrt/_x_mod_12.hw.xilinx_u280_xdma_201920_3/link/sys_link/_sysl/.cdb/xd_ip_db.xml -o /home/ziyuanwang/hbm/Vitis_Accel_Examples/host_xrt/hbm_simple_xrt/_x_mod_12.hw.xilinx_u280_xdma_201920_3/link/sys_link/cfgraph/cfgen_cfgraph.xml
INFO: [CFGEN 83-0] Kernel Specs: 
INFO: [CFGEN 83-0]   kernel: krnl_vadd, num: 1  {krnl_vadd_1}
INFO: [CFGEN 83-0] Port Specs: 
INFO: [CFGEN 83-0]   kernel: krnl_vadd_1, k_port: in1, sptag: HBM[0:3]
INFO: [CFGEN 83-0]   kernel: krnl_vadd_1, k_port: in2, sptag: HBM[0:3]
INFO: [CFGEN 83-0]   kernel: krnl_vadd_1, k_port: out_r, sptag: HBM[0:3]
INFO: [CFGEN 83-2228] Creating mapping for argument krnl_vadd_1.in1 to HBM[0:3] for directive krnl_vadd_1.in1:HBM[0:3]
INFO: [CFGEN 83-2228] Creating mapping for argument krnl_vadd_1.in2 to HBM[0:3] for directive krnl_vadd_1.in2:HBM[0:3]
INFO: [CFGEN 83-2228] Creating mapping for argument krnl_vadd_1.out_r to HBM[0:3] for directive krnl_vadd_1.out_r:HBM[0:3]
INFO: [SYSTEM_LINK 82-37] [18:08:29] cfgen finished successfully
Time (s): cpu = 00:00:07 ; elapsed = 00:00:08 . Memory (MB): peak = 2167.242 ; gain = 0.000 ; free physical = 14489 ; free virtual = 476075
INFO: [SYSTEM_LINK 82-52] Create top-level block diagram
INFO: [SYSTEM_LINK 82-38] [18:08:29] cf2bd started: /tools/Xilinx/Vitis/2021.2/bin/cf2bd  --linux --trace_buffer 1024 --input_file /home/ziyuanwang/hbm/Vitis_Accel_Examples/host_xrt/hbm_simple_xrt/_x_mod_12.hw.xilinx_u280_xdma_201920_3/link/sys_link/cfgraph/cfgen_cfgraph.xml --ip_db /home/ziyuanwang/hbm/Vitis_Accel_Examples/host_xrt/hbm_simple_xrt/_x_mod_12.hw.xilinx_u280_xdma_201920_3/link/sys_link/_sysl/.cdb/xd_ip_db.xml --cf_name dr --working_dir /home/ziyuanwang/hbm/Vitis_Accel_Examples/host_xrt/hbm_simple_xrt/_x_mod_12.hw.xilinx_u280_xdma_201920_3/link/sys_link/_sysl/.xsd --temp_dir /home/ziyuanwang/hbm/Vitis_Accel_Examples/host_xrt/hbm_simple_xrt/_x_mod_12.hw.xilinx_u280_xdma_201920_3/link/sys_link --output_dir /home/ziyuanwang/hbm/Vitis_Accel_Examples/host_xrt/hbm_simple_xrt/_x_mod_12.hw.xilinx_u280_xdma_201920_3/link/int --target_bd pfm_dynamic.bd
INFO: [CF2BD 82-31] Launching cf2xd: cf2xd -linux -trace-buffer 1024 -i /home/ziyuanwang/hbm/Vitis_Accel_Examples/host_xrt/hbm_simple_xrt/_x_mod_12.hw.xilinx_u280_xdma_201920_3/link/sys_link/cfgraph/cfgen_cfgraph.xml -r /home/ziyuanwang/hbm/Vitis_Accel_Examples/host_xrt/hbm_simple_xrt/_x_mod_12.hw.xilinx_u280_xdma_201920_3/link/sys_link/_sysl/.cdb/xd_ip_db.xml -o dr.xml
INFO: [CF2BD 82-28] cf2xd finished successfully
INFO: [CF2BD 82-31] Launching cf_xsd: cf_xsd -disable-address-gen -bd pfm_dynamic.bd -dn dr -dp /home/ziyuanwang/hbm/Vitis_Accel_Examples/host_xrt/hbm_simple_xrt/_x_mod_12.hw.xilinx_u280_xdma_201920_3/link/sys_link/_sysl/.xsd
INFO: [CF2BD 82-28] cf_xsd finished successfully
INFO: [SYSTEM_LINK 82-37] [18:08:32] cf2bd finished successfully
Time (s): cpu = 00:00:02 ; elapsed = 00:00:04 . Memory (MB): peak = 2167.242 ; gain = 0.000 ; free physical = 14552 ; free virtual = 476142
INFO: [v++ 60-1441] [18:08:32] Run run_link: Step system_link: Completed
Time (s): cpu = 00:00:18 ; elapsed = 00:00:33 . Memory (MB): peak = 2062.180 ; gain = 0.000 ; free physical = 14592 ; free virtual = 476183
INFO: [v++ 60-1443] [18:08:32] Run run_link: Step cf2sw: Started
INFO: [v++ 60-1453] Command Line: cf2sw -sdsl /home/ziyuanwang/hbm/Vitis_Accel_Examples/host_xrt/hbm_simple_xrt/_x_mod_12.hw.xilinx_u280_xdma_201920_3/link/int/sdsl.dat -rtd /home/ziyuanwang/hbm/Vitis_Accel_Examples/host_xrt/hbm_simple_xrt/_x_mod_12.hw.xilinx_u280_xdma_201920_3/link/int/cf2sw.rtd -nofilter /home/ziyuanwang/hbm/Vitis_Accel_Examples/host_xrt/hbm_simple_xrt/_x_mod_12.hw.xilinx_u280_xdma_201920_3/link/int/cf2sw_full.rtd -xclbin /home/ziyuanwang/hbm/Vitis_Accel_Examples/host_xrt/hbm_simple_xrt/_x_mod_12.hw.xilinx_u280_xdma_201920_3/link/int/xclbin_orig.xml -o /home/ziyuanwang/hbm/Vitis_Accel_Examples/host_xrt/hbm_simple_xrt/_x_mod_12.hw.xilinx_u280_xdma_201920_3/link/int/xclbin_orig.1.xml
INFO: [v++ 60-1454] Run Directory: /home/ziyuanwang/hbm/Vitis_Accel_Examples/host_xrt/hbm_simple_xrt/_x_mod_12.hw.xilinx_u280_xdma_201920_3/link/run_link
INFO: [v++ 60-1441] [18:08:37] Run run_link: Step cf2sw: Completed
Time (s): cpu = 00:00:04 ; elapsed = 00:00:05 . Memory (MB): peak = 2062.180 ; gain = 0.000 ; free physical = 14325 ; free virtual = 475916
INFO: [v++ 60-1443] [18:08:37] Run run_link: Step rtd2_system_diagram: Started
INFO: [v++ 60-1453] Command Line: rtd2SystemDiagram
INFO: [v++ 60-1454] Run Directory: /home/ziyuanwang/hbm/Vitis_Accel_Examples/host_xrt/hbm_simple_xrt/_x_mod_12.hw.xilinx_u280_xdma_201920_3/link/run_link
INFO: [v++ 60-1441] [18:08:38] Run run_link: Step rtd2_system_diagram: Completed
Time (s): cpu = 00:00:00 ; elapsed = 00:00:00.85 . Memory (MB): peak = 2062.180 ; gain = 0.000 ; free physical = 14496 ; free virtual = 476087
INFO: [v++ 60-1443] [18:08:38] Run run_link: Step vpl: Started
INFO: [v++ 60-1453] Command Line: vpl -t hw -f xilinx_u280_xdma_201920_3 --remote_ip_cache /home/ziyuanwang/hbm/Vitis_Accel_Examples/host_xrt/hbm_simple_xrt/.ipcache -s --output_dir /home/ziyuanwang/hbm/Vitis_Accel_Examples/host_xrt/hbm_simple_xrt/_x_mod_12.hw.xilinx_u280_xdma_201920_3/link/int --log_dir /home/ziyuanwang/hbm/Vitis_Accel_Examples/host_xrt/hbm_simple_xrt/_x_mod_12.hw.xilinx_u280_xdma_201920_3/logs/link --report_dir /home/ziyuanwang/hbm/Vitis_Accel_Examples/host_xrt/hbm_simple_xrt/_x_mod_12.hw.xilinx_u280_xdma_201920_3/reports/link --config /home/ziyuanwang/hbm/Vitis_Accel_Examples/host_xrt/hbm_simple_xrt/_x_mod_12.hw.xilinx_u280_xdma_201920_3/link/int/vplConfig.ini -k /home/ziyuanwang/hbm/Vitis_Accel_Examples/host_xrt/hbm_simple_xrt/_x_mod_12.hw.xilinx_u280_xdma_201920_3/link/int/kernel_info.dat --webtalk_flag Vitis --temp_dir /home/ziyuanwang/hbm/Vitis_Accel_Examples/host_xrt/hbm_simple_xrt/_x_mod_12.hw.xilinx_u280_xdma_201920_3/link --no-info --iprepo /home/ziyuanwang/hbm/Vitis_Accel_Examples/host_xrt/hbm_simple_xrt/_x_mod_12.hw.xilinx_u280_xdma_201920_3/link/int/xo/ip_repo/xilinx_com_hls_krnl_vadd_1_0 --messageDb /home/ziyuanwang/hbm/Vitis_Accel_Examples/host_xrt/hbm_simple_xrt/_x_mod_12.hw.xilinx_u280_xdma_201920_3/link/run_link/vpl.pb /home/ziyuanwang/hbm/Vitis_Accel_Examples/host_xrt/hbm_simple_xrt/_x_mod_12.hw.xilinx_u280_xdma_201920_3/link/int/dr.bd.tcl
INFO: [v++ 60-1454] Run Directory: /home/ziyuanwang/hbm/Vitis_Accel_Examples/host_xrt/hbm_simple_xrt/_x_mod_12.hw.xilinx_u280_xdma_201920_3/link/run_link

****** vpl v2021.2 (64-bit)
  **** SW Build 3363252 on 2021-10-14-04:41:01
    ** Copyright 1986-2020 Xilinx, Inc. All Rights Reserved.

INFO: [VPL 60-839] Read in kernel information from file '/home/ziyuanwang/hbm/Vitis_Accel_Examples/host_xrt/hbm_simple_xrt/_x_mod_12.hw.xilinx_u280_xdma_201920_3/link/int/kernel_info.dat'.
INFO: [VPL 74-78] Compiler Version string: 2021.2
INFO: [VPL 60-423]   Target device: xilinx_u280_xdma_201920_3
INFO: [VPL 60-1032] Extracting hardware platform to /home/ziyuanwang/hbm/Vitis_Accel_Examples/host_xrt/hbm_simple_xrt/_x_mod_12.hw.xilinx_u280_xdma_201920_3/link/vivado/vpl/.local/hw_platform
[18:17:30] Run vpl: Step create_project: Started
Creating Vivado project.
[18:17:44] Run vpl: Step create_project: Completed
[18:17:44] Run vpl: Step create_bd: Started
[18:19:04] Run vpl: Step create_bd: RUNNING...
[18:20:22] Run vpl: Step create_bd: RUNNING...
[18:21:39] Run vpl: Step create_bd: RUNNING...
[18:22:58] Run vpl: Step create_bd: RUNNING...
[18:24:15] Run vpl: Step create_bd: RUNNING...
[18:25:34] Run vpl: Step create_bd: RUNNING...
[18:26:52] Run vpl: Step create_bd: RUNNING...
[18:28:06] Run vpl: Step create_bd: Completed
[18:28:07] Run vpl: Step update_bd: Started
[18:28:10] Run vpl: Step update_bd: Completed
[18:28:10] Run vpl: Step generate_target: Started
[18:29:28] Run vpl: Step generate_target: RUNNING...
[18:30:12] Run vpl: Step generate_target: Completed
[18:30:12] Run vpl: Step config_hw_runs: Started
[18:30:22] Run vpl: Step config_hw_runs: Completed
[18:30:22] Run vpl: Step synth: Started
[18:30:54] Block-level synthesis in progress, 0 of 1 jobs complete, 1 job running.
[18:31:25] Block-level synthesis in progress, 0 of 1 jobs complete, 1 job running.
[18:31:56] Block-level synthesis in progress, 0 of 1 jobs complete, 1 job running.
[18:32:27] Block-level synthesis in progress, 0 of 1 jobs complete, 1 job running.
[18:32:58] Block-level synthesis in progress, 0 of 1 jobs complete, 1 job running.
[18:33:29] Block-level synthesis in progress, 0 of 1 jobs complete, 1 job running.
[18:33:59] Block-level synthesis in progress, 0 of 1 jobs complete, 1 job running.
[18:34:30] Block-level synthesis in progress, 1 of 1 jobs complete, 0 jobs running.
[18:35:01] Top-level synthesis in progress.
[18:35:32] Top-level synthesis in progress.
[18:35:59] Run vpl: Step synth: Completed
[18:35:59] Run vpl: Step impl: Started
[18:42:41] Finished 2nd of 6 tasks (FPGA linking synthesized kernels to platform). Elapsed time: 00h 34m 00s 

[18:42:41] Starting logic optimization..
[18:43:43] Phase 1 Retarget
[18:44:14] Phase 2 Constant propagation
[18:44:14] Phase 3 Sweep
[18:44:45] Phase 4 BUFG optimization
[18:44:45] Phase 5 Shift Register Optimization
[18:44:45] Phase 6 Post Processing Netlist
[18:46:49] Finished 3rd of 6 tasks (FPGA logic optimization). Elapsed time: 00h 04m 07s 

[18:46:49] Starting logic placement..
[18:47:19] Phase 1 Placer Initialization
[18:47:19] Phase 1.1 Placer Initialization Netlist Sorting
[18:51:27] Phase 1.2 IO Placement/ Clock Placement/ Build Placer Device
[18:52:28] Phase 1.3 Build Placer Netlist Model
[18:54:01] Phase 1.4 Constrain Clocks/Macros
[18:54:01] Phase 2 Global Placement
[18:54:01] Phase 2.1 Floorplanning
[18:54:32] Phase 2.1.1 Partition Driven Placement
[18:54:32] Phase 2.1.1.1 PBP: Partition Driven Placement
[18:54:32] Phase 2.1.1.2 PBP: Clock Region Placement
[18:55:04] Phase 2.1.1.3 PBP: Compute Congestion
[18:55:34] Phase 2.1.1.4 PBP: UpdateTiming
[18:55:34] Phase 2.1.1.5 PBP: Add part constraints
[18:56:06] Phase 2.2 Physical Synthesis After Floorplan
[18:56:36] Phase 2.3 Update Timing before SLR Path Opt
[18:56:36] Phase 2.4 Post-Processing in Floorplanning
[18:56:36] Phase 2.5 Global Placement Core
[19:06:26] Phase 2.5.1 Physical Synthesis In Placer
[19:09:01] Phase 3 Detail Placement
[19:09:01] Phase 3.1 Commit Multi Column Macros
[19:09:01] Phase 3.2 Commit Most Macros & LUTRAMs
[19:09:33] Phase 3.3 Small Shape DP
[19:09:33] Phase 3.3.1 Small Shape Clustering
[19:09:33] Phase 3.3.2 Flow Legalize Slice Clusters
[19:10:03] Phase 3.3.3 Slice Area Swap
[19:10:35] Phase 3.4 Place Remaining
[19:10:35] Phase 3.5 Re-assign LUT pins
[19:10:35] Phase 3.6 Pipeline Register Optimization
[19:10:35] Phase 3.7 Fast Optimization
[19:11:37] Phase 4 Post Placement Optimization and Clean-Up
[19:11:37] Phase 4.1 Post Commit Optimization
[19:12:39] Phase 4.1.1 Post Placement Optimization
[19:12:39] Phase 4.1.1.1 BUFG Insertion
[19:12:39] Phase 1 Physical Synthesis Initialization
[19:13:10] Phase 4.1.1.2 BUFG Replication
[19:13:10] Phase 4.1.1.3 Post Placement Timing Optimization
[19:15:45] Phase 4.1.1.4 Replication
[19:16:49] Phase 4.2 Post Placement Cleanup
[19:16:49] Phase 4.3 Placer Reporting
[19:16:49] Phase 4.3.1 Print Estimated Congestion
[19:16:49] Phase 4.4 Final Placement Cleanup
[19:19:24] Finished 4th of 6 tasks (FPGA logic placement). Elapsed time: 00h 32m 35s 

[19:19:24] Starting logic routing..
[19:20:26] Phase 1 Build RT Design
[19:22:00] Phase 2 Router Initialization
[19:22:00] Phase 2.1 Fix Topology Constraints
[19:22:00] Phase 2.2 Pre Route Cleanup
[19:22:00] Phase 2.3 Global Clock Net Routing
[19:22:31] Phase 2.4 Update Timing
[19:24:05] Phase 2.5 Update Timing for Bus Skew
[19:24:05] Phase 2.5.1 Update Timing
[19:24:36] Phase 3 Initial Routing
[19:24:36] Phase 3.1 Global Routing
[19:25:38] Phase 4 Rip-up And Reroute
[19:25:38] Phase 4.1 Global Iteration 0
[19:29:16] Phase 4.2 Global Iteration 1
[19:29:47] Phase 4.3 Global Iteration 2
[19:30:18] Phase 5 Delay and Skew Optimization
[19:30:18] Phase 5.1 Delay CleanUp
[19:30:18] Phase 5.1.1 Update Timing
[19:31:20] Phase 5.2 Clock Skew Optimization
[19:31:20] Phase 6 Post Hold Fix
[19:31:20] Phase 6.1 Hold Fix Iter
[19:31:20] Phase 6.1.1 Update Timing
[19:32:22] Phase 6.1.2 Lut RouteThru Assignment for hold
[19:32:22] Phase 6.2 Additional Hold Fix
[19:33:24] Phase 7 Leaf Clock Prog Delay Opt
[19:34:26] Phase 8 Route finalize
[19:34:26] Phase 9 Verifying routed nets
[19:34:26] Phase 10 Depositing Routes
[19:34:57] Phase 11 Resolve XTalk
[19:34:57] Phase 12 Post Router Timing
[19:34:57] Finished 5th of 6 tasks (FPGA routing). Elapsed time: 00h 15m 32s 

[19:34:57] Starting bitstream generation..
[19:43:16] Creating bitmap...
[19:50:30] Writing bitstream ./pfm_top_i_dynamic_region_my_rm_partial.bit...
[19:50:30] Finished 6th of 6 tasks (FPGA bitstream generation). Elapsed time: 00h 15m 32s 
[19:50:31] Run vpl: Step impl: Completed
[19:50:33] Run vpl: FINISHED. Run Status: impl Complete!
INFO: [v++ 60-1441] [19:50:38] Run run_link: Step vpl: Completed
Time (s): cpu = 00:00:42 ; elapsed = 01:42:00 . Memory (MB): peak = 2062.180 ; gain = 0.000 ; free physical = 36415 ; free virtual = 500703
INFO: [v++ 60-1443] [19:50:38] Run run_link: Step rtdgen: Started
INFO: [v++ 60-1453] Command Line: rtdgen
INFO: [v++ 60-1454] Run Directory: /home/ziyuanwang/hbm/Vitis_Accel_Examples/host_xrt/hbm_simple_xrt/_x_mod_12.hw.xilinx_u280_xdma_201920_3/link/run_link
INFO: [v++ 60-991] clock name 'clkwiz_kernel_clk_out1' (clock ID '0') is being mapped to clock name 'DATA_CLK' in the xclbin
INFO: [v++ 60-991] clock name 'clkwiz_kernel2_clk_out1' (clock ID '1') is being mapped to clock name 'KERNEL_CLK' in the xclbin
INFO: [v++ 60-991] clock name 'clk_out1_pfm_top_clkwiz_hbm_aclk_0' (clock ID '') is being mapped to clock name 'clk_out1_pfm_top_clkwiz_hbm_aclk_0' in the xclbin
INFO: [v++ 60-1230] The compiler selected the following frequencies for the runtime controllable kernel clock(s) and scalable system clock(s): System (SYSTEM) clock: clk_out1_pfm_top_clkwiz_hbm_aclk_0 = 450, Kernel (DATA) clock: clkwiz_kernel_clk_out1 = 300, Kernel (KERNEL) clock: clkwiz_kernel2_clk_out1 = 500
INFO: [v++ 60-1453] Command Line: cf2sw -a /home/ziyuanwang/hbm/Vitis_Accel_Examples/host_xrt/hbm_simple_xrt/_x_mod_12.hw.xilinx_u280_xdma_201920_3/link/int/address_map.xml -sdsl /home/ziyuanwang/hbm/Vitis_Accel_Examples/host_xrt/hbm_simple_xrt/_x_mod_12.hw.xilinx_u280_xdma_201920_3/link/int/sdsl.dat -xclbin /home/ziyuanwang/hbm/Vitis_Accel_Examples/host_xrt/hbm_simple_xrt/_x_mod_12.hw.xilinx_u280_xdma_201920_3/link/int/xclbin_orig.xml -rtd /home/ziyuanwang/hbm/Vitis_Accel_Examples/host_xrt/hbm_simple_xrt/_x_mod_12.hw.xilinx_u280_xdma_201920_3/link/int/krnl_vadd.link.rtd -o /home/ziyuanwang/hbm/Vitis_Accel_Examples/host_xrt/hbm_simple_xrt/_x_mod_12.hw.xilinx_u280_xdma_201920_3/link/int/krnl_vadd.link.xml
INFO: [v++ 60-1652] Cf2sw returned exit code: 0
INFO: [v++ 60-1441] [19:50:43] Run run_link: Step rtdgen: Completed
Time (s): cpu = 00:00:03 ; elapsed = 00:00:05 . Memory (MB): peak = 2062.180 ; gain = 0.000 ; free physical = 36414 ; free virtual = 500703
INFO: [v++ 60-1443] [19:50:43] Run run_link: Step xclbinutil: Started
INFO: [v++ 60-1453] Command Line: xclbinutil --add-section DEBUG_IP_LAYOUT:JSON:/home/ziyuanwang/hbm/Vitis_Accel_Examples/host_xrt/hbm_simple_xrt/_x_mod_12.hw.xilinx_u280_xdma_201920_3/link/int/debug_ip_layout.rtd --add-section BITSTREAM:RAW:/home/ziyuanwang/hbm/Vitis_Accel_Examples/host_xrt/hbm_simple_xrt/_x_mod_12.hw.xilinx_u280_xdma_201920_3/link/int/partial.bit --force --target hw --key-value SYS:dfx_enable:true --add-section :JSON:/home/ziyuanwang/hbm/Vitis_Accel_Examples/host_xrt/hbm_simple_xrt/_x_mod_12.hw.xilinx_u280_xdma_201920_3/link/int/krnl_vadd.link.rtd --append-section :JSON:/home/ziyuanwang/hbm/Vitis_Accel_Examples/host_xrt/hbm_simple_xrt/_x_mod_12.hw.xilinx_u280_xdma_201920_3/link/int/appendSection.rtd --add-section CLOCK_FREQ_TOPOLOGY:JSON:/home/ziyuanwang/hbm/Vitis_Accel_Examples/host_xrt/hbm_simple_xrt/_x_mod_12.hw.xilinx_u280_xdma_201920_3/link/int/krnl_vadd.link_xml.rtd --add-section BUILD_METADATA:JSON:/home/ziyuanwang/hbm/Vitis_Accel_Examples/host_xrt/hbm_simple_xrt/_x_mod_12.hw.xilinx_u280_xdma_201920_3/link/int/krnl_vadd.link_build.rtd --add-section EMBEDDED_METADATA:RAW:/home/ziyuanwang/hbm/Vitis_Accel_Examples/host_xrt/hbm_simple_xrt/_x_mod_12.hw.xilinx_u280_xdma_201920_3/link/int/krnl_vadd.link.xml --add-section SYSTEM_METADATA:RAW:/home/ziyuanwang/hbm/Vitis_Accel_Examples/host_xrt/hbm_simple_xrt/_x_mod_12.hw.xilinx_u280_xdma_201920_3/link/int/systemDiagramModelSlrBaseAddress.json --output /home/ziyuanwang/hbm/Vitis_Accel_Examples/host_xrt/hbm_simple_xrt/./build_dir_mod_12.hw.xilinx_u280_xdma_201920_3/krnl_vadd.link.xclbin
INFO: [v++ 60-1454] Run Directory: /home/ziyuanwang/hbm/Vitis_Accel_Examples/host_xrt/hbm_simple_xrt/_x_mod_12.hw.xilinx_u280_xdma_201920_3/link/run_link
XRT Build Version: 2.14.354 (2022.2)
       Build Date: 2022-10-08 09:49:58
          Hash ID: 43926231f7183688add2dccfd391b36a1f000bea
Creating a default 'in-memory' xclbin image.

Section: 'DEBUG_IP_LAYOUT'(9) was successfully added.
Size   : 296 bytes
Format : JSON
File   : '/home/ziyuanwang/hbm/Vitis_Accel_Examples/host_xrt/hbm_simple_xrt/_x_mod_12.hw.xilinx_u280_xdma_201920_3/link/int/debug_ip_layout.rtd'

Section: 'BITSTREAM'(0) was successfully added.
Size   : 43688215 bytes
Format : RAW
File   : '/home/ziyuanwang/hbm/Vitis_Accel_Examples/host_xrt/hbm_simple_xrt/_x_mod_12.hw.xilinx_u280_xdma_201920_3/link/int/partial.bit'

Section: 'MEM_TOPOLOGY'(6) was successfully added.
Format : JSON
File   : 'mem_topology'

Section: 'IP_LAYOUT'(8) was successfully added.
Format : JSON
File   : 'ip_layout'

Section: 'CONNECTIVITY'(7) was successfully added.
Format : JSON
File   : 'connectivity'

Section: 'CLOCK_FREQ_TOPOLOGY'(11) was successfully added.
Size   : 410 bytes
Format : JSON
File   : '/home/ziyuanwang/hbm/Vitis_Accel_Examples/host_xrt/hbm_simple_xrt/_x_mod_12.hw.xilinx_u280_xdma_201920_3/link/int/krnl_vadd.link_xml.rtd'

Section: 'BUILD_METADATA'(14) was successfully added.
Size   : 3145 bytes
Format : JSON
File   : '/home/ziyuanwang/hbm/Vitis_Accel_Examples/host_xrt/hbm_simple_xrt/_x_mod_12.hw.xilinx_u280_xdma_201920_3/link/int/krnl_vadd.link_build.rtd'

Section: 'EMBEDDED_METADATA'(2) was successfully added.
Size   : 4521 bytes
Format : RAW
File   : '/home/ziyuanwang/hbm/Vitis_Accel_Examples/host_xrt/hbm_simple_xrt/_x_mod_12.hw.xilinx_u280_xdma_201920_3/link/int/krnl_vadd.link.xml'

Section: 'SYSTEM_METADATA'(22) was successfully added.
Size   : 18770 bytes
Format : RAW
File   : '/home/ziyuanwang/hbm/Vitis_Accel_Examples/host_xrt/hbm_simple_xrt/_x_mod_12.hw.xilinx_u280_xdma_201920_3/link/int/systemDiagramModelSlrBaseAddress.json'

Section: 'IP_LAYOUT'(8) was successfully appended to.
Format : JSON
File   : 'ip_layout'
Successfully wrote (43742441 bytes) to the output file: /home/ziyuanwang/hbm/Vitis_Accel_Examples/host_xrt/hbm_simple_xrt/./build_dir_mod_12.hw.xilinx_u280_xdma_201920_3/krnl_vadd.link.xclbin
Leaving xclbinutil.
INFO: [v++ 60-1441] [19:50:45] Run run_link: Step xclbinutil: Completed
Time (s): cpu = 00:00:00.10 ; elapsed = 00:00:02 . Memory (MB): peak = 2062.180 ; gain = 0.000 ; free physical = 36371 ; free virtual = 500702
INFO: [v++ 60-1443] [19:50:45] Run run_link: Step xclbinutilinfo: Started
INFO: [v++ 60-1453] Command Line: xclbinutil --quiet --force --info /home/ziyuanwang/hbm/Vitis_Accel_Examples/host_xrt/hbm_simple_xrt/./build_dir_mod_12.hw.xilinx_u280_xdma_201920_3/krnl_vadd.link.xclbin.info --input /home/ziyuanwang/hbm/Vitis_Accel_Examples/host_xrt/hbm_simple_xrt/./build_dir_mod_12.hw.xilinx_u280_xdma_201920_3/krnl_vadd.link.xclbin
INFO: [v++ 60-1454] Run Directory: /home/ziyuanwang/hbm/Vitis_Accel_Examples/host_xrt/hbm_simple_xrt/_x_mod_12.hw.xilinx_u280_xdma_201920_3/link/run_link
INFO: [v++ 60-1441] [19:50:46] Run run_link: Step xclbinutilinfo: Completed
Time (s): cpu = 00:00:00.39 ; elapsed = 00:00:00.95 . Memory (MB): peak = 2062.180 ; gain = 0.000 ; free physical = 36370 ; free virtual = 500701
INFO: [v++ 60-1443] [19:50:46] Run run_link: Step generate_sc_driver: Started
INFO: [v++ 60-1453] Command Line: 
INFO: [v++ 60-1454] Run Directory: /home/ziyuanwang/hbm/Vitis_Accel_Examples/host_xrt/hbm_simple_xrt/_x_mod_12.hw.xilinx_u280_xdma_201920_3/link/run_link
INFO: [v++ 60-1441] [19:50:46] Run run_link: Step generate_sc_driver: Completed
Time (s): cpu = 00:00:00 ; elapsed = 00:00:00.25 . Memory (MB): peak = 2062.180 ; gain = 0.000 ; free physical = 36370 ; free virtual = 500701
INFO: [v++ 60-244] Generating system estimate report...
INFO: [v++ 60-1092] Generated system estimate report: /home/ziyuanwang/hbm/Vitis_Accel_Examples/host_xrt/hbm_simple_xrt/_x_mod_12.hw.xilinx_u280_xdma_201920_3/reports/link/system_estimate_krnl_vadd.link.xtxt
INFO: [v++ 60-586] Created /home/ziyuanwang/hbm/Vitis_Accel_Examples/host_xrt/hbm_simple_xrt/build_dir_mod_12.hw.xilinx_u280_xdma_201920_3/krnl_vadd.link.ltx
INFO: [v++ 60-586] Created ./build_dir_mod_12.hw.xilinx_u280_xdma_201920_3/krnl_vadd.link.xclbin
INFO: [v++ 60-1307] Run completed. Additional information can be found in:
	Guidance: /home/ziyuanwang/hbm/Vitis_Accel_Examples/host_xrt/hbm_simple_xrt/_x_mod_12.hw.xilinx_u280_xdma_201920_3/reports/link/v++_link_krnl_vadd.link_guidance.html
	Timing Report: /home/ziyuanwang/hbm/Vitis_Accel_Examples/host_xrt/hbm_simple_xrt/_x_mod_12.hw.xilinx_u280_xdma_201920_3/reports/link/imp/impl_1_xilinx_u280_xdma_201920_3_bb_locked_timing_summary_routed.rpt
	Vivado Log: /home/ziyuanwang/hbm/Vitis_Accel_Examples/host_xrt/hbm_simple_xrt/_x_mod_12.hw.xilinx_u280_xdma_201920_3/logs/link/vivado.log
	Steps Log File: /home/ziyuanwang/hbm/Vitis_Accel_Examples/host_xrt/hbm_simple_xrt/_x_mod_12.hw.xilinx_u280_xdma_201920_3/logs/link/link.steps.log

INFO: [v++ 60-2343] Use the vitis_analyzer tool to visualize and navigate the relevant reports. Run the following command. 
    vitis_analyzer /home/ziyuanwang/hbm/Vitis_Accel_Examples/host_xrt/hbm_simple_xrt/build_dir_mod_12.hw.xilinx_u280_xdma_201920_3/krnl_vadd.link.xclbin.link_summary 
INFO: [v++ 60-791] Total elapsed time: 1h 43m 16s
