Copyright 1986-2021 Xilinx, Inc. All Rights Reserved.
---------------------------------------------------------------------------------------------------------------------------------------------------------------------------------------------------------------------------------------------------------------------------------------------------------------------------------------------------
| Tool Version : Vivado v.2021.2 (lin64) Build 3367213 Tue Oct 19 02:47:39 MDT 2021
| Date         : Tue Nov  5 12:51:52 2024
| Host         : hacc-gpu0 running 64-bit Ubuntu 20.04.6 LTS
| Command      : report_accelerator_utilization -kernels { krnl_vaddmul:pfm_top_i/dynamic_region/krnl_vaddmul_1/inst:krnl_vaddmul_1 krnl_vaddmul:pfm_top_i/dynamic_region/krnl_vaddmul_2/inst:krnl_vaddmul_2 krnl_vaddmul:pfm_top_i/dynamic_region/krnl_vaddmul_3/inst:krnl_vaddmul_3} -file kernel_util_routed.rpt -name kernel_util_routed -json
| Design       : pfm_top_wrapper
| Device       : xcu280
| Design State : Routed
---------------------------------------------------------------------------------------------------------------------------------------------------------------------------------------------------------------------------------------------------------------------------------------------------------------------------------------------------

Accelerator Utilization Design Information

Table of Contents
-----------------
1. System Utilization

1. System Utilization
---------------------

+---------------------+-------------------+------------------+-------------------+----------------+---------------+----------------+
| Name                | LUT               | LUTAsMem         | REG               | BRAM           | URAM          | DSP            |
+---------------------+-------------------+------------------+-------------------+----------------+---------------+----------------+
| Platform            |  126917 [  9.74%] |  20764 [  3.46%] |  190256 [  7.30%] |  204 [ 10.12%] |   0 [  0.00%] |    4 [  0.04%] |
| User Budget         | 1175803 [100.00%] | 579716 [100.00%] | 2417104 [100.00%] | 1812 [100.00%] | 960 [100.00%] | 9020 [100.00%] |
|    Used Resources   |   31120 [  2.65%] |   9267 [  1.60%] |   64978 [  2.69%] |  186 [ 10.26%] |   0 [  0.00%] |   24 [  0.27%] |
|    Unused Resources | 1144683 [ 97.35%] | 570449 [ 98.40%] | 2352126 [ 97.31%] | 1626 [ 89.74%] | 960 [100.00%] | 8996 [ 99.73%] |
| krnl_vaddmul        |   31120 [  2.65%] |   9267 [  1.60%] |   64978 [  2.69%] |  186 [ 10.26%] |   0 [  0.00%] |   24 [  0.27%] |
|    krnl_vaddmul_1   |   10370 [  0.88%] |   3089 [  0.53%] |   21684 [  0.90%] |   62 [  3.42%] |   0 [  0.00%] |    8 [  0.09%] |
|    krnl_vaddmul_2   |   10376 [  0.88%] |   3089 [  0.53%] |   21655 [  0.90%] |   62 [  3.42%] |   0 [  0.00%] |    8 [  0.09%] |
|    krnl_vaddmul_3   |   10374 [  0.88%] |   3089 [  0.53%] |   21639 [  0.90%] |   62 [  3.42%] |   0 [  0.00%] |    8 [  0.09%] |
+---------------------+-------------------+------------------+-------------------+----------------+---------------+----------------+


