Copyright 1986-2021 Xilinx, Inc. All Rights Reserved.
------------------------------------------------------------------------------------------
| Tool Version : Vivado v.2021.2 (lin64) Build 3367213 Tue Oct 19 02:47:39 MDT 2021
| Date         : Mon Oct 28 21:05:48 2024
| Host         : hacc-gpu0 running 64-bit Ubuntu 20.04.6 LTS
| Command      : report_utilization -slr -file slr_util_placed.rpt -pb slr_util_placed.pb
| Design       : pfm_top_wrapper
| Device       : xcu280-fsvh2892-2L-e
| Speed File   : -2L
| Design State : Fully Placed
------------------------------------------------------------------------------------------

Utilization Design Information

Table of Contents
-----------------
1. SLR Connectivity
2. SLR Connectivity Matrix
3. SLR CLB Logic and Dedicated Block Utilization
4. SLR IO Utilization

1. SLR Connectivity
-------------------

+----------------------------------+------+-------+-----------+-------+
|                                  | Used | Fixed | Available | Util% |
+----------------------------------+------+-------+-----------+-------+
| SLR2 <-> SLR1                    | 4583 |       |     23040 | 19.89 |
|   SLR1 -> SLR2                   | 2405 |       |           | 10.44 |
|     Using TX_REG only            |    1 |     1 |           |       |
|     Using RX_REG only            |   18 |    18 |           |       |
|     Using Both TX_REG and RX_REG |  529 |     1 |           |       |
|   SLR2 -> SLR1                   | 2178 |       |           |  9.45 |
|     Using TX_REG only            |    0 |     0 |           |       |
|     Using RX_REG only            |    4 |     4 |           |       |
|     Using Both TX_REG and RX_REG |  681 |     0 |           |       |
| SLR1 <-> SLR0                    | 3151 |       |     23040 | 13.68 |
|   SLR0 -> SLR1                   | 1446 |       |           |  6.28 |
|     Using TX_REG only            |   71 |    71 |           |       |
|     Using RX_REG only            |   61 |    61 |           |       |
|     Using Both TX_REG and RX_REG |  583 |    55 |           |       |
|   SLR1 -> SLR0                   | 1705 |       |           |  7.40 |
|     Using TX_REG only            |  259 |    62 |           |       |
|     Using RX_REG only            |   72 |    71 |           |       |
|     Using Both TX_REG and RX_REG |  544 |    60 |           |       |
+----------------------------------+------+-------+-----------+-------+
| Total SLLs Used                  | 7734 |       |           |       |
+----------------------------------+------+-------+-----------+-------+


2. SLR Connectivity Matrix
--------------------------

+-----------+------+------+------+
| FROM \ TO | SLR2 | SLR1 | SLR0 |
+-----------+------+------+------+
| SLR2      |    0 | 1992 |  186 |
| SLR1      | 2228 |    0 | 1519 |
| SLR0      |  177 | 1269 |    0 |
+-----------+------+------+------+


3. SLR CLB Logic and Dedicated Block Utilization
------------------------------------------------

+----------------------------+--------+-------+-------+--------+--------+--------+
|          Site Type         |  SLR0  |  SLR1 |  SLR2 | SLR0 % | SLR1 % | SLR2 % |
+----------------------------+--------+-------+-------+--------+--------+--------+
| CLB                        |  27087 |  6805 |  7703 |  49.28 |  12.60 |  14.26 |
|   CLBL                     |  13781 |  3423 |  3938 |  47.07 |  11.69 |  13.45 |
|   CLBM                     |  13306 |  3382 |  3765 |  51.81 |  13.68 |  15.23 |
| CLB LUTs                   | 106251 | 47654 | 33696 |  24.17 |  11.03 |   7.80 |
|   LUT as Logic             |  78732 | 43682 | 30945 |  17.91 |  10.11 |   7.16 |
|     using O5 output only   |   2714 |   287 |   930 |   0.62 |   0.07 |   0.22 |
|     using O6 output only   |  47410 | 34274 | 18868 |  10.78 |   7.93 |   4.37 |
|     using O5 and O6        |  28608 |  9121 | 11147 |   6.51 |   2.11 |   2.58 |
|   LUT as Memory            |  27519 |  3972 |  2751 |  13.40 |   2.01 |   1.39 |
|     LUT as Distributed RAM |  13012 |  3837 |   936 |   6.33 |   1.94 |   0.47 |
|       using O5 output only |      0 |     0 |     0 |   0.00 |   0.00 |   0.00 |
|       using O6 output only |     84 |   215 |    80 |   0.04 |   0.11 |   0.04 |
|       using O5 and O6      |  12928 |  3622 |   856 |   6.29 |   1.83 |   0.43 |
|     LUT as Shift Register  |  14507 |   135 |  1815 |   7.06 |   0.07 |   0.92 |
|       using O5 output only |      0 |     0 |     0 |   0.00 |   0.00 |   0.00 |
|       using O6 output only |  11081 |   135 |  1685 |   5.39 |   0.07 |   0.85 |
|       using O5 and O6      |   3426 |     0 |   130 |   1.67 |   0.00 |   0.07 |
| CLB Registers              | 204321 | 48685 | 59787 |  23.24 |   5.63 |   6.92 |
| CARRY8                     |   2360 |   473 |   299 |   4.29 |   0.88 |   0.55 |
| F7 Muxes                   |   3650 |   651 |  1316 |   1.66 |   0.30 |   0.61 |
| F8 Muxes                   |     16 |   141 |    47 |   0.01 |   0.13 |   0.04 |
| F9 Muxes                   |      0 |     0 |     0 |   0.00 |   0.00 |   0.00 |
| Block RAM Tile             |  157.5 |  80.5 |    94 |  23.44 |  11.98 |  13.99 |
|   RAMB36/FIFO              |    156 |    80 |    92 |  23.21 |  11.90 |  13.69 |
|     RAMB36E2 only          |    156 |    80 |    92 |  23.21 |  11.90 |  13.69 |
|   RAMB18                   |      3 |     1 |     4 |   0.22 |   0.07 |   0.30 |
|     RAMB18E2 only          |      3 |     1 |     4 |   0.22 |   0.07 |   0.30 |
| URAM                       |      0 |     0 |     0 |   0.00 |   0.00 |   0.00 |
| DSPs                       |     32 |     0 |     4 |   1.11 |   0.00 |   0.13 |
| Unique Control Sets        |   7104 |  1507 |  2606 |   6.46 |   1.40 |   2.41 |
+----------------------------+--------+-------+-------+--------+--------+--------+
* Note: Available Control Sets based on CLB Registers / 8


4. SLR IO Utilization
---------------------

+-----------+-----------+---------+------------+----------+------------+----------+-----+
| SLR Index | Used IOBs | (%)IOBs | Used IPADs | (%)IPADs | Used OPADs | (%)OPADs | GTs |
+-----------+-----------+---------+------------+----------+------------+----------+-----+
| SLR2      |        18 |    8.65 |          0 |     0.00 |          0 |     0.00 |   0 |
| SLR1      |         0 |    0.00 |          0 |     0.00 |          0 |     0.00 |   0 |
| SLR0      |         1 |    0.48 |          0 |     0.00 |          0 |     0.00 |  16 |
+-----------+-----------+---------+------------+----------+------------+----------+-----+
| Total     |        19 |         |          0 |          |          0 |          |  16 |
+-----------+-----------+---------+------------+----------+------------+----------+-----+


