Copyright 1986-2021 Xilinx, Inc. All Rights Reserved.
----------------------------------------------------------------------------------------------------------------------------------------------------------------------------------
| Tool Version : Vivado v.2021.2 (lin64) Build 3367213 Tue Oct 19 02:47:39 MDT 2021
| Date         : Mon Dec  9 18:36:33 2024
| Host         : hacc-gpu0 running 64-bit Ubuntu 20.04.6 LTS
| Command      : report_accelerator_utilization -kernels { overlay:pfm_top_i/dynamic_region/overlay_1/inst:overlay_1} -file kernel_util_placed.rpt -name kernel_util_placed -json
| Design       : pfm_top_wrapper
| Device       : xcu280
| Design State : Fully Placed
----------------------------------------------------------------------------------------------------------------------------------------------------------------------------------

Accelerator Utilization Design Information

Table of Contents
-----------------
1. System Utilization

1. System Utilization
---------------------

+---------------------+-------------------+------------------+-------------------+----------------+---------------+----------------+
| Name                | LUT               | LUTAsMem         | REG               | BRAM           | URAM          | DSP            |
+---------------------+-------------------+------------------+-------------------+----------------+---------------+----------------+
| Platform            |  185194 [ 14.22%] |  32177 [  5.36%] |  296721 [ 11.38%] |  303 [ 15.03%] |   0 [  0.00%] |    7 [  0.08%] |
| User Budget         | 1117526 [100.00%] | 568303 [100.00%] | 2310639 [100.00%] | 1713 [100.00%] | 960 [100.00%] | 9017 [100.00%] |
|    Used Resources   |  394517 [ 35.30%] | 120537 [ 21.21%] |  416535 [ 18.03%] |  413 [ 24.11%] | 512 [ 53.33%] |  723 [  8.02%] |
|    Unused Resources |  723009 [ 64.70%] | 447766 [ 78.79%] | 1894104 [ 81.97%] | 1300 [ 75.89%] | 448 [ 46.67%] | 8294 [ 91.98%] |
| overlay             |  394517 [ 35.30%] | 120537 [ 21.21%] |  416535 [ 18.03%] |  413 [ 24.11%] | 512 [ 53.33%] |  723 [  8.02%] |
|    overlay_1        |  394517 [ 35.30%] | 120537 [ 21.21%] |  416535 [ 18.03%] |  413 [ 24.11%] | 512 [ 53.33%] |  723 [  8.02%] |
+---------------------+-------------------+------------------+-------------------+----------------+---------------+----------------+


