Copyright 1986-2021 Xilinx, Inc. All Rights Reserved.
------------------------------------------------------------------------------------------
| Tool Version : Vivado v.2021.2 (lin64) Build 3367213 Tue Oct 19 02:47:39 MDT 2021
| Date         : Sun Nov 17 09:23:07 2024
| Host         : hacc-gpu0 running 64-bit Ubuntu 20.04.6 LTS
| Command      : report_utilization -slr -file slr_util_routed.rpt -pb slr_util_routed.pb
| Design       : pfm_top_wrapper
| Device       : xcu280-fsvh2892-2L-e
| Speed File   : -2L
| Design State : Routed
------------------------------------------------------------------------------------------

Utilization Design Information

Table of Contents
-----------------
1. SLR Connectivity
2. SLR Connectivity Matrix
3. SLR CLB Logic and Dedicated Block Utilization
4. SLR IO Utilization

1. SLR Connectivity
-------------------

+----------------------------------+------+-------+-----------+-------+
|                                  | Used | Fixed | Available | Util% |
+----------------------------------+------+-------+-----------+-------+
| SLR2 <-> SLR1                    | 3953 |       |     23040 | 17.16 |
|   SLR1 -> SLR2                   | 2081 |       |           |  9.03 |
|     Using TX_REG only            |  267 |     1 |           |       |
|     Using RX_REG only            |  284 |    18 |           |       |
|     Using Both TX_REG and RX_REG |  267 |     1 |           |       |
|   SLR2 -> SLR1                   | 1872 |       |           |  8.13 |
|     Using TX_REG only            |  407 |     0 |           |       |
|     Using RX_REG only            |  412 |     4 |           |       |
|     Using Both TX_REG and RX_REG |  407 |     0 |           |       |
| SLR1 <-> SLR0                    | 2525 |       |     23040 | 10.96 |
|   SLR0 -> SLR1                   | 1129 |       |           |  4.90 |
|     Using TX_REG only            |  371 |    71 |           |       |
|     Using RX_REG only            |  361 |    61 |           |       |
|     Using Both TX_REG and RX_REG |  355 |    55 |           |       |
|   SLR1 -> SLR0                   | 1396 |       |           |  6.06 |
|     Using TX_REG only            |  441 |    62 |           |       |
|     Using RX_REG only            |  451 |    71 |           |       |
|     Using Both TX_REG and RX_REG |  439 |    60 |           |       |
+----------------------------------+------+-------+-----------+-------+
| Total SLLs Used                  | 6478 |       |           |       |
+----------------------------------+------+-------+-----------+-------+


2. SLR Connectivity Matrix
--------------------------

+-----------+------+------+------+
| FROM \ TO | SLR2 | SLR1 | SLR0 |
+-----------+------+------+------+
| SLR2      |    0 | 1735 |  137 |
| SLR1      | 1980 |    0 | 1259 |
| SLR0      |  101 | 1028 |    0 |
+-----------+------+------+------+


3. SLR CLB Logic and Dedicated Block Utilization
------------------------------------------------

+----------------------------+-------+-------+-------+--------+--------+--------+
|          Site Type         |  SLR0 |  SLR1 |  SLR2 | SLR0 % | SLR1 % | SLR2 % |
+----------------------------+-------+-------+-------+--------+--------+--------+
| CLB                        |  7426 |  6786 |  8184 |  13.51 |  12.57 |  15.16 |
|   CLBL                     |  3707 |  3407 |  4263 |  12.66 |  11.64 |  14.56 |
|   CLBM                     |  3719 |  3379 |  3921 |  14.48 |  13.67 |  15.86 |
| CLB LUTs                   | 24134 | 48066 | 35384 |   5.49 |  11.13 |   8.19 |
|   LUT as Logic             | 20547 | 44096 | 32346 |   4.67 |  10.21 |   7.49 |
|     using O5 output only   |   470 |   293 |  1008 |   0.11 |   0.07 |   0.23 |
|     using O6 output only   | 13925 | 34610 | 19565 |   3.17 |   8.01 |   4.53 |
|     using O5 and O6        |  6152 |  9193 | 11773 |   1.40 |   2.13 |   2.73 |
|   LUT as Memory            |  3587 |  3970 |  3038 |   1.75 |   2.01 |   1.54 |
|     LUT as Distributed RAM |  1116 |  3837 |  1660 |   0.54 |   1.94 |   0.84 |
|       using O5 output only |     0 |     0 |     0 |   0.00 |   0.00 |   0.00 |
|       using O6 output only |    84 |   215 |    84 |   0.04 |   0.11 |   0.04 |
|       using O5 and O6      |  1032 |  3622 |  1576 |   0.50 |   1.83 |   0.80 |
|     LUT as Shift Register  |  2471 |   133 |  1378 |   1.20 |   0.07 |   0.70 |
|       using O5 output only |     0 |     0 |     0 |   0.00 |   0.00 |   0.00 |
|       using O6 output only |  1301 |   133 |  1248 |   0.63 |   0.07 |   0.63 |
|       using O5 and O6      |  1170 |     0 |   130 |   0.57 |   0.00 |   0.07 |
| CLB Registers              | 52685 | 46670 | 60795 |   5.99 |   5.40 |   7.04 |
| CARRY8                     |   449 |   480 |   313 |   0.82 |   0.89 |   0.58 |
| F7 Muxes                   |   565 |   651 |  1054 |   0.26 |   0.30 |   0.49 |
| F8 Muxes                   |    16 |   141 |    47 |   0.01 |   0.13 |   0.04 |
| F9 Muxes                   |     0 |     0 |     0 |   0.00 |   0.00 |   0.00 |
| Block RAM Tile             |    41 |  82.5 |    94 |   6.10 |  12.28 |  13.99 |
|   RAMB36/FIFO              |    39 |    82 |    92 |   5.80 |  12.20 |  13.69 |
|     RAMB36E2 only          |    39 |    82 |    92 |   5.80 |  12.20 |  13.69 |
|   RAMB18                   |     4 |     1 |     4 |   0.30 |   0.07 |   0.30 |
|     RAMB18E2 only          |     4 |     1 |     4 |   0.30 |   0.07 |   0.30 |
| URAM                       |     0 |     0 |     0 |   0.00 |   0.00 |   0.00 |
| DSPs                       |     0 |     0 |     4 |   0.00 |   0.00 |   0.13 |
| Unique Control Sets        |  1615 |  1516 |  2719 |   1.47 |   1.40 |   2.52 |
+----------------------------+-------+-------+-------+--------+--------+--------+
* Note: Available Control Sets based on CLB Registers / 8


4. SLR IO Utilization
---------------------

+-----------+-----------+---------+------------+----------+------------+----------+-----+
| SLR Index | Used IOBs | (%)IOBs | Used IPADs | (%)IPADs | Used OPADs | (%)OPADs | GTs |
+-----------+-----------+---------+------------+----------+------------+----------+-----+
| SLR2      |        18 |    8.65 |          0 |     0.00 |          0 |     0.00 |   0 |
| SLR1      |         0 |    0.00 |          0 |     0.00 |          0 |     0.00 |   0 |
| SLR0      |         1 |    0.48 |          0 |     0.00 |          0 |     0.00 |  16 |
+-----------+-----------+---------+------------+----------+------------+----------+-----+
| Total     |        19 |         |          0 |          |          0 |          |  16 |
+-----------+-----------+---------+------------+----------+------------+----------+-----+


