Copyright 1986-2021 Xilinx, Inc. All Rights Reserved.
----------------------------------------------------------------------------------------------------------------------------------------------------------------------------------------------------------------------------------------------------------------------------------------------------------------------------------------------------------------------------------------------------------------------------
| Tool Version : Vivado v.2021.2 (lin64) Build 3367213 Tue Oct 19 02:47:39 MDT 2021
| Date         : Sun Nov 17 15:35:47 2024
| Host         : hacc-gpu0 running 64-bit Ubuntu 20.04.6 LTS
| Command      : report_accelerator_utilization -kernels { krnl_vaddmul:pfm_top_i/dynamic_region/krnl_vaddmul_1/inst:krnl_vaddmul_1 krnl_vaddmul:pfm_top_i/dynamic_region/krnl_vaddmul_2/inst:krnl_vaddmul_2 krnl_vaddmul:pfm_top_i/dynamic_region/krnl_vaddmul_3/inst:krnl_vaddmul_3 krnl_vaddmul:pfm_top_i/dynamic_region/krnl_vaddmul_4/inst:krnl_vaddmul_4} -file kernel_util_placed.rpt -name kernel_util_placed -json
| Design       : pfm_top_wrapper
| Device       : xcu280
| Design State : Fully Placed
----------------------------------------------------------------------------------------------------------------------------------------------------------------------------------------------------------------------------------------------------------------------------------------------------------------------------------------------------------------------------------------------------------------------------

Accelerator Utilization Design Information

Table of Contents
-----------------
1. System Utilization

1. System Utilization
---------------------

+---------------------+-------------------+------------------+-------------------+----------------+---------------+----------------+
| Name                | LUT               | LUTAsMem         | REG               | BRAM           | URAM          | DSP            |
+---------------------+-------------------+------------------+-------------------+----------------+---------------+----------------+
| Platform            |  118554 [  9.10%] |  17676 [  2.94%] |  178260 [  6.84%] |  202 [ 10.02%] |   0 [  0.00%] |    4 [  0.04%] |
| User Budget         | 1184166 [100.00%] | 582804 [100.00%] | 2429100 [100.00%] | 1814 [100.00%] | 960 [100.00%] | 9020 [100.00%] |
|    Used Resources   |  122545 [ 10.35%] |   3992 [  0.68%] |  109087 [  4.49%] |  120 [  6.62%] |   0 [  0.00%] |  512 [  5.68%] |
|    Unused Resources | 1061621 [ 89.65%] | 578812 [ 99.32%] | 2320013 [ 95.51%] | 1694 [ 93.38%] | 960 [100.00%] | 8508 [ 94.32%] |
| krnl_vaddmul        |  122545 [ 10.35%] |   3992 [  0.68%] |  109087 [  4.49%] |  120 [  6.62%] |   0 [  0.00%] |  512 [  5.68%] |
|    krnl_vaddmul_1   |   30804 [  2.60%] |    998 [  0.17%] |   26985 [  1.11%] |   30 [  1.65%] |   0 [  0.00%] |  128 [  1.42%] |
|    krnl_vaddmul_2   |   30708 [  2.59%] |    998 [  0.17%] |   27132 [  1.12%] |   30 [  1.65%] |   0 [  0.00%] |  128 [  1.42%] |
|    krnl_vaddmul_3   |   30536 [  2.58%] |    998 [  0.17%] |   28072 [  1.16%] |   30 [  1.65%] |   0 [  0.00%] |  128 [  1.42%] |
|    krnl_vaddmul_4   |   30497 [  2.58%] |    998 [  0.17%] |   26898 [  1.11%] |   30 [  1.65%] |   0 [  0.00%] |  128 [  1.42%] |
+---------------------+-------------------+------------------+-------------------+----------------+---------------+----------------+


