Copyright 1986-2021 Xilinx, Inc. All Rights Reserved.
--------------------------------------------------------------------------------------------------------------------------------------------------------------------------------------------------------------------------------------------------------------------------------------------------------------------------------------------------------------------------------------------------------------------------------------------------------------------------------------------------------------------------------------------------------------------------------------------------------------------------------------------------------------------------------------------------------------------------------
| Tool Version : Vivado v.2021.2 (lin64) Build 3367213 Tue Oct 19 02:47:39 MDT 2021
| Date         : Mon Oct 28 17:47:26 2024
| Host         : hacc-gpu0 running 64-bit Ubuntu 20.04.6 LTS
| Command      : report_accelerator_utilization -kernels { krnl_vaddmul:pfm_top_i/dynamic_region/krnl_vaddmul_1/inst:krnl_vaddmul_1 krnl_vaddmul:pfm_top_i/dynamic_region/krnl_vaddmul_2/inst:krnl_vaddmul_2 krnl_vaddmul:pfm_top_i/dynamic_region/krnl_vaddmul_3/inst:krnl_vaddmul_3 krnl_vaddmul:pfm_top_i/dynamic_region/krnl_vaddmul_4/inst:krnl_vaddmul_4 krnl_vaddmul:pfm_top_i/dynamic_region/krnl_vaddmul_5/inst:krnl_vaddmul_5 krnl_vaddmul:pfm_top_i/dynamic_region/krnl_vaddmul_6/inst:krnl_vaddmul_6 krnl_vaddmul:pfm_top_i/dynamic_region/krnl_vaddmul_7/inst:krnl_vaddmul_7 krnl_vaddmul:pfm_top_i/dynamic_region/krnl_vaddmul_8/inst:krnl_vaddmul_8} -file kernel_util_placed.rpt -name kernel_util_placed -json
| Design       : pfm_top_wrapper
| Device       : xcu280
| Design State : Fully Placed
--------------------------------------------------------------------------------------------------------------------------------------------------------------------------------------------------------------------------------------------------------------------------------------------------------------------------------------------------------------------------------------------------------------------------------------------------------------------------------------------------------------------------------------------------------------------------------------------------------------------------------------------------------------------------------------------------------------------------------

Accelerator Utilization Design Information

Table of Contents
-----------------
1. System Utilization

1. System Utilization
---------------------

+---------------------+-------------------+------------------+-------------------+----------------+---------------+----------------+
| Name                | LUT               | LUTAsMem         | REG               | BRAM           | URAM          | DSP            |
+---------------------+-------------------+------------------+-------------------+----------------+---------------+----------------+
| Platform            |  177419 [ 13.62%] |  42611 [  7.10%] |  281896 [ 10.81%] |  204 [ 10.12%] |   0 [  0.00%] |    4 [  0.04%] |
| User Budget         | 1125301 [100.00%] | 557869 [100.00%] | 2325464 [100.00%] | 1812 [100.00%] | 960 [100.00%] | 9020 [100.00%] |
|    Used Resources   |  289201 [ 25.70%] |  34992 [  6.27%] |  440869 [ 18.96%] |  432 [ 23.84%] |   0 [  0.00%] |  416 [  4.61%] |
|    Unused Resources |  836100 [ 74.30%] | 522877 [ 93.73%] | 1884595 [ 81.04%] | 1380 [ 76.16%] | 960 [100.00%] | 8604 [ 95.39%] |
| krnl_vaddmul        |  289201 [ 25.70%] |  34992 [  6.27%] |  440869 [ 18.96%] |  432 [ 23.84%] |   0 [  0.00%] |  416 [  4.61%] |
|    krnl_vaddmul_1   |   36153 [  3.21%] |   4374 [  0.78%] |   55089 [  2.37%] |   54 [  2.98%] |   0 [  0.00%] |   52 [  0.58%] |
|    krnl_vaddmul_2   |   36139 [  3.21%] |   4374 [  0.78%] |   55100 [  2.37%] |   54 [  2.98%] |   0 [  0.00%] |   52 [  0.58%] |
|    krnl_vaddmul_3   |   36160 [  3.21%] |   4374 [  0.78%] |   55113 [  2.37%] |   54 [  2.98%] |   0 [  0.00%] |   52 [  0.58%] |
|    krnl_vaddmul_4   |   36139 [  3.21%] |   4374 [  0.78%] |   55097 [  2.37%] |   54 [  2.98%] |   0 [  0.00%] |   52 [  0.58%] |
|    krnl_vaddmul_5   |   36150 [  3.21%] |   4374 [  0.78%] |   55114 [  2.37%] |   54 [  2.98%] |   0 [  0.00%] |   52 [  0.58%] |
|    krnl_vaddmul_6   |   36150 [  3.21%] |   4374 [  0.78%] |   55125 [  2.37%] |   54 [  2.98%] |   0 [  0.00%] |   52 [  0.58%] |
|    krnl_vaddmul_7   |   36160 [  3.21%] |   4374 [  0.78%] |   55115 [  2.37%] |   54 [  2.98%] |   0 [  0.00%] |   52 [  0.58%] |
|    krnl_vaddmul_8   |   36150 [  3.21%] |   4374 [  0.78%] |   55116 [  2.37%] |   54 [  2.98%] |   0 [  0.00%] |   52 [  0.58%] |
+---------------------+-------------------+------------------+-------------------+----------------+---------------+----------------+


