Copyright 1986-2021 Xilinx, Inc. All Rights Reserved.
------------------------------------------------------------------------------------------
| Tool Version : Vivado v.2021.2 (lin64) Build 3367213 Tue Oct 19 02:47:39 MDT 2021
| Date         : Mon Oct 28 17:48:15 2024
| Host         : hacc-gpu0 running 64-bit Ubuntu 20.04.6 LTS
| Command      : report_utilization -slr -file slr_util_placed.rpt -pb slr_util_placed.pb
| Design       : pfm_top_wrapper
| Device       : xcu280-fsvh2892-2L-e
| Speed File   : -2L
| Design State : Fully Placed
------------------------------------------------------------------------------------------

Utilization Design Information

Table of Contents
-----------------
1. SLR Connectivity
2. SLR Connectivity Matrix
3. SLR CLB Logic and Dedicated Block Utilization
4. SLR IO Utilization

1. SLR Connectivity
-------------------

+----------------------------------+-------+-------+-----------+-------+
|                                  |  Used | Fixed | Available | Util% |
+----------------------------------+-------+-------+-----------+-------+
| SLR2 <-> SLR1                    |  4533 |       |     23040 | 19.67 |
|   SLR1 -> SLR2                   |  2350 |       |           | 10.20 |
|     Using TX_REG only            |     1 |     1 |           |       |
|     Using RX_REG only            |    18 |    18 |           |       |
|     Using Both TX_REG and RX_REG |   529 |     1 |           |       |
|   SLR2 -> SLR1                   |  2183 |       |           |  9.47 |
|     Using TX_REG only            |     0 |     0 |           |       |
|     Using RX_REG only            |     4 |     4 |           |       |
|     Using Both TX_REG and RX_REG |   681 |     0 |           |       |
| SLR1 <-> SLR0                    | 14319 |       |     23040 | 62.15 |
|   SLR0 -> SLR1                   |  4988 |       |           | 21.65 |
|     Using TX_REG only            |    71 |    71 |           |       |
|     Using RX_REG only            |    61 |    61 |           |       |
|     Using Both TX_REG and RX_REG |   583 |    55 |           |       |
|   SLR1 -> SLR0                   |  9331 |       |           | 40.50 |
|     Using TX_REG only            |    62 |    62 |           |       |
|     Using RX_REG only            |    72 |    71 |           |       |
|     Using Both TX_REG and RX_REG |   741 |    60 |           |       |
+----------------------------------+-------+-------+-----------+-------+
| Total SLLs Used                  | 18852 |       |           |       |
+----------------------------------+-------+-------+-----------+-------+


2. SLR Connectivity Matrix
--------------------------

+-----------+------+------+------+
| FROM \ TO | SLR2 | SLR1 | SLR0 |
+-----------+------+------+------+
| SLR2      |    0 | 2048 |  135 |
| SLR1      | 2247 |    0 | 9196 |
| SLR0      |  103 | 4885 |    0 |
+-----------+------+------+------+


3. SLR CLB Logic and Dedicated Block Utilization
------------------------------------------------

+----------------------------+--------+--------+-------+--------+--------+--------+
|          Site Type         |  SLR0  |  SLR1  |  SLR2 | SLR0 % | SLR1 % | SLR2 % |
+----------------------------+--------+--------+-------+--------+--------+--------+
| CLB                        |  53721 |  30886 |  7735 |  97.75 |  57.20 |  14.32 |
|   CLBL                     |  28498 |  16393 |  4011 |  97.33 |  55.99 |  13.70 |
|   CLBM                     |  25223 |  14493 |  3724 |  98.22 |  58.63 |  15.06 |
| CLB LUTs                   | 275641 | 156978 | 33975 |  62.69 |  36.34 |   7.86 |
|   LUT as Logic             | 217948 | 139918 | 31125 |  49.57 |  32.39 |   7.20 |
|     using O5 output only   |   2664 |    460 |   937 |   0.61 |   0.11 |   0.22 |
|     using O6 output only   | 145697 | 100809 | 18993 |  33.14 |  23.34 |   4.40 |
|     using O5 and O6        |  69587 |  38649 | 11195 |  15.83 |   8.95 |   2.59 |
|   LUT as Memory            |  57693 |  17060 |  2850 |  28.08 |   8.63 |   1.44 |
|     LUT as Distributed RAM |  32862 |   3837 |   936 |  16.00 |   1.94 |   0.47 |
|       using O5 output only |      0 |      0 |     0 |   0.00 |   0.00 |   0.00 |
|       using O6 output only |     84 |    215 |    80 |   0.04 |   0.11 |   0.04 |
|       using O5 and O6      |  32778 |   3622 |   856 |  15.96 |   1.83 |   0.43 |
|     LUT as Shift Register  |  24831 |  13223 |  1914 |  12.09 |   6.69 |   0.97 |
|       using O5 output only |      5 |      1 |     0 |  <0.01 |  <0.01 |   0.00 |
|       using O6 output only |  17975 |   9631 |  1784 |   8.75 |   4.87 |   0.90 |
|       using O5 and O6      |   6851 |   3591 |   130 |   3.33 |   1.82 |   0.07 |
| CLB Registers              | 447360 | 214887 | 60518 |  50.87 |  24.87 |   7.00 |
| CARRY8                     |  16030 |   9627 |   299 |  29.17 |  17.83 |   0.55 |
| F7 Muxes                   |   4389 |   2769 |  1316 |   2.00 |   1.28 |   0.61 |
| F8 Muxes                   |   1176 |    837 |    47 |   1.07 |   0.78 |   0.04 |
| F9 Muxes                   |      0 |      0 |     0 |   0.00 |   0.00 |   0.00 |
| Block RAM Tile             |  295.5 |  246.5 |    94 |  43.97 |  36.68 |  13.99 |
|   RAMB36/FIFO              |    294 |    246 |    92 |  43.75 |  36.61 |  13.69 |
|     RAMB36E2 only          |    294 |    246 |    92 |  43.75 |  36.61 |  13.69 |
|   RAMB18                   |      3 |      1 |     4 |   0.22 |   0.07 |   0.30 |
|     RAMB18E2 only          |      3 |      1 |     4 |   0.22 |   0.07 |   0.30 |
| URAM                       |      0 |      0 |     0 |   0.00 |   0.00 |   0.00 |
| DSPs                       |    260 |    156 |     4 |   9.03 |   5.08 |   0.13 |
| Unique Control Sets        |   7333 |   3010 |  2622 |   6.67 |   2.79 |   2.43 |
+----------------------------+--------+--------+-------+--------+--------+--------+
* Note: Available Control Sets based on CLB Registers / 8


4. SLR IO Utilization
---------------------

+-----------+-----------+---------+------------+----------+------------+----------+-----+
| SLR Index | Used IOBs | (%)IOBs | Used IPADs | (%)IPADs | Used OPADs | (%)OPADs | GTs |
+-----------+-----------+---------+------------+----------+------------+----------+-----+
| SLR2      |        18 |    8.65 |          0 |     0.00 |          0 |     0.00 |   0 |
| SLR1      |         0 |    0.00 |          0 |     0.00 |          0 |     0.00 |   0 |
| SLR0      |         1 |    0.48 |          0 |     0.00 |          0 |     0.00 |  16 |
+-----------+-----------+---------+------------+----------+------------+----------+-----+
| Total     |        19 |         |          0 |          |          0 |          |  16 |
+-----------+-----------+---------+------------+----------+------------+----------+-----+


