Copyright 1986-2021 Xilinx, Inc. All Rights Reserved.
------------------------------------------------------------------------------------------
| Tool Version : Vivado v.2021.2 (lin64) Build 3367213 Tue Oct 19 02:47:39 MDT 2021
| Date         : Sun Nov 10 01:42:36 2024
| Host         : hacc-gpu0 running 64-bit Ubuntu 20.04.6 LTS
| Command      : report_utilization -slr -file slr_util_routed.rpt -pb slr_util_routed.pb
| Design       : pfm_top_wrapper
| Device       : xcu280-fsvh2892-2L-e
| Speed File   : -2L
| Design State : Routed
------------------------------------------------------------------------------------------

Utilization Design Information

Table of Contents
-----------------
1. SLR Connectivity
2. SLR Connectivity Matrix
3. SLR CLB Logic and Dedicated Block Utilization
4. SLR IO Utilization

1. SLR Connectivity
-------------------

+----------------------------------+------+-------+-----------+-------+
|                                  | Used | Fixed | Available | Util% |
+----------------------------------+------+-------+-----------+-------+
| SLR2 <-> SLR1                    | 3980 |       |     23040 | 17.27 |
|   SLR1 -> SLR2                   | 2100 |       |           |  9.11 |
|     Using TX_REG only            |  267 |     1 |           |       |
|     Using RX_REG only            |  284 |    18 |           |       |
|     Using Both TX_REG and RX_REG |  267 |     1 |           |       |
|   SLR2 -> SLR1                   | 1880 |       |           |  8.16 |
|     Using TX_REG only            |  407 |     0 |           |       |
|     Using RX_REG only            |  412 |     4 |           |       |
|     Using Both TX_REG and RX_REG |  407 |     0 |           |       |
| SLR1 <-> SLR0                    | 2539 |       |     23040 | 11.02 |
|   SLR0 -> SLR1                   | 1140 |       |           |  4.95 |
|     Using TX_REG only            |  371 |    71 |           |       |
|     Using RX_REG only            |  361 |    61 |           |       |
|     Using Both TX_REG and RX_REG |  355 |    55 |           |       |
|   SLR1 -> SLR0                   | 1399 |       |           |  6.07 |
|     Using TX_REG only            |  437 |    62 |           |       |
|     Using RX_REG only            |  447 |    71 |           |       |
|     Using Both TX_REG and RX_REG |  435 |    60 |           |       |
+----------------------------------+------+-------+-----------+-------+
| Total SLLs Used                  | 6519 |       |           |       |
+----------------------------------+------+-------+-----------+-------+


2. SLR Connectivity Matrix
--------------------------

+-----------+------+------+------+
| FROM \ TO | SLR2 | SLR1 | SLR0 |
+-----------+------+------+------+
| SLR2      |    0 | 1722 |  158 |
| SLR1      | 1963 |    0 | 1241 |
| SLR0      |  137 | 1003 |    0 |
+-----------+------+------+------+


3. SLR CLB Logic and Dedicated Block Utilization
------------------------------------------------

+----------------------------+--------+-------+-------+--------+--------+--------+
|          Site Type         |  SLR0  |  SLR1 |  SLR2 | SLR0 % | SLR1 % | SLR2 % |
+----------------------------+--------+-------+-------+--------+--------+--------+
| CLB                        |  32151 |  6717 |  7824 |  58.50 |  12.44 |  14.49 |
|   CLBL                     |  16408 |  3366 |  4052 |  56.04 |  11.50 |  13.84 |
|   CLBM                     |  15743 |  3351 |  3772 |  61.30 |  13.56 |  15.26 |
| CLB LUTs                   | 106001 | 47669 | 35287 |  24.11 |  11.03 |   8.17 |
|   LUT as Logic             |  75027 | 43697 | 32247 |  17.06 |  10.12 |   7.46 |
|     using O5 output only   |   1795 |   286 |  1005 |   0.41 |   0.07 |   0.23 |
|     using O6 output only   |  47640 | 34275 | 19481 |  10.84 |   7.93 |   4.51 |
|     using O5 and O6        |  25592 |  9136 | 11761 |   5.82 |   2.11 |   2.72 |
|   LUT as Memory            |  30974 |  3972 |  3040 |  15.08 |   2.01 |   1.54 |
|     LUT as Distributed RAM |  17328 |  3837 |  1660 |   8.43 |   1.94 |   0.84 |
|       using O5 output only |      0 |     0 |     0 |   0.00 |   0.00 |   0.00 |
|       using O6 output only |     80 |   215 |    84 |   0.04 |   0.11 |   0.04 |
|       using O5 and O6      |  17248 |  3622 |  1576 |   8.40 |   1.83 |   0.80 |
|     LUT as Shift Register  |  13646 |   135 |  1380 |   6.64 |   0.07 |   0.70 |
|       using O5 output only |      0 |     0 |     0 |   0.00 |   0.00 |   0.00 |
|       using O6 output only |   8044 |   135 |  1250 |   3.92 |   0.07 |   0.63 |
|       using O5 and O6      |   5602 |     0 |   130 |   2.73 |   0.00 |   0.07 |
| CLB Registers              | 219509 | 46338 | 60690 |  24.96 |   5.36 |   7.02 |
| CARRY8                     |   2485 |   473 |   313 |   4.52 |   0.88 |   0.58 |
| F7 Muxes                   |   3296 |   651 |  1054 |   1.50 |   0.30 |   0.49 |
| F8 Muxes                   |    944 |   141 |    47 |   0.86 |   0.13 |   0.04 |
| F9 Muxes                   |      0 |     0 |     0 |   0.00 |   0.00 |   0.00 |
| Block RAM Tile             |  389.5 |  80.5 |    94 |  57.96 |  11.98 |  13.99 |
|   RAMB36/FIFO              |    388 |    80 |    92 |  57.74 |  11.90 |  13.69 |
|     RAMB36E2 only          |    388 |    80 |    92 |  57.74 |  11.90 |  13.69 |
|   RAMB18                   |      3 |     1 |     4 |   0.22 |   0.07 |   0.30 |
|     RAMB18E2 only          |      3 |     1 |     4 |   0.22 |   0.07 |   0.30 |
| URAM                       |      0 |     0 |     0 |   0.00 |   0.00 |   0.00 |
| DSPs                       |     32 |     0 |     4 |   1.11 |   0.00 |   0.13 |
| Unique Control Sets        |   5184 |  1505 |  2721 |   4.72 |   1.39 |   2.52 |
+----------------------------+--------+-------+-------+--------+--------+--------+
* Note: Available Control Sets based on CLB Registers / 8


4. SLR IO Utilization
---------------------

+-----------+-----------+---------+------------+----------+------------+----------+-----+
| SLR Index | Used IOBs | (%)IOBs | Used IPADs | (%)IPADs | Used OPADs | (%)OPADs | GTs |
+-----------+-----------+---------+------------+----------+------------+----------+-----+
| SLR2      |        18 |    8.65 |          0 |     0.00 |          0 |     0.00 |   0 |
| SLR1      |         0 |    0.00 |          0 |     0.00 |          0 |     0.00 |   0 |
| SLR0      |         1 |    0.48 |          0 |     0.00 |          0 |     0.00 |  16 |
+-----------+-----------+---------+------------+----------+------------+----------+-----+
| Total     |        19 |         |          0 |          |          0 |          |  16 |
+-----------+-----------+---------+------------+----------+------------+----------+-----+


