Copyright 1986-2021 Xilinx, Inc. All Rights Reserved.
------------------------------------------------------------------------------------------
| Tool Version : Vivado v.2021.2 (lin64) Build 3367213 Tue Oct 19 02:47:39 MDT 2021
| Date         : Thu Dec 19 21:11:28 2024
| Host         : hacc-gpu0 running 64-bit Ubuntu 20.04.6 LTS
| Command      : report_utilization -slr -file slr_util_placed.rpt -pb slr_util_placed.pb
| Design       : pfm_top_wrapper
| Device       : xcu280-fsvh2892-2L-e
| Speed File   : -2L
| Design State : Fully Placed
------------------------------------------------------------------------------------------

Utilization Design Information

Table of Contents
-----------------
1. SLR Connectivity
2. SLR Connectivity Matrix
3. SLR CLB Logic and Dedicated Block Utilization
4. SLR IO Utilization

1. SLR Connectivity
-------------------

+----------------------------------+-------+-------+-----------+-------+
|                                  |  Used | Fixed | Available | Util% |
+----------------------------------+-------+-------+-----------+-------+
| SLR2 <-> SLR1                    |  6330 |       |     23040 | 27.47 |
|   SLR1 -> SLR2                   |  3420 |       |           | 14.84 |
|     Using TX_REG only            |     1 |     1 |           |       |
|     Using RX_REG only            |    18 |    18 |           |       |
|     Using Both TX_REG and RX_REG |   267 |     1 |           |       |
|   SLR2 -> SLR1                   |  2910 |       |           | 12.63 |
|     Using TX_REG only            |     0 |     0 |           |       |
|     Using RX_REG only            |     4 |     4 |           |       |
|     Using Both TX_REG and RX_REG |   407 |     0 |           |       |
| SLR1 <-> SLR0                    |  8523 |       |     23040 | 36.99 |
|   SLR0 -> SLR1                   |  4404 |       |           | 19.11 |
|     Using TX_REG only            |    71 |    71 |           |       |
|     Using RX_REG only            |    61 |    61 |           |       |
|     Using Both TX_REG and RX_REG |   365 |    55 |           |       |
|   SLR1 -> SLR0                   |  4119 |       |           | 17.88 |
|     Using TX_REG only            |    62 |    62 |           |       |
|     Using RX_REG only            |    72 |    71 |           |       |
|     Using Both TX_REG and RX_REG |   440 |    60 |           |       |
+----------------------------------+-------+-------+-----------+-------+
| Total SLLs Used                  | 14853 |       |           |       |
+----------------------------------+-------+-------+-----------+-------+


2. SLR Connectivity Matrix
--------------------------

+-----------+------+------+------+
| FROM \ TO | SLR2 | SLR1 | SLR0 |
+-----------+------+------+------+
| SLR2      |    0 | 2620 |  290 |
| SLR1      | 3234 |    0 | 3829 |
| SLR0      |  186 | 4218 |    0 |
+-----------+------+------+------+


3. SLR CLB Logic and Dedicated Block Utilization
------------------------------------------------

+----------------------------+--------+--------+-------+--------+--------+--------+
|          Site Type         |  SLR0  |  SLR1  |  SLR2 | SLR0 % | SLR1 % | SLR2 % |
+----------------------------+--------+--------+-------+--------+--------+--------+
| CLB                        |  16323 |  28575 | 11309 |  29.70 |  52.92 |  20.94 |
|   CLBL                     |   8442 |  14754 |  5989 |  28.83 |  50.39 |  20.45 |
|   CLBM                     |   7881 |  13821 |  5320 |  30.69 |  55.91 |  21.52 |
| CLB LUTs                   |  59646 | 135366 | 48810 |  13.57 |  31.33 |  11.30 |
|   LUT as Logic             |  50084 | 104840 | 42262 |  11.39 |  24.27 |   9.78 |
|     using O5 output only   |   1629 |    856 |  1270 |   0.37 |   0.20 |   0.29 |
|     using O6 output only   |  30385 |  78689 | 24828 |   6.91 |  18.22 |   5.75 |
|     using O5 and O6        |  18070 |  25295 | 16164 |   4.11 |   5.86 |   3.74 |
|   LUT as Memory            |   9562 |  30526 |  6548 |   4.65 |  15.44 |   3.31 |
|     LUT as Distributed RAM |   6952 |   5073 |  3958 |   3.38 |   2.57 |   2.00 |
|       using O5 output only |      0 |      0 |     0 |   0.00 |   0.00 |   0.00 |
|       using O6 output only |     96 |    731 |    90 |   0.05 |   0.37 |   0.05 |
|       using O5 and O6      |   6856 |   4342 |  3868 |   3.34 |   2.20 |   1.96 |
|     LUT as Shift Register  |   2610 |  25453 |  2590 |   1.27 |  12.87 |   1.31 |
|       using O5 output only |      0 |      0 |     0 |   0.00 |   0.00 |   0.00 |
|       using O6 output only |   1709 |  22399 |  2460 |   0.83 |  11.33 |   1.24 |
|       using O5 and O6      |    901 |   3054 |   130 |   0.44 |   1.54 |   0.07 |
| CLB Registers              | 103050 | 151869 | 85251 |  11.72 |  17.58 |   9.87 |
| CARRY8                     |    652 |   2636 |   403 |   1.19 |   4.88 |   0.75 |
| F7 Muxes                   |   1006 |  14296 |  1055 |   0.46 |   6.62 |   0.49 |
| F8 Muxes                   |    109 |    142 |    47 |   0.10 |   0.13 |   0.04 |
| F9 Muxes                   |      0 |      0 |     0 |   0.00 |   0.00 |   0.00 |
| Block RAM Tile             |    120 |    548 |   152 |  17.86 |  81.55 |  22.62 |
|   RAMB36/FIFO              |    116 |    544 |   150 |  17.26 |  80.95 |  22.32 |
|     RAMB36E2 only          |    116 |    544 |   150 |  17.26 |  80.95 |  22.32 |
|   RAMB18                   |      8 |      8 |     4 |   0.60 |   0.60 |   0.30 |
|     RAMB18E2 only          |      8 |      8 |     4 |   0.60 |   0.60 |   0.30 |
| URAM                       |      0 |    288 |   256 |   0.00 |  90.00 |  80.00 |
| DSPs                       |      3 |    135 |     4 |   0.10 |   4.39 |   0.13 |
| Unique Control Sets        |   3602 |   3168 |  3157 |   3.28 |   2.93 |   2.92 |
+----------------------------+--------+--------+-------+--------+--------+--------+
* Note: Available Control Sets based on CLB Registers / 8


4. SLR IO Utilization
---------------------

+-----------+-----------+---------+------------+----------+------------+----------+-----+
| SLR Index | Used IOBs | (%)IOBs | Used IPADs | (%)IPADs | Used OPADs | (%)OPADs | GTs |
+-----------+-----------+---------+------------+----------+------------+----------+-----+
| SLR2      |        18 |    8.65 |          0 |     0.00 |          0 |     0.00 |   0 |
| SLR1      |         0 |    0.00 |          0 |     0.00 |          0 |     0.00 |   0 |
| SLR0      |       140 |   67.31 |          0 |     0.00 |          0 |     0.00 |  16 |
+-----------+-----------+---------+------------+----------+------------+----------+-----+
| Total     |       158 |         |          0 |          |          0 |          |  16 |
+-----------+-----------+---------+------------+----------+------------+----------+-----+


