Copyright 1986-2021 Xilinx, Inc. All Rights Reserved.
----------------------------------------------------------------------------------------------------------------------------------------------------------------------------------------------------------------------------------------------------------------------------------------------------------------------------------------------------------------------------------------------------------------------------
| Tool Version : Vivado v.2021.2 (lin64) Build 3367213 Tue Oct 19 02:47:39 MDT 2021
| Date         : Mon Nov 11 02:37:47 2024
| Host         : hacc-gpu0 running 64-bit Ubuntu 20.04.6 LTS
| Command      : report_accelerator_utilization -kernels { krnl_vaddmul:pfm_top_i/dynamic_region/krnl_vaddmul_1/inst:krnl_vaddmul_1 krnl_vaddmul:pfm_top_i/dynamic_region/krnl_vaddmul_2/inst:krnl_vaddmul_2 krnl_vaddmul:pfm_top_i/dynamic_region/krnl_vaddmul_3/inst:krnl_vaddmul_3 krnl_vaddmul:pfm_top_i/dynamic_region/krnl_vaddmul_4/inst:krnl_vaddmul_4} -file kernel_util_routed.rpt -name kernel_util_routed -json
| Design       : pfm_top_wrapper
| Device       : xcu280
| Design State : Routed
----------------------------------------------------------------------------------------------------------------------------------------------------------------------------------------------------------------------------------------------------------------------------------------------------------------------------------------------------------------------------------------------------------------------------

Accelerator Utilization Design Information

Table of Contents
-----------------
1. System Utilization

1. System Utilization
---------------------

+---------------------+-------------------+------------------+-------------------+----------------+---------------+----------------+
| Name                | LUT               | LUTAsMem         | REG               | BRAM           | URAM          | DSP            |
+---------------------+-------------------+------------------+-------------------+----------------+---------------+----------------+
| Platform            |  133922 [ 10.28%] |  23118 [  3.85%] |  199618 [  7.66%] |  204 [ 10.12%] |   0 [  0.00%] |    4 [  0.04%] |
| User Budget         | 1168798 [100.00%] | 577362 [100.00%] | 2407742 [100.00%] | 1812 [100.00%] | 960 [100.00%] | 9020 [100.00%] |
|    Used Resources   |   34592 [  2.96%] |  12436 [  2.15%] |   58581 [  2.43%] |  144 [  7.95%] |   0 [  0.00%] |  152 [  1.69%] |
|    Unused Resources | 1134206 [ 97.04%] | 564926 [ 97.85%] | 2349161 [ 97.57%] | 1668 [ 92.05%] | 960 [100.00%] | 8868 [ 98.31%] |
| krnl_vaddmul        |   34592 [  2.96%] |  12436 [  2.15%] |   58581 [  2.43%] |  144 [  7.95%] |   0 [  0.00%] |  152 [  1.69%] |
|    krnl_vaddmul_1   |    8649 [  0.74%] |   3109 [  0.54%] |   14628 [  0.61%] |   36 [  1.99%] |   0 [  0.00%] |   38 [  0.42%] |
|    krnl_vaddmul_2   |    8646 [  0.74%] |   3109 [  0.54%] |   14638 [  0.61%] |   36 [  1.99%] |   0 [  0.00%] |   38 [  0.42%] |
|    krnl_vaddmul_3   |    8650 [  0.74%] |   3109 [  0.54%] |   14678 [  0.61%] |   36 [  1.99%] |   0 [  0.00%] |   38 [  0.42%] |
|    krnl_vaddmul_4   |    8647 [  0.74%] |   3109 [  0.54%] |   14637 [  0.61%] |   36 [  1.99%] |   0 [  0.00%] |   38 [  0.42%] |
+---------------------+-------------------+------------------+-------------------+----------------+---------------+----------------+


