Copyright 1986-2021 Xilinx, Inc. All Rights Reserved.
--------------------------------------------------------------------------------------------------------------------------------------------------------------------------------------------------------------------------------------------------------------------------------------------------------------------------------------------------------------------------------------------------------------------------------------------------------------------------------------------------------------------------------------------------------------------------------------------------------------------------------------------------------------------------------------------------------------------------------
| Tool Version : Vivado v.2021.2 (lin64) Build 3367213 Tue Oct 19 02:47:39 MDT 2021
| Date         : Tue Oct 29 19:00:17 2024
| Host         : hacc-gpu0 running 64-bit Ubuntu 20.04.6 LTS
| Command      : report_accelerator_utilization -kernels { krnl_vaddmul:pfm_top_i/dynamic_region/krnl_vaddmul_1/inst:krnl_vaddmul_1 krnl_vaddmul:pfm_top_i/dynamic_region/krnl_vaddmul_2/inst:krnl_vaddmul_2 krnl_vaddmul:pfm_top_i/dynamic_region/krnl_vaddmul_3/inst:krnl_vaddmul_3 krnl_vaddmul:pfm_top_i/dynamic_region/krnl_vaddmul_4/inst:krnl_vaddmul_4 krnl_vaddmul:pfm_top_i/dynamic_region/krnl_vaddmul_5/inst:krnl_vaddmul_5 krnl_vaddmul:pfm_top_i/dynamic_region/krnl_vaddmul_6/inst:krnl_vaddmul_6 krnl_vaddmul:pfm_top_i/dynamic_region/krnl_vaddmul_7/inst:krnl_vaddmul_7 krnl_vaddmul:pfm_top_i/dynamic_region/krnl_vaddmul_8/inst:krnl_vaddmul_8} -file kernel_util_placed.rpt -name kernel_util_placed -json
| Design       : pfm_top_wrapper
| Device       : xcu280
| Design State : Fully Placed
--------------------------------------------------------------------------------------------------------------------------------------------------------------------------------------------------------------------------------------------------------------------------------------------------------------------------------------------------------------------------------------------------------------------------------------------------------------------------------------------------------------------------------------------------------------------------------------------------------------------------------------------------------------------------------------------------------------------------------

Accelerator Utilization Design Information

Table of Contents
-----------------
1. System Utilization

1. System Utilization
---------------------

+---------------------+-------------------+------------------+-------------------+----------------+---------------+----------------+
| Name                | LUT               | LUTAsMem         | REG               | BRAM           | URAM          | DSP            |
+---------------------+-------------------+------------------+-------------------+----------------+---------------+----------------+
| Platform            |  182697 [ 14.02%] |  46698 [  7.78%] |  297867 [ 11.42%] |  204 [ 10.12%] |   0 [  0.00%] |    4 [  0.04%] |
| User Budget         | 1120023 [100.00%] | 553782 [100.00%] | 2309493 [100.00%] | 1812 [100.00%] | 960 [100.00%] | 9020 [100.00%] |
|    Used Resources   |  367616 [ 32.82%] |  15744 [  2.84%] |  313105 [ 13.56%] |  488 [ 26.93%] |   0 [  0.00%] |   32 [  0.35%] |
|    Unused Resources |  752407 [ 67.18%] | 538038 [ 97.16%] | 1996388 [ 86.44%] | 1324 [ 73.07%] | 960 [100.00%] | 8988 [ 99.65%] |
| krnl_vaddmul        |  367616 [ 32.82%] |  15744 [  2.84%] |  313105 [ 13.56%] |  488 [ 26.93%] |   0 [  0.00%] |   32 [  0.35%] |
|    krnl_vaddmul_1   |   46124 [  4.12%] |   1968 [  0.36%] |   39308 [  1.70%] |   61 [  3.37%] |   0 [  0.00%] |    4 [  0.04%] |
|    krnl_vaddmul_2   |   45828 [  4.09%] |   1968 [  0.36%] |   39274 [  1.70%] |   61 [  3.37%] |   0 [  0.00%] |    4 [  0.04%] |
|    krnl_vaddmul_3   |   45900 [  4.10%] |   1968 [  0.36%] |   39044 [  1.69%] |   61 [  3.37%] |   0 [  0.00%] |    4 [  0.04%] |
|    krnl_vaddmul_4   |   45940 [  4.10%] |   1968 [  0.36%] |   39025 [  1.69%] |   61 [  3.37%] |   0 [  0.00%] |    4 [  0.04%] |
|    krnl_vaddmul_5   |   45951 [  4.10%] |   1968 [  0.36%] |   39077 [  1.69%] |   61 [  3.37%] |   0 [  0.00%] |    4 [  0.04%] |
|    krnl_vaddmul_6   |   45918 [  4.10%] |   1968 [  0.36%] |   39106 [  1.69%] |   61 [  3.37%] |   0 [  0.00%] |    4 [  0.04%] |
|    krnl_vaddmul_7   |   45963 [  4.10%] |   1968 [  0.36%] |   39179 [  1.70%] |   61 [  3.37%] |   0 [  0.00%] |    4 [  0.04%] |
|    krnl_vaddmul_8   |   45992 [  4.11%] |   1968 [  0.36%] |   39092 [  1.69%] |   61 [  3.37%] |   0 [  0.00%] |    4 [  0.04%] |
+---------------------+-------------------+------------------+-------------------+----------------+---------------+----------------+


