Copyright 1986-2021 Xilinx, Inc. All Rights Reserved.
----------------------------------------------------------------------------------------------------------------------------------------------------------------------------------------------------------------------------------------------------------------------------------------------------------------------------------------------------------------------------------------------------------------------------------------------------------------------------------------------------------------------------------------------------------------------------------------------------------------------------------------------------------------------------------------------------------------------------------
| Tool Version : Vivado v.2021.2 (lin64) Build 3367213 Tue Oct 19 02:47:39 MDT 2021
| Date         : Tue Oct 29 15:40:02 2024
| Host         : hacc-gpu0 running 64-bit Ubuntu 20.04.6 LTS
| Command      : report_accelerator_utilization -kernels { krnl_vaddmul:pfm_top_i/dynamic_region/krnl_vaddmul_1/inst:krnl_vaddmul_1 krnl_vaddmul:pfm_top_i/dynamic_region/krnl_vaddmul_2/inst:krnl_vaddmul_2 krnl_vaddmul:pfm_top_i/dynamic_region/krnl_vaddmul_3/inst:krnl_vaddmul_3 krnl_vaddmul:pfm_top_i/dynamic_region/krnl_vaddmul_4/inst:krnl_vaddmul_4 krnl_vaddmul:pfm_top_i/dynamic_region/krnl_vaddmul_5/inst:krnl_vaddmul_5 krnl_vaddmul:pfm_top_i/dynamic_region/krnl_vaddmul_6/inst:krnl_vaddmul_6 krnl_vaddmul:pfm_top_i/dynamic_region/krnl_vaddmul_7/inst:krnl_vaddmul_7 krnl_vaddmul:pfm_top_i/dynamic_region/krnl_vaddmul_8/inst:krnl_vaddmul_8} -file kernel_util_synthed.rpt -name kernel_util_synthed -json
| Design       : pfm_top_wrapper
| Device       : xcu280
| Design State : Synthesized
----------------------------------------------------------------------------------------------------------------------------------------------------------------------------------------------------------------------------------------------------------------------------------------------------------------------------------------------------------------------------------------------------------------------------------------------------------------------------------------------------------------------------------------------------------------------------------------------------------------------------------------------------------------------------------------------------------------------------------

Accelerator Utilization Design Information

Table of Contents
-----------------
1. System Utilization

1. System Utilization
---------------------

+---------------------+-------------------+------------------+-------------------+----------------+---------------+----------------+
| Name                | LUT               | LUTAsMem         | REG               | BRAM           | URAM          | DSP            |
+---------------------+-------------------+------------------+-------------------+----------------+---------------+----------------+
| Platform            |  221816 [ 17.03%] |  60331 [ 10.05%] |  359829 [ 13.80%] |  204 [ 10.12%] |   0 [  0.00%] |    4 [  0.04%] |
| User Budget         | 1080904 [100.00%] | 540149 [100.00%] | 2247531 [100.00%] | 1812 [100.00%] | 960 [100.00%] | 9020 [100.00%] |
|    Used Resources   |  391920 [ 36.26%] |  37640 [  6.97%] |  324752 [ 14.45%] |  488 [ 26.93%] |   0 [  0.00%] |   32 [  0.35%] |
|    Unused Resources |  688984 [ 63.74%] | 502509 [ 93.03%] | 1922779 [ 85.55%] | 1324 [ 73.07%] | 960 [100.00%] | 8988 [ 99.65%] |
| krnl_vaddmul        |  391920 [ 36.26%] |  37640 [  6.97%] |  324752 [ 14.45%] |  488 [ 26.93%] |   0 [  0.00%] |   32 [  0.35%] |
|    krnl_vaddmul_1   |   48990 [  4.53%] |   4705 [  0.87%] |   40594 [  1.81%] |   61 [  3.37%] |   0 [  0.00%] |    4 [  0.04%] |
|    krnl_vaddmul_2   |   48990 [  4.53%] |   4705 [  0.87%] |   40594 [  1.81%] |   61 [  3.37%] |   0 [  0.00%] |    4 [  0.04%] |
|    krnl_vaddmul_3   |   48990 [  4.53%] |   4705 [  0.87%] |   40594 [  1.81%] |   61 [  3.37%] |   0 [  0.00%] |    4 [  0.04%] |
|    krnl_vaddmul_4   |   48990 [  4.53%] |   4705 [  0.87%] |   40594 [  1.81%] |   61 [  3.37%] |   0 [  0.00%] |    4 [  0.04%] |
|    krnl_vaddmul_5   |   48990 [  4.53%] |   4705 [  0.87%] |   40594 [  1.81%] |   61 [  3.37%] |   0 [  0.00%] |    4 [  0.04%] |
|    krnl_vaddmul_6   |   48990 [  4.53%] |   4705 [  0.87%] |   40594 [  1.81%] |   61 [  3.37%] |   0 [  0.00%] |    4 [  0.04%] |
|    krnl_vaddmul_7   |   48990 [  4.53%] |   4705 [  0.87%] |   40594 [  1.81%] |   61 [  3.37%] |   0 [  0.00%] |    4 [  0.04%] |
|    krnl_vaddmul_8   |   48990 [  4.53%] |   4705 [  0.87%] |   40594 [  1.81%] |   61 [  3.37%] |   0 [  0.00%] |    4 [  0.04%] |
+---------------------+-------------------+------------------+-------------------+----------------+---------------+----------------+


