Copyright 1986-2021 Xilinx, Inc. All Rights Reserved.
------------------------------------------------------------------------------------------
| Tool Version : Vivado v.2021.2 (lin64) Build 3367213 Tue Oct 19 02:47:39 MDT 2021
| Date         : Fri Nov  8 14:34:57 2024
| Host         : hacc-gpu0 running 64-bit Ubuntu 20.04.6 LTS
| Command      : report_utilization -slr -file slr_util_placed.rpt -pb slr_util_placed.pb
| Design       : pfm_top_wrapper
| Device       : xcu280-fsvh2892-2L-e
| Speed File   : -2L
| Design State : Fully Placed
------------------------------------------------------------------------------------------

Utilization Design Information

Table of Contents
-----------------
1. SLR Connectivity
2. SLR Connectivity Matrix
3. SLR CLB Logic and Dedicated Block Utilization
4. SLR IO Utilization

1. SLR Connectivity
-------------------

+----------------------------------+------+-------+-----------+-------+
|                                  | Used | Fixed | Available | Util% |
+----------------------------------+------+-------+-----------+-------+
| SLR2 <-> SLR1                    | 3972 |       |     23040 | 17.24 |
|   SLR1 -> SLR2                   | 2100 |       |           |  9.11 |
|     Using TX_REG only            |    1 |     1 |           |       |
|     Using RX_REG only            |   18 |    18 |           |       |
|     Using Both TX_REG and RX_REG |  267 |     1 |           |       |
|   SLR2 -> SLR1                   | 1872 |       |           |  8.13 |
|     Using TX_REG only            |    0 |     0 |           |       |
|     Using RX_REG only            |    4 |     4 |           |       |
|     Using Both TX_REG and RX_REG |  407 |     0 |           |       |
| SLR1 <-> SLR0                    | 2540 |       |     23040 | 11.02 |
|   SLR0 -> SLR1                   | 1143 |       |           |  4.96 |
|     Using TX_REG only            |   71 |    71 |           |       |
|     Using RX_REG only            |   61 |    61 |           |       |
|     Using Both TX_REG and RX_REG |  355 |    55 |           |       |
|   SLR1 -> SLR0                   | 1397 |       |           |  6.06 |
|     Using TX_REG only            |   62 |    62 |           |       |
|     Using RX_REG only            |   72 |    71 |           |       |
|     Using Both TX_REG and RX_REG |  435 |    60 |           |       |
+----------------------------------+------+-------+-----------+-------+
| Total SLLs Used                  | 6512 |       |           |       |
+----------------------------------+------+-------+-----------+-------+


2. SLR Connectivity Matrix
--------------------------

+-----------+------+------+------+
| FROM \ TO | SLR2 | SLR1 | SLR0 |
+-----------+------+------+------+
| SLR2      |    0 | 1715 |  157 |
| SLR1      | 1960 |    0 | 1240 |
| SLR0      |  140 | 1003 |    0 |
+-----------+------+------+------+


3. SLR CLB Logic and Dedicated Block Utilization
------------------------------------------------

+----------------------------+--------+-------+-------+--------+--------+--------+
|          Site Type         |  SLR0  |  SLR1 |  SLR2 | SLR0 % | SLR1 % | SLR2 % |
+----------------------------+--------+-------+-------+--------+--------+--------+
| CLB                        |  40186 |  6726 |  7867 |  73.12 |  12.46 |  14.57 |
|   CLBL                     |  20714 |  3396 |  4072 |  70.74 |  11.60 |  13.91 |
|   CLBM                     |  19472 |  3330 |  3795 |  75.83 |  13.47 |  15.35 |
| CLB LUTs                   | 150346 | 47684 | 35285 |  34.19 |  11.04 |   8.17 |
|   LUT as Logic             | 125563 | 43712 | 32278 |  28.56 |  10.12 |   7.47 |
|     using O5 output only   |   1704 |   288 |  1010 |   0.39 |   0.07 |   0.23 |
|     using O6 output only   |  96695 | 34266 | 19465 |  21.99 |   7.93 |   4.51 |
|     using O5 and O6        |  27164 |  9158 | 11803 |   6.18 |   2.12 |   2.73 |
|   LUT as Memory            |  24783 |  3972 |  3007 |  12.06 |   2.01 |   1.52 |
|     LUT as Distributed RAM |  13096 |  3837 |  1660 |   6.37 |   1.94 |   0.84 |
|       using O5 output only |      0 |     0 |     0 |   0.00 |   0.00 |   0.00 |
|       using O6 output only |     80 |   215 |    84 |   0.04 |   0.11 |   0.04 |
|       using O5 and O6      |  13016 |  3622 |  1576 |   6.34 |   1.83 |   0.80 |
|     LUT as Shift Register  |  11687 |   135 |  1347 |   5.69 |   0.07 |   0.68 |
|       using O5 output only |      0 |     0 |     0 |   0.00 |   0.00 |   0.00 |
|       using O6 output only |   7026 |   135 |  1217 |   3.42 |   0.07 |   0.62 |
|       using O5 and O6      |   4661 |     0 |   130 |   2.27 |   0.00 |   0.07 |
| CLB Registers              | 242224 | 46338 | 60546 |  27.55 |   5.36 |   7.01 |
| CARRY8                     |   3838 |   473 |   313 |   6.98 |   0.88 |   0.58 |
| F7 Muxes                   |   2774 |   651 |  1054 |   1.26 |   0.30 |   0.49 |
| F8 Muxes                   |    805 |   141 |    47 |   0.73 |   0.13 |   0.04 |
| F9 Muxes                   |      0 |     0 |     0 |   0.00 |   0.00 |   0.00 |
| Block RAM Tile             |  299.5 |  80.5 |    94 |  44.57 |  11.98 |  13.99 |
|   RAMB36/FIFO              |    298 |    80 |    92 |  44.35 |  11.90 |  13.69 |
|     RAMB36E2 only          |    298 |    80 |    92 |  44.35 |  11.90 |  13.69 |
|   RAMB18                   |      3 |     1 |     4 |   0.22 |   0.07 |   0.30 |
|     RAMB18E2 only          |      3 |     1 |     4 |   0.22 |   0.07 |   0.30 |
| URAM                       |      0 |     0 |     0 |   0.00 |   0.00 |   0.00 |
| DSPs                       |    267 |     0 |     4 |   9.27 |   0.00 |   0.13 |
| Unique Control Sets        |   4816 |  1505 |  2723 |   4.38 |   1.39 |   2.52 |
+----------------------------+--------+-------+-------+--------+--------+--------+
* Note: Available Control Sets based on CLB Registers / 8


4. SLR IO Utilization
---------------------

+-----------+-----------+---------+------------+----------+------------+----------+-----+
| SLR Index | Used IOBs | (%)IOBs | Used IPADs | (%)IPADs | Used OPADs | (%)OPADs | GTs |
+-----------+-----------+---------+------------+----------+------------+----------+-----+
| SLR2      |        18 |    8.65 |          0 |     0.00 |          0 |     0.00 |   0 |
| SLR1      |         0 |    0.00 |          0 |     0.00 |          0 |     0.00 |   0 |
| SLR0      |         1 |    0.48 |          0 |     0.00 |          0 |     0.00 |  16 |
+-----------+-----------+---------+------------+----------+------------+----------+-----+
| Total     |        19 |         |          0 |          |          0 |          |  16 |
+-----------+-----------+---------+------------+----------+------------+----------+-----+


