Copyright 1986-2021 Xilinx, Inc. All Rights Reserved.
---------------------------------------------------------------------------------------------------------------------------------------------------------------------------------------------------------------------------------------------------------------------------------------------------------------------------------------------------
| Tool Version : Vivado v.2021.2 (lin64) Build 3367213 Tue Oct 19 02:47:39 MDT 2021
| Date         : Fri Nov  8 14:34:14 2024
| Host         : hacc-gpu0 running 64-bit Ubuntu 20.04.6 LTS
| Command      : report_accelerator_utilization -kernels { krnl_vaddmul:pfm_top_i/dynamic_region/krnl_vaddmul_1/inst:krnl_vaddmul_1 krnl_vaddmul:pfm_top_i/dynamic_region/krnl_vaddmul_2/inst:krnl_vaddmul_2 krnl_vaddmul:pfm_top_i/dynamic_region/krnl_vaddmul_3/inst:krnl_vaddmul_3} -file kernel_util_placed.rpt -name kernel_util_placed -json
| Design       : pfm_top_wrapper
| Device       : xcu280
| Design State : Fully Placed
---------------------------------------------------------------------------------------------------------------------------------------------------------------------------------------------------------------------------------------------------------------------------------------------------------------------------------------------------

Accelerator Utilization Design Information

Table of Contents
-----------------
1. System Utilization

1. System Utilization
---------------------

+---------------------+-------------------+------------------+-------------------+----------------+---------------+----------------+
| Name                | LUT               | LUTAsMem         | REG               | BRAM           | URAM          | DSP            |
+---------------------+-------------------+------------------+-------------------+----------------+---------------+----------------+
| Platform            |  128191 [  9.84%] |  22012 [  3.67%] |  194637 [  7.46%] |  204 [ 10.12%] |   0 [  0.00%] |    4 [  0.04%] |
| User Budget         | 1174529 [100.00%] | 578468 [100.00%] | 2412723 [100.00%] | 1812 [100.00%] | 960 [100.00%] | 9020 [100.00%] |
|    Used Resources   |  105127 [  8.95%] |   9750 [  1.69%] |  154471 [  6.40%] |  270 [ 14.90%] |   0 [  0.00%] |  267 [  2.96%] |
|    Unused Resources | 1069402 [ 91.05%] | 568718 [ 98.31%] | 2258252 [ 93.60%] | 1542 [ 85.10%] | 960 [100.00%] | 8753 [ 97.04%] |
| krnl_vaddmul        |  105127 [  8.95%] |   9750 [  1.69%] |  154471 [  6.40%] |  270 [ 14.90%] |   0 [  0.00%] |  267 [  2.96%] |
|    krnl_vaddmul_1   |   35093 [  2.99%] |   3250 [  0.56%] |   51441 [  2.13%] |   90 [  4.97%] |   0 [  0.00%] |   89 [  0.99%] |
|    krnl_vaddmul_2   |   35073 [  2.99%] |   3250 [  0.56%] |   51462 [  2.13%] |   90 [  4.97%] |   0 [  0.00%] |   89 [  0.99%] |
|    krnl_vaddmul_3   |   34961 [  2.98%] |   3250 [  0.56%] |   51568 [  2.14%] |   90 [  4.97%] |   0 [  0.00%] |   89 [  0.99%] |
+---------------------+-------------------+------------------+-------------------+----------------+---------------+----------------+


