Copyright 1986-2021 Xilinx, Inc. All Rights Reserved.
------------------------------------------------------------------------------------------------------------------------------------------------------------------------------------------------------------------------------------------------------------------------------------------------------------------------------------------------------------------------------------------------------------------------------
| Tool Version : Vivado v.2021.2 (lin64) Build 3367213 Tue Oct 19 02:47:39 MDT 2021
| Date         : Wed Nov 13 23:34:17 2024
| Host         : hacc-gpu0 running 64-bit Ubuntu 20.04.6 LTS
| Command      : report_accelerator_utilization -kernels { krnl_vaddmul:pfm_top_i/dynamic_region/krnl_vaddmul_1/inst:krnl_vaddmul_1 krnl_vaddmul:pfm_top_i/dynamic_region/krnl_vaddmul_2/inst:krnl_vaddmul_2 krnl_vaddmul:pfm_top_i/dynamic_region/krnl_vaddmul_3/inst:krnl_vaddmul_3 krnl_vaddmul:pfm_top_i/dynamic_region/krnl_vaddmul_4/inst:krnl_vaddmul_4} -file kernel_util_synthed.rpt -name kernel_util_synthed -json
| Design       : pfm_top_wrapper
| Device       : xcu280
| Design State : Synthesized
------------------------------------------------------------------------------------------------------------------------------------------------------------------------------------------------------------------------------------------------------------------------------------------------------------------------------------------------------------------------------------------------------------------------------

Accelerator Utilization Design Information

Table of Contents
-----------------
1. System Utilization

1. System Utilization
---------------------

+---------------------+-------------------+------------------+-------------------+----------------+---------------+----------------+
| Name                | LUT               | LUTAsMem         | REG               | BRAM           | URAM          | DSP            |
+---------------------+-------------------+------------------+-------------------+----------------+---------------+----------------+
| Platform            |  151496 [ 11.63%] |  23266 [  3.87%] |  213117 [  8.17%] |  204 [ 10.12%] |   0 [  0.00%] |    4 [  0.04%] |
| User Budget         | 1151224 [100.00%] | 577214 [100.00%] | 2394243 [100.00%] | 1812 [100.00%] | 960 [100.00%] | 9020 [100.00%] |
|    Used Resources   |  116276 [ 10.10%] |   9984 [  1.73%] |  160416 [  6.70%] |  124 [  6.84%] |   0 [  0.00%] |   32 [  0.35%] |
|    Unused Resources | 1034948 [ 89.90%] | 567230 [ 98.27%] | 2233827 [ 93.30%] | 1688 [ 93.16%] | 960 [100.00%] | 8988 [ 99.65%] |
| krnl_vaddmul        |  116276 [ 10.10%] |   9984 [  1.73%] |  160416 [  6.70%] |  124 [  6.84%] |   0 [  0.00%] |   32 [  0.35%] |
|    krnl_vaddmul_1   |   29069 [  2.53%] |   2496 [  0.43%] |   40104 [  1.68%] |   31 [  1.71%] |   0 [  0.00%] |    8 [  0.09%] |
|    krnl_vaddmul_2   |   29069 [  2.53%] |   2496 [  0.43%] |   40104 [  1.68%] |   31 [  1.71%] |   0 [  0.00%] |    8 [  0.09%] |
|    krnl_vaddmul_3   |   29069 [  2.53%] |   2496 [  0.43%] |   40104 [  1.68%] |   31 [  1.71%] |   0 [  0.00%] |    8 [  0.09%] |
|    krnl_vaddmul_4   |   29069 [  2.53%] |   2496 [  0.43%] |   40104 [  1.68%] |   31 [  1.71%] |   0 [  0.00%] |    8 [  0.09%] |
+---------------------+-------------------+------------------+-------------------+----------------+---------------+----------------+


