Copyright 1986-2021 Xilinx, Inc. All Rights Reserved.
---------------------------------------------------------------------------------------------------------------------------------------------------------------------------------------------------------------------------------------------------------------------------------------------------------------------------------------------------
| Tool Version : Vivado v.2021.2 (lin64) Build 3367213 Tue Oct 19 02:47:39 MDT 2021
| Date         : Sun Nov  3 17:47:25 2024
| Host         : hacc-gpu0 running 64-bit Ubuntu 20.04.6 LTS
| Command      : report_accelerator_utilization -kernels { krnl_vaddmul:pfm_top_i/dynamic_region/krnl_vaddmul_1/inst:krnl_vaddmul_1 krnl_vaddmul:pfm_top_i/dynamic_region/krnl_vaddmul_2/inst:krnl_vaddmul_2 krnl_vaddmul:pfm_top_i/dynamic_region/krnl_vaddmul_3/inst:krnl_vaddmul_3} -file kernel_util_routed.rpt -name kernel_util_routed -json
| Design       : pfm_top_wrapper
| Device       : xcu280
| Design State : Routed
---------------------------------------------------------------------------------------------------------------------------------------------------------------------------------------------------------------------------------------------------------------------------------------------------------------------------------------------------

Accelerator Utilization Design Information

Table of Contents
-----------------
1. System Utilization

1. System Utilization
---------------------

+---------------------+-------------------+------------------+-------------------+----------------+---------------+----------------+
| Name                | LUT               | LUTAsMem         | REG               | BRAM           | URAM          | DSP            |
+---------------------+-------------------+------------------+-------------------+----------------+---------------+----------------+
| Platform            |  116462 [  8.94%] |  13354 [  2.22%] |  174522 [  6.69%] |  204 [ 10.12%] |   0 [  0.00%] |    4 [  0.04%] |
| User Budget         | 1186258 [100.00%] | 587126 [100.00%] | 2432838 [100.00%] | 1812 [100.00%] | 960 [100.00%] | 9020 [100.00%] |
|    Used Resources   |   14216 [  1.20%] |   4032 [  0.69%] |   22100 [  0.91%] |   24 [  1.32%] |   0 [  0.00%] |   12 [  0.13%] |
|    Unused Resources | 1172042 [ 98.80%] | 583094 [ 99.31%] | 2410738 [ 99.09%] | 1788 [ 98.68%] | 960 [100.00%] | 9008 [ 99.87%] |
| krnl_vaddmul        |   14216 [  1.20%] |   4032 [  0.69%] |   22100 [  0.91%] |   24 [  1.32%] |   0 [  0.00%] |   12 [  0.13%] |
|    krnl_vaddmul_1   |    4738 [  0.40%] |   1344 [  0.23%] |    7363 [  0.30%] |    8 [  0.44%] |   0 [  0.00%] |    4 [  0.04%] |
|    krnl_vaddmul_2   |    4737 [  0.40%] |   1344 [  0.23%] |    7368 [  0.30%] |    8 [  0.44%] |   0 [  0.00%] |    4 [  0.04%] |
|    krnl_vaddmul_3   |    4741 [  0.40%] |   1344 [  0.23%] |    7369 [  0.30%] |    8 [  0.44%] |   0 [  0.00%] |    4 [  0.04%] |
+---------------------+-------------------+------------------+-------------------+----------------+---------------+----------------+


