Copyright 1986-2021 Xilinx, Inc. All Rights Reserved.
---------------------------------------------------------------------------------------------------------------------------------------------------------------------------------------------------------------------------------------------------------------------------------------------------------------------------------------------------
| Tool Version : Vivado v.2021.2 (lin64) Build 3367213 Tue Oct 19 02:47:39 MDT 2021
| Date         : Sun Nov 10 07:11:50 2024
| Host         : hacc-gpu0 running 64-bit Ubuntu 20.04.6 LTS
| Command      : report_accelerator_utilization -kernels { krnl_vaddmul:pfm_top_i/dynamic_region/krnl_vaddmul_1/inst:krnl_vaddmul_1 krnl_vaddmul:pfm_top_i/dynamic_region/krnl_vaddmul_2/inst:krnl_vaddmul_2 krnl_vaddmul:pfm_top_i/dynamic_region/krnl_vaddmul_3/inst:krnl_vaddmul_3} -file kernel_util_routed.rpt -name kernel_util_routed -json
| Design       : pfm_top_wrapper
| Device       : xcu280
| Design State : Routed
---------------------------------------------------------------------------------------------------------------------------------------------------------------------------------------------------------------------------------------------------------------------------------------------------------------------------------------------------

Accelerator Utilization Design Information

Table of Contents
-----------------
1. System Utilization

1. System Utilization
---------------------

+---------------------+-------------------+------------------+-------------------+----------------+---------------+----------------+
| Name                | LUT               | LUTAsMem         | REG               | BRAM           | URAM          | DSP            |
+---------------------+-------------------+------------------+-------------------+----------------+---------------+----------------+
| Platform            |  115859 [  8.89%] |  13352 [  2.22%] |  174088 [  6.68%] |  202 [ 10.02%] |   0 [  0.00%] |    4 [  0.04%] |
| User Budget         | 1186861 [100.00%] | 587128 [100.00%] | 2433272 [100.00%] | 1814 [100.00%] | 960 [100.00%] | 9020 [100.00%] |
|    Used Resources   |   14213 [  1.20%] |   4032 [  0.69%] |   22095 [  0.91%] |   24 [  1.32%] |   0 [  0.00%] |   12 [  0.13%] |
|    Unused Resources | 1172648 [ 98.80%] | 583096 [ 99.31%] | 2411177 [ 99.09%] | 1790 [ 98.68%] | 960 [100.00%] | 9008 [ 99.87%] |
| krnl_vaddmul        |   14213 [  1.20%] |   4032 [  0.69%] |   22095 [  0.91%] |   24 [  1.32%] |   0 [  0.00%] |   12 [  0.13%] |
|    krnl_vaddmul_1   |    4738 [  0.40%] |   1344 [  0.23%] |    7367 [  0.30%] |    8 [  0.44%] |   0 [  0.00%] |    4 [  0.04%] |
|    krnl_vaddmul_2   |    4736 [  0.40%] |   1344 [  0.23%] |    7362 [  0.30%] |    8 [  0.44%] |   0 [  0.00%] |    4 [  0.04%] |
|    krnl_vaddmul_3   |    4739 [  0.40%] |   1344 [  0.23%] |    7366 [  0.30%] |    8 [  0.44%] |   0 [  0.00%] |    4 [  0.04%] |
+---------------------+-------------------+------------------+-------------------+----------------+---------------+----------------+


