

================================================================
== Vitis HLS Report for 'krnl_vaddmul'
================================================================
* Date:           Tue Nov 12 16:57:41 2024

* Version:        2021.2 (Build 3367213 on Tue Oct 19 02:47:39 MDT 2021)
* Project:        krnl_vaddmul
* Solution:       solution (Vitis Kernel Flow Target)
* Product family: virtexuplus
* Target device:  xcu280-fsvh2892-2L-e


================================================================
== Performance Estimates
================================================================
+ Timing: 
    * Summary: 
    +--------+---------+----------+------------+
    |  Clock |  Target | Estimated| Uncertainty|
    +--------+---------+----------+------------+
    |ap_clk  |  3.33 ns|  2.433 ns|     0.90 ns|
    +--------+---------+----------+------------+

+ Latency: 
    * Summary: 
    +---------+---------+----------+----------+-----+-----+---------+
    |  Latency (cycles) |  Latency (absolute) |  Interval | Pipeline|
    |   min   |   max   |    min   |    max   | min | max |   Type  |
    +---------+---------+----------+----------+-----+-----+---------+
    |        ?|        ?|         ?|         ?|    ?|    ?|       no|
    +---------+---------+----------+----------+-----+-----+---------+

    + Detail: 
        * Instance: 
        +-----------------------------------------------+------------------------------------+---------+---------+----------+----------+-----+-----+---------+
        |                                               |                                    |  Latency (cycles) |  Latency (absolute) |  Interval | Pipeline|
        |                    Instance                   |               Module               |   min   |   max   |    min   |    max   | min | max |   Type  |
        +-----------------------------------------------+------------------------------------+---------+---------+----------+----------+-----+-----+---------+
        |grp_krnl_vaddmul_Pipeline_L_vops_vops1_fu_110  |krnl_vaddmul_Pipeline_L_vops_vops1  |        ?|        ?|         ?|         ?|    ?|    ?|       no|
        +-----------------------------------------------+------------------------------------+---------+---------+----------+----------+-----+-----+---------+

        * Loop: 
        N/A



================================================================
== Utilization Estimates
================================================================
* Summary: 
+---------------------+---------+------+---------+---------+-----+
|         Name        | BRAM_18K|  DSP |    FF   |   LUT   | URAM|
+---------------------+---------+------+---------+---------+-----+
|DSP                  |        -|     -|        -|        -|    -|
|Expression           |        -|     -|        0|       98|    -|
|FIFO                 |        -|     -|        -|        -|    -|
|Instance             |       58|    81|    13845|     6984|    0|
|Memory               |        -|     -|        -|        -|    -|
|Multiplexer          |        -|     -|        -|      103|    -|
|Register             |        -|     -|      162|        -|    -|
+---------------------+---------+------+---------+---------+-----+
|Total                |       58|    81|    14007|     7185|    0|
+---------------------+---------+------+---------+---------+-----+
|Available SLR        |     1344|  3008|   869120|   434560|  320|
+---------------------+---------+------+---------+---------+-----+
|Utilization SLR (%)  |        4|     2|        1|        1|    0|
+---------------------+---------+------+---------+---------+-----+
|Available            |     4032|  9024|  2607360|  1303680|  960|
+---------------------+---------+------+---------+---------+-----+
|Utilization (%)      |        1|    ~0|       ~0|       ~0|    0|
+---------------------+---------+------+---------+---------+-----+

+ Detail: 
    * Instance: 
    +-----------------------------------------------+------------------------------------+---------+----+-------+------+-----+
    |                    Instance                   |               Module               | BRAM_18K| DSP|   FF  |  LUT | URAM|
    +-----------------------------------------------+------------------------------------+---------+----+-------+------+-----+
    |control_s_axi_U                                |control_s_axi                       |        0|   0|    399|   682|    0|
    |gmem_m_axi_U                                   |gmem_m_axi                          |       58|   0|   2493|  2663|    0|
    |grp_krnl_vaddmul_Pipeline_L_vops_vops1_fu_110  |krnl_vaddmul_Pipeline_L_vops_vops1  |        0|  75|  10615|  3537|    0|
    |mul_32ns_28ns_60_2_1_U37                       |mul_32ns_28ns_60_2_1                |        0|   3|    165|    49|    0|
    |mul_32ns_34ns_65_2_1_U36                       |mul_32ns_34ns_65_2_1                |        0|   3|    173|    53|    0|
    +-----------------------------------------------+------------------------------------+---------+----+-------+------+-----+
    |Total                                          |                                    |       58|  81|  13845|  6984|    0|
    +-----------------------------------------------+------------------------------------+---------+----+-------+------+-----+

    * DSP: 
    N/A

    * Memory: 
    N/A

    * FIFO: 
    N/A

    * Expression: 
    +---------------------------------+----------+----+---+----+------------+------------+
    |          Variable Name          | Operation| DSP| FF| LUT| Bitwidth P0| Bitwidth P1|
    +---------------------------------+----------+----+---+----+------------+------------+
    |add_ln66_fu_122_p2               |         +|   0|  0|  39|          32|           2|
    |vSize_fu_147_p2                  |         +|   0|  0|  35|          28|           1|
    |ap_block_state8_on_subcall_done  |       and|   0|  0|   2|           1|           1|
    |icmp_ln76_fu_152_p2              |      icmp|   0|  0|  20|          32|           1|
    |ap_block_state1                  |        or|   0|  0|   2|           1|           1|
    +---------------------------------+----------+----+---+----+------------+------------+
    |Total                            |          |   0|  0|  98|          94|           6|
    +---------------------------------+----------+----+---+----+------------+------------+

    * Multiplexer: 
    +--------------+----+-----------+-----+-----------+
    |     Name     | LUT| Input Size| Bits| Total Bits|
    +--------------+----+-----------+-----+-----------+
    |ap_NS_fsm     |  49|          9|    1|          9|
    |ap_done       |   9|          2|    1|          2|
    |gmem_ARVALID  |   9|          2|    1|          2|
    |gmem_AWVALID  |   9|          2|    1|          2|
    |gmem_BREADY   |   9|          2|    1|          2|
    |gmem_RREADY   |   9|          2|    1|          2|
    |gmem_WVALID   |   9|          2|    1|          2|
    +--------------+----+-----------+-----+-----------+
    |Total         | 103|         21|    7|         21|
    +--------------+----+-----------+-----+-----------+

    * Register: 
    +------------------------------------------------------------+----+----+-----+-----------+
    |                            Name                            | FF | LUT| Bits| Const Bits|
    +------------------------------------------------------------+----+----+-----+-----------+
    |add_ln66_reg_169                                            |  32|   0|   32|          0|
    |ap_CS_fsm                                                   |   8|   0|    8|          0|
    |ap_done_reg                                                 |   1|   0|    1|          0|
    |ap_rst_n_inv                                                |   1|   0|    1|          0|
    |ap_rst_reg_1                                                |   1|   0|    1|          0|
    |ap_rst_reg_2                                                |   1|   0|    1|          0|
    |grp_krnl_vaddmul_Pipeline_L_vops_vops1_fu_110_ap_start_reg  |   1|   0|    1|          0|
    |icmp_ln76_reg_216                                           |   1|   0|    1|          0|
    |mul_ln76_reg_230                                            |  60|   0|   60|          0|
    |trunc_ln_reg_179                                            |  28|   0|   28|          0|
    |vSize_reg_190                                               |  28|   0|   28|          0|
    +------------------------------------------------------------+----+----+-----+-----------+
    |Total                                                       | 162|   0|  162|          0|
    +------------------------------------------------------------+----+----+-----+-----------+



================================================================
== Interface
================================================================
* Summary: 
+-----------------------+-----+------+---------------+--------------+--------------+
|       RTL Ports       | Dir | Bits |    Protocol   | Source Object|    C Type    |
+-----------------------+-----+------+---------------+--------------+--------------+
|s_axi_control_AWVALID  |   in|     1|          s_axi|       control|        scalar|
|s_axi_control_AWREADY  |  out|     1|          s_axi|       control|        scalar|
|s_axi_control_AWADDR   |   in|     7|          s_axi|       control|        scalar|
|s_axi_control_WVALID   |   in|     1|          s_axi|       control|        scalar|
|s_axi_control_WREADY   |  out|     1|          s_axi|       control|        scalar|
|s_axi_control_WDATA    |   in|    32|          s_axi|       control|        scalar|
|s_axi_control_WSTRB    |   in|     4|          s_axi|       control|        scalar|
|s_axi_control_ARVALID  |   in|     1|          s_axi|       control|        scalar|
|s_axi_control_ARREADY  |  out|     1|          s_axi|       control|        scalar|
|s_axi_control_ARADDR   |   in|     7|          s_axi|       control|        scalar|
|s_axi_control_RVALID   |  out|     1|          s_axi|       control|        scalar|
|s_axi_control_RREADY   |   in|     1|          s_axi|       control|        scalar|
|s_axi_control_RDATA    |  out|    32|          s_axi|       control|        scalar|
|s_axi_control_RRESP    |  out|     2|          s_axi|       control|        scalar|
|s_axi_control_BVALID   |  out|     1|          s_axi|       control|        scalar|
|s_axi_control_BREADY   |   in|     1|          s_axi|       control|        scalar|
|s_axi_control_BRESP    |  out|     2|          s_axi|       control|        scalar|
|ap_local_block         |  out|     1|  ap_ctrl_chain|  krnl_vaddmul|  return value|
|ap_clk                 |   in|     1|  ap_ctrl_chain|  krnl_vaddmul|  return value|
|ap_rst_n               |   in|     1|  ap_ctrl_chain|  krnl_vaddmul|  return value|
|interrupt              |  out|     1|  ap_ctrl_chain|  krnl_vaddmul|  return value|
|m_axi_gmem_AWVALID     |  out|     1|          m_axi|          gmem|       pointer|
|m_axi_gmem_AWREADY     |   in|     1|          m_axi|          gmem|       pointer|
|m_axi_gmem_AWADDR      |  out|    64|          m_axi|          gmem|       pointer|
|m_axi_gmem_AWID        |  out|     1|          m_axi|          gmem|       pointer|
|m_axi_gmem_AWLEN       |  out|     8|          m_axi|          gmem|       pointer|
|m_axi_gmem_AWSIZE      |  out|     3|          m_axi|          gmem|       pointer|
|m_axi_gmem_AWBURST     |  out|     2|          m_axi|          gmem|       pointer|
|m_axi_gmem_AWLOCK      |  out|     2|          m_axi|          gmem|       pointer|
|m_axi_gmem_AWCACHE     |  out|     4|          m_axi|          gmem|       pointer|
|m_axi_gmem_AWPROT      |  out|     3|          m_axi|          gmem|       pointer|
|m_axi_gmem_AWQOS       |  out|     4|          m_axi|          gmem|       pointer|
|m_axi_gmem_AWREGION    |  out|     4|          m_axi|          gmem|       pointer|
|m_axi_gmem_AWUSER      |  out|     1|          m_axi|          gmem|       pointer|
|m_axi_gmem_WVALID      |  out|     1|          m_axi|          gmem|       pointer|
|m_axi_gmem_WREADY      |   in|     1|          m_axi|          gmem|       pointer|
|m_axi_gmem_WDATA       |  out|  1024|          m_axi|          gmem|       pointer|
|m_axi_gmem_WSTRB       |  out|   128|          m_axi|          gmem|       pointer|
|m_axi_gmem_WLAST       |  out|     1|          m_axi|          gmem|       pointer|
|m_axi_gmem_WID         |  out|     1|          m_axi|          gmem|       pointer|
|m_axi_gmem_WUSER       |  out|     1|          m_axi|          gmem|       pointer|
|m_axi_gmem_ARVALID     |  out|     1|          m_axi|          gmem|       pointer|
|m_axi_gmem_ARREADY     |   in|     1|          m_axi|          gmem|       pointer|
|m_axi_gmem_ARADDR      |  out|    64|          m_axi|          gmem|       pointer|
|m_axi_gmem_ARID        |  out|     1|          m_axi|          gmem|       pointer|
|m_axi_gmem_ARLEN       |  out|     8|          m_axi|          gmem|       pointer|
|m_axi_gmem_ARSIZE      |  out|     3|          m_axi|          gmem|       pointer|
|m_axi_gmem_ARBURST     |  out|     2|          m_axi|          gmem|       pointer|
|m_axi_gmem_ARLOCK      |  out|     2|          m_axi|          gmem|       pointer|
|m_axi_gmem_ARCACHE     |  out|     4|          m_axi|          gmem|       pointer|
|m_axi_gmem_ARPROT      |  out|     3|          m_axi|          gmem|       pointer|
|m_axi_gmem_ARQOS       |  out|     4|          m_axi|          gmem|       pointer|
|m_axi_gmem_ARREGION    |  out|     4|          m_axi|          gmem|       pointer|
|m_axi_gmem_ARUSER      |  out|     1|          m_axi|          gmem|       pointer|
|m_axi_gmem_RVALID      |   in|     1|          m_axi|          gmem|       pointer|
|m_axi_gmem_RREADY      |  out|     1|          m_axi|          gmem|       pointer|
|m_axi_gmem_RDATA       |   in|  1024|          m_axi|          gmem|       pointer|
|m_axi_gmem_RLAST       |   in|     1|          m_axi|          gmem|       pointer|
|m_axi_gmem_RID         |   in|     1|          m_axi|          gmem|       pointer|
|m_axi_gmem_RUSER       |   in|     1|          m_axi|          gmem|       pointer|
|m_axi_gmem_RRESP       |   in|     2|          m_axi|          gmem|       pointer|
|m_axi_gmem_BVALID      |   in|     1|          m_axi|          gmem|       pointer|
|m_axi_gmem_BREADY      |  out|     1|          m_axi|          gmem|       pointer|
|m_axi_gmem_BRESP       |   in|     2|          m_axi|          gmem|       pointer|
|m_axi_gmem_BID         |   in|     1|          m_axi|          gmem|       pointer|
|m_axi_gmem_BUSER       |   in|     1|          m_axi|          gmem|       pointer|
+-----------------------+-----+------+---------------+--------------+--------------+

