Copyright 1986-2021 Xilinx, Inc. All Rights Reserved.
-----------------------------------------------------------------------------------------------------------------------------------------------------------------------------------------------------------------------------------------------------------------------------------------------------------------------------------------------------
| Tool Version : Vivado v.2021.2 (lin64) Build 3367213 Tue Oct 19 02:47:39 MDT 2021
| Date         : Tue Nov  5 04:05:25 2024
| Host         : hacc-gpu0 running 64-bit Ubuntu 20.04.6 LTS
| Command      : report_accelerator_utilization -kernels { krnl_vaddmul:pfm_top_i/dynamic_region/krnl_vaddmul_1/inst:krnl_vaddmul_1 krnl_vaddmul:pfm_top_i/dynamic_region/krnl_vaddmul_2/inst:krnl_vaddmul_2 krnl_vaddmul:pfm_top_i/dynamic_region/krnl_vaddmul_3/inst:krnl_vaddmul_3} -file kernel_util_synthed.rpt -name kernel_util_synthed -json
| Design       : pfm_top_wrapper
| Device       : xcu280
| Design State : Synthesized
-----------------------------------------------------------------------------------------------------------------------------------------------------------------------------------------------------------------------------------------------------------------------------------------------------------------------------------------------------

Accelerator Utilization Design Information

Table of Contents
-----------------
1. System Utilization

1. System Utilization
---------------------

+---------------------+-------------------+------------------+-------------------+----------------+---------------+----------------+
| Name                | LUT               | LUTAsMem         | REG               | BRAM           | URAM          | DSP            |
+---------------------+-------------------+------------------+-------------------+----------------+---------------+----------------+
| Platform            |  142101 [ 10.91%] |  20110 [  3.35%] |  197540 [  7.58%] |  204 [ 10.12%] |   0 [  0.00%] |    4 [  0.04%] |
| User Budget         | 1160619 [100.00%] | 580370 [100.00%] | 2409820 [100.00%] | 1812 [100.00%] | 960 [100.00%] | 9020 [100.00%] |
|    Used Resources   |   41589 [  3.58%] |   6366 [  1.10%] |   56112 [  2.33%] |   93 [  5.13%] |   0 [  0.00%] |   24 [  0.27%] |
|    Unused Resources | 1119030 [ 96.42%] | 574004 [ 98.90%] | 2353708 [ 97.67%] | 1719 [ 94.87%] | 960 [100.00%] | 8996 [ 99.73%] |
| krnl_vaddmul        |   41589 [  3.58%] |   6366 [  1.10%] |   56112 [  2.33%] |   93 [  5.13%] |   0 [  0.00%] |   24 [  0.27%] |
|    krnl_vaddmul_1   |   13863 [  1.19%] |   2122 [  0.37%] |   18704 [  0.78%] |   31 [  1.71%] |   0 [  0.00%] |    8 [  0.09%] |
|    krnl_vaddmul_2   |   13863 [  1.19%] |   2122 [  0.37%] |   18704 [  0.78%] |   31 [  1.71%] |   0 [  0.00%] |    8 [  0.09%] |
|    krnl_vaddmul_3   |   13863 [  1.19%] |   2122 [  0.37%] |   18704 [  0.78%] |   31 [  1.71%] |   0 [  0.00%] |    8 [  0.09%] |
+---------------------+-------------------+------------------+-------------------+----------------+---------------+----------------+


