Copyright 1986-2021 Xilinx, Inc. All Rights Reserved.
------------------------------------------------------------------------------------------
| Tool Version : Vivado v.2021.2 (lin64) Build 3367213 Tue Oct 19 02:47:39 MDT 2021
| Date         : Mon Nov  4 08:14:43 2024
| Host         : hacc-gpu0 running 64-bit Ubuntu 20.04.6 LTS
| Command      : report_utilization -slr -file slr_util_routed.rpt -pb slr_util_routed.pb
| Design       : pfm_top_wrapper
| Device       : xcu280-fsvh2892-2L-e
| Speed File   : -2L
| Design State : Routed
------------------------------------------------------------------------------------------

Utilization Design Information

Table of Contents
-----------------
1. SLR Connectivity
2. SLR Connectivity Matrix
3. SLR CLB Logic and Dedicated Block Utilization
4. SLR IO Utilization

1. SLR Connectivity
-------------------

+----------------------------------+------+-------+-----------+-------+
|                                  | Used | Fixed | Available | Util% |
+----------------------------------+------+-------+-----------+-------+
| SLR2 <-> SLR1                    | 3977 |       |     23040 | 17.26 |
|   SLR1 -> SLR2                   | 2097 |       |           |  9.10 |
|     Using TX_REG only            |  267 |     1 |           |       |
|     Using RX_REG only            |  284 |    18 |           |       |
|     Using Both TX_REG and RX_REG |  267 |     1 |           |       |
|   SLR2 -> SLR1                   | 1880 |       |           |  8.16 |
|     Using TX_REG only            |  407 |     0 |           |       |
|     Using RX_REG only            |  412 |     4 |           |       |
|     Using Both TX_REG and RX_REG |  407 |     0 |           |       |
| SLR1 <-> SLR0                    | 2539 |       |     23040 | 11.02 |
|   SLR0 -> SLR1                   | 1140 |       |           |  4.95 |
|     Using TX_REG only            |  371 |    71 |           |       |
|     Using RX_REG only            |  361 |    61 |           |       |
|     Using Both TX_REG and RX_REG |  355 |    55 |           |       |
|   SLR1 -> SLR0                   | 1399 |       |           |  6.07 |
|     Using TX_REG only            |  437 |    62 |           |       |
|     Using RX_REG only            |  447 |    71 |           |       |
|     Using Both TX_REG and RX_REG |  435 |    60 |           |       |
+----------------------------------+------+-------+-----------+-------+
| Total SLLs Used                  | 6516 |       |           |       |
+----------------------------------+------+-------+-----------+-------+


2. SLR Connectivity Matrix
--------------------------

+-----------+------+------+------+
| FROM \ TO | SLR2 | SLR1 | SLR0 |
+-----------+------+------+------+
| SLR2      |    0 | 1722 |  158 |
| SLR1      | 1961 |    0 | 1241 |
| SLR0      |  136 | 1004 |    0 |
+-----------+------+------+------+


3. SLR CLB Logic and Dedicated Block Utilization
------------------------------------------------

+----------------------------+--------+-------+-------+--------+--------+--------+
|          Site Type         |  SLR0  |  SLR1 |  SLR2 | SLR0 % | SLR1 % | SLR2 % |
+----------------------------+--------+-------+-------+--------+--------+--------+
| CLB                        |  32079 |  6671 |  7868 |  58.37 |  12.35 |  14.57 |
|   CLBL                     |  16273 |  3342 |  4072 |  55.58 |  11.41 |  13.91 |
|   CLBM                     |  15806 |  3329 |  3796 |  61.55 |  13.47 |  15.36 |
| CLB LUTs                   | 121606 | 47669 | 35361 |  27.66 |  11.03 |   8.19 |
|   LUT as Logic             | 100522 | 43697 | 32321 |  22.86 |  10.12 |   7.48 |
|     using O5 output only   |   1579 |   288 |  1013 |   0.36 |   0.07 |   0.23 |
|     using O6 output only   |  72664 | 34269 | 19499 |  16.53 |   7.93 |   4.51 |
|     using O5 and O6        |  26279 |  9140 | 11809 |   5.98 |   2.12 |   2.73 |
|   LUT as Memory            |  21084 |  3972 |  3040 |  10.26 |   2.01 |   1.54 |
|     LUT as Distributed RAM |  13096 |  3837 |  1660 |   6.37 |   1.94 |   0.84 |
|       using O5 output only |      0 |     0 |     0 |   0.00 |   0.00 |   0.00 |
|       using O6 output only |     80 |   215 |    84 |   0.04 |   0.11 |   0.04 |
|       using O5 and O6      |  13016 |  3622 |  1576 |   6.34 |   1.83 |   0.80 |
|     LUT as Shift Register  |   7988 |   135 |  1380 |   3.89 |   0.07 |   0.70 |
|       using O5 output only |      0 |     0 |     0 |   0.00 |   0.00 |   0.00 |
|       using O6 output only |   3570 |   135 |  1250 |   1.74 |   0.07 |   0.63 |
|       using O5 and O6      |   4418 |     0 |   130 |   2.15 |   0.00 |   0.07 |
| CLB Registers              | 185035 | 46337 | 60773 |  21.04 |   5.36 |   7.03 |
| CARRY8                     |   1354 |   473 |   313 |   2.46 |   0.88 |   0.58 |
| F7 Muxes                   |   1154 |   651 |  1054 |   0.52 |   0.30 |   0.49 |
| F8 Muxes                   |     16 |   141 |    47 |   0.01 |   0.13 |   0.04 |
| F9 Muxes                   |      0 |     0 |     0 |   0.00 |   0.00 |   0.00 |
| Block RAM Tile             |  212.5 |  80.5 |    94 |  31.62 |  11.98 |  13.99 |
|   RAMB36/FIFO              |    208 |    80 |    92 |  30.95 |  11.90 |  13.69 |
|     RAMB36E2 only          |    208 |    80 |    92 |  30.95 |  11.90 |  13.69 |
|   RAMB18                   |      9 |     1 |     4 |   0.67 |   0.07 |   0.30 |
|     RAMB18E2 only          |      9 |     1 |     4 |   0.67 |   0.07 |   0.30 |
| URAM                       |      0 |     0 |     0 |   0.00 |   0.00 |   0.00 |
| DSPs                       |     24 |     0 |     4 |   0.83 |   0.00 |   0.13 |
| Unique Control Sets        |   3872 |  1505 |  2725 |   3.52 |   1.39 |   2.52 |
+----------------------------+--------+-------+-------+--------+--------+--------+
* Note: Available Control Sets based on CLB Registers / 8


4. SLR IO Utilization
---------------------

+-----------+-----------+---------+------------+----------+------------+----------+-----+
| SLR Index | Used IOBs | (%)IOBs | Used IPADs | (%)IPADs | Used OPADs | (%)OPADs | GTs |
+-----------+-----------+---------+------------+----------+------------+----------+-----+
| SLR2      |        18 |    8.65 |          0 |     0.00 |          0 |     0.00 |   0 |
| SLR1      |         0 |    0.00 |          0 |     0.00 |          0 |     0.00 |   0 |
| SLR0      |         1 |    0.48 |          0 |     0.00 |          0 |     0.00 |  16 |
+-----------+-----------+---------+------------+----------+------------+----------+-----+
| Total     |        19 |         |          0 |          |          0 |          |  16 |
+-----------+-----------+---------+------------+----------+------------+----------+-----+


