Copyright 1986-2021 Xilinx, Inc. All Rights Reserved.
------------------------------------------------------------------------------------------
| Tool Version : Vivado v.2021.2 (lin64) Build 3367213 Tue Oct 19 02:47:39 MDT 2021
| Date         : Sun Oct 27 12:54:33 2024
| Host         : hacc-gpu0 running 64-bit Ubuntu 20.04.6 LTS
| Command      : report_utilization -slr -file slr_util_placed.rpt -pb slr_util_placed.pb
| Design       : pfm_top_wrapper
| Device       : xcu280-fsvh2892-2L-e
| Speed File   : -2L
| Design State : Fully Placed
------------------------------------------------------------------------------------------

Utilization Design Information

Table of Contents
-----------------
1. SLR Connectivity
2. SLR Connectivity Matrix
3. SLR CLB Logic and Dedicated Block Utilization
4. SLR IO Utilization

1. SLR Connectivity
-------------------

+----------------------------------+-------+-------+-----------+-------+
|                                  |  Used | Fixed | Available | Util% |
+----------------------------------+-------+-------+-----------+-------+
| SLR2 <-> SLR1                    |  4537 |       |     23040 | 19.69 |
|   SLR1 -> SLR2                   |  2357 |       |           | 10.23 |
|     Using TX_REG only            |     1 |     1 |           |       |
|     Using RX_REG only            |    18 |    18 |           |       |
|     Using Both TX_REG and RX_REG |   529 |     1 |           |       |
|   SLR2 -> SLR1                   |  2180 |       |           |  9.46 |
|     Using TX_REG only            |     0 |     0 |           |       |
|     Using RX_REG only            |     4 |     4 |           |       |
|     Using Both TX_REG and RX_REG |   681 |     0 |           |       |
| SLR1 <-> SLR0                    | 12493 |       |     23040 | 54.22 |
|   SLR0 -> SLR1                   |  5683 |       |           | 24.67 |
|     Using TX_REG only            |    71 |    71 |           |       |
|     Using RX_REG only            |    61 |    61 |           |       |
|     Using Both TX_REG and RX_REG |   583 |    55 |           |       |
|   SLR1 -> SLR0                   |  6810 |       |           | 29.56 |
|     Using TX_REG only            |    62 |    62 |           |       |
|     Using RX_REG only            |    72 |    71 |           |       |
|     Using Both TX_REG and RX_REG |   741 |    60 |           |       |
+----------------------------------+-------+-------+-----------+-------+
| Total SLLs Used                  | 17030 |       |           |       |
+----------------------------------+-------+-------+-----------+-------+


2. SLR Connectivity Matrix
--------------------------

+-----------+------+------+------+
| FROM \ TO | SLR2 | SLR1 | SLR0 |
+-----------+------+------+------+
| SLR2      |    0 | 2045 |  135 |
| SLR1      | 2253 |    0 | 6675 |
| SLR0      |  104 | 5579 |    0 |
+-----------+------+------+------+


3. SLR CLB Logic and Dedicated Block Utilization
------------------------------------------------

+----------------------------+--------+--------+-------+--------+--------+--------+
|          Site Type         |  SLR0  |  SLR1  |  SLR2 | SLR0 % | SLR1 % | SLR2 % |
+----------------------------+--------+--------+-------+--------+--------+--------+
| CLB                        |  50304 |  16445 |  7753 |  91.53 |  30.45 |  14.36 |
|   CLBL                     |  26404 |   8566 |  3966 |  90.18 |  29.26 |  13.55 |
|   CLBM                     |  23900 |   7879 |  3787 |  93.07 |  31.87 |  15.32 |
| CLB LUTs                   | 191266 |  79051 | 33675 |  43.50 |  18.30 |   7.80 |
|   LUT as Logic             | 133813 |  69212 | 30924 |  30.43 |  16.02 |   7.16 |
|     using O5 output only   |   3021 |    404 |   929 |   0.69 |   0.09 |   0.22 |
|     using O6 output only   |  84615 |  50986 | 18847 |  19.24 |  11.80 |   4.36 |
|     using O5 and O6        |  46177 |  17822 | 11148 |  10.50 |   4.13 |   2.58 |
|   LUT as Memory            |  57453 |   9839 |  2751 |  27.97 |   4.98 |   1.39 |
|     LUT as Distributed RAM |  37086 |   3837 |   936 |  18.05 |   1.94 |   0.47 |
|       using O5 output only |      0 |      0 |     0 |   0.00 |   0.00 |   0.00 |
|       using O6 output only |     84 |    215 |    80 |   0.04 |   0.11 |   0.04 |
|       using O5 and O6      |  37002 |   3622 |   856 |  18.01 |   1.83 |   0.43 |
|     LUT as Shift Register  |  20367 |   6002 |  1815 |   9.91 |   3.03 |   0.92 |
|       using O5 output only |      0 |      0 |     0 |   0.00 |   0.00 |   0.00 |
|       using O6 output only |  12397 |   3634 |  1685 |   6.03 |   1.84 |   0.85 |
|       using O5 and O6      |   7970 |   2368 |   130 |   3.88 |   1.20 |   0.07 |
| CLB Registers              | 399500 | 120394 | 60022 |  45.43 |  13.93 |   6.95 |
| CARRY8                     |   5132 |   1933 |   299 |   9.34 |   3.58 |   0.55 |
| F7 Muxes                   |   5095 |   2063 |  1316 |   2.32 |   0.96 |   0.61 |
| F8 Muxes                   |   1408 |    605 |    47 |   1.28 |   0.56 |   0.04 |
| F9 Muxes                   |      0 |      0 |     0 |   0.00 |   0.00 |   0.00 |
| Block RAM Tile             |  565.5 |  264.5 |    94 |  84.15 |  39.36 |  13.99 |
|   RAMB36/FIFO              |    564 |    264 |    92 |  83.93 |  39.29 |  13.69 |
|     RAMB36E2 only          |    564 |    264 |    92 |  83.93 |  39.29 |  13.69 |
|   RAMB18                   |      3 |      1 |     4 |   0.22 |   0.07 |   0.30 |
|     RAMB18E2 only          |      3 |      1 |     4 |   0.22 |   0.07 |   0.30 |
| URAM                       |      0 |      0 |     0 |   0.00 |   0.00 |   0.00 |
| DSPs                       |   1176 |    392 |     4 |  40.83 |  12.76 |   0.13 |
| Unique Control Sets        |   8302 |   2620 |  2599 |   7.55 |   2.43 |   2.41 |
+----------------------------+--------+--------+-------+--------+--------+--------+
* Note: Available Control Sets based on CLB Registers / 8


4. SLR IO Utilization
---------------------

+-----------+-----------+---------+------------+----------+------------+----------+-----+
| SLR Index | Used IOBs | (%)IOBs | Used IPADs | (%)IPADs | Used OPADs | (%)OPADs | GTs |
+-----------+-----------+---------+------------+----------+------------+----------+-----+
| SLR2      |        18 |    8.65 |          0 |     0.00 |          0 |     0.00 |   0 |
| SLR1      |         0 |    0.00 |          0 |     0.00 |          0 |     0.00 |   0 |
| SLR0      |         1 |    0.48 |          0 |     0.00 |          0 |     0.00 |  16 |
+-----------+-----------+---------+------------+----------+------------+----------+-----+
| Total     |        19 |         |          0 |          |          0 |          |  16 |
+-----------+-----------+---------+------------+----------+------------+----------+-----+


