Copyright 1986-2021 Xilinx, Inc. All Rights Reserved.
-----------------------------------------------------------------------------------------------------------------------------------------------------------------------------------------------------------------------------------------------------------------------------------------------------------------------------------------------------------------------------------------------------------------------------------------------------------------------------------------------------
| Tool Version : Vivado v.2021.2 (lin64) Build 3367213 Tue Oct 19 02:47:39 MDT 2021
| Date         : Wed Nov 20 17:33:29 2024
| Host         : hacc-gpu0 running 64-bit Ubuntu 20.04.6 LTS
| Command      : report_accelerator_utilization -kernels { krnl_vaddmul:pfm_top_i/dynamic_region/krnl_vaddmul_1/inst:krnl_vaddmul_1 krnl_vaddmul:pfm_top_i/dynamic_region/krnl_vaddmul_2/inst:krnl_vaddmul_2 krnl_vaddmul:pfm_top_i/dynamic_region/krnl_vaddmul_3/inst:krnl_vaddmul_3 krnl_vaddmul:pfm_top_i/dynamic_region/krnl_vaddmul_4/inst:krnl_vaddmul_4 krnl_vaddmul:pfm_top_i/dynamic_region/krnl_vaddmul_5/inst:krnl_vaddmul_5} -file kernel_util_placed.rpt -name kernel_util_placed -json
| Design       : pfm_top_wrapper
| Device       : xcu280
| Design State : Fully Placed
-----------------------------------------------------------------------------------------------------------------------------------------------------------------------------------------------------------------------------------------------------------------------------------------------------------------------------------------------------------------------------------------------------------------------------------------------------------------------------------------------------

Accelerator Utilization Design Information

Table of Contents
-----------------
1. System Utilization

1. System Utilization
---------------------

+---------------------+-------------------+------------------+-------------------+----------------+---------------+----------------+
| Name                | LUT               | LUTAsMem         | REG               | BRAM           | URAM          | DSP            |
+---------------------+-------------------+------------------+-------------------+----------------+---------------+----------------+
| Platform            |  142328 [ 10.93%] |  26624 [  4.43%] |  213428 [  8.19%] |  204 [ 10.12%] |   0 [  0.00%] |    4 [  0.04%] |
| User Budget         | 1160392 [100.00%] | 573856 [100.00%] | 2393932 [100.00%] | 1812 [100.00%] | 960 [100.00%] | 9020 [100.00%] |
|    Used Resources   |  128810 [ 11.10%] |  17675 [  3.08%] |  188031 [  7.85%] |  180 [  9.93%] |   0 [  0.00%] |   40 [  0.44%] |
|    Unused Resources | 1031582 [ 88.90%] | 556181 [ 96.92%] | 2205901 [ 92.15%] | 1632 [ 90.07%] | 960 [100.00%] | 8980 [ 99.56%] |
| krnl_vaddmul        |  128810 [ 11.10%] |  17675 [  3.08%] |  188031 [  7.85%] |  180 [  9.93%] |   0 [  0.00%] |   40 [  0.44%] |
|    krnl_vaddmul_1   |   25767 [  2.22%] |   3535 [  0.62%] |   37594 [  1.57%] |   36 [  1.99%] |   0 [  0.00%] |    8 [  0.09%] |
|    krnl_vaddmul_2   |   25767 [  2.22%] |   3535 [  0.62%] |   37582 [  1.57%] |   36 [  1.99%] |   0 [  0.00%] |    8 [  0.09%] |
|    krnl_vaddmul_3   |   25756 [  2.22%] |   3535 [  0.62%] |   37601 [  1.57%] |   36 [  1.99%] |   0 [  0.00%] |    8 [  0.09%] |
|    krnl_vaddmul_4   |   25771 [  2.22%] |   3535 [  0.62%] |   37627 [  1.57%] |   36 [  1.99%] |   0 [  0.00%] |    8 [  0.09%] |
|    krnl_vaddmul_5   |   25749 [  2.22%] |   3535 [  0.62%] |   37627 [  1.57%] |   36 [  1.99%] |   0 [  0.00%] |    8 [  0.09%] |
+---------------------+-------------------+------------------+-------------------+----------------+---------------+----------------+


