Copyright 1986-2021 Xilinx, Inc. All Rights Reserved.
------------------------------------------------------------------------------------------
| Tool Version : Vivado v.2021.2 (lin64) Build 3367213 Tue Oct 19 02:47:39 MDT 2021
| Date         : Wed Nov 20 19:11:48 2024
| Host         : hacc-gpu0 running 64-bit Ubuntu 20.04.6 LTS
| Command      : report_utilization -slr -file slr_util_routed.rpt -pb slr_util_routed.pb
| Design       : pfm_top_wrapper
| Device       : xcu280-fsvh2892-2L-e
| Speed File   : -2L
| Design State : Routed
------------------------------------------------------------------------------------------

Utilization Design Information

Table of Contents
-----------------
1. SLR Connectivity
2. SLR Connectivity Matrix
3. SLR CLB Logic and Dedicated Block Utilization
4. SLR IO Utilization

1. SLR Connectivity
-------------------

+----------------------------------+------+-------+-----------+-------+
|                                  | Used | Fixed | Available | Util% |
+----------------------------------+------+-------+-----------+-------+
| SLR2 <-> SLR1                    | 3971 |       |     23040 | 17.24 |
|   SLR1 -> SLR2                   | 2090 |       |           |  9.07 |
|     Using TX_REG only            |  267 |     1 |           |       |
|     Using RX_REG only            |  285 |    18 |           |       |
|     Using Both TX_REG and RX_REG |  267 |     1 |           |       |
|   SLR2 -> SLR1                   | 1881 |       |           |  8.16 |
|     Using TX_REG only            |  407 |     0 |           |       |
|     Using RX_REG only            |  411 |     4 |           |       |
|     Using Both TX_REG and RX_REG |  407 |     0 |           |       |
| SLR1 <-> SLR0                    | 2657 |       |     23040 | 11.53 |
|   SLR0 -> SLR1                   | 1189 |       |           |  5.16 |
|     Using TX_REG only            |  371 |    71 |           |       |
|     Using RX_REG only            |  361 |    61 |           |       |
|     Using Both TX_REG and RX_REG |  355 |    55 |           |       |
|   SLR1 -> SLR0                   | 1468 |       |           |  6.37 |
|     Using TX_REG only            |  437 |    62 |           |       |
|     Using RX_REG only            |  448 |    71 |           |       |
|     Using Both TX_REG and RX_REG |  435 |    60 |           |       |
+----------------------------------+------+-------+-----------+-------+
| Total SLLs Used                  | 6628 |       |           |       |
+----------------------------------+------+-------+-----------+-------+


2. SLR Connectivity Matrix
--------------------------

+-----------+------+------+------+
| FROM \ TO | SLR2 | SLR1 | SLR0 |
+-----------+------+------+------+
| SLR2      |    0 | 1744 |  137 |
| SLR1      | 1986 |    0 | 1331 |
| SLR0      |  104 | 1085 |    0 |
+-----------+------+------+------+


3. SLR CLB Logic and Dedicated Block Utilization
------------------------------------------------

+----------------------------+--------+-------+-------+--------+--------+--------+
|          Site Type         |  SLR0  |  SLR1 |  SLR2 | SLR0 % | SLR1 % | SLR2 % |
+----------------------------+--------+-------+-------+--------+--------+--------+
| CLB                        |  40082 |  7105 |  7744 |  72.93 |  13.16 |  14.34 |
|   CLBL                     |  20873 |  3573 |  4045 |  71.29 |  12.20 |  13.81 |
|   CLBM                     |  19209 |  3532 |  3699 |  74.80 |  14.29 |  14.96 |
| CLB LUTs                   | 187041 | 48664 | 35425 |  42.54 |  11.26 |   8.20 |
|   LUT as Logic             | 149754 | 44692 | 32385 |  34.06 |  10.35 |   7.50 |
|     using O5 output only   |   1975 |   298 |  1009 |   0.45 |   0.07 |   0.23 |
|     using O6 output only   | 100391 | 35073 | 19544 |  22.83 |   8.12 |   4.52 |
|     using O5 and O6        |  47388 |  9321 | 11832 |  10.78 |   2.16 |   2.74 |
|   LUT as Memory            |  37287 |  3972 |  3040 |  18.15 |   2.01 |   1.54 |
|     LUT as Distributed RAM |  17560 |  3837 |  1660 |   8.55 |   1.94 |   0.84 |
|       using O5 output only |      0 |     0 |     0 |   0.00 |   0.00 |   0.00 |
|       using O6 output only |     80 |   215 |    84 |   0.04 |   0.11 |   0.04 |
|       using O5 and O6      |  17480 |  3622 |  1576 |   8.51 |   1.83 |   0.80 |
|     LUT as Shift Register  |  19727 |   135 |  1380 |   9.60 |   0.07 |   0.70 |
|       using O5 output only |      2 |     0 |     0 |  <0.01 |   0.00 |   0.00 |
|       using O6 output only |  12874 |   135 |  1250 |   6.27 |   0.07 |   0.63 |
|       using O5 and O6      |   6851 |     0 |   130 |   3.33 |   0.00 |   0.07 |
| CLB Registers              | 293155 | 47303 | 61001 |  33.34 |   5.47 |   7.06 |
| CARRY8                     |  11116 |   489 |   313 |  20.23 |   0.91 |   0.58 |
| F7 Muxes                   |   4016 |   651 |  1054 |   1.83 |   0.30 |   0.49 |
| F8 Muxes                   |   1176 |   141 |    47 |   1.07 |   0.13 |   0.04 |
| F9 Muxes                   |      0 |     0 |     0 |   0.00 |   0.00 |   0.00 |
| Block RAM Tile             |  205.5 |  84.5 |    94 |  30.58 |  12.57 |  13.99 |
|   RAMB36/FIFO              |    204 |    84 |    92 |  30.36 |  12.50 |  13.69 |
|     RAMB36E2 only          |    204 |    84 |    92 |  30.36 |  12.50 |  13.69 |
|   RAMB18                   |      3 |     1 |     4 |   0.22 |   0.07 |   0.30 |
|     RAMB18E2 only          |      3 |     1 |     4 |   0.22 |   0.07 |   0.30 |
| URAM                       |      0 |     0 |     0 |   0.00 |   0.00 |   0.00 |
| DSPs                       |     40 |     0 |     4 |   1.39 |   0.00 |   0.13 |
| Unique Control Sets        |   5467 |  1537 |  2729 |   4.97 |   1.42 |   2.53 |
+----------------------------+--------+-------+-------+--------+--------+--------+
* Note: Available Control Sets based on CLB Registers / 8


4. SLR IO Utilization
---------------------

+-----------+-----------+---------+------------+----------+------------+----------+-----+
| SLR Index | Used IOBs | (%)IOBs | Used IPADs | (%)IPADs | Used OPADs | (%)OPADs | GTs |
+-----------+-----------+---------+------------+----------+------------+----------+-----+
| SLR2      |        18 |    8.65 |          0 |     0.00 |          0 |     0.00 |   0 |
| SLR1      |         0 |    0.00 |          0 |     0.00 |          0 |     0.00 |   0 |
| SLR0      |         1 |    0.48 |          0 |     0.00 |          0 |     0.00 |  16 |
+-----------+-----------+---------+------------+----------+------------+----------+-----+
| Total     |        19 |         |          0 |          |          0 |          |  16 |
+-----------+-----------+---------+------------+----------+------------+----------+-----+


