Copyright 1986-2021 Xilinx, Inc. All Rights Reserved.
----------------------------------------------------------------------------------------------------------------------------------------------------------------------------------------------------------------------------------------------------------------------------------------------------------------------------------------------------------------------------------------------------------------------------
| Tool Version : Vivado v.2021.2 (lin64) Build 3367213 Tue Oct 19 02:47:39 MDT 2021
| Date         : Tue Nov 12 02:56:44 2024
| Host         : hacc-gpu0 running 64-bit Ubuntu 20.04.6 LTS
| Command      : report_accelerator_utilization -kernels { krnl_vaddmul:pfm_top_i/dynamic_region/krnl_vaddmul_1/inst:krnl_vaddmul_1 krnl_vaddmul:pfm_top_i/dynamic_region/krnl_vaddmul_2/inst:krnl_vaddmul_2 krnl_vaddmul:pfm_top_i/dynamic_region/krnl_vaddmul_3/inst:krnl_vaddmul_3 krnl_vaddmul:pfm_top_i/dynamic_region/krnl_vaddmul_4/inst:krnl_vaddmul_4} -file kernel_util_routed.rpt -name kernel_util_routed -json
| Design       : pfm_top_wrapper
| Device       : xcu280
| Design State : Routed
----------------------------------------------------------------------------------------------------------------------------------------------------------------------------------------------------------------------------------------------------------------------------------------------------------------------------------------------------------------------------------------------------------------------------

Accelerator Utilization Design Information

Table of Contents
-----------------
1. System Utilization

1. System Utilization
---------------------

+---------------------+-------------------+------------------+-------------------+----------------+---------------+----------------+
| Name                | LUT               | LUTAsMem         | REG               | BRAM           | URAM          | DSP            |
+---------------------+-------------------+------------------+-------------------+----------------+---------------+----------------+
| Platform            |  137376 [ 10.55%] |  26318 [  4.38%] |  210810 [  8.09%] |  204 [ 10.12%] |   0 [  0.00%] |    4 [  0.04%] |
| User Budget         | 1165344 [100.00%] | 574162 [100.00%] | 2396550 [100.00%] | 1812 [100.00%] | 960 [100.00%] | 9020 [100.00%] |
|    Used Resources   |   50299 [  4.32%] |  11668 [  2.03%] |  105349 [  4.40%] |  360 [ 19.87%] |   0 [  0.00%] |  512 [  5.68%] |
|    Unused Resources | 1115045 [ 95.68%] | 562494 [ 97.97%] | 2291201 [ 95.60%] | 1452 [ 80.13%] | 960 [100.00%] | 8508 [ 94.32%] |
| krnl_vaddmul        |   50299 [  4.32%] |  11668 [  2.03%] |  105349 [  4.40%] |  360 [ 19.87%] |   0 [  0.00%] |  512 [  5.68%] |
|    krnl_vaddmul_1   |   12639 [  1.08%] |   2917 [  0.51%] |   26750 [  1.12%] |   90 [  4.97%] |   0 [  0.00%] |  128 [  1.42%] |
|    krnl_vaddmul_2   |   12695 [  1.09%] |   2917 [  0.51%] |   26127 [  1.09%] |   90 [  4.97%] |   0 [  0.00%] |  128 [  1.42%] |
|    krnl_vaddmul_3   |   12544 [  1.08%] |   2917 [  0.51%] |   26155 [  1.09%] |   90 [  4.97%] |   0 [  0.00%] |  128 [  1.42%] |
|    krnl_vaddmul_4   |   12421 [  1.07%] |   2917 [  0.51%] |   26317 [  1.10%] |   90 [  4.97%] |   0 [  0.00%] |  128 [  1.42%] |
+---------------------+-------------------+------------------+-------------------+----------------+---------------+----------------+


