Copyright 1986-2021 Xilinx, Inc. All Rights Reserved.
----------------------------------------------------------------------------------------------------------------------------------------------------------------------------------
| Tool Version : Vivado v.2021.2 (lin64) Build 3367213 Tue Oct 19 02:47:39 MDT 2021
| Date         : Thu Dec 19 05:37:04 2024
| Host         : hacc-gpu0 running 64-bit Ubuntu 20.04.6 LTS
| Command      : report_accelerator_utilization -kernels { overlay:pfm_top_i/dynamic_region/overlay_1/inst:overlay_1} -file kernel_util_placed.rpt -name kernel_util_placed -json
| Design       : pfm_top_wrapper
| Device       : xcu280
| Design State : Fully Placed
----------------------------------------------------------------------------------------------------------------------------------------------------------------------------------

Accelerator Utilization Design Information

Table of Contents
-----------------
1. System Utilization

1. System Utilization
---------------------

+---------------------+-------------------+------------------+-------------------+----------------+---------------+----------------+
| Name                | LUT               | LUTAsMem         | REG               | BRAM           | URAM          | DSP            |
+---------------------+-------------------+------------------+-------------------+----------------+---------------+----------------+
| Platform            |  162000 [ 12.44%] |  23450 [  3.91%] |  253086 [  9.71%] |  303 [ 15.03%] |   0 [  0.00%] |    7 [  0.08%] |
| User Budget         | 1140720 [100.00%] | 577030 [100.00%] | 2354274 [100.00%] | 1713 [100.00%] | 960 [100.00%] | 9017 [100.00%] |
|    Used Resources   |  135501 [ 11.88%] |  38345 [  6.65%] |  142097 [  6.04%] | 1481 [ 86.46%] | 960 [100.00%] |  219 [  2.43%] |
|    Unused Resources | 1005219 [ 88.12%] | 538685 [ 93.35%] | 2212177 [ 93.96%] |  232 [ 13.54%] |   0 [  0.00%] | 8798 [ 97.57%] |
| overlay             |  135501 [ 11.88%] |  38345 [  6.65%] |  142097 [  6.04%] | 1481 [ 86.46%] | 960 [100.00%] |  219 [  2.43%] |
|    overlay_1        |  135501 [ 11.88%] |  38345 [  6.65%] |  142097 [  6.04%] | 1481 [ 86.46%] | 960 [100.00%] |  219 [  2.43%] |
+---------------------+-------------------+------------------+-------------------+----------------+---------------+----------------+


