Copyright 1986-2021 Xilinx, Inc. All Rights Reserved.
---------------------------------------------------------------------------------------------------------------------------------------------------------------------------------------------------------------------------------------------------------------------------------------------------------------------------------------------------
| Tool Version : Vivado v.2021.2 (lin64) Build 3367213 Tue Oct 19 02:47:39 MDT 2021
| Date         : Sun Nov  3 22:38:04 2024
| Host         : hacc-gpu0 running 64-bit Ubuntu 20.04.6 LTS
| Command      : report_accelerator_utilization -kernels { krnl_vaddmul:pfm_top_i/dynamic_region/krnl_vaddmul_1/inst:krnl_vaddmul_1 krnl_vaddmul:pfm_top_i/dynamic_region/krnl_vaddmul_2/inst:krnl_vaddmul_2 krnl_vaddmul:pfm_top_i/dynamic_region/krnl_vaddmul_3/inst:krnl_vaddmul_3} -file kernel_util_placed.rpt -name kernel_util_placed -json
| Design       : pfm_top_wrapper
| Device       : xcu280
| Design State : Fully Placed
---------------------------------------------------------------------------------------------------------------------------------------------------------------------------------------------------------------------------------------------------------------------------------------------------------------------------------------------------

Accelerator Utilization Design Information

Table of Contents
-----------------
1. System Utilization

1. System Utilization
---------------------

+---------------------+-------------------+------------------+-------------------+----------------+---------------+----------------+
| Name                | LUT               | LUTAsMem         | REG               | BRAM           | URAM          | DSP            |
+---------------------+-------------------+------------------+-------------------+----------------+---------------+----------------+
| Platform            |  121741 [  9.35%] |  16042 [  2.67%] |  181014 [  6.94%] |  204 [ 10.12%] |   0 [  0.00%] |    4 [  0.04%] |
| User Budget         | 1180979 [100.00%] | 584438 [100.00%] | 2426346 [100.00%] | 1812 [100.00%] | 960 [100.00%] | 9020 [100.00%] |
|    Used Resources   |   37662 [  3.19%] |   4440 [  0.76%] |   54109 [  2.23%] |   93 [  5.13%] |   0 [  0.00%] |   24 [  0.27%] |
|    Unused Resources | 1143317 [ 96.81%] | 579998 [ 99.24%] | 2372237 [ 97.77%] | 1719 [ 94.87%] | 960 [100.00%] | 8996 [ 99.73%] |
| krnl_vaddmul        |   37662 [  3.19%] |   4440 [  0.76%] |   54109 [  2.23%] |   93 [  5.13%] |   0 [  0.00%] |   24 [  0.27%] |
|    krnl_vaddmul_1   |   12564 [  1.06%] |   1480 [  0.25%] |   18039 [  0.74%] |   31 [  1.71%] |   0 [  0.00%] |    8 [  0.09%] |
|    krnl_vaddmul_2   |   12389 [  1.05%] |   1480 [  0.25%] |   18032 [  0.74%] |   31 [  1.71%] |   0 [  0.00%] |    8 [  0.09%] |
|    krnl_vaddmul_3   |   12709 [  1.08%] |   1480 [  0.25%] |   18038 [  0.74%] |   31 [  1.71%] |   0 [  0.00%] |    8 [  0.09%] |
+---------------------+-------------------+------------------+-------------------+----------------+---------------+----------------+


