Copyright 1986-2021 Xilinx, Inc. All Rights Reserved.
--------------------------------------------------------------------------------------------------------------------------------------------------------------------------------------------------------------------------------------------------------------------------------------------------------------------------------------------------------------------------------------------------------------------------------------------------------------------------------------------------------------------------------------------------------------------------------------------------------------------------------------------------------------------------------------------------------------------------------
| Tool Version : Vivado v.2021.2 (lin64) Build 3367213 Tue Oct 19 02:47:39 MDT 2021
| Date         : Wed Oct 30 13:38:59 2024
| Host         : hacc-gpu0 running 64-bit Ubuntu 20.04.6 LTS
| Command      : report_accelerator_utilization -kernels { krnl_vaddmul:pfm_top_i/dynamic_region/krnl_vaddmul_1/inst:krnl_vaddmul_1 krnl_vaddmul:pfm_top_i/dynamic_region/krnl_vaddmul_2/inst:krnl_vaddmul_2 krnl_vaddmul:pfm_top_i/dynamic_region/krnl_vaddmul_3/inst:krnl_vaddmul_3 krnl_vaddmul:pfm_top_i/dynamic_region/krnl_vaddmul_4/inst:krnl_vaddmul_4 krnl_vaddmul:pfm_top_i/dynamic_region/krnl_vaddmul_5/inst:krnl_vaddmul_5 krnl_vaddmul:pfm_top_i/dynamic_region/krnl_vaddmul_6/inst:krnl_vaddmul_6 krnl_vaddmul:pfm_top_i/dynamic_region/krnl_vaddmul_7/inst:krnl_vaddmul_7 krnl_vaddmul:pfm_top_i/dynamic_region/krnl_vaddmul_8/inst:krnl_vaddmul_8} -file kernel_util_routed.rpt -name kernel_util_routed -json
| Design       : pfm_top_wrapper
| Device       : xcu280
| Design State : Routed
--------------------------------------------------------------------------------------------------------------------------------------------------------------------------------------------------------------------------------------------------------------------------------------------------------------------------------------------------------------------------------------------------------------------------------------------------------------------------------------------------------------------------------------------------------------------------------------------------------------------------------------------------------------------------------------------------------------------------------

Accelerator Utilization Design Information

Table of Contents
-----------------
1. System Utilization

1. System Utilization
---------------------

+---------------------+-------------------+------------------+-------------------+----------------+---------------+----------------+
| Name                | LUT               | LUTAsMem         | REG               | BRAM           | URAM          | DSP            |
+---------------------+-------------------+------------------+-------------------+----------------+---------------+----------------+
| Platform            |  161870 [ 12.43%] |  29628 [  4.93%] |  255335 [  9.79%] |  204 [ 10.12%] |   0 [  0.00%] |    4 [  0.04%] |
| User Budget         | 1140850 [100.00%] | 570852 [100.00%] | 2352025 [100.00%] | 1812 [100.00%] | 960 [100.00%] | 9020 [100.00%] |
|    Used Resources   |  254822 [ 22.34%] |  17824 [  3.12%] |  398947 [ 16.96%] |  248 [ 13.69%] |   0 [  0.00%] |   32 [  0.35%] |
|    Unused Resources |  886028 [ 77.66%] | 553028 [ 96.88%] | 1953078 [ 83.04%] | 1564 [ 86.31%] | 960 [100.00%] | 8988 [ 99.65%] |
| krnl_vaddmul        |  254822 [ 22.34%] |  17824 [  3.12%] |  398947 [ 16.96%] |  248 [ 13.69%] |   0 [  0.00%] |   32 [  0.35%] |
|    krnl_vaddmul_1   |   31895 [  2.80%] |   2228 [  0.39%] |   49881 [  2.12%] |   31 [  1.71%] |   0 [  0.00%] |    4 [  0.04%] |
|    krnl_vaddmul_2   |   31867 [  2.79%] |   2228 [  0.39%] |   49856 [  2.12%] |   31 [  1.71%] |   0 [  0.00%] |    4 [  0.04%] |
|    krnl_vaddmul_3   |   31867 [  2.79%] |   2228 [  0.39%] |   49868 [  2.12%] |   31 [  1.71%] |   0 [  0.00%] |    4 [  0.04%] |
|    krnl_vaddmul_4   |   31845 [  2.79%] |   2228 [  0.39%] |   49862 [  2.12%] |   31 [  1.71%] |   0 [  0.00%] |    4 [  0.04%] |
|    krnl_vaddmul_5   |   31828 [  2.79%] |   2228 [  0.39%] |   49892 [  2.12%] |   31 [  1.71%] |   0 [  0.00%] |    4 [  0.04%] |
|    krnl_vaddmul_6   |   31822 [  2.79%] |   2228 [  0.39%] |   49857 [  2.12%] |   31 [  1.71%] |   0 [  0.00%] |    4 [  0.04%] |
|    krnl_vaddmul_7   |   31846 [  2.79%] |   2228 [  0.39%] |   49872 [  2.12%] |   31 [  1.71%] |   0 [  0.00%] |    4 [  0.04%] |
|    krnl_vaddmul_8   |   31852 [  2.79%] |   2228 [  0.39%] |   49859 [  2.12%] |   31 [  1.71%] |   0 [  0.00%] |    4 [  0.04%] |
+---------------------+-------------------+------------------+-------------------+----------------+---------------+----------------+


