Copyright 1986-2021 Xilinx, Inc. All Rights Reserved.
------------------------------------------------------------------------------------------------------------------------------------------------------------------------------------------------------------------------------------------------------------------------------------------------------------------------------------------------------------------------------------------------------------------------------
| Tool Version : Vivado v.2021.2 (lin64) Build 3367213 Tue Oct 19 02:47:39 MDT 2021
| Date         : Tue Nov 12 12:26:47 2024
| Host         : hacc-gpu0 running 64-bit Ubuntu 20.04.6 LTS
| Command      : report_accelerator_utilization -kernels { krnl_vaddmul:pfm_top_i/dynamic_region/krnl_vaddmul_1/inst:krnl_vaddmul_1 krnl_vaddmul:pfm_top_i/dynamic_region/krnl_vaddmul_2/inst:krnl_vaddmul_2 krnl_vaddmul:pfm_top_i/dynamic_region/krnl_vaddmul_3/inst:krnl_vaddmul_3 krnl_vaddmul:pfm_top_i/dynamic_region/krnl_vaddmul_4/inst:krnl_vaddmul_4} -file kernel_util_synthed.rpt -name kernel_util_synthed -json
| Design       : pfm_top_wrapper
| Device       : xcu280
| Design State : Synthesized
------------------------------------------------------------------------------------------------------------------------------------------------------------------------------------------------------------------------------------------------------------------------------------------------------------------------------------------------------------------------------------------------------------------------------

Accelerator Utilization Design Information

Table of Contents
-----------------
1. System Utilization

1. System Utilization
---------------------

+---------------------+-------------------+------------------+-------------------+----------------+---------------+----------------+
| Name                | LUT               | LUTAsMem         | REG               | BRAM           | URAM          | DSP            |
+---------------------+-------------------+------------------+-------------------+----------------+---------------+----------------+
| Platform            |  125688 [  9.65%] |  16438 [  2.74%] |  172874 [  6.63%] |  202 [ 10.02%] |   0 [  0.00%] |    4 [  0.04%] |
| User Budget         | 1177032 [100.00%] | 584042 [100.00%] | 2434486 [100.00%] | 1814 [100.00%] | 960 [100.00%] | 9020 [100.00%] |
|    Used Resources   |   23776 [  2.02%] |   6660 [  1.14%] |   37840 [  1.55%] |   52 [  2.87%] |   0 [  0.00%] |  152 [  1.69%] |
|    Unused Resources | 1153256 [ 97.98%] | 577382 [ 98.86%] | 2396646 [ 98.45%] | 1762 [ 97.13%] | 960 [100.00%] | 8868 [ 98.31%] |
| krnl_vaddmul        |   23776 [  2.02%] |   6660 [  1.14%] |   37840 [  1.55%] |   52 [  2.87%] |   0 [  0.00%] |  152 [  1.69%] |
|    krnl_vaddmul_1   |    5944 [  0.50%] |   1665 [  0.29%] |    9460 [  0.39%] |   13 [  0.72%] |   0 [  0.00%] |   38 [  0.42%] |
|    krnl_vaddmul_2   |    5944 [  0.50%] |   1665 [  0.29%] |    9460 [  0.39%] |   13 [  0.72%] |   0 [  0.00%] |   38 [  0.42%] |
|    krnl_vaddmul_3   |    5944 [  0.50%] |   1665 [  0.29%] |    9460 [  0.39%] |   13 [  0.72%] |   0 [  0.00%] |   38 [  0.42%] |
|    krnl_vaddmul_4   |    5944 [  0.50%] |   1665 [  0.29%] |    9460 [  0.39%] |   13 [  0.72%] |   0 [  0.00%] |   38 [  0.42%] |
+---------------------+-------------------+------------------+-------------------+----------------+---------------+----------------+


