Copyright 1986-2021 Xilinx, Inc. All Rights Reserved.
------------------------------------------------------------------------------------------------------------------------------------------------------------------------------------------------------------------------------------------------------------------------------------------------------------------------------------------------------------------------------------------------------------------------------
| Tool Version : Vivado v.2021.2 (lin64) Build 3367213 Tue Oct 19 02:47:39 MDT 2021
| Date         : Tue Oct 22 12:54:57 2024
| Host         : hacc-gpu0 running 64-bit Ubuntu 20.04.6 LTS
| Command      : report_accelerator_utilization -kernels { krnl_vaddmul:pfm_top_i/dynamic_region/krnl_vaddmul_1/inst:krnl_vaddmul_1 krnl_vaddmul:pfm_top_i/dynamic_region/krnl_vaddmul_2/inst:krnl_vaddmul_2 krnl_vaddmul:pfm_top_i/dynamic_region/krnl_vaddmul_3/inst:krnl_vaddmul_3 krnl_vaddmul:pfm_top_i/dynamic_region/krnl_vaddmul_4/inst:krnl_vaddmul_4} -file kernel_util_synthed.rpt -name kernel_util_synthed -json
| Design       : pfm_top_wrapper
| Device       : xcu280
| Design State : Synthesized
------------------------------------------------------------------------------------------------------------------------------------------------------------------------------------------------------------------------------------------------------------------------------------------------------------------------------------------------------------------------------------------------------------------------------

Accelerator Utilization Design Information

Table of Contents
-----------------
1. System Utilization

1. System Utilization
---------------------

+---------------------+-------------------+------------------+-------------------+----------------+---------------+----------------+
| Name                | LUT               | LUTAsMem         | REG               | BRAM           | URAM          | DSP            |
+---------------------+-------------------+------------------+-------------------+----------------+---------------+----------------+
| Platform            |  163144 [ 12.52%] |  33882 [  5.64%] |  239917 [  9.20%] |  204 [ 10.12%] |   0 [  0.00%] |    4 [  0.04%] |
| User Budget         | 1139576 [100.00%] | 566598 [100.00%] | 2367443 [100.00%] | 1812 [100.00%] | 960 [100.00%] | 9020 [100.00%] |
|    Used Resources   |   74764 [  6.56%] |  24336 [  4.30%] |  146396 [  6.18%] |  360 [ 19.87%] |   0 [  0.00%] |  784 [  8.69%] |
|    Unused Resources | 1064812 [ 93.44%] | 542262 [ 95.70%] | 2221047 [ 93.82%] | 1452 [ 80.13%] | 960 [100.00%] | 8236 [ 91.31%] |
| krnl_vaddmul        |   74764 [  6.56%] |  24336 [  4.30%] |  146396 [  6.18%] |  360 [ 19.87%] |   0 [  0.00%] |  784 [  8.69%] |
|    krnl_vaddmul_1   |   18691 [  1.64%] |   6084 [  1.07%] |   36599 [  1.55%] |   90 [  4.97%] |   0 [  0.00%] |  196 [  2.17%] |
|    krnl_vaddmul_2   |   18691 [  1.64%] |   6084 [  1.07%] |   36599 [  1.55%] |   90 [  4.97%] |   0 [  0.00%] |  196 [  2.17%] |
|    krnl_vaddmul_3   |   18691 [  1.64%] |   6084 [  1.07%] |   36599 [  1.55%] |   90 [  4.97%] |   0 [  0.00%] |  196 [  2.17%] |
|    krnl_vaddmul_4   |   18691 [  1.64%] |   6084 [  1.07%] |   36599 [  1.55%] |   90 [  4.97%] |   0 [  0.00%] |  196 [  2.17%] |
+---------------------+-------------------+------------------+-------------------+----------------+---------------+----------------+


