Copyright 1986-2021 Xilinx, Inc. All Rights Reserved.
-----------------------------------------------------------------------------------------------------------------------------------------------------------------------------------------------------------------------------------------------------------------------------------------------------------------------------------------------------
| Tool Version : Vivado v.2021.2 (lin64) Build 3367213 Tue Oct 19 02:47:39 MDT 2021
| Date         : Thu Nov  7 07:33:50 2024
| Host         : hacc-gpu0 running 64-bit Ubuntu 20.04.6 LTS
| Command      : report_accelerator_utilization -kernels { krnl_vaddmul:pfm_top_i/dynamic_region/krnl_vaddmul_1/inst:krnl_vaddmul_1 krnl_vaddmul:pfm_top_i/dynamic_region/krnl_vaddmul_2/inst:krnl_vaddmul_2 krnl_vaddmul:pfm_top_i/dynamic_region/krnl_vaddmul_3/inst:krnl_vaddmul_3} -file kernel_util_synthed.rpt -name kernel_util_synthed -json
| Design       : pfm_top_wrapper
| Device       : xcu280
| Design State : Synthesized
-----------------------------------------------------------------------------------------------------------------------------------------------------------------------------------------------------------------------------------------------------------------------------------------------------------------------------------------------------

Accelerator Utilization Design Information

Table of Contents
-----------------
1. System Utilization

1. System Utilization
---------------------

+---------------------+-------------------+------------------+-------------------+----------------+---------------+----------------+
| Name                | LUT               | LUTAsMem         | REG               | BRAM           | URAM          | DSP            |
+---------------------+-------------------+------------------+-------------------+----------------+---------------+----------------+
| Platform            |  150836 [ 11.58%] |  28072 [  4.67%] |  217640 [  8.35%] |  204 [ 10.12%] |   0 [  0.00%] |    4 [  0.04%] |
| User Budget         | 1151884 [100.00%] | 572408 [100.00%] | 2389720 [100.00%] | 1812 [100.00%] | 960 [100.00%] | 9020 [100.00%] |
|    Used Resources   |   76827 [  6.67%] |  18267 [  3.19%] |  130686 [  5.47%] |  270 [ 14.90%] |   0 [  0.00%] |  264 [  2.93%] |
|    Unused Resources | 1075057 [ 93.33%] | 554141 [ 96.81%] | 2259034 [ 94.53%] | 1542 [ 85.10%] | 960 [100.00%] | 8756 [ 97.07%] |
| krnl_vaddmul        |   76827 [  6.67%] |  18267 [  3.19%] |  130686 [  5.47%] |  270 [ 14.90%] |   0 [  0.00%] |  264 [  2.93%] |
|    krnl_vaddmul_1   |   25609 [  2.22%] |   6089 [  1.06%] |   43562 [  1.82%] |   90 [  4.97%] |   0 [  0.00%] |   88 [  0.98%] |
|    krnl_vaddmul_2   |   25609 [  2.22%] |   6089 [  1.06%] |   43562 [  1.82%] |   90 [  4.97%] |   0 [  0.00%] |   88 [  0.98%] |
|    krnl_vaddmul_3   |   25609 [  2.22%] |   6089 [  1.06%] |   43562 [  1.82%] |   90 [  4.97%] |   0 [  0.00%] |   88 [  0.98%] |
+---------------------+-------------------+------------------+-------------------+----------------+---------------+----------------+


