Copyright 1986-2021 Xilinx, Inc. All Rights Reserved.
---------------------------------------------------------------------------------------------------------------------------------------------------------------------------------------------------------------------------------------------------------------------------------------------------------------------------------------------------
| Tool Version : Vivado v.2021.2 (lin64) Build 3367213 Tue Oct 19 02:47:39 MDT 2021
| Date         : Fri Nov  8 01:33:19 2024
| Host         : hacc-gpu0 running 64-bit Ubuntu 20.04.6 LTS
| Command      : report_accelerator_utilization -kernels { krnl_vaddmul:pfm_top_i/dynamic_region/krnl_vaddmul_1/inst:krnl_vaddmul_1 krnl_vaddmul:pfm_top_i/dynamic_region/krnl_vaddmul_2/inst:krnl_vaddmul_2 krnl_vaddmul:pfm_top_i/dynamic_region/krnl_vaddmul_3/inst:krnl_vaddmul_3} -file kernel_util_placed.rpt -name kernel_util_placed -json
| Design       : pfm_top_wrapper
| Device       : xcu280
| Design State : Fully Placed
---------------------------------------------------------------------------------------------------------------------------------------------------------------------------------------------------------------------------------------------------------------------------------------------------------------------------------------------------

Accelerator Utilization Design Information

Table of Contents
-----------------
1. System Utilization

1. System Utilization
---------------------

+---------------------+-------------------+------------------+-------------------+----------------+---------------+----------------+
| Name                | LUT               | LUTAsMem         | REG               | BRAM           | URAM          | DSP            |
+---------------------+-------------------+------------------+-------------------+----------------+---------------+----------------+
| Platform            |  126866 [  9.74%] |  20764 [  3.46%] |  190237 [  7.30%] |  204 [ 10.12%] |   0 [  0.00%] |    4 [  0.04%] |
| User Budget         | 1175854 [100.00%] | 579716 [100.00%] | 2417123 [100.00%] | 1812 [100.00%] | 960 [100.00%] | 9020 [100.00%] |
|    Used Resources   |   69583 [  5.92%] |  10053 [  1.73%] |  105064 [  4.35%] |  186 [ 10.26%] |   0 [  0.00%] |  204 [  2.26%] |
|    Unused Resources | 1106271 [ 94.08%] | 569663 [ 98.27%] | 2312059 [ 95.65%] | 1626 [ 89.74%] | 960 [100.00%] | 8816 [ 97.74%] |
| krnl_vaddmul        |   69583 [  5.92%] |  10053 [  1.73%] |  105064 [  4.35%] |  186 [ 10.26%] |   0 [  0.00%] |  204 [  2.26%] |
|    krnl_vaddmul_1   |   23194 [  1.97%] |   3351 [  0.58%] |   35083 [  1.45%] |   62 [  3.42%] |   0 [  0.00%] |   68 [  0.75%] |
|    krnl_vaddmul_2   |   23185 [  1.97%] |   3351 [  0.58%] |   34982 [  1.45%] |   62 [  3.42%] |   0 [  0.00%] |   68 [  0.75%] |
|    krnl_vaddmul_3   |   23204 [  1.97%] |   3351 [  0.58%] |   34999 [  1.45%] |   62 [  3.42%] |   0 [  0.00%] |   68 [  0.75%] |
+---------------------+-------------------+------------------+-------------------+----------------+---------------+----------------+


