Copyright 1986-2021 Xilinx, Inc. All Rights Reserved.
------------------------------------------------------------------------------------------
| Tool Version : Vivado v.2021.2 (lin64) Build 3367213 Tue Oct 19 02:47:39 MDT 2021
| Date         : Fri Nov  8 01:33:47 2024
| Host         : hacc-gpu0 running 64-bit Ubuntu 20.04.6 LTS
| Command      : report_utilization -slr -file slr_util_placed.rpt -pb slr_util_placed.pb
| Design       : pfm_top_wrapper
| Device       : xcu280-fsvh2892-2L-e
| Speed File   : -2L
| Design State : Fully Placed
------------------------------------------------------------------------------------------

Utilization Design Information

Table of Contents
-----------------
1. SLR Connectivity
2. SLR Connectivity Matrix
3. SLR CLB Logic and Dedicated Block Utilization
4. SLR IO Utilization

1. SLR Connectivity
-------------------

+----------------------------------+------+-------+-----------+-------+
|                                  | Used | Fixed | Available | Util% |
+----------------------------------+------+-------+-----------+-------+
| SLR2 <-> SLR1                    | 3969 |       |     23040 | 17.23 |
|   SLR1 -> SLR2                   | 2096 |       |           |  9.10 |
|     Using TX_REG only            |    1 |     1 |           |       |
|     Using RX_REG only            |   18 |    18 |           |       |
|     Using Both TX_REG and RX_REG |  267 |     1 |           |       |
|   SLR2 -> SLR1                   | 1873 |       |           |  8.13 |
|     Using TX_REG only            |    0 |     0 |           |       |
|     Using RX_REG only            |    4 |     4 |           |       |
|     Using Both TX_REG and RX_REG |  407 |     0 |           |       |
| SLR1 <-> SLR0                    | 2535 |       |     23040 | 11.00 |
|   SLR0 -> SLR1                   | 1139 |       |           |  4.94 |
|     Using TX_REG only            |   71 |    71 |           |       |
|     Using RX_REG only            |   61 |    61 |           |       |
|     Using Both TX_REG and RX_REG |  355 |    55 |           |       |
|   SLR1 -> SLR0                   | 1396 |       |           |  6.06 |
|     Using TX_REG only            |   62 |    62 |           |       |
|     Using RX_REG only            |   72 |    71 |           |       |
|     Using Both TX_REG and RX_REG |  435 |    60 |           |       |
+----------------------------------+------+-------+-----------+-------+
| Total SLLs Used                  | 6504 |       |           |       |
+----------------------------------+------+-------+-----------+-------+


2. SLR Connectivity Matrix
--------------------------

+-----------+------+------+------+
| FROM \ TO | SLR2 | SLR1 | SLR0 |
+-----------+------+------+------+
| SLR2      |    0 | 1717 |  156 |
| SLR1      | 1960 |    0 | 1240 |
| SLR0      |  136 | 1003 |    0 |
+-----------+------+------+------+


3. SLR CLB Logic and Dedicated Block Utilization
------------------------------------------------

+----------------------------+--------+-------+-------+--------+--------+--------+
|          Site Type         |  SLR0  |  SLR1 |  SLR2 | SLR0 % | SLR1 % | SLR2 % |
+----------------------------+--------+-------+-------+--------+--------+--------+
| CLB                        |  26468 |  7362 |  8084 |  48.16 |  13.63 |  14.97 |
|   CLBL                     |  13668 |  3647 |  4155 |  46.68 |  12.46 |  14.19 |
|   CLBM                     |  12800 |  3715 |  3929 |  49.84 |  15.03 |  15.89 |
| CLB LUTs                   | 113413 | 47670 | 35360 |  25.79 |  11.03 |   8.19 |
|   LUT as Logic             |  89608 | 43698 | 32320 |  20.38 |  10.12 |   7.48 |
|     using O5 output only   |   1446 |   289 |  1008 |   0.33 |   0.07 |   0.23 |
|     using O6 output only   |  64900 | 34271 | 19502 |  14.76 |   7.93 |   4.51 |
|     using O5 and O6        |  23262 |  9138 | 11810 |   5.29 |   2.12 |   2.73 |
|   LUT as Memory            |  23805 |  3972 |  3040 |  11.59 |   2.01 |   1.54 |
|     LUT as Distributed RAM |  11848 |  3837 |  1660 |   5.77 |   1.94 |   0.84 |
|       using O5 output only |      0 |     0 |     0 |   0.00 |   0.00 |   0.00 |
|       using O6 output only |     80 |   215 |    84 |   0.04 |   0.11 |   0.04 |
|       using O5 and O6      |  11768 |  3622 |  1576 |   5.73 |   1.83 |   0.80 |
|     LUT as Shift Register  |  11957 |   135 |  1380 |   5.82 |   0.07 |   0.70 |
|       using O5 output only |      0 |     0 |     0 |   0.00 |   0.00 |   0.00 |
|       using O6 output only |   7320 |   135 |  1250 |   3.56 |   0.07 |   0.63 |
|       using O5 and O6      |   4637 |     0 |   130 |   2.26 |   0.00 |   0.07 |
| CLB Registers              | 188191 | 46338 | 60772 |  21.40 |   5.36 |   7.03 |
| CARRY8                     |   3244 |   473 |   313 |   5.90 |   0.88 |   0.58 |
| F7 Muxes                   |   2696 |   651 |  1054 |   1.23 |   0.30 |   0.49 |
| F8 Muxes                   |    772 |   141 |    47 |   0.70 |   0.13 |   0.04 |
| F9 Muxes                   |      0 |     0 |     0 |   0.00 |   0.00 |   0.00 |
| Block RAM Tile             |  215.5 |  80.5 |    94 |  32.07 |  11.98 |  13.99 |
|   RAMB36/FIFO              |    214 |    80 |    92 |  31.85 |  11.90 |  13.69 |
|     RAMB36E2 only          |    214 |    80 |    92 |  31.85 |  11.90 |  13.69 |
|   RAMB18                   |      3 |     1 |     4 |   0.22 |   0.07 |   0.30 |
|     RAMB18E2 only          |      3 |     1 |     4 |   0.22 |   0.07 |   0.30 |
| URAM                       |      0 |     0 |     0 |   0.00 |   0.00 |   0.00 |
| DSPs                       |    204 |     0 |     4 |   7.08 |   0.00 |   0.13 |
| Unique Control Sets        |   4550 |  1505 |  2725 |   4.14 |   1.39 |   2.52 |
+----------------------------+--------+-------+-------+--------+--------+--------+
* Note: Available Control Sets based on CLB Registers / 8


4. SLR IO Utilization
---------------------

+-----------+-----------+---------+------------+----------+------------+----------+-----+
| SLR Index | Used IOBs | (%)IOBs | Used IPADs | (%)IPADs | Used OPADs | (%)OPADs | GTs |
+-----------+-----------+---------+------------+----------+------------+----------+-----+
| SLR2      |        18 |    8.65 |          0 |     0.00 |          0 |     0.00 |   0 |
| SLR1      |         0 |    0.00 |          0 |     0.00 |          0 |     0.00 |   0 |
| SLR0      |         1 |    0.48 |          0 |     0.00 |          0 |     0.00 |  16 |
+-----------+-----------+---------+------------+----------+------------+----------+-----+
| Total     |        19 |         |          0 |          |          0 |          |  16 |
+-----------+-----------+---------+------------+----------+------------+----------+-----+


