
*** Running vivado
    with args -log pfm_dynamic_krnl_vadd_1_0.vds -m64 -product Vivado -mode batch -messageDb vivado.pb -notrace -source pfm_dynamic_krnl_vadd_1_0.tcl


****** Vivado v2021.2 (64-bit)
  **** SW Build 3367213 on Tue Oct 19 02:47:39 MDT 2021
  **** IP Build 3369179 on Thu Oct 21 08:25:16 MDT 2021
    ** Copyright 1986-2021 Xilinx, Inc. All Rights Reserved.

source pfm_dynamic_krnl_vadd_1_0.tcl -notrace
INFO: Dispatch client connection id - 41865
create_project: Time (s): cpu = 00:00:05 ; elapsed = 00:00:06 . Memory (MB): peak = 2740.652 ; gain = 0.023 ; free physical = 54078 ; free virtual = 481504
INFO: [IP_Flow 19-234] Refreshing IP repositories
INFO: [IP_Flow 19-1700] Loaded user IP repository '/home/ziyuanwang/hbm/Vitis_Accel_Examples/host_xrt/hbm_simple_xrt/_x_gem110min_32.hw.xilinx_u280_xdma_201920_3/link/int/xo/ip_repo/xilinx_com_hls_krnl_vadd_1_0'.
INFO: [IP_Flow 19-1700] Loaded user IP repository '/home/ziyuanwang/hbm/Vitis_Accel_Examples/host_xrt/hbm_simple_xrt/_x_gem110min_32.hw.xilinx_u280_xdma_201920_3/link/vivado/vpl/.local/hw_platform/iprepo'.
INFO: [IP_Flow 19-1700] Loaded user IP repository '/tools/Xilinx/Vitis/2021.2/data/cache/xilinx'.
INFO: [IP_Flow 19-1700] Loaded user IP repository '/home/ziyuanwang/hbm/Vitis_Accel_Examples/host_xrt/hbm_simple_xrt/_x_gem110min_32.hw.xilinx_u280_xdma_201920_3/link/vivado/vpl/.local/hw_platform/ipcache'.
INFO: [IP_Flow 19-1700] Loaded user IP repository '/tools/Xilinx/Vitis/2021.2/data/ip'.
INFO: [IP_Flow 19-2313] Loaded Vivado IP repository '/tools/Xilinx/Vivado/2021.2/data/ip'.
Command: synth_design -top pfm_dynamic_krnl_vadd_1_0 -part xcu280-fsvh2892-2L-e -directive sdx_optimization_effort_high -mode out_of_context
Starting synth_design
Attempting to get a license for feature 'Synthesis' and/or device 'xcu280'
INFO: [Common 17-349] Got license for feature 'Synthesis' and/or device 'xcu280'
INFO: [Device 21-403] Loading part xcu280-fsvh2892-2L-e
INFO: [Synth 8-7079] Multithreading enabled for synth_design using a maximum of 1 processes.
INFO: [Synth 8-7078] Launching helper process for spawning children vivado processes
INFO: [Synth 8-7075] Helper process launched with PID 2785015
---------------------------------------------------------------------------------
Starting RTL Elaboration : Time (s): cpu = 00:00:03 ; elapsed = 00:00:04 . Memory (MB): peak = 3518.941 ; gain = 287.637 ; free physical = 51421 ; free virtual = 478848
---------------------------------------------------------------------------------
INFO: [Synth 8-6157] synthesizing module 'pfm_dynamic_krnl_vadd_1_0' [/home/ziyuanwang/hbm/Vitis_Accel_Examples/host_xrt/hbm_simple_xrt/_x_gem110min_32.hw.xilinx_u280_xdma_201920_3/link/vivado/vpl/prj/prj.gen/my_rm/bd/bd/ip/pfm_dynamic_krnl_vadd_1_0/synth/pfm_dynamic_krnl_vadd_1_0.v:59]
INFO: [Synth 8-6157] synthesizing module 'krnl_vadd' [/home/ziyuanwang/hbm/Vitis_Accel_Examples/host_xrt/hbm_simple_xrt/_x_gem110min_32.hw.xilinx_u280_xdma_201920_3/link/vivado/vpl/prj/prj.gen/my_rm/bd/bd/ipshared/0291/hdl/verilog/krnl_vadd.v:12]
INFO: [Synth 8-6157] synthesizing module 'krnl_vadd_krnl_vadd_Pipeline_vadd1_vadd2' [/home/ziyuanwang/hbm/Vitis_Accel_Examples/host_xrt/hbm_simple_xrt/_x_gem110min_32.hw.xilinx_u280_xdma_201920_3/link/vivado/vpl/prj/prj.gen/my_rm/bd/bd/ipshared/0291/hdl/verilog/krnl_vadd_krnl_vadd_Pipeline_vadd1_vadd2.v:10]
INFO: [Synth 8-6157] synthesizing module 'krnl_vadd_flow_control_loop_pipe_sequential_init' [/home/ziyuanwang/hbm/Vitis_Accel_Examples/host_xrt/hbm_simple_xrt/_x_gem110min_32.hw.xilinx_u280_xdma_201920_3/link/vivado/vpl/prj/prj.gen/my_rm/bd/bd/ipshared/0291/hdl/verilog/krnl_vadd_flow_control_loop_pipe_sequential_init.v:8]
INFO: [Synth 8-6155] done synthesizing module 'krnl_vadd_flow_control_loop_pipe_sequential_init' (1#1) [/home/ziyuanwang/hbm/Vitis_Accel_Examples/host_xrt/hbm_simple_xrt/_x_gem110min_32.hw.xilinx_u280_xdma_201920_3/link/vivado/vpl/prj/prj.gen/my_rm/bd/bd/ipshared/0291/hdl/verilog/krnl_vadd_flow_control_loop_pipe_sequential_init.v:8]
INFO: [Synth 8-6155] done synthesizing module 'krnl_vadd_krnl_vadd_Pipeline_vadd1_vadd2' (2#1) [/home/ziyuanwang/hbm/Vitis_Accel_Examples/host_xrt/hbm_simple_xrt/_x_gem110min_32.hw.xilinx_u280_xdma_201920_3/link/vivado/vpl/prj/prj.gen/my_rm/bd/bd/ipshared/0291/hdl/verilog/krnl_vadd_krnl_vadd_Pipeline_vadd1_vadd2.v:10]
INFO: [Synth 8-6157] synthesizing module 'krnl_vadd_control_s_axi' [/home/ziyuanwang/hbm/Vitis_Accel_Examples/host_xrt/hbm_simple_xrt/_x_gem110min_32.hw.xilinx_u280_xdma_201920_3/link/vivado/vpl/prj/prj.gen/my_rm/bd/bd/ipshared/0291/hdl/verilog/krnl_vadd_control_s_axi.v:6]
INFO: [Synth 8-155] case statement is not full and has no default [/home/ziyuanwang/hbm/Vitis_Accel_Examples/host_xrt/hbm_simple_xrt/_x_gem110min_32.hw.xilinx_u280_xdma_201920_3/link/vivado/vpl/prj/prj.gen/my_rm/bd/bd/ipshared/0291/hdl/verilog/krnl_vadd_control_s_axi.v:233]
WARNING: [Synth 8-6014] Unused sequential element int_ap_done_reg was removed.  [/home/ziyuanwang/hbm/Vitis_Accel_Examples/host_xrt/hbm_simple_xrt/_x_gem110min_32.hw.xilinx_u280_xdma_201920_3/link/vivado/vpl/prj/prj.gen/my_rm/bd/bd/ipshared/0291/hdl/verilog/krnl_vadd_control_s_axi.v:303]
INFO: [Synth 8-6155] done synthesizing module 'krnl_vadd_control_s_axi' (3#1) [/home/ziyuanwang/hbm/Vitis_Accel_Examples/host_xrt/hbm_simple_xrt/_x_gem110min_32.hw.xilinx_u280_xdma_201920_3/link/vivado/vpl/prj/prj.gen/my_rm/bd/bd/ipshared/0291/hdl/verilog/krnl_vadd_control_s_axi.v:6]
INFO: [Synth 8-6157] synthesizing module 'krnl_vadd_gmem1_m_axi' [/home/ziyuanwang/hbm/Vitis_Accel_Examples/host_xrt/hbm_simple_xrt/_x_gem110min_32.hw.xilinx_u280_xdma_201920_3/link/vivado/vpl/prj/prj.gen/my_rm/bd/bd/ipshared/0291/hdl/verilog/krnl_vadd_gmem1_m_axi.v:8]
INFO: [Synth 8-6157] synthesizing module 'krnl_vadd_gmem1_m_axi_write' [/home/ziyuanwang/hbm/Vitis_Accel_Examples/host_xrt/hbm_simple_xrt/_x_gem110min_32.hw.xilinx_u280_xdma_201920_3/link/vivado/vpl/prj/prj.gen/my_rm/bd/bd/ipshared/0291/hdl/verilog/krnl_vadd_gmem1_m_axi.v:1742]
INFO: [Synth 8-6157] synthesizing module 'krnl_vadd_gmem1_m_axi_fifo' [/home/ziyuanwang/hbm/Vitis_Accel_Examples/host_xrt/hbm_simple_xrt/_x_gem110min_32.hw.xilinx_u280_xdma_201920_3/link/vivado/vpl/prj/prj.gen/my_rm/bd/bd/ipshared/0291/hdl/verilog/krnl_vadd_gmem1_m_axi.v:435]
INFO: [Synth 8-6155] done synthesizing module 'krnl_vadd_gmem1_m_axi_fifo' (4#1) [/home/ziyuanwang/hbm/Vitis_Accel_Examples/host_xrt/hbm_simple_xrt/_x_gem110min_32.hw.xilinx_u280_xdma_201920_3/link/vivado/vpl/prj/prj.gen/my_rm/bd/bd/ipshared/0291/hdl/verilog/krnl_vadd_gmem1_m_axi.v:435]
INFO: [Synth 8-6157] synthesizing module 'krnl_vadd_gmem1_m_axi_reg_slice' [/home/ziyuanwang/hbm/Vitis_Accel_Examples/host_xrt/hbm_simple_xrt/_x_gem110min_32.hw.xilinx_u280_xdma_201920_3/link/vivado/vpl/prj/prj.gen/my_rm/bd/bd/ipshared/0291/hdl/verilog/krnl_vadd_gmem1_m_axi.v:318]
INFO: [Synth 8-6155] done synthesizing module 'krnl_vadd_gmem1_m_axi_reg_slice' (5#1) [/home/ziyuanwang/hbm/Vitis_Accel_Examples/host_xrt/hbm_simple_xrt/_x_gem110min_32.hw.xilinx_u280_xdma_201920_3/link/vivado/vpl/prj/prj.gen/my_rm/bd/bd/ipshared/0291/hdl/verilog/krnl_vadd_gmem1_m_axi.v:318]
INFO: [Synth 8-6157] synthesizing module 'krnl_vadd_gmem1_m_axi_fifo__parameterized0' [/home/ziyuanwang/hbm/Vitis_Accel_Examples/host_xrt/hbm_simple_xrt/_x_gem110min_32.hw.xilinx_u280_xdma_201920_3/link/vivado/vpl/prj/prj.gen/my_rm/bd/bd/ipshared/0291/hdl/verilog/krnl_vadd_gmem1_m_axi.v:435]
INFO: [Synth 8-6155] done synthesizing module 'krnl_vadd_gmem1_m_axi_fifo__parameterized0' (5#1) [/home/ziyuanwang/hbm/Vitis_Accel_Examples/host_xrt/hbm_simple_xrt/_x_gem110min_32.hw.xilinx_u280_xdma_201920_3/link/vivado/vpl/prj/prj.gen/my_rm/bd/bd/ipshared/0291/hdl/verilog/krnl_vadd_gmem1_m_axi.v:435]
INFO: [Synth 8-6157] synthesizing module 'krnl_vadd_gmem1_m_axi_buffer' [/home/ziyuanwang/hbm/Vitis_Accel_Examples/host_xrt/hbm_simple_xrt/_x_gem110min_32.hw.xilinx_u280_xdma_201920_3/link/vivado/vpl/prj/prj.gen/my_rm/bd/bd/ipshared/0291/hdl/verilog/krnl_vadd_gmem1_m_axi.v:546]
WARNING: [Synth 8-589] replacing case/wildcard equality operator === with logical equality operator == [/home/ziyuanwang/hbm/Vitis_Accel_Examples/host_xrt/hbm_simple_xrt/_x_gem110min_32.hw.xilinx_u280_xdma_201920_3/link/vivado/vpl/prj/prj.gen/my_rm/bd/bd/ipshared/0291/hdl/verilog/krnl_vadd_gmem1_m_axi.v:600]
INFO: [Synth 8-6155] done synthesizing module 'krnl_vadd_gmem1_m_axi_buffer' (6#1) [/home/ziyuanwang/hbm/Vitis_Accel_Examples/host_xrt/hbm_simple_xrt/_x_gem110min_32.hw.xilinx_u280_xdma_201920_3/link/vivado/vpl/prj/prj.gen/my_rm/bd/bd/ipshared/0291/hdl/verilog/krnl_vadd_gmem1_m_axi.v:546]
INFO: [Synth 8-6157] synthesizing module 'krnl_vadd_gmem1_m_axi_fifo__parameterized1' [/home/ziyuanwang/hbm/Vitis_Accel_Examples/host_xrt/hbm_simple_xrt/_x_gem110min_32.hw.xilinx_u280_xdma_201920_3/link/vivado/vpl/prj/prj.gen/my_rm/bd/bd/ipshared/0291/hdl/verilog/krnl_vadd_gmem1_m_axi.v:435]
INFO: [Synth 8-6155] done synthesizing module 'krnl_vadd_gmem1_m_axi_fifo__parameterized1' (6#1) [/home/ziyuanwang/hbm/Vitis_Accel_Examples/host_xrt/hbm_simple_xrt/_x_gem110min_32.hw.xilinx_u280_xdma_201920_3/link/vivado/vpl/prj/prj.gen/my_rm/bd/bd/ipshared/0291/hdl/verilog/krnl_vadd_gmem1_m_axi.v:435]
INFO: [Synth 8-6157] synthesizing module 'krnl_vadd_gmem1_m_axi_fifo__parameterized2' [/home/ziyuanwang/hbm/Vitis_Accel_Examples/host_xrt/hbm_simple_xrt/_x_gem110min_32.hw.xilinx_u280_xdma_201920_3/link/vivado/vpl/prj/prj.gen/my_rm/bd/bd/ipshared/0291/hdl/verilog/krnl_vadd_gmem1_m_axi.v:435]
INFO: [Synth 8-6155] done synthesizing module 'krnl_vadd_gmem1_m_axi_fifo__parameterized2' (6#1) [/home/ziyuanwang/hbm/Vitis_Accel_Examples/host_xrt/hbm_simple_xrt/_x_gem110min_32.hw.xilinx_u280_xdma_201920_3/link/vivado/vpl/prj/prj.gen/my_rm/bd/bd/ipshared/0291/hdl/verilog/krnl_vadd_gmem1_m_axi.v:435]
WARNING: [Synth 8-6014] Unused sequential element sect_end_buf_reg was removed.  [/home/ziyuanwang/hbm/Vitis_Accel_Examples/host_xrt/hbm_simple_xrt/_x_gem110min_32.hw.xilinx_u280_xdma_201920_3/link/vivado/vpl/prj/prj.gen/my_rm/bd/bd/ipshared/0291/hdl/verilog/krnl_vadd_gmem1_m_axi.v:2111]
INFO: [Synth 8-6155] done synthesizing module 'krnl_vadd_gmem1_m_axi_write' (7#1) [/home/ziyuanwang/hbm/Vitis_Accel_Examples/host_xrt/hbm_simple_xrt/_x_gem110min_32.hw.xilinx_u280_xdma_201920_3/link/vivado/vpl/prj/prj.gen/my_rm/bd/bd/ipshared/0291/hdl/verilog/krnl_vadd_gmem1_m_axi.v:1742]
INFO: [Synth 8-6157] synthesizing module 'krnl_vadd_gmem1_m_axi_read' [/home/ziyuanwang/hbm/Vitis_Accel_Examples/host_xrt/hbm_simple_xrt/_x_gem110min_32.hw.xilinx_u280_xdma_201920_3/link/vivado/vpl/prj/prj.gen/my_rm/bd/bd/ipshared/0291/hdl/verilog/krnl_vadd_gmem1_m_axi.v:951]
INFO: [Synth 8-6157] synthesizing module 'krnl_vadd_gmem1_m_axi_buffer__parameterized0' [/home/ziyuanwang/hbm/Vitis_Accel_Examples/host_xrt/hbm_simple_xrt/_x_gem110min_32.hw.xilinx_u280_xdma_201920_3/link/vivado/vpl/prj/prj.gen/my_rm/bd/bd/ipshared/0291/hdl/verilog/krnl_vadd_gmem1_m_axi.v:546]
WARNING: [Synth 8-589] replacing case/wildcard equality operator === with logical equality operator == [/home/ziyuanwang/hbm/Vitis_Accel_Examples/host_xrt/hbm_simple_xrt/_x_gem110min_32.hw.xilinx_u280_xdma_201920_3/link/vivado/vpl/prj/prj.gen/my_rm/bd/bd/ipshared/0291/hdl/verilog/krnl_vadd_gmem1_m_axi.v:600]
INFO: [Synth 8-6155] done synthesizing module 'krnl_vadd_gmem1_m_axi_buffer__parameterized0' (7#1) [/home/ziyuanwang/hbm/Vitis_Accel_Examples/host_xrt/hbm_simple_xrt/_x_gem110min_32.hw.xilinx_u280_xdma_201920_3/link/vivado/vpl/prj/prj.gen/my_rm/bd/bd/ipshared/0291/hdl/verilog/krnl_vadd_gmem1_m_axi.v:546]
INFO: [Synth 8-6157] synthesizing module 'krnl_vadd_gmem1_m_axi_reg_slice__parameterized0' [/home/ziyuanwang/hbm/Vitis_Accel_Examples/host_xrt/hbm_simple_xrt/_x_gem110min_32.hw.xilinx_u280_xdma_201920_3/link/vivado/vpl/prj/prj.gen/my_rm/bd/bd/ipshared/0291/hdl/verilog/krnl_vadd_gmem1_m_axi.v:318]
INFO: [Synth 8-6155] done synthesizing module 'krnl_vadd_gmem1_m_axi_reg_slice__parameterized0' (7#1) [/home/ziyuanwang/hbm/Vitis_Accel_Examples/host_xrt/hbm_simple_xrt/_x_gem110min_32.hw.xilinx_u280_xdma_201920_3/link/vivado/vpl/prj/prj.gen/my_rm/bd/bd/ipshared/0291/hdl/verilog/krnl_vadd_gmem1_m_axi.v:318]
WARNING: [Synth 8-6014] Unused sequential element sect_end_buf_reg was removed.  [/home/ziyuanwang/hbm/Vitis_Accel_Examples/host_xrt/hbm_simple_xrt/_x_gem110min_32.hw.xilinx_u280_xdma_201920_3/link/vivado/vpl/prj/prj.gen/my_rm/bd/bd/ipshared/0291/hdl/verilog/krnl_vadd_gmem1_m_axi.v:1237]
INFO: [Synth 8-6155] done synthesizing module 'krnl_vadd_gmem1_m_axi_read' (8#1) [/home/ziyuanwang/hbm/Vitis_Accel_Examples/host_xrt/hbm_simple_xrt/_x_gem110min_32.hw.xilinx_u280_xdma_201920_3/link/vivado/vpl/prj/prj.gen/my_rm/bd/bd/ipshared/0291/hdl/verilog/krnl_vadd_gmem1_m_axi.v:951]
INFO: [Synth 8-6157] synthesizing module 'krnl_vadd_gmem1_m_axi_throttle' [/home/ziyuanwang/hbm/Vitis_Accel_Examples/host_xrt/hbm_simple_xrt/_x_gem110min_32.hw.xilinx_u280_xdma_201920_3/link/vivado/vpl/prj/prj.gen/my_rm/bd/bd/ipshared/0291/hdl/verilog/krnl_vadd_gmem1_m_axi.v:728]
INFO: [Synth 8-6157] synthesizing module 'krnl_vadd_gmem1_m_axi_reg_slice__parameterized1' [/home/ziyuanwang/hbm/Vitis_Accel_Examples/host_xrt/hbm_simple_xrt/_x_gem110min_32.hw.xilinx_u280_xdma_201920_3/link/vivado/vpl/prj/prj.gen/my_rm/bd/bd/ipshared/0291/hdl/verilog/krnl_vadd_gmem1_m_axi.v:318]
INFO: [Synth 8-6155] done synthesizing module 'krnl_vadd_gmem1_m_axi_reg_slice__parameterized1' (8#1) [/home/ziyuanwang/hbm/Vitis_Accel_Examples/host_xrt/hbm_simple_xrt/_x_gem110min_32.hw.xilinx_u280_xdma_201920_3/link/vivado/vpl/prj/prj.gen/my_rm/bd/bd/ipshared/0291/hdl/verilog/krnl_vadd_gmem1_m_axi.v:318]
INFO: [Synth 8-6157] synthesizing module 'krnl_vadd_gmem1_m_axi_fifo__parameterized3' [/home/ziyuanwang/hbm/Vitis_Accel_Examples/host_xrt/hbm_simple_xrt/_x_gem110min_32.hw.xilinx_u280_xdma_201920_3/link/vivado/vpl/prj/prj.gen/my_rm/bd/bd/ipshared/0291/hdl/verilog/krnl_vadd_gmem1_m_axi.v:435]
INFO: [Synth 8-6155] done synthesizing module 'krnl_vadd_gmem1_m_axi_fifo__parameterized3' (8#1) [/home/ziyuanwang/hbm/Vitis_Accel_Examples/host_xrt/hbm_simple_xrt/_x_gem110min_32.hw.xilinx_u280_xdma_201920_3/link/vivado/vpl/prj/prj.gen/my_rm/bd/bd/ipshared/0291/hdl/verilog/krnl_vadd_gmem1_m_axi.v:435]
INFO: [Synth 8-6157] synthesizing module 'krnl_vadd_gmem1_m_axi_fifo__parameterized4' [/home/ziyuanwang/hbm/Vitis_Accel_Examples/host_xrt/hbm_simple_xrt/_x_gem110min_32.hw.xilinx_u280_xdma_201920_3/link/vivado/vpl/prj/prj.gen/my_rm/bd/bd/ipshared/0291/hdl/verilog/krnl_vadd_gmem1_m_axi.v:435]
INFO: [Synth 8-6155] done synthesizing module 'krnl_vadd_gmem1_m_axi_fifo__parameterized4' (8#1) [/home/ziyuanwang/hbm/Vitis_Accel_Examples/host_xrt/hbm_simple_xrt/_x_gem110min_32.hw.xilinx_u280_xdma_201920_3/link/vivado/vpl/prj/prj.gen/my_rm/bd/bd/ipshared/0291/hdl/verilog/krnl_vadd_gmem1_m_axi.v:435]
INFO: [Synth 8-6155] done synthesizing module 'krnl_vadd_gmem1_m_axi_throttle' (9#1) [/home/ziyuanwang/hbm/Vitis_Accel_Examples/host_xrt/hbm_simple_xrt/_x_gem110min_32.hw.xilinx_u280_xdma_201920_3/link/vivado/vpl/prj/prj.gen/my_rm/bd/bd/ipshared/0291/hdl/verilog/krnl_vadd_gmem1_m_axi.v:728]
INFO: [Synth 8-6155] done synthesizing module 'krnl_vadd_gmem1_m_axi' (10#1) [/home/ziyuanwang/hbm/Vitis_Accel_Examples/host_xrt/hbm_simple_xrt/_x_gem110min_32.hw.xilinx_u280_xdma_201920_3/link/vivado/vpl/prj/prj.gen/my_rm/bd/bd/ipshared/0291/hdl/verilog/krnl_vadd_gmem1_m_axi.v:8]
INFO: [Synth 8-6157] synthesizing module 'krnl_vadd_gmem0_m_axi' [/home/ziyuanwang/hbm/Vitis_Accel_Examples/host_xrt/hbm_simple_xrt/_x_gem110min_32.hw.xilinx_u280_xdma_201920_3/link/vivado/vpl/prj/prj.gen/my_rm/bd/bd/ipshared/0291/hdl/verilog/krnl_vadd_gmem0_m_axi.v:8]
INFO: [Synth 8-6157] synthesizing module 'krnl_vadd_gmem0_m_axi_write' [/home/ziyuanwang/hbm/Vitis_Accel_Examples/host_xrt/hbm_simple_xrt/_x_gem110min_32.hw.xilinx_u280_xdma_201920_3/link/vivado/vpl/prj/prj.gen/my_rm/bd/bd/ipshared/0291/hdl/verilog/krnl_vadd_gmem0_m_axi.v:1742]
INFO: [Synth 8-6157] synthesizing module 'krnl_vadd_gmem0_m_axi_fifo' [/home/ziyuanwang/hbm/Vitis_Accel_Examples/host_xrt/hbm_simple_xrt/_x_gem110min_32.hw.xilinx_u280_xdma_201920_3/link/vivado/vpl/prj/prj.gen/my_rm/bd/bd/ipshared/0291/hdl/verilog/krnl_vadd_gmem0_m_axi.v:435]
INFO: [Synth 8-6155] done synthesizing module 'krnl_vadd_gmem0_m_axi_fifo' (11#1) [/home/ziyuanwang/hbm/Vitis_Accel_Examples/host_xrt/hbm_simple_xrt/_x_gem110min_32.hw.xilinx_u280_xdma_201920_3/link/vivado/vpl/prj/prj.gen/my_rm/bd/bd/ipshared/0291/hdl/verilog/krnl_vadd_gmem0_m_axi.v:435]
INFO: [Synth 8-6157] synthesizing module 'krnl_vadd_gmem0_m_axi_reg_slice' [/home/ziyuanwang/hbm/Vitis_Accel_Examples/host_xrt/hbm_simple_xrt/_x_gem110min_32.hw.xilinx_u280_xdma_201920_3/link/vivado/vpl/prj/prj.gen/my_rm/bd/bd/ipshared/0291/hdl/verilog/krnl_vadd_gmem0_m_axi.v:318]
INFO: [Synth 8-6155] done synthesizing module 'krnl_vadd_gmem0_m_axi_reg_slice' (12#1) [/home/ziyuanwang/hbm/Vitis_Accel_Examples/host_xrt/hbm_simple_xrt/_x_gem110min_32.hw.xilinx_u280_xdma_201920_3/link/vivado/vpl/prj/prj.gen/my_rm/bd/bd/ipshared/0291/hdl/verilog/krnl_vadd_gmem0_m_axi.v:318]
INFO: [Synth 8-6157] synthesizing module 'krnl_vadd_gmem0_m_axi_fifo__parameterized0' [/home/ziyuanwang/hbm/Vitis_Accel_Examples/host_xrt/hbm_simple_xrt/_x_gem110min_32.hw.xilinx_u280_xdma_201920_3/link/vivado/vpl/prj/prj.gen/my_rm/bd/bd/ipshared/0291/hdl/verilog/krnl_vadd_gmem0_m_axi.v:435]
INFO: [Synth 8-6155] done synthesizing module 'krnl_vadd_gmem0_m_axi_fifo__parameterized0' (12#1) [/home/ziyuanwang/hbm/Vitis_Accel_Examples/host_xrt/hbm_simple_xrt/_x_gem110min_32.hw.xilinx_u280_xdma_201920_3/link/vivado/vpl/prj/prj.gen/my_rm/bd/bd/ipshared/0291/hdl/verilog/krnl_vadd_gmem0_m_axi.v:435]
INFO: [Synth 8-6157] synthesizing module 'krnl_vadd_gmem0_m_axi_buffer' [/home/ziyuanwang/hbm/Vitis_Accel_Examples/host_xrt/hbm_simple_xrt/_x_gem110min_32.hw.xilinx_u280_xdma_201920_3/link/vivado/vpl/prj/prj.gen/my_rm/bd/bd/ipshared/0291/hdl/verilog/krnl_vadd_gmem0_m_axi.v:546]
WARNING: [Synth 8-589] replacing case/wildcard equality operator === with logical equality operator == [/home/ziyuanwang/hbm/Vitis_Accel_Examples/host_xrt/hbm_simple_xrt/_x_gem110min_32.hw.xilinx_u280_xdma_201920_3/link/vivado/vpl/prj/prj.gen/my_rm/bd/bd/ipshared/0291/hdl/verilog/krnl_vadd_gmem0_m_axi.v:600]
INFO: [Synth 8-6155] done synthesizing module 'krnl_vadd_gmem0_m_axi_buffer' (13#1) [/home/ziyuanwang/hbm/Vitis_Accel_Examples/host_xrt/hbm_simple_xrt/_x_gem110min_32.hw.xilinx_u280_xdma_201920_3/link/vivado/vpl/prj/prj.gen/my_rm/bd/bd/ipshared/0291/hdl/verilog/krnl_vadd_gmem0_m_axi.v:546]
INFO: [Synth 8-6157] synthesizing module 'krnl_vadd_gmem0_m_axi_fifo__parameterized1' [/home/ziyuanwang/hbm/Vitis_Accel_Examples/host_xrt/hbm_simple_xrt/_x_gem110min_32.hw.xilinx_u280_xdma_201920_3/link/vivado/vpl/prj/prj.gen/my_rm/bd/bd/ipshared/0291/hdl/verilog/krnl_vadd_gmem0_m_axi.v:435]
INFO: [Synth 8-6155] done synthesizing module 'krnl_vadd_gmem0_m_axi_fifo__parameterized1' (13#1) [/home/ziyuanwang/hbm/Vitis_Accel_Examples/host_xrt/hbm_simple_xrt/_x_gem110min_32.hw.xilinx_u280_xdma_201920_3/link/vivado/vpl/prj/prj.gen/my_rm/bd/bd/ipshared/0291/hdl/verilog/krnl_vadd_gmem0_m_axi.v:435]
INFO: [Synth 8-6157] synthesizing module 'krnl_vadd_gmem0_m_axi_fifo__parameterized2' [/home/ziyuanwang/hbm/Vitis_Accel_Examples/host_xrt/hbm_simple_xrt/_x_gem110min_32.hw.xilinx_u280_xdma_201920_3/link/vivado/vpl/prj/prj.gen/my_rm/bd/bd/ipshared/0291/hdl/verilog/krnl_vadd_gmem0_m_axi.v:435]
INFO: [Synth 8-6155] done synthesizing module 'krnl_vadd_gmem0_m_axi_fifo__parameterized2' (13#1) [/home/ziyuanwang/hbm/Vitis_Accel_Examples/host_xrt/hbm_simple_xrt/_x_gem110min_32.hw.xilinx_u280_xdma_201920_3/link/vivado/vpl/prj/prj.gen/my_rm/bd/bd/ipshared/0291/hdl/verilog/krnl_vadd_gmem0_m_axi.v:435]
WARNING: [Synth 8-6014] Unused sequential element sect_end_buf_reg was removed.  [/home/ziyuanwang/hbm/Vitis_Accel_Examples/host_xrt/hbm_simple_xrt/_x_gem110min_32.hw.xilinx_u280_xdma_201920_3/link/vivado/vpl/prj/prj.gen/my_rm/bd/bd/ipshared/0291/hdl/verilog/krnl_vadd_gmem0_m_axi.v:2111]
INFO: [Synth 8-6155] done synthesizing module 'krnl_vadd_gmem0_m_axi_write' (14#1) [/home/ziyuanwang/hbm/Vitis_Accel_Examples/host_xrt/hbm_simple_xrt/_x_gem110min_32.hw.xilinx_u280_xdma_201920_3/link/vivado/vpl/prj/prj.gen/my_rm/bd/bd/ipshared/0291/hdl/verilog/krnl_vadd_gmem0_m_axi.v:1742]
INFO: [Synth 8-6157] synthesizing module 'krnl_vadd_gmem0_m_axi_read' [/home/ziyuanwang/hbm/Vitis_Accel_Examples/host_xrt/hbm_simple_xrt/_x_gem110min_32.hw.xilinx_u280_xdma_201920_3/link/vivado/vpl/prj/prj.gen/my_rm/bd/bd/ipshared/0291/hdl/verilog/krnl_vadd_gmem0_m_axi.v:951]
INFO: [Synth 8-6157] synthesizing module 'krnl_vadd_gmem0_m_axi_buffer__parameterized0' [/home/ziyuanwang/hbm/Vitis_Accel_Examples/host_xrt/hbm_simple_xrt/_x_gem110min_32.hw.xilinx_u280_xdma_201920_3/link/vivado/vpl/prj/prj.gen/my_rm/bd/bd/ipshared/0291/hdl/verilog/krnl_vadd_gmem0_m_axi.v:546]
WARNING: [Synth 8-589] replacing case/wildcard equality operator === with logical equality operator == [/home/ziyuanwang/hbm/Vitis_Accel_Examples/host_xrt/hbm_simple_xrt/_x_gem110min_32.hw.xilinx_u280_xdma_201920_3/link/vivado/vpl/prj/prj.gen/my_rm/bd/bd/ipshared/0291/hdl/verilog/krnl_vadd_gmem0_m_axi.v:600]
INFO: [Synth 8-6155] done synthesizing module 'krnl_vadd_gmem0_m_axi_buffer__parameterized0' (14#1) [/home/ziyuanwang/hbm/Vitis_Accel_Examples/host_xrt/hbm_simple_xrt/_x_gem110min_32.hw.xilinx_u280_xdma_201920_3/link/vivado/vpl/prj/prj.gen/my_rm/bd/bd/ipshared/0291/hdl/verilog/krnl_vadd_gmem0_m_axi.v:546]
INFO: [Synth 8-6157] synthesizing module 'krnl_vadd_gmem0_m_axi_reg_slice__parameterized0' [/home/ziyuanwang/hbm/Vitis_Accel_Examples/host_xrt/hbm_simple_xrt/_x_gem110min_32.hw.xilinx_u280_xdma_201920_3/link/vivado/vpl/prj/prj.gen/my_rm/bd/bd/ipshared/0291/hdl/verilog/krnl_vadd_gmem0_m_axi.v:318]
INFO: [Synth 8-6155] done synthesizing module 'krnl_vadd_gmem0_m_axi_reg_slice__parameterized0' (14#1) [/home/ziyuanwang/hbm/Vitis_Accel_Examples/host_xrt/hbm_simple_xrt/_x_gem110min_32.hw.xilinx_u280_xdma_201920_3/link/vivado/vpl/prj/prj.gen/my_rm/bd/bd/ipshared/0291/hdl/verilog/krnl_vadd_gmem0_m_axi.v:318]
WARNING: [Synth 8-6014] Unused sequential element sect_end_buf_reg was removed.  [/home/ziyuanwang/hbm/Vitis_Accel_Examples/host_xrt/hbm_simple_xrt/_x_gem110min_32.hw.xilinx_u280_xdma_201920_3/link/vivado/vpl/prj/prj.gen/my_rm/bd/bd/ipshared/0291/hdl/verilog/krnl_vadd_gmem0_m_axi.v:1237]
INFO: [Synth 8-6155] done synthesizing module 'krnl_vadd_gmem0_m_axi_read' (15#1) [/home/ziyuanwang/hbm/Vitis_Accel_Examples/host_xrt/hbm_simple_xrt/_x_gem110min_32.hw.xilinx_u280_xdma_201920_3/link/vivado/vpl/prj/prj.gen/my_rm/bd/bd/ipshared/0291/hdl/verilog/krnl_vadd_gmem0_m_axi.v:951]
INFO: [Synth 8-6157] synthesizing module 'krnl_vadd_gmem0_m_axi_throttle' [/home/ziyuanwang/hbm/Vitis_Accel_Examples/host_xrt/hbm_simple_xrt/_x_gem110min_32.hw.xilinx_u280_xdma_201920_3/link/vivado/vpl/prj/prj.gen/my_rm/bd/bd/ipshared/0291/hdl/verilog/krnl_vadd_gmem0_m_axi.v:728]
INFO: [Synth 8-6157] synthesizing module 'krnl_vadd_gmem0_m_axi_reg_slice__parameterized1' [/home/ziyuanwang/hbm/Vitis_Accel_Examples/host_xrt/hbm_simple_xrt/_x_gem110min_32.hw.xilinx_u280_xdma_201920_3/link/vivado/vpl/prj/prj.gen/my_rm/bd/bd/ipshared/0291/hdl/verilog/krnl_vadd_gmem0_m_axi.v:318]
INFO: [Synth 8-6155] done synthesizing module 'krnl_vadd_gmem0_m_axi_reg_slice__parameterized1' (15#1) [/home/ziyuanwang/hbm/Vitis_Accel_Examples/host_xrt/hbm_simple_xrt/_x_gem110min_32.hw.xilinx_u280_xdma_201920_3/link/vivado/vpl/prj/prj.gen/my_rm/bd/bd/ipshared/0291/hdl/verilog/krnl_vadd_gmem0_m_axi.v:318]
INFO: [Synth 8-6157] synthesizing module 'krnl_vadd_gmem0_m_axi_fifo__parameterized3' [/home/ziyuanwang/hbm/Vitis_Accel_Examples/host_xrt/hbm_simple_xrt/_x_gem110min_32.hw.xilinx_u280_xdma_201920_3/link/vivado/vpl/prj/prj.gen/my_rm/bd/bd/ipshared/0291/hdl/verilog/krnl_vadd_gmem0_m_axi.v:435]
INFO: [Synth 8-6155] done synthesizing module 'krnl_vadd_gmem0_m_axi_fifo__parameterized3' (15#1) [/home/ziyuanwang/hbm/Vitis_Accel_Examples/host_xrt/hbm_simple_xrt/_x_gem110min_32.hw.xilinx_u280_xdma_201920_3/link/vivado/vpl/prj/prj.gen/my_rm/bd/bd/ipshared/0291/hdl/verilog/krnl_vadd_gmem0_m_axi.v:435]
INFO: [Synth 8-6157] synthesizing module 'krnl_vadd_gmem0_m_axi_fifo__parameterized4' [/home/ziyuanwang/hbm/Vitis_Accel_Examples/host_xrt/hbm_simple_xrt/_x_gem110min_32.hw.xilinx_u280_xdma_201920_3/link/vivado/vpl/prj/prj.gen/my_rm/bd/bd/ipshared/0291/hdl/verilog/krnl_vadd_gmem0_m_axi.v:435]
INFO: [Synth 8-6155] done synthesizing module 'krnl_vadd_gmem0_m_axi_fifo__parameterized4' (15#1) [/home/ziyuanwang/hbm/Vitis_Accel_Examples/host_xrt/hbm_simple_xrt/_x_gem110min_32.hw.xilinx_u280_xdma_201920_3/link/vivado/vpl/prj/prj.gen/my_rm/bd/bd/ipshared/0291/hdl/verilog/krnl_vadd_gmem0_m_axi.v:435]
INFO: [Synth 8-6155] done synthesizing module 'krnl_vadd_gmem0_m_axi_throttle' (16#1) [/home/ziyuanwang/hbm/Vitis_Accel_Examples/host_xrt/hbm_simple_xrt/_x_gem110min_32.hw.xilinx_u280_xdma_201920_3/link/vivado/vpl/prj/prj.gen/my_rm/bd/bd/ipshared/0291/hdl/verilog/krnl_vadd_gmem0_m_axi.v:728]
INFO: [Synth 8-6155] done synthesizing module 'krnl_vadd_gmem0_m_axi' (17#1) [/home/ziyuanwang/hbm/Vitis_Accel_Examples/host_xrt/hbm_simple_xrt/_x_gem110min_32.hw.xilinx_u280_xdma_201920_3/link/vivado/vpl/prj/prj.gen/my_rm/bd/bd/ipshared/0291/hdl/verilog/krnl_vadd_gmem0_m_axi.v:8]
INFO: [Synth 8-6155] done synthesizing module 'krnl_vadd' (18#1) [/home/ziyuanwang/hbm/Vitis_Accel_Examples/host_xrt/hbm_simple_xrt/_x_gem110min_32.hw.xilinx_u280_xdma_201920_3/link/vivado/vpl/prj/prj.gen/my_rm/bd/bd/ipshared/0291/hdl/verilog/krnl_vadd.v:12]
INFO: [Synth 8-6155] done synthesizing module 'pfm_dynamic_krnl_vadd_1_0' (19#1) [/home/ziyuanwang/hbm/Vitis_Accel_Examples/host_xrt/hbm_simple_xrt/_x_gem110min_32.hw.xilinx_u280_xdma_201920_3/link/vivado/vpl/prj/prj.gen/my_rm/bd/bd/ip/pfm_dynamic_krnl_vadd_1_0/synth/pfm_dynamic_krnl_vadd_1_0.v:59]
WARNING: [Synth 8-7129] Port in_BUS_RID[0] in module krnl_vadd_gmem0_m_axi_read is either unconnected or has no load
WARNING: [Synth 8-7129] Port in_BUS_RUSER[0] in module krnl_vadd_gmem0_m_axi_read is either unconnected or has no load
WARNING: [Synth 8-7129] Port in_HLS_ARCACHE[3] in module krnl_vadd_gmem0_m_axi_read is either unconnected or has no load
WARNING: [Synth 8-7129] Port in_HLS_ARCACHE[2] in module krnl_vadd_gmem0_m_axi_read is either unconnected or has no load
WARNING: [Synth 8-7129] Port in_HLS_ARCACHE[1] in module krnl_vadd_gmem0_m_axi_read is either unconnected or has no load
WARNING: [Synth 8-7129] Port in_HLS_ARCACHE[0] in module krnl_vadd_gmem0_m_axi_read is either unconnected or has no load
WARNING: [Synth 8-7129] Port in_HLS_ARPROT[2] in module krnl_vadd_gmem0_m_axi_read is either unconnected or has no load
WARNING: [Synth 8-7129] Port in_HLS_ARPROT[1] in module krnl_vadd_gmem0_m_axi_read is either unconnected or has no load
WARNING: [Synth 8-7129] Port in_HLS_ARPROT[0] in module krnl_vadd_gmem0_m_axi_read is either unconnected or has no load
WARNING: [Synth 8-7129] Port in_HLS_ARUSER[0] in module krnl_vadd_gmem0_m_axi_read is either unconnected or has no load
WARNING: [Synth 8-7129] Port in_BUS_BID[0] in module krnl_vadd_gmem0_m_axi_write is either unconnected or has no load
WARNING: [Synth 8-7129] Port in_BUS_BUSER[0] in module krnl_vadd_gmem0_m_axi_write is either unconnected or has no load
WARNING: [Synth 8-7129] Port in_HLS_AWCACHE[3] in module krnl_vadd_gmem0_m_axi_write is either unconnected or has no load
WARNING: [Synth 8-7129] Port in_HLS_AWCACHE[2] in module krnl_vadd_gmem0_m_axi_write is either unconnected or has no load
WARNING: [Synth 8-7129] Port in_HLS_AWCACHE[1] in module krnl_vadd_gmem0_m_axi_write is either unconnected or has no load
WARNING: [Synth 8-7129] Port in_HLS_AWCACHE[0] in module krnl_vadd_gmem0_m_axi_write is either unconnected or has no load
WARNING: [Synth 8-7129] Port in_HLS_AWPROT[2] in module krnl_vadd_gmem0_m_axi_write is either unconnected or has no load
WARNING: [Synth 8-7129] Port in_HLS_AWPROT[1] in module krnl_vadd_gmem0_m_axi_write is either unconnected or has no load
WARNING: [Synth 8-7129] Port in_HLS_AWPROT[0] in module krnl_vadd_gmem0_m_axi_write is either unconnected or has no load
WARNING: [Synth 8-7129] Port in_HLS_AWUSER[0] in module krnl_vadd_gmem0_m_axi_write is either unconnected or has no load
WARNING: [Synth 8-7129] Port in_HLS_WUSER[0] in module krnl_vadd_gmem0_m_axi_write is either unconnected or has no load
WARNING: [Synth 8-7129] Port I_AWID[0] in module krnl_vadd_gmem0_m_axi is either unconnected or has no load
WARNING: [Synth 8-7129] Port I_AWSIZE[2] in module krnl_vadd_gmem0_m_axi is either unconnected or has no load
WARNING: [Synth 8-7129] Port I_AWSIZE[1] in module krnl_vadd_gmem0_m_axi is either unconnected or has no load
WARNING: [Synth 8-7129] Port I_AWSIZE[0] in module krnl_vadd_gmem0_m_axi is either unconnected or has no load
WARNING: [Synth 8-7129] Port I_AWBURST[1] in module krnl_vadd_gmem0_m_axi is either unconnected or has no load
WARNING: [Synth 8-7129] Port I_AWBURST[0] in module krnl_vadd_gmem0_m_axi is either unconnected or has no load
WARNING: [Synth 8-7129] Port I_AWLOCK[1] in module krnl_vadd_gmem0_m_axi is either unconnected or has no load
WARNING: [Synth 8-7129] Port I_AWLOCK[0] in module krnl_vadd_gmem0_m_axi is either unconnected or has no load
WARNING: [Synth 8-7129] Port I_WID[0] in module krnl_vadd_gmem0_m_axi is either unconnected or has no load
WARNING: [Synth 8-7129] Port I_WLAST in module krnl_vadd_gmem0_m_axi is either unconnected or has no load
WARNING: [Synth 8-7129] Port I_ARID[0] in module krnl_vadd_gmem0_m_axi is either unconnected or has no load
WARNING: [Synth 8-7129] Port I_ARSIZE[2] in module krnl_vadd_gmem0_m_axi is either unconnected or has no load
WARNING: [Synth 8-7129] Port I_ARSIZE[1] in module krnl_vadd_gmem0_m_axi is either unconnected or has no load
WARNING: [Synth 8-7129] Port I_ARSIZE[0] in module krnl_vadd_gmem0_m_axi is either unconnected or has no load
WARNING: [Synth 8-7129] Port I_ARBURST[1] in module krnl_vadd_gmem0_m_axi is either unconnected or has no load
WARNING: [Synth 8-7129] Port I_ARBURST[0] in module krnl_vadd_gmem0_m_axi is either unconnected or has no load
WARNING: [Synth 8-7129] Port I_ARLOCK[1] in module krnl_vadd_gmem0_m_axi is either unconnected or has no load
WARNING: [Synth 8-7129] Port I_ARLOCK[0] in module krnl_vadd_gmem0_m_axi is either unconnected or has no load
WARNING: [Synth 8-7129] Port in_BUS_RID[0] in module krnl_vadd_gmem1_m_axi_read is either unconnected or has no load
WARNING: [Synth 8-7129] Port in_BUS_RUSER[0] in module krnl_vadd_gmem1_m_axi_read is either unconnected or has no load
WARNING: [Synth 8-7129] Port in_HLS_ARCACHE[3] in module krnl_vadd_gmem1_m_axi_read is either unconnected or has no load
WARNING: [Synth 8-7129] Port in_HLS_ARCACHE[2] in module krnl_vadd_gmem1_m_axi_read is either unconnected or has no load
WARNING: [Synth 8-7129] Port in_HLS_ARCACHE[1] in module krnl_vadd_gmem1_m_axi_read is either unconnected or has no load
WARNING: [Synth 8-7129] Port in_HLS_ARCACHE[0] in module krnl_vadd_gmem1_m_axi_read is either unconnected or has no load
WARNING: [Synth 8-7129] Port in_HLS_ARPROT[2] in module krnl_vadd_gmem1_m_axi_read is either unconnected or has no load
WARNING: [Synth 8-7129] Port in_HLS_ARPROT[1] in module krnl_vadd_gmem1_m_axi_read is either unconnected or has no load
WARNING: [Synth 8-7129] Port in_HLS_ARPROT[0] in module krnl_vadd_gmem1_m_axi_read is either unconnected or has no load
WARNING: [Synth 8-7129] Port in_HLS_ARUSER[0] in module krnl_vadd_gmem1_m_axi_read is either unconnected or has no load
WARNING: [Synth 8-7129] Port in_BUS_BID[0] in module krnl_vadd_gmem1_m_axi_write is either unconnected or has no load
WARNING: [Synth 8-7129] Port in_BUS_BUSER[0] in module krnl_vadd_gmem1_m_axi_write is either unconnected or has no load
WARNING: [Synth 8-7129] Port in_HLS_AWCACHE[3] in module krnl_vadd_gmem1_m_axi_write is either unconnected or has no load
WARNING: [Synth 8-7129] Port in_HLS_AWCACHE[2] in module krnl_vadd_gmem1_m_axi_write is either unconnected or has no load
WARNING: [Synth 8-7129] Port in_HLS_AWCACHE[1] in module krnl_vadd_gmem1_m_axi_write is either unconnected or has no load
WARNING: [Synth 8-7129] Port in_HLS_AWCACHE[0] in module krnl_vadd_gmem1_m_axi_write is either unconnected or has no load
WARNING: [Synth 8-7129] Port in_HLS_AWPROT[2] in module krnl_vadd_gmem1_m_axi_write is either unconnected or has no load
WARNING: [Synth 8-7129] Port in_HLS_AWPROT[1] in module krnl_vadd_gmem1_m_axi_write is either unconnected or has no load
WARNING: [Synth 8-7129] Port in_HLS_AWPROT[0] in module krnl_vadd_gmem1_m_axi_write is either unconnected or has no load
WARNING: [Synth 8-7129] Port in_HLS_AWUSER[0] in module krnl_vadd_gmem1_m_axi_write is either unconnected or has no load
WARNING: [Synth 8-7129] Port in_HLS_WUSER[0] in module krnl_vadd_gmem1_m_axi_write is either unconnected or has no load
WARNING: [Synth 8-7129] Port I_AWID[0] in module krnl_vadd_gmem1_m_axi is either unconnected or has no load
WARNING: [Synth 8-7129] Port I_AWSIZE[2] in module krnl_vadd_gmem1_m_axi is either unconnected or has no load
WARNING: [Synth 8-7129] Port I_AWSIZE[1] in module krnl_vadd_gmem1_m_axi is either unconnected or has no load
WARNING: [Synth 8-7129] Port I_AWSIZE[0] in module krnl_vadd_gmem1_m_axi is either unconnected or has no load
WARNING: [Synth 8-7129] Port I_AWBURST[1] in module krnl_vadd_gmem1_m_axi is either unconnected or has no load
WARNING: [Synth 8-7129] Port I_AWBURST[0] in module krnl_vadd_gmem1_m_axi is either unconnected or has no load
WARNING: [Synth 8-7129] Port I_AWLOCK[1] in module krnl_vadd_gmem1_m_axi is either unconnected or has no load
WARNING: [Synth 8-7129] Port I_AWLOCK[0] in module krnl_vadd_gmem1_m_axi is either unconnected or has no load
WARNING: [Synth 8-7129] Port I_WID[0] in module krnl_vadd_gmem1_m_axi is either unconnected or has no load
WARNING: [Synth 8-7129] Port I_WLAST in module krnl_vadd_gmem1_m_axi is either unconnected or has no load
WARNING: [Synth 8-7129] Port I_ARID[0] in module krnl_vadd_gmem1_m_axi is either unconnected or has no load
WARNING: [Synth 8-7129] Port I_ARSIZE[2] in module krnl_vadd_gmem1_m_axi is either unconnected or has no load
WARNING: [Synth 8-7129] Port I_ARSIZE[1] in module krnl_vadd_gmem1_m_axi is either unconnected or has no load
WARNING: [Synth 8-7129] Port I_ARSIZE[0] in module krnl_vadd_gmem1_m_axi is either unconnected or has no load
WARNING: [Synth 8-7129] Port I_ARBURST[1] in module krnl_vadd_gmem1_m_axi is either unconnected or has no load
WARNING: [Synth 8-7129] Port I_ARBURST[0] in module krnl_vadd_gmem1_m_axi is either unconnected or has no load
WARNING: [Synth 8-7129] Port I_ARLOCK[1] in module krnl_vadd_gmem1_m_axi is either unconnected or has no load
WARNING: [Synth 8-7129] Port I_ARLOCK[0] in module krnl_vadd_gmem1_m_axi is either unconnected or has no load
WARNING: [Synth 8-7129] Port m_axi_gmem1_AWREADY in module krnl_vadd_krnl_vadd_Pipeline_vadd1_vadd2 is either unconnected or has no load
WARNING: [Synth 8-7129] Port m_axi_gmem1_WREADY in module krnl_vadd_krnl_vadd_Pipeline_vadd1_vadd2 is either unconnected or has no load
WARNING: [Synth 8-7129] Port m_axi_gmem1_RLAST in module krnl_vadd_krnl_vadd_Pipeline_vadd1_vadd2 is either unconnected or has no load
WARNING: [Synth 8-7129] Port m_axi_gmem1_RID[0] in module krnl_vadd_krnl_vadd_Pipeline_vadd1_vadd2 is either unconnected or has no load
WARNING: [Synth 8-7129] Port m_axi_gmem1_RFIFONUM[8] in module krnl_vadd_krnl_vadd_Pipeline_vadd1_vadd2 is either unconnected or has no load
WARNING: [Synth 8-7129] Port m_axi_gmem1_RFIFONUM[7] in module krnl_vadd_krnl_vadd_Pipeline_vadd1_vadd2 is either unconnected or has no load
WARNING: [Synth 8-7129] Port m_axi_gmem1_RFIFONUM[6] in module krnl_vadd_krnl_vadd_Pipeline_vadd1_vadd2 is either unconnected or has no load
WARNING: [Synth 8-7129] Port m_axi_gmem1_RFIFONUM[5] in module krnl_vadd_krnl_vadd_Pipeline_vadd1_vadd2 is either unconnected or has no load
WARNING: [Synth 8-7129] Port m_axi_gmem1_RFIFONUM[4] in module krnl_vadd_krnl_vadd_Pipeline_vadd1_vadd2 is either unconnected or has no load
WARNING: [Synth 8-7129] Port m_axi_gmem1_RFIFONUM[3] in module krnl_vadd_krnl_vadd_Pipeline_vadd1_vadd2 is either unconnected or has no load
WARNING: [Synth 8-7129] Port m_axi_gmem1_RFIFONUM[2] in module krnl_vadd_krnl_vadd_Pipeline_vadd1_vadd2 is either unconnected or has no load
WARNING: [Synth 8-7129] Port m_axi_gmem1_RFIFONUM[1] in module krnl_vadd_krnl_vadd_Pipeline_vadd1_vadd2 is either unconnected or has no load
WARNING: [Synth 8-7129] Port m_axi_gmem1_RFIFONUM[0] in module krnl_vadd_krnl_vadd_Pipeline_vadd1_vadd2 is either unconnected or has no load
WARNING: [Synth 8-7129] Port m_axi_gmem1_RUSER[0] in module krnl_vadd_krnl_vadd_Pipeline_vadd1_vadd2 is either unconnected or has no load
WARNING: [Synth 8-7129] Port m_axi_gmem1_RRESP[1] in module krnl_vadd_krnl_vadd_Pipeline_vadd1_vadd2 is either unconnected or has no load
WARNING: [Synth 8-7129] Port m_axi_gmem1_RRESP[0] in module krnl_vadd_krnl_vadd_Pipeline_vadd1_vadd2 is either unconnected or has no load
WARNING: [Synth 8-7129] Port m_axi_gmem1_BVALID in module krnl_vadd_krnl_vadd_Pipeline_vadd1_vadd2 is either unconnected or has no load
WARNING: [Synth 8-7129] Port m_axi_gmem1_BRESP[1] in module krnl_vadd_krnl_vadd_Pipeline_vadd1_vadd2 is either unconnected or has no load
WARNING: [Synth 8-7129] Port m_axi_gmem1_BRESP[0] in module krnl_vadd_krnl_vadd_Pipeline_vadd1_vadd2 is either unconnected or has no load
WARNING: [Synth 8-7129] Port m_axi_gmem1_BID[0] in module krnl_vadd_krnl_vadd_Pipeline_vadd1_vadd2 is either unconnected or has no load
WARNING: [Synth 8-7129] Port m_axi_gmem1_BUSER[0] in module krnl_vadd_krnl_vadd_Pipeline_vadd1_vadd2 is either unconnected or has no load
WARNING: [Synth 8-7129] Port m_axi_gmem0_AWREADY in module krnl_vadd_krnl_vadd_Pipeline_vadd1_vadd2 is either unconnected or has no load
INFO: [Common 17-14] Message 'Synth 8-7129' appears 100 times and further instances of the messages will be disabled. Use the Tcl command set_msg_config to change the current settings.
---------------------------------------------------------------------------------
Finished RTL Elaboration : Time (s): cpu = 00:00:07 ; elapsed = 00:00:09 . Memory (MB): peak = 3657.848 ; gain = 426.543 ; free physical = 52263 ; free virtual = 479693
---------------------------------------------------------------------------------
---------------------------------------------------------------------------------
Start Handling Custom Attributes
---------------------------------------------------------------------------------
---------------------------------------------------------------------------------
Finished Handling Custom Attributes : Time (s): cpu = 00:00:09 ; elapsed = 00:00:12 . Memory (MB): peak = 3675.660 ; gain = 444.355 ; free physical = 52260 ; free virtual = 479689
---------------------------------------------------------------------------------
---------------------------------------------------------------------------------
Finished RTL Optimization Phase 1 : Time (s): cpu = 00:00:09 ; elapsed = 00:00:12 . Memory (MB): peak = 3675.660 ; gain = 444.355 ; free physical = 52260 ; free virtual = 479689
---------------------------------------------------------------------------------
Netlist sorting complete. Time (s): cpu = 00:00:00.69 ; elapsed = 00:00:00.69 . Memory (MB): peak = 3675.660 ; gain = 0.000 ; free physical = 52139 ; free virtual = 479568
INFO: [Project 1-570] Preparing netlist for logic optimization

Processing XDC Constraints
Initializing timing engine
Parsing XDC File [/home/ziyuanwang/hbm/Vitis_Accel_Examples/host_xrt/hbm_simple_xrt/_x_gem110min_32.hw.xilinx_u280_xdma_201920_3/link/vivado/vpl/prj/prj.gen/my_rm/bd/bd/ip/pfm_dynamic_krnl_vadd_1_0/constraints/krnl_vadd_ooc.xdc] for cell 'inst'
Finished Parsing XDC File [/home/ziyuanwang/hbm/Vitis_Accel_Examples/host_xrt/hbm_simple_xrt/_x_gem110min_32.hw.xilinx_u280_xdma_201920_3/link/vivado/vpl/prj/prj.gen/my_rm/bd/bd/ip/pfm_dynamic_krnl_vadd_1_0/constraints/krnl_vadd_ooc.xdc] for cell 'inst'
Parsing XDC File [/home/ziyuanwang/hbm/Vitis_Accel_Examples/host_xrt/hbm_simple_xrt/_x_gem110min_32.hw.xilinx_u280_xdma_201920_3/link/vivado/vpl/prj/prj.runs/pfm_dynamic_krnl_vadd_1_0_synth_1/dont_touch.xdc]
Finished Parsing XDC File [/home/ziyuanwang/hbm/Vitis_Accel_Examples/host_xrt/hbm_simple_xrt/_x_gem110min_32.hw.xilinx_u280_xdma_201920_3/link/vivado/vpl/prj/prj.runs/pfm_dynamic_krnl_vadd_1_0_synth_1/dont_touch.xdc]
Completed Processing XDC Constraints

Netlist sorting complete. Time (s): cpu = 00:00:00.01 ; elapsed = 00:00:00.01 . Memory (MB): peak = 3970.566 ; gain = 0.000 ; free physical = 51888 ; free virtual = 479317
INFO: [Project 1-111] Unisim Transformation Summary:
No Unisim elements were transformed.

Constraint Validation Runtime : Time (s): cpu = 00:00:02 ; elapsed = 00:00:02 . Memory (MB): peak = 4004.410 ; gain = 33.844 ; free physical = 51875 ; free virtual = 479305
---------------------------------------------------------------------------------
Finished Constraint Validation : Time (s): cpu = 00:00:29 ; elapsed = 00:00:35 . Memory (MB): peak = 4004.410 ; gain = 773.105 ; free physical = 52309 ; free virtual = 479739
---------------------------------------------------------------------------------
INFO: [Synth 8-4490] FSM extraction disabled for register 'ap_CS_fsm_reg' through user attribute
INFO: [Synth 8-802] inferred FSM for state register 'wstate_reg' in module 'krnl_vadd_control_s_axi'
INFO: [Synth 8-802] inferred FSM for state register 'rstate_reg' in module 'krnl_vadd_control_s_axi'
INFO: [Synth 8-802] inferred FSM for state register 'state_reg' in module 'krnl_vadd_gmem1_m_axi_reg_slice'
INFO: [Synth 8-802] inferred FSM for state register 'state_reg' in module 'krnl_vadd_gmem1_m_axi_reg_slice__parameterized0'
INFO: [Synth 8-802] inferred FSM for state register 'state_reg' in module 'krnl_vadd_gmem1_m_axi_reg_slice__parameterized1'
INFO: [Synth 8-802] inferred FSM for state register 'state_reg' in module 'krnl_vadd_gmem0_m_axi_reg_slice'
INFO: [Synth 8-802] inferred FSM for state register 'state_reg' in module 'krnl_vadd_gmem0_m_axi_reg_slice__parameterized0'
INFO: [Synth 8-802] inferred FSM for state register 'state_reg' in module 'krnl_vadd_gmem0_m_axi_reg_slice__parameterized1'
INFO: [Synth 8-4490] FSM extraction disabled for register 'ap_CS_fsm_reg' through user attribute
---------------------------------------------------------------------------------------------------
                   State |                     New Encoding |                Previous Encoding 
---------------------------------------------------------------------------------------------------
                  iSTATE |                             0001 |                               11
*
                  WRIDLE |                             0010 |                               00
                  WRDATA |                             0100 |                               01
                  WRRESP |                             1000 |                               10
---------------------------------------------------------------------------------------------------
INFO: [Synth 8-3354] encoded FSM with state register 'wstate_reg' using encoding 'one-hot' in module 'krnl_vadd_control_s_axi'
---------------------------------------------------------------------------------------------------
                   State |                     New Encoding |                Previous Encoding 
---------------------------------------------------------------------------------------------------
                  iSTATE |                              001 |                               10
*
                  RDIDLE |                              010 |                               00
                  RDDATA |                              100 |                               01
---------------------------------------------------------------------------------------------------
INFO: [Synth 8-3354] encoded FSM with state register 'rstate_reg' using encoding 'one-hot' in module 'krnl_vadd_control_s_axi'
---------------------------------------------------------------------------------------------------
                   State |                     New Encoding |                Previous Encoding 
---------------------------------------------------------------------------------------------------
                    ZERO |                               00 |                               10
                     ONE |                               10 |                               11
                     TWO |                               01 |                               01
---------------------------------------------------------------------------------------------------
INFO: [Synth 8-3354] encoded FSM with state register 'state_reg' using encoding 'sequential' in module 'krnl_vadd_gmem1_m_axi_reg_slice'
---------------------------------------------------------------------------------------------------
                   State |                     New Encoding |                Previous Encoding 
---------------------------------------------------------------------------------------------------
                    ZERO |                               00 |                               10
                     ONE |                               10 |                               11
                     TWO |                               01 |                               01
---------------------------------------------------------------------------------------------------
INFO: [Synth 8-3354] encoded FSM with state register 'state_reg' using encoding 'sequential' in module 'krnl_vadd_gmem1_m_axi_reg_slice__parameterized0'
---------------------------------------------------------------------------------------------------
                   State |                     New Encoding |                Previous Encoding 
---------------------------------------------------------------------------------------------------
                    ZERO |                               00 |                               10
                     ONE |                               10 |                               11
                     TWO |                               01 |                               01
---------------------------------------------------------------------------------------------------
INFO: [Synth 8-3354] encoded FSM with state register 'state_reg' using encoding 'sequential' in module 'krnl_vadd_gmem1_m_axi_reg_slice__parameterized1'
---------------------------------------------------------------------------------------------------
                   State |                     New Encoding |                Previous Encoding 
---------------------------------------------------------------------------------------------------
                    ZERO |                               00 |                               10
                     ONE |                               10 |                               11
                     TWO |                               01 |                               01
---------------------------------------------------------------------------------------------------
INFO: [Synth 8-3354] encoded FSM with state register 'state_reg' using encoding 'sequential' in module 'krnl_vadd_gmem0_m_axi_reg_slice'
---------------------------------------------------------------------------------------------------
                   State |                     New Encoding |                Previous Encoding 
---------------------------------------------------------------------------------------------------
                    ZERO |                               00 |                               10
                     ONE |                               10 |                               11
                     TWO |                               01 |                               01
---------------------------------------------------------------------------------------------------
INFO: [Synth 8-3354] encoded FSM with state register 'state_reg' using encoding 'sequential' in module 'krnl_vadd_gmem0_m_axi_reg_slice__parameterized0'
---------------------------------------------------------------------------------------------------
                   State |                     New Encoding |                Previous Encoding 
---------------------------------------------------------------------------------------------------
                    ZERO |                               00 |                               10
                     ONE |                               10 |                               11
                     TWO |                               01 |                               01
---------------------------------------------------------------------------------------------------
INFO: [Synth 8-3354] encoded FSM with state register 'state_reg' using encoding 'sequential' in module 'krnl_vadd_gmem0_m_axi_reg_slice__parameterized1'
---------------------------------------------------------------------------------
Finished RTL Optimization Phase 2 : Time (s): cpu = 00:00:32 ; elapsed = 00:00:40 . Memory (MB): peak = 4016.332 ; gain = 785.027 ; free physical = 52243 ; free virtual = 479676
---------------------------------------------------------------------------------
---------------------------------------------------------------------------------
Start RTL Component Statistics 
---------------------------------------------------------------------------------
Detailed RTL Component Info : 
+---Adders : 
	   2 Input   64 Bit       Adders := 8     
	   2 Input   59 Bit       Adders := 2     
	   2 Input   52 Bit       Adders := 4     
	   2 Input   33 Bit       Adders := 1     
	   2 Input   32 Bit       Adders := 6     
	   3 Input   32 Bit       Adders := 1     
	   2 Input   28 Bit       Adders := 2     
	   2 Input   12 Bit       Adders := 4     
	   2 Input    9 Bit       Adders := 12    
	   3 Input    9 Bit       Adders := 2     
	   2 Input    8 Bit       Adders := 10    
	   2 Input    7 Bit       Adders := 8     
	   2 Input    6 Bit       Adders := 1     
	   2 Input    5 Bit       Adders := 2     
	   2 Input    4 Bit       Adders := 8     
	   2 Input    2 Bit       Adders := 4     
+---XORs : 
	   2 Input      1 Bit         XORs := 3     
+---Registers : 
	              577 Bit    Registers := 2     
	              576 Bit    Registers := 6     
	              515 Bit    Registers := 6     
	              514 Bit    Registers := 4     
	              512 Bit    Registers := 45    
	              480 Bit    Registers := 3     
	               96 Bit    Registers := 12    
	               73 Bit    Registers := 1     
	               72 Bit    Registers := 6     
	               64 Bit    Registers := 22    
	               59 Bit    Registers := 4     
	               58 Bit    Registers := 3     
	               52 Bit    Registers := 4     
	               32 Bit    Registers := 12    
	               29 Bit    Registers := 1     
	               28 Bit    Registers := 2     
	               27 Bit    Registers := 1     
	                9 Bit    Registers := 4     
	                8 Bit    Registers := 12    
	                7 Bit    Registers := 8     
	                6 Bit    Registers := 11    
	                5 Bit    Registers := 3     
	                4 Bit    Registers := 8     
	                2 Bit    Registers := 33    
	                1 Bit    Registers := 358   
+---RAMs : 
	             144K Bit	(256 X 576 bit)          RAMs := 2     
	             128K Bit	(256 X 515 bit)          RAMs := 2     
+---Muxes : 
	   2 Input  576 Bit        Muxes := 2     
	   2 Input  515 Bit        Muxes := 2     
	   2 Input  514 Bit        Muxes := 2     
	   2 Input  512 Bit        Muxes := 4     
	   2 Input   96 Bit        Muxes := 4     
	   2 Input   73 Bit        Muxes := 1     
	  74 Input   73 Bit        Muxes := 1     
	   2 Input   72 Bit        Muxes := 2     
	   2 Input   64 Bit        Muxes := 18    
	   2 Input   52 Bit        Muxes := 4     
	   2 Input   32 Bit        Muxes := 1     
	   4 Input   12 Bit        Muxes := 4     
	   2 Input    9 Bit        Muxes := 10    
	   2 Input    8 Bit        Muxes := 20    
	   4 Input    8 Bit        Muxes := 4     
	   2 Input    6 Bit        Muxes := 17    
	   2 Input    5 Bit        Muxes := 2     
	   2 Input    4 Bit        Muxes := 9     
	   4 Input    4 Bit        Muxes := 1     
	   3 Input    3 Bit        Muxes := 1     
	   2 Input    3 Bit        Muxes := 4     
	   2 Input    2 Bit        Muxes := 136   
	   3 Input    2 Bit        Muxes := 56    
	   4 Input    2 Bit        Muxes := 11    
	   5 Input    2 Bit        Muxes := 2     
	   2 Input    1 Bit        Muxes := 149   
---------------------------------------------------------------------------------
Finished RTL Component Statistics 
---------------------------------------------------------------------------------
---------------------------------------------------------------------------------
Start Part Resource Summary
---------------------------------------------------------------------------------
Part Resources:
DSPs: 9024 (col length:94)
BRAMs: 4032 (col length: RAMB18 288 RAMB36 144)
---------------------------------------------------------------------------------
Finished Part Resource Summary
---------------------------------------------------------------------------------
---------------------------------------------------------------------------------
Start Cross Boundary and Area Optimization
---------------------------------------------------------------------------------
WARNING: [Synth 8-7080] Parallel synthesis criteria is not met
WARNING: [Synth 8-7257] Removed RAM (buff_wdata/mem_reg) due to inactive write enable.
WARNING: [Synth 8-6014] Unused sequential element buff_wdata/mem_reg was removed. 
WARNING: [Synth 8-3332] Sequential element (rs_rreq/FSM_sequential_state_reg[1]) is unused and will be removed from module krnl_vadd_gmem0_m_axi_read.
WARNING: [Synth 8-3332] Sequential element (rs_rreq/FSM_sequential_state_reg[0]) is unused and will be removed from module krnl_vadd_gmem0_m_axi_read.
WARNING: [Synth 8-3332] Sequential element (rs_wreq/FSM_sequential_state_reg[1]) is unused and will be removed from module krnl_vadd_gmem1_m_axi_write.
WARNING: [Synth 8-3332] Sequential element (rs_wreq/FSM_sequential_state_reg[0]) is unused and will be removed from module krnl_vadd_gmem1_m_axi_write.
WARNING: [Synth 8-3332] Sequential element (rs_req/FSM_sequential_state_reg[1]) is unused and will be removed from module krnl_vadd_gmem1_m_axi_throttle.
WARNING: [Synth 8-3332] Sequential element (rs_req/FSM_sequential_state_reg[0]) is unused and will be removed from module krnl_vadd_gmem1_m_axi_throttle.
---------------------------------------------------------------------------------
Finished Cross Boundary and Area Optimization : Time (s): cpu = 00:01:19 ; elapsed = 00:01:58 . Memory (MB): peak = 4020.418 ; gain = 789.113 ; free physical = 50175 ; free virtual = 477631
---------------------------------------------------------------------------------
---------------------------------------------------------------------------------
Start ROM, RAM, DSP, Shift Register and Retiming Reporting
---------------------------------------------------------------------------------

Block RAM: Preliminary Mapping Report (see note below)
+---------------------------------+--------------------+------------------------+---+---+------------------------+---+---+------------------+--------+--------+-----------------+
|Module Name                      | RTL Object         | PORT A (Depth x Width) | W | R | PORT B (Depth x Width) | W | R | Ports driving FF | RAMB18 | RAMB36 | Cascade Heights | 
+---------------------------------+--------------------+------------------------+---+---+------------------------+---+---+------------------+--------+--------+-----------------+
|inst/i_0/gmem0_m_axi_U/bus_write | buff_wdata/mem_reg | 256 x 576(READ_FIRST)  | W |   | 256 x 576(WRITE_FIRST) |   | R | Port A and B     | 0      | 8      |                 | 
|inst/i_0/gmem1_m_axi_U/bus_read  | buff_rdata/mem_reg | 256 x 515(READ_FIRST)  | W |   | 256 x 515(WRITE_FIRST) |   | R | Port A and B     | 1      | 7      |                 | 
+---------------------------------+--------------------+------------------------+---+---+------------------------+---+---+------------------+--------+--------+-----------------+

Note: The table above is a preliminary report that shows the Block RAMs at the current stage of the synthesis flow. Some Block RAMs may be reimplemented as non Block RAM primitives later in the synthesis flow. Multiple instantiated Block RAMs are reported only once. 
---------------------------------------------------------------------------------
Finished ROM, RAM, DSP, Shift Register and Retiming Reporting
---------------------------------------------------------------------------------
---------------------------------------------------------------------------------
Start Applying XDC Timing Constraints
---------------------------------------------------------------------------------
---------------------------------------------------------------------------------
Finished Applying XDC Timing Constraints : Time (s): cpu = 00:01:28 ; elapsed = 00:02:09 . Memory (MB): peak = 4090.262 ; gain = 858.957 ; free physical = 49169 ; free virtual = 476626
---------------------------------------------------------------------------------
---------------------------------------------------------------------------------
Start Timing Optimization
---------------------------------------------------------------------------------
WARNING: [Synth 8-6779] Delay data for wire-load model not found, using default value
WARNING: [Synth 8-6779] Delay data for wire-load model not found, using default value
WARNING: [Synth 8-6779] Delay data for wire-load model not found, using default value
WARNING: [Synth 8-6779] Delay data for wire-load model not found, using default value
WARNING: [Synth 8-6779] Delay data for wire-load model not found, using default value
WARNING: [Synth 8-6779] Delay data for wire-load model not found, using default value
---------------------------------------------------------------------------------
Finished Timing Optimization : Time (s): cpu = 00:01:42 ; elapsed = 00:02:23 . Memory (MB): peak = 4260.395 ; gain = 1029.090 ; free physical = 48780 ; free virtual = 476237
---------------------------------------------------------------------------------
---------------------------------------------------------------------------------
Start ROM, RAM, DSP, Shift Register and Retiming Reporting
---------------------------------------------------------------------------------

Block RAM: Final Mapping Report
+---------------------------------+--------------------+------------------------+---+---+------------------------+---+---+------------------+--------+--------+-----------------+
|Module Name                      | RTL Object         | PORT A (Depth x Width) | W | R | PORT B (Depth x Width) | W | R | Ports driving FF | RAMB18 | RAMB36 | Cascade Heights | 
+---------------------------------+--------------------+------------------------+---+---+------------------------+---+---+------------------+--------+--------+-----------------+
|inst/i_0/gmem0_m_axi_U/bus_write | buff_wdata/mem_reg | 256 x 576(READ_FIRST)  | W |   | 256 x 576(WRITE_FIRST) |   | R | Port A and B     | 0      | 8      |                 | 
|inst/i_0/gmem1_m_axi_U/bus_read  | buff_rdata/mem_reg | 256 x 515(READ_FIRST)  | W |   | 256 x 515(WRITE_FIRST) |   | R | Port A and B     | 1      | 7      |                 | 
+---------------------------------+--------------------+------------------------+---+---+------------------------+---+---+------------------+--------+--------+-----------------+

---------------------------------------------------------------------------------
Finished ROM, RAM, DSP, Shift Register and Retiming Reporting
---------------------------------------------------------------------------------
---------------------------------------------------------------------------------
Start Technology Mapping
---------------------------------------------------------------------------------
WARNING: [Synth 8-6779] Delay data for wire-load model not found, using default value
WARNING: [Synth 8-6779] Delay data for wire-load model not found, using default value
WARNING: [Synth 8-6779] Delay data for wire-load model not found, using default value
WARNING: [Synth 8-6779] Delay data for wire-load model not found, using default value
WARNING: [Synth 8-6779] Delay data for wire-load model not found, using default value
INFO: [Synth 8-7052] The timing for the instance inst/gmem0_m_axi_U/bus_write/buff_wdata/mem_reg_0 (implemented as a Block RAM) might be sub-optimal as no optional output register could be merged into the ram block. Providing additional output register may help in improving timing.
INFO: [Synth 8-7052] The timing for the instance inst/gmem0_m_axi_U/bus_write/buff_wdata/mem_reg_1 (implemented as a Block RAM) might be sub-optimal as no optional output register could be merged into the ram block. Providing additional output register may help in improving timing.
INFO: [Synth 8-7052] The timing for the instance inst/gmem0_m_axi_U/bus_write/buff_wdata/mem_reg_2 (implemented as a Block RAM) might be sub-optimal as no optional output register could be merged into the ram block. Providing additional output register may help in improving timing.
INFO: [Synth 8-7052] The timing for the instance inst/gmem0_m_axi_U/bus_write/buff_wdata/mem_reg_3 (implemented as a Block RAM) might be sub-optimal as no optional output register could be merged into the ram block. Providing additional output register may help in improving timing.
INFO: [Synth 8-7052] The timing for the instance inst/gmem0_m_axi_U/bus_write/buff_wdata/mem_reg_4 (implemented as a Block RAM) might be sub-optimal as no optional output register could be merged into the ram block. Providing additional output register may help in improving timing.
INFO: [Synth 8-7052] The timing for the instance inst/gmem0_m_axi_U/bus_write/buff_wdata/mem_reg_5 (implemented as a Block RAM) might be sub-optimal as no optional output register could be merged into the ram block. Providing additional output register may help in improving timing.
INFO: [Synth 8-7052] The timing for the instance inst/gmem0_m_axi_U/bus_write/buff_wdata/mem_reg_6 (implemented as a Block RAM) might be sub-optimal as no optional output register could be merged into the ram block. Providing additional output register may help in improving timing.
INFO: [Synth 8-7052] The timing for the instance inst/gmem0_m_axi_U/bus_write/buff_wdata/mem_reg_7 (implemented as a Block RAM) might be sub-optimal as no optional output register could be merged into the ram block. Providing additional output register may help in improving timing.
INFO: [Synth 8-7052] The timing for the instance inst/gmem1_m_axi_U/bus_read/buff_rdata/mem_reg_0 (implemented as a Block RAM) might be sub-optimal as no optional output register could be merged into the ram block. Providing additional output register may help in improving timing.
INFO: [Synth 8-7052] The timing for the instance inst/gmem1_m_axi_U/bus_read/buff_rdata/mem_reg_1 (implemented as a Block RAM) might be sub-optimal as no optional output register could be merged into the ram block. Providing additional output register may help in improving timing.
INFO: [Synth 8-7052] The timing for the instance inst/gmem1_m_axi_U/bus_read/buff_rdata/mem_reg_2 (implemented as a Block RAM) might be sub-optimal as no optional output register could be merged into the ram block. Providing additional output register may help in improving timing.
INFO: [Synth 8-7052] The timing for the instance inst/gmem1_m_axi_U/bus_read/buff_rdata/mem_reg_3 (implemented as a Block RAM) might be sub-optimal as no optional output register could be merged into the ram block. Providing additional output register may help in improving timing.
INFO: [Synth 8-7052] The timing for the instance inst/gmem1_m_axi_U/bus_read/buff_rdata/mem_reg_4 (implemented as a Block RAM) might be sub-optimal as no optional output register could be merged into the ram block. Providing additional output register may help in improving timing.
INFO: [Synth 8-7052] The timing for the instance inst/gmem1_m_axi_U/bus_read/buff_rdata/mem_reg_5 (implemented as a Block RAM) might be sub-optimal as no optional output register could be merged into the ram block. Providing additional output register may help in improving timing.
INFO: [Synth 8-7052] The timing for the instance inst/gmem1_m_axi_U/bus_read/buff_rdata/mem_reg_6 (implemented as a Block RAM) might be sub-optimal as no optional output register could be merged into the ram block. Providing additional output register may help in improving timing.
INFO: [Synth 8-7052] The timing for the instance inst/gmem1_m_axi_U/bus_read/buff_rdata/mem_reg_7 (implemented as a Block RAM) might be sub-optimal as no optional output register could be merged into the ram block. Providing additional output register may help in improving timing.
---------------------------------------------------------------------------------
Finished Technology Mapping : Time (s): cpu = 00:01:47 ; elapsed = 00:02:29 . Memory (MB): peak = 4268.402 ; gain = 1037.098 ; free physical = 48841 ; free virtual = 476297
---------------------------------------------------------------------------------
---------------------------------------------------------------------------------
Start IO Insertion
---------------------------------------------------------------------------------
---------------------------------------------------------------------------------
Start Flattening Before IO Insertion
---------------------------------------------------------------------------------
---------------------------------------------------------------------------------
Finished Flattening Before IO Insertion
---------------------------------------------------------------------------------
---------------------------------------------------------------------------------
Start Final Netlist Cleanup
---------------------------------------------------------------------------------
---------------------------------------------------------------------------------
Finished Final Netlist Cleanup
---------------------------------------------------------------------------------
---------------------------------------------------------------------------------
Finished IO Insertion : Time (s): cpu = 00:01:53 ; elapsed = 00:02:35 . Memory (MB): peak = 4268.402 ; gain = 1037.098 ; free physical = 48843 ; free virtual = 476300
---------------------------------------------------------------------------------
---------------------------------------------------------------------------------
Start Renaming Generated Instances
---------------------------------------------------------------------------------
---------------------------------------------------------------------------------
Finished Renaming Generated Instances : Time (s): cpu = 00:01:53 ; elapsed = 00:02:35 . Memory (MB): peak = 4268.402 ; gain = 1037.098 ; free physical = 48843 ; free virtual = 476300
---------------------------------------------------------------------------------
---------------------------------------------------------------------------------
Start Rebuilding User Hierarchy
---------------------------------------------------------------------------------
---------------------------------------------------------------------------------
Finished Rebuilding User Hierarchy : Time (s): cpu = 00:01:54 ; elapsed = 00:02:36 . Memory (MB): peak = 4268.402 ; gain = 1037.098 ; free physical = 48843 ; free virtual = 476300
---------------------------------------------------------------------------------
---------------------------------------------------------------------------------
Start Renaming Generated Ports
---------------------------------------------------------------------------------
---------------------------------------------------------------------------------
Finished Renaming Generated Ports : Time (s): cpu = 00:01:54 ; elapsed = 00:02:36 . Memory (MB): peak = 4268.402 ; gain = 1037.098 ; free physical = 48843 ; free virtual = 476300
---------------------------------------------------------------------------------
---------------------------------------------------------------------------------
Start Handling Custom Attributes
---------------------------------------------------------------------------------
---------------------------------------------------------------------------------
Finished Handling Custom Attributes : Time (s): cpu = 00:01:55 ; elapsed = 00:02:37 . Memory (MB): peak = 4268.402 ; gain = 1037.098 ; free physical = 48843 ; free virtual = 476300
---------------------------------------------------------------------------------
---------------------------------------------------------------------------------
Start Renaming Generated Nets
---------------------------------------------------------------------------------
---------------------------------------------------------------------------------
Finished Renaming Generated Nets : Time (s): cpu = 00:01:55 ; elapsed = 00:02:37 . Memory (MB): peak = 4268.402 ; gain = 1037.098 ; free physical = 48843 ; free virtual = 476300
---------------------------------------------------------------------------------
---------------------------------------------------------------------------------
Start ROM, RAM, DSP, Shift Register and Retiming Reporting
---------------------------------------------------------------------------------

Static Shift Register Report:
+------------+-------------------------------------------------------------------------------------+--------+-------+--------------+--------------------+-------------------+--------+---------+
|Module Name | RTL Name                                                                            | Length | Width | Reset Signal | Pull out first Reg | Pull out last Reg | SRL16E | SRLC32E | 
+------------+-------------------------------------------------------------------------------------+--------+-------+--------------+--------------------+-------------------+--------+---------+
|krnl_vadd   | grp_krnl_vadd_Pipeline_vadd1_vadd2_fu_127/icmp_ln50_reg_579_pp0_iter35_reg_reg[0]   | 34     | 1     | NO           | NO                 | YES               | 0      | 2       | 
|krnl_vadd   | grp_krnl_vadd_Pipeline_vadd1_vadd2_fu_127/icmp_ln54_reg_595_pp0_iter35_reg_reg[0]   | 34     | 1     | NO           | NO                 | YES               | 0      | 2       | 
|krnl_vadd   | grp_krnl_vadd_Pipeline_vadd1_vadd2_fu_127/icmp_ln54_1_reg_599_pp0_iter36_reg_reg[0] | 36     | 1     | NO           | NO                 | YES               | 0      | 2       | 
|krnl_vadd   | grp_krnl_vadd_Pipeline_vadd1_vadd2_fu_127/icmp_ln52_reg_583_pp0_iter36_reg_reg[0]   | 36     | 1     | NO           | NO                 | YES               | 0      | 2       | 
+------------+-------------------------------------------------------------------------------------+--------+-------+--------------+--------------------+-------------------+--------+---------+


Dynamic Shift Register Report:
+------------+-------------+--------+------------+--------+---------+--------+--------+--------+
|Module Name | RTL Name    | Length | Data Width | SRL16E | SRLC32E | Mux F7 | Mux F8 | Mux F9 | 
+------------+-------------+--------+------------+--------+---------+--------+--------+--------+
|dsrl        | mem_reg[68] | 8      | 8          | 0      | 24      | 16     | 8      | 0      | 
|dsrl__1     | mem_reg[68] | 96     | 96         | 0      | 288     | 192    | 96     | 0      | 
|dsrl__2     | mem_reg[14] | 2      | 2          | 2      | 0       | 0      | 0      | 0      | 
|dsrl__3     | mem_reg[68] | 2      | 2          | 0      | 6       | 4      | 2      | 0      | 
|dsrl__4     | mem_reg[15] | 72     | 72         | 72     | 0       | 0      | 0      | 0      | 
|dsrl__5     | mem_reg[15] | 577    | 577        | 577    | 0       | 0      | 0      | 0      | 
|dsrl__6     | mem_reg[68] | 8      | 8          | 0      | 24      | 16     | 8      | 0      | 
|dsrl__7     | mem_reg[68] | 96     | 96         | 0      | 288     | 192    | 96     | 0      | 
|dsrl__8     | mem_reg[14] | 2      | 2          | 2      | 0       | 0      | 0      | 0      | 
|dsrl__9     | mem_reg[68] | 2      | 2          | 0      | 6       | 4      | 2      | 0      | 
|dsrl__10    | mem_reg[15] | 72     | 72         | 72     | 0       | 0      | 0      | 0      | 
|dsrl__11    | mem_reg[15] | 577    | 577        | 577    | 0       | 0      | 0      | 0      | 
+------------+-------------+--------+------------+--------+---------+--------+--------+--------+

---------------------------------------------------------------------------------
Finished ROM, RAM, DSP, Shift Register and Retiming Reporting
---------------------------------------------------------------------------------
---------------------------------------------------------------------------------
Start Writing Synthesis Report
---------------------------------------------------------------------------------

Report BlackBoxes: 
+-+--------------+----------+
| |BlackBox name |Instances |
+-+--------------+----------+
+-+--------------+----------+

Report Cell Usage: 
+------+---------+------+
|      |Cell     |Count |
+------+---------+------+
|1     |CARRY8   |   118|
|2     |LUT1     |    88|
|3     |LUT2     |   641|
|4     |LUT3     |  1697|
|5     |LUT4     |  1909|
|6     |LUT5     |  1075|
|7     |LUT6     |   469|
|8     |MUXF7    |   149|
|9     |RAMB18E2 |     1|
|10    |RAMB36E2 |    15|
|11    |SRL16E   |   641|
|12    |SRLC32E  |   455|
|13    |FDRE     | 11388|
|14    |FDSE     |     6|
+------+---------+------+
---------------------------------------------------------------------------------
Finished Writing Synthesis Report : Time (s): cpu = 00:01:55 ; elapsed = 00:02:37 . Memory (MB): peak = 4268.402 ; gain = 1037.098 ; free physical = 48843 ; free virtual = 476300
---------------------------------------------------------------------------------
Synthesis finished with 0 errors, 0 critical warnings and 20 warnings.
Synthesis Optimization Runtime : Time (s): cpu = 00:01:44 ; elapsed = 00:02:24 . Memory (MB): peak = 4272.312 ; gain = 712.258 ; free physical = 51804 ; free virtual = 479261
Synthesis Optimization Complete : Time (s): cpu = 00:02:00 ; elapsed = 00:02:41 . Memory (MB): peak = 4272.312 ; gain = 1041.008 ; free physical = 51803 ; free virtual = 479260
INFO: [Project 1-571] Translating synthesized netlist
Netlist sorting complete. Time (s): cpu = 00:00:00.15 ; elapsed = 00:00:00.15 . Memory (MB): peak = 4272.312 ; gain = 0.000 ; free physical = 51815 ; free virtual = 479272
INFO: [Netlist 29-17] Analyzing 267 Unisim elements for replacement
INFO: [Netlist 29-28] Unisim Transformation completed in 0 CPU seconds
INFO: [Project 1-570] Preparing netlist for logic optimization
INFO: [Opt 31-138] Pushed 0 inverter(s) to 0 load pin(s).
Netlist sorting complete. Time (s): cpu = 00:00:00 ; elapsed = 00:00:00.01 . Memory (MB): peak = 4283.246 ; gain = 0.000 ; free physical = 51719 ; free virtual = 479176
INFO: [Project 1-111] Unisim Transformation Summary:
No Unisim elements were transformed.

Synth Design complete, checksum: b9dba05b
INFO: [Common 17-83] Releasing license: Synthesis
128 Infos, 129 Warnings, 0 Critical Warnings and 0 Errors encountered.
synth_design completed successfully
synth_design: Time (s): cpu = 00:02:12 ; elapsed = 00:02:59 . Memory (MB): peak = 4283.246 ; gain = 1542.594 ; free physical = 51944 ; free virtual = 479401
INFO: [Common 17-600] The following parameters have non-default value.
general.maxThreads
INFO: [Common 17-1381] The checkpoint '/home/ziyuanwang/hbm/Vitis_Accel_Examples/host_xrt/hbm_simple_xrt/_x_gem110min_32.hw.xilinx_u280_xdma_201920_3/link/vivado/vpl/prj/prj.runs/pfm_dynamic_krnl_vadd_1_0_synth_1/pfm_dynamic_krnl_vadd_1_0.dcp' has been generated.
write_checkpoint: Time (s): cpu = 00:00:03 ; elapsed = 00:00:06 . Memory (MB): peak = 4283.246 ; gain = 0.000 ; free physical = 51945 ; free virtual = 479404
INFO: [Coretcl 2-1648] Added synthesis output to IP cache for IP pfm_dynamic_krnl_vadd_1_0, cache-ID = 7e9970fcedb41350
INFO: [Coretcl 2-1174] Renamed 26 cell refs.
INFO: [Common 17-1381] The checkpoint '/home/ziyuanwang/hbm/Vitis_Accel_Examples/host_xrt/hbm_simple_xrt/_x_gem110min_32.hw.xilinx_u280_xdma_201920_3/link/vivado/vpl/prj/prj.runs/pfm_dynamic_krnl_vadd_1_0_synth_1/pfm_dynamic_krnl_vadd_1_0.dcp' has been generated.
write_checkpoint: Time (s): cpu = 00:00:03 ; elapsed = 00:00:06 . Memory (MB): peak = 4283.246 ; gain = 0.000 ; free physical = 51933 ; free virtual = 479403
INFO: [runtcl-4] Executing : report_utilization -file pfm_dynamic_krnl_vadd_1_0_utilization_synth.rpt -pb pfm_dynamic_krnl_vadd_1_0_utilization_synth.pb
INFO: [Common 17-206] Exiting Vivado at Sat Nov 16 04:42:09 2024...
