Copyright 1986-2021 Xilinx, Inc. All Rights Reserved.
-----------------------------------------------------------------------------------------------------------------------------------------------------------------------------------------------------------------------------------------------------------------------------------------------------------------------------------------------------
| Tool Version : Vivado v.2021.2 (lin64) Build 3367213 Tue Oct 19 02:47:39 MDT 2021
| Date         : Sat Nov  9 14:44:59 2024
| Host         : hacc-gpu0 running 64-bit Ubuntu 20.04.6 LTS
| Command      : report_accelerator_utilization -kernels { krnl_vaddmul:pfm_top_i/dynamic_region/krnl_vaddmul_1/inst:krnl_vaddmul_1 krnl_vaddmul:pfm_top_i/dynamic_region/krnl_vaddmul_2/inst:krnl_vaddmul_2 krnl_vaddmul:pfm_top_i/dynamic_region/krnl_vaddmul_3/inst:krnl_vaddmul_3} -file kernel_util_synthed.rpt -name kernel_util_synthed -json
| Design       : pfm_top_wrapper
| Device       : xcu280
| Design State : Synthesized
-----------------------------------------------------------------------------------------------------------------------------------------------------------------------------------------------------------------------------------------------------------------------------------------------------------------------------------------------------

Accelerator Utilization Design Information

Table of Contents
-----------------
1. System Utilization

1. System Utilization
---------------------

+---------------------+-------------------+------------------+-------------------+----------------+---------------+----------------+
| Name                | LUT               | LUTAsMem         | REG               | BRAM           | URAM          | DSP            |
+---------------------+-------------------+------------------+-------------------+----------------+---------------+----------------+
| Platform            |  122603 [  9.41%] |  14989 [  2.50%] |  167254 [  6.41%] |  202 [ 10.02%] |   0 [  0.00%] |    4 [  0.04%] |
| User Budget         | 1180117 [100.00%] | 585491 [100.00%] | 2440106 [100.00%] | 1814 [100.00%] | 960 [100.00%] | 9020 [100.00%] |
|    Used Resources   |   65142 [  5.52%] |   4899 [  0.84%] |   64269 [  2.63%] |   90 [  4.96%] |   0 [  0.00%] |   24 [  0.27%] |
|    Unused Resources | 1114975 [ 94.48%] | 580592 [ 99.16%] | 2375837 [ 97.37%] | 1724 [ 95.04%] | 960 [100.00%] | 8996 [ 99.73%] |
| krnl_vaddmul        |   65142 [  5.52%] |   4899 [  0.84%] |   64269 [  2.63%] |   90 [  4.96%] |   0 [  0.00%] |   24 [  0.27%] |
|    krnl_vaddmul_1   |   21714 [  1.84%] |   1633 [  0.28%] |   21423 [  0.88%] |   30 [  1.65%] |   0 [  0.00%] |    8 [  0.09%] |
|    krnl_vaddmul_2   |   21714 [  1.84%] |   1633 [  0.28%] |   21423 [  0.88%] |   30 [  1.65%] |   0 [  0.00%] |    8 [  0.09%] |
|    krnl_vaddmul_3   |   21714 [  1.84%] |   1633 [  0.28%] |   21423 [  0.88%] |   30 [  1.65%] |   0 [  0.00%] |    8 [  0.09%] |
+---------------------+-------------------+------------------+-------------------+----------------+---------------+----------------+


