Copyright 1986-2021 Xilinx, Inc. All Rights Reserved.
------------------------------------------------------------------------------------------
| Tool Version : Vivado v.2021.2 (lin64) Build 3367213 Tue Oct 19 02:47:39 MDT 2021
| Date         : Fri Oct 18 01:13:07 2024
| Host         : hacc-gpu0 running 64-bit Ubuntu 20.04.6 LTS
| Command      : report_utilization -slr -file slr_util_routed.rpt -pb slr_util_routed.pb
| Design       : pfm_top_wrapper
| Device       : xcu280-fsvh2892-2L-e
| Speed File   : -2L
| Design State : Routed
------------------------------------------------------------------------------------------

Utilization Design Information

Table of Contents
-----------------
1. SLR Connectivity
2. SLR Connectivity Matrix
3. SLR CLB Logic and Dedicated Block Utilization
4. SLR IO Utilization

1. SLR Connectivity
-------------------

+----------------------------------+------+-------+-----------+-------+
|                                  | Used | Fixed | Available | Util% |
+----------------------------------+------+-------+-----------+-------+
| SLR2 <-> SLR1                    | 3967 |       |     23040 | 17.22 |
|   SLR1 -> SLR2                   | 2086 |       |           |  9.05 |
|     Using TX_REG only            |  267 |     1 |           |       |
|     Using RX_REG only            |  284 |    18 |           |       |
|     Using Both TX_REG and RX_REG |  267 |     1 |           |       |
|   SLR2 -> SLR1                   | 1881 |       |           |  8.16 |
|     Using TX_REG only            |  407 |     0 |           |       |
|     Using RX_REG only            |  412 |     4 |           |       |
|     Using Both TX_REG and RX_REG |  407 |     0 |           |       |
| SLR1 <-> SLR0                    | 2538 |       |     23040 | 11.02 |
|   SLR0 -> SLR1                   | 1138 |       |           |  4.94 |
|     Using TX_REG only            |  371 |    71 |           |       |
|     Using RX_REG only            |  361 |    61 |           |       |
|     Using Both TX_REG and RX_REG |  355 |    55 |           |       |
|   SLR1 -> SLR0                   | 1400 |       |           |  6.08 |
|     Using TX_REG only            |  437 |    62 |           |       |
|     Using RX_REG only            |  447 |    71 |           |       |
|     Using Both TX_REG and RX_REG |  435 |    60 |           |       |
+----------------------------------+------+-------+-----------+-------+
| Total SLLs Used                  | 6505 |       |           |       |
+----------------------------------+------+-------+-----------+-------+


2. SLR Connectivity Matrix
--------------------------

+-----------+------+------+------+
| FROM \ TO | SLR2 | SLR1 | SLR0 |
+-----------+------+------+------+
| SLR2      |    0 | 1721 |  160 |
| SLR1      | 1951 |    0 | 1240 |
| SLR0      |  135 | 1003 |    0 |
+-----------+------+------+------+


3. SLR CLB Logic and Dedicated Block Utilization
------------------------------------------------

+----------------------------+--------+-------+-------+--------+--------+--------+
|          Site Type         |  SLR0  |  SLR1 |  SLR2 | SLR0 % | SLR1 % | SLR2 % |
+----------------------------+--------+-------+-------+--------+--------+--------+
| CLB                        |  28566 |  6662 |  7901 |  51.98 |  12.34 |  14.63 |
|   CLBL                     |  14561 |  3367 |  4097 |  49.73 |  11.50 |  13.99 |
|   CLBM                     |  14005 |  3295 |  3804 |  54.54 |  13.33 |  15.39 |
| CLB LUTs                   |  92248 | 47633 | 35382 |  20.98 |  11.03 |   8.19 |
|   LUT as Logic             |  68533 | 43661 | 32344 |  15.59 |  10.11 |   7.49 |
|     using O5 output only   |   1431 |   286 |  1009 |   0.33 |   0.07 |   0.23 |
|     using O6 output only   |  46929 | 34238 | 19517 |  10.67 |   7.93 |   4.52 |
|     using O5 and O6        |  20173 |  9137 | 11818 |   4.59 |   2.12 |   2.74 |
|   LUT as Memory            |  23715 |  3972 |  3038 |  11.54 |   2.01 |   1.54 |
|     LUT as Distributed RAM |  13096 |  3837 |  1660 |   6.37 |   1.94 |   0.84 |
|       using O5 output only |      0 |     0 |     0 |   0.00 |   0.00 |   0.00 |
|       using O6 output only |     80 |   215 |    84 |   0.04 |   0.11 |   0.04 |
|       using O5 and O6      |  13016 |  3622 |  1576 |   6.34 |   1.83 |   0.80 |
|     LUT as Shift Register  |  10619 |   135 |  1378 |   5.17 |   0.07 |   0.70 |
|       using O5 output only |      0 |     0 |     0 |   0.00 |   0.00 |   0.00 |
|       using O6 output only |   6201 |   135 |  1248 |   3.02 |   0.07 |   0.63 |
|       using O5 and O6      |   4418 |     0 |   130 |   2.15 |   0.00 |   0.07 |
| CLB Registers              | 192380 | 46336 | 60717 |  21.88 |   5.36 |   7.03 |
| CARRY8                     |   2674 |   473 |   313 |   4.87 |   0.88 |   0.58 |
| F7 Muxes                   |   2576 |   651 |  1054 |   1.17 |   0.30 |   0.49 |
| F8 Muxes                   |    712 |   141 |    47 |   0.65 |   0.13 |   0.04 |
| F9 Muxes                   |      0 |     0 |     0 |   0.00 |   0.00 |   0.00 |
| Block RAM Tile             |  297.5 |  80.5 |    94 |  44.27 |  11.98 |  13.99 |
|   RAMB36/FIFO              |    296 |    80 |    92 |  44.05 |  11.90 |  13.69 |
|     RAMB36E2 only          |    296 |    80 |    92 |  44.05 |  11.90 |  13.69 |
|   RAMB18                   |      3 |     1 |     4 |   0.22 |   0.07 |   0.30 |
|     RAMB18E2 only          |      3 |     1 |     4 |   0.22 |   0.07 |   0.30 |
| URAM                       |      0 |     0 |     0 |   0.00 |   0.00 |   0.00 |
| DSPs                       |    588 |     0 |     4 |  20.42 |   0.00 |   0.13 |
| Unique Control Sets        |   4090 |  1503 |  2725 |   3.72 |   1.39 |   2.52 |
+----------------------------+--------+-------+-------+--------+--------+--------+
* Note: Available Control Sets based on CLB Registers / 8


4. SLR IO Utilization
---------------------

+-----------+-----------+---------+------------+----------+------------+----------+-----+
| SLR Index | Used IOBs | (%)IOBs | Used IPADs | (%)IPADs | Used OPADs | (%)OPADs | GTs |
+-----------+-----------+---------+------------+----------+------------+----------+-----+
| SLR2      |        18 |    8.65 |          0 |     0.00 |          0 |     0.00 |   0 |
| SLR1      |         0 |    0.00 |          0 |     0.00 |          0 |     0.00 |   0 |
| SLR0      |         1 |    0.48 |          0 |     0.00 |          0 |     0.00 |  16 |
+-----------+-----------+---------+------------+----------+------------+----------+-----+
| Total     |        19 |         |          0 |          |          0 |          |  16 |
+-----------+-----------+---------+------------+----------+------------+----------+-----+


