Copyright 1986-2021 Xilinx, Inc. All Rights Reserved.
---------------------------------------------------------------------------------------------------------------------------------------------------------------------------------------------------------------------------------------------------------------------------------------------------------------------------------------------------
| Tool Version : Vivado v.2021.2 (lin64) Build 3367213 Tue Oct 19 02:47:39 MDT 2021
| Date         : Thu Oct 17 23:02:22 2024
| Host         : hacc-gpu0 running 64-bit Ubuntu 20.04.6 LTS
| Command      : report_accelerator_utilization -kernels { krnl_vaddmul:pfm_top_i/dynamic_region/krnl_vaddmul_1/inst:krnl_vaddmul_1 krnl_vaddmul:pfm_top_i/dynamic_region/krnl_vaddmul_2/inst:krnl_vaddmul_2 krnl_vaddmul:pfm_top_i/dynamic_region/krnl_vaddmul_3/inst:krnl_vaddmul_3} -file kernel_util_placed.rpt -name kernel_util_placed -json
| Design       : pfm_top_wrapper
| Device       : xcu280
| Design State : Fully Placed
---------------------------------------------------------------------------------------------------------------------------------------------------------------------------------------------------------------------------------------------------------------------------------------------------------------------------------------------------

Accelerator Utilization Design Information

Table of Contents
-----------------
1. System Utilization

1. System Utilization
---------------------

+---------------------+-------------------+------------------+-------------------+----------------+---------------+----------------+
| Name                | LUT               | LUTAsMem         | REG               | BRAM           | URAM          | DSP            |
+---------------------+-------------------+------------------+-------------------+----------------+---------------+----------------+
| Platform            |  127714 [  9.80%] |  22010 [  3.67%] |  194190 [  7.45%] |  202 [ 10.02%] |   0 [  0.00%] |    4 [  0.04%] |
| User Budget         | 1175006 [100.00%] | 578470 [100.00%] | 2413170 [100.00%] | 1814 [100.00%] | 960 [100.00%] | 9020 [100.00%] |
|    Used Resources   |   47563 [  4.05%] |   8715 [  1.51%] |  105243 [  4.36%] |  270 [ 14.88%] |   0 [  0.00%] |  588 [  6.52%] |
|    Unused Resources | 1127443 [ 95.95%] | 569755 [ 98.49%] | 2307927 [ 95.64%] | 1544 [ 85.12%] | 960 [100.00%] | 8432 [ 93.48%] |
| krnl_vaddmul        |   47563 [  4.05%] |   8715 [  1.51%] |  105243 [  4.36%] |  270 [ 14.88%] |   0 [  0.00%] |  588 [  6.52%] |
|    krnl_vaddmul_1   |   15999 [  1.36%] |   2905 [  0.50%] |   35136 [  1.46%] |   90 [  4.96%] |   0 [  0.00%] |  196 [  2.17%] |
|    krnl_vaddmul_2   |   15853 [  1.35%] |   2905 [  0.50%] |   35021 [  1.45%] |   90 [  4.96%] |   0 [  0.00%] |  196 [  2.17%] |
|    krnl_vaddmul_3   |   15711 [  1.34%] |   2905 [  0.50%] |   35086 [  1.45%] |   90 [  4.96%] |   0 [  0.00%] |  196 [  2.17%] |
+---------------------+-------------------+------------------+-------------------+----------------+---------------+----------------+


