Copyright 1986-2021 Xilinx, Inc. All Rights Reserved.
------------------------------------------------------------------------------------------------------------------------------------------------------------------------------------------------------------------------------------------------------------------------------------------------------------------------------------------------------------------------------------------------------------------------------
| Tool Version : Vivado v.2021.2 (lin64) Build 3367213 Tue Oct 19 02:47:39 MDT 2021
| Date         : Sun Nov 17 04:10:27 2024
| Host         : hacc-gpu0 running 64-bit Ubuntu 20.04.6 LTS
| Command      : report_accelerator_utilization -kernels { krnl_vaddmul:pfm_top_i/dynamic_region/krnl_vaddmul_1/inst:krnl_vaddmul_1 krnl_vaddmul:pfm_top_i/dynamic_region/krnl_vaddmul_2/inst:krnl_vaddmul_2 krnl_vaddmul:pfm_top_i/dynamic_region/krnl_vaddmul_3/inst:krnl_vaddmul_3 krnl_vaddmul:pfm_top_i/dynamic_region/krnl_vaddmul_4/inst:krnl_vaddmul_4} -file kernel_util_synthed.rpt -name kernel_util_synthed -json
| Design       : pfm_top_wrapper
| Device       : xcu280
| Design State : Synthesized
------------------------------------------------------------------------------------------------------------------------------------------------------------------------------------------------------------------------------------------------------------------------------------------------------------------------------------------------------------------------------------------------------------------------------

Accelerator Utilization Design Information

Table of Contents
-----------------
1. System Utilization

1. System Utilization
---------------------

+---------------------+-------------------+------------------+-------------------+----------------+---------------+----------------+
| Name                | LUT               | LUTAsMem         | REG               | BRAM           | URAM          | DSP            |
+---------------------+-------------------+------------------+-------------------+----------------+---------------+----------------+
| Platform            |  137948 [ 10.59%] |  22234 [  3.70%] |  195062 [  7.48%] |  202 [ 10.02%] |   0 [  0.00%] |    4 [  0.04%] |
| User Budget         | 1164772 [100.00%] | 578246 [100.00%] | 2412298 [100.00%] | 1814 [100.00%] | 960 [100.00%] | 9020 [100.00%] |
|    Used Resources   |   87172 [  7.48%] |   6568 [  1.14%] |   91568 [  3.80%] |  120 [  6.62%] |   0 [  0.00%] |  288 [  3.19%] |
|    Unused Resources | 1077600 [ 92.52%] | 571678 [ 98.86%] | 2320730 [ 96.20%] | 1694 [ 93.38%] | 960 [100.00%] | 8732 [ 96.81%] |
| krnl_vaddmul        |   87172 [  7.48%] |   6568 [  1.14%] |   91568 [  3.80%] |  120 [  6.62%] |   0 [  0.00%] |  288 [  3.19%] |
|    krnl_vaddmul_1   |   21793 [  1.87%] |   1642 [  0.28%] |   22892 [  0.95%] |   30 [  1.65%] |   0 [  0.00%] |   72 [  0.80%] |
|    krnl_vaddmul_2   |   21793 [  1.87%] |   1642 [  0.28%] |   22892 [  0.95%] |   30 [  1.65%] |   0 [  0.00%] |   72 [  0.80%] |
|    krnl_vaddmul_3   |   21793 [  1.87%] |   1642 [  0.28%] |   22892 [  0.95%] |   30 [  1.65%] |   0 [  0.00%] |   72 [  0.80%] |
|    krnl_vaddmul_4   |   21793 [  1.87%] |   1642 [  0.28%] |   22892 [  0.95%] |   30 [  1.65%] |   0 [  0.00%] |   72 [  0.80%] |
+---------------------+-------------------+------------------+-------------------+----------------+---------------+----------------+


