Copyright 1986-2021 Xilinx, Inc. All Rights Reserved.
------------------------------------------------------------------------------------------
| Tool Version : Vivado v.2021.2 (lin64) Build 3367213 Tue Oct 19 02:47:39 MDT 2021
| Date         : Sat Nov  9 06:36:43 2024
| Host         : hacc-gpu0 running 64-bit Ubuntu 20.04.6 LTS
| Command      : report_utilization -slr -file slr_util_routed.rpt -pb slr_util_routed.pb
| Design       : pfm_top_wrapper
| Device       : xcu280-fsvh2892-2L-e
| Speed File   : -2L
| Design State : Routed
------------------------------------------------------------------------------------------

Utilization Design Information

Table of Contents
-----------------
1. SLR Connectivity
2. SLR Connectivity Matrix
3. SLR CLB Logic and Dedicated Block Utilization
4. SLR IO Utilization

1. SLR Connectivity
-------------------

+----------------------------------+------+-------+-----------+-------+
|                                  | Used | Fixed | Available | Util% |
+----------------------------------+------+-------+-----------+-------+
| SLR2 <-> SLR1                    | 3979 |       |     23040 | 17.27 |
|   SLR1 -> SLR2                   | 2099 |       |           |  9.11 |
|     Using TX_REG only            |  267 |     1 |           |       |
|     Using RX_REG only            |  284 |    18 |           |       |
|     Using Both TX_REG and RX_REG |  267 |     1 |           |       |
|   SLR2 -> SLR1                   | 1880 |       |           |  8.16 |
|     Using TX_REG only            |  407 |     0 |           |       |
|     Using RX_REG only            |  412 |     4 |           |       |
|     Using Both TX_REG and RX_REG |  407 |     0 |           |       |
| SLR1 <-> SLR0                    | 2539 |       |     23040 | 11.02 |
|   SLR0 -> SLR1                   | 1140 |       |           |  4.95 |
|     Using TX_REG only            |  371 |    71 |           |       |
|     Using RX_REG only            |  361 |    61 |           |       |
|     Using Both TX_REG and RX_REG |  355 |    55 |           |       |
|   SLR1 -> SLR0                   | 1399 |       |           |  6.07 |
|     Using TX_REG only            |  437 |    62 |           |       |
|     Using RX_REG only            |  447 |    71 |           |       |
|     Using Both TX_REG and RX_REG |  435 |    60 |           |       |
+----------------------------------+------+-------+-----------+-------+
| Total SLLs Used                  | 6518 |       |           |       |
+----------------------------------+------+-------+-----------+-------+


2. SLR Connectivity Matrix
--------------------------

+-----------+------+------+------+
| FROM \ TO | SLR2 | SLR1 | SLR0 |
+-----------+------+------+------+
| SLR2      |    0 | 1722 |  158 |
| SLR1      | 1962 |    0 | 1241 |
| SLR0      |  137 | 1003 |    0 |
+-----------+------+------+------+


3. SLR CLB Logic and Dedicated Block Utilization
------------------------------------------------

+----------------------------+--------+-------+-------+--------+--------+--------+
|          Site Type         |  SLR0  |  SLR1 |  SLR2 | SLR0 % | SLR1 % | SLR2 % |
+----------------------------+--------+-------+-------+--------+--------+--------+
| CLB                        |  19145 |  7469 |  8054 |  34.83 |  13.83 |  14.91 |
|   CLBL                     |   9610 |  3812 |  4197 |  32.82 |  13.02 |  14.33 |
|   CLBM                     |   9535 |  3657 |  3857 |  37.13 |  14.79 |  15.60 |
| CLB LUTs                   |  80883 | 47672 | 35293 |  18.40 |  11.04 |   8.17 |
|   LUT as Logic             |  53133 | 43700 | 32253 |  12.08 |  10.12 |   7.47 |
|     using O5 output only   |   1602 |   290 |  1006 |   0.36 |   0.07 |   0.23 |
|     using O6 output only   |  34256 | 34276 | 19493 |   7.79 |   7.93 |   4.51 |
|     using O5 and O6        |  17275 |  9134 | 11754 |   3.93 |   2.11 |   2.72 |
|   LUT as Memory            |  27750 |  3972 |  3040 |  13.51 |   2.01 |   1.54 |
|     LUT as Distributed RAM |  13296 |  3837 |  1660 |   6.47 |   1.94 |   0.84 |
|       using O5 output only |      0 |     0 |     0 |   0.00 |   0.00 |   0.00 |
|       using O6 output only |     80 |   215 |    84 |   0.04 |   0.11 |   0.04 |
|       using O5 and O6      |  13216 |  3622 |  1576 |   6.43 |   1.83 |   0.80 |
|     LUT as Shift Register  |  14454 |   135 |  1380 |   7.04 |   0.07 |   0.70 |
|       using O5 output only |      0 |     0 |     0 |   0.00 |   0.00 |   0.00 |
|       using O6 output only |   8792 |   135 |  1250 |   4.28 |   0.07 |   0.63 |
|       using O5 and O6      |   5662 |     0 |   130 |   2.76 |   0.00 |   0.07 |
| CLB Registers              | 136419 | 46337 | 60691 |  15.51 |   5.36 |   7.02 |
| CARRY8                     |   2017 |   473 |   313 |   3.67 |   0.88 |   0.58 |
| F7 Muxes                   |   3296 |   651 |  1054 |   1.50 |   0.30 |   0.49 |
| F8 Muxes                   |    944 |   141 |    47 |   0.86 |   0.13 |   0.04 |
| F9 Muxes                   |      0 |     0 |     0 |   0.00 |   0.00 |   0.00 |
| Block RAM Tile             |  109.5 |  80.5 |    94 |  16.29 |  11.98 |  13.99 |
|   RAMB36/FIFO              |    108 |    80 |    92 |  16.07 |  11.90 |  13.69 |
|     RAMB36E2 only          |    108 |    80 |    92 |  16.07 |  11.90 |  13.69 |
|   RAMB18                   |      3 |     1 |     4 |   0.22 |   0.07 |   0.30 |
|     RAMB18E2 only          |      3 |     1 |     4 |   0.22 |   0.07 |   0.30 |
| URAM                       |      0 |     0 |     0 |   0.00 |   0.00 |   0.00 |
| DSPs                       |     16 |     0 |     4 |   0.56 |   0.00 |   0.13 |
| Unique Control Sets        |   4284 |  1505 |  2718 |   3.90 |   1.39 |   2.52 |
+----------------------------+--------+-------+-------+--------+--------+--------+
* Note: Available Control Sets based on CLB Registers / 8


4. SLR IO Utilization
---------------------

+-----------+-----------+---------+------------+----------+------------+----------+-----+
| SLR Index | Used IOBs | (%)IOBs | Used IPADs | (%)IPADs | Used OPADs | (%)OPADs | GTs |
+-----------+-----------+---------+------------+----------+------------+----------+-----+
| SLR2      |        18 |    8.65 |          0 |     0.00 |          0 |     0.00 |   0 |
| SLR1      |         0 |    0.00 |          0 |     0.00 |          0 |     0.00 |   0 |
| SLR0      |         1 |    0.48 |          0 |     0.00 |          0 |     0.00 |  16 |
+-----------+-----------+---------+------------+----------+------------+----------+-----+
| Total     |        19 |         |          0 |          |          0 |          |  16 |
+-----------+-----------+---------+------------+----------+------------+----------+-----+


