Copyright 1986-2021 Xilinx, Inc. All Rights Reserved.
--------------------------------------------------------------------------------------------------------------------------------------------------------------------------------------------------------------------------------------------------------------------------------------------------------------------------------------------------------------------------------------------------------------------------------------------------------------------------------------------------------------------------------------------------------------------------------------------------------------------------------------------------------------------------------------------------------------------------------
| Tool Version : Vivado v.2021.2 (lin64) Build 3367213 Tue Oct 19 02:47:39 MDT 2021
| Date         : Thu Oct 24 19:11:16 2024
| Host         : hacc-gpu0 running 64-bit Ubuntu 20.04.6 LTS
| Command      : report_accelerator_utilization -kernels { krnl_vaddmul:pfm_top_i/dynamic_region/krnl_vaddmul_1/inst:krnl_vaddmul_1 krnl_vaddmul:pfm_top_i/dynamic_region/krnl_vaddmul_2/inst:krnl_vaddmul_2 krnl_vaddmul:pfm_top_i/dynamic_region/krnl_vaddmul_3/inst:krnl_vaddmul_3 krnl_vaddmul:pfm_top_i/dynamic_region/krnl_vaddmul_4/inst:krnl_vaddmul_4 krnl_vaddmul:pfm_top_i/dynamic_region/krnl_vaddmul_5/inst:krnl_vaddmul_5 krnl_vaddmul:pfm_top_i/dynamic_region/krnl_vaddmul_6/inst:krnl_vaddmul_6 krnl_vaddmul:pfm_top_i/dynamic_region/krnl_vaddmul_7/inst:krnl_vaddmul_7 krnl_vaddmul:pfm_top_i/dynamic_region/krnl_vaddmul_8/inst:krnl_vaddmul_8} -file kernel_util_placed.rpt -name kernel_util_placed -json
| Design       : pfm_top_wrapper
| Device       : xcu280
| Design State : Fully Placed
--------------------------------------------------------------------------------------------------------------------------------------------------------------------------------------------------------------------------------------------------------------------------------------------------------------------------------------------------------------------------------------------------------------------------------------------------------------------------------------------------------------------------------------------------------------------------------------------------------------------------------------------------------------------------------------------------------------------------------

Accelerator Utilization Design Information

Table of Contents
-----------------
1. System Utilization

1. System Utilization
---------------------

+---------------------+-------------------+------------------+-------------------+----------------+---------------+----------------+
| Name                | LUT               | LUTAsMem         | REG               | BRAM           | URAM          | DSP            |
+---------------------+-------------------+------------------+-------------------+----------------+---------------+----------------+
| Platform            |  182134 [ 13.98%] |  46835 [  7.80%] |  298140 [ 11.43%] |  204 [ 10.12%] |   0 [  0.00%] |    4 [  0.04%] |
| User Budget         | 1120586 [100.00%] | 553645 [100.00%] | 2309220 [100.00%] | 1812 [100.00%] | 960 [100.00%] | 9020 [100.00%] |
|    Used Resources   |  121718 [ 10.86%] |  23208 [  4.19%] |  281947 [ 12.21%] |  720 [ 39.74%] |   0 [  0.00%] | 1568 [ 17.38%] |
|    Unused Resources |  998868 [ 89.14%] | 530437 [ 95.81%] | 2027273 [ 87.79%] | 1092 [ 60.26%] | 960 [100.00%] | 7452 [ 82.62%] |
| krnl_vaddmul        |  121718 [ 10.86%] |  23208 [  4.19%] |  281947 [ 12.21%] |  720 [ 39.74%] |   0 [  0.00%] | 1568 [ 17.38%] |
|    krnl_vaddmul_1   |   15155 [  1.35%] |   2901 [  0.52%] |   35348 [  1.53%] |   90 [  4.97%] |   0 [  0.00%] |  196 [  2.17%] |
|    krnl_vaddmul_2   |   15221 [  1.36%] |   2901 [  0.52%] |   35177 [  1.52%] |   90 [  4.97%] |   0 [  0.00%] |  196 [  2.17%] |
|    krnl_vaddmul_3   |   15272 [  1.36%] |   2901 [  0.52%] |   35312 [  1.53%] |   90 [  4.97%] |   0 [  0.00%] |  196 [  2.17%] |
|    krnl_vaddmul_4   |   15103 [  1.35%] |   2901 [  0.52%] |   35336 [  1.53%] |   90 [  4.97%] |   0 [  0.00%] |  196 [  2.17%] |
|    krnl_vaddmul_5   |   15543 [  1.39%] |   2901 [  0.52%] |   35190 [  1.52%] |   90 [  4.97%] |   0 [  0.00%] |  196 [  2.17%] |
|    krnl_vaddmul_6   |   15165 [  1.35%] |   2901 [  0.52%] |   35200 [  1.52%] |   90 [  4.97%] |   0 [  0.00%] |  196 [  2.17%] |
|    krnl_vaddmul_7   |   15121 [  1.35%] |   2901 [  0.52%] |   35175 [  1.52%] |   90 [  4.97%] |   0 [  0.00%] |  196 [  2.17%] |
|    krnl_vaddmul_8   |   15138 [  1.35%] |   2901 [  0.52%] |   35209 [  1.52%] |   90 [  4.97%] |   0 [  0.00%] |  196 [  2.17%] |
+---------------------+-------------------+------------------+-------------------+----------------+---------------+----------------+


