Copyright 1986-2021 Xilinx, Inc. All Rights Reserved.
----------------------------------------------------------------------------------------------------------------------------------------------------------------------------------
| Tool Version : Vivado v.2021.2 (lin64) Build 3367213 Tue Oct 19 02:47:39 MDT 2021
| Date         : Fri Dec 13 22:31:24 2024
| Host         : hacc-gpu0 running 64-bit Ubuntu 20.04.6 LTS
| Command      : report_accelerator_utilization -kernels { overlay:pfm_top_i/dynamic_region/overlay_1/inst:overlay_1} -file kernel_util_routed.rpt -name kernel_util_routed -json
| Design       : pfm_top_wrapper
| Device       : xcu280
| Design State : Routed
----------------------------------------------------------------------------------------------------------------------------------------------------------------------------------

Accelerator Utilization Design Information

Table of Contents
-----------------
1. System Utilization

1. System Utilization
---------------------

+---------------------+-------------------+------------------+-------------------+----------------+---------------+----------------+
| Name                | LUT               | LUTAsMem         | REG               | BRAM           | URAM          | DSP            |
+---------------------+-------------------+------------------+-------------------+----------------+---------------+----------------+
| Platform            |  169648 [ 13.02%] |  26366 [  4.39%] |  267617 [ 10.26%] |  303 [ 15.03%] |   0 [  0.00%] |    7 [  0.08%] |
| User Budget         | 1133072 [100.00%] | 574114 [100.00%] | 2339743 [100.00%] | 1713 [100.00%] | 960 [100.00%] | 9017 [100.00%] |
|    Used Resources   |  210801 [ 18.60%] |  63117 [ 10.99%] |  226333 [  9.67%] |  353 [ 20.61%] | 384 [ 40.00%] |  387 [  4.29%] |
|    Unused Resources |  922271 [ 81.40%] | 510997 [ 89.01%] | 2113410 [ 90.33%] | 1360 [ 79.39%] | 576 [ 60.00%] | 8630 [ 95.71%] |
| overlay             |  210801 [ 18.60%] |  63117 [ 10.99%] |  226333 [  9.67%] |  353 [ 20.61%] | 384 [ 40.00%] |  387 [  4.29%] |
|    overlay_1        |  210801 [ 18.60%] |  63117 [ 10.99%] |  226333 [  9.67%] |  353 [ 20.61%] | 384 [ 40.00%] |  387 [  4.29%] |
+---------------------+-------------------+------------------+-------------------+----------------+---------------+----------------+


