Copyright 1986-2021 Xilinx, Inc. All Rights Reserved.
-------------------------------------------------------------------------------------------------------------------------------------------------------------------------------------------------------------------------------------------------------------------------------------------------------------------------------------------------------------------------------------------------------------------------------------------------------------------------------------------------------
| Tool Version : Vivado v.2021.2 (lin64) Build 3367213 Tue Oct 19 02:47:39 MDT 2021
| Date         : Wed Nov 20 22:02:42 2024
| Host         : hacc-gpu0 running 64-bit Ubuntu 20.04.6 LTS
| Command      : report_accelerator_utilization -kernels { krnl_vaddmul:pfm_top_i/dynamic_region/krnl_vaddmul_1/inst:krnl_vaddmul_1 krnl_vaddmul:pfm_top_i/dynamic_region/krnl_vaddmul_2/inst:krnl_vaddmul_2 krnl_vaddmul:pfm_top_i/dynamic_region/krnl_vaddmul_3/inst:krnl_vaddmul_3 krnl_vaddmul:pfm_top_i/dynamic_region/krnl_vaddmul_4/inst:krnl_vaddmul_4 krnl_vaddmul:pfm_top_i/dynamic_region/krnl_vaddmul_5/inst:krnl_vaddmul_5} -file kernel_util_synthed.rpt -name kernel_util_synthed -json
| Design       : pfm_top_wrapper
| Device       : xcu280
| Design State : Synthesized
-------------------------------------------------------------------------------------------------------------------------------------------------------------------------------------------------------------------------------------------------------------------------------------------------------------------------------------------------------------------------------------------------------------------------------------------------------------------------------------------------------

Accelerator Utilization Design Information

Table of Contents
-----------------
1. System Utilization

1. System Utilization
---------------------

+---------------------+-------------------+------------------+-------------------+----------------+---------------+----------------+
| Name                | LUT               | LUTAsMem         | REG               | BRAM           | URAM          | DSP            |
+---------------------+-------------------+------------------+-------------------+----------------+---------------+----------------+
| Platform            |  160139 [ 12.29%] |  32377 [  5.39%] |  234987 [  9.01%] |  204 [ 10.12%] |   0 [  0.00%] |    4 [  0.04%] |
| User Budget         | 1142581 [100.00%] | 568103 [100.00%] | 2372373 [100.00%] | 1812 [100.00%] | 960 [100.00%] | 9020 [100.00%] |
|    Used Resources   |  158080 [ 13.84%] |  16430 [  2.89%] |  156195 [  6.58%] |  230 [ 12.69%] |   0 [  0.00%] |  500 [  5.54%] |
|    Unused Resources |  984501 [ 86.16%] | 551673 [ 97.11%] | 2216178 [ 93.42%] | 1582 [ 87.31%] | 960 [100.00%] | 8520 [ 94.46%] |
| krnl_vaddmul        |  158080 [ 13.84%] |  16430 [  2.89%] |  156195 [  6.58%] |  230 [ 12.69%] |   0 [  0.00%] |  500 [  5.54%] |
|    krnl_vaddmul_1   |   31616 [  2.77%] |   3286 [  0.58%] |   31239 [  1.32%] |   46 [  2.54%] |   0 [  0.00%] |  100 [  1.11%] |
|    krnl_vaddmul_2   |   31616 [  2.77%] |   3286 [  0.58%] |   31239 [  1.32%] |   46 [  2.54%] |   0 [  0.00%] |  100 [  1.11%] |
|    krnl_vaddmul_3   |   31616 [  2.77%] |   3286 [  0.58%] |   31239 [  1.32%] |   46 [  2.54%] |   0 [  0.00%] |  100 [  1.11%] |
|    krnl_vaddmul_4   |   31616 [  2.77%] |   3286 [  0.58%] |   31239 [  1.32%] |   46 [  2.54%] |   0 [  0.00%] |  100 [  1.11%] |
|    krnl_vaddmul_5   |   31616 [  2.77%] |   3286 [  0.58%] |   31239 [  1.32%] |   46 [  2.54%] |   0 [  0.00%] |  100 [  1.11%] |
+---------------------+-------------------+------------------+-------------------+----------------+---------------+----------------+


