Copyright 1986-2021 Xilinx, Inc. All Rights Reserved.
------------------------------------------------------------------------------------------
| Tool Version : Vivado v.2021.2 (lin64) Build 3367213 Tue Oct 19 02:47:39 MDT 2021
| Date         : Tue Nov 12 18:54:24 2024
| Host         : hacc-gpu0 running 64-bit Ubuntu 20.04.6 LTS
| Command      : report_utilization -slr -file slr_util_routed.rpt -pb slr_util_routed.pb
| Design       : pfm_top_wrapper
| Device       : xcu280-fsvh2892-2L-e
| Speed File   : -2L
| Design State : Routed
------------------------------------------------------------------------------------------

Utilization Design Information

Table of Contents
-----------------
1. SLR Connectivity
2. SLR Connectivity Matrix
3. SLR CLB Logic and Dedicated Block Utilization
4. SLR IO Utilization

1. SLR Connectivity
-------------------

+----------------------------------+------+-------+-----------+-------+
|                                  | Used | Fixed | Available | Util% |
+----------------------------------+------+-------+-----------+-------+
| SLR2 <-> SLR1                    | 3980 |       |     23040 | 17.27 |
|   SLR1 -> SLR2                   | 2099 |       |           |  9.11 |
|     Using TX_REG only            |  267 |     1 |           |       |
|     Using RX_REG only            |  284 |    18 |           |       |
|     Using Both TX_REG and RX_REG |  267 |     1 |           |       |
|   SLR2 -> SLR1                   | 1881 |       |           |  8.16 |
|     Using TX_REG only            |  407 |     0 |           |       |
|     Using RX_REG only            |  412 |     4 |           |       |
|     Using Both TX_REG and RX_REG |  407 |     0 |           |       |
| SLR1 <-> SLR0                    | 2542 |       |     23040 | 11.03 |
|   SLR0 -> SLR1                   | 1140 |       |           |  4.95 |
|     Using TX_REG only            |  371 |    71 |           |       |
|     Using RX_REG only            |  361 |    61 |           |       |
|     Using Both TX_REG and RX_REG |  355 |    55 |           |       |
|   SLR1 -> SLR0                   | 1402 |       |           |  6.09 |
|     Using TX_REG only            |  437 |    62 |           |       |
|     Using RX_REG only            |  448 |    71 |           |       |
|     Using Both TX_REG and RX_REG |  435 |    60 |           |       |
+----------------------------------+------+-------+-----------+-------+
| Total SLLs Used                  | 6522 |       |           |       |
+----------------------------------+------+-------+-----------+-------+


2. SLR Connectivity Matrix
--------------------------

+-----------+------+------+------+
| FROM \ TO | SLR2 | SLR1 | SLR0 |
+-----------+------+------+------+
| SLR2      |    0 | 1723 |  158 |
| SLR1      | 1963 |    0 | 1244 |
| SLR0      |  136 | 1004 |    0 |
+-----------+------+------+------+


3. SLR CLB Logic and Dedicated Block Utilization
------------------------------------------------

+----------------------------+--------+-------+-------+--------+--------+--------+
|          Site Type         |  SLR0  |  SLR1 |  SLR2 | SLR0 % | SLR1 % | SLR2 % |
+----------------------------+--------+-------+-------+--------+--------+--------+
| CLB                        |  36411 |  6829 |  7716 |  66.25 |  12.65 |  14.29 |
|   CLBL                     |  18996 |  3391 |  4017 |  64.88 |  11.58 |  13.72 |
|   CLBM                     |  17415 |  3438 |  3699 |  67.82 |  13.91 |  14.96 |
| CLB LUTs                   | 157183 | 47691 | 35296 |  35.75 |  11.04 |   8.17 |
|   LUT as Logic             | 129685 | 43719 | 32256 |  29.50 |  10.12 |   7.47 |
|     using O5 output only   |   1886 |   289 |  1007 |   0.43 |   0.07 |   0.23 |
|     using O6 output only   |  98193 | 34279 | 19498 |  22.33 |   7.93 |   4.51 |
|     using O5 and O6        |  29606 |  9151 | 11751 |   6.73 |   2.12 |   2.72 |
|   LUT as Memory            |  27498 |  3972 |  3040 |  13.38 |   2.01 |   1.54 |
|     LUT as Distributed RAM |  17328 |  3837 |  1660 |   8.43 |   1.94 |   0.84 |
|       using O5 output only |      0 |     0 |     0 |   0.00 |   0.00 |   0.00 |
|       using O6 output only |     80 |   215 |    84 |   0.04 |   0.11 |   0.04 |
|       using O5 and O6      |  17248 |  3622 |  1576 |   8.40 |   1.83 |   0.80 |
|     LUT as Shift Register  |  10170 |   135 |  1380 |   4.95 |   0.07 |   0.70 |
|       using O5 output only |      0 |     0 |     0 |   0.00 |   0.00 |   0.00 |
|       using O6 output only |   4568 |   135 |  1250 |   2.22 |   0.07 |   0.63 |
|       using O5 and O6      |   5602 |     0 |   130 |   2.73 |   0.00 |   0.07 |
| CLB Registers              | 240429 | 46339 | 60590 |  27.34 |   5.36 |   7.01 |
| CARRY8                     |   1865 |   473 |   313 |   3.39 |   0.88 |   0.58 |
| F7 Muxes                   |   1400 |   651 |  1054 |   0.64 |   0.30 |   0.49 |
| F8 Muxes                   |     16 |   141 |    47 |   0.01 |   0.13 |   0.04 |
| F9 Muxes                   |      0 |     0 |     0 |   0.00 |   0.00 |   0.00 |
| Block RAM Tile             |  273.5 |  80.5 |    94 |  40.70 |  11.98 |  13.99 |
|   RAMB36/FIFO              |    268 |    80 |    92 |  39.88 |  11.90 |  13.69 |
|     RAMB36E2 only          |    268 |    80 |    92 |  39.88 |  11.90 |  13.69 |
|   RAMB18                   |     11 |     1 |     4 |   0.82 |   0.07 |   0.30 |
|     RAMB18E2 only          |     11 |     1 |     4 |   0.82 |   0.07 |   0.30 |
| URAM                       |      0 |     0 |     0 |   0.00 |   0.00 |   0.00 |
| DSPs                       |    288 |     0 |     4 |  10.00 |   0.00 |   0.13 |
| Unique Control Sets        |   5201 |  1506 |  2720 |   4.73 |   1.39 |   2.52 |
+----------------------------+--------+-------+-------+--------+--------+--------+
* Note: Available Control Sets based on CLB Registers / 8


4. SLR IO Utilization
---------------------

+-----------+-----------+---------+------------+----------+------------+----------+-----+
| SLR Index | Used IOBs | (%)IOBs | Used IPADs | (%)IPADs | Used OPADs | (%)OPADs | GTs |
+-----------+-----------+---------+------------+----------+------------+----------+-----+
| SLR2      |        18 |    8.65 |          0 |     0.00 |          0 |     0.00 |   0 |
| SLR1      |         0 |    0.00 |          0 |     0.00 |          0 |     0.00 |   0 |
| SLR0      |         1 |    0.48 |          0 |     0.00 |          0 |     0.00 |  16 |
+-----------+-----------+---------+------------+----------+------------+----------+-----+
| Total     |        19 |         |          0 |          |          0 |          |  16 |
+-----------+-----------+---------+------------+----------+------------+----------+-----+


