Copyright 1986-2021 Xilinx, Inc. All Rights Reserved.
----------------------------------------------------------------------------------------------------------------------------------------------------------------------------------------
| Tool Version : Vivado v.2021.2 (lin64) Build 3367213 Tue Oct 19 02:47:39 MDT 2021
| Date         : Sat Nov 16 21:35:28 2024
| Host         : hacc-gpu0 running 64-bit Ubuntu 20.04.6 LTS
| Command      : report_accelerator_utilization -kernels { krnl_vadd:pfm_top_i/dynamic_region/krnl_vadd_1/inst:krnl_vadd_1} -file kernel_util_placed.rpt -name kernel_util_placed -json
| Design       : pfm_top_wrapper
| Device       : xcu280
| Design State : Fully Placed
----------------------------------------------------------------------------------------------------------------------------------------------------------------------------------------

Accelerator Utilization Design Information

Table of Contents
-----------------
1. System Utilization

1. System Utilization
---------------------

+---------------------+-------------------+------------------+-------------------+----------------+---------------+----------------+
| Name                | LUT               | LUTAsMem         | REG               | BRAM           | URAM          | DSP            |
+---------------------+-------------------+------------------+-------------------+----------------+---------------+----------------+
| Platform            |  102180 [  7.84%] |   9821 [  1.64%] |  148848 [  5.71%] |  202 [ 10.02%] |   0 [  0.00%] |    4 [  0.04%] |
| User Budget         | 1200540 [100.00%] | 590659 [100.00%] | 2458512 [100.00%] | 1814 [100.00%] | 960 [100.00%] | 9020 [100.00%] |
|    Used Resources   |    5433 [  0.45%] |    759 [  0.13%] |    9629 [  0.39%] |   15 [  0.83%] |   0 [  0.00%] |    4 [  0.04%] |
|    Unused Resources | 1195107 [ 99.55%] | 589900 [ 99.87%] | 2448883 [ 99.61%] | 1799 [ 99.17%] | 960 [100.00%] | 9016 [ 99.96%] |
| krnl_vadd           |    5433 [  0.45%] |    759 [  0.13%] |    9629 [  0.39%] |   15 [  0.83%] |   0 [  0.00%] |    4 [  0.04%] |
|    krnl_vadd_1      |    5433 [  0.45%] |    759 [  0.13%] |    9629 [  0.39%] |   15 [  0.83%] |   0 [  0.00%] |    4 [  0.04%] |
+---------------------+-------------------+------------------+-------------------+----------------+---------------+----------------+


