Copyright 1986-2021 Xilinx, Inc. All Rights Reserved.
------------------------------------------------------------------------------------------
| Tool Version : Vivado v.2021.2 (lin64) Build 3367213 Tue Oct 19 02:47:39 MDT 2021
| Date         : Sat Nov 16 21:35:45 2024
| Host         : hacc-gpu0 running 64-bit Ubuntu 20.04.6 LTS
| Command      : report_utilization -slr -file slr_util_placed.rpt -pb slr_util_placed.pb
| Design       : pfm_top_wrapper
| Device       : xcu280-fsvh2892-2L-e
| Speed File   : -2L
| Design State : Fully Placed
------------------------------------------------------------------------------------------

Utilization Design Information

Table of Contents
-----------------
1. SLR Connectivity
2. SLR Connectivity Matrix
3. SLR CLB Logic and Dedicated Block Utilization
4. SLR IO Utilization

1. SLR Connectivity
-------------------

+----------------------------------+------+-------+-----------+-------+
|                                  | Used | Fixed | Available | Util% |
+----------------------------------+------+-------+-----------+-------+
| SLR2 <-> SLR1                    | 3950 |       |     23040 | 17.14 |
|   SLR1 -> SLR2                   | 2080 |       |           |  9.03 |
|     Using TX_REG only            |    1 |     1 |           |       |
|     Using RX_REG only            |   18 |    18 |           |       |
|     Using Both TX_REG and RX_REG |  267 |     1 |           |       |
|   SLR2 -> SLR1                   | 1870 |       |           |  8.12 |
|     Using TX_REG only            |    0 |     0 |           |       |
|     Using RX_REG only            |    4 |     4 |           |       |
|     Using Both TX_REG and RX_REG |  407 |     0 |           |       |
| SLR1 <-> SLR0                    | 2521 |       |     23040 | 10.94 |
|   SLR0 -> SLR1                   | 1129 |       |           |  4.90 |
|     Using TX_REG only            |   71 |    71 |           |       |
|     Using RX_REG only            |   61 |    61 |           |       |
|     Using Both TX_REG and RX_REG |  355 |    55 |           |       |
|   SLR1 -> SLR0                   | 1392 |       |           |  6.04 |
|     Using TX_REG only            |   62 |    62 |           |       |
|     Using RX_REG only            |   72 |    71 |           |       |
|     Using Both TX_REG and RX_REG |  439 |    60 |           |       |
+----------------------------------+------+-------+-----------+-------+
| Total SLLs Used                  | 6471 |       |           |       |
+----------------------------------+------+-------+-----------+-------+


2. SLR Connectivity Matrix
--------------------------

+-----------+------+------+------+
| FROM \ TO | SLR2 | SLR1 | SLR0 |
+-----------+------+------+------+
| SLR2      |    0 | 1735 |  135 |
| SLR1      | 1979 |    0 | 1257 |
| SLR0      |  101 | 1028 |    0 |
+-----------+------+------+------+


3. SLR CLB Logic and Dedicated Block Utilization
------------------------------------------------

+----------------------------+-------+-------+-------+--------+--------+--------+
|          Site Type         |  SLR0 |  SLR1 |  SLR2 | SLR0 % | SLR1 % | SLR2 % |
+----------------------------+-------+-------+-------+--------+--------+--------+
| CLB                        |  7227 |  7055 |  8049 |  13.15 |  13.06 |  14.91 |
|   CLBL                     |  3639 |  3541 |  4167 |  12.43 |  12.09 |  14.23 |
|   CLBM                     |  3588 |  3514 |  3882 |  13.97 |  14.22 |  15.70 |
| CLB LUTs                   | 24178 | 47979 | 35456 |   5.50 |  11.11 |   8.21 |
|   LUT as Logic             | 20606 | 44045 | 32382 |   4.69 |  10.20 |   7.50 |
|     using O5 output only   |   472 |   290 |  1014 |   0.11 |   0.07 |   0.23 |
|     using O6 output only   | 14011 | 34562 | 19568 |   3.19 |   8.00 |   4.53 |
|     using O5 and O6        |  6123 |  9193 | 11800 |   1.39 |   2.13 |   2.73 |
|   LUT as Memory            |  3572 |  3934 |  3074 |   1.74 |   1.99 |   1.55 |
|     LUT as Distributed RAM |  1116 |  3837 |  1660 |   0.54 |   1.94 |   0.84 |
|       using O5 output only |     0 |     0 |     0 |   0.00 |   0.00 |   0.00 |
|       using O6 output only |    84 |   215 |    84 |   0.04 |   0.11 |   0.04 |
|       using O5 and O6      |  1032 |  3622 |  1576 |   0.50 |   1.83 |   0.80 |
|     LUT as Shift Register  |  2456 |    97 |  1414 |   1.20 |   0.05 |   0.72 |
|       using O5 output only |     0 |     0 |     0 |   0.00 |   0.00 |   0.00 |
|       using O6 output only |  1286 |    97 |  1284 |   0.63 |   0.05 |   0.65 |
|       using O5 and O6      |  1170 |     0 |   130 |   0.57 |   0.00 |   0.07 |
| CLB Registers              | 51008 | 46643 | 60826 |   5.80 |   5.40 |   7.04 |
| CARRY8                     |   472 |   480 |   313 |   0.86 |   0.89 |   0.58 |
| F7 Muxes                   |   538 |   651 |  1054 |   0.24 |   0.30 |   0.49 |
| F8 Muxes                   |    16 |   141 |    47 |   0.01 |   0.13 |   0.04 |
| F9 Muxes                   |     0 |     0 |     0 |   0.00 |   0.00 |   0.00 |
| Block RAM Tile             |    41 |  82.5 |    94 |   6.10 |  12.28 |  13.99 |
|   RAMB36/FIFO              |    39 |    82 |    92 |   5.80 |  12.20 |  13.69 |
|     RAMB36E2 only          |    39 |    82 |    92 |   5.80 |  12.20 |  13.69 |
|   RAMB18                   |     4 |     1 |     4 |   0.30 |   0.07 |   0.30 |
|     RAMB18E2 only          |     4 |     1 |     4 |   0.30 |   0.07 |   0.30 |
| URAM                       |     0 |     0 |     0 |   0.00 |   0.00 |   0.00 |
| DSPs                       |     4 |     0 |     4 |   0.14 |   0.00 |   0.13 |
| Unique Control Sets        |  1647 |  1512 |  2726 |   1.50 |   1.40 |   2.52 |
+----------------------------+-------+-------+-------+--------+--------+--------+
* Note: Available Control Sets based on CLB Registers / 8


4. SLR IO Utilization
---------------------

+-----------+-----------+---------+------------+----------+------------+----------+-----+
| SLR Index | Used IOBs | (%)IOBs | Used IPADs | (%)IPADs | Used OPADs | (%)OPADs | GTs |
+-----------+-----------+---------+------------+----------+------------+----------+-----+
| SLR2      |        18 |    8.65 |          0 |     0.00 |          0 |     0.00 |   0 |
| SLR1      |         0 |    0.00 |          0 |     0.00 |          0 |     0.00 |   0 |
| SLR0      |         1 |    0.48 |          0 |     0.00 |          0 |     0.00 |  16 |
+-----------+-----------+---------+------------+----------+------------+----------+-----+
| Total     |        19 |         |          0 |          |          0 |          |  16 |
+-----------+-----------+---------+------------+----------+------------+----------+-----+


