Copyright 1986-2021 Xilinx, Inc. All Rights Reserved.
---------------------------------------------------------------------------------------
| Tool Version : Vivado v.2021.2 (lin64) Build 3367213 Tue Oct 19 02:47:39 MDT 2021
| Date         : Wed Dec 18 10:13:14 2024
| Host         : hacc-gpu0 running 64-bit Ubuntu 20.04.6 LTS
| Command      : report_utilization -file full_util_placed.rpt -pb full_util_placed.pb
| Design       : pfm_top_wrapper
| Device       : xcu280-fsvh2892-2L-e
| Speed File   : -2L
| Design State : Fully Placed
---------------------------------------------------------------------------------------

Utilization Design Information

Table of Contents
-----------------
1. CLB Logic
1.1 Summary of Registers by Type
2. CLB Logic Distribution
3. BLOCKRAM
4. ARITHMETIC
5. I/O
6. CLOCK
7. ADVANCED
8. CONFIGURATION
9. Primitives
10. Black Boxes
11. Instantiated Netlists
12. SLR Connectivity
13. SLR Connectivity Matrix
14. SLR CLB Logic and Dedicated Block Utilization
15. SLR IO Utilization

1. CLB Logic
------------

+----------------------------+--------+--------+------------+-----------+-------+
|          Site Type         |  Used  |  Fixed | Prohibited | Available | Util% |
+----------------------------+--------+--------+------------+-----------+-------+
| CLB LUTs                   | 569665 |  93280 |        960 |   1302720 | 43.73 |
|   LUT as Logic             | 422197 |  86419 |        960 |   1302720 | 32.41 |
|   LUT as Memory            | 147468 |   6861 |        480 |    600480 | 24.56 |
|     LUT as Distributed RAM |  26007 |   5173 |            |           |       |
|     LUT as Shift Register  | 121461 |   1688 |            |           |       |
| CLB Registers              | 703173 | 128746 |          0 |   2607360 | 26.97 |
|   Register as Flip Flop    | 703170 | 128744 |          0 |   2607360 | 26.97 |
|   Register as Latch        |      0 |      0 |          0 |   2607360 |  0.00 |
|   Register as AND/OR       |      3 |      2 |          0 |   2607360 | <0.01 |
| CARRY8                     |  10405 |   1069 |        120 |    162840 |  6.39 |
| F7 Muxes                   |  74919 |   1495 |        480 |    651360 | 11.50 |
| F8 Muxes                   |    970 |    204 |        240 |    325680 |  0.30 |
| F9 Muxes                   |      0 |      0 |        120 |    162840 |  0.00 |
+----------------------------+--------+--------+------------+-----------+-------+


1.1 Summary of Registers by Type
--------------------------------

+--------+--------------+-------------+--------------+
|  Total | Clock Enable | Synchronous | Asynchronous |
+--------+--------------+-------------+--------------+
| 3      |            _ |           - |            - |
| 0      |            _ |           - |          Set |
| 0      |            _ |           - |        Reset |
| 0      |            _ |         Set |            - |
| 0      |            _ |       Reset |            - |
| 0      |          Yes |           - |            - |
| 1179   |          Yes |           - |          Set |
| 5211   |          Yes |           - |        Reset |
| 10906  |          Yes |         Set |            - |
| 685874 |          Yes |       Reset |            - |
+--------+--------------+-------------+--------------+


2. CLB Logic Distribution
-------------------------

+--------------------------------------------+--------+-------+------------+-----------+-------+
|                  Site Type                 |  Used  | Fixed | Prohibited | Available | Util% |
+--------------------------------------------+--------+-------+------------+-----------+-------+
| CLB                                        | 117187 |     0 |        120 |    162840 | 71.96 |
|   CLBL                                     |  61676 |     0 |            |           |       |
|   CLBM                                     |  55511 |     0 |            |           |       |
| LUT as Logic                               | 422197 | 86419 |        960 |   1302720 | 32.41 |
|   using O5 output only                     |   5407 |       |            |           |       |
|   using O6 output only                     | 293974 |       |            |           |       |
|   using O5 and O6                          | 122816 |       |            |           |       |
| LUT as Memory                              | 147468 |  6861 |        480 |    600480 | 24.56 |
|   LUT as Distributed RAM                   |  26007 |  5173 |            |           |       |
|     using O5 output only                   |      0 |       |            |           |       |
|     using O6 output only                   |    973 |       |            |           |       |
|     using O5 and O6                        |  25034 |       |            |           |       |
|   LUT as Shift Register                    | 121461 |  1688 |            |           |       |
|     using O5 output only                   |      0 |       |            |           |       |
|     using O6 output only                   | 104577 |       |            |           |       |
|     using O5 and O6                        |  16884 |       |            |           |       |
| CLB Registers                              | 703173 |     0 |          0 |   2607360 | 26.97 |
|   Register driven from within the CLB      | 332258 |       |            |           |       |
|   Register driven from outside the CLB     | 370915 |       |            |           |       |
|     LUT in front of the register is unused | 240497 |       |            |           |       |
|     LUT in front of the register is used   | 130418 |       |            |           |       |
| Unique Control Sets                        |  14869 |       |        240 |    325680 |  4.57 |
+--------------------------------------------+--------+-------+------------+-----------+-------+
* * Note: Available Control Sets calculated as Slices * 2, Review the Control Sets Report for more information regarding control sets.


3. BLOCKRAM
-----------

+-------------------+------+-------+------------+-----------+-------+
|     Site Type     | Used | Fixed | Prohibited | Available | Util% |
+-------------------+------+-------+------------+-----------+-------+
| Block RAM Tile    |  717 |     0 |          0 |      2016 | 35.57 |
|   RAMB36/FIFO*    |  700 |   196 |          0 |      2016 | 34.72 |
|     RAMB36E2 only |  700 |       |            |           |       |
|   RAMB18          |   34 |     8 |          0 |      4032 |  0.84 |
|     RAMB18E2 only |   34 |       |            |           |       |
| URAM              |  512 |     0 |          0 |       960 | 53.33 |
+-------------------+------+-------+------------+-----------+-------+
* Note: Each Block RAM Tile only has one FIFO logic available and therefore can accommodate only one FIFO36E2 or one FIFO18E2. However, if a FIFO18E2 occupies a Block RAM Tile, that tile can still accommodate a RAMB18E2


4. ARITHMETIC
-------------

+----------------+------+-------+------------+-----------+-------+
|    Site Type   | Used | Fixed | Prohibited | Available | Util% |
+----------------+------+-------+------------+-----------+-------+
| DSPs           |  730 |     4 |          0 |      9024 |  8.09 |
|   DSP48E2 only |  730 |       |            |           |       |
+----------------+------+-------+------------+-----------+-------+


5. I/O
------

+------------------+------+-------+------------+-----------+-------+
|     Site Type    | Used | Fixed | Prohibited | Available | Util% |
+------------------+------+-------+------------+-----------+-------+
| Bonded IOB       |  158 |   158 |        327 |       297 | 53.20 |
| HPIOB_M          |   75 |    75 |        144 |       144 | 52.08 |
|   INPUT          |    4 |       |            |           |       |
|   OUTPUT         |   15 |       |            |           |       |
|   BIDIR          |   56 |       |            |           |       |
| HPIOB_S          |   76 |    76 |        145 |       143 | 53.15 |
|   INPUT          |    3 |       |            |           |       |
|   OUTPUT         |   17 |       |            |           |       |
|   BIDIR          |   56 |       |            |           |       |
| HPIOB_SNGL       |    7 |     7 |         38 |        10 | 70.00 |
|   INPUT          |    0 |       |            |           |       |
|   OUTPUT         |    5 |       |            |           |       |
|   BIDIR          |    2 |       |            |           |       |
| HPIOBDIFFINBUF   |   20 |    20 |          0 |       288 |  6.94 |
|   DIFFINBUF      |   20 |    20 |            |           |       |
| HPIOBDIFFOUTBUF  |    0 |     0 |          0 |       288 |  0.00 |
| BITSLICE_CONTROL |   24 |     0 |          0 |        96 | 25.00 |
| BITSLICE_RX_TX   |  117 |   117 |          0 |      3744 |  3.13 |
|   RXTX_BITSLICE  |  117 |   117 |            |           |       |
| BITSLICE_TX      |   24 |     0 |          0 |        96 | 25.00 |
| RIU_OR           |   12 |     0 |          0 |        48 | 25.00 |
+------------------+------+-------+------------+-----------+-------+


6. CLOCK
--------

+----------------------+------+-------+------------+-----------+-------+
|       Site Type      | Used | Fixed | Prohibited | Available | Util% |
+----------------------+------+-------+------------+-----------+-------+
| GLOBAL CLOCK BUFFERs |   68 |    37 |          0 |      1008 |  6.75 |
|   BUFGCE             |   44 |    13 |          0 |       288 | 15.28 |
|   BUFGCE_DIV         |    0 |     0 |          0 |        48 |  0.00 |
|   BUFG_GT            |   22 |    22 |          0 |       576 |  3.82 |
|   BUFGCTRL*          |    1 |     1 |          0 |        96 |  1.04 |
| PLL                  |    7 |     4 |          0 |        24 | 29.17 |
| MMCM                 |    4 |     4 |          0 |        12 | 33.33 |
+----------------------+------+-------+------------+-----------+-------+
* Note: Each used BUFGCTRL counts as two GLOBAL CLOCK BUFFERs. This table does not include global clocking resources, only buffer cell usage. See the Clock Utilization Report (report_clock_utilization) for detailed accounting of global clocking resource availability.


7. ADVANCED
-----------

+----------------------+------+-------+------------+-----------+--------+
|       Site Type      | Used | Fixed | Prohibited | Available |  Util% |
+----------------------+------+-------+------------+-----------+--------+
| CMACE4               |    0 |     0 |          0 |         8 |   0.00 |
| GTYE4_CHANNEL        |   16 |    16 |          0 |        24 |  66.67 |
| GTYE4_COMMON         |    4 |     4 |          0 |         6 |  66.67 |
| HBM_REF_CLK          |    2 |     2 |          0 |         2 | 100.00 |
| HBM_SNGLBLI_INTF_APB |    2 |     2 |          0 |        32 |   6.25 |
| HBM_SNGLBLI_INTF_AXI |   32 |    32 |          0 |        32 | 100.00 |
| ILKNE4               |    0 |     0 |          0 |         4 |   0.00 |
| OBUFDS_GTE4          |    0 |     0 |          0 |        12 |   0.00 |
| OBUFDS_GTE4_ADV      |    0 |     0 |          0 |        12 |   0.00 |
| PCIE40E4             |    0 |     0 |          0 |         2 |   0.00 |
| PCIE4CE4             |    1 |     1 |          0 |         4 |  25.00 |
| SYSMONE4             |    1 |     1 |          0 |         3 |  33.33 |
+----------------------+------+-------+------------+-----------+--------+


8. CONFIGURATION
----------------

+-------------+------+-------+------------+-----------+-------+
|  Site Type  | Used | Fixed | Prohibited | Available | Util% |
+-------------+------+-------+------------+-----------+-------+
| BSCANE2     |    1 |     1 |          0 |        12 |  8.33 |
| DNA_PORTE2  |    0 |     0 |          0 |         3 |  0.00 |
| EFUSE_USR   |    0 |     0 |          0 |         3 |  0.00 |
| FRAME_ECCE4 |    0 |     0 |          0 |         3 |  0.00 |
| ICAPE3      |    1 |     1 |          0 |         6 | 16.67 |
| MASTER_JTAG |    0 |     0 |          0 |         3 |  0.00 |
| STARTUPE3   |    1 |     1 |          0 |         3 | 33.33 |
+-------------+------+-------+------------+-----------+-------+


9. Primitives
-------------

+----------------------+--------+---------------------+
|       Ref Name       |  Used  | Functional Category |
+----------------------+--------+---------------------+
| FDRE                 | 688868 |            Register |
| LUT6                 | 161930 |                 CLB |
| LUT3                 | 154294 |                 CLB |
| SRLC32E              | 100961 |                 CLB |
| LUT2                 |  77406 |                 CLB |
| LUT4                 |  75925 |                 CLB |
| MUXF7                |  74919 |                 CLB |
| LUT5                 |  67582 |                 CLB |
| RAMD32               |  43706 |                 CLB |
| SRL16E               |  37370 |                 CLB |
| FDSE                 |  10906 |            Register |
| CARRY8               |  10405 |                 CLB |
| LUT1                 |   7876 |                 CLB |
| RAMS32               |   6499 |                 CLB |
| FDCE                 |   5236 |            Register |
| FDPE                 |   1179 |            Register |
| MUXF8                |    970 |                 CLB |
| DSP48E2              |    730 |          Arithmetic |
| RAMB36E2             |    700 |            BLOCKRAM |
| URAM288              |    512 |            BLOCKRAM |
| RAMS64E              |    420 |                 CLB |
| RAMD64E              |    416 |                 CLB |
| RXTX_BITSLICE        |    117 |                 I/O |
| IBUFCTRL             |    101 |              Others |
| INBUF                |     81 |                 I/O |
| OBUFT_DCIEN          |     72 |                 I/O |
| BUFGCE               |     44 |               Clock |
| OBUFT                |     42 |                 I/O |
| OBUF                 |     37 |                 I/O |
| RAMB18E2             |     34 |            BLOCKRAM |
| HBM_SNGLBLI_INTF_AXI |     32 |            Advanced |
| TX_BITSLICE_TRI      |     24 |                 I/O |
| BITSLICE_CONTROL     |     24 |                 I/O |
| BUFG_GT              |     22 |               Clock |
| DIFFINBUF            |     20 |                 I/O |
| INV                  |     19 |                 CLB |
| BUFG_GT_SYNC         |     17 |               Clock |
| GTYE4_CHANNEL        |     16 |            Advanced |
| SRLC16E              |     14 |                 CLB |
| RIU_OR               |     12 |                 I/O |
| HPIO_VREF            |      9 |                 I/O |
| PLLE4_ADV            |      7 |               Clock |
| MMCME4_ADV           |      4 |               Clock |
| GTYE4_COMMON         |      4 |            Advanced |
| AND2B1L              |      3 |              Others |
| HBM_SNGLBLI_INTF_APB |      2 |            Advanced |
| HBM_REF_CLK          |      2 |            Advanced |
| SYSMONE4             |      1 |            Advanced |
| STARTUPE3            |      1 |       Configuration |
| PCIE4CE4             |      1 |            Advanced |
| ICAPE3               |      1 |       Configuration |
| IBUFDS_GTE4          |      1 |                 I/O |
| BUFGCTRL             |      1 |               Clock |
| BSCANE2              |      1 |       Configuration |
+----------------------+--------+---------------------+


10. Black Boxes
---------------

+------------------------------------------------------------------------+------+
|                                Ref Name                                | Used |
+------------------------------------------------------------------------+------+
| bd_5dca_interconnect9_8_0_sc_node_v1_0_14_si_handler__parameterized3   |    1 |
| bd_5dca_interconnect9_8_0_sc_node_v1_0_14_si_handler__parameterized0   |    1 |
| bd_5dca_interconnect8_7_0_sc_node_v1_0_14_si_handler__parameterized3   |    1 |
| bd_5dca_interconnect8_7_0_sc_node_v1_0_14_si_handler__parameterized0   |    1 |
| bd_5dca_interconnect7_6_0_sc_node_v1_0_14_si_handler__parameterized3   |    1 |
| bd_5dca_interconnect7_6_0_sc_node_v1_0_14_si_handler__parameterized0   |    1 |
| bd_5dca_interconnect6_5_0_sc_node_v1_0_14_si_handler__parameterized3   |    1 |
| bd_5dca_interconnect6_5_0_sc_node_v1_0_14_si_handler__parameterized0   |    1 |
| bd_5dca_interconnect5_4_0_sc_node_v1_0_14_si_handler__parameterized3   |    1 |
| bd_5dca_interconnect5_4_0_sc_node_v1_0_14_si_handler__parameterized0   |    1 |
| bd_5dca_interconnect4_3_0_sc_node_v1_0_14_si_handler__parameterized3   |    1 |
| bd_5dca_interconnect4_3_0_sc_node_v1_0_14_si_handler__parameterized0   |    1 |
| bd_5dca_interconnect3_2_0_sc_node_v1_0_14_si_handler__parameterized3   |    1 |
| bd_5dca_interconnect3_2_0_sc_node_v1_0_14_si_handler__parameterized0   |    1 |
| bd_5dca_interconnect2_1_0_sc_node_v1_0_14_si_handler__parameterized3   |    1 |
| bd_5dca_interconnect2_1_0_sc_node_v1_0_14_si_handler__parameterized0   |    1 |
| bd_5dca_interconnect1_0_0_sc_node_v1_0_14_si_handler__parameterized3   |    1 |
| bd_5dca_interconnect1_0_0_sc_node_v1_0_14_si_handler__parameterized0   |    1 |
| bd_5dca_interconnect19_21_0_sc_node_v1_0_14_si_handler                 |    1 |
| bd_5dca_interconnect18_18_0_sc_node_v1_0_14_si_handler__parameterized3 |    1 |
| bd_5dca_interconnect18_18_0_sc_node_v1_0_14_si_handler__parameterized0 |    1 |
| bd_5dca_interconnect16_15_0_sc_node_v1_0_14_si_handler__parameterized3 |    1 |
| bd_5dca_interconnect16_15_0_sc_node_v1_0_14_si_handler__parameterized0 |    1 |
| bd_5dca_interconnect15_14_0_sc_node_v1_0_14_si_handler__parameterized3 |    1 |
| bd_5dca_interconnect15_14_0_sc_node_v1_0_14_si_handler__parameterized0 |    1 |
| bd_5dca_interconnect14_13_0_sc_node_v1_0_14_si_handler__parameterized3 |    1 |
| bd_5dca_interconnect14_13_0_sc_node_v1_0_14_si_handler__parameterized0 |    1 |
| bd_5dca_interconnect13_12_0_sc_node_v1_0_14_si_handler__parameterized3 |    1 |
| bd_5dca_interconnect13_12_0_sc_node_v1_0_14_si_handler__parameterized0 |    1 |
| bd_5dca_interconnect12_11_0_sc_node_v1_0_14_si_handler__parameterized3 |    1 |
| bd_5dca_interconnect12_11_0_sc_node_v1_0_14_si_handler__parameterized0 |    1 |
| bd_5dca_interconnect11_10_0_sc_node_v1_0_14_si_handler__parameterized3 |    1 |
| bd_5dca_interconnect11_10_0_sc_node_v1_0_14_si_handler__parameterized0 |    1 |
| bd_5dca_interconnect10_9_0_sc_node_v1_0_14_si_handler__parameterized3  |    1 |
| bd_5dca_interconnect10_9_0_sc_node_v1_0_14_si_handler__parameterized0  |    1 |
+------------------------------------------------------------------------+------+


11. Instantiated Netlists
-------------------------

+---------------------------------------------+------+
|                   Ref Name                  | Used |
+---------------------------------------------+------+
| xsdbm                                       |    2 |
| pfm_top_xmc_clk_ibuf_0                      |    1 |
| pfm_top_xbar_9                              |    1 |
| pfm_top_xbar_8                              |    1 |
| pfm_top_xbar_7                              |    1 |
| pfm_top_xbar_6                              |    1 |
| pfm_top_xbar_5                              |    1 |
| pfm_top_xbar_4                              |    1 |
| pfm_top_xbar_3                              |    1 |
| pfm_top_xbar_2                              |    1 |
| pfm_top_xbar_15                             |    1 |
| pfm_top_xbar_14                             |    1 |
| pfm_top_xbar_13                             |    1 |
| pfm_top_xbar_12                             |    1 |
| pfm_top_xbar_11                             |    1 |
| pfm_top_xbar_10                             |    1 |
| pfm_top_xbar_1                              |    1 |
| pfm_top_xbar_0                              |    1 |
| pfm_top_util_vector_logic_0_1               |    1 |
| pfm_top_util_vector_logic_0_0               |    1 |
| pfm_top_util_ds_buf_0_0                     |    1 |
| pfm_top_user_debug_hub_0                    |    1 |
| pfm_top_user_debug_bridge_0                 |    1 |
| pfm_top_sys_mgmt_wiz_0                      |    1 |
| pfm_top_scratchpad_ram_ctrl_0               |    1 |
| pfm_top_scratchpad_ram_0                    |    1 |
| pfm_top_scheduler_bram_ctrl_0               |    1 |
| pfm_top_s01_regslice_8                      |    1 |
| pfm_top_s01_regslice_7                      |    1 |
| pfm_top_s01_regslice_6                      |    1 |
| pfm_top_s00_regslice_20                     |    1 |
| pfm_top_s00_regslice_19                     |    1 |
| pfm_top_s00_regslice_18                     |    1 |
| pfm_top_s00_regslice_17                     |    1 |
| pfm_top_s00_regslice_16                     |    1 |
| pfm_top_s00_regslice_15                     |    1 |
| pfm_top_s00_regslice_14                     |    1 |
| pfm_top_reset_wdt_0                         |    1 |
| pfm_top_regslice_freq_cntr_1_0              |    1 |
| pfm_top_regslice_freq_cntr_0_0              |    1 |
| pfm_top_regslice_data_0                     |    1 |
| pfm_top_regslice_control_userpf_0           |    1 |
| pfm_top_regslice_control_mgntpf_0           |    1 |
| pfm_top_regslice_control_hbm_mgntpf_0       |    1 |
| pfm_top_register_map_ctrl_0                 |    1 |
| pfm_top_register_map_bram_0                 |    1 |
| pfm_top_psreset_scheduler_0                 |    1 |
| pfm_top_psreset_regslice_data_pr_0          |    1 |
| pfm_top_psreset_regslice_ctrl_pr_0          |    1 |
| pfm_top_psreset_ctrlclk_0                   |    1 |
| pfm_top_psreset_board_control_0             |    1 |
| pfm_top_psreset_axi_0                       |    1 |
| pfm_top_proc_sys_reset_0_0                  |    1 |
| pfm_top_pr_decoupler_3_0                    |    1 |
| pfm_top_pr_decoupler_2_0                    |    1 |
| pfm_top_pr_decoupler_1_0                    |    1 |
| pfm_top_pr_decoupler_0_0                    |    1 |
| pfm_top_pf_demux_0_0                        |    1 |
| pfm_top_pcie_0                              |    1 |
| pfm_top_msp432_bsl_crc_gen_0_0              |    1 |
| pfm_top_microblaze_scheduler_0              |    1 |
| pfm_top_microblaze_board_control_0          |    1 |
| pfm_top_mgmt_debug_hub_0                    |    1 |
| pfm_top_mgmt_debug_bridge_0                 |    1 |
| pfm_top_mdm_board_control_0                 |    1 |
| pfm_top_mb_bram_ctrl_0                      |    1 |
| pfm_top_mailbox_0_0                         |    1 |
| pfm_top_m05_regslice_0                      |    1 |
| pfm_top_m04_regslice_0                      |    1 |
| pfm_top_m03_regslice_0                      |    1 |
| pfm_top_m02_regslice_0                      |    1 |
| pfm_top_m00_regslice_0                      |    1 |
| pfm_top_logic_pll_lock_0                    |    1 |
| pfm_top_logic_hbm_init_op_0                 |    1 |
| pfm_top_lmb_bram_if_cntlr_1                 |    1 |
| pfm_top_lmb_bram_if_cntlr_0                 |    1 |
| pfm_top_lmb_bram_1                          |    1 |
| pfm_top_lmb_bram_0                          |    1 |
| pfm_top_jtag_fallback_0                     |    1 |
| pfm_top_irq_or_gate_userfirewall_0          |    1 |
| pfm_top_irq_or_gate_userdebug_firewall_0    |    1 |
| pfm_top_irq_or_gate_mgmtfirewall_0          |    1 |
| pfm_top_irq_or_gate_maxifirewall_0          |    1 |
| pfm_top_iob_static_0                        |    1 |
| pfm_top_invert_rst_0                        |    1 |
| pfm_top_invert_nearly_full_0                |    1 |
| pfm_top_invert_nearly_empty_0               |    1 |
| pfm_top_ilmb_v10_1                          |    1 |
| pfm_top_ilmb_v10_0                          |    1 |
| pfm_top_hbm_and_sdx_init_status_0           |    1 |
| pfm_top_gate_pr_inv_0                       |    1 |
| pfm_top_gate_pr_0                           |    1 |
| pfm_top_flash_programmer_0                  |    1 |
| pfm_top_fifo_generator_0_0                  |    1 |
| pfm_top_feature_rom_mmu_0                   |    1 |
| pfm_top_feature_rom_ctrl_0                  |    1 |
| pfm_top_feature_rom_0                       |    1 |
| pfm_top_embedded_scheduler_hw_0_0           |    1 |
| pfm_top_dma_pcie_0                          |    1 |
| pfm_top_dlmb_v10_1                          |    1 |
| pfm_top_dlmb_v10_0                          |    1 |
| pfm_top_cuisr_0_0                           |    1 |
| pfm_top_cq_bram_ctlr_0                      |    1 |
| pfm_top_clkwiz_sysclks_0                    |    1 |
| pfm_top_clkwiz_scheduler_0                  |    1 |
| pfm_top_clkwiz_pcie_0                       |    1 |
| pfm_top_clkwiz_kernel_0                     |    1 |
| pfm_top_clkwiz_kernel2_0                    |    1 |
| pfm_top_clkwiz_hbm_aclk_0                   |    1 |
| pfm_top_clk_wiz_0_0                         |    1 |
| pfm_top_buf_refclk_ibuf_0                   |    1 |
| pfm_top_board_i2c_ctrl_0                    |    1 |
| pfm_top_axis_register_slice_rq_0            |    1 |
| pfm_top_axis_register_slice_rc_0            |    1 |
| pfm_top_axis_register_slice_cq_0            |    1 |
| pfm_top_axis_register_slice_cc_0            |    1 |
| pfm_top_axi_vip_data_0                      |    1 |
| pfm_top_axi_vip_ctrl_userpf_0               |    1 |
| pfm_top_axi_vip_ctrl_mgntpf_0               |    1 |
| pfm_top_axi_uartlite_usb_0                  |    1 |
| pfm_top_axi_uartlite_0_0                    |    1 |
| pfm_top_axi_timebase_wdt_0                  |    1 |
| pfm_top_axi_register_slice_0_0              |    1 |
| pfm_top_axi_protocol_converter_0_0          |    1 |
| pfm_top_axi_mb_interrupts_0                 |    1 |
| pfm_top_axi_intc_0_1                        |    1 |
| pfm_top_axi_intc_0_0                        |    1 |
| pfm_top_axi_hwicap_0                        |    1 |
| pfm_top_axi_gpio_wdt_0                      |    1 |
| pfm_top_axi_gpio_qsfp_0                     |    1 |
| pfm_top_axi_gpio_mb_ctrl_0                  |    1 |
| pfm_top_axi_gpio_hbm_temp_0                 |    1 |
| pfm_top_axi_gpio_axi_rstn_0                 |    1 |
| pfm_top_axi_firewall_data_0                 |    1 |
| pfm_top_axi_firewall_ctrl_user_debug_0      |    1 |
| pfm_top_axi_firewall_ctrl_user_0            |    1 |
| pfm_top_axi_firewall_ctrl_0                 |    1 |
| pfm_top_axi_bypass_addr_0_0                 |    1 |
| pfm_top_axi_bram_ctrl_0_bram_0              |    1 |
| pfm_top_axi_bmc_gpio_0                      |    1 |
| pfm_top_auto_pc_9                           |    1 |
| pfm_top_auto_pc_8                           |    1 |
| pfm_top_auto_pc_7                           |    1 |
| pfm_top_auto_pc_6                           |    1 |
| pfm_top_auto_pc_5                           |    1 |
| pfm_top_auto_pc_4                           |    1 |
| pfm_top_auto_pc_3                           |    1 |
| pfm_top_auto_pc_2                           |    1 |
| pfm_top_auto_pc_12                          |    1 |
| pfm_top_auto_pc_11                          |    1 |
| pfm_top_auto_pc_10                          |    1 |
| pfm_top_auto_pc_1                           |    1 |
| pfm_top_auto_pc_0                           |    1 |
| pfm_top_auto_cc_9                           |    1 |
| pfm_top_auto_cc_8                           |    1 |
| pfm_top_auto_cc_7                           |    1 |
| pfm_top_auto_cc_6                           |    1 |
| pfm_top_auto_cc_5                           |    1 |
| pfm_top_auto_cc_4                           |    1 |
| pfm_top_auto_cc_3                           |    1 |
| pfm_top_auto_cc_24                          |    1 |
| pfm_top_auto_cc_23                          |    1 |
| pfm_top_auto_cc_22                          |    1 |
| pfm_top_auto_cc_21                          |    1 |
| pfm_top_auto_cc_20                          |    1 |
| pfm_top_auto_cc_2                           |    1 |
| pfm_top_auto_cc_19                          |    1 |
| pfm_top_auto_cc_18                          |    1 |
| pfm_top_auto_cc_17                          |    1 |
| pfm_top_auto_cc_16                          |    1 |
| pfm_top_auto_cc_15                          |    1 |
| pfm_top_auto_cc_14                          |    1 |
| pfm_top_auto_cc_13                          |    1 |
| pfm_top_auto_cc_12                          |    1 |
| pfm_top_auto_cc_11                          |    1 |
| pfm_top_auto_cc_10                          |    1 |
| pfm_top_auto_cc_1                           |    1 |
| pfm_top_auto_cc_0                           |    1 |
| pfm_top_Monitor_AXI_Master_p2p_0            |    1 |
| pfm_top_Monitor_AXI_Master_dma_pcie_0       |    1 |
| pfm_top_CuDmaController_0_0                 |    1 |
| pfm_dynamic_xdma_smartconnect_0             |    1 |
| pfm_dynamic_xbar_4                          |    1 |
| pfm_dynamic_xbar_3                          |    1 |
| pfm_dynamic_xbar_2                          |    1 |
| pfm_dynamic_util_and2_slr2_0                |    1 |
| pfm_dynamic_util_and2_slr1_0                |    1 |
| pfm_dynamic_util_and2_slr0_0                |    1 |
| pfm_dynamic_util_and2_hbm_ctrl_reset_0      |    1 |
| pfm_dynamic_util_and2_hbm_0                 |    1 |
| pfm_dynamic_sdx_mss_regslice_0              |    1 |
| pfm_dynamic_s00_regslice_17                 |    1 |
| pfm_dynamic_s00_regslice_16                 |    1 |
| pfm_dynamic_s00_regslice_15                 |    1 |
| pfm_dynamic_regslice_pipe_ctrl_mgntpf_0     |    1 |
| pfm_dynamic_regslice_pipe_ctrl_hbm_mgntpf_0 |    1 |
| pfm_dynamic_psreset_gate_pr_kernel_1        |    1 |
| pfm_dynamic_psreset_gate_pr_kernel_0        |    1 |
| pfm_dynamic_psreset_gate_pr_ddr_0           |    1 |
| pfm_dynamic_psreset_gate_pr_dataclk_0       |    1 |
| pfm_dynamic_psreset_gate_pr_data_2          |    1 |
| pfm_dynamic_psreset_gate_pr_data_1          |    1 |
| pfm_dynamic_psreset_gate_pr_control_2       |    1 |
| pfm_dynamic_psreset_gate_pr_control_1       |    1 |
| pfm_dynamic_psreset_gate_pr_control_0       |    1 |
| pfm_dynamic_overlay_1_0                     |    1 |
| pfm_dynamic_memory_subsystem_0              |    1 |
| pfm_dynamic_m02_regslice_0                  |    1 |
| pfm_dynamic_m01_regslice_11                 |    1 |
| pfm_dynamic_m01_regslice_10                 |    1 |
| pfm_dynamic_m00_regslice_4                  |    1 |
| pfm_dynamic_m00_regslice_3                  |    1 |
| pfm_dynamic_init_combine_mss_0              |    1 |
| pfm_dynamic_init_cal_combine_mss_0          |    1 |
| pfm_dynamic_hmss_0_0                        |    1 |
| pfm_dynamic_freq_counter_1_0                |    1 |
| pfm_dynamic_freq_counter_0_0                |    1 |
| pfm_dynamic_debug_bridge_xsdbm_0            |    1 |
| pfm_dynamic_axilite_user_input_reg_0        |    1 |
| pfm_dynamic_axi_vip_data_0                  |    1 |
| pfm_dynamic_axi_vip_ctrl_userpf_0           |    1 |
| pfm_dynamic_axi_vip_ctrl_mgntpf_0           |    1 |
| pfm_dynamic_axi_vip_ctrl_hbm_mgntpf_0       |    1 |
| pfm_dynamic_axi_gpio_null_slr2_0            |    1 |
| pfm_dynamic_axi_gpio_null_slr1_0            |    1 |
| pfm_dynamic_axi_gpio_null_slr0_0            |    1 |
| pfm_dynamic_axi_cdc_xdma_0                  |    1 |
| pfm_dynamic_auto_cc_0                       |    1 |
| pfm_dynamic                                 |    1 |
| bd_ebbe_lut_buffer_0                        |    1 |
| bd_d216_vip_ui_rst_DDR4_MEM00_0             |    1 |
| bd_d216_vip_ui_clk_DDR4_MEM00_0             |    1 |
| bd_d216_vip_ctrl_DDR4_MEM00_0               |    1 |
| bd_d216_vip_S03_AXI_0                       |    1 |
| bd_d216_vip_S02_AXI_0                       |    1 |
| bd_d216_vip_S01_AXI_0                       |    1 |
| bd_d216_vip_S00_AXI_0                       |    1 |
| bd_d216_vip_DDR4_MEM00_0                    |    1 |
| bd_d216_psr_ddr4_mem00_0                    |    1 |
| bd_d216_psr_ctrl_interconnect_0             |    1 |
| bd_d216_psr_aclk_SLR0_0                     |    1 |
| bd_d216_interconnect_ddrmem_ctrl_0          |    1 |
| bd_d216_interconnect_DDR4_MEM00_0           |    1 |
| bd_d216_ddr4_mem00_memory_init_0            |    1 |
| bd_d216_ddr4_mem00_ctrl_cc_0                |    1 |
| bd_d216_ddr4_mem00_0_phy                    |    1 |
| bd_d216_ddr4_mem00_0                        |    1 |
| bd_d216_calib_reduce_0                      |    1 |
| bd_5dca_vip_S23_0                           |    1 |
| bd_5dca_vip_S22_0                           |    1 |
| bd_5dca_vip_S21_0                           |    1 |
| bd_5dca_vip_S20_0                           |    1 |
| bd_5dca_vip_S19_0                           |    1 |
| bd_5dca_vip_S18_0                           |    1 |
| bd_5dca_vip_S17_0                           |    1 |
| bd_5dca_vip_S16_0                           |    1 |
| bd_5dca_vip_S15_0                           |    1 |
| bd_5dca_vip_S14_0                           |    1 |
| bd_5dca_vip_S13_0                           |    1 |
| bd_5dca_vip_S12_0                           |    1 |
| bd_5dca_vip_S11_0                           |    1 |
| bd_5dca_vip_S10_0                           |    1 |
| bd_5dca_vip_S09_0                           |    1 |
| bd_5dca_vip_S08_0                           |    1 |
| bd_5dca_vip_S07_0                           |    1 |
| bd_5dca_vip_S06_0                           |    1 |
| bd_5dca_vip_S05_0                           |    1 |
| bd_5dca_vip_S04_0                           |    1 |
| bd_5dca_vip_S03_0                           |    1 |
| bd_5dca_vip_S02_0                           |    1 |
| bd_5dca_vip_S01_0                           |    1 |
| bd_5dca_vip_S00_0                           |    1 |
| bd_5dca_util_vector_logic_0                 |    1 |
| bd_5dca_slice9_8_0                          |    1 |
| bd_5dca_slice8_7_0                          |    1 |
| bd_5dca_slice7_6_0                          |    1 |
| bd_5dca_slice6_5_0                          |    1 |
| bd_5dca_slice5_4_0                          |    1 |
| bd_5dca_slice4_3_0                          |    1 |
| bd_5dca_slice3_2_0                          |    1 |
| bd_5dca_slice2_1_0                          |    1 |
| bd_5dca_slice23_24_0                        |    1 |
| bd_5dca_slice22_22_0                        |    1 |
| bd_5dca_slice21_20_0                        |    1 |
| bd_5dca_slice20_23_0                        |    1 |
| bd_5dca_slice1_0_0                          |    1 |
| bd_5dca_slice19_21_0                        |    1 |
| bd_5dca_slice18_18_0                        |    1 |
| bd_5dca_slice17_16_0                        |    1 |
| bd_5dca_slice16_15_0                        |    1 |
| bd_5dca_slice15_14_0                        |    1 |
| bd_5dca_slice14_13_0                        |    1 |
| bd_5dca_slice13_12_0                        |    1 |
| bd_5dca_slice12_11_0                        |    1 |
| bd_5dca_slice11_10_0                        |    1 |
| bd_5dca_slice10_9_0                         |    1 |
| bd_5dca_slice0_26_0                         |    1 |
| bd_5dca_interconnect9_8_0                   |    1 |
| bd_5dca_interconnect8_7_0                   |    1 |
| bd_5dca_interconnect7_6_0                   |    1 |
| bd_5dca_interconnect6_5_0                   |    1 |
| bd_5dca_interconnect5_4_0                   |    1 |
| bd_5dca_interconnect4_3_0                   |    1 |
| bd_5dca_interconnect3_2_0                   |    1 |
| bd_5dca_interconnect2_1_0                   |    1 |
| bd_5dca_interconnect23_24_0                 |    1 |
| bd_5dca_interconnect22_22_0                 |    1 |
| bd_5dca_interconnect21_20_0                 |    1 |
| bd_5dca_interconnect20_23_0                 |    1 |
| bd_5dca_interconnect1_0_0                   |    1 |
| bd_5dca_interconnect19_21_0                 |    1 |
| bd_5dca_interconnect18_18_0                 |    1 |
| bd_5dca_interconnect17_16_0                 |    1 |
| bd_5dca_interconnect16_15_0                 |    1 |
| bd_5dca_interconnect15_14_0                 |    1 |
| bd_5dca_interconnect14_13_0                 |    1 |
| bd_5dca_interconnect13_12_0                 |    1 |
| bd_5dca_interconnect12_11_0                 |    1 |
| bd_5dca_interconnect11_10_0                 |    1 |
| bd_5dca_interconnect10_9_0                  |    1 |
| bd_5dca_interconnect0_26_0                  |    1 |
| bd_5dca_init_reduce_0                       |    1 |
| bd_5dca_hbm_reset_sync_SLR2_0               |    1 |
| bd_5dca_hbm_reset_sync_SLR0_0               |    1 |
| bd_5dca_hbm_inst_0                          |    1 |
| bd_5dca_axi_apb_bridge_inst_0               |    1 |
| bd_4042_bs_switch_0                         |    1 |
| bd_3566_bsip_0                              |    1 |
| bd_3566_bs_switch_1_0                       |    1 |
| bd_3566_axi_jtag_0                          |    1 |
| bd_2e71_xsdbm_0                             |    1 |
| bd_2e71_lut_buffer_0                        |    1 |
| bd_2e71_bs_switch_0                         |    1 |
| bd_256f_lut_buffer_0                        |    1 |
| bd_256f_bs_switch_0                         |    1 |
| bd_0301_bsip_0                              |    1 |
| bd_0301_bs_switch_2                         |    1 |
| bd_0301_bs_switch_1_0                       |    1 |
| bd_0301_bs_mux_0                            |    1 |
| bd_0301_axi_jtag_0                          |    1 |
+---------------------------------------------+------+


12. SLR Connectivity
--------------------

+----------------------------------+-------+-------+-----------+-------+
|                                  |  Used | Fixed | Available | Util% |
+----------------------------------+-------+-------+-----------+-------+
| SLR2 <-> SLR1                    | 11601 |       |     23040 | 50.35 |
|   SLR1 -> SLR2                   |  6554 |       |           | 28.45 |
|     Using TX_REG only            |     1 |     1 |           |       |
|     Using RX_REG only            |    18 |    18 |           |       |
|     Using Both TX_REG and RX_REG |   267 |     1 |           |       |
|   SLR2 -> SLR1                   |  5047 |       |           | 21.91 |
|     Using TX_REG only            |     0 |     0 |           |       |
|     Using RX_REG only            |     4 |     4 |           |       |
|     Using Both TX_REG and RX_REG |   407 |     0 |           |       |
| SLR1 <-> SLR0                    | 16482 |       |     23040 | 71.54 |
|   SLR0 -> SLR1                   | 11686 |       |           | 50.72 |
|     Using TX_REG only            |    71 |    71 |           |       |
|     Using RX_REG only            |    61 |    61 |           |       |
|     Using Both TX_REG and RX_REG |   366 |    55 |           |       |
|   SLR1 -> SLR0                   |  4796 |       |           | 20.82 |
|     Using TX_REG only            |    62 |    62 |           |       |
|     Using RX_REG only            |    72 |    71 |           |       |
|     Using Both TX_REG and RX_REG |   442 |    60 |           |       |
+----------------------------------+-------+-------+-----------+-------+
| Total SLLs Used                  | 28083 |       |           |       |
+----------------------------------+-------+-------+-----------+-------+


13. SLR Connectivity Matrix
---------------------------

+-----------+------+-------+------+
| FROM \ TO | SLR2 |  SLR1 | SLR0 |
+-----------+------+-------+------+
| SLR2      |    0 |  4785 |  262 |
| SLR1      | 6362 |     0 | 4534 |
| SLR0      |  192 | 11494 |    0 |
+-----------+------+-------+------+


14. SLR CLB Logic and Dedicated Block Utilization
-------------------------------------------------

+----------------------------+--------+--------+--------+--------+--------+--------+
|          Site Type         |  SLR0  |  SLR1  |  SLR2  | SLR0 % | SLR1 % | SLR2 % |
+----------------------------+--------+--------+--------+--------+--------+--------+
| CLB                        |  24347 |  53702 |  39138 |  44.30 |  99.45 |  72.48 |
|   CLBL                     |  12327 |  29102 |  20247 |  42.10 |  99.39 |  69.15 |
|   CLBM                     |  12020 |  24600 |  18891 |  46.81 |  99.51 |  76.42 |
| CLB LUTs                   |  86546 | 303101 | 180018 |  19.68 |  70.16 |  41.67 |
|   LUT as Logic             |  66768 | 225221 | 130208 |  15.19 |  52.13 |  30.14 |
|     using O5 output only   |   2489 |   1210 |   1708 |   0.57 |   0.28 |   0.40 |
|     using O6 output only   |  39552 | 166911 |  87511 |   9.00 |  38.64 |  20.26 |
|     using O5 and O6        |  24727 |  57100 |  40989 |   5.62 |  13.22 |   9.49 |
|   LUT as Memory            |  19778 |  77880 |  49810 |   9.63 |  39.38 |  25.19 |
|     LUT as Distributed RAM |  16976 |   5073 |   3958 |   8.26 |   2.57 |   2.00 |
|       using O5 output only |      0 |      0 |      0 |   0.00 |   0.00 |   0.00 |
|       using O6 output only |    152 |    731 |     90 |   0.07 |   0.37 |   0.05 |
|       using O5 and O6      |  16824 |   4342 |   3868 |   8.19 |   2.20 |   1.96 |
|     LUT as Shift Register  |   2802 |  72807 |  45852 |   1.36 |  36.82 |  23.19 |
|       using O5 output only |      0 |      0 |      0 |   0.00 |   0.00 |   0.00 |
|       using O6 output only |   1901 |  63318 |  39358 |   0.93 |  32.02 |  19.90 |
|       using O5 and O6      |    901 |   9489 |   6494 |   0.44 |   4.80 |   3.28 |
| CLB Registers              | 155333 | 345725 | 202115 |  17.66 |  40.01 |  23.39 |
| CARRY8                     |    848 |   6622 |   2935 |   1.54 |  12.26 |   5.44 |
| F7 Muxes                   |   1006 |  44857 |  29056 |   0.46 |  20.77 |  13.45 |
| F8 Muxes                   |    109 |    750 |    111 |   0.10 |   0.69 |   0.10 |
| F9 Muxes                   |      0 |      0 |      0 |   0.00 |   0.00 |   0.00 |
| Block RAM Tile             |    120 |    439 |    158 |  17.86 |  65.33 |  23.51 |
|   RAMB36/FIFO              |    116 |    428 |    156 |  17.26 |  63.69 |  23.21 |
|     RAMB36E2 only          |    116 |    428 |    156 |  17.26 |  63.69 |  23.21 |
|   RAMB18                   |      8 |     22 |      4 |   0.60 |   1.64 |   0.30 |
|     RAMB18E2 only          |      8 |     22 |      4 |   0.60 |   1.64 |   0.30 |
| URAM                       |      0 |    280 |    232 |   0.00 |  87.50 |  72.50 |
| DSPs                       |      3 |    499 |    228 |   0.10 |  16.24 |   7.42 |
| Unique Control Sets        |   4694 |   5430 |   4831 |   4.27 |   5.03 |   4.47 |
+----------------------------+--------+--------+--------+--------+--------+--------+
* Note: Available Control Sets based on CLB Registers / 8


15. SLR IO Utilization
----------------------

+-----------+-----------+---------+------------+----------+------------+----------+-----+
| SLR Index | Used IOBs | (%)IOBs | Used IPADs | (%)IPADs | Used OPADs | (%)OPADs | GTs |
+-----------+-----------+---------+------------+----------+------------+----------+-----+
| SLR2      |        18 |    8.65 |          0 |     0.00 |          0 |     0.00 |   0 |
| SLR1      |         0 |    0.00 |          0 |     0.00 |          0 |     0.00 |   0 |
| SLR0      |       140 |   67.31 |          0 |     0.00 |          0 |     0.00 |  16 |
+-----------+-----------+---------+------------+----------+------------+----------+-----+
| Total     |       158 |         |          0 |          |          0 |          |  16 |
+-----------+-----------+---------+------------+----------+------------+----------+-----+


