Copyright 1986-2021 Xilinx, Inc. All Rights Reserved.
-------------------------------------------------------------------------------------------------------------------------------------------------------------------------------------------------------------------------------------------------------------------------------------------------------------------------------------------------------------------------------------------------------------------------------------------------------------------------------------------------------
| Tool Version : Vivado v.2021.2 (lin64) Build 3367213 Tue Oct 19 02:47:39 MDT 2021
| Date         : Sun Nov 17 23:30:47 2024
| Host         : hacc-gpu0 running 64-bit Ubuntu 20.04.6 LTS
| Command      : report_accelerator_utilization -kernels { krnl_vaddmul:pfm_top_i/dynamic_region/krnl_vaddmul_1/inst:krnl_vaddmul_1 krnl_vaddmul:pfm_top_i/dynamic_region/krnl_vaddmul_2/inst:krnl_vaddmul_2 krnl_vaddmul:pfm_top_i/dynamic_region/krnl_vaddmul_3/inst:krnl_vaddmul_3 krnl_vaddmul:pfm_top_i/dynamic_region/krnl_vaddmul_4/inst:krnl_vaddmul_4 krnl_vaddmul:pfm_top_i/dynamic_region/krnl_vaddmul_5/inst:krnl_vaddmul_5} -file kernel_util_synthed.rpt -name kernel_util_synthed -json
| Design       : pfm_top_wrapper
| Device       : xcu280
| Design State : Synthesized
-------------------------------------------------------------------------------------------------------------------------------------------------------------------------------------------------------------------------------------------------------------------------------------------------------------------------------------------------------------------------------------------------------------------------------------------------------------------------------------------------------

Accelerator Utilization Design Information

Table of Contents
-----------------
1. System Utilization

1. System Utilization
---------------------

+---------------------+-------------------+------------------+-------------------+----------------+---------------+----------------+
| Name                | LUT               | LUTAsMem         | REG               | BRAM           | URAM          | DSP            |
+---------------------+-------------------+------------------+-------------------+----------------+---------------+----------------+
| Platform            |  175604 [ 13.48%] |  39692 [  6.61%] |  262802 [ 10.08%] |  204 [ 10.12%] |   0 [  0.00%] |    4 [  0.04%] |
| User Budget         | 1127116 [100.00%] | 560788 [100.00%] | 2344558 [100.00%] | 1812 [100.00%] | 960 [100.00%] | 9020 [100.00%] |
|    Used Resources   |   61675 [  5.47%] |  31505 [  5.62%] |   84630 [  3.61%] |  160 [  8.83%] |   0 [  0.00%] |  175 [  1.94%] |
|    Unused Resources | 1065441 [ 94.53%] | 529283 [ 94.38%] | 2259928 [ 96.39%] | 1652 [ 91.17%] | 960 [100.00%] | 8845 [ 98.06%] |
| krnl_vaddmul        |   61675 [  5.47%] |  31505 [  5.62%] |   84630 [  3.61%] |  160 [  8.83%] |   0 [  0.00%] |  175 [  1.94%] |
|    krnl_vaddmul_1   |   12335 [  1.09%] |   6301 [  1.12%] |   16926 [  0.72%] |   32 [  1.77%] |   0 [  0.00%] |   35 [  0.39%] |
|    krnl_vaddmul_2   |   12335 [  1.09%] |   6301 [  1.12%] |   16926 [  0.72%] |   32 [  1.77%] |   0 [  0.00%] |   35 [  0.39%] |
|    krnl_vaddmul_3   |   12335 [  1.09%] |   6301 [  1.12%] |   16926 [  0.72%] |   32 [  1.77%] |   0 [  0.00%] |   35 [  0.39%] |
|    krnl_vaddmul_4   |   12335 [  1.09%] |   6301 [  1.12%] |   16926 [  0.72%] |   32 [  1.77%] |   0 [  0.00%] |   35 [  0.39%] |
|    krnl_vaddmul_5   |   12335 [  1.09%] |   6301 [  1.12%] |   16926 [  0.72%] |   32 [  1.77%] |   0 [  0.00%] |   35 [  0.39%] |
+---------------------+-------------------+------------------+-------------------+----------------+---------------+----------------+


