Copyright 1986-2021 Xilinx, Inc. All Rights Reserved.
----------------------------------------------------------------------------------------------------------------------------------------------------------------------------------------
| Tool Version : Vivado v.2021.2 (lin64) Build 3367213 Tue Oct 19 02:47:39 MDT 2021
| Date         : Fri Nov 15 21:27:34 2024
| Host         : hacc-gpu0 running 64-bit Ubuntu 20.04.6 LTS
| Command      : report_accelerator_utilization -kernels { krnl_vadd:pfm_top_i/dynamic_region/krnl_vadd_1/inst:krnl_vadd_1} -file kernel_util_routed.rpt -name kernel_util_routed -json
| Design       : pfm_top_wrapper
| Device       : xcu280
| Design State : Routed
----------------------------------------------------------------------------------------------------------------------------------------------------------------------------------------

Accelerator Utilization Design Information

Table of Contents
-----------------
1. System Utilization

1. System Utilization
---------------------

+---------------------+-------------------+------------------+-------------------+----------------+---------------+----------------+
| Name                | LUT               | LUTAsMem         | REG               | BRAM           | URAM          | DSP            |
+---------------------+-------------------+------------------+-------------------+----------------+---------------+----------------+
| Platform            |  103605 [  7.95%] |  10248 [  1.71%] |  150857 [  5.79%] |  202 [ 10.02%] |   0 [  0.00%] |    4 [  0.04%] |
| User Budget         | 1199115 [100.00%] | 590232 [100.00%] | 2456503 [100.00%] | 1814 [100.00%] | 960 [100.00%] | 9020 [100.00%] |
|    Used Resources   |    5466 [  0.46%] |    759 [  0.13%] |    9645 [  0.39%] |   15 [  0.83%] |   0 [  0.00%] |    4 [  0.04%] |
|    Unused Resources | 1193649 [ 99.54%] | 589473 [ 99.87%] | 2446858 [ 99.61%] | 1799 [ 99.17%] | 960 [100.00%] | 9016 [ 99.96%] |
| krnl_vadd           |    5466 [  0.46%] |    759 [  0.13%] |    9645 [  0.39%] |   15 [  0.83%] |   0 [  0.00%] |    4 [  0.04%] |
|    krnl_vadd_1      |    5466 [  0.46%] |    759 [  0.13%] |    9645 [  0.39%] |   15 [  0.83%] |   0 [  0.00%] |    4 [  0.04%] |
+---------------------+-------------------+------------------+-------------------+----------------+---------------+----------------+


