Copyright 1986-2021 Xilinx, Inc. All Rights Reserved.
------------------------------------------------------------------------------------------
| Tool Version : Vivado v.2021.2 (lin64) Build 3367213 Tue Oct 19 02:47:39 MDT 2021
| Date         : Sun Nov 17 01:03:51 2024
| Host         : hacc-gpu0 running 64-bit Ubuntu 20.04.6 LTS
| Command      : report_utilization -slr -file slr_util_placed.rpt -pb slr_util_placed.pb
| Design       : pfm_top_wrapper
| Device       : xcu280-fsvh2892-2L-e
| Speed File   : -2L
| Design State : Fully Placed
------------------------------------------------------------------------------------------

Utilization Design Information

Table of Contents
-----------------
1. SLR Connectivity
2. SLR Connectivity Matrix
3. SLR CLB Logic and Dedicated Block Utilization
4. SLR IO Utilization

1. SLR Connectivity
-------------------

+----------------------------------+------+-------+-----------+-------+
|                                  | Used | Fixed | Available | Util% |
+----------------------------------+------+-------+-----------+-------+
| SLR2 <-> SLR1                    | 3958 |       |     23040 | 17.18 |
|   SLR1 -> SLR2                   | 2086 |       |           |  9.05 |
|     Using TX_REG only            |    1 |     1 |           |       |
|     Using RX_REG only            |   18 |    18 |           |       |
|     Using Both TX_REG and RX_REG |  267 |     1 |           |       |
|   SLR2 -> SLR1                   | 1872 |       |           |  8.13 |
|     Using TX_REG only            |    0 |     0 |           |       |
|     Using RX_REG only            |    4 |     4 |           |       |
|     Using Both TX_REG and RX_REG |  407 |     0 |           |       |
| SLR1 <-> SLR0                    | 2533 |       |     23040 | 10.99 |
|   SLR0 -> SLR1                   | 1138 |       |           |  4.94 |
|     Using TX_REG only            |   71 |    71 |           |       |
|     Using RX_REG only            |   61 |    61 |           |       |
|     Using Both TX_REG and RX_REG |  355 |    55 |           |       |
|   SLR1 -> SLR0                   | 1395 |       |           |  6.05 |
|     Using TX_REG only            |   62 |    62 |           |       |
|     Using RX_REG only            |   72 |    71 |           |       |
|     Using Both TX_REG and RX_REG |  435 |    60 |           |       |
+----------------------------------+------+-------+-----------+-------+
| Total SLLs Used                  | 6491 |       |           |       |
+----------------------------------+------+-------+-----------+-------+


2. SLR Connectivity Matrix
--------------------------

+-----------+------+------+------+
| FROM \ TO | SLR2 | SLR1 | SLR0 |
+-----------+------+------+------+
| SLR2      |    0 | 1714 |  158 |
| SLR1      | 1946 |    0 | 1237 |
| SLR0      |  140 |  998 |    0 |
+-----------+------+------+------+


3. SLR CLB Logic and Dedicated Block Utilization
------------------------------------------------

+----------------------------+--------+-------+-------+--------+--------+--------+
|          Site Type         |  SLR0  |  SLR1 |  SLR2 | SLR0 % | SLR1 % | SLR2 % |
+----------------------------+--------+-------+-------+--------+--------+--------+
| CLB                        |  18824 |  7516 |  8304 |  34.25 |  13.92 |  15.38 |
|   CLBL                     |   9557 |  3768 |  4277 |  32.64 |  12.87 |  14.61 |
|   CLBM                     |   9267 |  3748 |  4027 |  36.09 |  15.16 |  16.29 |
| CLB LUTs                   |  66921 | 47632 | 35320 |  15.22 |  11.03 |   8.18 |
|   LUT as Logic             |  50075 | 43660 | 32282 |  11.39 |  10.11 |   7.47 |
|     using O5 output only   |   1039 |   287 |  1004 |   0.24 |   0.07 |   0.23 |
|     using O6 output only   |  31137 | 34243 | 19515 |   7.08 |   7.93 |   4.52 |
|     using O5 and O6        |  17899 |  9130 | 11763 |   4.07 |   2.11 |   2.72 |
|   LUT as Memory            |  16846 |  3972 |  3038 |   8.20 |   2.01 |   1.54 |
|     LUT as Distributed RAM |   8864 |  3837 |  1660 |   4.31 |   1.94 |   0.84 |
|       using O5 output only |      0 |     0 |     0 |   0.00 |   0.00 |   0.00 |
|       using O6 output only |     80 |   215 |    84 |   0.04 |   0.11 |   0.04 |
|       using O5 and O6      |   8784 |  3622 |  1576 |   4.28 |   1.83 |   0.80 |
|     LUT as Shift Register  |   7982 |   135 |  1378 |   3.89 |   0.07 |   0.70 |
|       using O5 output only |      0 |     0 |     0 |   0.00 |   0.00 |   0.00 |
|       using O6 output only |   4748 |   135 |  1248 |   2.31 |   0.07 |   0.63 |
|       using O5 and O6      |   3234 |     0 |   130 |   1.57 |   0.00 |   0.07 |
| CLB Registers              | 138377 | 46332 | 60487 |  15.74 |   5.36 |   7.00 |
| CARRY8                     |   1788 |   473 |   313 |   3.25 |   0.88 |   0.58 |
| F7 Muxes                   |   1860 |   651 |  1054 |   0.85 |   0.30 |   0.49 |
| F8 Muxes                   |    480 |   141 |    47 |   0.44 |   0.13 |   0.04 |
| F9 Muxes                   |      0 |     0 |     0 |   0.00 |   0.00 |   0.00 |
| Block RAM Tile             |  207.5 |  80.5 |    94 |  30.88 |  11.98 |  13.99 |
|   RAMB36/FIFO              |    206 |    80 |    92 |  30.65 |  11.90 |  13.69 |
|     RAMB36E2 only          |    206 |    80 |    92 |  30.65 |  11.90 |  13.69 |
|   RAMB18                   |      3 |     1 |     4 |   0.22 |   0.07 |   0.30 |
|     RAMB18E2 only          |      3 |     1 |     4 |   0.22 |   0.07 |   0.30 |
| URAM                       |      0 |     0 |     0 |   0.00 |   0.00 |   0.00 |
| DSPs                       |    400 |     0 |     4 |  13.89 |   0.00 |   0.13 |
| Unique Control Sets        |   3245 |  1503 |  2723 |   2.95 |   1.39 |   2.52 |
+----------------------------+--------+-------+-------+--------+--------+--------+
* Note: Available Control Sets based on CLB Registers / 8


4. SLR IO Utilization
---------------------

+-----------+-----------+---------+------------+----------+------------+----------+-----+
| SLR Index | Used IOBs | (%)IOBs | Used IPADs | (%)IPADs | Used OPADs | (%)OPADs | GTs |
+-----------+-----------+---------+------------+----------+------------+----------+-----+
| SLR2      |        18 |    8.65 |          0 |     0.00 |          0 |     0.00 |   0 |
| SLR1      |         0 |    0.00 |          0 |     0.00 |          0 |     0.00 |   0 |
| SLR0      |         1 |    0.48 |          0 |     0.00 |          0 |     0.00 |  16 |
+-----------+-----------+---------+------------+----------+------------+----------+-----+
| Total     |        19 |         |          0 |          |          0 |          |  16 |
+-----------+-----------+---------+------------+----------+------------+----------+-----+


