Copyright 1986-2021 Xilinx, Inc. All Rights Reserved.
------------------------------------------------------------------------------------------
| Tool Version : Vivado v.2021.2 (lin64) Build 3367213 Tue Oct 19 02:47:39 MDT 2021
| Date         : Wed Nov 20 00:25:39 2024
| Host         : hacc-gpu0 running 64-bit Ubuntu 20.04.6 LTS
| Command      : report_utilization -slr -file slr_util_placed.rpt -pb slr_util_placed.pb
| Design       : pfm_top_wrapper
| Device       : xcu280-fsvh2892-2L-e
| Speed File   : -2L
| Design State : Fully Placed
------------------------------------------------------------------------------------------

Utilization Design Information

Table of Contents
-----------------
1. SLR Connectivity
2. SLR Connectivity Matrix
3. SLR CLB Logic and Dedicated Block Utilization
4. SLR IO Utilization

1. SLR Connectivity
-------------------

+----------------------------------+------+-------+-----------+-------+
|                                  | Used | Fixed | Available | Util% |
+----------------------------------+------+-------+-----------+-------+
| SLR2 <-> SLR1                    | 3948 |       |     23040 | 17.14 |
|   SLR1 -> SLR2                   | 2079 |       |           |  9.02 |
|     Using TX_REG only            |    1 |     1 |           |       |
|     Using RX_REG only            |   18 |    18 |           |       |
|     Using Both TX_REG and RX_REG |  286 |     1 |           |       |
|   SLR2 -> SLR1                   | 1869 |       |           |  8.11 |
|     Using TX_REG only            |    0 |     0 |           |       |
|     Using RX_REG only            |    4 |     4 |           |       |
|     Using Both TX_REG and RX_REG |  407 |     0 |           |       |
| SLR1 <-> SLR0                    | 2525 |       |     23040 | 10.96 |
|   SLR0 -> SLR1                   | 1135 |       |           |  4.93 |
|     Using TX_REG only            |   71 |    71 |           |       |
|     Using RX_REG only            |   61 |    61 |           |       |
|     Using Both TX_REG and RX_REG |  355 |    55 |           |       |
|   SLR1 -> SLR0                   | 1390 |       |           |  6.03 |
|     Using TX_REG only            |   62 |    62 |           |       |
|     Using RX_REG only            |   72 |    71 |           |       |
|     Using Both TX_REG and RX_REG |  439 |    60 |           |       |
+----------------------------------+------+-------+-----------+-------+
| Total SLLs Used                  | 6473 |       |           |       |
+----------------------------------+------+-------+-----------+-------+


2. SLR Connectivity Matrix
--------------------------

+-----------+------+------+------+
| FROM \ TO | SLR2 | SLR1 | SLR0 |
+-----------+------+------+------+
| SLR2      |    0 | 1677 |  192 |
| SLR1      | 1937 |    0 | 1198 |
| SLR0      |  142 |  993 |    0 |
+-----------+------+------+------+


3. SLR CLB Logic and Dedicated Block Utilization
------------------------------------------------

+----------------------------+-------+-------+-------+--------+--------+--------+
|          Site Type         |  SLR0 |  SLR1 |  SLR2 | SLR0 % | SLR1 % | SLR2 % |
+----------------------------+-------+-------+-------+--------+--------+--------+
| CLB                        | 13062 |  6618 |  8002 |  23.77 |  12.26 |  14.82 |
|   CLBL                     |  6529 |  3327 |  4132 |  22.30 |  11.36 |  14.11 |
|   CLBM                     |  6533 |  3291 |  3870 |  25.44 |  13.31 |  15.66 |
| CLB LUTs                   | 51066 | 47523 | 35438 |  11.61 |  11.00 |   8.20 |
|   LUT as Logic             | 45398 | 43587 | 32366 |  10.33 |  10.09 |   7.49 |
|     using O5 output only   |   552 |   285 |  1004 |   0.13 |   0.07 |   0.23 |
|     using O6 output only   | 30939 | 34189 | 19566 |   7.04 |   7.91 |   4.53 |
|     using O5 and O6        | 13907 |  9113 | 11796 |   3.16 |   2.11 |   2.73 |
|   LUT as Memory            |  5668 |  3936 |  3072 |   2.76 |   1.99 |   1.55 |
|     LUT as Distributed RAM |  1832 |  3837 |  1660 |   0.89 |   1.94 |   0.84 |
|       using O5 output only |     0 |     0 |     0 |   0.00 |   0.00 |   0.00 |
|       using O6 output only |    88 |   215 |    84 |   0.04 |   0.11 |   0.04 |
|       using O5 and O6      |  1744 |  3622 |  1576 |   0.85 |   1.83 |   0.80 |
|     LUT as Shift Register  |  3836 |    99 |  1412 |   1.87 |   0.05 |   0.71 |
|       using O5 output only |     0 |     0 |     0 |   0.00 |   0.00 |   0.00 |
|       using O6 output only |  2666 |    99 |  1282 |   1.30 |   0.05 |   0.65 |
|       using O5 and O6      |  1170 |     0 |   130 |   0.57 |   0.00 |   0.07 |
| CLB Registers              | 90265 | 46193 | 60824 |  10.26 |   5.35 |   7.04 |
| CARRY8                     |  3001 |   473 |   313 |   5.46 |   0.88 |   0.58 |
| F7 Muxes                   |   681 |   651 |  1054 |   0.31 |   0.30 |   0.49 |
| F8 Muxes                   |    16 |   141 |    47 |   0.01 |   0.13 |   0.04 |
| F9 Muxes                   |     0 |     0 |     0 |   0.00 |   0.00 |   0.00 |
| Block RAM Tile             |  50.5 |  80.5 |    94 |   7.51 |  11.98 |  13.99 |
|   RAMB36/FIFO              |    48 |    80 |    92 |   7.14 |  11.90 |  13.69 |
|     RAMB36E2 only          |    48 |    80 |    92 |   7.14 |  11.90 |  13.69 |
|   RAMB18                   |     5 |     1 |     4 |   0.37 |   0.07 |   0.30 |
|     RAMB18E2 only          |     5 |     1 |     4 |   0.37 |   0.07 |   0.30 |
| URAM                       |     0 |     0 |     0 |   0.00 |   0.00 |   0.00 |
| DSPs                       |     0 |     0 |     4 |   0.00 |   0.00 |   0.13 |
| Unique Control Sets        |  1795 |  1496 |  2729 |   1.63 |   1.39 |   2.53 |
+----------------------------+-------+-------+-------+--------+--------+--------+
* Note: Available Control Sets based on CLB Registers / 8


4. SLR IO Utilization
---------------------

+-----------+-----------+---------+------------+----------+------------+----------+-----+
| SLR Index | Used IOBs | (%)IOBs | Used IPADs | (%)IPADs | Used OPADs | (%)OPADs | GTs |
+-----------+-----------+---------+------------+----------+------------+----------+-----+
| SLR2      |        18 |    8.65 |          0 |     0.00 |          0 |     0.00 |   0 |
| SLR1      |         0 |    0.00 |          0 |     0.00 |          0 |     0.00 |   0 |
| SLR0      |         1 |    0.48 |          0 |     0.00 |          0 |     0.00 |  16 |
+-----------+-----------+---------+------------+----------+------------+----------+-----+
| Total     |        19 |         |          0 |          |          0 |          |  16 |
+-----------+-----------+---------+------------+----------+------------+----------+-----+


