Copyright 1986-2021 Xilinx, Inc. All Rights Reserved.
----------------------------------------------------------------------------------------------------------------------------------------------------------------------------------------
| Tool Version : Vivado v.2021.2 (lin64) Build 3367213 Tue Oct 19 02:47:39 MDT 2021
| Date         : Thu Nov 21 08:22:02 2024
| Host         : hacc-gpu0 running 64-bit Ubuntu 20.04.6 LTS
| Command      : report_accelerator_utilization -kernels { krnl_vadd:pfm_top_i/dynamic_region/krnl_vadd_1/inst:krnl_vadd_1} -file kernel_util_placed.rpt -name kernel_util_placed -json
| Design       : pfm_top_wrapper
| Device       : xcu280
| Design State : Fully Placed
----------------------------------------------------------------------------------------------------------------------------------------------------------------------------------------

Accelerator Utilization Design Information

Table of Contents
-----------------
1. System Utilization

1. System Utilization
---------------------

+---------------------+-------------------+------------------+-------------------+----------------+---------------+----------------+
| Name                | LUT               | LUTAsMem         | REG               | BRAM           | URAM          | DSP            |
+---------------------+-------------------+------------------+-------------------+----------------+---------------+----------------+
| Platform            |  104101 [  7.99%] |  10550 [  1.76%] |  152483 [  5.85%] |  202 [ 10.02%] |   0 [  0.00%] |    4 [  0.04%] |
| User Budget         | 1198619 [100.00%] | 589930 [100.00%] | 2454877 [100.00%] | 1814 [100.00%] | 960 [100.00%] | 9020 [100.00%] |
|    Used Resources   |   10255 [  0.86%] |   1221 [  0.21%] |   17599 [  0.72%] |   23 [  1.27%] |   0 [  0.00%] |   24 [  0.27%] |
|    Unused Resources | 1188364 [ 99.14%] | 588709 [ 99.79%] | 2437278 [ 99.28%] | 1791 [ 98.73%] | 960 [100.00%] | 8996 [ 99.73%] |
| krnl_vadd           |   10255 [  0.86%] |   1221 [  0.21%] |   17599 [  0.72%] |   23 [  1.27%] |   0 [  0.00%] |   24 [  0.27%] |
|    krnl_vadd_1      |   10255 [  0.86%] |   1221 [  0.21%] |   17599 [  0.72%] |   23 [  1.27%] |   0 [  0.00%] |   24 [  0.27%] |
+---------------------+-------------------+------------------+-------------------+----------------+---------------+----------------+


