Copyright 1986-2021 Xilinx, Inc. All Rights Reserved.
------------------------------------------------------------------------------------------------------------------------------------------------------------------------------------------------------------------------------------------------------------------------------------------------------------------------------------------------------------------------------------------------------------------------------
| Tool Version : Vivado v.2021.2 (lin64) Build 3367213 Tue Oct 19 02:47:39 MDT 2021
| Date         : Thu Nov 14 10:19:18 2024
| Host         : hacc-gpu0 running 64-bit Ubuntu 20.04.6 LTS
| Command      : report_accelerator_utilization -kernels { krnl_vaddmul:pfm_top_i/dynamic_region/krnl_vaddmul_1/inst:krnl_vaddmul_1 krnl_vaddmul:pfm_top_i/dynamic_region/krnl_vaddmul_2/inst:krnl_vaddmul_2 krnl_vaddmul:pfm_top_i/dynamic_region/krnl_vaddmul_3/inst:krnl_vaddmul_3 krnl_vaddmul:pfm_top_i/dynamic_region/krnl_vaddmul_4/inst:krnl_vaddmul_4} -file kernel_util_synthed.rpt -name kernel_util_synthed -json
| Design       : pfm_top_wrapper
| Device       : xcu280
| Design State : Synthesized
------------------------------------------------------------------------------------------------------------------------------------------------------------------------------------------------------------------------------------------------------------------------------------------------------------------------------------------------------------------------------------------------------------------------------

Accelerator Utilization Design Information

Table of Contents
-----------------
1. System Utilization

1. System Utilization
---------------------

+---------------------+-------------------+------------------+-------------------+----------------+---------------+----------------+
| Name                | LUT               | LUTAsMem         | REG               | BRAM           | URAM          | DSP            |
+---------------------+-------------------+------------------+-------------------+----------------+---------------+----------------+
| Platform            |  163032 [ 12.51%] |  33826 [  5.63%] |  239853 [  9.20%] |  204 [ 10.12%] |   0 [  0.00%] |    4 [  0.04%] |
| User Budget         | 1139688 [100.00%] | 566654 [100.00%] | 2367507 [100.00%] | 1812 [100.00%] | 960 [100.00%] | 9020 [100.00%] |
|    Used Resources   |  240976 [ 21.14%] |  22040 [  3.89%] |  316968 [ 13.39%] |  244 [ 13.47%] |   0 [  0.00%] |   36 [  0.40%] |
|    Unused Resources |  898712 [ 78.86%] | 544614 [ 96.11%] | 2050539 [ 86.61%] | 1568 [ 86.53%] | 960 [100.00%] | 8984 [ 99.60%] |
| krnl_vaddmul        |  240976 [ 21.14%] |  22040 [  3.89%] |  316968 [ 13.39%] |  244 [ 13.47%] |   0 [  0.00%] |   36 [  0.40%] |
|    krnl_vaddmul_1   |   60244 [  5.29%] |   5510 [  0.97%] |   79242 [  3.35%] |   61 [  3.37%] |   0 [  0.00%] |    9 [  0.10%] |
|    krnl_vaddmul_2   |   60244 [  5.29%] |   5510 [  0.97%] |   79242 [  3.35%] |   61 [  3.37%] |   0 [  0.00%] |    9 [  0.10%] |
|    krnl_vaddmul_3   |   60244 [  5.29%] |   5510 [  0.97%] |   79242 [  3.35%] |   61 [  3.37%] |   0 [  0.00%] |    9 [  0.10%] |
|    krnl_vaddmul_4   |   60244 [  5.29%] |   5510 [  0.97%] |   79242 [  3.35%] |   61 [  3.37%] |   0 [  0.00%] |    9 [  0.10%] |
+---------------------+-------------------+------------------+-------------------+----------------+---------------+----------------+


