Copyright 1986-2021 Xilinx, Inc. All Rights Reserved.
------------------------------------------------------------------------------------------------------------------------------------------------------------------------------------------------------------------------------------------------------------------------------------------------------------------------------------------------------------------------------------------------------------------------------
| Tool Version : Vivado v.2021.2 (lin64) Build 3367213 Tue Oct 19 02:47:39 MDT 2021
| Date         : Wed Nov 13 15:59:32 2024
| Host         : hacc-gpu0 running 64-bit Ubuntu 20.04.6 LTS
| Command      : report_accelerator_utilization -kernels { krnl_vaddmul:pfm_top_i/dynamic_region/krnl_vaddmul_1/inst:krnl_vaddmul_1 krnl_vaddmul:pfm_top_i/dynamic_region/krnl_vaddmul_2/inst:krnl_vaddmul_2 krnl_vaddmul:pfm_top_i/dynamic_region/krnl_vaddmul_3/inst:krnl_vaddmul_3 krnl_vaddmul:pfm_top_i/dynamic_region/krnl_vaddmul_4/inst:krnl_vaddmul_4} -file kernel_util_synthed.rpt -name kernel_util_synthed -json
| Design       : pfm_top_wrapper
| Device       : xcu280
| Design State : Synthesized
------------------------------------------------------------------------------------------------------------------------------------------------------------------------------------------------------------------------------------------------------------------------------------------------------------------------------------------------------------------------------------------------------------------------------

Accelerator Utilization Design Information

Table of Contents
-----------------
1. System Utilization

1. System Utilization
---------------------

+---------------------+-------------------+------------------+-------------------+----------------+---------------+----------------+
| Name                | LUT               | LUTAsMem         | REG               | BRAM           | URAM          | DSP            |
+---------------------+-------------------+------------------+-------------------+----------------+---------------+----------------+
| Platform            |  163144 [ 12.52%] |  33882 [  5.64%] |  239917 [  9.20%] |  204 [ 10.12%] |   0 [  0.00%] |    4 [  0.04%] |
| User Budget         | 1139576 [100.00%] | 566598 [100.00%] | 2367443 [100.00%] | 1812 [100.00%] | 960 [100.00%] | 9020 [100.00%] |
|    Used Resources   |   72876 [  6.40%] |  26212 [  4.63%] |   89024 [  3.76%] |   80 [  4.42%] |   0 [  0.00%] |   16 [  0.18%] |
|    Unused Resources | 1066700 [ 93.60%] | 540386 [ 95.37%] | 2278419 [ 96.24%] | 1732 [ 95.58%] | 960 [100.00%] | 9004 [ 99.82%] |
| krnl_vaddmul        |   72876 [  6.40%] |  26212 [  4.63%] |   89024 [  3.76%] |   80 [  4.42%] |   0 [  0.00%] |   16 [  0.18%] |
|    krnl_vaddmul_1   |   18219 [  1.60%] |   6553 [  1.16%] |   22256 [  0.94%] |   20 [  1.10%] |   0 [  0.00%] |    4 [  0.04%] |
|    krnl_vaddmul_2   |   18219 [  1.60%] |   6553 [  1.16%] |   22256 [  0.94%] |   20 [  1.10%] |   0 [  0.00%] |    4 [  0.04%] |
|    krnl_vaddmul_3   |   18219 [  1.60%] |   6553 [  1.16%] |   22256 [  0.94%] |   20 [  1.10%] |   0 [  0.00%] |    4 [  0.04%] |
|    krnl_vaddmul_4   |   18219 [  1.60%] |   6553 [  1.16%] |   22256 [  0.94%] |   20 [  1.10%] |   0 [  0.00%] |    4 [  0.04%] |
+---------------------+-------------------+------------------+-------------------+----------------+---------------+----------------+


