Copyright 1986-2021 Xilinx, Inc. All Rights Reserved.
----------------------------------------------------------------------------------------------------------------------------------------------------------------------------------
| Tool Version : Vivado v.2021.2 (lin64) Build 3367213 Tue Oct 19 02:47:39 MDT 2021
| Date         : Tue Dec 17 16:55:18 2024
| Host         : hacc-gpu0 running 64-bit Ubuntu 20.04.6 LTS
| Command      : report_accelerator_utilization -kernels { overlay:pfm_top_i/dynamic_region/overlay_1/inst:overlay_1} -file kernel_util_routed.rpt -name kernel_util_routed -json
| Design       : pfm_top_wrapper
| Device       : xcu280
| Design State : Routed
----------------------------------------------------------------------------------------------------------------------------------------------------------------------------------

Accelerator Utilization Design Information

Table of Contents
-----------------
1. System Utilization

1. System Utilization
---------------------

+---------------------+-------------------+------------------+-------------------+----------------+---------------+----------------+
| Name                | LUT               | LUTAsMem         | REG               | BRAM           | URAM          | DSP            |
+---------------------+-------------------+------------------+-------------------+----------------+---------------+----------------+
| Platform            |  162027 [ 12.44%] |  23450 [  3.91%] |  253035 [  9.70%] |  303 [ 15.03%] |   0 [  0.00%] |    7 [  0.08%] |
| User Budget         | 1140693 [100.00%] | 577030 [100.00%] | 2354325 [100.00%] | 1713 [100.00%] | 960 [100.00%] | 9017 [100.00%] |
|    Used Resources   |  124148 [ 10.88%] |  37028 [  6.42%] |  135767 [  5.77%] |  307 [ 17.92%] | 320 [ 33.33%] |  219 [  2.43%] |
|    Unused Resources | 1016545 [ 89.12%] | 540002 [ 93.58%] | 2218558 [ 94.23%] | 1406 [ 82.08%] | 640 [ 66.67%] | 8798 [ 97.57%] |
| overlay             |  124148 [ 10.88%] |  37028 [  6.42%] |  135767 [  5.77%] |  307 [ 17.92%] | 320 [ 33.33%] |  219 [  2.43%] |
|    overlay_1        |  124148 [ 10.88%] |  37028 [  6.42%] |  135767 [  5.77%] |  307 [ 17.92%] | 320 [ 33.33%] |  219 [  2.43%] |
+---------------------+-------------------+------------------+-------------------+----------------+---------------+----------------+


