INFO: [v++ 60-1306] Additional information associated with this v++ link can be found at:
	Reports: /home/ziyuanwang/hbm/Vitis_Accel_Examples/host_xrt/hbm_simple_xrt/_x_gem000_32.hw.xilinx_u280_xdma_201920_3/reports/link
	Log files: /home/ziyuanwang/hbm/Vitis_Accel_Examples/host_xrt/hbm_simple_xrt/_x_gem000_32.hw.xilinx_u280_xdma_201920_3/logs/link
INFO: [v++ 60-1548] Creating build summary session with primary output /home/ziyuanwang/hbm/Vitis_Accel_Examples/host_xrt/hbm_simple_xrt/build_dir_gem000_32.hw.xilinx_u280_xdma_201920_3/krnl_vadd.link.xclbin.link_summary, at Sun Nov 17 06:51:32 2024
INFO: [v++ 60-1316] Initiating connection to rulecheck server, at Sun Nov 17 06:51:33 2024
INFO: [v++ 60-1315] Creating rulecheck session with output '/home/ziyuanwang/hbm/Vitis_Accel_Examples/host_xrt/hbm_simple_xrt/_x_gem000_32.hw.xilinx_u280_xdma_201920_3/reports/link/v++_link_krnl_vadd.link_guidance.html', at Sun Nov 17 06:51:35 2024
INFO: [v++ 60-895]   Target platform: /opt/xilinx/platforms/xilinx_u280_xdma_201920_3/xilinx_u280_xdma_201920_3.xpfm
INFO: [v++ 60-1578]   This platform contains Xilinx Shell Archive '/opt/xilinx/platforms/xilinx_u280_xdma_201920_3/hw/xilinx_u280_xdma_201920_3.xsa'
INFO: [v++ 74-78] Compiler Version string: 2021.2
INFO: [v++ 60-1302] Platform 'xilinx_u280_xdma_201920_3.xpfm' has been explicitly enabled for this release.
INFO: [v++ 60-629] Linking for hardware target
INFO: [v++ 60-423]   Target device: xilinx_u280_xdma_201920_3
INFO: [v++ 60-1332] Run 'run_link' status: Not started
INFO: [v++ 60-1443] [06:52:06] Run run_link: Step system_link: Started
INFO: [v++ 60-1453] Command Line: system_link --xo /home/ziyuanwang/hbm/Vitis_Accel_Examples/host_xrt/hbm_simple_xrt/_x_gem000_32.hw.xilinx_u280_xdma_201920_3/krnl_vadd.xo -keep --config /home/ziyuanwang/hbm/Vitis_Accel_Examples/host_xrt/hbm_simple_xrt/_x_gem000_32.hw.xilinx_u280_xdma_201920_3/link/int/syslinkConfig.ini --xpfm /opt/xilinx/platforms/xilinx_u280_xdma_201920_3/xilinx_u280_xdma_201920_3.xpfm --target hw --output_dir /home/ziyuanwang/hbm/Vitis_Accel_Examples/host_xrt/hbm_simple_xrt/_x_gem000_32.hw.xilinx_u280_xdma_201920_3/link/int --temp_dir /home/ziyuanwang/hbm/Vitis_Accel_Examples/host_xrt/hbm_simple_xrt/_x_gem000_32.hw.xilinx_u280_xdma_201920_3/link/sys_link
INFO: [v++ 60-1454] Run Directory: /home/ziyuanwang/hbm/Vitis_Accel_Examples/host_xrt/hbm_simple_xrt/_x_gem000_32.hw.xilinx_u280_xdma_201920_3/link/run_link
INFO: [SYSTEM_LINK 60-1316] Initiating connection to rulecheck server, at Sun Nov 17 06:52:12 2024
INFO: [SYSTEM_LINK 82-70] Extracting xo v3 file /home/ziyuanwang/hbm/Vitis_Accel_Examples/host_xrt/hbm_simple_xrt/_x_gem000_32.hw.xilinx_u280_xdma_201920_3/krnl_vadd.xo
INFO: [SYSTEM_LINK 82-53] Creating IP database /home/ziyuanwang/hbm/Vitis_Accel_Examples/host_xrt/hbm_simple_xrt/_x_gem000_32.hw.xilinx_u280_xdma_201920_3/link/sys_link/_sysl/.cdb/xd_ip_db.xml
INFO: [SYSTEM_LINK 82-38] [06:52:43] build_xd_ip_db started: /tools/Xilinx/Vitis/2021.2/bin/build_xd_ip_db -ip_search 0  -sds-pf /home/ziyuanwang/hbm/Vitis_Accel_Examples/host_xrt/hbm_simple_xrt/_x_gem000_32.hw.xilinx_u280_xdma_201920_3/link/sys_link/xilinx_u280_xdma_201920_3.hpfm -clkid 0 -ip /home/ziyuanwang/hbm/Vitis_Accel_Examples/host_xrt/hbm_simple_xrt/_x_gem000_32.hw.xilinx_u280_xdma_201920_3/link/sys_link/iprepo/xilinx_com_hls_krnl_vadd_1_0,krnl_vadd -o /home/ziyuanwang/hbm/Vitis_Accel_Examples/host_xrt/hbm_simple_xrt/_x_gem000_32.hw.xilinx_u280_xdma_201920_3/link/sys_link/_sysl/.cdb/xd_ip_db.xml
INFO: [SYSTEM_LINK 82-37] [06:53:03] build_xd_ip_db finished successfully
Time (s): cpu = 00:00:05 ; elapsed = 00:00:20 . Memory (MB): peak = 2167.242 ; gain = 0.000 ; free physical = 36285 ; free virtual = 457702
INFO: [SYSTEM_LINK 82-51] Create system connectivity graph
INFO: [SYSTEM_LINK 82-102] Applying explicit connections to the system connectivity graph: /home/ziyuanwang/hbm/Vitis_Accel_Examples/host_xrt/hbm_simple_xrt/_x_gem000_32.hw.xilinx_u280_xdma_201920_3/link/sys_link/cfgraph/cfgen_cfgraph.xml
INFO: [SYSTEM_LINK 82-38] [06:53:04] cfgen started: /tools/Xilinx/Vitis/2021.2/bin/cfgen  -sp krnl_vadd_1.in1:HBM[0:3] -sp krnl_vadd_1.in2:HBM[0:3] -sp krnl_vadd_1.out_r:HBM[0:3] -dmclkid 0 -r /home/ziyuanwang/hbm/Vitis_Accel_Examples/host_xrt/hbm_simple_xrt/_x_gem000_32.hw.xilinx_u280_xdma_201920_3/link/sys_link/_sysl/.cdb/xd_ip_db.xml -o /home/ziyuanwang/hbm/Vitis_Accel_Examples/host_xrt/hbm_simple_xrt/_x_gem000_32.hw.xilinx_u280_xdma_201920_3/link/sys_link/cfgraph/cfgen_cfgraph.xml
INFO: [CFGEN 83-0] Kernel Specs: 
INFO: [CFGEN 83-0]   kernel: krnl_vadd, num: 1  {krnl_vadd_1}
INFO: [CFGEN 83-0] Port Specs: 
INFO: [CFGEN 83-0]   kernel: krnl_vadd_1, k_port: in1, sptag: HBM[0:3]
INFO: [CFGEN 83-0]   kernel: krnl_vadd_1, k_port: in2, sptag: HBM[0:3]
INFO: [CFGEN 83-0]   kernel: krnl_vadd_1, k_port: out_r, sptag: HBM[0:3]
INFO: [CFGEN 83-2228] Creating mapping for argument krnl_vadd_1.in1 to HBM[0:3] for directive krnl_vadd_1.in1:HBM[0:3]
INFO: [CFGEN 83-2228] Creating mapping for argument krnl_vadd_1.in2 to HBM[0:3] for directive krnl_vadd_1.in2:HBM[0:3]
INFO: [CFGEN 83-2228] Creating mapping for argument krnl_vadd_1.out_r to HBM[0:3] for directive krnl_vadd_1.out_r:HBM[0:3]
INFO: [SYSTEM_LINK 82-37] [06:53:11] cfgen finished successfully
Time (s): cpu = 00:00:07 ; elapsed = 00:00:07 . Memory (MB): peak = 2167.242 ; gain = 0.000 ; free physical = 36778 ; free virtual = 458196
INFO: [SYSTEM_LINK 82-52] Create top-level block diagram
INFO: [SYSTEM_LINK 82-38] [06:53:11] cf2bd started: /tools/Xilinx/Vitis/2021.2/bin/cf2bd  --linux --trace_buffer 1024 --input_file /home/ziyuanwang/hbm/Vitis_Accel_Examples/host_xrt/hbm_simple_xrt/_x_gem000_32.hw.xilinx_u280_xdma_201920_3/link/sys_link/cfgraph/cfgen_cfgraph.xml --ip_db /home/ziyuanwang/hbm/Vitis_Accel_Examples/host_xrt/hbm_simple_xrt/_x_gem000_32.hw.xilinx_u280_xdma_201920_3/link/sys_link/_sysl/.cdb/xd_ip_db.xml --cf_name dr --working_dir /home/ziyuanwang/hbm/Vitis_Accel_Examples/host_xrt/hbm_simple_xrt/_x_gem000_32.hw.xilinx_u280_xdma_201920_3/link/sys_link/_sysl/.xsd --temp_dir /home/ziyuanwang/hbm/Vitis_Accel_Examples/host_xrt/hbm_simple_xrt/_x_gem000_32.hw.xilinx_u280_xdma_201920_3/link/sys_link --output_dir /home/ziyuanwang/hbm/Vitis_Accel_Examples/host_xrt/hbm_simple_xrt/_x_gem000_32.hw.xilinx_u280_xdma_201920_3/link/int --target_bd pfm_dynamic.bd
INFO: [CF2BD 82-31] Launching cf2xd: cf2xd -linux -trace-buffer 1024 -i /home/ziyuanwang/hbm/Vitis_Accel_Examples/host_xrt/hbm_simple_xrt/_x_gem000_32.hw.xilinx_u280_xdma_201920_3/link/sys_link/cfgraph/cfgen_cfgraph.xml -r /home/ziyuanwang/hbm/Vitis_Accel_Examples/host_xrt/hbm_simple_xrt/_x_gem000_32.hw.xilinx_u280_xdma_201920_3/link/sys_link/_sysl/.cdb/xd_ip_db.xml -o dr.xml
INFO: [CF2BD 82-28] cf2xd finished successfully
INFO: [CF2BD 82-31] Launching cf_xsd: cf_xsd -disable-address-gen -bd pfm_dynamic.bd -dn dr -dp /home/ziyuanwang/hbm/Vitis_Accel_Examples/host_xrt/hbm_simple_xrt/_x_gem000_32.hw.xilinx_u280_xdma_201920_3/link/sys_link/_sysl/.xsd
INFO: [CF2BD 82-28] cf_xsd finished successfully
INFO: [SYSTEM_LINK 82-37] [06:53:14] cf2bd finished successfully
Time (s): cpu = 00:00:02 ; elapsed = 00:00:03 . Memory (MB): peak = 2167.242 ; gain = 0.000 ; free physical = 36809 ; free virtual = 458232
INFO: [v++ 60-1441] [06:53:15] Run run_link: Step system_link: Completed
Time (s): cpu = 00:00:19 ; elapsed = 00:01:09 . Memory (MB): peak = 2052.785 ; gain = 0.000 ; free physical = 36848 ; free virtual = 458270
INFO: [v++ 60-1443] [06:53:15] Run run_link: Step cf2sw: Started
INFO: [v++ 60-1453] Command Line: cf2sw -sdsl /home/ziyuanwang/hbm/Vitis_Accel_Examples/host_xrt/hbm_simple_xrt/_x_gem000_32.hw.xilinx_u280_xdma_201920_3/link/int/sdsl.dat -rtd /home/ziyuanwang/hbm/Vitis_Accel_Examples/host_xrt/hbm_simple_xrt/_x_gem000_32.hw.xilinx_u280_xdma_201920_3/link/int/cf2sw.rtd -nofilter /home/ziyuanwang/hbm/Vitis_Accel_Examples/host_xrt/hbm_simple_xrt/_x_gem000_32.hw.xilinx_u280_xdma_201920_3/link/int/cf2sw_full.rtd -xclbin /home/ziyuanwang/hbm/Vitis_Accel_Examples/host_xrt/hbm_simple_xrt/_x_gem000_32.hw.xilinx_u280_xdma_201920_3/link/int/xclbin_orig.xml -o /home/ziyuanwang/hbm/Vitis_Accel_Examples/host_xrt/hbm_simple_xrt/_x_gem000_32.hw.xilinx_u280_xdma_201920_3/link/int/xclbin_orig.1.xml
INFO: [v++ 60-1454] Run Directory: /home/ziyuanwang/hbm/Vitis_Accel_Examples/host_xrt/hbm_simple_xrt/_x_gem000_32.hw.xilinx_u280_xdma_201920_3/link/run_link
INFO: [v++ 60-1441] [06:53:21] Run run_link: Step cf2sw: Completed
Time (s): cpu = 00:00:04 ; elapsed = 00:00:06 . Memory (MB): peak = 2052.785 ; gain = 0.000 ; free physical = 36752 ; free virtual = 458176
INFO: [v++ 60-1443] [06:53:21] Run run_link: Step rtd2_system_diagram: Started
INFO: [v++ 60-1453] Command Line: rtd2SystemDiagram
INFO: [v++ 60-1454] Run Directory: /home/ziyuanwang/hbm/Vitis_Accel_Examples/host_xrt/hbm_simple_xrt/_x_gem000_32.hw.xilinx_u280_xdma_201920_3/link/run_link
INFO: [v++ 60-1441] [06:53:22] Run run_link: Step rtd2_system_diagram: Completed
Time (s): cpu = 00:00:00 ; elapsed = 00:00:00.93 . Memory (MB): peak = 2052.785 ; gain = 0.000 ; free physical = 36736 ; free virtual = 458160
INFO: [v++ 60-1443] [06:53:22] Run run_link: Step vpl: Started
INFO: [v++ 60-1453] Command Line: vpl -t hw -f xilinx_u280_xdma_201920_3 --remote_ip_cache /home/ziyuanwang/hbm/Vitis_Accel_Examples/host_xrt/hbm_simple_xrt/.ipcache -s --output_dir /home/ziyuanwang/hbm/Vitis_Accel_Examples/host_xrt/hbm_simple_xrt/_x_gem000_32.hw.xilinx_u280_xdma_201920_3/link/int --log_dir /home/ziyuanwang/hbm/Vitis_Accel_Examples/host_xrt/hbm_simple_xrt/_x_gem000_32.hw.xilinx_u280_xdma_201920_3/logs/link --report_dir /home/ziyuanwang/hbm/Vitis_Accel_Examples/host_xrt/hbm_simple_xrt/_x_gem000_32.hw.xilinx_u280_xdma_201920_3/reports/link --config /home/ziyuanwang/hbm/Vitis_Accel_Examples/host_xrt/hbm_simple_xrt/_x_gem000_32.hw.xilinx_u280_xdma_201920_3/link/int/vplConfig.ini -k /home/ziyuanwang/hbm/Vitis_Accel_Examples/host_xrt/hbm_simple_xrt/_x_gem000_32.hw.xilinx_u280_xdma_201920_3/link/int/kernel_info.dat --webtalk_flag Vitis --temp_dir /home/ziyuanwang/hbm/Vitis_Accel_Examples/host_xrt/hbm_simple_xrt/_x_gem000_32.hw.xilinx_u280_xdma_201920_3/link --no-info --iprepo /home/ziyuanwang/hbm/Vitis_Accel_Examples/host_xrt/hbm_simple_xrt/_x_gem000_32.hw.xilinx_u280_xdma_201920_3/link/int/xo/ip_repo/xilinx_com_hls_krnl_vadd_1_0 --messageDb /home/ziyuanwang/hbm/Vitis_Accel_Examples/host_xrt/hbm_simple_xrt/_x_gem000_32.hw.xilinx_u280_xdma_201920_3/link/run_link/vpl.pb /home/ziyuanwang/hbm/Vitis_Accel_Examples/host_xrt/hbm_simple_xrt/_x_gem000_32.hw.xilinx_u280_xdma_201920_3/link/int/dr.bd.tcl
INFO: [v++ 60-1454] Run Directory: /home/ziyuanwang/hbm/Vitis_Accel_Examples/host_xrt/hbm_simple_xrt/_x_gem000_32.hw.xilinx_u280_xdma_201920_3/link/run_link

****** vpl v2021.2 (64-bit)
  **** SW Build 3363252 on 2021-10-14-04:41:01
    ** Copyright 1986-2020 Xilinx, Inc. All Rights Reserved.

INFO: [VPL 60-839] Read in kernel information from file '/home/ziyuanwang/hbm/Vitis_Accel_Examples/host_xrt/hbm_simple_xrt/_x_gem000_32.hw.xilinx_u280_xdma_201920_3/link/int/kernel_info.dat'.
INFO: [VPL 74-78] Compiler Version string: 2021.2
INFO: [VPL 60-423]   Target device: xilinx_u280_xdma_201920_3
INFO: [VPL 60-1032] Extracting hardware platform to /home/ziyuanwang/hbm/Vitis_Accel_Examples/host_xrt/hbm_simple_xrt/_x_gem000_32.hw.xilinx_u280_xdma_201920_3/link/vivado/vpl/.local/hw_platform
[07:25:39] Run vpl: Step create_project: Started
Creating Vivado project.
[07:26:25] Run vpl: Step create_project: Completed
[07:26:26] Run vpl: Step create_bd: Started
[07:27:45] Run vpl: Step create_bd: RUNNING...
[07:29:45] Run vpl: Step create_bd: RUNNING...
[07:31:06] Run vpl: Step create_bd: RUNNING...
[07:32:34] Run vpl: Step create_bd: RUNNING...
[07:34:14] Run vpl: Step create_bd: RUNNING...
[07:35:41] Run vpl: Step create_bd: RUNNING...
[07:37:06] Run vpl: Step create_bd: RUNNING...
[07:38:30] Run vpl: Step create_bd: RUNNING...
[07:39:50] Run vpl: Step create_bd: RUNNING...
[07:41:16] Run vpl: Step create_bd: RUNNING...
[07:42:38] Run vpl: Step create_bd: RUNNING...
[07:43:57] Run vpl: Step create_bd: RUNNING...
[07:45:56] Run vpl: Step create_bd: RUNNING...
[07:48:08] Run vpl: Step create_bd: RUNNING...
[07:49:48] Run vpl: Step create_bd: RUNNING...
[07:51:58] Run vpl: Step create_bd: RUNNING...
[07:53:49] Run vpl: Step create_bd: RUNNING...
[07:55:25] Run vpl: Step create_bd: RUNNING...
[07:58:02] Run vpl: Step create_bd: RUNNING...
[07:59:32] Run vpl: Step create_bd: RUNNING...
[08:00:54] Run vpl: Step create_bd: RUNNING...
[08:02:24] Run vpl: Step create_bd: RUNNING...
[08:03:45] Run vpl: Step create_bd: RUNNING...
[08:05:35] Run vpl: Step create_bd: RUNNING...
[08:07:22] Run vpl: Step create_bd: RUNNING...
[08:08:16] Run vpl: Step create_bd: Completed
[08:08:16] Run vpl: Step update_bd: Started
[08:08:32] Run vpl: Step update_bd: Completed
[08:08:32] Run vpl: Step generate_target: Started
[08:10:25] Run vpl: Step generate_target: RUNNING...
[08:11:52] Run vpl: Step generate_target: RUNNING...
[08:13:19] Run vpl: Step generate_target: RUNNING...
[08:14:18] Run vpl: Step generate_target: Completed
[08:14:18] Run vpl: Step config_hw_runs: Started
[08:14:34] Run vpl: Step config_hw_runs: Completed
[08:14:34] Run vpl: Step synth: Started
[08:15:59] Block-level synthesis in progress, 0 of 1 jobs complete, 1 job running.
[08:16:37] Block-level synthesis in progress, 0 of 1 jobs complete, 1 job running.
[08:17:17] Block-level synthesis in progress, 0 of 1 jobs complete, 1 job running.
[08:17:52] Block-level synthesis in progress, 0 of 1 jobs complete, 1 job running.
[08:18:22] Block-level synthesis in progress, 0 of 1 jobs complete, 1 job running.
[08:18:57] Block-level synthesis in progress, 1 of 1 jobs complete, 0 jobs running.
[08:19:29] Block-level synthesis in progress, 1 of 1 jobs complete, 0 jobs running.
[08:20:06] Top-level synthesis in progress.
[08:20:37] Top-level synthesis in progress.
[08:21:12] Top-level synthesis in progress.
[08:21:45] Top-level synthesis in progress.
[08:22:12] Run vpl: Step synth: Completed
[08:22:12] Run vpl: Step impl: Started
[08:30:02] Finished 2nd of 6 tasks (FPGA linking synthesized kernels to platform). Elapsed time: 01h 36m 37s 

[08:30:02] Starting logic optimization..
[08:31:12] Phase 1 Retarget
[08:31:12] Phase 2 Constant propagation
[08:31:44] Phase 3 Sweep
[08:31:44] Phase 4 BUFG optimization
[08:33:16] Phase 5 Shift Register Optimization
[08:33:16] Phase 6 Post Processing Netlist
[08:34:19] Finished 3rd of 6 tasks (FPGA logic optimization). Elapsed time: 00h 04m 16s 

[08:34:19] Starting logic placement..
[08:34:52] Phase 1 Placer Initialization
[08:34:52] Phase 1.1 Placer Initialization Netlist Sorting
[08:39:00] Phase 1.2 IO Placement/ Clock Placement/ Build Placer Device
[08:39:40] Phase 1.3 Build Placer Netlist Model
[08:40:45] Phase 1.4 Constrain Clocks/Macros
[08:42:08] Phase 2 Global Placement
[08:42:08] Phase 2.1 Floorplanning
[08:42:08] Phase 2.1.1 Partition Driven Placement
[08:42:08] Phase 2.1.1.1 PBP: Partition Driven Placement
[08:42:08] Phase 2.1.1.2 PBP: Clock Region Placement
[08:42:08] Phase 2.1.1.3 PBP: Compute Congestion
[08:42:39] Phase 2.1.1.4 PBP: UpdateTiming
[08:42:39] Phase 2.1.1.5 PBP: Add part constraints
[08:43:13] Phase 2.2 Physical Synthesis After Floorplan
[08:44:00] Phase 2.3 Update Timing before SLR Path Opt
[08:44:00] Phase 2.4 Post-Processing in Floorplanning
[08:44:00] Phase 2.5 Global Placement Core
[08:52:52] Phase 2.5.1 Physical Synthesis In Placer
[08:55:11] Phase 3 Detail Placement
[08:55:11] Phase 3.1 Commit Multi Column Macros
[08:55:11] Phase 3.2 Commit Most Macros & LUTRAMs
[08:57:24] Phase 3.3 Small Shape DP
[08:57:24] Phase 3.3.1 Small Shape Clustering
[08:57:24] Phase 3.3.2 Flow Legalize Slice Clusters
[08:57:24] Phase 3.3.3 Slice Area Swap
[08:57:24] Phase 3.4 Place Remaining
[08:57:24] Phase 3.5 Re-assign LUT pins
[08:57:24] Phase 3.6 Pipeline Register Optimization
[08:57:24] Phase 3.7 Fast Optimization
[08:57:57] Phase 4 Post Placement Optimization and Clean-Up
[08:57:57] Phase 4.1 Post Commit Optimization
[08:58:35] Phase 4.1.1 Post Placement Optimization
[08:59:24] Phase 4.1.1.1 BUFG Insertion
[08:59:24] Phase 1 Physical Synthesis Initialization
[08:59:24] Phase 4.1.1.2 BUFG Replication
[08:59:24] Phase 4.1.1.3 Post Placement Timing Optimization
[09:01:43] Phase 4.1.1.4 Replication
[09:02:51] Phase 4.2 Post Placement Cleanup
[09:02:51] Phase 4.3 Placer Reporting
[09:02:51] Phase 4.3.1 Print Estimated Congestion
[09:02:51] Phase 4.4 Final Placement Cleanup
[09:05:32] Finished 4th of 6 tasks (FPGA logic placement). Elapsed time: 00h 31m 13s 

[09:05:32] Starting logic routing..
[09:06:04] Phase 1 Build RT Design
[09:07:56] Phase 2 Router Initialization
[09:07:56] Phase 2.1 Fix Topology Constraints
[09:07:56] Phase 2.2 Pre Route Cleanup
[09:07:56] Phase 2.3 Global Clock Net Routing
[09:08:32] Phase 2.4 Update Timing
[09:10:16] Phase 2.5 Update Timing for Bus Skew
[09:10:16] Phase 2.5.1 Update Timing
[09:10:49] Phase 3 Initial Routing
[09:10:49] Phase 3.1 Global Routing
[09:11:24] Phase 4 Rip-up And Reroute
[09:11:24] Phase 4.1 Global Iteration 0
[09:16:30] Phase 4.2 Global Iteration 1
[09:17:02] Phase 4.3 Global Iteration 2
[09:17:33] Phase 5 Delay and Skew Optimization
[09:17:33] Phase 5.1 Delay CleanUp
[09:17:33] Phase 5.1.1 Update Timing
[09:18:05] Phase 5.2 Clock Skew Optimization
[09:18:36] Phase 6 Post Hold Fix
[09:18:36] Phase 6.1 Hold Fix Iter
[09:18:36] Phase 6.1.1 Update Timing
[09:19:08] Phase 6.1.2 Lut RouteThru Assignment for hold
[09:19:08] Phase 6.2 Additional Hold Fix
[09:20:11] Phase 7 Leaf Clock Prog Delay Opt
[09:21:13] Phase 8 Route finalize
[09:21:13] Phase 9 Verifying routed nets
[09:21:44] Phase 10 Depositing Routes
[09:22:16] Phase 11 Resolve XTalk
[09:22:16] Phase 12 Post Router Timing
[09:22:16] Finished 5th of 6 tasks (FPGA routing). Elapsed time: 00h 16m 43s 

[09:22:16] Starting bitstream generation..
[09:31:17] Creating bitmap...
[09:40:40] Writing bitstream ./pfm_top_i_dynamic_region_my_rm_partial.bit...
[09:40:40] Finished 6th of 6 tasks (FPGA bitstream generation). Elapsed time: 00h 18m 24s 
[09:40:40] Run vpl: Step impl: Completed
[09:40:42] Run vpl: FINISHED. Run Status: impl Complete!
INFO: [v++ 60-1441] [09:40:48] Run run_link: Step vpl: Completed
Time (s): cpu = 00:00:44 ; elapsed = 02:47:26 . Memory (MB): peak = 2052.785 ; gain = 0.000 ; free physical = 62148 ; free virtual = 490963
INFO: [v++ 60-1443] [09:40:48] Run run_link: Step rtdgen: Started
INFO: [v++ 60-1453] Command Line: rtdgen
INFO: [v++ 60-1454] Run Directory: /home/ziyuanwang/hbm/Vitis_Accel_Examples/host_xrt/hbm_simple_xrt/_x_gem000_32.hw.xilinx_u280_xdma_201920_3/link/run_link
INFO: [v++ 60-991] clock name 'clkwiz_kernel_clk_out1' (clock ID '0') is being mapped to clock name 'DATA_CLK' in the xclbin
INFO: [v++ 60-991] clock name 'clkwiz_kernel2_clk_out1' (clock ID '1') is being mapped to clock name 'KERNEL_CLK' in the xclbin
INFO: [v++ 60-991] clock name 'clk_out1_pfm_top_clkwiz_hbm_aclk_0' (clock ID '') is being mapped to clock name 'clk_out1_pfm_top_clkwiz_hbm_aclk_0' in the xclbin
INFO: [v++ 60-1230] The compiler selected the following frequencies for the runtime controllable kernel clock(s) and scalable system clock(s): System (SYSTEM) clock: clk_out1_pfm_top_clkwiz_hbm_aclk_0 = 450, Kernel (DATA) clock: clkwiz_kernel_clk_out1 = 300, Kernel (KERNEL) clock: clkwiz_kernel2_clk_out1 = 500
INFO: [v++ 60-1453] Command Line: cf2sw -a /home/ziyuanwang/hbm/Vitis_Accel_Examples/host_xrt/hbm_simple_xrt/_x_gem000_32.hw.xilinx_u280_xdma_201920_3/link/int/address_map.xml -sdsl /home/ziyuanwang/hbm/Vitis_Accel_Examples/host_xrt/hbm_simple_xrt/_x_gem000_32.hw.xilinx_u280_xdma_201920_3/link/int/sdsl.dat -xclbin /home/ziyuanwang/hbm/Vitis_Accel_Examples/host_xrt/hbm_simple_xrt/_x_gem000_32.hw.xilinx_u280_xdma_201920_3/link/int/xclbin_orig.xml -rtd /home/ziyuanwang/hbm/Vitis_Accel_Examples/host_xrt/hbm_simple_xrt/_x_gem000_32.hw.xilinx_u280_xdma_201920_3/link/int/krnl_vadd.link.rtd -o /home/ziyuanwang/hbm/Vitis_Accel_Examples/host_xrt/hbm_simple_xrt/_x_gem000_32.hw.xilinx_u280_xdma_201920_3/link/int/krnl_vadd.link.xml
INFO: [v++ 60-1652] Cf2sw returned exit code: 0
INFO: [v++ 60-1441] [09:40:53] Run run_link: Step rtdgen: Completed
Time (s): cpu = 00:00:03 ; elapsed = 00:00:05 . Memory (MB): peak = 2052.785 ; gain = 0.000 ; free physical = 62148 ; free virtual = 490964
INFO: [v++ 60-1443] [09:40:53] Run run_link: Step xclbinutil: Started
INFO: [v++ 60-1453] Command Line: xclbinutil --add-section DEBUG_IP_LAYOUT:JSON:/home/ziyuanwang/hbm/Vitis_Accel_Examples/host_xrt/hbm_simple_xrt/_x_gem000_32.hw.xilinx_u280_xdma_201920_3/link/int/debug_ip_layout.rtd --add-section BITSTREAM:RAW:/home/ziyuanwang/hbm/Vitis_Accel_Examples/host_xrt/hbm_simple_xrt/_x_gem000_32.hw.xilinx_u280_xdma_201920_3/link/int/partial.bit --force --target hw --key-value SYS:dfx_enable:true --add-section :JSON:/home/ziyuanwang/hbm/Vitis_Accel_Examples/host_xrt/hbm_simple_xrt/_x_gem000_32.hw.xilinx_u280_xdma_201920_3/link/int/krnl_vadd.link.rtd --append-section :JSON:/home/ziyuanwang/hbm/Vitis_Accel_Examples/host_xrt/hbm_simple_xrt/_x_gem000_32.hw.xilinx_u280_xdma_201920_3/link/int/appendSection.rtd --add-section CLOCK_FREQ_TOPOLOGY:JSON:/home/ziyuanwang/hbm/Vitis_Accel_Examples/host_xrt/hbm_simple_xrt/_x_gem000_32.hw.xilinx_u280_xdma_201920_3/link/int/krnl_vadd.link_xml.rtd --add-section BUILD_METADATA:JSON:/home/ziyuanwang/hbm/Vitis_Accel_Examples/host_xrt/hbm_simple_xrt/_x_gem000_32.hw.xilinx_u280_xdma_201920_3/link/int/krnl_vadd.link_build.rtd --add-section EMBEDDED_METADATA:RAW:/home/ziyuanwang/hbm/Vitis_Accel_Examples/host_xrt/hbm_simple_xrt/_x_gem000_32.hw.xilinx_u280_xdma_201920_3/link/int/krnl_vadd.link.xml --add-section SYSTEM_METADATA:RAW:/home/ziyuanwang/hbm/Vitis_Accel_Examples/host_xrt/hbm_simple_xrt/_x_gem000_32.hw.xilinx_u280_xdma_201920_3/link/int/systemDiagramModelSlrBaseAddress.json --output /home/ziyuanwang/hbm/Vitis_Accel_Examples/host_xrt/hbm_simple_xrt/./build_dir_gem000_32.hw.xilinx_u280_xdma_201920_3/krnl_vadd.link.xclbin
INFO: [v++ 60-1454] Run Directory: /home/ziyuanwang/hbm/Vitis_Accel_Examples/host_xrt/hbm_simple_xrt/_x_gem000_32.hw.xilinx_u280_xdma_201920_3/link/run_link
XRT Build Version: 2.14.354 (2022.2)
       Build Date: 2022-10-08 09:49:58
          Hash ID: 43926231f7183688add2dccfd391b36a1f000bea
Creating a default 'in-memory' xclbin image.

Section: 'DEBUG_IP_LAYOUT'(9) was successfully added.
Size   : 296 bytes
Format : JSON
File   : '/home/ziyuanwang/hbm/Vitis_Accel_Examples/host_xrt/hbm_simple_xrt/_x_gem000_32.hw.xilinx_u280_xdma_201920_3/link/int/debug_ip_layout.rtd'

Section: 'BITSTREAM'(0) was successfully added.
Size   : 44287499 bytes
Format : RAW
File   : '/home/ziyuanwang/hbm/Vitis_Accel_Examples/host_xrt/hbm_simple_xrt/_x_gem000_32.hw.xilinx_u280_xdma_201920_3/link/int/partial.bit'

Section: 'MEM_TOPOLOGY'(6) was successfully added.
Format : JSON
File   : 'mem_topology'

Section: 'IP_LAYOUT'(8) was successfully added.
Format : JSON
File   : 'ip_layout'

Section: 'CONNECTIVITY'(7) was successfully added.
Format : JSON
File   : 'connectivity'

Section: 'CLOCK_FREQ_TOPOLOGY'(11) was successfully added.
Size   : 410 bytes
Format : JSON
File   : '/home/ziyuanwang/hbm/Vitis_Accel_Examples/host_xrt/hbm_simple_xrt/_x_gem000_32.hw.xilinx_u280_xdma_201920_3/link/int/krnl_vadd.link_xml.rtd'

Section: 'BUILD_METADATA'(14) was successfully added.
Size   : 3036 bytes
Format : JSON
File   : '/home/ziyuanwang/hbm/Vitis_Accel_Examples/host_xrt/hbm_simple_xrt/_x_gem000_32.hw.xilinx_u280_xdma_201920_3/link/int/krnl_vadd.link_build.rtd'

Section: 'EMBEDDED_METADATA'(2) was successfully added.
Size   : 3967 bytes
Format : RAW
File   : '/home/ziyuanwang/hbm/Vitis_Accel_Examples/host_xrt/hbm_simple_xrt/_x_gem000_32.hw.xilinx_u280_xdma_201920_3/link/int/krnl_vadd.link.xml'

Section: 'SYSTEM_METADATA'(22) was successfully added.
Size   : 18541 bytes
Format : RAW
File   : '/home/ziyuanwang/hbm/Vitis_Accel_Examples/host_xrt/hbm_simple_xrt/_x_gem000_32.hw.xilinx_u280_xdma_201920_3/link/int/systemDiagramModelSlrBaseAddress.json'

Section: 'IP_LAYOUT'(8) was successfully appended to.
Format : JSON
File   : 'ip_layout'
Successfully wrote (44340715 bytes) to the output file: /home/ziyuanwang/hbm/Vitis_Accel_Examples/host_xrt/hbm_simple_xrt/./build_dir_gem000_32.hw.xilinx_u280_xdma_201920_3/krnl_vadd.link.xclbin
Leaving xclbinutil.
INFO: [v++ 60-1441] [09:40:54] Run run_link: Step xclbinutil: Completed
Time (s): cpu = 00:00:00.10 ; elapsed = 00:00:02 . Memory (MB): peak = 2052.785 ; gain = 0.000 ; free physical = 62106 ; free virtual = 490963
INFO: [v++ 60-1443] [09:40:55] Run run_link: Step xclbinutilinfo: Started
INFO: [v++ 60-1453] Command Line: xclbinutil --quiet --force --info /home/ziyuanwang/hbm/Vitis_Accel_Examples/host_xrt/hbm_simple_xrt/./build_dir_gem000_32.hw.xilinx_u280_xdma_201920_3/krnl_vadd.link.xclbin.info --input /home/ziyuanwang/hbm/Vitis_Accel_Examples/host_xrt/hbm_simple_xrt/./build_dir_gem000_32.hw.xilinx_u280_xdma_201920_3/krnl_vadd.link.xclbin
INFO: [v++ 60-1454] Run Directory: /home/ziyuanwang/hbm/Vitis_Accel_Examples/host_xrt/hbm_simple_xrt/_x_gem000_32.hw.xilinx_u280_xdma_201920_3/link/run_link
INFO: [v++ 60-1441] [09:40:55] Run run_link: Step xclbinutilinfo: Completed
Time (s): cpu = 00:00:00.43 ; elapsed = 00:00:00.85 . Memory (MB): peak = 2052.785 ; gain = 0.000 ; free physical = 62107 ; free virtual = 490964
INFO: [v++ 60-1443] [09:40:55] Run run_link: Step generate_sc_driver: Started
INFO: [v++ 60-1453] Command Line: 
INFO: [v++ 60-1454] Run Directory: /home/ziyuanwang/hbm/Vitis_Accel_Examples/host_xrt/hbm_simple_xrt/_x_gem000_32.hw.xilinx_u280_xdma_201920_3/link/run_link
INFO: [v++ 60-1441] [09:40:56] Run run_link: Step generate_sc_driver: Completed
Time (s): cpu = 00:00:00 ; elapsed = 00:00:00.20 . Memory (MB): peak = 2052.785 ; gain = 0.000 ; free physical = 62107 ; free virtual = 490964
INFO: [v++ 60-244] Generating system estimate report...
INFO: [v++ 60-1092] Generated system estimate report: /home/ziyuanwang/hbm/Vitis_Accel_Examples/host_xrt/hbm_simple_xrt/_x_gem000_32.hw.xilinx_u280_xdma_201920_3/reports/link/system_estimate_krnl_vadd.link.xtxt
INFO: [v++ 60-586] Created /home/ziyuanwang/hbm/Vitis_Accel_Examples/host_xrt/hbm_simple_xrt/build_dir_gem000_32.hw.xilinx_u280_xdma_201920_3/krnl_vadd.link.ltx
INFO: [v++ 60-586] Created ./build_dir_gem000_32.hw.xilinx_u280_xdma_201920_3/krnl_vadd.link.xclbin
INFO: [v++ 60-1307] Run completed. Additional information can be found in:
	Guidance: /home/ziyuanwang/hbm/Vitis_Accel_Examples/host_xrt/hbm_simple_xrt/_x_gem000_32.hw.xilinx_u280_xdma_201920_3/reports/link/v++_link_krnl_vadd.link_guidance.html
	Timing Report: /home/ziyuanwang/hbm/Vitis_Accel_Examples/host_xrt/hbm_simple_xrt/_x_gem000_32.hw.xilinx_u280_xdma_201920_3/reports/link/imp/impl_1_xilinx_u280_xdma_201920_3_bb_locked_timing_summary_routed.rpt
	Vivado Log: /home/ziyuanwang/hbm/Vitis_Accel_Examples/host_xrt/hbm_simple_xrt/_x_gem000_32.hw.xilinx_u280_xdma_201920_3/logs/link/vivado.log
	Steps Log File: /home/ziyuanwang/hbm/Vitis_Accel_Examples/host_xrt/hbm_simple_xrt/_x_gem000_32.hw.xilinx_u280_xdma_201920_3/logs/link/link.steps.log

INFO: [v++ 60-2343] Use the vitis_analyzer tool to visualize and navigate the relevant reports. Run the following command. 
    vitis_analyzer /home/ziyuanwang/hbm/Vitis_Accel_Examples/host_xrt/hbm_simple_xrt/build_dir_gem000_32.hw.xilinx_u280_xdma_201920_3/krnl_vadd.link.xclbin.link_summary 
INFO: [v++ 60-791] Total elapsed time: 2h 49m 39s
