Copyright 1986-2021 Xilinx, Inc. All Rights Reserved.
------------------------------------------------------------------------------------------------------------------------------------------------------------------------------------
| Tool Version : Vivado v.2021.2 (lin64) Build 3367213 Tue Oct 19 02:47:39 MDT 2021
| Date         : Mon Dec 23 17:13:04 2024
| Host         : hacc-gpu0 running 64-bit Ubuntu 20.04.6 LTS
| Command      : report_accelerator_utilization -kernels { overlay:pfm_top_i/dynamic_region/overlay_1/inst:overlay_1} -file kernel_util_synthed.rpt -name kernel_util_synthed -json
| Design       : pfm_top_wrapper
| Device       : xcu280
| Design State : Synthesized
------------------------------------------------------------------------------------------------------------------------------------------------------------------------------------

Accelerator Utilization Design Information

Table of Contents
-----------------
1. System Utilization

1. System Utilization
---------------------

+---------------------+-------------------+------------------+-------------------+----------------+---------------+----------------+
| Name                | LUT               | LUTAsMem         | REG               | BRAM           | URAM          | DSP            |
+---------------------+-------------------+------------------+-------------------+----------------+---------------+----------------+
| Platform            |  210156 [ 16.13%] |  35364 [  5.89%] |  308580 [ 11.83%] |  303 [ 15.03%] |   0 [  0.00%] |    7 [  0.08%] |
| User Budget         | 1092564 [100.00%] | 565116 [100.00%] | 2298780 [100.00%] | 1713 [100.00%] | 960 [100.00%] | 9017 [100.00%] |
|    Used Resources   |  626605 [ 57.35%] | 332030 [ 58.75%] |  418861 [ 18.22%] | 1973 [115.18%] | 960 [100.00%] |  723 [  8.02%] |
|    Unused Resources |  465959 [ 42.65%] | 233086 [ 41.25%] | 1879919 [ 81.78%] | -260 [-15.17%] |   0 [  0.00%] | 8294 [ 91.98%] |
| overlay             |  626605 [ 57.35%] | 332030 [ 58.75%] |  418861 [ 18.22%] | 1973 [115.18%] | 960 [100.00%] |  723 [  8.02%] |
|    overlay_1        |  626605 [ 57.35%] | 332030 [ 58.75%] |  418861 [ 18.22%] | 1973 [115.18%] | 960 [100.00%] |  723 [  8.02%] |
+---------------------+-------------------+------------------+-------------------+----------------+---------------+----------------+


