Copyright 1986-2021 Xilinx, Inc. All Rights Reserved.
------------------------------------------------------------------------------------------------------------------------------------------------------------------------------------------
| Tool Version : Vivado v.2021.2 (lin64) Build 3367213 Tue Oct 19 02:47:39 MDT 2021
| Date         : Thu Nov 14 23:16:23 2024
| Host         : hacc-gpu0 running 64-bit Ubuntu 20.04.6 LTS
| Command      : report_accelerator_utilization -kernels { krnl_vadd:pfm_top_i/dynamic_region/krnl_vadd_1/inst:krnl_vadd_1} -file kernel_util_synthed.rpt -name kernel_util_synthed -json
| Design       : pfm_top_wrapper
| Device       : xcu280
| Design State : Synthesized
------------------------------------------------------------------------------------------------------------------------------------------------------------------------------------------

Accelerator Utilization Design Information

Table of Contents
-----------------
1. System Utilization

1. System Utilization
---------------------

+---------------------+-------------------+------------------+-------------------+----------------+---------------+----------------+
| Name                | LUT               | LUTAsMem         | REG               | BRAM           | URAM          | DSP            |
+---------------------+-------------------+------------------+-------------------+----------------+---------------+----------------+
| Platform            |  117807 [  9.04%] |  12220 [  2.04%] |  157300 [  6.03%] |  202 [ 10.02%] |   0 [  0.00%] |    4 [  0.04%] |
| User Budget         | 1184913 [100.00%] | 588260 [100.00%] | 2450060 [100.00%] | 1814 [100.00%] | 960 [100.00%] | 9020 [100.00%] |
|    Used Resources   |    7287 [  0.61%] |   1310 [  0.22%] |   12832 [  0.52%] |   23 [  1.27%] |   0 [  0.00%] |    6 [  0.07%] |
|    Unused Resources | 1177626 [ 99.39%] | 586950 [ 99.78%] | 2437228 [ 99.48%] | 1791 [ 98.73%] | 960 [100.00%] | 9014 [ 99.93%] |
| krnl_vadd           |    7287 [  0.61%] |   1310 [  0.22%] |   12832 [  0.52%] |   23 [  1.27%] |   0 [  0.00%] |    6 [  0.07%] |
|    krnl_vadd_1      |    7287 [  0.61%] |   1310 [  0.22%] |   12832 [  0.52%] |   23 [  1.27%] |   0 [  0.00%] |    6 [  0.07%] |
+---------------------+-------------------+------------------+-------------------+----------------+---------------+----------------+


