Copyright 1986-2021 Xilinx, Inc. All Rights Reserved.
------------------------------------------------------------------------------------------
| Tool Version : Vivado v.2021.2 (lin64) Build 3367213 Tue Oct 19 02:47:39 MDT 2021
| Date         : Sat Nov  9 19:41:27 2024
| Host         : hacc-gpu0 running 64-bit Ubuntu 20.04.6 LTS
| Command      : report_utilization -slr -file slr_util_routed.rpt -pb slr_util_routed.pb
| Design       : pfm_top_wrapper
| Device       : xcu280-fsvh2892-2L-e
| Speed File   : -2L
| Design State : Routed
------------------------------------------------------------------------------------------

Utilization Design Information

Table of Contents
-----------------
1. SLR Connectivity
2. SLR Connectivity Matrix
3. SLR CLB Logic and Dedicated Block Utilization
4. SLR IO Utilization

1. SLR Connectivity
-------------------

+----------------------------------+------+-------+-----------+-------+
|                                  | Used | Fixed | Available | Util% |
+----------------------------------+------+-------+-----------+-------+
| SLR2 <-> SLR1                    | 3966 |       |     23040 | 17.21 |
|   SLR1 -> SLR2                   | 2086 |       |           |  9.05 |
|     Using TX_REG only            |  267 |     1 |           |       |
|     Using RX_REG only            |  284 |    18 |           |       |
|     Using Both TX_REG and RX_REG |  267 |     1 |           |       |
|   SLR2 -> SLR1                   | 1880 |       |           |  8.16 |
|     Using TX_REG only            |  407 |     0 |           |       |
|     Using RX_REG only            |  413 |     4 |           |       |
|     Using Both TX_REG and RX_REG |  407 |     0 |           |       |
| SLR1 <-> SLR0                    | 2531 |       |     23040 | 10.99 |
|   SLR0 -> SLR1                   | 1137 |       |           |  4.93 |
|     Using TX_REG only            |  371 |    71 |           |       |
|     Using RX_REG only            |  361 |    61 |           |       |
|     Using Both TX_REG and RX_REG |  355 |    55 |           |       |
|   SLR1 -> SLR0                   | 1394 |       |           |  6.05 |
|     Using TX_REG only            |  437 |    62 |           |       |
|     Using RX_REG only            |  447 |    71 |           |       |
|     Using Both TX_REG and RX_REG |  435 |    60 |           |       |
+----------------------------------+------+-------+-----------+-------+
| Total SLLs Used                  | 6497 |       |           |       |
+----------------------------------+------+-------+-----------+-------+


2. SLR Connectivity Matrix
--------------------------

+-----------+------+------+------+
| FROM \ TO | SLR2 | SLR1 | SLR0 |
+-----------+------+------+------+
| SLR2      |    0 | 1721 |  159 |
| SLR1      | 1975 |    0 | 1235 |
| SLR0      |  111 | 1026 |    0 |
+-----------+------+------+------+


3. SLR CLB Logic and Dedicated Block Utilization
------------------------------------------------

+----------------------------+--------+-------+-------+--------+--------+--------+
|          Site Type         |  SLR0  |  SLR1 |  SLR2 | SLR0 % | SLR1 % | SLR2 % |
+----------------------------+--------+-------+-------+--------+--------+--------+
| CLB                        |  22277 |  6668 |  8030 |  40.53 |  12.35 |  14.87 |
|   CLBL                     |  11421 |  3339 |  4091 |  39.01 |  11.40 |  13.97 |
|   CLBM                     |  10856 |  3329 |  3939 |  42.27 |  13.47 |  15.93 |
| CLB LUTs                   |  97265 | 47645 | 35371 |  22.12 |  11.03 |   8.19 |
|   LUT as Logic             |  87947 | 43673 | 32333 |  20.00 |  10.11 |   7.48 |
|     using O5 output only   |    792 |   287 |  1009 |   0.18 |   0.07 |   0.23 |
|     using O6 output only   |  65247 | 34238 | 19495 |  14.84 |   7.93 |   4.51 |
|     using O5 and O6        |  21908 |  9148 | 11829 |   4.98 |   2.12 |   2.74 |
|   LUT as Memory            |   9318 |  3972 |  3038 |   4.54 |   2.01 |   1.54 |
|     LUT as Distributed RAM |   4486 |  3837 |  1660 |   2.18 |   1.94 |   0.84 |
|       using O5 output only |      0 |     0 |     0 |   0.00 |   0.00 |   0.00 |
|       using O6 output only |     80 |   215 |    84 |   0.04 |   0.11 |   0.04 |
|       using O5 and O6      |   4406 |  3622 |  1576 |   2.14 |   1.83 |   0.80 |
|     LUT as Shift Register  |   4832 |   135 |  1378 |   2.35 |   0.07 |   0.70 |
|       using O5 output only |      0 |     0 |     0 |   0.00 |   0.00 |   0.00 |
|       using O6 output only |   2190 |   135 |  1248 |   1.07 |   0.07 |   0.63 |
|       using O5 and O6      |   2642 |     0 |   130 |   1.29 |   0.00 |   0.07 |
| CLB Registers              | 123146 | 46361 | 60937 |  14.00 |   5.37 |   7.05 |
| CARRY8                     |   1060 |   473 |   313 |   1.93 |   0.88 |   0.58 |
| F7 Muxes                   |    782 |   651 |  1054 |   0.36 |   0.30 |   0.49 |
| F8 Muxes                   |     16 |   141 |    47 |   0.01 |   0.13 |   0.04 |
| F9 Muxes                   |      0 |     0 |     0 |   0.00 |   0.00 |   0.00 |
| Block RAM Tile             |    119 |  80.5 |    94 |  17.71 |  11.98 |  13.99 |
|   RAMB36/FIFO              |    116 |    80 |    92 |  17.26 |  11.90 |  13.69 |
|     RAMB36E2 only          |    116 |    80 |    92 |  17.26 |  11.90 |  13.69 |
|   RAMB18                   |      6 |     1 |     4 |   0.45 |   0.07 |   0.30 |
|     RAMB18E2 only          |      6 |     1 |     4 |   0.45 |   0.07 |   0.30 |
| URAM                       |      0 |     0 |     0 |   0.00 |   0.00 |   0.00 |
| DSPs                       |     27 |     0 |     4 |   0.94 |   0.00 |   0.13 |
| Unique Control Sets        |   2584 |  1504 |  2726 |   2.35 |   1.39 |   2.52 |
+----------------------------+--------+-------+-------+--------+--------+--------+
* Note: Available Control Sets based on CLB Registers / 8


4. SLR IO Utilization
---------------------

+-----------+-----------+---------+------------+----------+------------+----------+-----+
| SLR Index | Used IOBs | (%)IOBs | Used IPADs | (%)IPADs | Used OPADs | (%)OPADs | GTs |
+-----------+-----------+---------+------------+----------+------------+----------+-----+
| SLR2      |        18 |    8.65 |          0 |     0.00 |          0 |     0.00 |   0 |
| SLR1      |         0 |    0.00 |          0 |     0.00 |          0 |     0.00 |   0 |
| SLR0      |         1 |    0.48 |          0 |     0.00 |          0 |     0.00 |  16 |
+-----------+-----------+---------+------------+----------+------------+----------+-----+
| Total     |        19 |         |          0 |          |          0 |          |  16 |
+-----------+-----------+---------+------------+----------+------------+----------+-----+


