Copyright 1986-2021 Xilinx, Inc. All Rights Reserved.
-----------------------------------------------------------------------------------------------------------------------------------------------------------------------------------------------------------------------------------------------------------------------------------------------------------------------------------------------------
| Tool Version : Vivado v.2021.2 (lin64) Build 3367213 Tue Oct 19 02:47:39 MDT 2021
| Date         : Sat Nov  9 17:56:25 2024
| Host         : hacc-gpu0 running 64-bit Ubuntu 20.04.6 LTS
| Command      : report_accelerator_utilization -kernels { krnl_vaddmul:pfm_top_i/dynamic_region/krnl_vaddmul_1/inst:krnl_vaddmul_1 krnl_vaddmul:pfm_top_i/dynamic_region/krnl_vaddmul_2/inst:krnl_vaddmul_2 krnl_vaddmul:pfm_top_i/dynamic_region/krnl_vaddmul_3/inst:krnl_vaddmul_3} -file kernel_util_synthed.rpt -name kernel_util_synthed -json
| Design       : pfm_top_wrapper
| Device       : xcu280
| Design State : Synthesized
-----------------------------------------------------------------------------------------------------------------------------------------------------------------------------------------------------------------------------------------------------------------------------------------------------------------------------------------------------

Accelerator Utilization Design Information

Table of Contents
-----------------
1. System Utilization

1. System Utilization
---------------------

+---------------------+-------------------+------------------+-------------------+----------------+---------------+----------------+
| Name                | LUT               | LUTAsMem         | REG               | BRAM           | URAM          | DSP            |
+---------------------+-------------------+------------------+-------------------+----------------+---------------+----------------+
| Platform            |  122603 [  9.41%] |  14989 [  2.50%] |  167254 [  6.41%] |  202 [ 10.02%] |   0 [  0.00%] |    4 [  0.04%] |
| User Budget         | 1180117 [100.00%] | 585491 [100.00%] | 2440106 [100.00%] | 1814 [100.00%] | 960 [100.00%] | 9020 [100.00%] |
|    Used Resources   |   72372 [  6.13%] |   4926 [  0.84%] |   68169 [  2.79%] |   90 [  4.96%] |   0 [  0.00%] |   27 [  0.30%] |
|    Unused Resources | 1107745 [ 93.87%] | 580565 [ 99.16%] | 2371937 [ 97.21%] | 1724 [ 95.04%] | 960 [100.00%] | 8993 [ 99.70%] |
| krnl_vaddmul        |   72372 [  6.13%] |   4926 [  0.84%] |   68169 [  2.79%] |   90 [  4.96%] |   0 [  0.00%] |   27 [  0.30%] |
|    krnl_vaddmul_1   |   24124 [  2.04%] |   1642 [  0.28%] |   22723 [  0.93%] |   30 [  1.65%] |   0 [  0.00%] |    9 [  0.10%] |
|    krnl_vaddmul_2   |   24124 [  2.04%] |   1642 [  0.28%] |   22723 [  0.93%] |   30 [  1.65%] |   0 [  0.00%] |    9 [  0.10%] |
|    krnl_vaddmul_3   |   24124 [  2.04%] |   1642 [  0.28%] |   22723 [  0.93%] |   30 [  1.65%] |   0 [  0.00%] |    9 [  0.10%] |
+---------------------+-------------------+------------------+-------------------+----------------+---------------+----------------+


