Copyright 1986-2021 Xilinx, Inc. All Rights Reserved.
----------------------------------------------------------------------------------------------------------------------------------------------------------------------------------
| Tool Version : Vivado v.2021.2 (lin64) Build 3367213 Tue Oct 19 02:47:39 MDT 2021
| Date         : Sun Dec 15 22:03:45 2024
| Host         : hacc-gpu0 running 64-bit Ubuntu 20.04.6 LTS
| Command      : report_accelerator_utilization -kernels { overlay:pfm_top_i/dynamic_region/overlay_1/inst:overlay_1} -file kernel_util_routed.rpt -name kernel_util_routed -json
| Design       : pfm_top_wrapper
| Device       : xcu280
| Design State : Routed
----------------------------------------------------------------------------------------------------------------------------------------------------------------------------------

Accelerator Utilization Design Information

Table of Contents
-----------------
1. System Utilization

1. System Utilization
---------------------

+---------------------+-------------------+------------------+-------------------+----------------+---------------+----------------+
| Name                | LUT               | LUTAsMem         | REG               | BRAM           | URAM          | DSP            |
+---------------------+-------------------+------------------+-------------------+----------------+---------------+----------------+
| Platform            |  158216 [ 12.15%] |  21992 [  3.66%] |  245135 [  9.40%] |  303 [ 15.03%] |   0 [  0.00%] |    7 [  0.08%] |
| User Budget         | 1144504 [100.00%] | 578488 [100.00%] | 2362225 [100.00%] | 1713 [100.00%] | 960 [100.00%] | 9017 [100.00%] |
|    Used Resources   |   84299 [  7.37%] |  23988 [  4.15%] |   93973 [  3.98%] |  516 [ 30.12%] | 544 [ 56.67%] |  135 [  1.50%] |
|    Unused Resources | 1060205 [ 92.63%] | 554500 [ 95.85%] | 2268252 [ 96.02%] | 1197 [ 69.88%] | 416 [ 43.33%] | 8882 [ 98.50%] |
| overlay             |   84299 [  7.37%] |  23988 [  4.15%] |   93973 [  3.98%] |  516 [ 30.12%] | 544 [ 56.67%] |  135 [  1.50%] |
|    overlay_1        |   84299 [  7.37%] |  23988 [  4.15%] |   93973 [  3.98%] |  516 [ 30.12%] | 544 [ 56.67%] |  135 [  1.50%] |
+---------------------+-------------------+------------------+-------------------+----------------+---------------+----------------+


