Copyright 1986-2021 Xilinx, Inc. All Rights Reserved.
----------------------------------------------------------------------------------------------------------------------------------------------------------------------------------------------------------------------------------------------------------------------------------------------------------------------------------------------------------------------------------------------------------------------------------------------------------------------------------------------------------------------------------------------------------------------------------------------------------------------------------------------------------------------------------------------------------------------------------
| Tool Version : Vivado v.2021.2 (lin64) Build 3367213 Tue Oct 19 02:47:39 MDT 2021
| Date         : Fri Nov  1 20:44:05 2024
| Host         : hacc-gpu0 running 64-bit Ubuntu 20.04.6 LTS
| Command      : report_accelerator_utilization -kernels { krnl_vaddmul:pfm_top_i/dynamic_region/krnl_vaddmul_1/inst:krnl_vaddmul_1 krnl_vaddmul:pfm_top_i/dynamic_region/krnl_vaddmul_2/inst:krnl_vaddmul_2 krnl_vaddmul:pfm_top_i/dynamic_region/krnl_vaddmul_3/inst:krnl_vaddmul_3 krnl_vaddmul:pfm_top_i/dynamic_region/krnl_vaddmul_4/inst:krnl_vaddmul_4 krnl_vaddmul:pfm_top_i/dynamic_region/krnl_vaddmul_5/inst:krnl_vaddmul_5 krnl_vaddmul:pfm_top_i/dynamic_region/krnl_vaddmul_6/inst:krnl_vaddmul_6 krnl_vaddmul:pfm_top_i/dynamic_region/krnl_vaddmul_7/inst:krnl_vaddmul_7 krnl_vaddmul:pfm_top_i/dynamic_region/krnl_vaddmul_8/inst:krnl_vaddmul_8} -file kernel_util_synthed.rpt -name kernel_util_synthed -json
| Design       : pfm_top_wrapper
| Device       : xcu280
| Design State : Synthesized
----------------------------------------------------------------------------------------------------------------------------------------------------------------------------------------------------------------------------------------------------------------------------------------------------------------------------------------------------------------------------------------------------------------------------------------------------------------------------------------------------------------------------------------------------------------------------------------------------------------------------------------------------------------------------------------------------------------------------------

Accelerator Utilization Design Information

Table of Contents
-----------------
1. System Utilization

1. System Utilization
---------------------

+---------------------+-------------------+------------------+-------------------+----------------+---------------+----------------+
| Name                | LUT               | LUTAsMem         | REG               | BRAM           | URAM          | DSP            |
+---------------------+-------------------+------------------+-------------------+----------------+---------------+----------------+
| Platform            |  221816 [ 17.03%] |  60331 [ 10.05%] |  359829 [ 13.80%] |  204 [ 10.12%] |   0 [  0.00%] |    4 [  0.04%] |
| User Budget         | 1080904 [100.00%] | 540149 [100.00%] | 2247531 [100.00%] | 1812 [100.00%] | 960 [100.00%] | 9020 [100.00%] |
|    Used Resources   | 2000344 [185.06%] |  87264 [ 16.16%] | 2472680 [110.02%] |  488 [ 26.93%] |   0 [  0.00%] |   32 [  0.35%] |
|    Unused Resources | -919440 [-85.05%] | 452885 [ 83.84%] | -225149 [-10.01%] | 1324 [ 73.07%] | 960 [100.00%] | 8988 [ 99.65%] |
| krnl_vaddmul        | 2000344 [185.06%] |  87264 [ 16.16%] | 2472680 [110.02%] |  488 [ 26.93%] |   0 [  0.00%] |   32 [  0.35%] |
|    krnl_vaddmul_1   |  250043 [ 23.13%] |  10908 [  2.02%] |  309085 [ 13.75%] |   61 [  3.37%] |   0 [  0.00%] |    4 [  0.04%] |
|    krnl_vaddmul_2   |  250043 [ 23.13%] |  10908 [  2.02%] |  309085 [ 13.75%] |   61 [  3.37%] |   0 [  0.00%] |    4 [  0.04%] |
|    krnl_vaddmul_3   |  250043 [ 23.13%] |  10908 [  2.02%] |  309085 [ 13.75%] |   61 [  3.37%] |   0 [  0.00%] |    4 [  0.04%] |
|    krnl_vaddmul_4   |  250043 [ 23.13%] |  10908 [  2.02%] |  309085 [ 13.75%] |   61 [  3.37%] |   0 [  0.00%] |    4 [  0.04%] |
|    krnl_vaddmul_5   |  250043 [ 23.13%] |  10908 [  2.02%] |  309085 [ 13.75%] |   61 [  3.37%] |   0 [  0.00%] |    4 [  0.04%] |
|    krnl_vaddmul_6   |  250043 [ 23.13%] |  10908 [  2.02%] |  309085 [ 13.75%] |   61 [  3.37%] |   0 [  0.00%] |    4 [  0.04%] |
|    krnl_vaddmul_7   |  250043 [ 23.13%] |  10908 [  2.02%] |  309085 [ 13.75%] |   61 [  3.37%] |   0 [  0.00%] |    4 [  0.04%] |
|    krnl_vaddmul_8   |  250043 [ 23.13%] |  10908 [  2.02%] |  309085 [ 13.75%] |   61 [  3.37%] |   0 [  0.00%] |    4 [  0.04%] |
+---------------------+-------------------+------------------+-------------------+----------------+---------------+----------------+


