INFO: [v++ 60-1306] Additional information associated with this v++ link can be found at:
	Reports: /home/ziyuanwang/hbm/Vitis_Accel_Examples/performance/hbm_bandwidth/_x_8core_random_16.hw.xilinx_u280_xdma_201920_3/reports/link
	Log files: /home/ziyuanwang/hbm/Vitis_Accel_Examples/performance/hbm_bandwidth/_x_8core_random_16.hw.xilinx_u280_xdma_201920_3/logs/link
INFO: [v++ 60-1548] Creating build summary session with primary output /home/ziyuanwang/hbm/Vitis_Accel_Examples/performance/hbm_bandwidth/build_dir_8core_random_16.hw.xilinx_u280_xdma_201920_3/krnl_vaddmul.link.xclbin.link_summary, at Mon Oct 28 22:42:22 2024
INFO: [v++ 60-1316] Initiating connection to rulecheck server, at Mon Oct 28 22:42:22 2024
INFO: [v++ 60-1315] Creating rulecheck session with output '/home/ziyuanwang/hbm/Vitis_Accel_Examples/performance/hbm_bandwidth/_x_8core_random_16.hw.xilinx_u280_xdma_201920_3/reports/link/v++_link_krnl_vaddmul.link_guidance.html', at Mon Oct 28 22:42:26 2024
INFO: [v++ 60-895]   Target platform: /opt/xilinx/platforms/xilinx_u280_xdma_201920_3/xilinx_u280_xdma_201920_3.xpfm
INFO: [v++ 60-1578]   This platform contains Xilinx Shell Archive '/opt/xilinx/platforms/xilinx_u280_xdma_201920_3/hw/xilinx_u280_xdma_201920_3.xsa'
INFO: [v++ 74-78] Compiler Version string: 2021.2
INFO: [v++ 60-1302] Platform 'xilinx_u280_xdma_201920_3.xpfm' has been explicitly enabled for this release.
INFO: [v++ 60-629] Linking for hardware target
INFO: [v++ 60-423]   Target device: xilinx_u280_xdma_201920_3
INFO: [v++ 60-1332] Run 'run_link' status: Not started
INFO: [v++ 60-1443] [22:42:43] Run run_link: Step system_link: Started
INFO: [v++ 60-1453] Command Line: system_link --xo /home/ziyuanwang/hbm/Vitis_Accel_Examples/performance/hbm_bandwidth/_x_8core_random_16.hw.xilinx_u280_xdma_201920_3/krnl_vaddmul.xo -keep --config /home/ziyuanwang/hbm/Vitis_Accel_Examples/performance/hbm_bandwidth/_x_8core_random_16.hw.xilinx_u280_xdma_201920_3/link/int/syslinkConfig.ini --xpfm /opt/xilinx/platforms/xilinx_u280_xdma_201920_3/xilinx_u280_xdma_201920_3.xpfm --target hw --output_dir /home/ziyuanwang/hbm/Vitis_Accel_Examples/performance/hbm_bandwidth/_x_8core_random_16.hw.xilinx_u280_xdma_201920_3/link/int --temp_dir /home/ziyuanwang/hbm/Vitis_Accel_Examples/performance/hbm_bandwidth/_x_8core_random_16.hw.xilinx_u280_xdma_201920_3/link/sys_link
INFO: [v++ 60-1454] Run Directory: /home/ziyuanwang/hbm/Vitis_Accel_Examples/performance/hbm_bandwidth/_x_8core_random_16.hw.xilinx_u280_xdma_201920_3/link/run_link
INFO: [SYSTEM_LINK 60-1316] Initiating connection to rulecheck server, at Mon Oct 28 22:42:48 2024
INFO: [SYSTEM_LINK 82-70] Extracting xo v3 file /home/ziyuanwang/hbm/Vitis_Accel_Examples/performance/hbm_bandwidth/_x_8core_random_16.hw.xilinx_u280_xdma_201920_3/krnl_vaddmul.xo
INFO: [SYSTEM_LINK 82-53] Creating IP database /home/ziyuanwang/hbm/Vitis_Accel_Examples/performance/hbm_bandwidth/_x_8core_random_16.hw.xilinx_u280_xdma_201920_3/link/sys_link/_sysl/.cdb/xd_ip_db.xml
INFO: [SYSTEM_LINK 82-38] [22:42:58] build_xd_ip_db started: /tools/Xilinx/Vitis/2021.2/bin/build_xd_ip_db -ip_search 0  -sds-pf /home/ziyuanwang/hbm/Vitis_Accel_Examples/performance/hbm_bandwidth/_x_8core_random_16.hw.xilinx_u280_xdma_201920_3/link/sys_link/xilinx_u280_xdma_201920_3.hpfm -clkid 0 -ip /home/ziyuanwang/hbm/Vitis_Accel_Examples/performance/hbm_bandwidth/_x_8core_random_16.hw.xilinx_u280_xdma_201920_3/link/sys_link/iprepo/xilinx_com_hls_krnl_vaddmul_1_0,krnl_vaddmul -o /home/ziyuanwang/hbm/Vitis_Accel_Examples/performance/hbm_bandwidth/_x_8core_random_16.hw.xilinx_u280_xdma_201920_3/link/sys_link/_sysl/.cdb/xd_ip_db.xml
INFO: [SYSTEM_LINK 82-37] [22:43:08] build_xd_ip_db finished successfully
Time (s): cpu = 00:00:05 ; elapsed = 00:00:10 . Memory (MB): peak = 2168.234 ; gain = 0.000 ; free physical = 98965 ; free virtual = 483406
INFO: [SYSTEM_LINK 82-51] Create system connectivity graph
INFO: [SYSTEM_LINK 82-102] Applying explicit connections to the system connectivity graph: /home/ziyuanwang/hbm/Vitis_Accel_Examples/performance/hbm_bandwidth/_x_8core_random_16.hw.xilinx_u280_xdma_201920_3/link/sys_link/cfgraph/cfgen_cfgraph.xml
INFO: [SYSTEM_LINK 82-38] [22:43:08] cfgen started: /tools/Xilinx/Vitis/2021.2/bin/cfgen  -nk krnl_vaddmul:8 -sp krnl_vaddmul_1.in1:HBM[0] -sp krnl_vaddmul_1.in2:HBM[1] -sp krnl_vaddmul_1.out_add:HBM[2] -sp krnl_vaddmul_1.out_mul:HBM[3] -sp krnl_vaddmul_2.in1:HBM[8] -sp krnl_vaddmul_2.in2:HBM[9] -sp krnl_vaddmul_2.out_add:HBM[10] -sp krnl_vaddmul_2.out_mul:HBM[11] -sp krnl_vaddmul_3.in1:HBM[28:31] -sp krnl_vaddmul_3.in2:HBM[28:31] -sp krnl_vaddmul_3.out_add:HBM[28:31] -sp krnl_vaddmul_3.out_mul:HBM[28:31] -sp krnl_vaddmul_4.in1:HBM[19] -sp krnl_vaddmul_4.in2:HBM[18] -sp krnl_vaddmul_4.out_add:HBM[17] -sp krnl_vaddmul_4.out_mul:HBM[16] -sp krnl_vaddmul_5.in1:HBM[20] -sp krnl_vaddmul_5.in2:HBM[21] -sp krnl_vaddmul_5.out_add:HBM[22] -sp krnl_vaddmul_5.out_mul:HBM[23] -sp krnl_vaddmul_6.in1:HBM[12:15] -sp krnl_vaddmul_6.in2:HBM[12:15] -sp krnl_vaddmul_6.out_add:HBM[12:15] -sp krnl_vaddmul_6.out_mul:HBM[12:15] -sp krnl_vaddmul_7.in1:HBM[7] -sp krnl_vaddmul_7.in2:HBM[6] -sp krnl_vaddmul_7.out_add:HBM[5] -sp krnl_vaddmul_7.out_mul:HBM[4] -sp krnl_vaddmul_8.in1:HBM[24:27] -sp krnl_vaddmul_8.in2:HBM[24:27] -sp krnl_vaddmul_8.out_add:HBM[24:27] -sp krnl_vaddmul_8.out_mul:HBM[24:27] -dmclkid 0 -r /home/ziyuanwang/hbm/Vitis_Accel_Examples/performance/hbm_bandwidth/_x_8core_random_16.hw.xilinx_u280_xdma_201920_3/link/sys_link/_sysl/.cdb/xd_ip_db.xml -o /home/ziyuanwang/hbm/Vitis_Accel_Examples/performance/hbm_bandwidth/_x_8core_random_16.hw.xilinx_u280_xdma_201920_3/link/sys_link/cfgraph/cfgen_cfgraph.xml
INFO: [CFGEN 83-0] Kernel Specs: 
INFO: [CFGEN 83-0]   kernel: krnl_vaddmul, num: 8  {krnl_vaddmul_1 krnl_vaddmul_2 krnl_vaddmul_3 krnl_vaddmul_4 krnl_vaddmul_5 krnl_vaddmul_6 krnl_vaddmul_7 krnl_vaddmul_8}
INFO: [CFGEN 83-0] Port Specs: 
INFO: [CFGEN 83-0]   kernel: krnl_vaddmul_1, k_port: in1, sptag: HBM[0]
INFO: [CFGEN 83-0]   kernel: krnl_vaddmul_1, k_port: in2, sptag: HBM[1]
INFO: [CFGEN 83-0]   kernel: krnl_vaddmul_1, k_port: out_add, sptag: HBM[2]
INFO: [CFGEN 83-0]   kernel: krnl_vaddmul_1, k_port: out_mul, sptag: HBM[3]
INFO: [CFGEN 83-0]   kernel: krnl_vaddmul_2, k_port: in1, sptag: HBM[8]
INFO: [CFGEN 83-0]   kernel: krnl_vaddmul_2, k_port: in2, sptag: HBM[9]
INFO: [CFGEN 83-0]   kernel: krnl_vaddmul_2, k_port: out_add, sptag: HBM[10]
INFO: [CFGEN 83-0]   kernel: krnl_vaddmul_2, k_port: out_mul, sptag: HBM[11]
INFO: [CFGEN 83-0]   kernel: krnl_vaddmul_3, k_port: in1, sptag: HBM[28:31]
INFO: [CFGEN 83-0]   kernel: krnl_vaddmul_3, k_port: in2, sptag: HBM[28:31]
INFO: [CFGEN 83-0]   kernel: krnl_vaddmul_3, k_port: out_add, sptag: HBM[28:31]
INFO: [CFGEN 83-0]   kernel: krnl_vaddmul_3, k_port: out_mul, sptag: HBM[28:31]
INFO: [CFGEN 83-0]   kernel: krnl_vaddmul_4, k_port: in1, sptag: HBM[19]
INFO: [CFGEN 83-0]   kernel: krnl_vaddmul_4, k_port: in2, sptag: HBM[18]
INFO: [CFGEN 83-0]   kernel: krnl_vaddmul_4, k_port: out_add, sptag: HBM[17]
INFO: [CFGEN 83-0]   kernel: krnl_vaddmul_4, k_port: out_mul, sptag: HBM[16]
INFO: [CFGEN 83-0]   kernel: krnl_vaddmul_5, k_port: in1, sptag: HBM[20]
INFO: [CFGEN 83-0]   kernel: krnl_vaddmul_5, k_port: in2, sptag: HBM[21]
INFO: [CFGEN 83-0]   kernel: krnl_vaddmul_5, k_port: out_add, sptag: HBM[22]
INFO: [CFGEN 83-0]   kernel: krnl_vaddmul_5, k_port: out_mul, sptag: HBM[23]
INFO: [CFGEN 83-0]   kernel: krnl_vaddmul_6, k_port: in1, sptag: HBM[12:15]
INFO: [CFGEN 83-0]   kernel: krnl_vaddmul_6, k_port: in2, sptag: HBM[12:15]
INFO: [CFGEN 83-0]   kernel: krnl_vaddmul_6, k_port: out_add, sptag: HBM[12:15]
INFO: [CFGEN 83-0]   kernel: krnl_vaddmul_6, k_port: out_mul, sptag: HBM[12:15]
INFO: [CFGEN 83-0]   kernel: krnl_vaddmul_7, k_port: in1, sptag: HBM[7]
INFO: [CFGEN 83-0]   kernel: krnl_vaddmul_7, k_port: in2, sptag: HBM[6]
INFO: [CFGEN 83-0]   kernel: krnl_vaddmul_7, k_port: out_add, sptag: HBM[5]
INFO: [CFGEN 83-0]   kernel: krnl_vaddmul_7, k_port: out_mul, sptag: HBM[4]
INFO: [CFGEN 83-0]   kernel: krnl_vaddmul_8, k_port: in1, sptag: HBM[24:27]
INFO: [CFGEN 83-0]   kernel: krnl_vaddmul_8, k_port: in2, sptag: HBM[24:27]
INFO: [CFGEN 83-0]   kernel: krnl_vaddmul_8, k_port: out_add, sptag: HBM[24:27]
INFO: [CFGEN 83-0]   kernel: krnl_vaddmul_8, k_port: out_mul, sptag: HBM[24:27]
INFO: [CFGEN 83-2228] Creating mapping for argument krnl_vaddmul_1.in1 to HBM[0] for directive krnl_vaddmul_1.in1:HBM[0]
INFO: [CFGEN 83-2228] Creating mapping for argument krnl_vaddmul_1.in2 to HBM[1] for directive krnl_vaddmul_1.in2:HBM[1]
INFO: [CFGEN 83-2228] Creating mapping for argument krnl_vaddmul_1.out_add to HBM[2] for directive krnl_vaddmul_1.out_add:HBM[2]
INFO: [CFGEN 83-2228] Creating mapping for argument krnl_vaddmul_1.out_mul to HBM[3] for directive krnl_vaddmul_1.out_mul:HBM[3]
INFO: [CFGEN 83-2228] Creating mapping for argument krnl_vaddmul_2.in1 to HBM[8] for directive krnl_vaddmul_2.in1:HBM[8]
INFO: [CFGEN 83-2228] Creating mapping for argument krnl_vaddmul_2.in2 to HBM[9] for directive krnl_vaddmul_2.in2:HBM[9]
INFO: [CFGEN 83-2228] Creating mapping for argument krnl_vaddmul_2.out_add to HBM[10] for directive krnl_vaddmul_2.out_add:HBM[10]
INFO: [CFGEN 83-2228] Creating mapping for argument krnl_vaddmul_2.out_mul to HBM[11] for directive krnl_vaddmul_2.out_mul:HBM[11]
INFO: [CFGEN 83-2228] Creating mapping for argument krnl_vaddmul_3.in1 to HBM[28:31] for directive krnl_vaddmul_3.in1:HBM[28:31]
INFO: [CFGEN 83-2228] Creating mapping for argument krnl_vaddmul_3.in2 to HBM[28:31] for directive krnl_vaddmul_3.in2:HBM[28:31]
INFO: [CFGEN 83-2228] Creating mapping for argument krnl_vaddmul_3.out_add to HBM[28:31] for directive krnl_vaddmul_3.out_add:HBM[28:31]
INFO: [CFGEN 83-2228] Creating mapping for argument krnl_vaddmul_3.out_mul to HBM[28:31] for directive krnl_vaddmul_3.out_mul:HBM[28:31]
INFO: [CFGEN 83-2228] Creating mapping for argument krnl_vaddmul_4.in1 to HBM[19] for directive krnl_vaddmul_4.in1:HBM[19]
INFO: [CFGEN 83-2228] Creating mapping for argument krnl_vaddmul_4.in2 to HBM[18] for directive krnl_vaddmul_4.in2:HBM[18]
INFO: [CFGEN 83-2228] Creating mapping for argument krnl_vaddmul_4.out_add to HBM[17] for directive krnl_vaddmul_4.out_add:HBM[17]
INFO: [CFGEN 83-2228] Creating mapping for argument krnl_vaddmul_4.out_mul to HBM[16] for directive krnl_vaddmul_4.out_mul:HBM[16]
INFO: [CFGEN 83-2228] Creating mapping for argument krnl_vaddmul_5.in1 to HBM[20] for directive krnl_vaddmul_5.in1:HBM[20]
INFO: [CFGEN 83-2228] Creating mapping for argument krnl_vaddmul_5.in2 to HBM[21] for directive krnl_vaddmul_5.in2:HBM[21]
INFO: [CFGEN 83-2228] Creating mapping for argument krnl_vaddmul_5.out_add to HBM[22] for directive krnl_vaddmul_5.out_add:HBM[22]
INFO: [CFGEN 83-2228] Creating mapping for argument krnl_vaddmul_5.out_mul to HBM[23] for directive krnl_vaddmul_5.out_mul:HBM[23]
INFO: [CFGEN 83-2228] Creating mapping for argument krnl_vaddmul_6.in1 to HBM[12:15] for directive krnl_vaddmul_6.in1:HBM[12:15]
INFO: [CFGEN 83-2228] Creating mapping for argument krnl_vaddmul_6.in2 to HBM[12:15] for directive krnl_vaddmul_6.in2:HBM[12:15]
INFO: [CFGEN 83-2228] Creating mapping for argument krnl_vaddmul_6.out_add to HBM[12:15] for directive krnl_vaddmul_6.out_add:HBM[12:15]
INFO: [CFGEN 83-2228] Creating mapping for argument krnl_vaddmul_6.out_mul to HBM[12:15] for directive krnl_vaddmul_6.out_mul:HBM[12:15]
INFO: [CFGEN 83-2228] Creating mapping for argument krnl_vaddmul_7.in1 to HBM[7] for directive krnl_vaddmul_7.in1:HBM[7]
INFO: [CFGEN 83-2228] Creating mapping for argument krnl_vaddmul_7.in2 to HBM[6] for directive krnl_vaddmul_7.in2:HBM[6]
INFO: [CFGEN 83-2228] Creating mapping for argument krnl_vaddmul_7.out_add to HBM[5] for directive krnl_vaddmul_7.out_add:HBM[5]
INFO: [CFGEN 83-2228] Creating mapping for argument krnl_vaddmul_7.out_mul to HBM[4] for directive krnl_vaddmul_7.out_mul:HBM[4]
INFO: [CFGEN 83-2228] Creating mapping for argument krnl_vaddmul_8.in1 to HBM[24:27] for directive krnl_vaddmul_8.in1:HBM[24:27]
INFO: [CFGEN 83-2228] Creating mapping for argument krnl_vaddmul_8.in2 to HBM[24:27] for directive krnl_vaddmul_8.in2:HBM[24:27]
INFO: [CFGEN 83-2228] Creating mapping for argument krnl_vaddmul_8.out_add to HBM[24:27] for directive krnl_vaddmul_8.out_add:HBM[24:27]
INFO: [CFGEN 83-2228] Creating mapping for argument krnl_vaddmul_8.out_mul to HBM[24:27] for directive krnl_vaddmul_8.out_mul:HBM[24:27]
INFO: [SYSTEM_LINK 82-37] [22:43:19] cfgen finished successfully
Time (s): cpu = 00:00:11 ; elapsed = 00:00:11 . Memory (MB): peak = 2168.234 ; gain = 0.000 ; free physical = 99037 ; free virtual = 483478
INFO: [SYSTEM_LINK 82-52] Create top-level block diagram
INFO: [SYSTEM_LINK 82-38] [22:43:19] cf2bd started: /tools/Xilinx/Vitis/2021.2/bin/cf2bd  --linux --trace_buffer 1024 --input_file /home/ziyuanwang/hbm/Vitis_Accel_Examples/performance/hbm_bandwidth/_x_8core_random_16.hw.xilinx_u280_xdma_201920_3/link/sys_link/cfgraph/cfgen_cfgraph.xml --ip_db /home/ziyuanwang/hbm/Vitis_Accel_Examples/performance/hbm_bandwidth/_x_8core_random_16.hw.xilinx_u280_xdma_201920_3/link/sys_link/_sysl/.cdb/xd_ip_db.xml --cf_name dr --working_dir /home/ziyuanwang/hbm/Vitis_Accel_Examples/performance/hbm_bandwidth/_x_8core_random_16.hw.xilinx_u280_xdma_201920_3/link/sys_link/_sysl/.xsd --temp_dir /home/ziyuanwang/hbm/Vitis_Accel_Examples/performance/hbm_bandwidth/_x_8core_random_16.hw.xilinx_u280_xdma_201920_3/link/sys_link --output_dir /home/ziyuanwang/hbm/Vitis_Accel_Examples/performance/hbm_bandwidth/_x_8core_random_16.hw.xilinx_u280_xdma_201920_3/link/int --target_bd pfm_dynamic.bd
INFO: [CF2BD 82-31] Launching cf2xd: cf2xd -linux -trace-buffer 1024 -i /home/ziyuanwang/hbm/Vitis_Accel_Examples/performance/hbm_bandwidth/_x_8core_random_16.hw.xilinx_u280_xdma_201920_3/link/sys_link/cfgraph/cfgen_cfgraph.xml -r /home/ziyuanwang/hbm/Vitis_Accel_Examples/performance/hbm_bandwidth/_x_8core_random_16.hw.xilinx_u280_xdma_201920_3/link/sys_link/_sysl/.cdb/xd_ip_db.xml -o dr.xml
INFO: [CF2BD 82-28] cf2xd finished successfully
INFO: [CF2BD 82-31] Launching cf_xsd: cf_xsd -disable-address-gen -bd pfm_dynamic.bd -dn dr -dp /home/ziyuanwang/hbm/Vitis_Accel_Examples/performance/hbm_bandwidth/_x_8core_random_16.hw.xilinx_u280_xdma_201920_3/link/sys_link/_sysl/.xsd
INFO: [CF2BD 82-28] cf_xsd finished successfully
INFO: [SYSTEM_LINK 82-37] [22:43:28] cf2bd finished successfully
Time (s): cpu = 00:00:08 ; elapsed = 00:00:09 . Memory (MB): peak = 2168.234 ; gain = 0.000 ; free physical = 99093 ; free virtual = 483539
INFO: [v++ 60-1441] [22:43:28] Run run_link: Step system_link: Completed
Time (s): cpu = 00:00:29 ; elapsed = 00:00:45 . Memory (MB): peak = 2062.199 ; gain = 0.000 ; free physical = 99134 ; free virtual = 483580
INFO: [v++ 60-1443] [22:43:28] Run run_link: Step cf2sw: Started
INFO: [v++ 60-1453] Command Line: cf2sw -sdsl /home/ziyuanwang/hbm/Vitis_Accel_Examples/performance/hbm_bandwidth/_x_8core_random_16.hw.xilinx_u280_xdma_201920_3/link/int/sdsl.dat -rtd /home/ziyuanwang/hbm/Vitis_Accel_Examples/performance/hbm_bandwidth/_x_8core_random_16.hw.xilinx_u280_xdma_201920_3/link/int/cf2sw.rtd -nofilter /home/ziyuanwang/hbm/Vitis_Accel_Examples/performance/hbm_bandwidth/_x_8core_random_16.hw.xilinx_u280_xdma_201920_3/link/int/cf2sw_full.rtd -xclbin /home/ziyuanwang/hbm/Vitis_Accel_Examples/performance/hbm_bandwidth/_x_8core_random_16.hw.xilinx_u280_xdma_201920_3/link/int/xclbin_orig.xml -o /home/ziyuanwang/hbm/Vitis_Accel_Examples/performance/hbm_bandwidth/_x_8core_random_16.hw.xilinx_u280_xdma_201920_3/link/int/xclbin_orig.1.xml
INFO: [v++ 60-1454] Run Directory: /home/ziyuanwang/hbm/Vitis_Accel_Examples/performance/hbm_bandwidth/_x_8core_random_16.hw.xilinx_u280_xdma_201920_3/link/run_link
INFO: [v++ 60-1441] [22:43:40] Run run_link: Step cf2sw: Completed
Time (s): cpu = 00:00:11 ; elapsed = 00:00:12 . Memory (MB): peak = 2062.199 ; gain = 0.000 ; free physical = 99007 ; free virtual = 483453
INFO: [v++ 60-1443] [22:43:40] Run run_link: Step rtd2_system_diagram: Started
INFO: [v++ 60-1453] Command Line: rtd2SystemDiagram
INFO: [v++ 60-1454] Run Directory: /home/ziyuanwang/hbm/Vitis_Accel_Examples/performance/hbm_bandwidth/_x_8core_random_16.hw.xilinx_u280_xdma_201920_3/link/run_link
INFO: [v++ 60-1441] [22:43:41] Run run_link: Step rtd2_system_diagram: Completed
Time (s): cpu = 00:00:00 ; elapsed = 00:00:00.91 . Memory (MB): peak = 2062.199 ; gain = 0.000 ; free physical = 99007 ; free virtual = 483454
INFO: [v++ 60-1443] [22:43:41] Run run_link: Step vpl: Started
INFO: [v++ 60-1453] Command Line: vpl -t hw -f xilinx_u280_xdma_201920_3 --remote_ip_cache /home/ziyuanwang/hbm/Vitis_Accel_Examples/performance/hbm_bandwidth/.ipcache -s --output_dir /home/ziyuanwang/hbm/Vitis_Accel_Examples/performance/hbm_bandwidth/_x_8core_random_16.hw.xilinx_u280_xdma_201920_3/link/int --log_dir /home/ziyuanwang/hbm/Vitis_Accel_Examples/performance/hbm_bandwidth/_x_8core_random_16.hw.xilinx_u280_xdma_201920_3/logs/link --report_dir /home/ziyuanwang/hbm/Vitis_Accel_Examples/performance/hbm_bandwidth/_x_8core_random_16.hw.xilinx_u280_xdma_201920_3/reports/link --config /home/ziyuanwang/hbm/Vitis_Accel_Examples/performance/hbm_bandwidth/_x_8core_random_16.hw.xilinx_u280_xdma_201920_3/link/int/vplConfig.ini -k /home/ziyuanwang/hbm/Vitis_Accel_Examples/performance/hbm_bandwidth/_x_8core_random_16.hw.xilinx_u280_xdma_201920_3/link/int/kernel_info.dat --webtalk_flag Vitis --temp_dir /home/ziyuanwang/hbm/Vitis_Accel_Examples/performance/hbm_bandwidth/_x_8core_random_16.hw.xilinx_u280_xdma_201920_3/link --no-info --iprepo /home/ziyuanwang/hbm/Vitis_Accel_Examples/performance/hbm_bandwidth/_x_8core_random_16.hw.xilinx_u280_xdma_201920_3/link/int/xo/ip_repo/xilinx_com_hls_krnl_vaddmul_1_0 --messageDb /home/ziyuanwang/hbm/Vitis_Accel_Examples/performance/hbm_bandwidth/_x_8core_random_16.hw.xilinx_u280_xdma_201920_3/link/run_link/vpl.pb /home/ziyuanwang/hbm/Vitis_Accel_Examples/performance/hbm_bandwidth/_x_8core_random_16.hw.xilinx_u280_xdma_201920_3/link/int/dr.bd.tcl
INFO: [v++ 60-1454] Run Directory: /home/ziyuanwang/hbm/Vitis_Accel_Examples/performance/hbm_bandwidth/_x_8core_random_16.hw.xilinx_u280_xdma_201920_3/link/run_link

****** vpl v2021.2 (64-bit)
  **** SW Build 3363252 on 2021-10-14-04:41:01
    ** Copyright 1986-2020 Xilinx, Inc. All Rights Reserved.

INFO: [VPL 60-839] Read in kernel information from file '/home/ziyuanwang/hbm/Vitis_Accel_Examples/performance/hbm_bandwidth/_x_8core_random_16.hw.xilinx_u280_xdma_201920_3/link/int/kernel_info.dat'.
INFO: [VPL 74-78] Compiler Version string: 2021.2
INFO: [VPL 60-423]   Target device: xilinx_u280_xdma_201920_3
INFO: [VPL 60-1032] Extracting hardware platform to /home/ziyuanwang/hbm/Vitis_Accel_Examples/performance/hbm_bandwidth/_x_8core_random_16.hw.xilinx_u280_xdma_201920_3/link/vivado/vpl/.local/hw_platform
[22:52:55] Run vpl: Step create_project: Started
Creating Vivado project.
[22:53:13] Run vpl: Step create_project: Completed
[22:53:13] Run vpl: Step create_bd: Started
[22:54:32] Run vpl: Step create_bd: RUNNING...
[22:55:50] Run vpl: Step create_bd: RUNNING...
[22:57:08] Run vpl: Step create_bd: RUNNING...
[22:58:26] Run vpl: Step create_bd: RUNNING...
[22:59:44] Run vpl: Step create_bd: RUNNING...
[23:01:04] Run vpl: Step create_bd: RUNNING...
[23:02:22] Run vpl: Step create_bd: RUNNING...
[23:03:38] Run vpl: Step create_bd: RUNNING...
[23:04:55] Run vpl: Step create_bd: RUNNING...
[23:05:13] Run vpl: Step create_bd: Completed
[23:05:13] Run vpl: Step update_bd: Started
[23:05:17] Run vpl: Step update_bd: Completed
[23:05:17] Run vpl: Step generate_target: Started
[23:06:36] Run vpl: Step generate_target: RUNNING...
[23:07:54] Run vpl: Step generate_target: RUNNING...
[23:09:12] Run vpl: Step generate_target: RUNNING...
[23:10:31] Run vpl: Step generate_target: RUNNING...
[23:11:49] Run vpl: Step generate_target: RUNNING...
[23:13:09] Run vpl: Step generate_target: RUNNING...
[23:14:27] Run vpl: Step generate_target: RUNNING...
[23:15:48] Run vpl: Step generate_target: RUNNING...
[23:17:05] Run vpl: Step generate_target: Completed
[23:17:05] Run vpl: Step config_hw_runs: Started
[23:18:13] Run vpl: Step config_hw_runs: Completed
[23:18:13] Run vpl: Step synth: Started
[23:19:52] Block-level synthesis in progress, 0 of 37 jobs complete, 3 jobs running.
[23:20:24] Block-level synthesis in progress, 0 of 37 jobs complete, 8 jobs running.
[23:20:57] Block-level synthesis in progress, 0 of 37 jobs complete, 8 jobs running.
[23:21:31] Block-level synthesis in progress, 0 of 37 jobs complete, 8 jobs running.
[23:22:05] Block-level synthesis in progress, 0 of 37 jobs complete, 8 jobs running.
[23:22:38] Block-level synthesis in progress, 0 of 37 jobs complete, 8 jobs running.
[23:23:10] Block-level synthesis in progress, 0 of 37 jobs complete, 8 jobs running.
[23:23:44] Block-level synthesis in progress, 0 of 37 jobs complete, 8 jobs running.
[23:24:16] Block-level synthesis in progress, 0 of 37 jobs complete, 8 jobs running.
[23:24:48] Block-level synthesis in progress, 0 of 37 jobs complete, 8 jobs running.
[23:25:21] Block-level synthesis in progress, 0 of 37 jobs complete, 8 jobs running.
[23:25:54] Block-level synthesis in progress, 0 of 37 jobs complete, 8 jobs running.
[23:26:27] Block-level synthesis in progress, 0 of 37 jobs complete, 8 jobs running.
[23:27:00] Block-level synthesis in progress, 5 of 37 jobs complete, 3 jobs running.
[23:27:33] Block-level synthesis in progress, 8 of 37 jobs complete, 0 jobs running.
[23:28:06] Block-level synthesis in progress, 8 of 37 jobs complete, 8 jobs running.
[23:28:38] Block-level synthesis in progress, 8 of 37 jobs complete, 8 jobs running.
[23:29:11] Block-level synthesis in progress, 8 of 37 jobs complete, 8 jobs running.
[23:29:45] Block-level synthesis in progress, 8 of 37 jobs complete, 8 jobs running.
[23:30:18] Block-level synthesis in progress, 8 of 37 jobs complete, 8 jobs running.
[23:30:50] Block-level synthesis in progress, 8 of 37 jobs complete, 8 jobs running.
[23:31:25] Block-level synthesis in progress, 8 of 37 jobs complete, 8 jobs running.
[23:31:58] Block-level synthesis in progress, 8 of 37 jobs complete, 8 jobs running.
[23:32:30] Block-level synthesis in progress, 8 of 37 jobs complete, 8 jobs running.
[23:33:03] Block-level synthesis in progress, 8 of 37 jobs complete, 8 jobs running.
[23:33:36] Block-level synthesis in progress, 8 of 37 jobs complete, 8 jobs running.
[23:34:10] Block-level synthesis in progress, 8 of 37 jobs complete, 8 jobs running.
[23:34:44] Block-level synthesis in progress, 16 of 37 jobs complete, 0 jobs running.
[23:35:17] Block-level synthesis in progress, 16 of 37 jobs complete, 3 jobs running.
[23:35:51] Block-level synthesis in progress, 16 of 37 jobs complete, 8 jobs running.
[23:36:24] Block-level synthesis in progress, 16 of 37 jobs complete, 8 jobs running.
[23:37:00] Block-level synthesis in progress, 16 of 37 jobs complete, 8 jobs running.
[23:37:34] Block-level synthesis in progress, 16 of 37 jobs complete, 8 jobs running.
[23:38:07] Block-level synthesis in progress, 16 of 37 jobs complete, 8 jobs running.
[23:38:40] Block-level synthesis in progress, 16 of 37 jobs complete, 8 jobs running.
[23:39:15] Block-level synthesis in progress, 16 of 37 jobs complete, 8 jobs running.
[23:39:48] Block-level synthesis in progress, 16 of 37 jobs complete, 8 jobs running.
[23:40:21] Block-level synthesis in progress, 16 of 37 jobs complete, 8 jobs running.
[23:40:54] Block-level synthesis in progress, 16 of 37 jobs complete, 8 jobs running.
[23:41:28] Block-level synthesis in progress, 16 of 37 jobs complete, 8 jobs running.
[23:42:01] Block-level synthesis in progress, 16 of 37 jobs complete, 8 jobs running.
[23:42:35] Block-level synthesis in progress, 20 of 37 jobs complete, 4 jobs running.
[23:43:07] Block-level synthesis in progress, 23 of 37 jobs complete, 4 jobs running.
[23:43:40] Block-level synthesis in progress, 23 of 37 jobs complete, 5 jobs running.
[23:44:13] Block-level synthesis in progress, 23 of 37 jobs complete, 5 jobs running.
[23:44:47] Block-level synthesis in progress, 23 of 37 jobs complete, 5 jobs running.
[23:45:20] Block-level synthesis in progress, 23 of 37 jobs complete, 5 jobs running.
[23:45:53] Block-level synthesis in progress, 23 of 37 jobs complete, 5 jobs running.
[23:46:26] Block-level synthesis in progress, 23 of 37 jobs complete, 5 jobs running.
[23:47:00] Block-level synthesis in progress, 23 of 37 jobs complete, 5 jobs running.
[23:47:33] Block-level synthesis in progress, 27 of 37 jobs complete, 1 job running.
[23:48:06] Block-level synthesis in progress, 28 of 37 jobs complete, 1 job running.
[23:48:38] Block-level synthesis in progress, 28 of 37 jobs complete, 1 job running.
[23:49:10] Block-level synthesis in progress, 28 of 37 jobs complete, 1 job running.
[23:49:43] Block-level synthesis in progress, 28 of 37 jobs complete, 1 job running.
[23:50:16] Block-level synthesis in progress, 28 of 37 jobs complete, 1 job running.
[23:50:48] Block-level synthesis in progress, 28 of 37 jobs complete, 1 job running.
[23:51:21] Block-level synthesis in progress, 28 of 37 jobs complete, 1 job running.
[23:51:54] Block-level synthesis in progress, 28 of 37 jobs complete, 1 job running.
[23:52:27] Block-level synthesis in progress, 29 of 37 jobs complete, 1 job running.
[23:52:59] Block-level synthesis in progress, 29 of 37 jobs complete, 1 job running.
[23:53:31] Block-level synthesis in progress, 29 of 37 jobs complete, 1 job running.
[23:54:03] Block-level synthesis in progress, 29 of 37 jobs complete, 1 job running.
[23:54:36] Block-level synthesis in progress, 29 of 37 jobs complete, 1 job running.
[23:55:09] Block-level synthesis in progress, 29 of 37 jobs complete, 1 job running.
[23:55:41] Block-level synthesis in progress, 30 of 37 jobs complete, 0 jobs running.
[23:55:46] Run vpl: Step synth: Completed
[23:55:47] Run vpl: Step impl: Started
[00:14:51] Finished 2nd of 6 tasks (FPGA linking synthesized kernels to platform). Elapsed time: 01h 31m 07s 

[00:14:51] Starting logic optimization..
[00:18:07] Phase 1 Retarget
[00:18:39] Phase 2 Constant propagation
[00:18:39] Phase 3 Sweep
[00:23:31] Phase 4 BUFG optimization
[00:24:03] Phase 5 Shift Register Optimization
[00:24:03] Phase 6 Post Processing Netlist
[00:28:59] Finished 3rd of 6 tasks (FPGA logic optimization). Elapsed time: 00h 14m 08s 

[00:28:59] Starting logic placement..
[00:30:36] Phase 1 Placer Initialization
[00:30:36] Phase 1.1 Placer Initialization Netlist Sorting
[00:37:05] Phase 1.2 IO Placement/ Clock Placement/ Build Placer Device
[00:39:15] Phase 1.3 Build Placer Netlist Model
[00:43:06] Phase 1.4 Constrain Clocks/Macros
[00:44:10] Phase 2 Global Placement
[00:44:10] Phase 2.1 Floorplanning
[00:45:16] Phase 2.1.1 Partition Driven Placement
[00:45:16] Phase 2.1.1.1 PBP: Partition Driven Placement
[00:47:26] Phase 2.1.1.2 PBP: Clock Region Placement
[00:49:04] Phase 2.1.1.3 PBP: Compute Congestion
[00:49:04] Phase 2.1.1.4 PBP: UpdateTiming
[00:50:10] Phase 2.1.1.5 PBP: Add part constraints
[00:50:10] Phase 2.2 Physical Synthesis After Floorplan
[00:51:52] Phase 2.3 Update Timing before SLR Path Opt
[00:51:52] Phase 2.4 Post-Processing in Floorplanning
[00:51:52] Phase 2.5 Global Placement Core
[01:05:01] Phase 2.5.1 Physical Synthesis In Placer
[01:11:36] Phase 3 Detail Placement
[01:11:36] Phase 3.1 Commit Multi Column Macros
[01:12:09] Phase 3.2 Commit Most Macros & LUTRAMs
[01:14:21] Phase 3.3 Small Shape DP
[01:14:21] Phase 3.3.1 Small Shape Clustering
[01:14:21] Phase 3.3.2 Flow Legalize Slice Clusters
[01:14:54] Phase 3.3.3 Slice Area Swap
[01:17:37] Phase 3.4 Place Remaining
[01:17:37] Phase 3.5 Re-assign LUT pins
[01:18:43] Phase 3.6 Pipeline Register Optimization
[01:18:43] Phase 3.7 Fast Optimization
[01:20:24] Phase 4 Post Placement Optimization and Clean-Up
[01:20:56] Phase 4.1 Post Commit Optimization
[01:23:42] Phase 4.1.1 Post Placement Optimization
[01:23:42] Phase 4.1.1.1 BUFG Insertion
[01:23:42] Phase 1 Physical Synthesis Initialization
[01:24:47] Phase 4.1.1.2 BUFG Replication
[01:24:47] Phase 4.1.1.3 Post Placement Timing Optimization
[01:34:36] Phase 4.1.1.4 Replication
[01:36:50] Phase 4.2 Post Placement Cleanup
[01:36:50] Phase 4.3 Placer Reporting
[01:36:50] Phase 4.3.1 Print Estimated Congestion
[01:37:23] Phase 4.4 Final Placement Cleanup
[01:41:48] Finished 4th of 6 tasks (FPGA logic placement). Elapsed time: 01h 12m 48s 

[01:41:48] Starting logic routing..
[01:43:27] Phase 1 Build RT Design
[01:46:48] Phase 2 Router Initialization
[01:46:48] Phase 2.1 Fix Topology Constraints
[01:47:20] Phase 2.2 Pre Route Cleanup
[01:47:53] Phase 2.3 Global Clock Net Routing
[01:48:26] Phase 2.4 Update Timing
[01:52:19] Phase 2.5 Update Timing for Bus Skew
[01:52:19] Phase 2.5.1 Update Timing
[01:53:57] Phase 3 Initial Routing
[01:53:57] Phase 3.1 Global Routing
[01:56:07] Phase 4 Rip-up And Reroute
[01:56:07] Phase 4.1 Global Iteration 0
[02:17:32] Phase 4.2 Global Iteration 1
[02:20:49] Phase 4.3 Global Iteration 2
[02:22:27] Phase 5 Delay and Skew Optimization
[02:22:27] Phase 5.1 Delay CleanUp
[02:22:27] Phase 5.1.1 Update Timing
[02:24:39] Phase 5.2 Clock Skew Optimization
[02:25:13] Phase 6 Post Hold Fix
[02:25:13] Phase 6.1 Hold Fix Iter
[02:25:13] Phase 6.1.1 Update Timing
[02:27:29] Phase 6.1.2 Lut RouteThru Assignment for hold
[02:28:19] Phase 6.2 Additional Hold Fix
[02:31:04] Phase 7 Leaf Clock Prog Delay Opt
[02:32:42] Phase 8 Route finalize
[02:33:16] Phase 9 Verifying routed nets
[02:33:16] Phase 10 Depositing Routes
[02:34:21] Phase 11 Resolve XTalk
[02:34:21] Phase 12 Post Router Timing
[02:35:26] Finished 5th of 6 tasks (FPGA routing). Elapsed time: 00h 53m 38s 

[02:35:26] Starting bitstream generation..
[02:53:31] Creating bitmap...
[03:03:27] Writing bitstream ./pfm_top_i_dynamic_region_my_rm_partial.bit...
[03:03:27] Finished 6th of 6 tasks (FPGA bitstream generation). Elapsed time: 00h 28m 00s 
[03:03:37] Run vpl: Step impl: Completed
[03:03:39] Run vpl: FINISHED. Run Status: impl Complete!
INFO: [v++ 60-1441] [03:03:47] Run run_link: Step vpl: Completed
Time (s): cpu = 00:03:37 ; elapsed = 04:20:06 . Memory (MB): peak = 2062.199 ; gain = 0.000 ; free physical = 97414 ; free virtual = 490685
INFO: [v++ 60-1443] [03:03:47] Run run_link: Step rtdgen: Started
INFO: [v++ 60-1453] Command Line: rtdgen
INFO: [v++ 60-1454] Run Directory: /home/ziyuanwang/hbm/Vitis_Accel_Examples/performance/hbm_bandwidth/_x_8core_random_16.hw.xilinx_u280_xdma_201920_3/link/run_link
INFO: [v++ 60-991] clock name 'clkwiz_kernel_clk_out1' (clock ID '0') is being mapped to clock name 'DATA_CLK' in the xclbin
INFO: [v++ 60-991] clock name 'clkwiz_kernel2_clk_out1' (clock ID '1') is being mapped to clock name 'KERNEL_CLK' in the xclbin
INFO: [v++ 60-991] clock name 'clk_out1_pfm_top_clkwiz_hbm_aclk_0' (clock ID '') is being mapped to clock name 'clk_out1_pfm_top_clkwiz_hbm_aclk_0' in the xclbin
INFO: [v++ 60-1230] The compiler selected the following frequencies for the runtime controllable kernel clock(s) and scalable system clock(s): System (SYSTEM) clock: clk_out1_pfm_top_clkwiz_hbm_aclk_0 = 450, Kernel (DATA) clock: clkwiz_kernel_clk_out1 = 300, Kernel (KERNEL) clock: clkwiz_kernel2_clk_out1 = 500
INFO: [v++ 60-1453] Command Line: cf2sw -a /home/ziyuanwang/hbm/Vitis_Accel_Examples/performance/hbm_bandwidth/_x_8core_random_16.hw.xilinx_u280_xdma_201920_3/link/int/address_map.xml -sdsl /home/ziyuanwang/hbm/Vitis_Accel_Examples/performance/hbm_bandwidth/_x_8core_random_16.hw.xilinx_u280_xdma_201920_3/link/int/sdsl.dat -xclbin /home/ziyuanwang/hbm/Vitis_Accel_Examples/performance/hbm_bandwidth/_x_8core_random_16.hw.xilinx_u280_xdma_201920_3/link/int/xclbin_orig.xml -rtd /home/ziyuanwang/hbm/Vitis_Accel_Examples/performance/hbm_bandwidth/_x_8core_random_16.hw.xilinx_u280_xdma_201920_3/link/int/krnl_vaddmul.link.rtd -o /home/ziyuanwang/hbm/Vitis_Accel_Examples/performance/hbm_bandwidth/_x_8core_random_16.hw.xilinx_u280_xdma_201920_3/link/int/krnl_vaddmul.link.xml
INFO: [v++ 60-1652] Cf2sw returned exit code: 0
INFO: [v++ 60-1441] [03:03:58] Run run_link: Step rtdgen: Completed
Time (s): cpu = 00:00:09 ; elapsed = 00:00:10 . Memory (MB): peak = 2062.199 ; gain = 0.000 ; free physical = 97443 ; free virtual = 490714
INFO: [v++ 60-1443] [03:03:58] Run run_link: Step xclbinutil: Started
INFO: [v++ 60-1453] Command Line: xclbinutil --add-section DEBUG_IP_LAYOUT:JSON:/home/ziyuanwang/hbm/Vitis_Accel_Examples/performance/hbm_bandwidth/_x_8core_random_16.hw.xilinx_u280_xdma_201920_3/link/int/debug_ip_layout.rtd --add-section BITSTREAM:RAW:/home/ziyuanwang/hbm/Vitis_Accel_Examples/performance/hbm_bandwidth/_x_8core_random_16.hw.xilinx_u280_xdma_201920_3/link/int/partial.bit --force --target hw --key-value SYS:dfx_enable:true --add-section :JSON:/home/ziyuanwang/hbm/Vitis_Accel_Examples/performance/hbm_bandwidth/_x_8core_random_16.hw.xilinx_u280_xdma_201920_3/link/int/krnl_vaddmul.link.rtd --append-section :JSON:/home/ziyuanwang/hbm/Vitis_Accel_Examples/performance/hbm_bandwidth/_x_8core_random_16.hw.xilinx_u280_xdma_201920_3/link/int/appendSection.rtd --add-section CLOCK_FREQ_TOPOLOGY:JSON:/home/ziyuanwang/hbm/Vitis_Accel_Examples/performance/hbm_bandwidth/_x_8core_random_16.hw.xilinx_u280_xdma_201920_3/link/int/krnl_vaddmul.link_xml.rtd --add-section BUILD_METADATA:JSON:/home/ziyuanwang/hbm/Vitis_Accel_Examples/performance/hbm_bandwidth/_x_8core_random_16.hw.xilinx_u280_xdma_201920_3/link/int/krnl_vaddmul.link_build.rtd --add-section EMBEDDED_METADATA:RAW:/home/ziyuanwang/hbm/Vitis_Accel_Examples/performance/hbm_bandwidth/_x_8core_random_16.hw.xilinx_u280_xdma_201920_3/link/int/krnl_vaddmul.link.xml --add-section SYSTEM_METADATA:RAW:/home/ziyuanwang/hbm/Vitis_Accel_Examples/performance/hbm_bandwidth/_x_8core_random_16.hw.xilinx_u280_xdma_201920_3/link/int/systemDiagramModelSlrBaseAddress.json --output /home/ziyuanwang/hbm/Vitis_Accel_Examples/performance/hbm_bandwidth/./build_dir_8core_random_16.hw.xilinx_u280_xdma_201920_3/krnl_vaddmul.link.xclbin
INFO: [v++ 60-1454] Run Directory: /home/ziyuanwang/hbm/Vitis_Accel_Examples/performance/hbm_bandwidth/_x_8core_random_16.hw.xilinx_u280_xdma_201920_3/link/run_link
XRT Build Version: 2.14.354 (2022.2)
       Build Date: 2022-10-08 09:49:58
          Hash ID: 43926231f7183688add2dccfd391b36a1f000bea
Creating a default 'in-memory' xclbin image.

Section: 'DEBUG_IP_LAYOUT'(9) was successfully added.
Size   : 296 bytes
Format : JSON
File   : '/home/ziyuanwang/hbm/Vitis_Accel_Examples/performance/hbm_bandwidth/_x_8core_random_16.hw.xilinx_u280_xdma_201920_3/link/int/debug_ip_layout.rtd'

Section: 'BITSTREAM'(0) was successfully added.
Size   : 51259203 bytes
Format : RAW
File   : '/home/ziyuanwang/hbm/Vitis_Accel_Examples/performance/hbm_bandwidth/_x_8core_random_16.hw.xilinx_u280_xdma_201920_3/link/int/partial.bit'

Section: 'MEM_TOPOLOGY'(6) was successfully added.
Format : JSON
File   : 'mem_topology'

Section: 'IP_LAYOUT'(8) was successfully added.
Format : JSON
File   : 'ip_layout'

Section: 'CONNECTIVITY'(7) was successfully added.
Format : JSON
File   : 'connectivity'

Section: 'CLOCK_FREQ_TOPOLOGY'(11) was successfully added.
Size   : 410 bytes
Format : JSON
File   : '/home/ziyuanwang/hbm/Vitis_Accel_Examples/performance/hbm_bandwidth/_x_8core_random_16.hw.xilinx_u280_xdma_201920_3/link/int/krnl_vaddmul.link_xml.rtd'

Section: 'BUILD_METADATA'(14) was successfully added.
Size   : 5360 bytes
Format : JSON
File   : '/home/ziyuanwang/hbm/Vitis_Accel_Examples/performance/hbm_bandwidth/_x_8core_random_16.hw.xilinx_u280_xdma_201920_3/link/int/krnl_vaddmul.link_build.rtd'

Section: 'EMBEDDED_METADATA'(2) was successfully added.
Size   : 11786 bytes
Format : RAW
File   : '/home/ziyuanwang/hbm/Vitis_Accel_Examples/performance/hbm_bandwidth/_x_8core_random_16.hw.xilinx_u280_xdma_201920_3/link/int/krnl_vaddmul.link.xml'

Section: 'SYSTEM_METADATA'(22) was successfully added.
Size   : 45742 bytes
Format : RAW
File   : '/home/ziyuanwang/hbm/Vitis_Accel_Examples/performance/hbm_bandwidth/_x_8core_random_16.hw.xilinx_u280_xdma_201920_3/link/int/systemDiagramModelSlrBaseAddress.json'

Section: 'IP_LAYOUT'(8) was successfully appended to.
Format : JSON
File   : 'ip_layout'
Successfully wrote (51364814 bytes) to the output file: /home/ziyuanwang/hbm/Vitis_Accel_Examples/performance/hbm_bandwidth/./build_dir_8core_random_16.hw.xilinx_u280_xdma_201920_3/krnl_vaddmul.link.xclbin
Leaving xclbinutil.
INFO: [v++ 60-1441] [03:03:59] Run run_link: Step xclbinutil: Completed
Time (s): cpu = 00:00:00.11 ; elapsed = 00:00:02 . Memory (MB): peak = 2062.199 ; gain = 0.000 ; free physical = 97372 ; free virtual = 490692
INFO: [v++ 60-1443] [03:03:59] Run run_link: Step xclbinutilinfo: Started
INFO: [v++ 60-1453] Command Line: xclbinutil --quiet --force --info /home/ziyuanwang/hbm/Vitis_Accel_Examples/performance/hbm_bandwidth/./build_dir_8core_random_16.hw.xilinx_u280_xdma_201920_3/krnl_vaddmul.link.xclbin.info --input /home/ziyuanwang/hbm/Vitis_Accel_Examples/performance/hbm_bandwidth/./build_dir_8core_random_16.hw.xilinx_u280_xdma_201920_3/krnl_vaddmul.link.xclbin
INFO: [v++ 60-1454] Run Directory: /home/ziyuanwang/hbm/Vitis_Accel_Examples/performance/hbm_bandwidth/_x_8core_random_16.hw.xilinx_u280_xdma_201920_3/link/run_link
INFO: [v++ 60-1441] [03:04:00] Run run_link: Step xclbinutilinfo: Completed
Time (s): cpu = 00:00:00.70 ; elapsed = 00:00:01 . Memory (MB): peak = 2062.199 ; gain = 0.000 ; free physical = 97333 ; free virtual = 490653
INFO: [v++ 60-1443] [03:04:00] Run run_link: Step generate_sc_driver: Started
INFO: [v++ 60-1453] Command Line: 
INFO: [v++ 60-1454] Run Directory: /home/ziyuanwang/hbm/Vitis_Accel_Examples/performance/hbm_bandwidth/_x_8core_random_16.hw.xilinx_u280_xdma_201920_3/link/run_link
INFO: [v++ 60-1441] [03:04:01] Run run_link: Step generate_sc_driver: Completed
Time (s): cpu = 00:00:00 ; elapsed = 00:00:00.13 . Memory (MB): peak = 2062.199 ; gain = 0.000 ; free physical = 97328 ; free virtual = 490648
INFO: [v++ 60-244] Generating system estimate report...
INFO: [v++ 60-1092] Generated system estimate report: /home/ziyuanwang/hbm/Vitis_Accel_Examples/performance/hbm_bandwidth/_x_8core_random_16.hw.xilinx_u280_xdma_201920_3/reports/link/system_estimate_krnl_vaddmul.link.xtxt
INFO: [v++ 60-586] Created /home/ziyuanwang/hbm/Vitis_Accel_Examples/performance/hbm_bandwidth/build_dir_8core_random_16.hw.xilinx_u280_xdma_201920_3/krnl_vaddmul.link.ltx
INFO: [v++ 60-586] Created ./build_dir_8core_random_16.hw.xilinx_u280_xdma_201920_3/krnl_vaddmul.link.xclbin
INFO: [v++ 60-1307] Run completed. Additional information can be found in:
	Guidance: /home/ziyuanwang/hbm/Vitis_Accel_Examples/performance/hbm_bandwidth/_x_8core_random_16.hw.xilinx_u280_xdma_201920_3/reports/link/v++_link_krnl_vaddmul.link_guidance.html
	Timing Report: /home/ziyuanwang/hbm/Vitis_Accel_Examples/performance/hbm_bandwidth/_x_8core_random_16.hw.xilinx_u280_xdma_201920_3/reports/link/imp/impl_1_xilinx_u280_xdma_201920_3_bb_locked_timing_summary_routed.rpt
	Vivado Log: /home/ziyuanwang/hbm/Vitis_Accel_Examples/performance/hbm_bandwidth/_x_8core_random_16.hw.xilinx_u280_xdma_201920_3/logs/link/vivado.log
	Steps Log File: /home/ziyuanwang/hbm/Vitis_Accel_Examples/performance/hbm_bandwidth/_x_8core_random_16.hw.xilinx_u280_xdma_201920_3/logs/link/link.steps.log

INFO: [v++ 60-2343] Use the vitis_analyzer tool to visualize and navigate the relevant reports. Run the following command. 
    vitis_analyzer /home/ziyuanwang/hbm/Vitis_Accel_Examples/performance/hbm_bandwidth/build_dir_8core_random_16.hw.xilinx_u280_xdma_201920_3/krnl_vaddmul.link.xclbin.link_summary 
INFO: [v++ 60-791] Total elapsed time: 4h 21m 51s
