Copyright 1986-2021 Xilinx, Inc. All Rights Reserved.
------------------------------------------------------------------------------------------
| Tool Version : Vivado v.2021.2 (lin64) Build 3367213 Tue Oct 19 02:47:39 MDT 2021
| Date         : Mon Nov 18 06:19:07 2024
| Host         : hacc-gpu0 running 64-bit Ubuntu 20.04.6 LTS
| Command      : report_utilization -slr -file slr_util_routed.rpt -pb slr_util_routed.pb
| Design       : pfm_top_wrapper
| Device       : xcu280-fsvh2892-2L-e
| Speed File   : -2L
| Design State : Routed
------------------------------------------------------------------------------------------

Utilization Design Information

Table of Contents
-----------------
1. SLR Connectivity
2. SLR Connectivity Matrix
3. SLR CLB Logic and Dedicated Block Utilization
4. SLR IO Utilization

1. SLR Connectivity
-------------------

+----------------------------------+------+-------+-----------+-------+
|                                  | Used | Fixed | Available | Util% |
+----------------------------------+------+-------+-----------+-------+
| SLR2 <-> SLR1                    | 3981 |       |     23040 | 17.28 |
|   SLR1 -> SLR2                   | 2100 |       |           |  9.11 |
|     Using TX_REG only            |  267 |     1 |           |       |
|     Using RX_REG only            |  284 |    18 |           |       |
|     Using Both TX_REG and RX_REG |  267 |     1 |           |       |
|   SLR2 -> SLR1                   | 1881 |       |           |  8.16 |
|     Using TX_REG only            |  407 |     0 |           |       |
|     Using RX_REG only            |  412 |     4 |           |       |
|     Using Both TX_REG and RX_REG |  407 |     0 |           |       |
| SLR1 <-> SLR0                    | 2543 |       |     23040 | 11.04 |
|   SLR0 -> SLR1                   | 1141 |       |           |  4.95 |
|     Using TX_REG only            |  371 |    71 |           |       |
|     Using RX_REG only            |  361 |    61 |           |       |
|     Using Both TX_REG and RX_REG |  355 |    55 |           |       |
|   SLR1 -> SLR0                   | 1402 |       |           |  6.09 |
|     Using TX_REG only            |  437 |    62 |           |       |
|     Using RX_REG only            |  449 |    71 |           |       |
|     Using Both TX_REG and RX_REG |  435 |    60 |           |       |
+----------------------------------+------+-------+-----------+-------+
| Total SLLs Used                  | 6524 |       |           |       |
+----------------------------------+------+-------+-----------+-------+


2. SLR Connectivity Matrix
--------------------------

+-----------+------+------+------+
| FROM \ TO | SLR2 | SLR1 | SLR0 |
+-----------+------+------+------+
| SLR2      |    0 | 1723 |  158 |
| SLR1      | 1962 |    0 | 1244 |
| SLR0      |  138 | 1003 |    0 |
+-----------+------+------+------+


3. SLR CLB Logic and Dedicated Block Utilization
------------------------------------------------

+----------------------------+--------+-------+-------+--------+--------+--------+
|          Site Type         |  SLR0  |  SLR1 |  SLR2 | SLR0 % | SLR1 % | SLR2 % |
+----------------------------+--------+-------+-------+--------+--------+--------+
| CLB                        |  29242 |  7020 |  7875 |  53.21 |  13.00 |  14.58 |
|   CLBL                     |  14661 |  3530 |  4117 |  50.07 |  12.06 |  14.06 |
|   CLBM                     |  14581 |  3490 |  3758 |  56.78 |  14.12 |  15.20 |
| CLB LUTs                   | 104374 | 47671 | 35359 |  23.74 |  11.03 |   8.18 |
|   LUT as Logic             |  69217 | 43699 | 32319 |  15.74 |  10.12 |   7.48 |
|     using O5 output only   |   2128 |   290 |  1009 |   0.48 |   0.07 |   0.23 |
|     using O6 output only   |  44456 | 34274 | 19501 |  10.11 |   7.93 |   4.51 |
|     using O5 and O6        |  22633 |  9135 | 11809 |   5.15 |   2.11 |   2.73 |
|   LUT as Memory            |  35157 |  3972 |  3040 |  17.11 |   2.01 |   1.54 |
|     LUT as Distributed RAM |  17560 |  3837 |  1660 |   8.55 |   1.94 |   0.84 |
|       using O5 output only |      0 |     0 |     0 |   0.00 |   0.00 |   0.00 |
|       using O6 output only |     80 |   215 |    84 |   0.04 |   0.11 |   0.04 |
|       using O5 and O6      |  17480 |  3622 |  1576 |   8.51 |   1.83 |   0.80 |
|     LUT as Shift Register  |  17597 |   135 |  1380 |   8.57 |   0.07 |   0.70 |
|       using O5 output only |      0 |     0 |     0 |   0.00 |   0.00 |   0.00 |
|       using O6 output only |  10746 |   135 |  1250 |   5.23 |   0.07 |   0.63 |
|       using O5 and O6      |   6851 |     0 |   130 |   3.33 |   0.00 |   0.07 |
| CLB Registers              | 188229 | 46338 | 60952 |  21.41 |   5.36 |   7.05 |
| CARRY8                     |   2682 |   473 |   313 |   4.88 |   0.88 |   0.58 |
| F7 Muxes                   |   4016 |   651 |  1054 |   1.83 |   0.30 |   0.49 |
| F8 Muxes                   |   1176 |   141 |    47 |   1.07 |   0.13 |   0.04 |
| F9 Muxes                   |      0 |     0 |     0 |   0.00 |   0.00 |   0.00 |
| Block RAM Tile             |  209.5 |  80.5 |    94 |  31.18 |  11.98 |  13.99 |
|   RAMB36/FIFO              |    208 |    80 |    92 |  30.95 |  11.90 |  13.69 |
|     RAMB36E2 only          |    208 |    80 |    92 |  30.95 |  11.90 |  13.69 |
|   RAMB18                   |      3 |     1 |     4 |   0.22 |   0.07 |   0.30 |
|     RAMB18E2 only          |      3 |     1 |     4 |   0.22 |   0.07 |   0.30 |
| URAM                       |      0 |     0 |     0 |   0.00 |   0.00 |   0.00 |
| DSPs                       |    190 |     0 |     4 |   6.60 |   0.00 |   0.13 |
| Unique Control Sets        |   5484 |  1505 |  2727 |   4.99 |   1.39 |   2.53 |
+----------------------------+--------+-------+-------+--------+--------+--------+
* Note: Available Control Sets based on CLB Registers / 8


4. SLR IO Utilization
---------------------

+-----------+-----------+---------+------------+----------+------------+----------+-----+
| SLR Index | Used IOBs | (%)IOBs | Used IPADs | (%)IPADs | Used OPADs | (%)OPADs | GTs |
+-----------+-----------+---------+------------+----------+------------+----------+-----+
| SLR2      |        18 |    8.65 |          0 |     0.00 |          0 |     0.00 |   0 |
| SLR1      |         0 |    0.00 |          0 |     0.00 |          0 |     0.00 |   0 |
| SLR0      |         1 |    0.48 |          0 |     0.00 |          0 |     0.00 |  16 |
+-----------+-----------+---------+------------+----------+------------+----------+-----+
| Total     |        19 |         |          0 |          |          0 |          |  16 |
+-----------+-----------+---------+------------+----------+------------+----------+-----+


