Copyright 1986-2021 Xilinx, Inc. All Rights Reserved.
-------------------------------------------------------------------------------------------------------------------------------------------------------------------------------------------------------------------------------------------------------------------------------------------------------------------------------------------------------------------------------------------------------------------------------------------------------------------------------------------------------
| Tool Version : Vivado v.2021.2 (lin64) Build 3367213 Tue Oct 19 02:47:39 MDT 2021
| Date         : Mon Nov 18 03:35:42 2024
| Host         : hacc-gpu0 running 64-bit Ubuntu 20.04.6 LTS
| Command      : report_accelerator_utilization -kernels { krnl_vaddmul:pfm_top_i/dynamic_region/krnl_vaddmul_1/inst:krnl_vaddmul_1 krnl_vaddmul:pfm_top_i/dynamic_region/krnl_vaddmul_2/inst:krnl_vaddmul_2 krnl_vaddmul:pfm_top_i/dynamic_region/krnl_vaddmul_3/inst:krnl_vaddmul_3 krnl_vaddmul:pfm_top_i/dynamic_region/krnl_vaddmul_4/inst:krnl_vaddmul_4 krnl_vaddmul:pfm_top_i/dynamic_region/krnl_vaddmul_5/inst:krnl_vaddmul_5} -file kernel_util_synthed.rpt -name kernel_util_synthed -json
| Design       : pfm_top_wrapper
| Device       : xcu280
| Design State : Synthesized
-------------------------------------------------------------------------------------------------------------------------------------------------------------------------------------------------------------------------------------------------------------------------------------------------------------------------------------------------------------------------------------------------------------------------------------------------------------------------------------------------------

Accelerator Utilization Design Information

Table of Contents
-----------------
1. System Utilization

1. System Utilization
---------------------

+---------------------+-------------------+------------------+-------------------+----------------+---------------+----------------+
| Name                | LUT               | LUTAsMem         | REG               | BRAM           | URAM          | DSP            |
+---------------------+-------------------+------------------+-------------------+----------------+---------------+----------------+
| Platform            |  175604 [ 13.48%] |  39692 [  6.61%] |  262802 [ 10.08%] |  204 [ 10.12%] |   0 [  0.00%] |    4 [  0.04%] |
| User Budget         | 1127116 [100.00%] | 560788 [100.00%] | 2344558 [100.00%] | 1812 [100.00%] | 960 [100.00%] | 9020 [100.00%] |
|    Used Resources   |   62740 [  5.57%] |  31505 [  5.62%] |   88705 [  3.78%] |  180 [  9.93%] |   0 [  0.00%] |  190 [  2.11%] |
|    Unused Resources | 1064376 [ 94.43%] | 529283 [ 94.38%] | 2255853 [ 96.22%] | 1632 [ 90.07%] | 960 [100.00%] | 8830 [ 97.89%] |
| krnl_vaddmul        |   62740 [  5.57%] |  31505 [  5.62%] |   88705 [  3.78%] |  180 [  9.93%] |   0 [  0.00%] |  190 [  2.11%] |
|    krnl_vaddmul_1   |   12548 [  1.11%] |   6301 [  1.12%] |   17741 [  0.76%] |   36 [  1.99%] |   0 [  0.00%] |   38 [  0.42%] |
|    krnl_vaddmul_2   |   12548 [  1.11%] |   6301 [  1.12%] |   17741 [  0.76%] |   36 [  1.99%] |   0 [  0.00%] |   38 [  0.42%] |
|    krnl_vaddmul_3   |   12548 [  1.11%] |   6301 [  1.12%] |   17741 [  0.76%] |   36 [  1.99%] |   0 [  0.00%] |   38 [  0.42%] |
|    krnl_vaddmul_4   |   12548 [  1.11%] |   6301 [  1.12%] |   17741 [  0.76%] |   36 [  1.99%] |   0 [  0.00%] |   38 [  0.42%] |
|    krnl_vaddmul_5   |   12548 [  1.11%] |   6301 [  1.12%] |   17741 [  0.76%] |   36 [  1.99%] |   0 [  0.00%] |   38 [  0.42%] |
+---------------------+-------------------+------------------+-------------------+----------------+---------------+----------------+


