Copyright 1986-2021 Xilinx, Inc. All Rights Reserved.
----------------------------------------------------------------------------------------------------------------------------------------------------------------------------------
| Tool Version : Vivado v.2021.2 (lin64) Build 3367213 Tue Oct 19 02:47:39 MDT 2021
| Date         : Tue Dec 24 17:23:22 2024
| Host         : hacc-gpu0 running 64-bit Ubuntu 20.04.6 LTS
| Command      : report_accelerator_utilization -kernels { overlay:pfm_top_i/dynamic_region/overlay_1/inst:overlay_1} -file kernel_util_routed.rpt -name kernel_util_routed -json
| Design       : pfm_top_wrapper
| Device       : xcu280
| Design State : Routed
----------------------------------------------------------------------------------------------------------------------------------------------------------------------------------

Accelerator Utilization Design Information

Table of Contents
-----------------
1. System Utilization

1. System Utilization
---------------------

+---------------------+-------------------+------------------+-------------------+----------------+---------------+----------------+
| Name                | LUT               | LUTAsMem         | REG               | BRAM           | URAM          | DSP            |
+---------------------+-------------------+------------------+-------------------+----------------+---------------+----------------+
| Platform            |  169671 [ 13.02%] |  26366 [  4.39%] |  267621 [ 10.26%] |  303 [ 15.03%] |   0 [  0.00%] |    7 [  0.08%] |
| User Budget         | 1133049 [100.00%] | 574114 [100.00%] | 2339739 [100.00%] | 1713 [100.00%] | 960 [100.00%] | 9017 [100.00%] |
|    Used Resources   |  216922 [ 19.14%] |  65743 [ 11.45%] |  231364 [  9.89%] |  577 [ 33.68%] | 640 [ 66.67%] |  387 [  4.29%] |
|    Unused Resources |  916127 [ 80.86%] | 508371 [ 88.55%] | 2108375 [ 90.11%] | 1136 [ 66.32%] | 320 [ 33.33%] | 8630 [ 95.71%] |
| overlay             |  216922 [ 19.14%] |  65743 [ 11.45%] |  231364 [  9.89%] |  577 [ 33.68%] | 640 [ 66.67%] |  387 [  4.29%] |
|    overlay_1        |  216922 [ 19.14%] |  65743 [ 11.45%] |  231364 [  9.89%] |  577 [ 33.68%] | 640 [ 66.67%] |  387 [  4.29%] |
+---------------------+-------------------+------------------+-------------------+----------------+---------------+----------------+


