Copyright 1986-2021 Xilinx, Inc. All Rights Reserved.
----------------------------------------------------------------------------------------------------------------------------------------------------------------------------------------
| Tool Version : Vivado v.2021.2 (lin64) Build 3367213 Tue Oct 19 02:47:39 MDT 2021
| Date         : Tue Nov 19 05:18:46 2024
| Host         : hacc-gpu0 running 64-bit Ubuntu 20.04.6 LTS
| Command      : report_accelerator_utilization -kernels { krnl_vadd:pfm_top_i/dynamic_region/krnl_vadd_1/inst:krnl_vadd_1} -file kernel_util_placed.rpt -name kernel_util_placed -json
| Design       : pfm_top_wrapper
| Device       : xcu280
| Design State : Fully Placed
----------------------------------------------------------------------------------------------------------------------------------------------------------------------------------------

Accelerator Utilization Design Information

Table of Contents
-----------------
1. System Utilization

1. System Utilization
---------------------

+---------------------+-------------------+------------------+-------------------+----------------+---------------+----------------+
| Name                | LUT               | LUTAsMem         | REG               | BRAM           | URAM          | DSP            |
+---------------------+-------------------+------------------+-------------------+----------------+---------------+----------------+
| Platform            |  103149 [  7.92%] |   9966 [  1.66%] |  150651 [  5.78%] |  202 [ 10.02%] |   0 [  0.00%] |    4 [  0.04%] |
| User Budget         | 1199571 [100.00%] | 590514 [100.00%] | 2456709 [100.00%] | 1814 [100.00%] | 960 [100.00%] | 9020 [100.00%] |
|    Used Resources   |    3025 [  0.25%] |    909 [  0.15%] |    3835 [  0.16%] |    1 [  0.06%] |   0 [  0.00%] |    6 [  0.07%] |
|    Unused Resources | 1196546 [ 99.75%] | 589605 [ 99.85%] | 2452874 [ 99.84%] | 1813 [ 99.94%] | 960 [100.00%] | 9014 [ 99.93%] |
| krnl_vadd           |    3025 [  0.25%] |    909 [  0.15%] |    3835 [  0.16%] |    1 [  0.06%] |   0 [  0.00%] |    6 [  0.07%] |
|    krnl_vadd_1      |    3025 [  0.25%] |    909 [  0.15%] |    3835 [  0.16%] |    1 [  0.06%] |   0 [  0.00%] |    6 [  0.07%] |
+---------------------+-------------------+------------------+-------------------+----------------+---------------+----------------+


