Copyright 1986-2021 Xilinx, Inc. All Rights Reserved.
------------------------------------------------------------------------------------------
| Tool Version : Vivado v.2021.2 (lin64) Build 3367213 Tue Oct 19 02:47:39 MDT 2021
| Date         : Tue Nov 19 05:19:04 2024
| Host         : hacc-gpu0 running 64-bit Ubuntu 20.04.6 LTS
| Command      : report_utilization -slr -file slr_util_placed.rpt -pb slr_util_placed.pb
| Design       : pfm_top_wrapper
| Device       : xcu280-fsvh2892-2L-e
| Speed File   : -2L
| Design State : Fully Placed
------------------------------------------------------------------------------------------

Utilization Design Information

Table of Contents
-----------------
1. SLR Connectivity
2. SLR Connectivity Matrix
3. SLR CLB Logic and Dedicated Block Utilization
4. SLR IO Utilization

1. SLR Connectivity
-------------------

+----------------------------------+------+-------+-----------+-------+
|                                  | Used | Fixed | Available | Util% |
+----------------------------------+------+-------+-----------+-------+
| SLR2 <-> SLR1                    | 3946 |       |     23040 | 17.13 |
|   SLR1 -> SLR2                   | 2079 |       |           |  9.02 |
|     Using TX_REG only            |    1 |     1 |           |       |
|     Using RX_REG only            |   18 |    18 |           |       |
|     Using Both TX_REG and RX_REG |  267 |     1 |           |       |
|   SLR2 -> SLR1                   | 1867 |       |           |  8.10 |
|     Using TX_REG only            |    0 |     0 |           |       |
|     Using RX_REG only            |    4 |     4 |           |       |
|     Using Both TX_REG and RX_REG |  407 |     0 |           |       |
| SLR1 <-> SLR0                    | 2525 |       |     23040 | 10.96 |
|   SLR0 -> SLR1                   | 1135 |       |           |  4.93 |
|     Using TX_REG only            |   71 |    71 |           |       |
|     Using RX_REG only            |   61 |    61 |           |       |
|     Using Both TX_REG and RX_REG |  355 |    55 |           |       |
|   SLR1 -> SLR0                   | 1390 |       |           |  6.03 |
|     Using TX_REG only            |   62 |    62 |           |       |
|     Using RX_REG only            |   72 |    71 |           |       |
|     Using Both TX_REG and RX_REG |  439 |    60 |           |       |
+----------------------------------+------+-------+-----------+-------+
| Total SLLs Used                  | 6471 |       |           |       |
+----------------------------------+------+-------+-----------+-------+


2. SLR Connectivity Matrix
--------------------------

+-----------+------+------+------+
| FROM \ TO | SLR2 | SLR1 | SLR0 |
+-----------+------+------+------+
| SLR2      |    0 | 1675 |  192 |
| SLR1      | 1937 |    0 | 1198 |
| SLR0      |  142 |  993 |    0 |
+-----------+------+------+------+


3. SLR CLB Logic and Dedicated Block Utilization
------------------------------------------------

+----------------------------+-------+-------+-------+--------+--------+--------+
|          Site Type         |  SLR0 |  SLR1 |  SLR2 | SLR0 % | SLR1 % | SLR2 % |
+----------------------------+-------+-------+-------+--------+--------+--------+
| CLB                        |  7193 |  7428 |  8096 |  13.09 |  13.76 |  14.99 |
|   CLBL                     |  3527 |  3746 |  4145 |  12.05 |  12.79 |  14.16 |
|   CLBM                     |  3666 |  3682 |  3951 |  14.28 |  14.89 |  15.98 |
| CLB LUTs                   | 23203 | 47599 | 35372 |   5.28 |  11.02 |   8.19 |
|   LUT as Logic             | 19336 | 43629 | 32334 |   4.40 |  10.10 |   7.48 |
|     using O5 output only   |   543 |   286 |  1015 |   0.12 |   0.07 |   0.23 |
|     using O6 output only   | 12727 | 34231 | 19533 |   2.89 |   7.92 |   4.52 |
|     using O5 and O6        |  6066 |  9112 | 11786 |   1.38 |   2.11 |   2.73 |
|   LUT as Memory            |  3867 |  3970 |  3038 |   1.88 |   2.01 |   1.54 |
|     LUT as Distributed RAM |  1232 |  3837 |  1660 |   0.60 |   1.94 |   0.84 |
|       using O5 output only |     0 |     0 |     0 |   0.00 |   0.00 |   0.00 |
|       using O6 output only |    80 |   215 |    84 |   0.04 |   0.11 |   0.04 |
|       using O5 and O6      |  1152 |  3622 |  1576 |   0.56 |   1.83 |   0.80 |
|     LUT as Shift Register  |  2635 |   133 |  1378 |   1.28 |   0.07 |   0.70 |
|       using O5 output only |     0 |     0 |     0 |   0.00 |   0.00 |   0.00 |
|       using O6 output only |  1733 |   133 |  1248 |   0.84 |   0.07 |   0.63 |
|       using O5 and O6      |   902 |     0 |   130 |   0.44 |   0.00 |   0.07 |
| CLB Registers              | 47431 | 46253 | 60802 |   5.39 |   5.35 |   7.04 |
| CARRY8                     |   485 |   473 |   313 |   0.88 |   0.88 |   0.58 |
| F7 Muxes                   |   766 |   651 |  1054 |   0.35 |   0.30 |   0.49 |
| F8 Muxes                   |    16 |   141 |    47 |   0.01 |   0.13 |   0.04 |
| F9 Muxes                   |     0 |     0 |     0 |   0.00 |   0.00 |   0.00 |
| Block RAM Tile             |    29 |  80.5 |    94 |   4.32 |  11.98 |  13.99 |
|   RAMB36/FIFO              |    26 |    80 |    92 |   3.87 |  11.90 |  13.69 |
|     RAMB36E2 only          |    26 |    80 |    92 |   3.87 |  11.90 |  13.69 |
|   RAMB18                   |     6 |     1 |     4 |   0.45 |   0.07 |   0.30 |
|     RAMB18E2 only          |     6 |     1 |     4 |   0.45 |   0.07 |   0.30 |
| URAM                       |     0 |     0 |     0 |   0.00 |   0.00 |   0.00 |
| DSPs                       |     6 |     0 |     4 |   0.21 |   0.00 |   0.13 |
| Unique Control Sets        |  1717 |  1498 |  2724 |   1.56 |   1.39 |   2.52 |
+----------------------------+-------+-------+-------+--------+--------+--------+
* Note: Available Control Sets based on CLB Registers / 8


4. SLR IO Utilization
---------------------

+-----------+-----------+---------+------------+----------+------------+----------+-----+
| SLR Index | Used IOBs | (%)IOBs | Used IPADs | (%)IPADs | Used OPADs | (%)OPADs | GTs |
+-----------+-----------+---------+------------+----------+------------+----------+-----+
| SLR2      |        18 |    8.65 |          0 |     0.00 |          0 |     0.00 |   0 |
| SLR1      |         0 |    0.00 |          0 |     0.00 |          0 |     0.00 |   0 |
| SLR0      |         1 |    0.48 |          0 |     0.00 |          0 |     0.00 |  16 |
+-----------+-----------+---------+------------+----------+------------+----------+-----+
| Total     |        19 |         |          0 |          |          0 |          |  16 |
+-----------+-----------+---------+------------+----------+------------+----------+-----+


