Copyright 1986-2021 Xilinx, Inc. All Rights Reserved.
----------------------------------------------------------------------------------------------------------------------------------------------------------------------------------------
| Tool Version : Vivado v.2021.2 (lin64) Build 3367213 Tue Oct 19 02:47:39 MDT 2021
| Date         : Tue Nov 12 17:49:54 2024
| Host         : hacc-gpu0 running 64-bit Ubuntu 20.04.6 LTS
| Command      : report_accelerator_utilization -kernels { krnl_vadd:pfm_top_i/dynamic_region/krnl_vadd_1/inst:krnl_vadd_1} -file kernel_util_routed.rpt -name kernel_util_routed -json
| Design       : pfm_top_wrapper
| Device       : xcu280
| Design State : Routed
----------------------------------------------------------------------------------------------------------------------------------------------------------------------------------------

Accelerator Utilization Design Information

Table of Contents
-----------------
1. System Utilization

1. System Utilization
---------------------

+---------------------+-------------------+------------------+-------------------+----------------+---------------+----------------+
| Name                | LUT               | LUTAsMem         | REG               | BRAM           | URAM          | DSP            |
+---------------------+-------------------+------------------+-------------------+----------------+---------------+----------------+
| Platform            |  102872 [  7.90%] |   9952 [  1.66%] |  150275 [  5.76%] |  202 [ 10.02%] |   0 [  0.00%] |    4 [  0.04%] |
| User Budget         | 1199848 [100.00%] | 590528 [100.00%] | 2457085 [100.00%] | 1814 [100.00%] | 960 [100.00%] | 9020 [100.00%] |
|    Used Resources   |   16243 [  1.35%] |   1240 [  0.21%] |   24509 [  1.00%] |   12 [  0.66%] |   0 [  0.00%] |    0 [  0.00%] |
|    Unused Resources | 1183605 [ 98.65%] | 589288 [ 99.79%] | 2432576 [ 99.00%] | 1802 [ 99.34%] | 960 [100.00%] | 9020 [100.00%] |
| krnl_vadd           |   16243 [  1.35%] |   1240 [  0.21%] |   24509 [  1.00%] |   12 [  0.66%] |   0 [  0.00%] |    0 [  0.00%] |
|    krnl_vadd_1      |   16243 [  1.35%] |   1240 [  0.21%] |   24509 [  1.00%] |   12 [  0.66%] |   0 [  0.00%] |    0 [  0.00%] |
+---------------------+-------------------+------------------+-------------------+----------------+---------------+----------------+


