INFO: [v++ 60-1306] Additional information associated with this v++ link can be found at:
	Reports: /home/ziyuanwang/hbm/Vitis_Accel_Examples/performance/hbm_bandwidth_pseudo_random/_x_8core_modminus_64.hw.xilinx_u280_xdma_201920_3/reports/link
	Log files: /home/ziyuanwang/hbm/Vitis_Accel_Examples/performance/hbm_bandwidth_pseudo_random/_x_8core_modminus_64.hw.xilinx_u280_xdma_201920_3/logs/link
INFO: [v++ 60-1548] Creating build summary session with primary output /home/ziyuanwang/hbm/Vitis_Accel_Examples/performance/hbm_bandwidth_pseudo_random/build_dir_8core_modminus_64.hw.xilinx_u280_xdma_201920_3/krnl_vaddmul.link.xclbin.link_summary, at Tue Oct 29 05:54:52 2024
INFO: [v++ 60-1316] Initiating connection to rulecheck server, at Tue Oct 29 05:54:52 2024
INFO: [v++ 60-1315] Creating rulecheck session with output '/home/ziyuanwang/hbm/Vitis_Accel_Examples/performance/hbm_bandwidth_pseudo_random/_x_8core_modminus_64.hw.xilinx_u280_xdma_201920_3/reports/link/v++_link_krnl_vaddmul.link_guidance.html', at Tue Oct 29 05:54:55 2024
INFO: [v++ 60-895]   Target platform: /opt/xilinx/platforms/xilinx_u280_xdma_201920_3/xilinx_u280_xdma_201920_3.xpfm
INFO: [v++ 60-1578]   This platform contains Xilinx Shell Archive '/opt/xilinx/platforms/xilinx_u280_xdma_201920_3/hw/xilinx_u280_xdma_201920_3.xsa'
INFO: [v++ 74-78] Compiler Version string: 2021.2
INFO: [v++ 60-1302] Platform 'xilinx_u280_xdma_201920_3.xpfm' has been explicitly enabled for this release.
INFO: [v++ 60-629] Linking for hardware target
INFO: [v++ 60-423]   Target device: xilinx_u280_xdma_201920_3
INFO: [v++ 60-1332] Run 'run_link' status: Not started
INFO: [v++ 60-1443] [05:55:10] Run run_link: Step system_link: Started
INFO: [v++ 60-1453] Command Line: system_link --xo /home/ziyuanwang/hbm/Vitis_Accel_Examples/performance/hbm_bandwidth_pseudo_random/_x_8core_modminus_64.hw.xilinx_u280_xdma_201920_3/krnl_vaddmul.xo -keep --config /home/ziyuanwang/hbm/Vitis_Accel_Examples/performance/hbm_bandwidth_pseudo_random/_x_8core_modminus_64.hw.xilinx_u280_xdma_201920_3/link/int/syslinkConfig.ini --xpfm /opt/xilinx/platforms/xilinx_u280_xdma_201920_3/xilinx_u280_xdma_201920_3.xpfm --target hw --output_dir /home/ziyuanwang/hbm/Vitis_Accel_Examples/performance/hbm_bandwidth_pseudo_random/_x_8core_modminus_64.hw.xilinx_u280_xdma_201920_3/link/int --temp_dir /home/ziyuanwang/hbm/Vitis_Accel_Examples/performance/hbm_bandwidth_pseudo_random/_x_8core_modminus_64.hw.xilinx_u280_xdma_201920_3/link/sys_link
INFO: [v++ 60-1454] Run Directory: /home/ziyuanwang/hbm/Vitis_Accel_Examples/performance/hbm_bandwidth_pseudo_random/_x_8core_modminus_64.hw.xilinx_u280_xdma_201920_3/link/run_link
INFO: [SYSTEM_LINK 60-1316] Initiating connection to rulecheck server, at Tue Oct 29 05:55:13 2024
INFO: [SYSTEM_LINK 82-70] Extracting xo v3 file /home/ziyuanwang/hbm/Vitis_Accel_Examples/performance/hbm_bandwidth_pseudo_random/_x_8core_modminus_64.hw.xilinx_u280_xdma_201920_3/krnl_vaddmul.xo
INFO: [SYSTEM_LINK 82-53] Creating IP database /home/ziyuanwang/hbm/Vitis_Accel_Examples/performance/hbm_bandwidth_pseudo_random/_x_8core_modminus_64.hw.xilinx_u280_xdma_201920_3/link/sys_link/_sysl/.cdb/xd_ip_db.xml
INFO: [SYSTEM_LINK 82-38] [05:55:25] build_xd_ip_db started: /tools/Xilinx/Vitis/2021.2/bin/build_xd_ip_db -ip_search 0  -sds-pf /home/ziyuanwang/hbm/Vitis_Accel_Examples/performance/hbm_bandwidth_pseudo_random/_x_8core_modminus_64.hw.xilinx_u280_xdma_201920_3/link/sys_link/xilinx_u280_xdma_201920_3.hpfm -clkid 0 -ip /home/ziyuanwang/hbm/Vitis_Accel_Examples/performance/hbm_bandwidth_pseudo_random/_x_8core_modminus_64.hw.xilinx_u280_xdma_201920_3/link/sys_link/iprepo/xilinx_com_hls_krnl_vaddmul_1_0,krnl_vaddmul -o /home/ziyuanwang/hbm/Vitis_Accel_Examples/performance/hbm_bandwidth_pseudo_random/_x_8core_modminus_64.hw.xilinx_u280_xdma_201920_3/link/sys_link/_sysl/.cdb/xd_ip_db.xml
INFO: [SYSTEM_LINK 82-37] [05:55:32] build_xd_ip_db finished successfully
Time (s): cpu = 00:00:04 ; elapsed = 00:00:07 . Memory (MB): peak = 2167.246 ; gain = 0.000 ; free physical = 88600 ; free virtual = 486315
INFO: [SYSTEM_LINK 82-51] Create system connectivity graph
INFO: [SYSTEM_LINK 82-102] Applying explicit connections to the system connectivity graph: /home/ziyuanwang/hbm/Vitis_Accel_Examples/performance/hbm_bandwidth_pseudo_random/_x_8core_modminus_64.hw.xilinx_u280_xdma_201920_3/link/sys_link/cfgraph/cfgen_cfgraph.xml
INFO: [SYSTEM_LINK 82-38] [05:55:32] cfgen started: /tools/Xilinx/Vitis/2021.2/bin/cfgen  -nk krnl_vaddmul:8 -sp krnl_vaddmul_1.in1:HBM[0] -sp krnl_vaddmul_1.in2:HBM[1] -sp krnl_vaddmul_1.out_add:HBM[2] -sp krnl_vaddmul_1.out_mul:HBM[3] -sp krnl_vaddmul_2.in1:HBM[4] -sp krnl_vaddmul_2.in2:HBM[5] -sp krnl_vaddmul_2.out_add:HBM[6] -sp krnl_vaddmul_2.out_mul:HBM[7] -sp krnl_vaddmul_3.in1:HBM[8] -sp krnl_vaddmul_3.in2:HBM[9] -sp krnl_vaddmul_3.out_add:HBM[10] -sp krnl_vaddmul_3.out_mul:HBM[11] -sp krnl_vaddmul_4.in1:HBM[12] -sp krnl_vaddmul_4.in2:HBM[13] -sp krnl_vaddmul_4.out_add:HBM[15] -sp krnl_vaddmul_4.out_mul:HBM[14] -sp krnl_vaddmul_5.in1:HBM[16] -sp krnl_vaddmul_5.in2:HBM[17] -sp krnl_vaddmul_5.out_add:HBM[18] -sp krnl_vaddmul_5.out_mul:HBM[19] -sp krnl_vaddmul_6.in1:HBM[20] -sp krnl_vaddmul_6.in2:HBM[21] -sp krnl_vaddmul_6.out_add:HBM[22] -sp krnl_vaddmul_6.out_mul:HBM[23] -sp krnl_vaddmul_7.in1:HBM[24] -sp krnl_vaddmul_7.in2:HBM[25] -sp krnl_vaddmul_7.out_add:HBM[26] -sp krnl_vaddmul_7.out_mul:HBM[27] -sp krnl_vaddmul_8.in1:HBM[28] -sp krnl_vaddmul_8.in2:HBM[29] -sp krnl_vaddmul_8.out_add:HBM[30] -sp krnl_vaddmul_8.out_mul:HBM[31] -dmclkid 0 -r /home/ziyuanwang/hbm/Vitis_Accel_Examples/performance/hbm_bandwidth_pseudo_random/_x_8core_modminus_64.hw.xilinx_u280_xdma_201920_3/link/sys_link/_sysl/.cdb/xd_ip_db.xml -o /home/ziyuanwang/hbm/Vitis_Accel_Examples/performance/hbm_bandwidth_pseudo_random/_x_8core_modminus_64.hw.xilinx_u280_xdma_201920_3/link/sys_link/cfgraph/cfgen_cfgraph.xml
INFO: [CFGEN 83-0] Kernel Specs: 
INFO: [CFGEN 83-0]   kernel: krnl_vaddmul, num: 8  {krnl_vaddmul_1 krnl_vaddmul_2 krnl_vaddmul_3 krnl_vaddmul_4 krnl_vaddmul_5 krnl_vaddmul_6 krnl_vaddmul_7 krnl_vaddmul_8}
INFO: [CFGEN 83-0] Port Specs: 
INFO: [CFGEN 83-0]   kernel: krnl_vaddmul_1, k_port: in1, sptag: HBM[0]
INFO: [CFGEN 83-0]   kernel: krnl_vaddmul_1, k_port: in2, sptag: HBM[1]
INFO: [CFGEN 83-0]   kernel: krnl_vaddmul_1, k_port: out_add, sptag: HBM[2]
INFO: [CFGEN 83-0]   kernel: krnl_vaddmul_1, k_port: out_mul, sptag: HBM[3]
INFO: [CFGEN 83-0]   kernel: krnl_vaddmul_2, k_port: in1, sptag: HBM[4]
INFO: [CFGEN 83-0]   kernel: krnl_vaddmul_2, k_port: in2, sptag: HBM[5]
INFO: [CFGEN 83-0]   kernel: krnl_vaddmul_2, k_port: out_add, sptag: HBM[6]
INFO: [CFGEN 83-0]   kernel: krnl_vaddmul_2, k_port: out_mul, sptag: HBM[7]
INFO: [CFGEN 83-0]   kernel: krnl_vaddmul_3, k_port: in1, sptag: HBM[8]
INFO: [CFGEN 83-0]   kernel: krnl_vaddmul_3, k_port: in2, sptag: HBM[9]
INFO: [CFGEN 83-0]   kernel: krnl_vaddmul_3, k_port: out_add, sptag: HBM[10]
INFO: [CFGEN 83-0]   kernel: krnl_vaddmul_3, k_port: out_mul, sptag: HBM[11]
INFO: [CFGEN 83-0]   kernel: krnl_vaddmul_4, k_port: in1, sptag: HBM[12]
INFO: [CFGEN 83-0]   kernel: krnl_vaddmul_4, k_port: in2, sptag: HBM[13]
INFO: [CFGEN 83-0]   kernel: krnl_vaddmul_4, k_port: out_add, sptag: HBM[15]
INFO: [CFGEN 83-0]   kernel: krnl_vaddmul_4, k_port: out_mul, sptag: HBM[14]
INFO: [CFGEN 83-0]   kernel: krnl_vaddmul_5, k_port: in1, sptag: HBM[16]
INFO: [CFGEN 83-0]   kernel: krnl_vaddmul_5, k_port: in2, sptag: HBM[17]
INFO: [CFGEN 83-0]   kernel: krnl_vaddmul_5, k_port: out_add, sptag: HBM[18]
INFO: [CFGEN 83-0]   kernel: krnl_vaddmul_5, k_port: out_mul, sptag: HBM[19]
INFO: [CFGEN 83-0]   kernel: krnl_vaddmul_6, k_port: in1, sptag: HBM[20]
INFO: [CFGEN 83-0]   kernel: krnl_vaddmul_6, k_port: in2, sptag: HBM[21]
INFO: [CFGEN 83-0]   kernel: krnl_vaddmul_6, k_port: out_add, sptag: HBM[22]
INFO: [CFGEN 83-0]   kernel: krnl_vaddmul_6, k_port: out_mul, sptag: HBM[23]
INFO: [CFGEN 83-0]   kernel: krnl_vaddmul_7, k_port: in1, sptag: HBM[24]
INFO: [CFGEN 83-0]   kernel: krnl_vaddmul_7, k_port: in2, sptag: HBM[25]
INFO: [CFGEN 83-0]   kernel: krnl_vaddmul_7, k_port: out_add, sptag: HBM[26]
INFO: [CFGEN 83-0]   kernel: krnl_vaddmul_7, k_port: out_mul, sptag: HBM[27]
INFO: [CFGEN 83-0]   kernel: krnl_vaddmul_8, k_port: in1, sptag: HBM[28]
INFO: [CFGEN 83-0]   kernel: krnl_vaddmul_8, k_port: in2, sptag: HBM[29]
INFO: [CFGEN 83-0]   kernel: krnl_vaddmul_8, k_port: out_add, sptag: HBM[30]
INFO: [CFGEN 83-0]   kernel: krnl_vaddmul_8, k_port: out_mul, sptag: HBM[31]
INFO: [CFGEN 83-2228] Creating mapping for argument krnl_vaddmul_1.in1 to HBM[0] for directive krnl_vaddmul_1.in1:HBM[0]
INFO: [CFGEN 83-2228] Creating mapping for argument krnl_vaddmul_1.in2 to HBM[1] for directive krnl_vaddmul_1.in2:HBM[1]
INFO: [CFGEN 83-2228] Creating mapping for argument krnl_vaddmul_1.out_add to HBM[2] for directive krnl_vaddmul_1.out_add:HBM[2]
INFO: [CFGEN 83-2228] Creating mapping for argument krnl_vaddmul_1.out_mul to HBM[3] for directive krnl_vaddmul_1.out_mul:HBM[3]
INFO: [CFGEN 83-2228] Creating mapping for argument krnl_vaddmul_2.in1 to HBM[4] for directive krnl_vaddmul_2.in1:HBM[4]
INFO: [CFGEN 83-2228] Creating mapping for argument krnl_vaddmul_2.in2 to HBM[5] for directive krnl_vaddmul_2.in2:HBM[5]
INFO: [CFGEN 83-2228] Creating mapping for argument krnl_vaddmul_2.out_add to HBM[6] for directive krnl_vaddmul_2.out_add:HBM[6]
INFO: [CFGEN 83-2228] Creating mapping for argument krnl_vaddmul_2.out_mul to HBM[7] for directive krnl_vaddmul_2.out_mul:HBM[7]
INFO: [CFGEN 83-2228] Creating mapping for argument krnl_vaddmul_3.in1 to HBM[8] for directive krnl_vaddmul_3.in1:HBM[8]
INFO: [CFGEN 83-2228] Creating mapping for argument krnl_vaddmul_3.in2 to HBM[9] for directive krnl_vaddmul_3.in2:HBM[9]
INFO: [CFGEN 83-2228] Creating mapping for argument krnl_vaddmul_3.out_add to HBM[10] for directive krnl_vaddmul_3.out_add:HBM[10]
INFO: [CFGEN 83-2228] Creating mapping for argument krnl_vaddmul_3.out_mul to HBM[11] for directive krnl_vaddmul_3.out_mul:HBM[11]
INFO: [CFGEN 83-2228] Creating mapping for argument krnl_vaddmul_4.in1 to HBM[12] for directive krnl_vaddmul_4.in1:HBM[12]
INFO: [CFGEN 83-2228] Creating mapping for argument krnl_vaddmul_4.in2 to HBM[13] for directive krnl_vaddmul_4.in2:HBM[13]
INFO: [CFGEN 83-2228] Creating mapping for argument krnl_vaddmul_4.out_add to HBM[15] for directive krnl_vaddmul_4.out_add:HBM[15]
INFO: [CFGEN 83-2228] Creating mapping for argument krnl_vaddmul_4.out_mul to HBM[14] for directive krnl_vaddmul_4.out_mul:HBM[14]
INFO: [CFGEN 83-2228] Creating mapping for argument krnl_vaddmul_5.in1 to HBM[16] for directive krnl_vaddmul_5.in1:HBM[16]
INFO: [CFGEN 83-2228] Creating mapping for argument krnl_vaddmul_5.in2 to HBM[17] for directive krnl_vaddmul_5.in2:HBM[17]
INFO: [CFGEN 83-2228] Creating mapping for argument krnl_vaddmul_5.out_add to HBM[18] for directive krnl_vaddmul_5.out_add:HBM[18]
INFO: [CFGEN 83-2228] Creating mapping for argument krnl_vaddmul_5.out_mul to HBM[19] for directive krnl_vaddmul_5.out_mul:HBM[19]
INFO: [CFGEN 83-2228] Creating mapping for argument krnl_vaddmul_6.in1 to HBM[20] for directive krnl_vaddmul_6.in1:HBM[20]
INFO: [CFGEN 83-2228] Creating mapping for argument krnl_vaddmul_6.in2 to HBM[21] for directive krnl_vaddmul_6.in2:HBM[21]
INFO: [CFGEN 83-2228] Creating mapping for argument krnl_vaddmul_6.out_add to HBM[22] for directive krnl_vaddmul_6.out_add:HBM[22]
INFO: [CFGEN 83-2228] Creating mapping for argument krnl_vaddmul_6.out_mul to HBM[23] for directive krnl_vaddmul_6.out_mul:HBM[23]
INFO: [CFGEN 83-2228] Creating mapping for argument krnl_vaddmul_7.in1 to HBM[24] for directive krnl_vaddmul_7.in1:HBM[24]
INFO: [CFGEN 83-2228] Creating mapping for argument krnl_vaddmul_7.in2 to HBM[25] for directive krnl_vaddmul_7.in2:HBM[25]
INFO: [CFGEN 83-2228] Creating mapping for argument krnl_vaddmul_7.out_add to HBM[26] for directive krnl_vaddmul_7.out_add:HBM[26]
INFO: [CFGEN 83-2228] Creating mapping for argument krnl_vaddmul_7.out_mul to HBM[27] for directive krnl_vaddmul_7.out_mul:HBM[27]
INFO: [CFGEN 83-2228] Creating mapping for argument krnl_vaddmul_8.in1 to HBM[28] for directive krnl_vaddmul_8.in1:HBM[28]
INFO: [CFGEN 83-2228] Creating mapping for argument krnl_vaddmul_8.in2 to HBM[29] for directive krnl_vaddmul_8.in2:HBM[29]
INFO: [CFGEN 83-2228] Creating mapping for argument krnl_vaddmul_8.out_add to HBM[30] for directive krnl_vaddmul_8.out_add:HBM[30]
INFO: [CFGEN 83-2228] Creating mapping for argument krnl_vaddmul_8.out_mul to HBM[31] for directive krnl_vaddmul_8.out_mul:HBM[31]
INFO: [SYSTEM_LINK 82-37] [05:55:40] cfgen finished successfully
Time (s): cpu = 00:00:08 ; elapsed = 00:00:08 . Memory (MB): peak = 2167.246 ; gain = 0.000 ; free physical = 88547 ; free virtual = 486262
INFO: [SYSTEM_LINK 82-52] Create top-level block diagram
INFO: [SYSTEM_LINK 82-38] [05:55:40] cf2bd started: /tools/Xilinx/Vitis/2021.2/bin/cf2bd  --linux --trace_buffer 1024 --input_file /home/ziyuanwang/hbm/Vitis_Accel_Examples/performance/hbm_bandwidth_pseudo_random/_x_8core_modminus_64.hw.xilinx_u280_xdma_201920_3/link/sys_link/cfgraph/cfgen_cfgraph.xml --ip_db /home/ziyuanwang/hbm/Vitis_Accel_Examples/performance/hbm_bandwidth_pseudo_random/_x_8core_modminus_64.hw.xilinx_u280_xdma_201920_3/link/sys_link/_sysl/.cdb/xd_ip_db.xml --cf_name dr --working_dir /home/ziyuanwang/hbm/Vitis_Accel_Examples/performance/hbm_bandwidth_pseudo_random/_x_8core_modminus_64.hw.xilinx_u280_xdma_201920_3/link/sys_link/_sysl/.xsd --temp_dir /home/ziyuanwang/hbm/Vitis_Accel_Examples/performance/hbm_bandwidth_pseudo_random/_x_8core_modminus_64.hw.xilinx_u280_xdma_201920_3/link/sys_link --output_dir /home/ziyuanwang/hbm/Vitis_Accel_Examples/performance/hbm_bandwidth_pseudo_random/_x_8core_modminus_64.hw.xilinx_u280_xdma_201920_3/link/int --target_bd pfm_dynamic.bd
INFO: [CF2BD 82-31] Launching cf2xd: cf2xd -linux -trace-buffer 1024 -i /home/ziyuanwang/hbm/Vitis_Accel_Examples/performance/hbm_bandwidth_pseudo_random/_x_8core_modminus_64.hw.xilinx_u280_xdma_201920_3/link/sys_link/cfgraph/cfgen_cfgraph.xml -r /home/ziyuanwang/hbm/Vitis_Accel_Examples/performance/hbm_bandwidth_pseudo_random/_x_8core_modminus_64.hw.xilinx_u280_xdma_201920_3/link/sys_link/_sysl/.cdb/xd_ip_db.xml -o dr.xml
INFO: [CF2BD 82-28] cf2xd finished successfully
INFO: [CF2BD 82-31] Launching cf_xsd: cf_xsd -disable-address-gen -bd pfm_dynamic.bd -dn dr -dp /home/ziyuanwang/hbm/Vitis_Accel_Examples/performance/hbm_bandwidth_pseudo_random/_x_8core_modminus_64.hw.xilinx_u280_xdma_201920_3/link/sys_link/_sysl/.xsd
INFO: [CF2BD 82-28] cf_xsd finished successfully
INFO: [SYSTEM_LINK 82-37] [05:55:48] cf2bd finished successfully
Time (s): cpu = 00:00:07 ; elapsed = 00:00:08 . Memory (MB): peak = 2167.246 ; gain = 0.000 ; free physical = 88332 ; free virtual = 486051
INFO: [v++ 60-1441] [05:55:48] Run run_link: Step system_link: Completed
Time (s): cpu = 00:00:23 ; elapsed = 00:00:39 . Memory (MB): peak = 2062.203 ; gain = 0.000 ; free physical = 88375 ; free virtual = 486095
INFO: [v++ 60-1443] [05:55:48] Run run_link: Step cf2sw: Started
INFO: [v++ 60-1453] Command Line: cf2sw -sdsl /home/ziyuanwang/hbm/Vitis_Accel_Examples/performance/hbm_bandwidth_pseudo_random/_x_8core_modminus_64.hw.xilinx_u280_xdma_201920_3/link/int/sdsl.dat -rtd /home/ziyuanwang/hbm/Vitis_Accel_Examples/performance/hbm_bandwidth_pseudo_random/_x_8core_modminus_64.hw.xilinx_u280_xdma_201920_3/link/int/cf2sw.rtd -nofilter /home/ziyuanwang/hbm/Vitis_Accel_Examples/performance/hbm_bandwidth_pseudo_random/_x_8core_modminus_64.hw.xilinx_u280_xdma_201920_3/link/int/cf2sw_full.rtd -xclbin /home/ziyuanwang/hbm/Vitis_Accel_Examples/performance/hbm_bandwidth_pseudo_random/_x_8core_modminus_64.hw.xilinx_u280_xdma_201920_3/link/int/xclbin_orig.xml -o /home/ziyuanwang/hbm/Vitis_Accel_Examples/performance/hbm_bandwidth_pseudo_random/_x_8core_modminus_64.hw.xilinx_u280_xdma_201920_3/link/int/xclbin_orig.1.xml
INFO: [v++ 60-1454] Run Directory: /home/ziyuanwang/hbm/Vitis_Accel_Examples/performance/hbm_bandwidth_pseudo_random/_x_8core_modminus_64.hw.xilinx_u280_xdma_201920_3/link/run_link
INFO: [v++ 60-1441] [05:56:00] Run run_link: Step cf2sw: Completed
Time (s): cpu = 00:00:10 ; elapsed = 00:00:11 . Memory (MB): peak = 2062.203 ; gain = 0.000 ; free physical = 88538 ; free virtual = 486259
INFO: [v++ 60-1443] [05:56:00] Run run_link: Step rtd2_system_diagram: Started
INFO: [v++ 60-1453] Command Line: rtd2SystemDiagram
INFO: [v++ 60-1454] Run Directory: /home/ziyuanwang/hbm/Vitis_Accel_Examples/performance/hbm_bandwidth_pseudo_random/_x_8core_modminus_64.hw.xilinx_u280_xdma_201920_3/link/run_link
INFO: [v++ 60-1441] [05:56:00] Run run_link: Step rtd2_system_diagram: Completed
Time (s): cpu = 00:00:00 ; elapsed = 00:00:00.75 . Memory (MB): peak = 2062.203 ; gain = 0.000 ; free physical = 88530 ; free virtual = 486250
INFO: [v++ 60-1443] [05:56:00] Run run_link: Step vpl: Started
INFO: [v++ 60-1453] Command Line: vpl -t hw -f xilinx_u280_xdma_201920_3 --remote_ip_cache /home/ziyuanwang/hbm/Vitis_Accel_Examples/performance/hbm_bandwidth_pseudo_random/.ipcache -s --output_dir /home/ziyuanwang/hbm/Vitis_Accel_Examples/performance/hbm_bandwidth_pseudo_random/_x_8core_modminus_64.hw.xilinx_u280_xdma_201920_3/link/int --log_dir /home/ziyuanwang/hbm/Vitis_Accel_Examples/performance/hbm_bandwidth_pseudo_random/_x_8core_modminus_64.hw.xilinx_u280_xdma_201920_3/logs/link --report_dir /home/ziyuanwang/hbm/Vitis_Accel_Examples/performance/hbm_bandwidth_pseudo_random/_x_8core_modminus_64.hw.xilinx_u280_xdma_201920_3/reports/link --config /home/ziyuanwang/hbm/Vitis_Accel_Examples/performance/hbm_bandwidth_pseudo_random/_x_8core_modminus_64.hw.xilinx_u280_xdma_201920_3/link/int/vplConfig.ini -k /home/ziyuanwang/hbm/Vitis_Accel_Examples/performance/hbm_bandwidth_pseudo_random/_x_8core_modminus_64.hw.xilinx_u280_xdma_201920_3/link/int/kernel_info.dat --webtalk_flag Vitis --temp_dir /home/ziyuanwang/hbm/Vitis_Accel_Examples/performance/hbm_bandwidth_pseudo_random/_x_8core_modminus_64.hw.xilinx_u280_xdma_201920_3/link --no-info --iprepo /home/ziyuanwang/hbm/Vitis_Accel_Examples/performance/hbm_bandwidth_pseudo_random/_x_8core_modminus_64.hw.xilinx_u280_xdma_201920_3/link/int/xo/ip_repo/xilinx_com_hls_krnl_vaddmul_1_0 --messageDb /home/ziyuanwang/hbm/Vitis_Accel_Examples/performance/hbm_bandwidth_pseudo_random/_x_8core_modminus_64.hw.xilinx_u280_xdma_201920_3/link/run_link/vpl.pb /home/ziyuanwang/hbm/Vitis_Accel_Examples/performance/hbm_bandwidth_pseudo_random/_x_8core_modminus_64.hw.xilinx_u280_xdma_201920_3/link/int/dr.bd.tcl
INFO: [v++ 60-1454] Run Directory: /home/ziyuanwang/hbm/Vitis_Accel_Examples/performance/hbm_bandwidth_pseudo_random/_x_8core_modminus_64.hw.xilinx_u280_xdma_201920_3/link/run_link

****** vpl v2021.2 (64-bit)
  **** SW Build 3363252 on 2021-10-14-04:41:01
    ** Copyright 1986-2020 Xilinx, Inc. All Rights Reserved.

INFO: [VPL 60-839] Read in kernel information from file '/home/ziyuanwang/hbm/Vitis_Accel_Examples/performance/hbm_bandwidth_pseudo_random/_x_8core_modminus_64.hw.xilinx_u280_xdma_201920_3/link/int/kernel_info.dat'.
INFO: [VPL 74-78] Compiler Version string: 2021.2
INFO: [VPL 60-423]   Target device: xilinx_u280_xdma_201920_3
INFO: [VPL 60-1032] Extracting hardware platform to /home/ziyuanwang/hbm/Vitis_Accel_Examples/performance/hbm_bandwidth_pseudo_random/_x_8core_modminus_64.hw.xilinx_u280_xdma_201920_3/link/vivado/vpl/.local/hw_platform
[06:04:30] Run vpl: Step create_project: Started
Creating Vivado project.
[06:04:46] Run vpl: Step create_project: Completed
[06:04:46] Run vpl: Step create_bd: Started
[06:06:06] Run vpl: Step create_bd: RUNNING...
[06:07:24] Run vpl: Step create_bd: RUNNING...
[06:08:41] Run vpl: Step create_bd: RUNNING...
[06:10:00] Run vpl: Step create_bd: RUNNING...
[06:11:18] Run vpl: Step create_bd: RUNNING...
[06:12:37] Run vpl: Step create_bd: RUNNING...
[06:13:54] Run vpl: Step create_bd: RUNNING...
[06:15:12] Run vpl: Step create_bd: RUNNING...
[06:16:16] Run vpl: Step create_bd: Completed
[06:16:17] Run vpl: Step update_bd: Started
[06:16:21] Run vpl: Step update_bd: Completed
[06:16:21] Run vpl: Step generate_target: Started
[06:17:39] Run vpl: Step generate_target: RUNNING...
[06:18:56] Run vpl: Step generate_target: RUNNING...
[06:20:13] Run vpl: Step generate_target: RUNNING...
[06:21:32] Run vpl: Step generate_target: RUNNING...
[06:22:49] Run vpl: Step generate_target: RUNNING...
[06:24:08] Run vpl: Step generate_target: RUNNING...
[06:25:27] Run vpl: Step generate_target: RUNNING...
[06:26:47] Run vpl: Step generate_target: RUNNING...
[06:28:06] Run vpl: Step generate_target: RUNNING...
[06:29:22] Run vpl: Step generate_target: Completed
[06:29:22] Run vpl: Step config_hw_runs: Started
[06:29:45] Run vpl: Step config_hw_runs: Completed
[06:29:45] Run vpl: Step synth: Started
[06:30:18] Block-level synthesis in progress, 0 of 8 jobs complete, 1 job running.
[06:30:50] Block-level synthesis in progress, 0 of 8 jobs complete, 1 job running.
[06:31:22] Block-level synthesis in progress, 0 of 8 jobs complete, 1 job running.
[06:31:54] Block-level synthesis in progress, 0 of 8 jobs complete, 1 job running.
[06:32:27] Block-level synthesis in progress, 0 of 8 jobs complete, 1 job running.
[06:32:59] Block-level synthesis in progress, 0 of 8 jobs complete, 1 job running.
[06:33:31] Block-level synthesis in progress, 0 of 8 jobs complete, 1 job running.
[06:34:02] Block-level synthesis in progress, 0 of 8 jobs complete, 1 job running.
[06:34:34] Block-level synthesis in progress, 0 of 8 jobs complete, 1 job running.
[06:35:06] Block-level synthesis in progress, 0 of 8 jobs complete, 1 job running.
[06:35:37] Block-level synthesis in progress, 0 of 8 jobs complete, 1 job running.
[06:36:09] Block-level synthesis in progress, 0 of 8 jobs complete, 1 job running.
[06:36:41] Block-level synthesis in progress, 0 of 8 jobs complete, 1 job running.
[06:37:13] Block-level synthesis in progress, 0 of 8 jobs complete, 1 job running.
[06:37:45] Block-level synthesis in progress, 0 of 8 jobs complete, 1 job running.
[06:38:17] Block-level synthesis in progress, 0 of 8 jobs complete, 1 job running.
[06:38:49] Block-level synthesis in progress, 0 of 8 jobs complete, 1 job running.
[06:39:20] Block-level synthesis in progress, 0 of 8 jobs complete, 1 job running.
[06:39:52] Block-level synthesis in progress, 0 of 8 jobs complete, 1 job running.
[06:40:26] Block-level synthesis in progress, 0 of 8 jobs complete, 1 job running.
[06:40:58] Block-level synthesis in progress, 0 of 8 jobs complete, 1 job running.
[06:41:30] Block-level synthesis in progress, 0 of 8 jobs complete, 1 job running.
[06:42:06] Block-level synthesis in progress, 0 of 8 jobs complete, 1 job running.
[06:42:38] Block-level synthesis in progress, 0 of 8 jobs complete, 1 job running.
[06:43:10] Block-level synthesis in progress, 0 of 8 jobs complete, 1 job running.
[06:43:42] Block-level synthesis in progress, 1 of 8 jobs complete, 0 jobs running.
[06:44:14] Block-level synthesis in progress, 1 of 8 jobs complete, 7 jobs running.
[06:45:12] Block-level synthesis in progress, 7 of 8 jobs complete, 1 job running.
[06:45:44] Top-level synthesis in progress.
[06:46:15] Top-level synthesis in progress.
[06:46:51] Top-level synthesis in progress.
[06:47:23] Top-level synthesis in progress.
[06:47:55] Top-level synthesis in progress.
[06:48:27] Top-level synthesis in progress.
[06:48:59] Run vpl: Step synth: Completed
[06:48:59] Run vpl: Step impl: Started
[07:35:53] Finished 2nd of 6 tasks (FPGA linking synthesized kernels to platform). Elapsed time: 01h 39m 50s 

[07:35:53] Starting logic optimization..
[07:45:31] Phase 1 Retarget
[07:47:08] Phase 2 Constant propagation
[07:48:12] Phase 3 Sweep
[07:54:34] Phase 4 BUFG optimization
[07:56:10] Phase 5 Shift Register Optimization
[07:56:43] Phase 6 Post Processing Netlist
[08:11:42] Finished 3rd of 6 tasks (FPGA logic optimization). Elapsed time: 00h 35m 48s 

[08:11:42] Starting logic placement..
[08:18:06] Phase 1 Placer Initialization
[08:18:06] Phase 1.1 Placer Initialization Netlist Sorting
[08:28:12] Phase 1.2 IO Placement/ Clock Placement/ Build Placer Device
[08:36:44] Phase 1.3 Build Placer Netlist Model
[08:51:09] Phase 1.4 Constrain Clocks/Macros
[08:59:08] Phase 2 Global Placement
[08:59:08] Phase 2.1 Floorplanning
[09:25:21] Run vpl: Step impl: Failed
[09:25:23] Run vpl: FINISHED. Run Status: impl ERROR

===>The following messages were generated while processing /home/ziyuanwang/hbm/Vitis_Accel_Examples/performance/hbm_bandwidth_pseudo_random/_x_8core_modminus_64.hw.xilinx_u280_xdma_201920_3/link/vivado/vpl/prj/prj.runs/impl_1 :
ERROR: [VPL 30-99] Placer failed with error: 'Design cannot be split into multiple SLRs due to overutilization: 201.0% LUT utilization in SLR1, 4686 SLLs required between SLR1 and SLR2 of 23040 SLLs available.

Resolution: Review and adjust physical constraints including use of Pblocks, PROHIBIT, USER_SLR_ASSIGNMENT, and USER_CROSSING_SLR that may affect the ability to partition the design into SLRs.'
Please review all ERROR, CRITICAL WARNING, and WARNING messages during placement to understand the cause for failure.
ERROR: [VPL 17-69] Command failed: Placer could not place all instances
ERROR: [VPL 60-773] In '/home/ziyuanwang/hbm/Vitis_Accel_Examples/performance/hbm_bandwidth_pseudo_random/_x_8core_modminus_64.hw.xilinx_u280_xdma_201920_3/link/vivado/vpl/runme.log', caught Tcl error:  problem implementing dynamic region, impl_1: place_design ERROR, please look at the run log file '/home/ziyuanwang/hbm/Vitis_Accel_Examples/performance/hbm_bandwidth_pseudo_random/_x_8core_modminus_64.hw.xilinx_u280_xdma_201920_3/link/vivado/vpl/prj/prj.runs/impl_1/runme.log' for more information
WARNING: [VPL 60-732] Link warning: No monitor points found for BD automation.
WARNING: [VPL 60-732] Link warning: The available LUTs may not be sufficient to accommodate the kernels
ERROR: [VPL 60-704] Integration error, problem implementing dynamic region, impl_1: place_design ERROR, please look at the run log file '/home/ziyuanwang/hbm/Vitis_Accel_Examples/performance/hbm_bandwidth_pseudo_random/_x_8core_modminus_64.hw.xilinx_u280_xdma_201920_3/link/vivado/vpl/prj/prj.runs/impl_1/runme.log' for more information
ERROR: [VPL 60-1328] Vpl run 'vpl' failed
ERROR: [VPL 60-806] Failed to finish platform linker
INFO: [v++ 60-1442] [09:25:30] Run run_link: Step vpl: Failed
Time (s): cpu = 00:01:28 ; elapsed = 03:29:29 . Memory (MB): peak = 2062.203 ; gain = 0.000 ; free physical = 81710 ; free virtual = 485241
ERROR: [v++ 60-661] v++ link run 'run_link' failed
ERROR: [v++ 60-626] Kernel link failed to complete
ERROR: [v++ 60-703] Failed to finish linking
