Copyright 1986-2021 Xilinx, Inc. All Rights Reserved.
---------------------------------------------------------------------------------------------------------------------------------------------------------------------------------------------------------------------------------------------------------------------------------------------------------------------------------------------------
| Tool Version : Vivado v.2021.2 (lin64) Build 3367213 Tue Oct 19 02:47:39 MDT 2021
| Date         : Thu Nov  7 03:00:27 2024
| Host         : hacc-gpu0 running 64-bit Ubuntu 20.04.6 LTS
| Command      : report_accelerator_utilization -kernels { krnl_vaddmul:pfm_top_i/dynamic_region/krnl_vaddmul_1/inst:krnl_vaddmul_1 krnl_vaddmul:pfm_top_i/dynamic_region/krnl_vaddmul_2/inst:krnl_vaddmul_2 krnl_vaddmul:pfm_top_i/dynamic_region/krnl_vaddmul_3/inst:krnl_vaddmul_3} -file kernel_util_routed.rpt -name kernel_util_routed -json
| Design       : pfm_top_wrapper
| Device       : xcu280
| Design State : Routed
---------------------------------------------------------------------------------------------------------------------------------------------------------------------------------------------------------------------------------------------------------------------------------------------------------------------------------------------------

Accelerator Utilization Design Information

Table of Contents
-----------------
1. System Utilization

1. System Utilization
---------------------

+---------------------+-------------------+------------------+-------------------+----------------+---------------+----------------+
| Name                | LUT               | LUTAsMem         | REG               | BRAM           | URAM          | DSP            |
+---------------------+-------------------+------------------+-------------------+----------------+---------------+----------------+
| Platform            |  126574 [  9.72%] |  20380 [  3.39%] |  188925 [  7.25%] |  204 [ 10.12%] |   0 [  0.00%] |    4 [  0.04%] |
| User Budget         | 1176146 [100.00%] | 580100 [100.00%] | 2418435 [100.00%] | 1812 [100.00%] | 960 [100.00%] | 9020 [100.00%] |
|    Used Resources   |   46176 [  3.93%] |   9300 [  1.60%] |   87649 [  3.62%] |  162 [  8.94%] |   0 [  0.00%] |  204 [  2.26%] |
|    Unused Resources | 1129970 [ 96.07%] | 570800 [ 98.40%] | 2330786 [ 96.38%] | 1650 [ 91.06%] | 960 [100.00%] | 8816 [ 97.74%] |
| krnl_vaddmul        |   46176 [  3.93%] |   9300 [  1.60%] |   87649 [  3.62%] |  162 [  8.94%] |   0 [  0.00%] |  204 [  2.26%] |
|    krnl_vaddmul_1   |   15537 [  1.32%] |   3100 [  0.53%] |   29203 [  1.21%] |   54 [  2.98%] |   0 [  0.00%] |   68 [  0.75%] |
|    krnl_vaddmul_2   |   15372 [  1.31%] |   3100 [  0.53%] |   29267 [  1.21%] |   54 [  2.98%] |   0 [  0.00%] |   68 [  0.75%] |
|    krnl_vaddmul_3   |   15267 [  1.30%] |   3100 [  0.53%] |   29179 [  1.21%] |   54 [  2.98%] |   0 [  0.00%] |   68 [  0.75%] |
+---------------------+-------------------+------------------+-------------------+----------------+---------------+----------------+


