Copyright 1986-2021 Xilinx, Inc. All Rights Reserved.
-----------------------------------------------------------------------------------------------------------------------------------------------------------------------------------------------------------------------------------------------------------------------------------------------------------------------------------------------------
| Tool Version : Vivado v.2021.2 (lin64) Build 3367213 Tue Oct 19 02:47:39 MDT 2021
| Date         : Mon Nov  4 23:04:33 2024
| Host         : hacc-gpu0 running 64-bit Ubuntu 20.04.6 LTS
| Command      : report_accelerator_utilization -kernels { krnl_vaddmul:pfm_top_i/dynamic_region/krnl_vaddmul_1/inst:krnl_vaddmul_1 krnl_vaddmul:pfm_top_i/dynamic_region/krnl_vaddmul_2/inst:krnl_vaddmul_2 krnl_vaddmul:pfm_top_i/dynamic_region/krnl_vaddmul_3/inst:krnl_vaddmul_3} -file kernel_util_synthed.rpt -name kernel_util_synthed -json
| Design       : pfm_top_wrapper
| Device       : xcu280
| Design State : Synthesized
-----------------------------------------------------------------------------------------------------------------------------------------------------------------------------------------------------------------------------------------------------------------------------------------------------------------------------------------------------

Accelerator Utilization Design Information

Table of Contents
-----------------
1. System Utilization

1. System Utilization
---------------------

+---------------------+-------------------+------------------+-------------------+----------------+---------------+----------------+
| Name                | LUT               | LUTAsMem         | REG               | BRAM           | URAM          | DSP            |
+---------------------+-------------------+------------------+-------------------+----------------+---------------+----------------+
| Platform            |  134409 [ 10.32%] |  16522 [  2.75%] |  184244 [  7.07%] |  204 [ 10.12%] |   0 [  0.00%] |    4 [  0.04%] |
| User Budget         | 1168311 [100.00%] | 583958 [100.00%] | 2423116 [100.00%] | 1812 [100.00%] | 960 [100.00%] | 9020 [100.00%] |
|    Used Resources   |   26178 [  2.24%] |   4680 [  0.80%] |   35418 [  1.46%] |   48 [  2.65%] |   0 [  0.00%] |   24 [  0.27%] |
|    Unused Resources | 1142133 [ 97.76%] | 579278 [ 99.20%] | 2387698 [ 98.54%] | 1764 [ 97.35%] | 960 [100.00%] | 8996 [ 99.73%] |
| krnl_vaddmul        |   26178 [  2.24%] |   4680 [  0.80%] |   35418 [  1.46%] |   48 [  2.65%] |   0 [  0.00%] |   24 [  0.27%] |
|    krnl_vaddmul_1   |    8726 [  0.75%] |   1560 [  0.27%] |   11806 [  0.49%] |   16 [  0.88%] |   0 [  0.00%] |    8 [  0.09%] |
|    krnl_vaddmul_2   |    8726 [  0.75%] |   1560 [  0.27%] |   11806 [  0.49%] |   16 [  0.88%] |   0 [  0.00%] |    8 [  0.09%] |
|    krnl_vaddmul_3   |    8726 [  0.75%] |   1560 [  0.27%] |   11806 [  0.49%] |   16 [  0.88%] |   0 [  0.00%] |    8 [  0.09%] |
+---------------------+-------------------+------------------+-------------------+----------------+---------------+----------------+


