Copyright 1986-2021 Xilinx, Inc. All Rights Reserved.
---------------------------------------------------------------------------------------------------------------------------------------------------------------------------------------------------------------------------------------------------------------------------------------------------------------------------------------------------
| Tool Version : Vivado v.2021.2 (lin64) Build 3367213 Tue Oct 19 02:47:39 MDT 2021
| Date         : Tue Nov  5 00:20:06 2024
| Host         : hacc-gpu0 running 64-bit Ubuntu 20.04.6 LTS
| Command      : report_accelerator_utilization -kernels { krnl_vaddmul:pfm_top_i/dynamic_region/krnl_vaddmul_1/inst:krnl_vaddmul_1 krnl_vaddmul:pfm_top_i/dynamic_region/krnl_vaddmul_2/inst:krnl_vaddmul_2 krnl_vaddmul:pfm_top_i/dynamic_region/krnl_vaddmul_3/inst:krnl_vaddmul_3} -file kernel_util_routed.rpt -name kernel_util_routed -json
| Design       : pfm_top_wrapper
| Device       : xcu280
| Design State : Routed
---------------------------------------------------------------------------------------------------------------------------------------------------------------------------------------------------------------------------------------------------------------------------------------------------------------------------------------------------

Accelerator Utilization Design Information

Table of Contents
-----------------
1. System Utilization

1. System Utilization
---------------------

+---------------------+-------------------+------------------+-------------------+----------------+---------------+----------------+
| Name                | LUT               | LUTAsMem         | REG               | BRAM           | URAM          | DSP            |
+---------------------+-------------------+------------------+-------------------+----------------+---------------+----------------+
| Platform            |  115101 [  8.84%] |  13276 [  2.21%] |  172460 [  6.61%] |  204 [ 10.12%] |   0 [  0.00%] |    4 [  0.04%] |
| User Budget         | 1187619 [100.00%] | 587204 [100.00%] | 2434900 [100.00%] | 1812 [100.00%] | 960 [100.00%] | 9020 [100.00%] |
|    Used Resources   |   24885 [  2.10%] |   3606 [  0.61%] |   34970 [  1.44%] |   48 [  2.65%] |   0 [  0.00%] |   24 [  0.27%] |
|    Unused Resources | 1162734 [ 97.90%] | 583598 [ 99.39%] | 2399930 [ 98.56%] | 1764 [ 97.35%] | 960 [100.00%] | 8996 [ 99.73%] |
| krnl_vaddmul        |   24885 [  2.10%] |   3606 [  0.61%] |   34970 [  1.44%] |   48 [  2.65%] |   0 [  0.00%] |   24 [  0.27%] |
|    krnl_vaddmul_1   |    8327 [  0.70%] |   1202 [  0.20%] |   11644 [  0.48%] |   16 [  0.88%] |   0 [  0.00%] |    8 [  0.09%] |
|    krnl_vaddmul_2   |    8329 [  0.70%] |   1202 [  0.20%] |   11640 [  0.48%] |   16 [  0.88%] |   0 [  0.00%] |    8 [  0.09%] |
|    krnl_vaddmul_3   |    8229 [  0.69%] |   1202 [  0.20%] |   11686 [  0.48%] |   16 [  0.88%] |   0 [  0.00%] |    8 [  0.09%] |
+---------------------+-------------------+------------------+-------------------+----------------+---------------+----------------+


