Copyright 1986-2021 Xilinx, Inc. All Rights Reserved.
---------------------------------------------------------------------------------------------------------------------------------------------------------------------------------------------------------------------------------------------------------------------------------------------------------------------------------------------------
| Tool Version : Vivado v.2021.2 (lin64) Build 3367213 Tue Oct 19 02:47:39 MDT 2021
| Date         : Sun Nov 10 17:11:02 2024
| Host         : hacc-gpu0 running 64-bit Ubuntu 20.04.6 LTS
| Command      : report_accelerator_utilization -kernels { krnl_vaddmul:pfm_top_i/dynamic_region/krnl_vaddmul_1/inst:krnl_vaddmul_1 krnl_vaddmul:pfm_top_i/dynamic_region/krnl_vaddmul_2/inst:krnl_vaddmul_2 krnl_vaddmul:pfm_top_i/dynamic_region/krnl_vaddmul_3/inst:krnl_vaddmul_3} -file kernel_util_placed.rpt -name kernel_util_placed -json
| Design       : pfm_top_wrapper
| Device       : xcu280
| Design State : Fully Placed
---------------------------------------------------------------------------------------------------------------------------------------------------------------------------------------------------------------------------------------------------------------------------------------------------------------------------------------------------

Accelerator Utilization Design Information

Table of Contents
-----------------
1. System Utilization

1. System Utilization
---------------------

+---------------------+-------------------+------------------+-------------------+----------------+---------------+----------------+
| Name                | LUT               | LUTAsMem         | REG               | BRAM           | URAM          | DSP            |
+---------------------+-------------------+------------------+-------------------+----------------+---------------+----------------+
| Platform            |  127600 [  9.79%] |  21968 [  3.66%] |  194175 [  7.45%] |  202 [ 10.02%] |   0 [  0.00%] |    4 [  0.04%] |
| User Budget         | 1175120 [100.00%] | 578512 [100.00%] | 2413185 [100.00%] | 1814 [100.00%] | 960 [100.00%] | 9020 [100.00%] |
|    Used Resources   |   76044 [  6.47%] |   6186 [  1.07%] |   97062 [  4.02%] |  183 [ 10.09%] |   0 [  0.00%] |   27 [  0.30%] |
|    Unused Resources | 1099076 [ 93.53%] | 572326 [ 98.93%] | 2316123 [ 95.98%] | 1631 [ 89.91%] | 960 [100.00%] | 8993 [ 99.70%] |
| krnl_vaddmul        |   76044 [  6.47%] |   6186 [  1.07%] |   97062 [  4.02%] |  183 [ 10.09%] |   0 [  0.00%] |   27 [  0.30%] |
|    krnl_vaddmul_1   |   25441 [  2.16%] |   2062 [  0.36%] |   32363 [  1.34%] |   61 [  3.36%] |   0 [  0.00%] |    9 [  0.10%] |
|    krnl_vaddmul_2   |   24973 [  2.13%] |   2062 [  0.36%] |   32368 [  1.34%] |   61 [  3.36%] |   0 [  0.00%] |    9 [  0.10%] |
|    krnl_vaddmul_3   |   25630 [  2.18%] |   2062 [  0.36%] |   32331 [  1.34%] |   61 [  3.36%] |   0 [  0.00%] |    9 [  0.10%] |
+---------------------+-------------------+------------------+-------------------+----------------+---------------+----------------+


