Copyright 1986-2021 Xilinx, Inc. All Rights Reserved.
------------------------------------------------------------------------------------------
| Tool Version : Vivado v.2021.2 (lin64) Build 3367213 Tue Oct 19 02:47:39 MDT 2021
| Date         : Sun Nov 10 17:11:28 2024
| Host         : hacc-gpu0 running 64-bit Ubuntu 20.04.6 LTS
| Command      : report_utilization -slr -file slr_util_placed.rpt -pb slr_util_placed.pb
| Design       : pfm_top_wrapper
| Device       : xcu280-fsvh2892-2L-e
| Speed File   : -2L
| Design State : Fully Placed
------------------------------------------------------------------------------------------

Utilization Design Information

Table of Contents
-----------------
1. SLR Connectivity
2. SLR Connectivity Matrix
3. SLR CLB Logic and Dedicated Block Utilization
4. SLR IO Utilization

1. SLR Connectivity
-------------------

+----------------------------------+------+-------+-----------+-------+
|                                  | Used | Fixed | Available | Util% |
+----------------------------------+------+-------+-----------+-------+
| SLR2 <-> SLR1                    | 3957 |       |     23040 | 17.17 |
|   SLR1 -> SLR2                   | 2088 |       |           |  9.06 |
|     Using TX_REG only            |    1 |     1 |           |       |
|     Using RX_REG only            |   18 |    18 |           |       |
|     Using Both TX_REG and RX_REG |  267 |     1 |           |       |
|   SLR2 -> SLR1                   | 1869 |       |           |  8.11 |
|     Using TX_REG only            |    0 |     0 |           |       |
|     Using RX_REG only            |    4 |     4 |           |       |
|     Using Both TX_REG and RX_REG |  407 |     0 |           |       |
| SLR1 <-> SLR0                    | 2533 |       |     23040 | 10.99 |
|   SLR0 -> SLR1                   | 1137 |       |           |  4.93 |
|     Using TX_REG only            |   71 |    71 |           |       |
|     Using RX_REG only            |   61 |    61 |           |       |
|     Using Both TX_REG and RX_REG |  355 |    55 |           |       |
|   SLR1 -> SLR0                   | 1396 |       |           |  6.06 |
|     Using TX_REG only            |   62 |    62 |           |       |
|     Using RX_REG only            |   72 |    71 |           |       |
|     Using Both TX_REG and RX_REG |  435 |    60 |           |       |
+----------------------------------+------+-------+-----------+-------+
| Total SLLs Used                  | 6490 |       |           |       |
+----------------------------------+------+-------+-----------+-------+


2. SLR Connectivity Matrix
--------------------------

+-----------+------+------+------+
| FROM \ TO | SLR2 | SLR1 | SLR0 |
+-----------+------+------+------+
| SLR2      |    0 | 1712 |  157 |
| SLR1      | 1964 |    0 | 1239 |
| SLR0      |  124 | 1013 |    0 |
+-----------+------+------+------+


3. SLR CLB Logic and Dedicated Block Utilization
------------------------------------------------

+----------------------------+--------+-------+-------+--------+--------+--------+
|          Site Type         |  SLR0  |  SLR1 |  SLR2 | SLR0 % | SLR1 % | SLR2 % |
+----------------------------+--------+-------+-------+--------+--------+--------+
| CLB                        |  29834 |  6670 |  7845 |  54.28 |  12.35 |  14.53 |
|   CLBL                     |  15466 |  3321 |  4072 |  52.82 |  11.34 |  13.91 |
|   CLBM                     |  14368 |  3349 |  3773 |  55.95 |  13.55 |  15.26 |
| CLB LUTs                   | 120617 | 47651 | 35362 |  27.43 |  11.03 |   8.19 |
|   LUT as Logic             |  99473 | 43679 | 32324 |  22.62 |  10.11 |   7.48 |
|     using O5 output only   |   1549 |   286 |  1009 |   0.35 |   0.07 |   0.23 |
|     using O6 output only   |  73076 | 34250 | 19491 |  16.62 |   7.93 |   4.51 |
|     using O5 and O6        |  24848 |  9143 | 11824 |   5.65 |   2.12 |   2.74 |
|   LUT as Memory            |  21144 |  3972 |  3038 |  10.29 |   2.01 |   1.54 |
|     LUT as Distributed RAM |  13096 |  3837 |  1660 |   6.37 |   1.94 |   0.84 |
|       using O5 output only |      0 |     0 |     0 |   0.00 |   0.00 |   0.00 |
|       using O6 output only |     80 |   215 |    84 |   0.04 |   0.11 |   0.04 |
|       using O5 and O6      |  13016 |  3622 |  1576 |   6.34 |   1.83 |   0.80 |
|     LUT as Shift Register  |   8048 |   135 |  1378 |   3.92 |   0.07 |   0.70 |
|       using O5 output only |      0 |     0 |     0 |   0.00 |   0.00 |   0.00 |
|       using O6 output only |   3630 |   135 |  1248 |   1.77 |   0.07 |   0.63 |
|       using O5 and O6      |   4418 |     0 |   130 |   2.15 |   0.00 |   0.07 |
| CLB Registers              | 184053 | 46352 | 60832 |  20.93 |   5.36 |   7.04 |
| CARRY8                     |   1324 |   473 |   313 |   2.41 |   0.88 |   0.58 |
| F7 Muxes                   |   1154 |   651 |  1054 |   0.52 |   0.30 |   0.49 |
| F8 Muxes                   |     16 |   141 |    47 |   0.01 |   0.13 |   0.04 |
| F9 Muxes                   |      0 |     0 |     0 |   0.00 |   0.00 |   0.00 |
| Block RAM Tile             |  210.5 |  80.5 |    94 |  31.32 |  11.98 |  13.99 |
|   RAMB36/FIFO              |    206 |    80 |    92 |  30.65 |  11.90 |  13.69 |
|     RAMB36E2 only          |    206 |    80 |    92 |  30.65 |  11.90 |  13.69 |
|   RAMB18                   |      9 |     1 |     4 |   0.67 |   0.07 |   0.30 |
|     RAMB18E2 only          |      9 |     1 |     4 |   0.67 |   0.07 |   0.30 |
| URAM                       |      0 |     0 |     0 |   0.00 |   0.00 |   0.00 |
| DSPs                       |     27 |     0 |     4 |   0.94 |   0.00 |   0.13 |
| Unique Control Sets        |   4184 |  1504 |  2724 |   3.81 |   1.39 |   2.52 |
+----------------------------+--------+-------+-------+--------+--------+--------+
* Note: Available Control Sets based on CLB Registers / 8


4. SLR IO Utilization
---------------------

+-----------+-----------+---------+------------+----------+------------+----------+-----+
| SLR Index | Used IOBs | (%)IOBs | Used IPADs | (%)IPADs | Used OPADs | (%)OPADs | GTs |
+-----------+-----------+---------+------------+----------+------------+----------+-----+
| SLR2      |        18 |    8.65 |          0 |     0.00 |          0 |     0.00 |   0 |
| SLR1      |         0 |    0.00 |          0 |     0.00 |          0 |     0.00 |   0 |
| SLR0      |         1 |    0.48 |          0 |     0.00 |          0 |     0.00 |  16 |
+-----------+-----------+---------+------------+----------+------------+----------+-----+
| Total     |        19 |         |          0 |          |          0 |          |  16 |
+-----------+-----------+---------+------------+----------+------------+----------+-----+


