Copyright 1986-2021 Xilinx, Inc. All Rights Reserved.
------------------------------------------------------------------------------------------------------------------------------------------------------------------------------------
| Tool Version : Vivado v.2021.2 (lin64) Build 3367213 Tue Oct 19 02:47:39 MDT 2021
| Date         : Fri Nov 29 16:09:19 2024
| Host         : hacc-gpu0 running 64-bit Ubuntu 20.04.6 LTS
| Command      : report_accelerator_utilization -kernels { overlay:pfm_top_i/dynamic_region/overlay_1/inst:overlay_1} -file kernel_util_synthed.rpt -name kernel_util_synthed -json
| Design       : pfm_top_wrapper
| Device       : xcu280
| Design State : Synthesized
------------------------------------------------------------------------------------------------------------------------------------------------------------------------------------

Accelerator Utilization Design Information

Table of Contents
-----------------
1. System Utilization

1. System Utilization
---------------------

+---------------------+-------------------+------------------+-------------------+----------------+---------------+----------------+
| Name                | LUT               | LUTAsMem         | REG               | BRAM           | URAM          | DSP            |
+---------------------+-------------------+------------------+-------------------+----------------+---------------+----------------+
| Platform            |  191404 [ 14.69%] |  29052 [  4.84%] |  277572 [ 10.65%] |  303 [ 15.03%] |   0 [  0.00%] |    7 [  0.08%] |
| User Budget         | 1111316 [100.00%] | 571428 [100.00%] | 2329788 [100.00%] | 1713 [100.00%] | 960 [100.00%] | 9017 [100.00%] |
|    Used Resources   |  230729 [ 20.76%] |  77612 [ 13.58%] |  235240 [ 10.10%] |  513 [ 29.95%] | 512 [ 53.33%] |  392 [  4.35%] |
|    Unused Resources |  880587 [ 79.24%] | 493816 [ 86.42%] | 2094548 [ 89.90%] | 1200 [ 70.05%] | 448 [ 46.67%] | 8625 [ 95.65%] |
| overlay             |  230729 [ 20.76%] |  77612 [ 13.58%] |  235240 [ 10.10%] |  513 [ 29.95%] | 512 [ 53.33%] |  392 [  4.35%] |
|    overlay_1        |  230729 [ 20.76%] |  77612 [ 13.58%] |  235240 [ 10.10%] |  513 [ 29.95%] | 512 [ 53.33%] |  392 [  4.35%] |
+---------------------+-------------------+------------------+-------------------+----------------+---------------+----------------+


