Copyright 1986-2021 Xilinx, Inc. All Rights Reserved.
----------------------------------------------------------------------------------------------------------------------------------------------------------------------------------
| Tool Version : Vivado v.2021.2 (lin64) Build 3367213 Tue Oct 19 02:47:39 MDT 2021
| Date         : Fri Nov 29 18:06:40 2024
| Host         : hacc-gpu0 running 64-bit Ubuntu 20.04.6 LTS
| Command      : report_accelerator_utilization -kernels { overlay:pfm_top_i/dynamic_region/overlay_1/inst:overlay_1} -file kernel_util_placed.rpt -name kernel_util_placed -json
| Design       : pfm_top_wrapper
| Device       : xcu280
| Design State : Fully Placed
----------------------------------------------------------------------------------------------------------------------------------------------------------------------------------

Accelerator Utilization Design Information

Table of Contents
-----------------
1. System Utilization

1. System Utilization
---------------------

+---------------------+-------------------+------------------+-------------------+----------------+---------------+----------------+
| Name                | LUT               | LUTAsMem         | REG               | BRAM           | URAM          | DSP            |
+---------------------+-------------------+------------------+-------------------+----------------+---------------+----------------+
| Platform            |  169618 [ 13.02%] |  26366 [  4.39%] |  267612 [ 10.26%] |  303 [ 15.03%] |   0 [  0.00%] |    7 [  0.08%] |
| User Budget         | 1133102 [100.00%] | 574114 [100.00%] | 2339748 [100.00%] | 1713 [100.00%] | 960 [100.00%] | 9017 [100.00%] |
|    Used Resources   |  216817 [ 19.13%] |  65738 [ 11.45%] |  232003 [  9.92%] |  513 [ 29.95%] | 512 [ 53.33%] |  392 [  4.35%] |
|    Unused Resources |  916285 [ 80.87%] | 508376 [ 88.55%] | 2107745 [ 90.08%] | 1200 [ 70.05%] | 448 [ 46.67%] | 8625 [ 95.65%] |
| overlay             |  216817 [ 19.13%] |  65738 [ 11.45%] |  232003 [  9.92%] |  513 [ 29.95%] | 512 [ 53.33%] |  392 [  4.35%] |
|    overlay_1        |  216817 [ 19.13%] |  65738 [ 11.45%] |  232003 [  9.92%] |  513 [ 29.95%] | 512 [ 53.33%] |  392 [  4.35%] |
+---------------------+-------------------+------------------+-------------------+----------------+---------------+----------------+


