Copyright 1986-2021 Xilinx, Inc. All Rights Reserved.
------------------------------------------------------------------------------------------
| Tool Version : Vivado v.2021.2 (lin64) Build 3367213 Tue Oct 19 02:47:39 MDT 2021
| Date         : Sat Dec 21 03:57:21 2024
| Host         : hacc-gpu0 running 64-bit Ubuntu 20.04.6 LTS
| Command      : report_utilization -slr -file slr_util_placed.rpt -pb slr_util_placed.pb
| Design       : pfm_top_wrapper
| Device       : xcu280-fsvh2892-2L-e
| Speed File   : -2L
| Design State : Fully Placed
------------------------------------------------------------------------------------------

Utilization Design Information

Table of Contents
-----------------
1. SLR Connectivity
2. SLR Connectivity Matrix
3. SLR CLB Logic and Dedicated Block Utilization
4. SLR IO Utilization

1. SLR Connectivity
-------------------

+----------------------------------+-------+-------+-----------+-------+
|                                  |  Used | Fixed | Available | Util% |
+----------------------------------+-------+-------+-----------+-------+
| SLR2 <-> SLR1                    |  8412 |       |     23040 | 36.51 |
|   SLR1 -> SLR2                   |  3993 |       |           | 17.33 |
|     Using TX_REG only            |     1 |     1 |           |       |
|     Using RX_REG only            |    18 |    18 |           |       |
|     Using Both TX_REG and RX_REG |  1855 |     1 |           |       |
|   SLR2 -> SLR1                   |  4419 |       |           | 19.18 |
|     Using TX_REG only            |     0 |     0 |           |       |
|     Using RX_REG only            |     4 |     4 |           |       |
|     Using Both TX_REG and RX_REG |  2659 |     0 |           |       |
| SLR1 <-> SLR0                    | 11493 |       |     23040 | 49.88 |
|   SLR0 -> SLR1                   |  4942 |       |           | 21.45 |
|     Using TX_REG only            |    71 |    71 |           |       |
|     Using RX_REG only            |    61 |    61 |           |       |
|     Using Both TX_REG and RX_REG |  3523 |    55 |           |       |
|   SLR1 -> SLR0                   |  6551 |       |           | 28.43 |
|     Using TX_REG only            |    62 |    62 |           |       |
|     Using RX_REG only            |    73 |    71 |           |       |
|     Using Both TX_REG and RX_REG |  4935 |    60 |           |       |
+----------------------------------+-------+-------+-----------+-------+
| Total SLLs Used                  | 19905 |       |           |       |
+----------------------------------+-------+-------+-----------+-------+


2. SLR Connectivity Matrix
--------------------------

+-----------+------+------+------+
| FROM \ TO | SLR2 | SLR1 | SLR0 |
+-----------+------+------+------+
| SLR2      |    0 | 4263 |  156 |
| SLR1      | 3857 |    0 | 6395 |
| SLR0      |  136 | 4806 |    0 |
+-----------+------+------+------+


3. SLR CLB Logic and Dedicated Block Utilization
------------------------------------------------

+----------------------------+--------+--------+--------+--------+--------+--------+
|          Site Type         |  SLR0  |  SLR1  |  SLR2  | SLR0 % | SLR1 % | SLR2 % |
+----------------------------+--------+--------+--------+--------+--------+--------+
| CLB                        |  32907 |  43995 |  39926 |  59.87 |  81.47 |  73.94 |
|   CLBL                     |  16968 |  23293 |  21067 |  57.95 |  79.55 |  71.95 |
|   CLBM                     |  15939 |  20702 |  18859 |  62.07 |  83.75 |  76.29 |
| CLB LUTs                   | 148016 | 218458 | 206007 |  33.66 |  50.57 |  47.69 |
|   LUT as Logic             | 102744 | 160802 | 147730 |  23.37 |  37.22 |  34.20 |
|     using O5 output only   |   1302 |   1370 |   1996 |   0.30 |   0.32 |   0.46 |
|     using O6 output only   |  75118 | 122948 | 106326 |  17.08 |  28.46 |  24.61 |
|     using O5 and O6        |  26324 |  36484 |  39408 |   5.99 |   8.45 |   9.12 |
|   LUT as Memory            |  45272 |  57656 |  58277 |  22.04 |  29.15 |  29.47 |
|     LUT as Distributed RAM |   4440 |   8133 |   5956 |   2.16 |   4.11 |   3.01 |
|       using O5 output only |      0 |      0 |      0 |   0.00 |   0.00 |   0.00 |
|       using O6 output only |     96 |    239 |    108 |   0.05 |   0.12 |   0.05 |
|       using O5 and O6      |   4344 |   7894 |   5848 |   2.11 |   3.99 |   2.96 |
|     LUT as Shift Register  |  40832 |  49523 |  52321 |  19.88 |  25.04 |  26.46 |
|       using O5 output only |      0 |      0 |      0 |   0.00 |   0.00 |   0.00 |
|       using O6 output only |  36989 |  45299 |  47967 |  18.00 |  22.91 |  24.26 |
|       using O5 and O6      |   3843 |   4224 |   4354 |   1.87 |   2.14 |   2.20 |
| CLB Registers              | 190474 | 226841 | 223290 |  21.66 |  26.25 |  25.84 |
| CARRY8                     |   3001 |   4281 |   4121 |   5.46 |   7.93 |   7.63 |
| F7 Muxes                   |  19131 |  25238 |  27195 |   8.70 |  11.68 |  12.59 |
| F8 Muxes                   |     16 |    141 |     47 |   0.01 |   0.13 |   0.04 |
| F9 Muxes                   |      0 |      0 |      0 |   0.00 |   0.00 |   0.00 |
| Block RAM Tile             |  321.5 |  471.5 |    475 |  47.84 |  70.16 |  70.68 |
|   RAMB36/FIFO              |    318 |    468 |    470 |  47.32 |  69.64 |  69.94 |
|     RAMB36E2 only          |    318 |    468 |    470 |  47.32 |  69.64 |  69.94 |
|   RAMB18                   |      7 |      7 |     10 |   0.52 |   0.52 |   0.74 |
|     RAMB18E2 only          |      7 |      7 |     10 |   0.52 |   0.52 |   0.74 |
| URAM                       |     64 |     96 |     96 |  20.00 |  30.00 |  30.00 |
| DSPs                       |    108 |    162 |    166 |   3.75 |   5.27 |   5.40 |
| Unique Control Sets        |   4732 |   5913 |   6634 |   4.30 |   5.48 |   6.14 |
+----------------------------+--------+--------+--------+--------+--------+--------+
* Note: Available Control Sets based on CLB Registers / 8


4. SLR IO Utilization
---------------------

+-----------+-----------+---------+------------+----------+------------+----------+-----+
| SLR Index | Used IOBs | (%)IOBs | Used IPADs | (%)IPADs | Used OPADs | (%)OPADs | GTs |
+-----------+-----------+---------+------------+----------+------------+----------+-----+
| SLR2      |        18 |    8.65 |          0 |     0.00 |          0 |     0.00 |   0 |
| SLR1      |         0 |    0.00 |          0 |     0.00 |          0 |     0.00 |   0 |
| SLR0      |         1 |    0.48 |          0 |     0.00 |          0 |     0.00 |  16 |
+-----------+-----------+---------+------------+----------+------------+----------+-----+
| Total     |        19 |         |          0 |          |          0 |          |  16 |
+-----------+-----------+---------+------------+----------+------------+----------+-----+


