INFO: [v++ 60-1306] Additional information associated with this v++ link can be found at:
	Reports: /home/ziyuanwang/hbm/Vitis_Accel_Examples/performance/hbm_bandwidth/_x_8core_minusmod_64.hw.xilinx_u280_xdma_201920_3/reports/link
	Log files: /home/ziyuanwang/hbm/Vitis_Accel_Examples/performance/hbm_bandwidth/_x_8core_minusmod_64.hw.xilinx_u280_xdma_201920_3/logs/link
INFO: [v++ 60-1548] Creating build summary session with primary output /home/ziyuanwang/hbm/Vitis_Accel_Examples/performance/hbm_bandwidth/build_dir_8core_minusmod_64.hw.xilinx_u280_xdma_201920_3/krnl_vaddmul.link.xclbin.link_summary, at Wed Oct 30 19:58:26 2024
INFO: [v++ 60-1316] Initiating connection to rulecheck server, at Wed Oct 30 19:58:27 2024
INFO: [v++ 60-1315] Creating rulecheck session with output '/home/ziyuanwang/hbm/Vitis_Accel_Examples/performance/hbm_bandwidth/_x_8core_minusmod_64.hw.xilinx_u280_xdma_201920_3/reports/link/v++_link_krnl_vaddmul.link_guidance.html', at Wed Oct 30 19:58:29 2024
INFO: [v++ 60-895]   Target platform: /opt/xilinx/platforms/xilinx_u280_xdma_201920_3/xilinx_u280_xdma_201920_3.xpfm
INFO: [v++ 60-1578]   This platform contains Xilinx Shell Archive '/opt/xilinx/platforms/xilinx_u280_xdma_201920_3/hw/xilinx_u280_xdma_201920_3.xsa'
INFO: [v++ 74-78] Compiler Version string: 2021.2
INFO: [v++ 60-1302] Platform 'xilinx_u280_xdma_201920_3.xpfm' has been explicitly enabled for this release.
INFO: [v++ 60-629] Linking for hardware target
INFO: [v++ 60-423]   Target device: xilinx_u280_xdma_201920_3
INFO: [v++ 60-1332] Run 'run_link' status: Not started
INFO: [v++ 60-1443] [19:59:00] Run run_link: Step system_link: Started
INFO: [v++ 60-1453] Command Line: system_link --xo /home/ziyuanwang/hbm/Vitis_Accel_Examples/performance/hbm_bandwidth/_x_8core_minusmod_64.hw.xilinx_u280_xdma_201920_3/krnl_vaddmul.xo -keep --config /home/ziyuanwang/hbm/Vitis_Accel_Examples/performance/hbm_bandwidth/_x_8core_minusmod_64.hw.xilinx_u280_xdma_201920_3/link/int/syslinkConfig.ini --xpfm /opt/xilinx/platforms/xilinx_u280_xdma_201920_3/xilinx_u280_xdma_201920_3.xpfm --target hw --output_dir /home/ziyuanwang/hbm/Vitis_Accel_Examples/performance/hbm_bandwidth/_x_8core_minusmod_64.hw.xilinx_u280_xdma_201920_3/link/int --temp_dir /home/ziyuanwang/hbm/Vitis_Accel_Examples/performance/hbm_bandwidth/_x_8core_minusmod_64.hw.xilinx_u280_xdma_201920_3/link/sys_link
INFO: [v++ 60-1454] Run Directory: /home/ziyuanwang/hbm/Vitis_Accel_Examples/performance/hbm_bandwidth/_x_8core_minusmod_64.hw.xilinx_u280_xdma_201920_3/link/run_link
INFO: [SYSTEM_LINK 60-1316] Initiating connection to rulecheck server, at Wed Oct 30 19:59:06 2024
INFO: [SYSTEM_LINK 82-70] Extracting xo v3 file /home/ziyuanwang/hbm/Vitis_Accel_Examples/performance/hbm_bandwidth/_x_8core_minusmod_64.hw.xilinx_u280_xdma_201920_3/krnl_vaddmul.xo
INFO: [SYSTEM_LINK 82-53] Creating IP database /home/ziyuanwang/hbm/Vitis_Accel_Examples/performance/hbm_bandwidth/_x_8core_minusmod_64.hw.xilinx_u280_xdma_201920_3/link/sys_link/_sysl/.cdb/xd_ip_db.xml
INFO: [SYSTEM_LINK 82-38] [19:59:52] build_xd_ip_db started: /tools/Xilinx/Vitis/2021.2/bin/build_xd_ip_db -ip_search 0  -sds-pf /home/ziyuanwang/hbm/Vitis_Accel_Examples/performance/hbm_bandwidth/_x_8core_minusmod_64.hw.xilinx_u280_xdma_201920_3/link/sys_link/xilinx_u280_xdma_201920_3.hpfm -clkid 0 -ip /home/ziyuanwang/hbm/Vitis_Accel_Examples/performance/hbm_bandwidth/_x_8core_minusmod_64.hw.xilinx_u280_xdma_201920_3/link/sys_link/iprepo/xilinx_com_hls_krnl_vaddmul_1_0,krnl_vaddmul -o /home/ziyuanwang/hbm/Vitis_Accel_Examples/performance/hbm_bandwidth/_x_8core_minusmod_64.hw.xilinx_u280_xdma_201920_3/link/sys_link/_sysl/.cdb/xd_ip_db.xml
INFO: [SYSTEM_LINK 82-37] [20:00:08] build_xd_ip_db finished successfully
Time (s): cpu = 00:00:05 ; elapsed = 00:00:16 . Memory (MB): peak = 2009.449 ; gain = 0.000 ; free physical = 50596 ; free virtual = 482250
INFO: [SYSTEM_LINK 82-51] Create system connectivity graph
INFO: [SYSTEM_LINK 82-102] Applying explicit connections to the system connectivity graph: /home/ziyuanwang/hbm/Vitis_Accel_Examples/performance/hbm_bandwidth/_x_8core_minusmod_64.hw.xilinx_u280_xdma_201920_3/link/sys_link/cfgraph/cfgen_cfgraph.xml
INFO: [SYSTEM_LINK 82-38] [20:00:09] cfgen started: /tools/Xilinx/Vitis/2021.2/bin/cfgen  -nk krnl_vaddmul:8 -sp krnl_vaddmul_1.in1:HBM[0] -sp krnl_vaddmul_1.in2:HBM[1] -sp krnl_vaddmul_1.out_add:HBM[2] -sp krnl_vaddmul_1.out_mul:HBM[3] -sp krnl_vaddmul_2.in1:HBM[8] -sp krnl_vaddmul_2.in2:HBM[9] -sp krnl_vaddmul_2.out_add:HBM[10] -sp krnl_vaddmul_2.out_mul:HBM[11] -sp krnl_vaddmul_3.in1:HBM[28:31] -sp krnl_vaddmul_3.in2:HBM[28:31] -sp krnl_vaddmul_3.out_add:HBM[28:31] -sp krnl_vaddmul_3.out_mul:HBM[28:31] -sp krnl_vaddmul_4.in1:HBM[19] -sp krnl_vaddmul_4.in2:HBM[18] -sp krnl_vaddmul_4.out_add:HBM[17] -sp krnl_vaddmul_4.out_mul:HBM[16] -sp krnl_vaddmul_5.in1:HBM[20] -sp krnl_vaddmul_5.in2:HBM[21] -sp krnl_vaddmul_5.out_add:HBM[22] -sp krnl_vaddmul_5.out_mul:HBM[23] -sp krnl_vaddmul_6.in1:HBM[12:15] -sp krnl_vaddmul_6.in2:HBM[12:15] -sp krnl_vaddmul_6.out_add:HBM[12:15] -sp krnl_vaddmul_6.out_mul:HBM[12:15] -sp krnl_vaddmul_7.in1:HBM[7] -sp krnl_vaddmul_7.in2:HBM[6] -sp krnl_vaddmul_7.out_add:HBM[5] -sp krnl_vaddmul_7.out_mul:HBM[4] -sp krnl_vaddmul_8.in1:HBM[24:27] -sp krnl_vaddmul_8.in2:HBM[24:27] -sp krnl_vaddmul_8.out_add:HBM[24:27] -sp krnl_vaddmul_8.out_mul:HBM[24:27] -dmclkid 0 -r /home/ziyuanwang/hbm/Vitis_Accel_Examples/performance/hbm_bandwidth/_x_8core_minusmod_64.hw.xilinx_u280_xdma_201920_3/link/sys_link/_sysl/.cdb/xd_ip_db.xml -o /home/ziyuanwang/hbm/Vitis_Accel_Examples/performance/hbm_bandwidth/_x_8core_minusmod_64.hw.xilinx_u280_xdma_201920_3/link/sys_link/cfgraph/cfgen_cfgraph.xml
INFO: [CFGEN 83-0] Kernel Specs: 
INFO: [CFGEN 83-0]   kernel: krnl_vaddmul, num: 8  {krnl_vaddmul_1 krnl_vaddmul_2 krnl_vaddmul_3 krnl_vaddmul_4 krnl_vaddmul_5 krnl_vaddmul_6 krnl_vaddmul_7 krnl_vaddmul_8}
INFO: [CFGEN 83-0] Port Specs: 
INFO: [CFGEN 83-0]   kernel: krnl_vaddmul_1, k_port: in1, sptag: HBM[0]
INFO: [CFGEN 83-0]   kernel: krnl_vaddmul_1, k_port: in2, sptag: HBM[1]
INFO: [CFGEN 83-0]   kernel: krnl_vaddmul_1, k_port: out_add, sptag: HBM[2]
INFO: [CFGEN 83-0]   kernel: krnl_vaddmul_1, k_port: out_mul, sptag: HBM[3]
INFO: [CFGEN 83-0]   kernel: krnl_vaddmul_2, k_port: in1, sptag: HBM[8]
INFO: [CFGEN 83-0]   kernel: krnl_vaddmul_2, k_port: in2, sptag: HBM[9]
INFO: [CFGEN 83-0]   kernel: krnl_vaddmul_2, k_port: out_add, sptag: HBM[10]
INFO: [CFGEN 83-0]   kernel: krnl_vaddmul_2, k_port: out_mul, sptag: HBM[11]
INFO: [CFGEN 83-0]   kernel: krnl_vaddmul_3, k_port: in1, sptag: HBM[28:31]
INFO: [CFGEN 83-0]   kernel: krnl_vaddmul_3, k_port: in2, sptag: HBM[28:31]
INFO: [CFGEN 83-0]   kernel: krnl_vaddmul_3, k_port: out_add, sptag: HBM[28:31]
INFO: [CFGEN 83-0]   kernel: krnl_vaddmul_3, k_port: out_mul, sptag: HBM[28:31]
INFO: [CFGEN 83-0]   kernel: krnl_vaddmul_4, k_port: in1, sptag: HBM[19]
INFO: [CFGEN 83-0]   kernel: krnl_vaddmul_4, k_port: in2, sptag: HBM[18]
INFO: [CFGEN 83-0]   kernel: krnl_vaddmul_4, k_port: out_add, sptag: HBM[17]
INFO: [CFGEN 83-0]   kernel: krnl_vaddmul_4, k_port: out_mul, sptag: HBM[16]
INFO: [CFGEN 83-0]   kernel: krnl_vaddmul_5, k_port: in1, sptag: HBM[20]
INFO: [CFGEN 83-0]   kernel: krnl_vaddmul_5, k_port: in2, sptag: HBM[21]
INFO: [CFGEN 83-0]   kernel: krnl_vaddmul_5, k_port: out_add, sptag: HBM[22]
INFO: [CFGEN 83-0]   kernel: krnl_vaddmul_5, k_port: out_mul, sptag: HBM[23]
INFO: [CFGEN 83-0]   kernel: krnl_vaddmul_6, k_port: in1, sptag: HBM[12:15]
INFO: [CFGEN 83-0]   kernel: krnl_vaddmul_6, k_port: in2, sptag: HBM[12:15]
INFO: [CFGEN 83-0]   kernel: krnl_vaddmul_6, k_port: out_add, sptag: HBM[12:15]
INFO: [CFGEN 83-0]   kernel: krnl_vaddmul_6, k_port: out_mul, sptag: HBM[12:15]
INFO: [CFGEN 83-0]   kernel: krnl_vaddmul_7, k_port: in1, sptag: HBM[7]
INFO: [CFGEN 83-0]   kernel: krnl_vaddmul_7, k_port: in2, sptag: HBM[6]
INFO: [CFGEN 83-0]   kernel: krnl_vaddmul_7, k_port: out_add, sptag: HBM[5]
INFO: [CFGEN 83-0]   kernel: krnl_vaddmul_7, k_port: out_mul, sptag: HBM[4]
INFO: [CFGEN 83-0]   kernel: krnl_vaddmul_8, k_port: in1, sptag: HBM[24:27]
INFO: [CFGEN 83-0]   kernel: krnl_vaddmul_8, k_port: in2, sptag: HBM[24:27]
INFO: [CFGEN 83-0]   kernel: krnl_vaddmul_8, k_port: out_add, sptag: HBM[24:27]
INFO: [CFGEN 83-0]   kernel: krnl_vaddmul_8, k_port: out_mul, sptag: HBM[24:27]
INFO: [CFGEN 83-2228] Creating mapping for argument krnl_vaddmul_1.in1 to HBM[0] for directive krnl_vaddmul_1.in1:HBM[0]
INFO: [CFGEN 83-2228] Creating mapping for argument krnl_vaddmul_1.in2 to HBM[1] for directive krnl_vaddmul_1.in2:HBM[1]
INFO: [CFGEN 83-2228] Creating mapping for argument krnl_vaddmul_1.out_add to HBM[2] for directive krnl_vaddmul_1.out_add:HBM[2]
INFO: [CFGEN 83-2228] Creating mapping for argument krnl_vaddmul_1.out_mul to HBM[3] for directive krnl_vaddmul_1.out_mul:HBM[3]
INFO: [CFGEN 83-2228] Creating mapping for argument krnl_vaddmul_2.in1 to HBM[8] for directive krnl_vaddmul_2.in1:HBM[8]
INFO: [CFGEN 83-2228] Creating mapping for argument krnl_vaddmul_2.in2 to HBM[9] for directive krnl_vaddmul_2.in2:HBM[9]
INFO: [CFGEN 83-2228] Creating mapping for argument krnl_vaddmul_2.out_add to HBM[10] for directive krnl_vaddmul_2.out_add:HBM[10]
INFO: [CFGEN 83-2228] Creating mapping for argument krnl_vaddmul_2.out_mul to HBM[11] for directive krnl_vaddmul_2.out_mul:HBM[11]
INFO: [CFGEN 83-2228] Creating mapping for argument krnl_vaddmul_3.in1 to HBM[28:31] for directive krnl_vaddmul_3.in1:HBM[28:31]
INFO: [CFGEN 83-2228] Creating mapping for argument krnl_vaddmul_3.in2 to HBM[28:31] for directive krnl_vaddmul_3.in2:HBM[28:31]
INFO: [CFGEN 83-2228] Creating mapping for argument krnl_vaddmul_3.out_add to HBM[28:31] for directive krnl_vaddmul_3.out_add:HBM[28:31]
INFO: [CFGEN 83-2228] Creating mapping for argument krnl_vaddmul_3.out_mul to HBM[28:31] for directive krnl_vaddmul_3.out_mul:HBM[28:31]
INFO: [CFGEN 83-2228] Creating mapping for argument krnl_vaddmul_4.in1 to HBM[19] for directive krnl_vaddmul_4.in1:HBM[19]
INFO: [CFGEN 83-2228] Creating mapping for argument krnl_vaddmul_4.in2 to HBM[18] for directive krnl_vaddmul_4.in2:HBM[18]
INFO: [CFGEN 83-2228] Creating mapping for argument krnl_vaddmul_4.out_add to HBM[17] for directive krnl_vaddmul_4.out_add:HBM[17]
INFO: [CFGEN 83-2228] Creating mapping for argument krnl_vaddmul_4.out_mul to HBM[16] for directive krnl_vaddmul_4.out_mul:HBM[16]
INFO: [CFGEN 83-2228] Creating mapping for argument krnl_vaddmul_5.in1 to HBM[20] for directive krnl_vaddmul_5.in1:HBM[20]
INFO: [CFGEN 83-2228] Creating mapping for argument krnl_vaddmul_5.in2 to HBM[21] for directive krnl_vaddmul_5.in2:HBM[21]
INFO: [CFGEN 83-2228] Creating mapping for argument krnl_vaddmul_5.out_add to HBM[22] for directive krnl_vaddmul_5.out_add:HBM[22]
INFO: [CFGEN 83-2228] Creating mapping for argument krnl_vaddmul_5.out_mul to HBM[23] for directive krnl_vaddmul_5.out_mul:HBM[23]
INFO: [CFGEN 83-2228] Creating mapping for argument krnl_vaddmul_6.in1 to HBM[12:15] for directive krnl_vaddmul_6.in1:HBM[12:15]
INFO: [CFGEN 83-2228] Creating mapping for argument krnl_vaddmul_6.in2 to HBM[12:15] for directive krnl_vaddmul_6.in2:HBM[12:15]
INFO: [CFGEN 83-2228] Creating mapping for argument krnl_vaddmul_6.out_add to HBM[12:15] for directive krnl_vaddmul_6.out_add:HBM[12:15]
INFO: [CFGEN 83-2228] Creating mapping for argument krnl_vaddmul_6.out_mul to HBM[12:15] for directive krnl_vaddmul_6.out_mul:HBM[12:15]
INFO: [CFGEN 83-2228] Creating mapping for argument krnl_vaddmul_7.in1 to HBM[7] for directive krnl_vaddmul_7.in1:HBM[7]
INFO: [CFGEN 83-2228] Creating mapping for argument krnl_vaddmul_7.in2 to HBM[6] for directive krnl_vaddmul_7.in2:HBM[6]
INFO: [CFGEN 83-2228] Creating mapping for argument krnl_vaddmul_7.out_add to HBM[5] for directive krnl_vaddmul_7.out_add:HBM[5]
INFO: [CFGEN 83-2228] Creating mapping for argument krnl_vaddmul_7.out_mul to HBM[4] for directive krnl_vaddmul_7.out_mul:HBM[4]
INFO: [CFGEN 83-2228] Creating mapping for argument krnl_vaddmul_8.in1 to HBM[24:27] for directive krnl_vaddmul_8.in1:HBM[24:27]
INFO: [CFGEN 83-2228] Creating mapping for argument krnl_vaddmul_8.in2 to HBM[24:27] for directive krnl_vaddmul_8.in2:HBM[24:27]
INFO: [CFGEN 83-2228] Creating mapping for argument krnl_vaddmul_8.out_add to HBM[24:27] for directive krnl_vaddmul_8.out_add:HBM[24:27]
INFO: [CFGEN 83-2228] Creating mapping for argument krnl_vaddmul_8.out_mul to HBM[24:27] for directive krnl_vaddmul_8.out_mul:HBM[24:27]
INFO: [SYSTEM_LINK 82-37] [20:00:19] cfgen finished successfully
Time (s): cpu = 00:00:09 ; elapsed = 00:00:10 . Memory (MB): peak = 2009.449 ; gain = 0.000 ; free physical = 50596 ; free virtual = 482249
INFO: [SYSTEM_LINK 82-52] Create top-level block diagram
INFO: [SYSTEM_LINK 82-38] [20:00:19] cf2bd started: /tools/Xilinx/Vitis/2021.2/bin/cf2bd  --linux --trace_buffer 1024 --input_file /home/ziyuanwang/hbm/Vitis_Accel_Examples/performance/hbm_bandwidth/_x_8core_minusmod_64.hw.xilinx_u280_xdma_201920_3/link/sys_link/cfgraph/cfgen_cfgraph.xml --ip_db /home/ziyuanwang/hbm/Vitis_Accel_Examples/performance/hbm_bandwidth/_x_8core_minusmod_64.hw.xilinx_u280_xdma_201920_3/link/sys_link/_sysl/.cdb/xd_ip_db.xml --cf_name dr --working_dir /home/ziyuanwang/hbm/Vitis_Accel_Examples/performance/hbm_bandwidth/_x_8core_minusmod_64.hw.xilinx_u280_xdma_201920_3/link/sys_link/_sysl/.xsd --temp_dir /home/ziyuanwang/hbm/Vitis_Accel_Examples/performance/hbm_bandwidth/_x_8core_minusmod_64.hw.xilinx_u280_xdma_201920_3/link/sys_link --output_dir /home/ziyuanwang/hbm/Vitis_Accel_Examples/performance/hbm_bandwidth/_x_8core_minusmod_64.hw.xilinx_u280_xdma_201920_3/link/int --target_bd pfm_dynamic.bd
INFO: [CF2BD 82-31] Launching cf2xd: cf2xd -linux -trace-buffer 1024 -i /home/ziyuanwang/hbm/Vitis_Accel_Examples/performance/hbm_bandwidth/_x_8core_minusmod_64.hw.xilinx_u280_xdma_201920_3/link/sys_link/cfgraph/cfgen_cfgraph.xml -r /home/ziyuanwang/hbm/Vitis_Accel_Examples/performance/hbm_bandwidth/_x_8core_minusmod_64.hw.xilinx_u280_xdma_201920_3/link/sys_link/_sysl/.cdb/xd_ip_db.xml -o dr.xml
INFO: [CF2BD 82-28] cf2xd finished successfully
INFO: [CF2BD 82-31] Launching cf_xsd: cf_xsd -disable-address-gen -bd pfm_dynamic.bd -dn dr -dp /home/ziyuanwang/hbm/Vitis_Accel_Examples/performance/hbm_bandwidth/_x_8core_minusmod_64.hw.xilinx_u280_xdma_201920_3/link/sys_link/_sysl/.xsd
INFO: [CF2BD 82-28] cf_xsd finished successfully
INFO: [SYSTEM_LINK 82-37] [20:00:28] cf2bd finished successfully
Time (s): cpu = 00:00:08 ; elapsed = 00:00:10 . Memory (MB): peak = 2009.449 ; gain = 0.000 ; free physical = 50590 ; free virtual = 482249
INFO: [v++ 60-1441] [20:00:29] Run run_link: Step system_link: Completed
Time (s): cpu = 00:00:27 ; elapsed = 00:01:29 . Memory (MB): peak = 2062.199 ; gain = 0.000 ; free physical = 50634 ; free virtual = 482293
INFO: [v++ 60-1443] [20:00:29] Run run_link: Step cf2sw: Started
INFO: [v++ 60-1453] Command Line: cf2sw -sdsl /home/ziyuanwang/hbm/Vitis_Accel_Examples/performance/hbm_bandwidth/_x_8core_minusmod_64.hw.xilinx_u280_xdma_201920_3/link/int/sdsl.dat -rtd /home/ziyuanwang/hbm/Vitis_Accel_Examples/performance/hbm_bandwidth/_x_8core_minusmod_64.hw.xilinx_u280_xdma_201920_3/link/int/cf2sw.rtd -nofilter /home/ziyuanwang/hbm/Vitis_Accel_Examples/performance/hbm_bandwidth/_x_8core_minusmod_64.hw.xilinx_u280_xdma_201920_3/link/int/cf2sw_full.rtd -xclbin /home/ziyuanwang/hbm/Vitis_Accel_Examples/performance/hbm_bandwidth/_x_8core_minusmod_64.hw.xilinx_u280_xdma_201920_3/link/int/xclbin_orig.xml -o /home/ziyuanwang/hbm/Vitis_Accel_Examples/performance/hbm_bandwidth/_x_8core_minusmod_64.hw.xilinx_u280_xdma_201920_3/link/int/xclbin_orig.1.xml
INFO: [v++ 60-1454] Run Directory: /home/ziyuanwang/hbm/Vitis_Accel_Examples/performance/hbm_bandwidth/_x_8core_minusmod_64.hw.xilinx_u280_xdma_201920_3/link/run_link
INFO: [v++ 60-1441] [20:00:42] Run run_link: Step cf2sw: Completed
Time (s): cpu = 00:00:11 ; elapsed = 00:00:13 . Memory (MB): peak = 2062.199 ; gain = 0.000 ; free physical = 50625 ; free virtual = 482284
INFO: [v++ 60-1443] [20:00:42] Run run_link: Step rtd2_system_diagram: Started
INFO: [v++ 60-1453] Command Line: rtd2SystemDiagram
INFO: [v++ 60-1454] Run Directory: /home/ziyuanwang/hbm/Vitis_Accel_Examples/performance/hbm_bandwidth/_x_8core_minusmod_64.hw.xilinx_u280_xdma_201920_3/link/run_link
INFO: [v++ 60-1441] [20:00:43] Run run_link: Step rtd2_system_diagram: Completed
Time (s): cpu = 00:00:00 ; elapsed = 00:00:01 . Memory (MB): peak = 2062.199 ; gain = 0.000 ; free physical = 50616 ; free virtual = 482275
INFO: [v++ 60-1443] [20:00:43] Run run_link: Step vpl: Started
INFO: [v++ 60-1453] Command Line: vpl -t hw -f xilinx_u280_xdma_201920_3 --remote_ip_cache /home/ziyuanwang/hbm/Vitis_Accel_Examples/performance/hbm_bandwidth/.ipcache -s --output_dir /home/ziyuanwang/hbm/Vitis_Accel_Examples/performance/hbm_bandwidth/_x_8core_minusmod_64.hw.xilinx_u280_xdma_201920_3/link/int --log_dir /home/ziyuanwang/hbm/Vitis_Accel_Examples/performance/hbm_bandwidth/_x_8core_minusmod_64.hw.xilinx_u280_xdma_201920_3/logs/link --report_dir /home/ziyuanwang/hbm/Vitis_Accel_Examples/performance/hbm_bandwidth/_x_8core_minusmod_64.hw.xilinx_u280_xdma_201920_3/reports/link --config /home/ziyuanwang/hbm/Vitis_Accel_Examples/performance/hbm_bandwidth/_x_8core_minusmod_64.hw.xilinx_u280_xdma_201920_3/link/int/vplConfig.ini -k /home/ziyuanwang/hbm/Vitis_Accel_Examples/performance/hbm_bandwidth/_x_8core_minusmod_64.hw.xilinx_u280_xdma_201920_3/link/int/kernel_info.dat --webtalk_flag Vitis --temp_dir /home/ziyuanwang/hbm/Vitis_Accel_Examples/performance/hbm_bandwidth/_x_8core_minusmod_64.hw.xilinx_u280_xdma_201920_3/link --no-info --iprepo /home/ziyuanwang/hbm/Vitis_Accel_Examples/performance/hbm_bandwidth/_x_8core_minusmod_64.hw.xilinx_u280_xdma_201920_3/link/int/xo/ip_repo/xilinx_com_hls_krnl_vaddmul_1_0 --messageDb /home/ziyuanwang/hbm/Vitis_Accel_Examples/performance/hbm_bandwidth/_x_8core_minusmod_64.hw.xilinx_u280_xdma_201920_3/link/run_link/vpl.pb /home/ziyuanwang/hbm/Vitis_Accel_Examples/performance/hbm_bandwidth/_x_8core_minusmod_64.hw.xilinx_u280_xdma_201920_3/link/int/dr.bd.tcl
INFO: [v++ 60-1454] Run Directory: /home/ziyuanwang/hbm/Vitis_Accel_Examples/performance/hbm_bandwidth/_x_8core_minusmod_64.hw.xilinx_u280_xdma_201920_3/link/run_link

****** vpl v2021.2 (64-bit)
  **** SW Build 3363252 on 2021-10-14-04:41:01
    ** Copyright 1986-2020 Xilinx, Inc. All Rights Reserved.

INFO: [VPL 60-839] Read in kernel information from file '/home/ziyuanwang/hbm/Vitis_Accel_Examples/performance/hbm_bandwidth/_x_8core_minusmod_64.hw.xilinx_u280_xdma_201920_3/link/int/kernel_info.dat'.
INFO: [VPL 74-78] Compiler Version string: 2021.2
INFO: [VPL 60-423]   Target device: xilinx_u280_xdma_201920_3
INFO: [VPL 60-1032] Extracting hardware platform to /home/ziyuanwang/hbm/Vitis_Accel_Examples/performance/hbm_bandwidth/_x_8core_minusmod_64.hw.xilinx_u280_xdma_201920_3/link/vivado/vpl/.local/hw_platform
[20:30:38] Run vpl: Step create_project: Started
Creating Vivado project.
[20:31:16] Run vpl: Step create_project: Completed
[20:31:16] Run vpl: Step create_bd: Started
[20:32:36] Run vpl: Step create_bd: RUNNING...
[20:33:54] Run vpl: Step create_bd: RUNNING...
[20:35:12] Run vpl: Step create_bd: RUNNING...
[20:36:30] Run vpl: Step create_bd: RUNNING...
[20:37:47] Run vpl: Step create_bd: RUNNING...
[20:39:05] Run vpl: Step create_bd: RUNNING...
[20:40:22] Run vpl: Step create_bd: RUNNING...
[20:41:40] Run vpl: Step create_bd: RUNNING...
[20:42:58] Run vpl: Step create_bd: RUNNING...
[20:44:16] Run vpl: Step create_bd: RUNNING...
[20:45:33] Run vpl: Step create_bd: RUNNING...
[20:46:52] Run vpl: Step create_bd: RUNNING...
[20:48:09] Run vpl: Step create_bd: RUNNING...
[20:49:25] Run vpl: Step create_bd: RUNNING...
[20:50:40] Run vpl: Step create_bd: RUNNING...
[20:51:59] Run vpl: Step create_bd: RUNNING...
[20:52:35] Run vpl: Step create_bd: Completed
[20:52:35] Run vpl: Step update_bd: Started
[20:52:44] Run vpl: Step update_bd: Completed
[20:52:45] Run vpl: Step generate_target: Started
[20:54:02] Run vpl: Step generate_target: RUNNING...
[20:55:22] Run vpl: Step generate_target: RUNNING...
[20:56:39] Run vpl: Step generate_target: RUNNING...
[20:57:56] Run vpl: Step generate_target: RUNNING...
[20:59:14] Run vpl: Step generate_target: RUNNING...
[21:00:34] Run vpl: Step generate_target: RUNNING...
[21:01:52] Run vpl: Step generate_target: RUNNING...
[21:03:11] Run vpl: Step generate_target: RUNNING...
[21:04:29] Run vpl: Step generate_target: RUNNING...
[21:05:49] Run vpl: Step generate_target: RUNNING...
[21:07:08] Run vpl: Step generate_target: RUNNING...
[21:08:28] Run vpl: Step generate_target: RUNNING...
[21:09:48] Run vpl: Step generate_target: RUNNING...
[21:11:10] Run vpl: Step generate_target: RUNNING...
[21:12:28] Run vpl: Step generate_target: RUNNING...
[21:13:04] Run vpl: Step generate_target: Completed
[21:13:04] Run vpl: Step config_hw_runs: Started
[21:13:30] Run vpl: Step config_hw_runs: Completed
[21:13:30] Run vpl: Step synth: Started
[21:14:36] Block-level synthesis in progress, 0 of 8 jobs complete, 1 job running.
[21:15:08] Block-level synthesis in progress, 0 of 8 jobs complete, 1 job running.
[21:15:40] Block-level synthesis in progress, 0 of 8 jobs complete, 1 job running.
[21:16:11] Block-level synthesis in progress, 0 of 8 jobs complete, 1 job running.
[21:16:44] Block-level synthesis in progress, 0 of 8 jobs complete, 1 job running.
[21:17:15] Block-level synthesis in progress, 0 of 8 jobs complete, 1 job running.
[21:17:47] Block-level synthesis in progress, 0 of 8 jobs complete, 1 job running.
[21:18:19] Block-level synthesis in progress, 0 of 8 jobs complete, 1 job running.
[21:18:51] Block-level synthesis in progress, 0 of 8 jobs complete, 1 job running.
[21:19:22] Block-level synthesis in progress, 0 of 8 jobs complete, 1 job running.
[21:19:54] Block-level synthesis in progress, 0 of 8 jobs complete, 1 job running.
[21:20:26] Block-level synthesis in progress, 0 of 8 jobs complete, 1 job running.
[21:20:58] Block-level synthesis in progress, 0 of 8 jobs complete, 1 job running.
[21:21:29] Block-level synthesis in progress, 0 of 8 jobs complete, 1 job running.
[21:22:02] Block-level synthesis in progress, 0 of 8 jobs complete, 1 job running.
[21:22:33] Block-level synthesis in progress, 0 of 8 jobs complete, 1 job running.
[21:23:05] Block-level synthesis in progress, 0 of 8 jobs complete, 1 job running.
[21:23:36] Block-level synthesis in progress, 0 of 8 jobs complete, 1 job running.
[21:24:09] Block-level synthesis in progress, 0 of 8 jobs complete, 1 job running.
[21:24:40] Block-level synthesis in progress, 0 of 8 jobs complete, 1 job running.
[21:25:12] Block-level synthesis in progress, 0 of 8 jobs complete, 1 job running.
[21:25:44] Block-level synthesis in progress, 0 of 8 jobs complete, 1 job running.
[21:26:16] Block-level synthesis in progress, 0 of 8 jobs complete, 1 job running.
[21:26:48] Block-level synthesis in progress, 0 of 8 jobs complete, 1 job running.
[21:27:20] Block-level synthesis in progress, 0 of 8 jobs complete, 1 job running.
[21:27:51] Block-level synthesis in progress, 0 of 8 jobs complete, 1 job running.
[21:28:24] Block-level synthesis in progress, 0 of 8 jobs complete, 1 job running.
[21:28:55] Block-level synthesis in progress, 0 of 8 jobs complete, 1 job running.
[21:29:28] Block-level synthesis in progress, 0 of 8 jobs complete, 1 job running.
[21:29:59] Block-level synthesis in progress, 0 of 8 jobs complete, 1 job running.
[21:30:31] Block-level synthesis in progress, 0 of 8 jobs complete, 1 job running.
[21:31:03] Block-level synthesis in progress, 0 of 8 jobs complete, 1 job running.
[21:31:35] Block-level synthesis in progress, 0 of 8 jobs complete, 1 job running.
[21:32:06] Block-level synthesis in progress, 0 of 8 jobs complete, 1 job running.
[21:32:38] Block-level synthesis in progress, 0 of 8 jobs complete, 1 job running.
[21:33:10] Block-level synthesis in progress, 0 of 8 jobs complete, 1 job running.
[21:33:42] Block-level synthesis in progress, 0 of 8 jobs complete, 1 job running.
[21:34:14] Block-level synthesis in progress, 0 of 8 jobs complete, 1 job running.
[21:34:46] Block-level synthesis in progress, 0 of 8 jobs complete, 1 job running.
[21:35:18] Block-level synthesis in progress, 0 of 8 jobs complete, 1 job running.
[21:35:53] Block-level synthesis in progress, 0 of 8 jobs complete, 1 job running.
[21:36:25] Block-level synthesis in progress, 0 of 8 jobs complete, 1 job running.
[21:36:59] Block-level synthesis in progress, 0 of 8 jobs complete, 1 job running.
[21:37:31] Block-level synthesis in progress, 0 of 8 jobs complete, 1 job running.
[21:38:03] Block-level synthesis in progress, 1 of 8 jobs complete, 0 jobs running.
[21:38:35] Block-level synthesis in progress, 1 of 8 jobs complete, 7 jobs running.
[21:39:18] Block-level synthesis in progress, 1 of 8 jobs complete, 7 jobs running.
[21:39:50] Block-level synthesis in progress, 8 of 8 jobs complete, 0 jobs running.
[21:40:22] Top-level synthesis in progress.
[21:40:54] Top-level synthesis in progress.
[21:41:29] Top-level synthesis in progress.
[21:42:01] Top-level synthesis in progress.
[21:42:33] Top-level synthesis in progress.
[21:43:05] Top-level synthesis in progress.
[21:43:39] Run vpl: Step synth: Completed
[21:43:39] Run vpl: Step impl: Started
[22:34:48] Finished 2nd of 6 tasks (FPGA linking synthesized kernels to platform). Elapsed time: 02h 34m 02s 

[22:34:48] Starting logic optimization..
[22:43:53] Phase 1 Retarget
[22:45:29] Phase 2 Constant propagation
[22:47:05] Phase 3 Sweep
[22:53:27] Phase 4 BUFG optimization
[22:55:35] Phase 5 Shift Register Optimization
[22:55:35] Phase 6 Post Processing Netlist
[23:08:58] Finished 3rd of 6 tasks (FPGA logic optimization). Elapsed time: 00h 34m 09s 

[23:08:58] Starting logic placement..
[23:15:23] Run vpl: Step impl: Failed
[23:15:25] Run vpl: FINISHED. Run Status: impl ERROR

===>The following messages were generated while processing /home/ziyuanwang/hbm/Vitis_Accel_Examples/performance/hbm_bandwidth/_x_8core_minusmod_64.hw.xilinx_u280_xdma_201920_3/link/vivado/vpl/prj/prj.runs/impl_1 :
ERROR: [VPL UTLZ-1] Resource utilization: Slice LUTs over-utilized in Top Level Design (This design requires more Slice LUTs cells than are available in the target device. This design requires 1370578 of such cell types but only 1302720 compatible sites are available in the target device. Please analyze your synthesis results and constraints to ensure the design is mapped to Xilinx primitives as expected. If so, please consider targeting a larger device. Please set tcl parameter "drc.disableLUTOverUtilError" to 1 to change this error to warning.)
ERROR: [VPL 4-23] Error(s) found during DRC. Placer not run.
ERROR: [VPL 60-773] In '/home/ziyuanwang/hbm/Vitis_Accel_Examples/performance/hbm_bandwidth/_x_8core_minusmod_64.hw.xilinx_u280_xdma_201920_3/link/vivado/vpl/runme.log', caught Tcl error:  problem implementing dynamic region, impl_1: place_design ERROR, please look at the run log file '/home/ziyuanwang/hbm/Vitis_Accel_Examples/performance/hbm_bandwidth/_x_8core_minusmod_64.hw.xilinx_u280_xdma_201920_3/link/vivado/vpl/prj/prj.runs/impl_1/runme.log' for more information
WARNING: [VPL 60-732] Link warning: No monitor points found for BD automation.
WARNING: [VPL 60-732] Link warning: The available LUTs may not be sufficient to accommodate the kernels
ERROR: [VPL 60-704] Integration error, problem implementing dynamic region, impl_1: place_design ERROR, please look at the run log file '/home/ziyuanwang/hbm/Vitis_Accel_Examples/performance/hbm_bandwidth/_x_8core_minusmod_64.hw.xilinx_u280_xdma_201920_3/link/vivado/vpl/prj/prj.runs/impl_1/runme.log' for more information
ERROR: [VPL 60-1328] Vpl run 'vpl' failed
ERROR: [VPL 60-806] Failed to finish platform linker
INFO: [v++ 60-1442] [23:15:32] Run run_link: Step vpl: Failed
Time (s): cpu = 00:01:02 ; elapsed = 03:14:49 . Memory (MB): peak = 2062.199 ; gain = 0.000 ; free physical = 45800 ; free virtual = 483475
ERROR: [v++ 60-661] v++ link run 'run_link' failed
ERROR: [v++ 60-626] Kernel link failed to complete
ERROR: [v++ 60-703] Failed to finish linking
