Copyright 1986-2021 Xilinx, Inc. All Rights Reserved.
---------------------------------------------------------------------------------------------------------------------------------------------------------------------------------------------------------------------------------------------------------------------------------------------------------------------------------------------------
| Tool Version : Vivado v.2021.2 (lin64) Build 3367213 Tue Oct 19 02:47:39 MDT 2021
| Date         : Sun Nov  3 20:41:22 2024
| Host         : hacc-gpu0 running 64-bit Ubuntu 20.04.6 LTS
| Command      : report_accelerator_utilization -kernels { krnl_vaddmul:pfm_top_i/dynamic_region/krnl_vaddmul_1/inst:krnl_vaddmul_1 krnl_vaddmul:pfm_top_i/dynamic_region/krnl_vaddmul_2/inst:krnl_vaddmul_2 krnl_vaddmul:pfm_top_i/dynamic_region/krnl_vaddmul_3/inst:krnl_vaddmul_3} -file kernel_util_placed.rpt -name kernel_util_placed -json
| Design       : pfm_top_wrapper
| Device       : xcu280
| Design State : Fully Placed
---------------------------------------------------------------------------------------------------------------------------------------------------------------------------------------------------------------------------------------------------------------------------------------------------------------------------------------------------

Accelerator Utilization Design Information

Table of Contents
-----------------
1. System Utilization

1. System Utilization
---------------------

+---------------------+-------------------+------------------+-------------------+----------------+---------------+----------------+
| Name                | LUT               | LUTAsMem         | REG               | BRAM           | URAM          | DSP            |
+---------------------+-------------------+------------------+-------------------+----------------+---------------+----------------+
| Platform            |  125269 [  9.62%] |  19276 [  3.21%] |  184866 [  7.09%] |  204 [ 10.12%] |   0 [  0.00%] |    4 [  0.04%] |
| User Budget         | 1177451 [100.00%] | 581204 [100.00%] | 2422494 [100.00%] | 1812 [100.00%] | 960 [100.00%] | 9020 [100.00%] |
|    Used Resources   |   24572 [  2.09%] |   9357 [  1.61%] |   39863 [  1.65%] |   78 [  4.30%] |   0 [  0.00%] |   24 [  0.27%] |
|    Unused Resources | 1152879 [ 97.91%] | 571847 [ 98.39%] | 2382631 [ 98.35%] | 1734 [ 95.70%] | 960 [100.00%] | 8996 [ 99.73%] |
| krnl_vaddmul        |   24572 [  2.09%] |   9357 [  1.61%] |   39863 [  1.65%] |   78 [  4.30%] |   0 [  0.00%] |   24 [  0.27%] |
|    krnl_vaddmul_1   |    8187 [  0.70%] |   3119 [  0.54%] |   13293 [  0.55%] |   26 [  1.43%] |   0 [  0.00%] |    8 [  0.09%] |
|    krnl_vaddmul_2   |    8187 [  0.70%] |   3119 [  0.54%] |   13300 [  0.55%] |   26 [  1.43%] |   0 [  0.00%] |    8 [  0.09%] |
|    krnl_vaddmul_3   |    8198 [  0.70%] |   3119 [  0.54%] |   13270 [  0.55%] |   26 [  1.43%] |   0 [  0.00%] |    8 [  0.09%] |
+---------------------+-------------------+------------------+-------------------+----------------+---------------+----------------+


