Copyright 1986-2021 Xilinx, Inc. All Rights Reserved.
----------------------------------------------------------------------------------------------------------------------------------------------------------------------------------------------------------------------------------------------------------------------------------------------------------------------------------------------------------------------------------------------------------------------------
| Tool Version : Vivado v.2021.2 (lin64) Build 3367213 Tue Oct 19 02:47:39 MDT 2021
| Date         : Mon Nov 11 09:31:21 2024
| Host         : hacc-gpu0 running 64-bit Ubuntu 20.04.6 LTS
| Command      : report_accelerator_utilization -kernels { krnl_vaddmul:pfm_top_i/dynamic_region/krnl_vaddmul_1/inst:krnl_vaddmul_1 krnl_vaddmul:pfm_top_i/dynamic_region/krnl_vaddmul_2/inst:krnl_vaddmul_2 krnl_vaddmul:pfm_top_i/dynamic_region/krnl_vaddmul_3/inst:krnl_vaddmul_3 krnl_vaddmul:pfm_top_i/dynamic_region/krnl_vaddmul_4/inst:krnl_vaddmul_4} -file kernel_util_placed.rpt -name kernel_util_placed -json
| Design       : pfm_top_wrapper
| Device       : xcu280
| Design State : Fully Placed
----------------------------------------------------------------------------------------------------------------------------------------------------------------------------------------------------------------------------------------------------------------------------------------------------------------------------------------------------------------------------------------------------------------------------

Accelerator Utilization Design Information

Table of Contents
-----------------
1. System Utilization

1. System Utilization
---------------------

+---------------------+-------------------+------------------+-------------------+----------------+---------------+----------------+
| Name                | LUT               | LUTAsMem         | REG               | BRAM           | URAM          | DSP            |
+---------------------+-------------------+------------------+-------------------+----------------+---------------+----------------+
| Platform            |  136500 [ 10.48%] |  25486 [  4.24%] |  207926 [  7.97%] |  204 [ 10.12%] |   0 [  0.00%] |    4 [  0.04%] |
| User Budget         | 1166220 [100.00%] | 574994 [100.00%] | 2399434 [100.00%] | 1812 [100.00%] | 960 [100.00%] | 9020 [100.00%] |
|    Used Resources   |   43372 [  3.72%] |  12396 [  2.16%] |   89232 [  3.72%] |  312 [ 17.22%] |   0 [  0.00%] |  332 [  3.68%] |
|    Unused Resources | 1122848 [ 96.28%] | 562598 [ 97.84%] | 2310202 [ 96.28%] | 1500 [ 82.78%] | 960 [100.00%] | 8688 [ 96.32%] |
| krnl_vaddmul        |   43372 [  3.72%] |  12396 [  2.16%] |   89232 [  3.72%] |  312 [ 17.22%] |   0 [  0.00%] |  332 [  3.68%] |
|    krnl_vaddmul_1   |   10858 [  0.93%] |   3099 [  0.54%] |   22592 [  0.94%] |   78 [  4.30%] |   0 [  0.00%] |   83 [  0.92%] |
|    krnl_vaddmul_2   |   10830 [  0.93%] |   3099 [  0.54%] |   22231 [  0.93%] |   78 [  4.30%] |   0 [  0.00%] |   83 [  0.92%] |
|    krnl_vaddmul_3   |   10846 [  0.93%] |   3099 [  0.54%] |   22218 [  0.93%] |   78 [  4.30%] |   0 [  0.00%] |   83 [  0.92%] |
|    krnl_vaddmul_4   |   10838 [  0.93%] |   3099 [  0.54%] |   22191 [  0.92%] |   78 [  4.30%] |   0 [  0.00%] |   83 [  0.92%] |
+---------------------+-------------------+------------------+-------------------+----------------+---------------+----------------+


