Copyright 1986-2021 Xilinx, Inc. All Rights Reserved.
------------------------------------------------------------------------------------------
| Tool Version : Vivado v.2021.2 (lin64) Build 3367213 Tue Oct 19 02:47:39 MDT 2021
| Date         : Sat Nov 16 21:48:09 2024
| Host         : hacc-gpu0 running 64-bit Ubuntu 20.04.6 LTS
| Command      : report_utilization -slr -file slr_util_routed.rpt -pb slr_util_routed.pb
| Design       : pfm_top_wrapper
| Device       : xcu280-fsvh2892-2L-e
| Speed File   : -2L
| Design State : Routed
------------------------------------------------------------------------------------------

Utilization Design Information

Table of Contents
-----------------
1. SLR Connectivity
2. SLR Connectivity Matrix
3. SLR CLB Logic and Dedicated Block Utilization
4. SLR IO Utilization

1. SLR Connectivity
-------------------

+----------------------------------+------+-------+-----------+-------+
|                                  | Used | Fixed | Available | Util% |
+----------------------------------+------+-------+-----------+-------+
| SLR2 <-> SLR1                    | 3970 |       |     23040 | 17.23 |
|   SLR1 -> SLR2                   | 2089 |       |           |  9.07 |
|     Using TX_REG only            |  267 |     1 |           |       |
|     Using RX_REG only            |  284 |    18 |           |       |
|     Using Both TX_REG and RX_REG |  267 |     1 |           |       |
|   SLR2 -> SLR1                   | 1881 |       |           |  8.16 |
|     Using TX_REG only            |  407 |     0 |           |       |
|     Using RX_REG only            |  412 |     4 |           |       |
|     Using Both TX_REG and RX_REG |  407 |     0 |           |       |
| SLR1 <-> SLR0                    | 2532 |       |     23040 | 10.99 |
|   SLR0 -> SLR1                   | 1138 |       |           |  4.94 |
|     Using TX_REG only            |  371 |    71 |           |       |
|     Using RX_REG only            |  361 |    61 |           |       |
|     Using Both TX_REG and RX_REG |  355 |    55 |           |       |
|   SLR1 -> SLR0                   | 1394 |       |           |  6.05 |
|     Using TX_REG only            |  437 |    62 |           |       |
|     Using RX_REG only            |  447 |    71 |           |       |
|     Using Both TX_REG and RX_REG |  435 |    60 |           |       |
+----------------------------------+------+-------+-----------+-------+
| Total SLLs Used                  | 6502 |       |           |       |
+----------------------------------+------+-------+-----------+-------+


2. SLR Connectivity Matrix
--------------------------

+-----------+------+------+------+
| FROM \ TO | SLR2 | SLR1 | SLR0 |
+-----------+------+------+------+
| SLR2      |    0 | 1722 |  159 |
| SLR1      | 1977 |    0 | 1235 |
| SLR0      |  112 | 1026 |    0 |
+-----------+------+------+------+


3. SLR CLB Logic and Dedicated Block Utilization
------------------------------------------------

+----------------------------+--------+-------+-------+--------+--------+--------+
|          Site Type         |  SLR0  |  SLR1 |  SLR2 | SLR0 % | SLR1 % | SLR2 % |
+----------------------------+--------+-------+-------+--------+--------+--------+
| CLB                        |  20729 |  7679 |  8382 |  37.72 |  14.22 |  15.52 |
|   CLBL                     |  10279 |  3878 |  4346 |  35.11 |  13.24 |  14.84 |
|   CLBM                     |  10450 |  3801 |  4036 |  40.69 |  15.38 |  16.33 |
| CLB LUTs                   |  64621 | 47646 | 35304 |  14.70 |  11.03 |   8.17 |
|   LUT as Logic             |  48171 | 43674 | 32266 |  10.96 |  10.11 |   7.47 |
|     using O5 output only   |   1106 |   286 |  1005 |   0.25 |   0.07 |   0.23 |
|     using O6 output only   |  30485 | 34244 | 19489 |   6.93 |   7.93 |   4.51 |
|     using O5 and O6        |  16580 |  9144 | 11772 |   3.77 |   2.12 |   2.73 |
|   LUT as Memory            |  16450 |  3972 |  3038 |   8.01 |   2.01 |   1.54 |
|     LUT as Distributed RAM |   8448 |  3837 |  1660 |   4.11 |   1.94 |   0.84 |
|       using O5 output only |      0 |     0 |     0 |   0.00 |   0.00 |   0.00 |
|       using O6 output only |     80 |   215 |    84 |   0.04 |   0.11 |   0.04 |
|       using O5 and O6      |   8368 |  3622 |  1576 |   4.07 |   1.83 |   0.80 |
|     LUT as Shift Register  |   8002 |   135 |  1378 |   3.90 |   0.07 |   0.70 |
|       using O5 output only |      0 |     0 |     0 |   0.00 |   0.00 |   0.00 |
|       using O6 output only |   4768 |   135 |  1248 |   2.32 |   0.07 |   0.63 |
|       using O5 and O6      |   3234 |     0 |   130 |   1.57 |   0.00 |   0.07 |
| CLB Registers              | 128862 | 46361 | 60705 |  14.65 |   5.37 |   7.03 |
| CARRY8                     |   1760 |   473 |   313 |   3.20 |   0.88 |   0.58 |
| F7 Muxes                   |   1860 |   651 |  1054 |   0.85 |   0.30 |   0.49 |
| F8 Muxes                   |    480 |   141 |    47 |   0.44 |   0.13 |   0.04 |
| F9 Muxes                   |      0 |     0 |     0 |   0.00 |   0.00 |   0.00 |
| Block RAM Tile             |  183.5 |  80.5 |    94 |  27.31 |  11.98 |  13.99 |
|   RAMB36/FIFO              |    182 |    80 |    92 |  27.08 |  11.90 |  13.69 |
|     RAMB36E2 only          |    182 |    80 |    92 |  27.08 |  11.90 |  13.69 |
|   RAMB18                   |      3 |     1 |     4 |   0.22 |   0.07 |   0.30 |
|     RAMB18E2 only          |      3 |     1 |     4 |   0.22 |   0.07 |   0.30 |
| URAM                       |      0 |     0 |     0 |   0.00 |   0.00 |   0.00 |
| DSPs                       |    332 |     0 |     4 |  11.53 |   0.00 |   0.13 |
| Unique Control Sets        |   3254 |  1504 |  2720 |   2.96 |   1.39 |   2.52 |
+----------------------------+--------+-------+-------+--------+--------+--------+
* Note: Available Control Sets based on CLB Registers / 8


4. SLR IO Utilization
---------------------

+-----------+-----------+---------+------------+----------+------------+----------+-----+
| SLR Index | Used IOBs | (%)IOBs | Used IPADs | (%)IPADs | Used OPADs | (%)OPADs | GTs |
+-----------+-----------+---------+------------+----------+------------+----------+-----+
| SLR2      |        18 |    8.65 |          0 |     0.00 |          0 |     0.00 |   0 |
| SLR1      |         0 |    0.00 |          0 |     0.00 |          0 |     0.00 |   0 |
| SLR0      |         1 |    0.48 |          0 |     0.00 |          0 |     0.00 |  16 |
+-----------+-----------+---------+------------+----------+------------+----------+-----+
| Total     |        19 |         |          0 |          |          0 |          |  16 |
+-----------+-----------+---------+------------+----------+------------+----------+-----+


