Copyright 1986-2021 Xilinx, Inc. All Rights Reserved.
---------------------------------------------------------------------------------------------------------------------------------------------------------------------------------------------------------------------------------------------------------------------------------------------------------------------------------------------------
| Tool Version : Vivado v.2021.2 (lin64) Build 3367213 Tue Oct 19 02:47:39 MDT 2021
| Date         : Thu Nov  7 05:12:48 2024
| Host         : hacc-gpu0 running 64-bit Ubuntu 20.04.6 LTS
| Command      : report_accelerator_utilization -kernels { krnl_vaddmul:pfm_top_i/dynamic_region/krnl_vaddmul_1/inst:krnl_vaddmul_1 krnl_vaddmul:pfm_top_i/dynamic_region/krnl_vaddmul_2/inst:krnl_vaddmul_2 krnl_vaddmul:pfm_top_i/dynamic_region/krnl_vaddmul_3/inst:krnl_vaddmul_3} -file kernel_util_routed.rpt -name kernel_util_routed -json
| Design       : pfm_top_wrapper
| Device       : xcu280
| Design State : Routed
---------------------------------------------------------------------------------------------------------------------------------------------------------------------------------------------------------------------------------------------------------------------------------------------------------------------------------------------------

Accelerator Utilization Design Information

Table of Contents
-----------------
1. System Utilization

1. System Utilization
---------------------

+---------------------+-------------------+------------------+-------------------+----------------+---------------+----------------+
| Name                | LUT               | LUTAsMem         | REG               | BRAM           | URAM          | DSP            |
+---------------------+-------------------+------------------+-------------------+----------------+---------------+----------------+
| Platform            |  128090 [  9.83%] |  21970 [  3.66%] |  194599 [  7.46%] |  204 [ 10.12%] |   0 [  0.00%] |    4 [  0.04%] |
| User Budget         | 1174630 [100.00%] | 578510 [100.00%] | 2412761 [100.00%] | 1812 [100.00%] | 960 [100.00%] | 9020 [100.00%] |
|    Used Resources   |  120337 [ 10.24%] |   5985 [  1.03%] |  150120 [  6.22%] |  183 [ 10.10%] |   0 [  0.00%] |  264 [  2.93%] |
|    Unused Resources | 1054293 [ 89.76%] | 572525 [ 98.97%] | 2262641 [ 93.78%] | 1629 [ 89.90%] | 960 [100.00%] | 8756 [ 97.07%] |
| krnl_vaddmul        |  120337 [ 10.24%] |   5985 [  1.03%] |  150120 [  6.22%] |  183 [ 10.10%] |   0 [  0.00%] |  264 [  2.93%] |
|    krnl_vaddmul_1   |   40448 [  3.44%] |   1995 [  0.34%] |   50021 [  2.07%] |   61 [  3.37%] |   0 [  0.00%] |   88 [  0.98%] |
|    krnl_vaddmul_2   |   40220 [  3.42%] |   1995 [  0.34%] |   50054 [  2.07%] |   61 [  3.37%] |   0 [  0.00%] |   88 [  0.98%] |
|    krnl_vaddmul_3   |   39669 [  3.38%] |   1995 [  0.34%] |   50045 [  2.07%] |   61 [  3.37%] |   0 [  0.00%] |   88 [  0.98%] |
+---------------------+-------------------+------------------+-------------------+----------------+---------------+----------------+


