Copyright 1986-2021 Xilinx, Inc. All Rights Reserved.
------------------------------------------------------------------------------------------------------------------------------------------------------------------------------------------
| Tool Version : Vivado v.2021.2 (lin64) Build 3367213 Tue Oct 19 02:47:39 MDT 2021
| Date         : Sun Nov 17 18:46:20 2024
| Host         : hacc-gpu0 running 64-bit Ubuntu 20.04.6 LTS
| Command      : report_accelerator_utilization -kernels { krnl_vadd:pfm_top_i/dynamic_region/krnl_vadd_1/inst:krnl_vadd_1} -file kernel_util_synthed.rpt -name kernel_util_synthed -json
| Design       : pfm_top_wrapper
| Device       : xcu280
| Design State : Synthesized
------------------------------------------------------------------------------------------------------------------------------------------------------------------------------------------

Accelerator Utilization Design Information

Table of Contents
-----------------
1. System Utilization

1. System Utilization
---------------------

+---------------------+-------------------+------------------+-------------------+----------------+---------------+----------------+
| Name                | LUT               | LUTAsMem         | REG               | BRAM           | URAM          | DSP            |
+---------------------+-------------------+------------------+-------------------+----------------+---------------+----------------+
| Platform            |  116855 [  8.97%] |  11626 [  1.94%] |  155700 [  5.97%] |  202 [ 10.02%] |   0 [  0.00%] |    4 [  0.04%] |
| User Budget         | 1185865 [100.00%] | 588854 [100.00%] | 2451660 [100.00%] | 1814 [100.00%] | 960 [100.00%] | 9020 [100.00%] |
|    Used Resources   |    3816 [  0.32%] |   1043 [  0.18%] |    5378 [  0.22%] |    6 [  0.33%] |   0 [  0.00%] |   24 [  0.27%] |
|    Unused Resources | 1182049 [ 99.68%] | 587811 [ 99.82%] | 2446282 [ 99.78%] | 1808 [ 99.67%] | 960 [100.00%] | 8996 [ 99.73%] |
| krnl_vadd           |    3816 [  0.32%] |   1043 [  0.18%] |    5378 [  0.22%] |    6 [  0.33%] |   0 [  0.00%] |   24 [  0.27%] |
|    krnl_vadd_1      |    3816 [  0.32%] |   1043 [  0.18%] |    5378 [  0.22%] |    6 [  0.33%] |   0 [  0.00%] |   24 [  0.27%] |
+---------------------+-------------------+------------------+-------------------+----------------+---------------+----------------+


