Copyright 1986-2021 Xilinx, Inc. All Rights Reserved.
---------------------------------------------------------------------------------------------------------------------------------------------------------------------------------------------------------------------------------------------------------------------------------------------------------------------------------------------------
| Tool Version : Vivado v.2021.2 (lin64) Build 3367213 Tue Oct 19 02:47:39 MDT 2021
| Date         : Wed Nov  6 18:58:51 2024
| Host         : hacc-gpu0 running 64-bit Ubuntu 20.04.6 LTS
| Command      : report_accelerator_utilization -kernels { krnl_vaddmul:pfm_top_i/dynamic_region/krnl_vaddmul_1/inst:krnl_vaddmul_1 krnl_vaddmul:pfm_top_i/dynamic_region/krnl_vaddmul_2/inst:krnl_vaddmul_2 krnl_vaddmul:pfm_top_i/dynamic_region/krnl_vaddmul_3/inst:krnl_vaddmul_3} -file kernel_util_placed.rpt -name kernel_util_placed -json
| Design       : pfm_top_wrapper
| Device       : xcu280
| Design State : Fully Placed
---------------------------------------------------------------------------------------------------------------------------------------------------------------------------------------------------------------------------------------------------------------------------------------------------------------------------------------------------

Accelerator Utilization Design Information

Table of Contents
-----------------
1. System Utilization

1. System Utilization
---------------------

+---------------------+-------------------+------------------+-------------------+----------------+---------------+----------------+
| Name                | LUT               | LUTAsMem         | REG               | BRAM           | URAM          | DSP            |
+---------------------+-------------------+------------------+-------------------+----------------+---------------+----------------+
| Platform            |  128068 [  9.83%] |  21970 [  3.66%] |  194585 [  7.46%] |  204 [ 10.12%] |   0 [  0.00%] |    4 [  0.04%] |
| User Budget         | 1174652 [100.00%] | 578510 [100.00%] | 2412775 [100.00%] | 1812 [100.00%] | 960 [100.00%] | 9020 [100.00%] |
|    Used Resources   |   82653 [  7.04%] |   6126 [  1.06%] |  119595 [  4.96%] |  183 [ 10.10%] |   0 [  0.00%] |  144 [  1.60%] |
|    Unused Resources | 1091999 [ 92.96%] | 572384 [ 98.94%] | 2293180 [ 95.04%] | 1629 [ 89.90%] | 960 [100.00%] | 8876 [ 98.40%] |
| krnl_vaddmul        |   82653 [  7.04%] |   6126 [  1.06%] |  119595 [  4.96%] |  183 [ 10.10%] |   0 [  0.00%] |  144 [  1.60%] |
|    krnl_vaddmul_1   |   27675 [  2.36%] |   2042 [  0.35%] |   39874 [  1.65%] |   61 [  3.37%] |   0 [  0.00%] |   48 [  0.53%] |
|    krnl_vaddmul_2   |   27871 [  2.37%] |   2042 [  0.35%] |   39865 [  1.65%] |   61 [  3.37%] |   0 [  0.00%] |   48 [  0.53%] |
|    krnl_vaddmul_3   |   27107 [  2.31%] |   2042 [  0.35%] |   39856 [  1.65%] |   61 [  3.37%] |   0 [  0.00%] |   48 [  0.53%] |
+---------------------+-------------------+------------------+-------------------+----------------+---------------+----------------+


