Copyright 1986-2021 Xilinx, Inc. All Rights Reserved.
------------------------------------------------------------------------------------------
| Tool Version : Vivado v.2021.2 (lin64) Build 3367213 Tue Oct 19 02:47:39 MDT 2021
| Date         : Mon Dec  2 21:04:30 2024
| Host         : hacc-gpu0 running 64-bit Ubuntu 20.04.6 LTS
| Command      : report_utilization -slr -file slr_util_routed.rpt -pb slr_util_routed.pb
| Design       : pfm_top_wrapper
| Device       : xcu280-fsvh2892-2L-e
| Speed File   : -2L
| Design State : Routed
------------------------------------------------------------------------------------------

Utilization Design Information

Table of Contents
-----------------
1. SLR Connectivity
2. SLR Connectivity Matrix
3. SLR CLB Logic and Dedicated Block Utilization
4. SLR IO Utilization

1. SLR Connectivity
-------------------

+----------------------------------+-------+-------+-----------+-------+
|                                  |  Used | Fixed | Available | Util% |
+----------------------------------+-------+-------+-----------+-------+
| SLR2 <-> SLR1                    |  6896 |       |     23040 | 29.93 |
|   SLR1 -> SLR2                   |  3823 |       |           | 16.59 |
|     Using TX_REG only            |   269 |     1 |           |       |
|     Using RX_REG only            |   286 |    18 |           |       |
|     Using Both TX_REG and RX_REG |   269 |     1 |           |       |
|   SLR2 -> SLR1                   |  3073 |       |           | 13.34 |
|     Using TX_REG only            |   407 |     0 |           |       |
|     Using RX_REG only            |   414 |     4 |           |       |
|     Using Both TX_REG and RX_REG |   407 |     0 |           |       |
| SLR1 <-> SLR0                    |  8665 |       |     23040 | 37.61 |
|   SLR0 -> SLR1                   |  4550 |       |           | 19.75 |
|     Using TX_REG only            |   381 |    71 |           |       |
|     Using RX_REG only            |   371 |    61 |           |       |
|     Using Both TX_REG and RX_REG |   365 |    55 |           |       |
|   SLR1 -> SLR0                   |  4115 |       |           | 17.86 |
|     Using TX_REG only            |   442 |    62 |           |       |
|     Using RX_REG only            |   452 |    71 |           |       |
|     Using Both TX_REG and RX_REG |   440 |    60 |           |       |
+----------------------------------+-------+-------+-----------+-------+
| Total SLLs Used                  | 15561 |       |           |       |
+----------------------------------+-------+-------+-----------+-------+


2. SLR Connectivity Matrix
--------------------------

+-----------+------+------+------+
| FROM \ TO | SLR2 | SLR1 | SLR0 |
+-----------+------+------+------+
| SLR2      |    0 | 2877 |  196 |
| SLR1      | 3638 |    0 | 3919 |
| SLR0      |  185 | 4365 |    0 |
+-----------+------+------+------+


3. SLR CLB Logic and Dedicated Block Utilization
------------------------------------------------

+----------------------------+--------+--------+-------+--------+--------+--------+
|          Site Type         |  SLR0  |  SLR1  |  SLR2 | SLR0 % | SLR1 % | SLR2 % |
+----------------------------+--------+--------+-------+--------+--------+--------+
| CLB                        |  15241 |  26327 | 12822 |  27.73 |  48.75 |  23.74 |
|   CLBL                     |   7908 |  13562 |  6791 |  27.01 |  46.32 |  23.19 |
|   CLBM                     |   7333 |  12765 |  6031 |  28.56 |  51.64 |  24.40 |
| CLB LUTs                   |  59371 | 126933 | 57584 |  13.50 |  29.38 |  13.33 |
|   LUT as Logic             |  49855 |  98797 | 48600 |  11.34 |  22.87 |  11.25 |
|     using O5 output only   |   1611 |    845 |  1299 |   0.37 |   0.20 |   0.30 |
|     using O6 output only   |  30063 |  74249 | 29682 |   6.84 |  17.19 |   6.87 |
|     using O5 and O6        |  18181 |  23703 | 17619 |   4.14 |   5.49 |   4.08 |
|   LUT as Memory            |   9516 |  28136 |  8984 |   4.63 |  14.23 |   4.54 |
|     LUT as Distributed RAM |   6952 |   5073 |  3958 |   3.38 |   2.57 |   2.00 |
|       using O5 output only |      0 |      0 |     0 |   0.00 |   0.00 |   0.00 |
|       using O6 output only |     96 |    731 |    90 |   0.05 |   0.37 |   0.05 |
|       using O5 and O6      |   6856 |   4342 |  3868 |   3.34 |   2.20 |   1.96 |
|     LUT as Shift Register  |   2564 |  23063 |  5026 |   1.25 |  11.66 |   2.54 |
|       using O5 output only |      0 |      0 |     0 |   0.00 |   0.00 |   0.00 |
|       using O6 output only |   1663 |  20569 |  4336 |   0.81 |  10.40 |   2.19 |
|       using O5 and O6      |    901 |   2494 |   690 |   0.44 |   1.26 |   0.35 |
| CLB Registers              | 102713 | 143575 | 94019 |  11.68 |  16.62 |  10.88 |
| CARRY8                     |    652 |   2402 |   637 |   1.19 |   4.45 |   1.18 |
| F7 Muxes                   |   1006 |  12590 |  2761 |   0.46 |   5.83 |   1.28 |
| F8 Muxes                   |    109 |    142 |    47 |   0.10 |   0.13 |   0.04 |
| F9 Muxes                   |      0 |      0 |     0 |   0.00 |   0.00 |   0.00 |
| Block RAM Tile             |    120 |    548 |   152 |  17.86 |  81.55 |  22.62 |
|   RAMB36/FIFO              |    116 |    544 |   150 |  17.26 |  80.95 |  22.32 |
|     RAMB36E2 only          |    116 |    544 |   150 |  17.26 |  80.95 |  22.32 |
|   RAMB18                   |      8 |      8 |     4 |   0.60 |   0.60 |   0.30 |
|     RAMB18E2 only          |      8 |      8 |     4 |   0.60 |   0.60 |   0.30 |
| URAM                       |      0 |    288 |   256 |   0.00 |  90.00 |  80.00 |
| DSPs                       |      3 |    103 |    36 |   0.10 |   3.35 |   1.17 |
| Unique Control Sets        |   3553 |   3033 |  3302 |   3.23 |   2.81 |   3.06 |
+----------------------------+--------+--------+-------+--------+--------+--------+
* Note: Available Control Sets based on CLB Registers / 8


4. SLR IO Utilization
---------------------

+-----------+-----------+---------+------------+----------+------------+----------+-----+
| SLR Index | Used IOBs | (%)IOBs | Used IPADs | (%)IPADs | Used OPADs | (%)OPADs | GTs |
+-----------+-----------+---------+------------+----------+------------+----------+-----+
| SLR2      |        18 |    8.65 |          0 |     0.00 |          0 |     0.00 |   0 |
| SLR1      |         0 |    0.00 |          0 |     0.00 |          0 |     0.00 |   0 |
| SLR0      |       140 |   67.31 |          0 |     0.00 |          0 |     0.00 |  16 |
+-----------+-----------+---------+------------+----------+------------+----------+-----+
| Total     |       158 |         |          0 |          |          0 |          |  16 |
+-----------+-----------+---------+------------+----------+------------+----------+-----+


