INFO: [v++ 60-1306] Additional information associated with this v++ link can be found at:
	Reports: /home/ziyuanwang/hbm/Vitis_Accel_Examples/performance/hbm_bandwidth/_x_5core_gmem0023_8.hw.xilinx_u280_xdma_201920_3/reports/link
	Log files: /home/ziyuanwang/hbm/Vitis_Accel_Examples/performance/hbm_bandwidth/_x_5core_gmem0023_8.hw.xilinx_u280_xdma_201920_3/logs/link
INFO: [v++ 60-1548] Creating build summary session with primary output /home/ziyuanwang/hbm/Vitis_Accel_Examples/performance/hbm_bandwidth/build_dir_5core_gmem0023_8.hw.xilinx_u280_xdma_201920_3/krnl_vaddmul.link.xclbin.link_summary, at Tue Nov 19 19:06:54 2024
INFO: [v++ 60-1316] Initiating connection to rulecheck server, at Tue Nov 19 19:06:56 2024
INFO: [v++ 60-1315] Creating rulecheck session with output '/home/ziyuanwang/hbm/Vitis_Accel_Examples/performance/hbm_bandwidth/_x_5core_gmem0023_8.hw.xilinx_u280_xdma_201920_3/reports/link/v++_link_krnl_vaddmul.link_guidance.html', at Tue Nov 19 19:07:00 2024
INFO: [v++ 60-895]   Target platform: /opt/xilinx/platforms/xilinx_u280_xdma_201920_3/xilinx_u280_xdma_201920_3.xpfm
INFO: [v++ 60-1578]   This platform contains Xilinx Shell Archive '/opt/xilinx/platforms/xilinx_u280_xdma_201920_3/hw/xilinx_u280_xdma_201920_3.xsa'
INFO: [v++ 74-78] Compiler Version string: 2021.2
INFO: [v++ 60-1302] Platform 'xilinx_u280_xdma_201920_3.xpfm' has been explicitly enabled for this release.
INFO: [v++ 60-629] Linking for hardware target
INFO: [v++ 60-423]   Target device: xilinx_u280_xdma_201920_3
INFO: [v++ 60-1332] Run 'run_link' status: Not started
INFO: [v++ 60-1443] [19:07:39] Run run_link: Step system_link: Started
INFO: [v++ 60-1453] Command Line: system_link --xo /home/ziyuanwang/hbm/Vitis_Accel_Examples/performance/hbm_bandwidth/_x_5core_gmem0023_8.hw.xilinx_u280_xdma_201920_3/krnl_vaddmul.xo -keep --config /home/ziyuanwang/hbm/Vitis_Accel_Examples/performance/hbm_bandwidth/_x_5core_gmem0023_8.hw.xilinx_u280_xdma_201920_3/link/int/syslinkConfig.ini --xpfm /opt/xilinx/platforms/xilinx_u280_xdma_201920_3/xilinx_u280_xdma_201920_3.xpfm --target hw --output_dir /home/ziyuanwang/hbm/Vitis_Accel_Examples/performance/hbm_bandwidth/_x_5core_gmem0023_8.hw.xilinx_u280_xdma_201920_3/link/int --temp_dir /home/ziyuanwang/hbm/Vitis_Accel_Examples/performance/hbm_bandwidth/_x_5core_gmem0023_8.hw.xilinx_u280_xdma_201920_3/link/sys_link
INFO: [v++ 60-1454] Run Directory: /home/ziyuanwang/hbm/Vitis_Accel_Examples/performance/hbm_bandwidth/_x_5core_gmem0023_8.hw.xilinx_u280_xdma_201920_3/link/run_link
INFO: [SYSTEM_LINK 60-1316] Initiating connection to rulecheck server, at Tue Nov 19 19:07:45 2024
INFO: [SYSTEM_LINK 82-70] Extracting xo v3 file /home/ziyuanwang/hbm/Vitis_Accel_Examples/performance/hbm_bandwidth/_x_5core_gmem0023_8.hw.xilinx_u280_xdma_201920_3/krnl_vaddmul.xo
INFO: [SYSTEM_LINK 82-53] Creating IP database /home/ziyuanwang/hbm/Vitis_Accel_Examples/performance/hbm_bandwidth/_x_5core_gmem0023_8.hw.xilinx_u280_xdma_201920_3/link/sys_link/_sysl/.cdb/xd_ip_db.xml
INFO: [SYSTEM_LINK 82-38] [19:08:33] build_xd_ip_db started: /tools/Xilinx/Vitis/2021.2/bin/build_xd_ip_db -ip_search 0  -sds-pf /home/ziyuanwang/hbm/Vitis_Accel_Examples/performance/hbm_bandwidth/_x_5core_gmem0023_8.hw.xilinx_u280_xdma_201920_3/link/sys_link/xilinx_u280_xdma_201920_3.hpfm -clkid 0 -ip /home/ziyuanwang/hbm/Vitis_Accel_Examples/performance/hbm_bandwidth/_x_5core_gmem0023_8.hw.xilinx_u280_xdma_201920_3/link/sys_link/iprepo/xilinx_com_hls_krnl_vaddmul_1_0,krnl_vaddmul -o /home/ziyuanwang/hbm/Vitis_Accel_Examples/performance/hbm_bandwidth/_x_5core_gmem0023_8.hw.xilinx_u280_xdma_201920_3/link/sys_link/_sysl/.cdb/xd_ip_db.xml
INFO: [SYSTEM_LINK 82-37] [19:08:56] build_xd_ip_db finished successfully
Time (s): cpu = 00:00:04 ; elapsed = 00:00:23 . Memory (MB): peak = 2168.234 ; gain = 0.000 ; free physical = 22974 ; free virtual = 460213
INFO: [SYSTEM_LINK 82-51] Create system connectivity graph
INFO: [SYSTEM_LINK 82-102] Applying explicit connections to the system connectivity graph: /home/ziyuanwang/hbm/Vitis_Accel_Examples/performance/hbm_bandwidth/_x_5core_gmem0023_8.hw.xilinx_u280_xdma_201920_3/link/sys_link/cfgraph/cfgen_cfgraph.xml
INFO: [SYSTEM_LINK 82-38] [19:08:56] cfgen started: /tools/Xilinx/Vitis/2021.2/bin/cfgen  -nk krnl_vaddmul:5 -sp krnl_vaddmul_1.in1:HBM[0] -sp krnl_vaddmul_1.in2:HBM[1] -sp krnl_vaddmul_1.out_add:HBM[2] -sp krnl_vaddmul_1.out_mul:HBM[3] -sp krnl_vaddmul_2.in1:HBM[4] -sp krnl_vaddmul_2.in2:HBM[5] -sp krnl_vaddmul_2.out_add:HBM[6] -sp krnl_vaddmul_2.out_mul:HBM[7] -sp krnl_vaddmul_3.in1:HBM[8] -sp krnl_vaddmul_3.in2:HBM[9] -sp krnl_vaddmul_3.out_add:HBM[10] -sp krnl_vaddmul_3.out_mul:HBM[11] -sp krnl_vaddmul_4.in1:HBM[12] -sp krnl_vaddmul_4.in2:HBM[13] -sp krnl_vaddmul_4.out_add:HBM[14] -sp krnl_vaddmul_4.out_mul:HBM[15] -sp krnl_vaddmul_5.in1:HBM[16] -sp krnl_vaddmul_5.in2:HBM[17] -sp krnl_vaddmul_5.out_add:HBM[18] -sp krnl_vaddmul_5.out_mul:HBM[19] -dmclkid 0 -r /home/ziyuanwang/hbm/Vitis_Accel_Examples/performance/hbm_bandwidth/_x_5core_gmem0023_8.hw.xilinx_u280_xdma_201920_3/link/sys_link/_sysl/.cdb/xd_ip_db.xml -o /home/ziyuanwang/hbm/Vitis_Accel_Examples/performance/hbm_bandwidth/_x_5core_gmem0023_8.hw.xilinx_u280_xdma_201920_3/link/sys_link/cfgraph/cfgen_cfgraph.xml
INFO: [CFGEN 83-0] Kernel Specs: 
INFO: [CFGEN 83-0]   kernel: krnl_vaddmul, num: 5  {krnl_vaddmul_1 krnl_vaddmul_2 krnl_vaddmul_3 krnl_vaddmul_4 krnl_vaddmul_5}
INFO: [CFGEN 83-0] Port Specs: 
INFO: [CFGEN 83-0]   kernel: krnl_vaddmul_1, k_port: in1, sptag: HBM[0]
INFO: [CFGEN 83-0]   kernel: krnl_vaddmul_1, k_port: in2, sptag: HBM[1]
INFO: [CFGEN 83-0]   kernel: krnl_vaddmul_1, k_port: out_add, sptag: HBM[2]
INFO: [CFGEN 83-0]   kernel: krnl_vaddmul_1, k_port: out_mul, sptag: HBM[3]
INFO: [CFGEN 83-0]   kernel: krnl_vaddmul_2, k_port: in1, sptag: HBM[4]
INFO: [CFGEN 83-0]   kernel: krnl_vaddmul_2, k_port: in2, sptag: HBM[5]
INFO: [CFGEN 83-0]   kernel: krnl_vaddmul_2, k_port: out_add, sptag: HBM[6]
INFO: [CFGEN 83-0]   kernel: krnl_vaddmul_2, k_port: out_mul, sptag: HBM[7]
INFO: [CFGEN 83-0]   kernel: krnl_vaddmul_3, k_port: in1, sptag: HBM[8]
INFO: [CFGEN 83-0]   kernel: krnl_vaddmul_3, k_port: in2, sptag: HBM[9]
INFO: [CFGEN 83-0]   kernel: krnl_vaddmul_3, k_port: out_add, sptag: HBM[10]
INFO: [CFGEN 83-0]   kernel: krnl_vaddmul_3, k_port: out_mul, sptag: HBM[11]
INFO: [CFGEN 83-0]   kernel: krnl_vaddmul_4, k_port: in1, sptag: HBM[12]
INFO: [CFGEN 83-0]   kernel: krnl_vaddmul_4, k_port: in2, sptag: HBM[13]
INFO: [CFGEN 83-0]   kernel: krnl_vaddmul_4, k_port: out_add, sptag: HBM[14]
INFO: [CFGEN 83-0]   kernel: krnl_vaddmul_4, k_port: out_mul, sptag: HBM[15]
INFO: [CFGEN 83-0]   kernel: krnl_vaddmul_5, k_port: in1, sptag: HBM[16]
INFO: [CFGEN 83-0]   kernel: krnl_vaddmul_5, k_port: in2, sptag: HBM[17]
INFO: [CFGEN 83-0]   kernel: krnl_vaddmul_5, k_port: out_add, sptag: HBM[18]
INFO: [CFGEN 83-0]   kernel: krnl_vaddmul_5, k_port: out_mul, sptag: HBM[19]
INFO: [CFGEN 83-2228] Creating mapping for argument krnl_vaddmul_1.in1 to HBM[0] for directive krnl_vaddmul_1.in1:HBM[0]
INFO: [CFGEN 83-2228] Creating mapping for argument krnl_vaddmul_1.in2 to HBM[1] for directive krnl_vaddmul_1.in2:HBM[1]
INFO: [CFGEN 83-2228] Creating mapping for argument krnl_vaddmul_1.out_add to HBM[2] for directive krnl_vaddmul_1.out_add:HBM[2]
INFO: [CFGEN 83-2228] Creating mapping for argument krnl_vaddmul_1.out_mul to HBM[3] for directive krnl_vaddmul_1.out_mul:HBM[3]
INFO: [CFGEN 83-2228] Creating mapping for argument krnl_vaddmul_2.in1 to HBM[4] for directive krnl_vaddmul_2.in1:HBM[4]
INFO: [CFGEN 83-2228] Creating mapping for argument krnl_vaddmul_2.in2 to HBM[5] for directive krnl_vaddmul_2.in2:HBM[5]
INFO: [CFGEN 83-2228] Creating mapping for argument krnl_vaddmul_2.out_add to HBM[6] for directive krnl_vaddmul_2.out_add:HBM[6]
INFO: [CFGEN 83-2228] Creating mapping for argument krnl_vaddmul_2.out_mul to HBM[7] for directive krnl_vaddmul_2.out_mul:HBM[7]
INFO: [CFGEN 83-2228] Creating mapping for argument krnl_vaddmul_3.in1 to HBM[8] for directive krnl_vaddmul_3.in1:HBM[8]
INFO: [CFGEN 83-2228] Creating mapping for argument krnl_vaddmul_3.in2 to HBM[9] for directive krnl_vaddmul_3.in2:HBM[9]
INFO: [CFGEN 83-2228] Creating mapping for argument krnl_vaddmul_3.out_add to HBM[10] for directive krnl_vaddmul_3.out_add:HBM[10]
INFO: [CFGEN 83-2228] Creating mapping for argument krnl_vaddmul_3.out_mul to HBM[11] for directive krnl_vaddmul_3.out_mul:HBM[11]
INFO: [CFGEN 83-2228] Creating mapping for argument krnl_vaddmul_4.in1 to HBM[12] for directive krnl_vaddmul_4.in1:HBM[12]
INFO: [CFGEN 83-2228] Creating mapping for argument krnl_vaddmul_4.in2 to HBM[13] for directive krnl_vaddmul_4.in2:HBM[13]
INFO: [CFGEN 83-2228] Creating mapping for argument krnl_vaddmul_4.out_add to HBM[14] for directive krnl_vaddmul_4.out_add:HBM[14]
INFO: [CFGEN 83-2228] Creating mapping for argument krnl_vaddmul_4.out_mul to HBM[15] for directive krnl_vaddmul_4.out_mul:HBM[15]
INFO: [CFGEN 83-2228] Creating mapping for argument krnl_vaddmul_5.in1 to HBM[16] for directive krnl_vaddmul_5.in1:HBM[16]
INFO: [CFGEN 83-2228] Creating mapping for argument krnl_vaddmul_5.in2 to HBM[17] for directive krnl_vaddmul_5.in2:HBM[17]
INFO: [CFGEN 83-2228] Creating mapping for argument krnl_vaddmul_5.out_add to HBM[18] for directive krnl_vaddmul_5.out_add:HBM[18]
INFO: [CFGEN 83-2228] Creating mapping for argument krnl_vaddmul_5.out_mul to HBM[19] for directive krnl_vaddmul_5.out_mul:HBM[19]
INFO: [SYSTEM_LINK 82-37] [19:09:04] cfgen finished successfully
Time (s): cpu = 00:00:07 ; elapsed = 00:00:08 . Memory (MB): peak = 2168.234 ; gain = 0.000 ; free physical = 22649 ; free virtual = 459888
INFO: [SYSTEM_LINK 82-52] Create top-level block diagram
INFO: [SYSTEM_LINK 82-38] [19:09:05] cf2bd started: /tools/Xilinx/Vitis/2021.2/bin/cf2bd  --linux --trace_buffer 1024 --input_file /home/ziyuanwang/hbm/Vitis_Accel_Examples/performance/hbm_bandwidth/_x_5core_gmem0023_8.hw.xilinx_u280_xdma_201920_3/link/sys_link/cfgraph/cfgen_cfgraph.xml --ip_db /home/ziyuanwang/hbm/Vitis_Accel_Examples/performance/hbm_bandwidth/_x_5core_gmem0023_8.hw.xilinx_u280_xdma_201920_3/link/sys_link/_sysl/.cdb/xd_ip_db.xml --cf_name dr --working_dir /home/ziyuanwang/hbm/Vitis_Accel_Examples/performance/hbm_bandwidth/_x_5core_gmem0023_8.hw.xilinx_u280_xdma_201920_3/link/sys_link/_sysl/.xsd --temp_dir /home/ziyuanwang/hbm/Vitis_Accel_Examples/performance/hbm_bandwidth/_x_5core_gmem0023_8.hw.xilinx_u280_xdma_201920_3/link/sys_link --output_dir /home/ziyuanwang/hbm/Vitis_Accel_Examples/performance/hbm_bandwidth/_x_5core_gmem0023_8.hw.xilinx_u280_xdma_201920_3/link/int --target_bd pfm_dynamic.bd
INFO: [CF2BD 82-31] Launching cf2xd: cf2xd -linux -trace-buffer 1024 -i /home/ziyuanwang/hbm/Vitis_Accel_Examples/performance/hbm_bandwidth/_x_5core_gmem0023_8.hw.xilinx_u280_xdma_201920_3/link/sys_link/cfgraph/cfgen_cfgraph.xml -r /home/ziyuanwang/hbm/Vitis_Accel_Examples/performance/hbm_bandwidth/_x_5core_gmem0023_8.hw.xilinx_u280_xdma_201920_3/link/sys_link/_sysl/.cdb/xd_ip_db.xml -o dr.xml
INFO: [CF2BD 82-28] cf2xd finished successfully
INFO: [CF2BD 82-31] Launching cf_xsd: cf_xsd -disable-address-gen -bd pfm_dynamic.bd -dn dr -dp /home/ziyuanwang/hbm/Vitis_Accel_Examples/performance/hbm_bandwidth/_x_5core_gmem0023_8.hw.xilinx_u280_xdma_201920_3/link/sys_link/_sysl/.xsd
INFO: [CF2BD 82-28] cf_xsd finished successfully
INFO: [SYSTEM_LINK 82-37] [19:09:14] cf2bd finished successfully
Time (s): cpu = 00:00:04 ; elapsed = 00:00:10 . Memory (MB): peak = 2168.234 ; gain = 0.000 ; free physical = 22998 ; free virtual = 460242
INFO: [v++ 60-1441] [19:09:14] Run run_link: Step system_link: Completed
Time (s): cpu = 00:00:20 ; elapsed = 00:01:36 . Memory (MB): peak = 2054.188 ; gain = 0.000 ; free physical = 23026 ; free virtual = 460269
INFO: [v++ 60-1443] [19:09:14] Run run_link: Step cf2sw: Started
INFO: [v++ 60-1453] Command Line: cf2sw -sdsl /home/ziyuanwang/hbm/Vitis_Accel_Examples/performance/hbm_bandwidth/_x_5core_gmem0023_8.hw.xilinx_u280_xdma_201920_3/link/int/sdsl.dat -rtd /home/ziyuanwang/hbm/Vitis_Accel_Examples/performance/hbm_bandwidth/_x_5core_gmem0023_8.hw.xilinx_u280_xdma_201920_3/link/int/cf2sw.rtd -nofilter /home/ziyuanwang/hbm/Vitis_Accel_Examples/performance/hbm_bandwidth/_x_5core_gmem0023_8.hw.xilinx_u280_xdma_201920_3/link/int/cf2sw_full.rtd -xclbin /home/ziyuanwang/hbm/Vitis_Accel_Examples/performance/hbm_bandwidth/_x_5core_gmem0023_8.hw.xilinx_u280_xdma_201920_3/link/int/xclbin_orig.xml -o /home/ziyuanwang/hbm/Vitis_Accel_Examples/performance/hbm_bandwidth/_x_5core_gmem0023_8.hw.xilinx_u280_xdma_201920_3/link/int/xclbin_orig.1.xml
INFO: [v++ 60-1454] Run Directory: /home/ziyuanwang/hbm/Vitis_Accel_Examples/performance/hbm_bandwidth/_x_5core_gmem0023_8.hw.xilinx_u280_xdma_201920_3/link/run_link
INFO: [v++ 60-1441] [19:09:24] Run run_link: Step cf2sw: Completed
Time (s): cpu = 00:00:06 ; elapsed = 00:00:10 . Memory (MB): peak = 2054.188 ; gain = 0.000 ; free physical = 22920 ; free virtual = 460164
INFO: [v++ 60-1443] [19:09:25] Run run_link: Step rtd2_system_diagram: Started
INFO: [v++ 60-1453] Command Line: rtd2SystemDiagram
INFO: [v++ 60-1454] Run Directory: /home/ziyuanwang/hbm/Vitis_Accel_Examples/performance/hbm_bandwidth/_x_5core_gmem0023_8.hw.xilinx_u280_xdma_201920_3/link/run_link
INFO: [v++ 60-1441] [19:09:27] Run run_link: Step rtd2_system_diagram: Completed
Time (s): cpu = 00:00:00.01 ; elapsed = 00:00:02 . Memory (MB): peak = 2054.188 ; gain = 0.000 ; free physical = 22808 ; free virtual = 460052
INFO: [v++ 60-1443] [19:09:27] Run run_link: Step vpl: Started
INFO: [v++ 60-1453] Command Line: vpl -t hw -f xilinx_u280_xdma_201920_3 --remote_ip_cache /home/ziyuanwang/hbm/Vitis_Accel_Examples/performance/hbm_bandwidth/.ipcache -s --output_dir /home/ziyuanwang/hbm/Vitis_Accel_Examples/performance/hbm_bandwidth/_x_5core_gmem0023_8.hw.xilinx_u280_xdma_201920_3/link/int --log_dir /home/ziyuanwang/hbm/Vitis_Accel_Examples/performance/hbm_bandwidth/_x_5core_gmem0023_8.hw.xilinx_u280_xdma_201920_3/logs/link --report_dir /home/ziyuanwang/hbm/Vitis_Accel_Examples/performance/hbm_bandwidth/_x_5core_gmem0023_8.hw.xilinx_u280_xdma_201920_3/reports/link --config /home/ziyuanwang/hbm/Vitis_Accel_Examples/performance/hbm_bandwidth/_x_5core_gmem0023_8.hw.xilinx_u280_xdma_201920_3/link/int/vplConfig.ini -k /home/ziyuanwang/hbm/Vitis_Accel_Examples/performance/hbm_bandwidth/_x_5core_gmem0023_8.hw.xilinx_u280_xdma_201920_3/link/int/kernel_info.dat --webtalk_flag Vitis --temp_dir /home/ziyuanwang/hbm/Vitis_Accel_Examples/performance/hbm_bandwidth/_x_5core_gmem0023_8.hw.xilinx_u280_xdma_201920_3/link --no-info --iprepo /home/ziyuanwang/hbm/Vitis_Accel_Examples/performance/hbm_bandwidth/_x_5core_gmem0023_8.hw.xilinx_u280_xdma_201920_3/link/int/xo/ip_repo/xilinx_com_hls_krnl_vaddmul_1_0 --messageDb /home/ziyuanwang/hbm/Vitis_Accel_Examples/performance/hbm_bandwidth/_x_5core_gmem0023_8.hw.xilinx_u280_xdma_201920_3/link/run_link/vpl.pb /home/ziyuanwang/hbm/Vitis_Accel_Examples/performance/hbm_bandwidth/_x_5core_gmem0023_8.hw.xilinx_u280_xdma_201920_3/link/int/dr.bd.tcl
INFO: [v++ 60-1454] Run Directory: /home/ziyuanwang/hbm/Vitis_Accel_Examples/performance/hbm_bandwidth/_x_5core_gmem0023_8.hw.xilinx_u280_xdma_201920_3/link/run_link

****** vpl v2021.2 (64-bit)
  **** SW Build 3363252 on 2021-10-14-04:41:01
    ** Copyright 1986-2020 Xilinx, Inc. All Rights Reserved.

INFO: [VPL 60-839] Read in kernel information from file '/home/ziyuanwang/hbm/Vitis_Accel_Examples/performance/hbm_bandwidth/_x_5core_gmem0023_8.hw.xilinx_u280_xdma_201920_3/link/int/kernel_info.dat'.
INFO: [VPL 74-78] Compiler Version string: 2021.2
INFO: [VPL 60-423]   Target device: xilinx_u280_xdma_201920_3
INFO: [VPL 60-1032] Extracting hardware platform to /home/ziyuanwang/hbm/Vitis_Accel_Examples/performance/hbm_bandwidth/_x_5core_gmem0023_8.hw.xilinx_u280_xdma_201920_3/link/vivado/vpl/.local/hw_platform
[19:25:01] Run vpl: Step create_project: Started
Creating Vivado project.
[19:25:19] Run vpl: Step create_project: Completed
[19:25:19] Run vpl: Step create_bd: Started
[19:26:53] Run vpl: Step create_bd: RUNNING...
[19:28:17] Run vpl: Step create_bd: RUNNING...
[19:29:45] Run vpl: Step create_bd: RUNNING...
[19:31:08] Run vpl: Step create_bd: RUNNING...
[19:32:30] Run vpl: Step create_bd: RUNNING...
[19:34:08] Run vpl: Step create_bd: RUNNING...
[19:35:32] Run vpl: Step create_bd: RUNNING...
[19:37:06] Run vpl: Step create_bd: RUNNING...
[19:38:25] Run vpl: Step create_bd: RUNNING...
[19:39:47] Run vpl: Step create_bd: RUNNING...
[19:41:10] Run vpl: Step create_bd: RUNNING...
[19:41:47] Run vpl: Step create_bd: Completed
[19:41:47] Run vpl: Step update_bd: Started
[19:41:52] Run vpl: Step update_bd: Completed
[19:41:52] Run vpl: Step generate_target: Started
[19:43:14] Run vpl: Step generate_target: RUNNING...
[19:44:36] Run vpl: Step generate_target: RUNNING...
[19:45:56] Run vpl: Step generate_target: RUNNING...
[19:47:15] Run vpl: Step generate_target: RUNNING...
[19:48:33] Run vpl: Step generate_target: RUNNING...
[19:49:51] Run vpl: Step generate_target: RUNNING...
[19:51:14] Run vpl: Step generate_target: RUNNING...
[19:52:33] Run vpl: Step generate_target: RUNNING...
[19:53:51] Run vpl: Step generate_target: RUNNING...
[19:55:06] Run vpl: Step generate_target: Completed
[19:55:06] Run vpl: Step config_hw_runs: Started
[19:56:02] Run vpl: Step config_hw_runs: Completed
[19:56:02] Run vpl: Step synth: Started
[19:57:41] Block-level synthesis in progress, 0 of 21 jobs complete, 1 job running.
[19:58:12] Block-level synthesis in progress, 0 of 21 jobs complete, 8 jobs running.
[19:58:43] Block-level synthesis in progress, 0 of 21 jobs complete, 8 jobs running.
[19:59:15] Block-level synthesis in progress, 0 of 21 jobs complete, 8 jobs running.
[19:59:48] Block-level synthesis in progress, 0 of 21 jobs complete, 8 jobs running.
[20:00:21] Block-level synthesis in progress, 0 of 21 jobs complete, 8 jobs running.
[20:01:02] Block-level synthesis in progress, 0 of 21 jobs complete, 8 jobs running.
[20:01:33] Block-level synthesis in progress, 0 of 21 jobs complete, 8 jobs running.
[20:02:05] Block-level synthesis in progress, 0 of 21 jobs complete, 8 jobs running.
[20:02:37] Block-level synthesis in progress, 0 of 21 jobs complete, 8 jobs running.
[20:03:10] Block-level synthesis in progress, 0 of 21 jobs complete, 8 jobs running.
[20:03:43] Block-level synthesis in progress, 0 of 21 jobs complete, 8 jobs running.
[20:04:16] Block-level synthesis in progress, 8 of 21 jobs complete, 0 jobs running.
[20:04:48] Block-level synthesis in progress, 8 of 21 jobs complete, 2 jobs running.
[20:05:22] Block-level synthesis in progress, 8 of 21 jobs complete, 8 jobs running.
[20:05:54] Block-level synthesis in progress, 8 of 21 jobs complete, 8 jobs running.
[20:06:28] Block-level synthesis in progress, 8 of 21 jobs complete, 8 jobs running.
[20:07:01] Block-level synthesis in progress, 8 of 21 jobs complete, 8 jobs running.
[20:07:33] Block-level synthesis in progress, 8 of 21 jobs complete, 8 jobs running.
[20:08:07] Block-level synthesis in progress, 8 of 21 jobs complete, 8 jobs running.
[20:08:39] Block-level synthesis in progress, 8 of 21 jobs complete, 8 jobs running.
[20:09:11] Block-level synthesis in progress, 8 of 21 jobs complete, 8 jobs running.
[20:09:44] Block-level synthesis in progress, 8 of 21 jobs complete, 8 jobs running.
[20:10:16] Block-level synthesis in progress, 8 of 21 jobs complete, 8 jobs running.
[20:10:50] Block-level synthesis in progress, 9 of 21 jobs complete, 7 jobs running.
[20:11:22] Block-level synthesis in progress, 15 of 21 jobs complete, 1 job running.
[20:11:55] Block-level synthesis in progress, 15 of 21 jobs complete, 2 jobs running.
[20:12:27] Block-level synthesis in progress, 16 of 21 jobs complete, 1 job running.
[20:13:20] Block-level synthesis in progress, 19 of 21 jobs complete, 2 jobs running.
[20:13:59] Block-level synthesis in progress, 20 of 21 jobs complete, 1 job running.
[20:14:38] Block-level synthesis in progress, 20 of 21 jobs complete, 1 job running.
[20:15:10] Block-level synthesis in progress, 20 of 21 jobs complete, 1 job running.
[20:15:44] Block-level synthesis in progress, 21 of 21 jobs complete, 0 jobs running.
[20:16:16] Top-level synthesis in progress.
[20:16:53] Top-level synthesis in progress.
[20:17:30] Top-level synthesis in progress.
[20:18:02] Top-level synthesis in progress.
[20:18:39] Top-level synthesis in progress.
[20:19:12] Top-level synthesis in progress.
[20:20:01] Run vpl: Step synth: Completed
[20:20:01] Run vpl: Step impl: Started
[20:32:34] Finished 2nd of 6 tasks (FPGA linking synthesized kernels to platform). Elapsed time: 01h 23m 03s 

[20:32:34] Starting logic optimization..
[20:34:57] Phase 1 Retarget
[20:34:57] Phase 2 Constant propagation
[20:35:49] Phase 3 Sweep
[20:37:24] Phase 4 BUFG optimization
[20:37:24] Phase 5 Shift Register Optimization
[20:37:24] Phase 6 Post Processing Netlist
[20:40:01] Finished 3rd of 6 tasks (FPGA logic optimization). Elapsed time: 00h 07m 26s 

[20:40:01] Starting logic placement..
[20:40:36] Phase 1 Placer Initialization
[20:40:36] Phase 1.1 Placer Initialization Netlist Sorting
[20:45:03] Phase 1.2 IO Placement/ Clock Placement/ Build Placer Device
[20:46:32] Phase 1.3 Build Placer Netlist Model
[20:48:29] Phase 1.4 Constrain Clocks/Macros
[20:49:13] Phase 2 Global Placement
[20:49:13] Phase 2.1 Floorplanning
[20:49:46] Phase 2.1.1 Partition Driven Placement
[20:49:46] Phase 2.1.1.1 PBP: Partition Driven Placement
[20:50:22] Phase 2.1.1.2 PBP: Clock Region Placement
[20:50:59] Phase 2.1.1.3 PBP: Compute Congestion
[20:51:41] Phase 2.1.1.4 PBP: UpdateTiming
[20:52:13] Phase 2.1.1.5 PBP: Add part constraints
[20:52:13] Phase 2.2 Physical Synthesis After Floorplan
[20:52:45] Phase 2.3 Update Timing before SLR Path Opt
[20:53:19] Phase 2.4 Post-Processing in Floorplanning
[20:53:19] Phase 2.5 Global Placement Core
[21:05:28] Phase 2.5.1 Physical Synthesis In Placer
[21:09:11] Phase 3 Detail Placement
[21:09:11] Phase 3.1 Commit Multi Column Macros
[21:09:11] Phase 3.2 Commit Most Macros & LUTRAMs
[21:10:18] Phase 3.3 Small Shape DP
[21:10:18] Phase 3.3.1 Small Shape Clustering
[21:10:49] Phase 3.3.2 Flow Legalize Slice Clusters
[21:10:49] Phase 3.3.3 Slice Area Swap
[21:11:54] Phase 3.4 Place Remaining
[21:11:54] Phase 3.5 Re-assign LUT pins
[21:12:30] Phase 3.6 Pipeline Register Optimization
[21:12:30] Phase 3.7 Fast Optimization
[21:13:34] Phase 4 Post Placement Optimization and Clean-Up
[21:13:34] Phase 4.1 Post Commit Optimization
[21:15:42] Phase 4.1.1 Post Placement Optimization
[21:15:42] Phase 4.1.1.1 BUFG Insertion
[21:15:42] Phase 1 Physical Synthesis Initialization
[21:16:14] Phase 4.1.1.2 BUFG Replication
[21:16:14] Phase 4.1.1.3 Post Placement Timing Optimization
[21:20:22] Phase 4.1.1.4 Replication
[21:22:01] Phase 4.2 Post Placement Cleanup
[21:22:01] Phase 4.3 Placer Reporting
[21:22:01] Phase 4.3.1 Print Estimated Congestion
[21:22:01] Phase 4.4 Final Placement Cleanup
[21:25:45] Finished 4th of 6 tasks (FPGA logic placement). Elapsed time: 00h 45m 44s 

[21:25:45] Starting logic routing..
[21:26:49] Phase 1 Build RT Design
[21:29:02] Phase 2 Router Initialization
[21:29:02] Phase 2.1 Fix Topology Constraints
[21:29:33] Phase 2.2 Pre Route Cleanup
[21:29:33] Phase 2.3 Global Clock Net Routing
[21:30:06] Phase 2.4 Update Timing
[21:33:30] Phase 2.5 Update Timing for Bus Skew
[21:33:30] Phase 2.5.1 Update Timing
[21:34:34] Phase 3 Initial Routing
[21:34:34] Phase 3.1 Global Routing
[21:35:39] Phase 4 Rip-up And Reroute
[21:35:39] Phase 4.1 Global Iteration 0
[21:46:46] Phase 4.2 Global Iteration 1
[21:48:22] Phase 4.3 Global Iteration 2
[21:51:03] Phase 5 Delay and Skew Optimization
[21:51:03] Phase 5.1 Delay CleanUp
[21:51:03] Phase 5.1.1 Update Timing
[21:52:42] Phase 5.2 Clock Skew Optimization
[21:52:42] Phase 6 Post Hold Fix
[21:52:42] Phase 6.1 Hold Fix Iter
[21:52:42] Phase 6.1.1 Update Timing
[21:54:36] Phase 6.1.2 Lut RouteThru Assignment for hold
[21:54:36] Phase 6.2 Additional Hold Fix
[21:56:29] Phase 7 Leaf Clock Prog Delay Opt
[21:58:11] Phase 8 Route finalize
[21:58:11] Phase 9 Verifying routed nets
[21:58:43] Phase 10 Depositing Routes
[21:59:15] Phase 11 Resolve XTalk
[21:59:15] Phase 12 Post Router Timing
[21:59:48] Finished 5th of 6 tasks (FPGA routing). Elapsed time: 00h 34m 02s 

[21:59:48] Starting bitstream generation..
[22:14:07] Creating bitmap...
[22:22:01] Writing bitstream ./pfm_top_i_dynamic_region_my_rm_partial.bit...
[22:22:01] Finished 6th of 6 tasks (FPGA bitstream generation). Elapsed time: 00h 22m 13s 
[22:22:15] Run vpl: Step impl: Completed
[22:22:16] Run vpl: FINISHED. Run Status: impl Complete!
INFO: [v++ 60-1441] [22:22:24] Run run_link: Step vpl: Completed
Time (s): cpu = 00:01:34 ; elapsed = 03:12:57 . Memory (MB): peak = 2054.188 ; gain = 0.000 ; free physical = 37577 ; free virtual = 477365
INFO: [v++ 60-1443] [22:22:24] Run run_link: Step rtdgen: Started
INFO: [v++ 60-1453] Command Line: rtdgen
INFO: [v++ 60-1454] Run Directory: /home/ziyuanwang/hbm/Vitis_Accel_Examples/performance/hbm_bandwidth/_x_5core_gmem0023_8.hw.xilinx_u280_xdma_201920_3/link/run_link
INFO: [v++ 60-991] clock name 'clkwiz_kernel_clk_out1' (clock ID '0') is being mapped to clock name 'DATA_CLK' in the xclbin
INFO: [v++ 60-991] clock name 'clkwiz_kernel2_clk_out1' (clock ID '1') is being mapped to clock name 'KERNEL_CLK' in the xclbin
INFO: [v++ 60-991] clock name 'clk_out1_pfm_top_clkwiz_hbm_aclk_0' (clock ID '') is being mapped to clock name 'clk_out1_pfm_top_clkwiz_hbm_aclk_0' in the xclbin
INFO: [v++ 60-1230] The compiler selected the following frequencies for the runtime controllable kernel clock(s) and scalable system clock(s): System (SYSTEM) clock: clk_out1_pfm_top_clkwiz_hbm_aclk_0 = 450, Kernel (DATA) clock: clkwiz_kernel_clk_out1 = 300, Kernel (KERNEL) clock: clkwiz_kernel2_clk_out1 = 500
INFO: [v++ 60-1453] Command Line: cf2sw -a /home/ziyuanwang/hbm/Vitis_Accel_Examples/performance/hbm_bandwidth/_x_5core_gmem0023_8.hw.xilinx_u280_xdma_201920_3/link/int/address_map.xml -sdsl /home/ziyuanwang/hbm/Vitis_Accel_Examples/performance/hbm_bandwidth/_x_5core_gmem0023_8.hw.xilinx_u280_xdma_201920_3/link/int/sdsl.dat -xclbin /home/ziyuanwang/hbm/Vitis_Accel_Examples/performance/hbm_bandwidth/_x_5core_gmem0023_8.hw.xilinx_u280_xdma_201920_3/link/int/xclbin_orig.xml -rtd /home/ziyuanwang/hbm/Vitis_Accel_Examples/performance/hbm_bandwidth/_x_5core_gmem0023_8.hw.xilinx_u280_xdma_201920_3/link/int/krnl_vaddmul.link.rtd -o /home/ziyuanwang/hbm/Vitis_Accel_Examples/performance/hbm_bandwidth/_x_5core_gmem0023_8.hw.xilinx_u280_xdma_201920_3/link/int/krnl_vaddmul.link.xml
INFO: [v++ 60-1652] Cf2sw returned exit code: 0
INFO: [v++ 60-1441] [22:22:30] Run run_link: Step rtdgen: Completed
Time (s): cpu = 00:00:05 ; elapsed = 00:00:06 . Memory (MB): peak = 2054.188 ; gain = 0.000 ; free physical = 37643 ; free virtual = 477437
INFO: [v++ 60-1443] [22:22:30] Run run_link: Step xclbinutil: Started
INFO: [v++ 60-1453] Command Line: xclbinutil --add-section DEBUG_IP_LAYOUT:JSON:/home/ziyuanwang/hbm/Vitis_Accel_Examples/performance/hbm_bandwidth/_x_5core_gmem0023_8.hw.xilinx_u280_xdma_201920_3/link/int/debug_ip_layout.rtd --add-section BITSTREAM:RAW:/home/ziyuanwang/hbm/Vitis_Accel_Examples/performance/hbm_bandwidth/_x_5core_gmem0023_8.hw.xilinx_u280_xdma_201920_3/link/int/partial.bit --force --target hw --key-value SYS:dfx_enable:true --add-section :JSON:/home/ziyuanwang/hbm/Vitis_Accel_Examples/performance/hbm_bandwidth/_x_5core_gmem0023_8.hw.xilinx_u280_xdma_201920_3/link/int/krnl_vaddmul.link.rtd --append-section :JSON:/home/ziyuanwang/hbm/Vitis_Accel_Examples/performance/hbm_bandwidth/_x_5core_gmem0023_8.hw.xilinx_u280_xdma_201920_3/link/int/appendSection.rtd --add-section CLOCK_FREQ_TOPOLOGY:JSON:/home/ziyuanwang/hbm/Vitis_Accel_Examples/performance/hbm_bandwidth/_x_5core_gmem0023_8.hw.xilinx_u280_xdma_201920_3/link/int/krnl_vaddmul.link_xml.rtd --add-section BUILD_METADATA:JSON:/home/ziyuanwang/hbm/Vitis_Accel_Examples/performance/hbm_bandwidth/_x_5core_gmem0023_8.hw.xilinx_u280_xdma_201920_3/link/int/krnl_vaddmul.link_build.rtd --add-section EMBEDDED_METADATA:RAW:/home/ziyuanwang/hbm/Vitis_Accel_Examples/performance/hbm_bandwidth/_x_5core_gmem0023_8.hw.xilinx_u280_xdma_201920_3/link/int/krnl_vaddmul.link.xml --add-section SYSTEM_METADATA:RAW:/home/ziyuanwang/hbm/Vitis_Accel_Examples/performance/hbm_bandwidth/_x_5core_gmem0023_8.hw.xilinx_u280_xdma_201920_3/link/int/systemDiagramModelSlrBaseAddress.json --output /home/ziyuanwang/hbm/Vitis_Accel_Examples/performance/hbm_bandwidth/./build_dir_5core_gmem0023_8.hw.xilinx_u280_xdma_201920_3/krnl_vaddmul.link.xclbin
INFO: [v++ 60-1454] Run Directory: /home/ziyuanwang/hbm/Vitis_Accel_Examples/performance/hbm_bandwidth/_x_5core_gmem0023_8.hw.xilinx_u280_xdma_201920_3/link/run_link
XRT Build Version: 2.14.354 (2022.2)
       Build Date: 2022-10-08 09:49:58
          Hash ID: 43926231f7183688add2dccfd391b36a1f000bea
Creating a default 'in-memory' xclbin image.

Section: 'DEBUG_IP_LAYOUT'(9) was successfully added.
Size   : 296 bytes
Format : JSON
File   : '/home/ziyuanwang/hbm/Vitis_Accel_Examples/performance/hbm_bandwidth/_x_5core_gmem0023_8.hw.xilinx_u280_xdma_201920_3/link/int/debug_ip_layout.rtd'

Section: 'BITSTREAM'(0) was successfully added.
Size   : 45070891 bytes
Format : RAW
File   : '/home/ziyuanwang/hbm/Vitis_Accel_Examples/performance/hbm_bandwidth/_x_5core_gmem0023_8.hw.xilinx_u280_xdma_201920_3/link/int/partial.bit'

Section: 'MEM_TOPOLOGY'(6) was successfully added.
Format : JSON
File   : 'mem_topology'

Section: 'IP_LAYOUT'(8) was successfully added.
Format : JSON
File   : 'ip_layout'

Section: 'CONNECTIVITY'(7) was successfully added.
Format : JSON
File   : 'connectivity'

Section: 'CLOCK_FREQ_TOPOLOGY'(11) was successfully added.
Size   : 410 bytes
Format : JSON
File   : '/home/ziyuanwang/hbm/Vitis_Accel_Examples/performance/hbm_bandwidth/_x_5core_gmem0023_8.hw.xilinx_u280_xdma_201920_3/link/int/krnl_vaddmul.link_xml.rtd'

Section: 'BUILD_METADATA'(14) was successfully added.
Size   : 4567 bytes
Format : JSON
File   : '/home/ziyuanwang/hbm/Vitis_Accel_Examples/performance/hbm_bandwidth/_x_5core_gmem0023_8.hw.xilinx_u280_xdma_201920_3/link/int/krnl_vaddmul.link_build.rtd'

Section: 'EMBEDDED_METADATA'(2) was successfully added.
Size   : 8213 bytes
Format : RAW
File   : '/home/ziyuanwang/hbm/Vitis_Accel_Examples/performance/hbm_bandwidth/_x_5core_gmem0023_8.hw.xilinx_u280_xdma_201920_3/link/int/krnl_vaddmul.link.xml'

Section: 'SYSTEM_METADATA'(22) was successfully added.
Size   : 25953 bytes
Format : RAW
File   : '/home/ziyuanwang/hbm/Vitis_Accel_Examples/performance/hbm_bandwidth/_x_5core_gmem0023_8.hw.xilinx_u280_xdma_201920_3/link/int/systemDiagramModelSlrBaseAddress.json'

Section: 'IP_LAYOUT'(8) was successfully appended to.
Format : JSON
File   : 'ip_layout'
Successfully wrote (45142175 bytes) to the output file: /home/ziyuanwang/hbm/Vitis_Accel_Examples/performance/hbm_bandwidth/./build_dir_5core_gmem0023_8.hw.xilinx_u280_xdma_201920_3/krnl_vaddmul.link.xclbin
Leaving xclbinutil.
INFO: [v++ 60-1441] [22:22:32] Run run_link: Step xclbinutil: Completed
Time (s): cpu = 00:00:00.09 ; elapsed = 00:00:02 . Memory (MB): peak = 2054.188 ; gain = 0.000 ; free physical = 37592 ; free virtual = 477429
INFO: [v++ 60-1443] [22:22:32] Run run_link: Step xclbinutilinfo: Started
INFO: [v++ 60-1453] Command Line: xclbinutil --quiet --force --info /home/ziyuanwang/hbm/Vitis_Accel_Examples/performance/hbm_bandwidth/./build_dir_5core_gmem0023_8.hw.xilinx_u280_xdma_201920_3/krnl_vaddmul.link.xclbin.info --input /home/ziyuanwang/hbm/Vitis_Accel_Examples/performance/hbm_bandwidth/./build_dir_5core_gmem0023_8.hw.xilinx_u280_xdma_201920_3/krnl_vaddmul.link.xclbin
INFO: [v++ 60-1454] Run Directory: /home/ziyuanwang/hbm/Vitis_Accel_Examples/performance/hbm_bandwidth/_x_5core_gmem0023_8.hw.xilinx_u280_xdma_201920_3/link/run_link
INFO: [v++ 60-1441] [22:22:33] Run run_link: Step xclbinutilinfo: Completed
Time (s): cpu = 00:00:00.42 ; elapsed = 00:00:01 . Memory (MB): peak = 2054.188 ; gain = 0.000 ; free physical = 37597 ; free virtual = 477434
INFO: [v++ 60-1443] [22:22:33] Run run_link: Step generate_sc_driver: Started
INFO: [v++ 60-1453] Command Line: 
INFO: [v++ 60-1454] Run Directory: /home/ziyuanwang/hbm/Vitis_Accel_Examples/performance/hbm_bandwidth/_x_5core_gmem0023_8.hw.xilinx_u280_xdma_201920_3/link/run_link
INFO: [v++ 60-1441] [22:22:34] Run run_link: Step generate_sc_driver: Completed
Time (s): cpu = 00:00:00 ; elapsed = 00:00:00.43 . Memory (MB): peak = 2054.188 ; gain = 0.000 ; free physical = 37595 ; free virtual = 477432
INFO: [v++ 60-244] Generating system estimate report...
INFO: [v++ 60-1092] Generated system estimate report: /home/ziyuanwang/hbm/Vitis_Accel_Examples/performance/hbm_bandwidth/_x_5core_gmem0023_8.hw.xilinx_u280_xdma_201920_3/reports/link/system_estimate_krnl_vaddmul.link.xtxt
INFO: [v++ 60-586] Created /home/ziyuanwang/hbm/Vitis_Accel_Examples/performance/hbm_bandwidth/build_dir_5core_gmem0023_8.hw.xilinx_u280_xdma_201920_3/krnl_vaddmul.link.ltx
INFO: [v++ 60-586] Created ./build_dir_5core_gmem0023_8.hw.xilinx_u280_xdma_201920_3/krnl_vaddmul.link.xclbin
INFO: [v++ 60-1307] Run completed. Additional information can be found in:
	Guidance: /home/ziyuanwang/hbm/Vitis_Accel_Examples/performance/hbm_bandwidth/_x_5core_gmem0023_8.hw.xilinx_u280_xdma_201920_3/reports/link/v++_link_krnl_vaddmul.link_guidance.html
	Timing Report: /home/ziyuanwang/hbm/Vitis_Accel_Examples/performance/hbm_bandwidth/_x_5core_gmem0023_8.hw.xilinx_u280_xdma_201920_3/reports/link/imp/impl_1_xilinx_u280_xdma_201920_3_bb_locked_timing_summary_routed.rpt
	Vivado Log: /home/ziyuanwang/hbm/Vitis_Accel_Examples/performance/hbm_bandwidth/_x_5core_gmem0023_8.hw.xilinx_u280_xdma_201920_3/logs/link/vivado.log
	Steps Log File: /home/ziyuanwang/hbm/Vitis_Accel_Examples/performance/hbm_bandwidth/_x_5core_gmem0023_8.hw.xilinx_u280_xdma_201920_3/logs/link/link.steps.log

INFO: [v++ 60-2343] Use the vitis_analyzer tool to visualize and navigate the relevant reports. Run the following command. 
    vitis_analyzer /home/ziyuanwang/hbm/Vitis_Accel_Examples/performance/hbm_bandwidth/build_dir_5core_gmem0023_8.hw.xilinx_u280_xdma_201920_3/krnl_vaddmul.link.xclbin.link_summary 
INFO: [v++ 60-791] Total elapsed time: 3h 15m 55s
