Copyright 1986-2021 Xilinx, Inc. All Rights Reserved.
------------------------------------------------------------------------------------------
| Tool Version : Vivado v.2021.2 (lin64) Build 3367213 Tue Oct 19 02:47:39 MDT 2021
| Date         : Tue Dec 17 04:14:18 2024
| Host         : hacc-gpu0 running 64-bit Ubuntu 20.04.6 LTS
| Command      : report_utilization -slr -file slr_util_routed.rpt -pb slr_util_routed.pb
| Design       : pfm_top_wrapper
| Device       : xcu280-fsvh2892-2L-e
| Speed File   : -2L
| Design State : Routed
------------------------------------------------------------------------------------------

Utilization Design Information

Table of Contents
-----------------
1. SLR Connectivity
2. SLR Connectivity Matrix
3. SLR CLB Logic and Dedicated Block Utilization
4. SLR IO Utilization

1. SLR Connectivity
-------------------

+----------------------------------+-------+-------+-----------+-------+
|                                  |  Used | Fixed | Available | Util% |
+----------------------------------+-------+-------+-----------+-------+
| SLR2 <-> SLR1                    |  9792 |       |     23040 | 42.50 |
|   SLR1 -> SLR2                   |  5105 |       |           | 22.16 |
|     Using TX_REG only            |   267 |     1 |           |       |
|     Using RX_REG only            |   284 |    18 |           |       |
|     Using Both TX_REG and RX_REG |   267 |     1 |           |       |
|   SLR2 -> SLR1                   |  4687 |       |           | 20.34 |
|     Using TX_REG only            |   407 |     0 |           |       |
|     Using RX_REG only            |   412 |     4 |           |       |
|     Using Both TX_REG and RX_REG |   407 |     0 |           |       |
| SLR1 <-> SLR0                    | 12948 |       |     23040 | 56.20 |
|   SLR0 -> SLR1                   |  9276 |       |           | 40.26 |
|     Using TX_REG only            |   373 |    71 |           |       |
|     Using RX_REG only            |   363 |    61 |           |       |
|     Using Both TX_REG and RX_REG |   357 |    55 |           |       |
|   SLR1 -> SLR0                   |  3672 |       |           | 15.94 |
|     Using TX_REG only            |   441 |    62 |           |       |
|     Using RX_REG only            |   451 |    71 |           |       |
|     Using Both TX_REG and RX_REG |   439 |    60 |           |       |
+----------------------------------+-------+-------+-----------+-------+
| Total SLLs Used                  | 22740 |       |           |       |
+----------------------------------+-------+-------+-----------+-------+


2. SLR Connectivity Matrix
--------------------------

+-----------+------+------+------+
| FROM \ TO | SLR2 | SLR1 | SLR0 |
+-----------+------+------+------+
| SLR2      |    0 | 4327 |  360 |
| SLR1      | 3720 |    0 | 3312 |
| SLR0      | 1385 | 7891 |    0 |
+-----------+------+------+------+


3. SLR CLB Logic and Dedicated Block Utilization
------------------------------------------------

+----------------------------+--------+--------+--------+--------+--------+--------+
|          Site Type         |  SLR0  |  SLR1  |  SLR2  | SLR0 % | SLR1 % | SLR2 % |
+----------------------------+--------+--------+--------+--------+--------+--------+
| CLB                        |  50837 |  45337 |  20874 |  92.50 |  83.96 |  38.66 |
|   CLBL                     |  26900 |  23880 |  10861 |  91.87 |  81.56 |  37.09 |
|   CLBM                     |  23937 |  21457 |  10013 |  93.21 |  86.80 |  40.51 |
| CLB LUTs                   | 250985 | 227882 |  91469 |  57.08 |  52.75 |  21.17 |
|   LUT as Logic             | 183833 | 166774 |  72249 |  41.81 |  38.61 |  16.72 |
|     using O5 output only   |   3022 |   1141 |   1458 |   0.69 |   0.26 |   0.34 |
|     using O6 output only   | 125587 | 123578 |  43832 |  28.56 |  28.61 |  10.15 |
|     using O5 and O6        |  55224 |  42055 |  26959 |  12.56 |   9.73 |   6.24 |
|   LUT as Memory            |  67152 |  61108 |  19220 |  32.69 |  30.90 |   9.72 |
|     LUT as Distributed RAM |  17488 |   4561 |   3958 |   8.51 |   2.31 |   2.00 |
|       using O5 output only |      0 |      0 |      0 |   0.00 |   0.00 |   0.00 |
|       using O6 output only |    664 |    219 |     90 |   0.32 |   0.11 |   0.05 |
|       using O5 and O6      |  16824 |   4342 |   3868 |   8.19 |   2.20 |   1.96 |
|     LUT as Shift Register  |  49664 |  56547 |  15262 |  24.17 |  28.59 |   7.72 |
|       using O5 output only |      0 |      0 |      0 |   0.00 |   0.00 |   0.00 |
|       using O6 output only |  42738 |  48547 |  13308 |  20.80 |  24.55 |   6.73 |
|       using O5 and O6      |   6926 |   8000 |   1954 |   3.37 |   4.05 |   0.99 |
| CLB Registers              | 344015 | 234314 | 125542 |  39.12 |  27.12 |  14.53 |
| CARRY8                     |   5411 |   3901 |   1095 |   9.85 |   7.22 |   2.03 |
| F7 Muxes                   |  28657 |  36767 |   9495 |  13.04 |  17.02 |   4.40 |
| F8 Muxes                   |    297 |    530 |    143 |   0.27 |   0.49 |   0.13 |
| F9 Muxes                   |      0 |      0 |      0 |   0.00 |   0.00 |   0.00 |
| Block RAM Tile             |    217 |  462.5 |  293.5 |  32.29 |  68.82 |  43.68 |
|   RAMB36/FIFO              |    206 |    459 |    291 |  30.65 |  68.30 |  43.30 |
|     RAMB36E2 only          |    206 |    459 |    291 |  30.65 |  68.30 |  43.30 |
|   RAMB18                   |     22 |      7 |      5 |   1.64 |   0.52 |   0.37 |
|     RAMB18E2 only          |     22 |      7 |      5 |   1.64 |   0.52 |   0.37 |
| URAM                       |    288 |    256 |    224 |  90.00 |  80.00 |  70.00 |
| DSPs                       |    374 |    288 |     68 |  12.99 |   9.38 |   2.21 |
| Unique Control Sets        |   7203 |   4030 |   3758 |   6.55 |   3.73 |   3.48 |
+----------------------------+--------+--------+--------+--------+--------+--------+
* Note: Available Control Sets based on CLB Registers / 8


4. SLR IO Utilization
---------------------

+-----------+-----------+---------+------------+----------+------------+----------+-----+
| SLR Index | Used IOBs | (%)IOBs | Used IPADs | (%)IPADs | Used OPADs | (%)OPADs | GTs |
+-----------+-----------+---------+------------+----------+------------+----------+-----+
| SLR2      |        18 |    8.65 |          0 |     0.00 |          0 |     0.00 |   0 |
| SLR1      |         0 |    0.00 |          0 |     0.00 |          0 |     0.00 |   0 |
| SLR0      |       140 |   67.31 |          0 |     0.00 |          0 |     0.00 |  16 |
+-----------+-----------+---------+------------+----------+------------+----------+-----+
| Total     |       158 |         |          0 |          |          0 |          |  16 |
+-----------+-----------+---------+------------+----------+------------+----------+-----+


