Copyright 1986-2021 Xilinx, Inc. All Rights Reserved.
------------------------------------------------------------------------------------------
| Tool Version : Vivado v.2021.2 (lin64) Build 3367213 Tue Oct 19 02:47:39 MDT 2021
| Date         : Thu Nov  7 18:15:28 2024
| Host         : hacc-gpu0 running 64-bit Ubuntu 20.04.6 LTS
| Command      : report_utilization -slr -file slr_util_placed.rpt -pb slr_util_placed.pb
| Design       : pfm_top_wrapper
| Device       : xcu280-fsvh2892-2L-e
| Speed File   : -2L
| Design State : Fully Placed
------------------------------------------------------------------------------------------

Utilization Design Information

Table of Contents
-----------------
1. SLR Connectivity
2. SLR Connectivity Matrix
3. SLR CLB Logic and Dedicated Block Utilization
4. SLR IO Utilization

1. SLR Connectivity
-------------------

+----------------------------------+------+-------+-----------+-------+
|                                  | Used | Fixed | Available | Util% |
+----------------------------------+------+-------+-----------+-------+
| SLR2 <-> SLR1                    | 3965 |       |     23040 | 17.21 |
|   SLR1 -> SLR2                   | 2087 |       |           |  9.06 |
|     Using TX_REG only            |    1 |     1 |           |       |
|     Using RX_REG only            |   18 |    18 |           |       |
|     Using Both TX_REG and RX_REG |  267 |     1 |           |       |
|   SLR2 -> SLR1                   | 1878 |       |           |  8.15 |
|     Using TX_REG only            |    0 |     0 |           |       |
|     Using RX_REG only            |    4 |     4 |           |       |
|     Using Both TX_REG and RX_REG |  407 |     0 |           |       |
| SLR1 <-> SLR0                    | 2571 |       |     23040 | 11.16 |
|   SLR0 -> SLR1                   | 1178 |       |           |  5.11 |
|     Using TX_REG only            |   71 |    71 |           |       |
|     Using RX_REG only            |   61 |    61 |           |       |
|     Using Both TX_REG and RX_REG |  355 |    55 |           |       |
|   SLR1 -> SLR0                   | 1393 |       |           |  6.05 |
|     Using TX_REG only            |   62 |    62 |           |       |
|     Using RX_REG only            |   72 |    71 |           |       |
|     Using Both TX_REG and RX_REG |  435 |    60 |           |       |
+----------------------------------+------+-------+-----------+-------+
| Total SLLs Used                  | 6536 |       |           |       |
+----------------------------------+------+-------+-----------+-------+


2. SLR Connectivity Matrix
--------------------------

+-----------+------+------+------+
| FROM \ TO | SLR2 | SLR1 | SLR0 |
+-----------+------+------+------+
| SLR2      |    0 | 1717 |  161 |
| SLR1      | 1982 |    0 | 1232 |
| SLR0      |  105 | 1073 |    0 |
+-----------+------+------+------+


3. SLR CLB Logic and Dedicated Block Utilization
------------------------------------------------

+----------------------------+-------+-------+-------+--------+--------+--------+
|          Site Type         |  SLR0 |  SLR1 |  SLR2 | SLR0 % | SLR1 % | SLR2 % |
+----------------------------+-------+-------+-------+--------+--------+--------+
| CLB                        | 11491 |  7236 |  8196 |  20.91 |  13.40 |  15.18 |
|   CLBL                     |  5886 |  3597 |  4174 |  20.10 |  12.28 |  14.26 |
|   CLBM                     |  5605 |  3639 |  4022 |  21.83 |  14.72 |  16.27 |
| CLB LUTs                   | 39351 | 47747 | 35341 |   8.95 |  11.05 |   8.18 |
|   LUT as Logic             | 34002 | 43743 | 32333 |   7.73 |  10.13 |   7.48 |
|     using O5 output only   |   696 |   286 |  1015 |   0.16 |   0.07 |   0.23 |
|     using O6 output only   | 23264 | 34314 | 19511 |   5.29 |   7.94 |   4.52 |
|     using O5 and O6        | 10042 |  9143 | 11807 |   2.28 |   2.12 |   2.73 |
|   LUT as Memory            |  5349 |  4004 |  3008 |   2.60 |   2.02 |   1.52 |
|     LUT as Distributed RAM |  1648 |  3837 |  1660 |   0.80 |   1.94 |   0.84 |
|       using O5 output only |     0 |     0 |     0 |   0.00 |   0.00 |   0.00 |
|       using O6 output only |    80 |   215 |    84 |   0.04 |   0.11 |   0.04 |
|       using O5 and O6      |  1568 |  3622 |  1576 |   0.76 |   1.83 |   0.80 |
|     LUT as Shift Register  |  3701 |   167 |  1348 |   1.80 |   0.08 |   0.68 |
|       using O5 output only |     0 |     0 |     0 |   0.00 |   0.00 |   0.00 |
|       using O6 output only |  2316 |   167 |  1218 |   1.13 |   0.08 |   0.62 |
|       using O5 and O6      |  1385 |     0 |   130 |   0.67 |   0.00 |   0.07 |
| CLB Registers              | 75433 | 46470 | 60854 |   8.58 |   5.38 |   7.04 |
| CARRY8                     |  1085 |   475 |   313 |   1.97 |   0.88 |   0.58 |
| F7 Muxes                   |   818 |   651 |  1054 |   0.37 |   0.30 |   0.49 |
| F8 Muxes                   |    28 |   141 |    47 |   0.03 |   0.13 |   0.04 |
| F9 Muxes                   |     0 |     0 |     0 |   0.00 |   0.00 |   0.00 |
| Block RAM Tile             |  53.5 |  80.5 |    94 |   7.96 |  11.98 |  13.99 |
|   RAMB36/FIFO              |    52 |    80 |    92 |   7.74 |  11.90 |  13.69 |
|     RAMB36E2 only          |    52 |    80 |    92 |   7.74 |  11.90 |  13.69 |
|   RAMB18                   |     3 |     1 |     4 |   0.22 |   0.07 |   0.30 |
|     RAMB18E2 only          |     3 |     1 |     4 |   0.22 |   0.07 |   0.30 |
| URAM                       |     0 |     0 |     0 |   0.00 |   0.00 |   0.00 |
| DSPs                       |    48 |     0 |     4 |   1.67 |   0.00 |   0.13 |
| Unique Control Sets        |  2318 |  1509 |  2720 |   2.11 |   1.40 |   2.52 |
+----------------------------+-------+-------+-------+--------+--------+--------+
* Note: Available Control Sets based on CLB Registers / 8


4. SLR IO Utilization
---------------------

+-----------+-----------+---------+------------+----------+------------+----------+-----+
| SLR Index | Used IOBs | (%)IOBs | Used IPADs | (%)IPADs | Used OPADs | (%)OPADs | GTs |
+-----------+-----------+---------+------------+----------+------------+----------+-----+
| SLR2      |        18 |    8.65 |          0 |     0.00 |          0 |     0.00 |   0 |
| SLR1      |         0 |    0.00 |          0 |     0.00 |          0 |     0.00 |   0 |
| SLR0      |         1 |    0.48 |          0 |     0.00 |          0 |     0.00 |  16 |
+-----------+-----------+---------+------------+----------+------------+----------+-----+
| Total     |        19 |         |          0 |          |          0 |          |  16 |
+-----------+-----------+---------+------------+----------+------------+----------+-----+


