Copyright 1986-2021 Xilinx, Inc. All Rights Reserved.
---------------------------------------------------------------------------------------------------------------------------------------------------------------------------------------------------------------------------------------------------------------------------------------------------------------------------------------------------
| Tool Version : Vivado v.2021.2 (lin64) Build 3367213 Tue Oct 19 02:47:39 MDT 2021
| Date         : Thu Nov  7 18:15:04 2024
| Host         : hacc-gpu0 running 64-bit Ubuntu 20.04.6 LTS
| Command      : report_accelerator_utilization -kernels { krnl_vaddmul:pfm_top_i/dynamic_region/krnl_vaddmul_1/inst:krnl_vaddmul_1 krnl_vaddmul:pfm_top_i/dynamic_region/krnl_vaddmul_2/inst:krnl_vaddmul_2 krnl_vaddmul:pfm_top_i/dynamic_region/krnl_vaddmul_3/inst:krnl_vaddmul_3} -file kernel_util_placed.rpt -name kernel_util_placed -json
| Design       : pfm_top_wrapper
| Device       : xcu280
| Design State : Fully Placed
---------------------------------------------------------------------------------------------------------------------------------------------------------------------------------------------------------------------------------------------------------------------------------------------------------------------------------------------------

Accelerator Utilization Design Information

Table of Contents
-----------------
1. System Utilization

1. System Utilization
---------------------

+---------------------+-------------------+------------------+-------------------+----------------+---------------+----------------+
| Name                | LUT               | LUTAsMem         | REG               | BRAM           | URAM          | DSP            |
+---------------------+-------------------+------------------+-------------------+----------------+---------------+----------------+
| Platform            |  105208 [  8.08%] |  10390 [  1.73%] |  154356 [  5.92%] |  204 [ 10.12%] |   0 [  0.00%] |    4 [  0.04%] |
| User Budget         | 1197512 [100.00%] | 590090 [100.00%] | 2453004 [100.00%] | 1812 [100.00%] | 960 [100.00%] | 9020 [100.00%] |
|    Used Resources   |   17233 [  1.44%] |   1971 [  0.33%] |   28401 [  1.16%] |   24 [  1.32%] |   0 [  0.00%] |   48 [  0.53%] |
|    Unused Resources | 1180279 [ 98.56%] | 588119 [ 99.67%] | 2424603 [ 98.84%] | 1788 [ 98.68%] | 960 [100.00%] | 8972 [ 99.47%] |
| krnl_vaddmul        |   17233 [  1.44%] |   1971 [  0.33%] |   28401 [  1.16%] |   24 [  1.32%] |   0 [  0.00%] |   48 [  0.53%] |
|    krnl_vaddmul_1   |    5744 [  0.48%] |    657 [  0.11%] |    9434 [  0.38%] |    8 [  0.44%] |   0 [  0.00%] |   16 [  0.18%] |
|    krnl_vaddmul_2   |    5738 [  0.48%] |    657 [  0.11%] |    9382 [  0.38%] |    8 [  0.44%] |   0 [  0.00%] |   16 [  0.18%] |
|    krnl_vaddmul_3   |    5751 [  0.48%] |    657 [  0.11%] |    9585 [  0.39%] |    8 [  0.44%] |   0 [  0.00%] |   16 [  0.18%] |
+---------------------+-------------------+------------------+-------------------+----------------+---------------+----------------+


