Copyright 1986-2021 Xilinx, Inc. All Rights Reserved.
-----------------------------------------------------------------------------------------------------------------------------------------------------------------------------------------------------------------------------------------------------------------------------------------------------------------------------------------------------
| Tool Version : Vivado v.2021.2 (lin64) Build 3367213 Tue Oct 19 02:47:39 MDT 2021
| Date         : Sat Nov  9 09:18:10 2024
| Host         : hacc-gpu0 running 64-bit Ubuntu 20.04.6 LTS
| Command      : report_accelerator_utilization -kernels { krnl_vaddmul:pfm_top_i/dynamic_region/krnl_vaddmul_1/inst:krnl_vaddmul_1 krnl_vaddmul:pfm_top_i/dynamic_region/krnl_vaddmul_2/inst:krnl_vaddmul_2 krnl_vaddmul:pfm_top_i/dynamic_region/krnl_vaddmul_3/inst:krnl_vaddmul_3} -file kernel_util_synthed.rpt -name kernel_util_synthed -json
| Design       : pfm_top_wrapper
| Device       : xcu280
| Design State : Synthesized
-----------------------------------------------------------------------------------------------------------------------------------------------------------------------------------------------------------------------------------------------------------------------------------------------------------------------------------------------------

Accelerator Utilization Design Information

Table of Contents
-----------------
1. System Utilization

1. System Utilization
---------------------

+---------------------+-------------------+------------------+-------------------+----------------+---------------+----------------+
| Name                | LUT               | LUTAsMem         | REG               | BRAM           | URAM          | DSP            |
+---------------------+-------------------+------------------+-------------------+----------------+---------------+----------------+
| Platform            |  120440 [  9.25%] |  13009 [  2.17%] |  162241 [  6.22%] |  202 [ 10.02%] |   0 [  0.00%] |    4 [  0.04%] |
| User Budget         | 1182280 [100.00%] | 587471 [100.00%] | 2445119 [100.00%] | 1814 [100.00%] | 960 [100.00%] | 9020 [100.00%] |
|    Used Resources   |   32988 [  2.79%] |   3186 [  0.54%] |   35895 [  1.47%] |   45 [  2.48%] |   0 [  0.00%] |   24 [  0.27%] |
|    Unused Resources | 1149292 [ 97.21%] | 584285 [ 99.46%] | 2409224 [ 98.53%] | 1769 [ 97.52%] | 960 [100.00%] | 8996 [ 99.73%] |
| krnl_vaddmul        |   32988 [  2.79%] |   3186 [  0.54%] |   35895 [  1.47%] |   45 [  2.48%] |   0 [  0.00%] |   24 [  0.27%] |
|    krnl_vaddmul_1   |   10996 [  0.93%] |   1062 [  0.18%] |   11965 [  0.49%] |   15 [  0.83%] |   0 [  0.00%] |    8 [  0.09%] |
|    krnl_vaddmul_2   |   10996 [  0.93%] |   1062 [  0.18%] |   11965 [  0.49%] |   15 [  0.83%] |   0 [  0.00%] |    8 [  0.09%] |
|    krnl_vaddmul_3   |   10996 [  0.93%] |   1062 [  0.18%] |   11965 [  0.49%] |   15 [  0.83%] |   0 [  0.00%] |    8 [  0.09%] |
+---------------------+-------------------+------------------+-------------------+----------------+---------------+----------------+


