Copyright 1986-2021 Xilinx, Inc. All Rights Reserved.
---------------------------------------------------------------------------------------------------------------------------------------------------------------------------------------------------------------------------------------------------------------------------------------------------------------------------------------------------
| Tool Version : Vivado v.2021.2 (lin64) Build 3367213 Tue Oct 19 02:47:39 MDT 2021
| Date         : Sat Nov  9 10:30:14 2024
| Host         : hacc-gpu0 running 64-bit Ubuntu 20.04.6 LTS
| Command      : report_accelerator_utilization -kernels { krnl_vaddmul:pfm_top_i/dynamic_region/krnl_vaddmul_1/inst:krnl_vaddmul_1 krnl_vaddmul:pfm_top_i/dynamic_region/krnl_vaddmul_2/inst:krnl_vaddmul_2 krnl_vaddmul:pfm_top_i/dynamic_region/krnl_vaddmul_3/inst:krnl_vaddmul_3} -file kernel_util_routed.rpt -name kernel_util_routed -json
| Design       : pfm_top_wrapper
| Device       : xcu280
| Design State : Routed
---------------------------------------------------------------------------------------------------------------------------------------------------------------------------------------------------------------------------------------------------------------------------------------------------------------------------------------------------

Accelerator Utilization Design Information

Table of Contents
-----------------
1. System Utilization

1. System Utilization
---------------------

+---------------------+-------------------+------------------+-------------------+----------------+---------------+----------------+
| Name                | LUT               | LUTAsMem         | REG               | BRAM           | URAM          | DSP            |
+---------------------+-------------------+------------------+-------------------+----------------+---------------+----------------+
| Platform            |  106511 [  8.18%] |  11285 [  1.88%] |  157192 [  6.03%] |  202 [ 10.02%] |   0 [  0.00%] |    4 [  0.04%] |
| User Budget         | 1196209 [100.00%] | 589195 [100.00%] | 2450168 [100.00%] | 1814 [100.00%] | 960 [100.00%] | 9020 [100.00%] |
|    Used Resources   |   32035 [  2.68%] |   2220 [  0.38%] |   35763 [  1.46%] |   45 [  2.48%] |   0 [  0.00%] |   24 [  0.27%] |
|    Unused Resources | 1164174 [ 97.32%] | 586975 [ 99.62%] | 2414405 [ 98.54%] | 1769 [ 97.52%] | 960 [100.00%] | 8996 [ 99.73%] |
| krnl_vaddmul        |   32035 [  2.68%] |   2220 [  0.38%] |   35763 [  1.46%] |   45 [  2.48%] |   0 [  0.00%] |   24 [  0.27%] |
|    krnl_vaddmul_1   |   10708 [  0.90%] |    740 [  0.13%] |   11925 [  0.49%] |   15 [  0.83%] |   0 [  0.00%] |    8 [  0.09%] |
|    krnl_vaddmul_2   |   10667 [  0.89%] |    740 [  0.13%] |   11913 [  0.49%] |   15 [  0.83%] |   0 [  0.00%] |    8 [  0.09%] |
|    krnl_vaddmul_3   |   10660 [  0.89%] |    740 [  0.13%] |   11925 [  0.49%] |   15 [  0.83%] |   0 [  0.00%] |    8 [  0.09%] |
+---------------------+-------------------+------------------+-------------------+----------------+---------------+----------------+


