Copyright 1986-2021 Xilinx, Inc. All Rights Reserved.
------------------------------------------------------------------------------------------
| Tool Version : Vivado v.2021.2 (lin64) Build 3367213 Tue Oct 19 02:47:39 MDT 2021
| Date         : Tue Nov 12 11:00:12 2024
| Host         : hacc-gpu0 running 64-bit Ubuntu 20.04.6 LTS
| Command      : report_utilization -slr -file slr_util_routed.rpt -pb slr_util_routed.pb
| Design       : pfm_top_wrapper
| Device       : xcu280-fsvh2892-2L-e
| Speed File   : -2L
| Design State : Routed
------------------------------------------------------------------------------------------

Utilization Design Information

Table of Contents
-----------------
1. SLR Connectivity
2. SLR Connectivity Matrix
3. SLR CLB Logic and Dedicated Block Utilization
4. SLR IO Utilization

1. SLR Connectivity
-------------------

+----------------------------------+------+-------+-----------+-------+
|                                  | Used | Fixed | Available | Util% |
+----------------------------------+------+-------+-----------+-------+
| SLR2 <-> SLR1                    | 3970 |       |     23040 | 17.23 |
|   SLR1 -> SLR2                   | 2092 |       |           |  9.08 |
|     Using TX_REG only            |  267 |     1 |           |       |
|     Using RX_REG only            |  284 |    18 |           |       |
|     Using Both TX_REG and RX_REG |  267 |     1 |           |       |
|   SLR2 -> SLR1                   | 1878 |       |           |  8.15 |
|     Using TX_REG only            |  407 |     0 |           |       |
|     Using RX_REG only            |  412 |     4 |           |       |
|     Using Both TX_REG and RX_REG |  407 |     0 |           |       |
| SLR1 <-> SLR0                    | 2538 |       |     23040 | 11.02 |
|   SLR0 -> SLR1                   | 1138 |       |           |  4.94 |
|     Using TX_REG only            |  371 |    71 |           |       |
|     Using RX_REG only            |  361 |    61 |           |       |
|     Using Both TX_REG and RX_REG |  355 |    55 |           |       |
|   SLR1 -> SLR0                   | 1400 |       |           |  6.08 |
|     Using TX_REG only            |  437 |    62 |           |       |
|     Using RX_REG only            |  448 |    71 |           |       |
|     Using Both TX_REG and RX_REG |  435 |    60 |           |       |
+----------------------------------+------+-------+-----------+-------+
| Total SLLs Used                  | 6508 |       |           |       |
+----------------------------------+------+-------+-----------+-------+


2. SLR Connectivity Matrix
--------------------------

+-----------+------+------+------+
| FROM \ TO | SLR2 | SLR1 | SLR0 |
+-----------+------+------+------+
| SLR2      |    0 | 1686 |  192 |
| SLR1      | 1952 |    0 | 1208 |
| SLR0      |  140 |  998 |    0 |
+-----------+------+------+------+


3. SLR CLB Logic and Dedicated Block Utilization
------------------------------------------------

+----------------------------+-------+-------+-------+--------+--------+--------+
|          Site Type         |  SLR0 |  SLR1 |  SLR2 | SLR0 % | SLR1 % | SLR2 % |
+----------------------------+-------+-------+-------+--------+--------+--------+
| CLB                        | 12937 |  7199 |  8103 |  23.54 |  13.33 |  15.01 |
|   CLBL                     |  6498 |  3648 |  4180 |  22.19 |  12.46 |  14.28 |
|   CLBM                     |  6439 |  3551 |  3923 |  25.07 |  14.36 |  15.87 |
| CLB LUTs                   | 47261 | 47621 | 35310 |  10.75 |  11.02 |   8.17 |
|   LUT as Logic             | 37103 | 43649 | 32272 |   8.44 |  10.10 |   7.47 |
|     using O5 output only   |   784 |   288 |  1005 |   0.18 |   0.07 |   0.23 |
|     using O6 output only   | 24066 | 34244 | 19504 |   5.47 |   7.93 |   4.51 |
|     using O5 and O6        | 12253 |  9117 | 11763 |   2.79 |   2.11 |   2.72 |
|   LUT as Memory            | 10158 |  3972 |  3038 |   4.94 |   2.01 |   1.54 |
|     LUT as Distributed RAM |  4184 |  3837 |  1660 |   2.04 |   1.94 |   0.84 |
|       using O5 output only |     0 |     0 |     0 |   0.00 |   0.00 |   0.00 |
|       using O6 output only |    80 |   215 |    84 |   0.04 |   0.11 |   0.04 |
|       using O5 and O6      |  4104 |  3622 |  1576 |   2.00 |   1.83 |   0.80 |
|     LUT as Shift Register  |  5974 |   135 |  1378 |   2.91 |   0.07 |   0.70 |
|       using O5 output only |     0 |     0 |     0 |   0.00 |   0.00 |   0.00 |
|       using O6 output only |  2740 |   135 |  1248 |   1.33 |   0.07 |   0.63 |
|       using O5 and O6      |  3234 |     0 |   130 |   1.57 |   0.00 |   0.07 |
| CLB Registers              | 90916 | 46302 | 60535 |  10.34 |   5.36 |   7.01 |
| CARRY8                     |  1572 |   473 |   313 |   2.86 |   0.88 |   0.58 |
| F7 Muxes                   |   904 |   651 |  1054 |   0.41 |   0.30 |   0.49 |
| F8 Muxes                   |    16 |   141 |    47 |   0.01 |   0.13 |   0.04 |
| F9 Muxes                   |     0 |     0 |     0 |   0.00 |   0.00 |   0.00 |
| Block RAM Tile             |  73.5 |  80.5 |    94 |  10.94 |  11.98 |  13.99 |
|   RAMB36/FIFO              |    70 |    80 |    92 |  10.42 |  11.90 |  13.69 |
|     RAMB36E2 only          |    70 |    80 |    92 |  10.42 |  11.90 |  13.69 |
|   RAMB18                   |     7 |     1 |     4 |   0.52 |   0.07 |   0.30 |
|     RAMB18E2 only          |     7 |     1 |     4 |   0.52 |   0.07 |   0.30 |
| URAM                       |     0 |     0 |     0 |   0.00 |   0.00 |   0.00 |
| DSPs                       |   140 |     0 |     4 |   4.86 |   0.00 |   0.13 |
| Unique Control Sets        |  2610 |  1502 |  2718 |   2.37 |   1.39 |   2.52 |
+----------------------------+-------+-------+-------+--------+--------+--------+
* Note: Available Control Sets based on CLB Registers / 8


4. SLR IO Utilization
---------------------

+-----------+-----------+---------+------------+----------+------------+----------+-----+
| SLR Index | Used IOBs | (%)IOBs | Used IPADs | (%)IPADs | Used OPADs | (%)OPADs | GTs |
+-----------+-----------+---------+------------+----------+------------+----------+-----+
| SLR2      |        18 |    8.65 |          0 |     0.00 |          0 |     0.00 |   0 |
| SLR1      |         0 |    0.00 |          0 |     0.00 |          0 |     0.00 |   0 |
| SLR0      |         1 |    0.48 |          0 |     0.00 |          0 |     0.00 |  16 |
+-----------+-----------+---------+------------+----------+------------+----------+-----+
| Total     |        19 |         |          0 |          |          0 |          |  16 |
+-----------+-----------+---------+------------+----------+------------+----------+-----+


