Copyright 1986-2021 Xilinx, Inc. All Rights Reserved.
----------------------------------------------------------------------------------------------------------------------------------------------------------------------------------------------------------------------------------------------------------------------------------------------------------------------------------------------------------------------------------------------------------------------------
| Tool Version : Vivado v.2021.2 (lin64) Build 3367213 Tue Oct 19 02:47:39 MDT 2021
| Date         : Tue Nov 12 10:59:50 2024
| Host         : hacc-gpu0 running 64-bit Ubuntu 20.04.6 LTS
| Command      : report_accelerator_utilization -kernels { krnl_vaddmul:pfm_top_i/dynamic_region/krnl_vaddmul_1/inst:krnl_vaddmul_1 krnl_vaddmul:pfm_top_i/dynamic_region/krnl_vaddmul_2/inst:krnl_vaddmul_2 krnl_vaddmul:pfm_top_i/dynamic_region/krnl_vaddmul_3/inst:krnl_vaddmul_3 krnl_vaddmul:pfm_top_i/dynamic_region/krnl_vaddmul_4/inst:krnl_vaddmul_4} -file kernel_util_routed.rpt -name kernel_util_routed -json
| Design       : pfm_top_wrapper
| Device       : xcu280
| Design State : Routed
----------------------------------------------------------------------------------------------------------------------------------------------------------------------------------------------------------------------------------------------------------------------------------------------------------------------------------------------------------------------------------------------------------------------------

Accelerator Utilization Design Information

Table of Contents
-----------------
1. System Utilization

1. System Utilization
---------------------

+---------------------+-------------------+------------------+-------------------+----------------+---------------+----------------+
| Name                | LUT               | LUTAsMem         | REG               | BRAM           | URAM          | DSP            |
+---------------------+-------------------+------------------+-------------------+----------------+---------------+----------------+
| Platform            |  109587 [  8.41%] |  12948 [  2.16%] |  161889 [  6.21%] |  202 [ 10.02%] |   0 [  0.00%] |    4 [  0.04%] |
| User Budget         | 1193133 [100.00%] | 587532 [100.00%] | 2445471 [100.00%] | 1814 [100.00%] | 960 [100.00%] | 9020 [100.00%] |
|    Used Resources   |   20608 [  1.73%] |   4220 [  0.72%] |   35864 [  1.47%] |   44 [  2.43%] |   0 [  0.00%] |  140 [  1.55%] |
|    Unused Resources | 1172525 [ 98.27%] | 583312 [ 99.28%] | 2409607 [ 98.53%] | 1770 [ 97.57%] | 960 [100.00%] | 8880 [ 98.45%] |
| krnl_vaddmul        |   20608 [  1.73%] |   4220 [  0.72%] |   35864 [  1.47%] |   44 [  2.43%] |   0 [  0.00%] |  140 [  1.55%] |
|    krnl_vaddmul_1   |    5162 [  0.43%] |   1055 [  0.18%] |    8968 [  0.37%] |   11 [  0.61%] |   0 [  0.00%] |   35 [  0.39%] |
|    krnl_vaddmul_2   |    5146 [  0.43%] |   1055 [  0.18%] |    8968 [  0.37%] |   11 [  0.61%] |   0 [  0.00%] |   35 [  0.39%] |
|    krnl_vaddmul_3   |    5148 [  0.43%] |   1055 [  0.18%] |    8957 [  0.37%] |   11 [  0.61%] |   0 [  0.00%] |   35 [  0.39%] |
|    krnl_vaddmul_4   |    5152 [  0.43%] |   1055 [  0.18%] |    8971 [  0.37%] |   11 [  0.61%] |   0 [  0.00%] |   35 [  0.39%] |
+---------------------+-------------------+------------------+-------------------+----------------+---------------+----------------+


