Copyright 1986-2021 Xilinx, Inc. All Rights Reserved.
----------------------------------------------------------------------------------------------------------------------------------------------------------------------------------------
| Tool Version : Vivado v.2021.2 (lin64) Build 3367213 Tue Oct 19 02:47:39 MDT 2021
| Date         : Wed Nov 13 21:13:05 2024
| Host         : hacc-gpu0 running 64-bit Ubuntu 20.04.6 LTS
| Command      : report_accelerator_utilization -kernels { krnl_vadd:pfm_top_i/dynamic_region/krnl_vadd_1/inst:krnl_vadd_1} -file kernel_util_routed.rpt -name kernel_util_routed -json
| Design       : pfm_top_wrapper
| Device       : xcu280
| Design State : Routed
----------------------------------------------------------------------------------------------------------------------------------------------------------------------------------------

Accelerator Utilization Design Information

Table of Contents
-----------------
1. System Utilization

1. System Utilization
---------------------

+---------------------+-------------------+------------------+-------------------+----------------+---------------+----------------+
| Name                | LUT               | LUTAsMem         | REG               | BRAM           | URAM          | DSP            |
+---------------------+-------------------+------------------+-------------------+----------------+---------------+----------------+
| Platform            |  104118 [  7.99%] |  10550 [  1.76%] |  152483 [  5.85%] |  202 [ 10.02%] |   0 [  0.00%] |    4 [  0.04%] |
| User Budget         | 1198602 [100.00%] | 589930 [100.00%] | 2454877 [100.00%] | 1814 [100.00%] | 960 [100.00%] | 9020 [100.00%] |
|    Used Resources   |    6662 [  0.56%] |    987 [  0.17%] |   12444 [  0.51%] |   23 [  1.27%] |   0 [  0.00%] |    7 [  0.08%] |
|    Unused Resources | 1191940 [ 99.44%] | 588943 [ 99.83%] | 2442433 [ 99.49%] | 1791 [ 98.73%] | 960 [100.00%] | 9013 [ 99.92%] |
| krnl_vadd           |    6662 [  0.56%] |    987 [  0.17%] |   12444 [  0.51%] |   23 [  1.27%] |   0 [  0.00%] |    7 [  0.08%] |
|    krnl_vadd_1      |    6662 [  0.56%] |    987 [  0.17%] |   12444 [  0.51%] |   23 [  1.27%] |   0 [  0.00%] |    7 [  0.08%] |
+---------------------+-------------------+------------------+-------------------+----------------+---------------+----------------+


