Copyright 1986-2021 Xilinx, Inc. All Rights Reserved.
------------------------------------------------------------------------------------------
| Tool Version : Vivado v.2021.2 (lin64) Build 3367213 Tue Oct 19 02:47:39 MDT 2021
| Date         : Tue Oct 22 11:44:56 2024
| Host         : hacc-gpu0 running 64-bit Ubuntu 20.04.6 LTS
| Command      : report_utilization -slr -file slr_util_routed.rpt -pb slr_util_routed.pb
| Design       : pfm_top_wrapper
| Device       : xcu280-fsvh2892-2L-e
| Speed File   : -2L
| Design State : Routed
------------------------------------------------------------------------------------------

Utilization Design Information

Table of Contents
-----------------
1. SLR Connectivity
2. SLR Connectivity Matrix
3. SLR CLB Logic and Dedicated Block Utilization
4. SLR IO Utilization

1. SLR Connectivity
-------------------

+----------------------------------+------+-------+-----------+-------+
|                                  | Used | Fixed | Available | Util% |
+----------------------------------+------+-------+-----------+-------+
| SLR2 <-> SLR1                    | 3982 |       |     23040 | 17.28 |
|   SLR1 -> SLR2                   | 2100 |       |           |  9.11 |
|     Using TX_REG only            |  267 |     1 |           |       |
|     Using RX_REG only            |  284 |    18 |           |       |
|     Using Both TX_REG and RX_REG |  267 |     1 |           |       |
|   SLR2 -> SLR1                   | 1882 |       |           |  8.17 |
|     Using TX_REG only            |  407 |     0 |           |       |
|     Using RX_REG only            |  412 |     4 |           |       |
|     Using Both TX_REG and RX_REG |  407 |     0 |           |       |
| SLR1 <-> SLR0                    | 2541 |       |     23040 | 11.03 |
|   SLR0 -> SLR1                   | 1140 |       |           |  4.95 |
|     Using TX_REG only            |  371 |    71 |           |       |
|     Using RX_REG only            |  361 |    61 |           |       |
|     Using Both TX_REG and RX_REG |  355 |    55 |           |       |
|   SLR1 -> SLR0                   | 1401 |       |           |  6.08 |
|     Using TX_REG only            |  437 |    62 |           |       |
|     Using RX_REG only            |  448 |    71 |           |       |
|     Using Both TX_REG and RX_REG |  435 |    60 |           |       |
+----------------------------------+------+-------+-----------+-------+
| Total SLLs Used                  | 6523 |       |           |       |
+----------------------------------+------+-------+-----------+-------+


2. SLR Connectivity Matrix
--------------------------

+-----------+------+------+------+
| FROM \ TO | SLR2 | SLR1 | SLR0 |
+-----------+------+------+------+
| SLR2      |    0 | 1724 |  158 |
| SLR1      | 1963 |    0 | 1243 |
| SLR0      |  137 | 1003 |    0 |
+-----------+------+------+------+


3. SLR CLB Logic and Dedicated Block Utilization
------------------------------------------------

+----------------------------+--------+-------+-------+--------+--------+--------+
|          Site Type         |  SLR0  |  SLR1 |  SLR2 | SLR0 % | SLR1 % | SLR2 % |
+----------------------------+--------+-------+-------+--------+--------+--------+
| CLB                        |  32533 |  6745 |  7832 |  59.19 |  12.49 |  14.50 |
|   CLBL                     |  16709 |  3387 |  4058 |  57.07 |  11.57 |  13.86 |
|   CLBM                     |  15824 |  3358 |  3774 |  61.62 |  13.58 |  15.27 |
| CLB LUTs                   | 105080 | 47667 | 35294 |  23.90 |  11.03 |   8.17 |
|   LUT as Logic             |  73418 | 43695 | 32254 |  16.70 |  10.11 |   7.47 |
|     using O5 output only   |   1726 |   288 |  1012 |   0.39 |   0.07 |   0.23 |
|     using O6 output only   |  47412 | 34269 | 19488 |  10.78 |   7.93 |   4.51 |
|     using O5 and O6        |  24280 |  9138 | 11754 |   5.52 |   2.12 |   2.72 |
|   LUT as Memory            |  31662 |  3972 |  3040 |  15.41 |   2.01 |   1.54 |
|     LUT as Distributed RAM |  17328 |  3837 |  1660 |   8.43 |   1.94 |   0.84 |
|       using O5 output only |      0 |     0 |     0 |   0.00 |   0.00 |   0.00 |
|       using O6 output only |     80 |   215 |    84 |   0.04 |   0.11 |   0.04 |
|       using O5 and O6      |  17248 |  3622 |  1576 |   8.40 |   1.83 |   0.80 |
|     LUT as Shift Register  |  14334 |   135 |  1380 |   6.98 |   0.07 |   0.70 |
|       using O5 output only |      0 |     0 |     0 |   0.00 |   0.00 |   0.00 |
|       using O6 output only |   8684 |   135 |  1250 |   4.23 |   0.07 |   0.63 |
|       using O5 and O6      |   5650 |     0 |   130 |   2.75 |   0.00 |   0.07 |
| CLB Registers              | 225142 | 46338 | 60690 |  25.60 |   5.36 |   7.02 |
| CARRY8                     |   2709 |   473 |   313 |   4.93 |   0.88 |   0.58 |
| F7 Muxes                   |   3296 |   651 |  1054 |   1.50 |   0.30 |   0.49 |
| F8 Muxes                   |    944 |   141 |    47 |   0.86 |   0.13 |   0.04 |
| F9 Muxes                   |      0 |     0 |     0 |   0.00 |   0.00 |   0.00 |
| Block RAM Tile             |  389.5 |  80.5 |    94 |  57.96 |  11.98 |  13.99 |
|   RAMB36/FIFO              |    388 |    80 |    92 |  57.74 |  11.90 |  13.69 |
|     RAMB36E2 only          |    388 |    80 |    92 |  57.74 |  11.90 |  13.69 |
|   RAMB18                   |      3 |     1 |     4 |   0.22 |   0.07 |   0.30 |
|     RAMB18E2 only          |      3 |     1 |     4 |   0.22 |   0.07 |   0.30 |
| URAM                       |      0 |     0 |     0 |   0.00 |   0.00 |   0.00 |
| DSPs                       |    400 |     0 |     4 |  13.89 |   0.00 |   0.13 |
| Unique Control Sets        |   5209 |  1505 |  2720 |   4.74 |   1.39 |   2.52 |
+----------------------------+--------+-------+-------+--------+--------+--------+
* Note: Available Control Sets based on CLB Registers / 8


4. SLR IO Utilization
---------------------

+-----------+-----------+---------+------------+----------+------------+----------+-----+
| SLR Index | Used IOBs | (%)IOBs | Used IPADs | (%)IPADs | Used OPADs | (%)OPADs | GTs |
+-----------+-----------+---------+------------+----------+------------+----------+-----+
| SLR2      |        18 |    8.65 |          0 |     0.00 |          0 |     0.00 |   0 |
| SLR1      |         0 |    0.00 |          0 |     0.00 |          0 |     0.00 |   0 |
| SLR0      |         1 |    0.48 |          0 |     0.00 |          0 |     0.00 |  16 |
+-----------+-----------+---------+------------+----------+------------+----------+-----+
| Total     |        19 |         |          0 |          |          0 |          |  16 |
+-----------+-----------+---------+------------+----------+------------+----------+-----+


