Copyright 1986-2021 Xilinx, Inc. All Rights Reserved.
----------------------------------------------------------------------------------------------------------------------------------------------------------------------------------------------------------------------------------------------------------------------------------------------------------------------------------------------------------------------------------------------------------------------------------------------------------------------------------------------------------------------------
| Tool Version : Vivado v.2021.2 (lin64) Build 3367213 Tue Oct 19 02:47:39 MDT 2021
| Date         : Sat Dec  7 13:33:00 2024
| Host         : hacc-gpu0 running 64-bit Ubuntu 20.04.6 LTS
| Command      : report_accelerator_utilization -kernels { spmv_result_drain:pfm_top_i/dynamic_region/RD/inst:RD spmv_sk0:pfm_top_i/dynamic_region/SK0/inst:SK0 spmv_sk1:pfm_top_i/dynamic_region/SK1/inst:SK1 spmv_sk2:pfm_top_i/dynamic_region/SK2/inst:SK2 spmv_vector_loader:pfm_top_i/dynamic_region/VL/inst:VL k2k_relay:pfm_top_i/dynamic_region/relay_SK2_rout/inst:relay_SK2_rout k2k_relay:pfm_top_i/dynamic_region/relay_SK2_vin/inst:relay_SK2_vin} -file kernel_util_routed.rpt -name kernel_util_routed -json
| Design       : pfm_top_wrapper
| Device       : xcu280
| Design State : Routed
----------------------------------------------------------------------------------------------------------------------------------------------------------------------------------------------------------------------------------------------------------------------------------------------------------------------------------------------------------------------------------------------------------------------------------------------------------------------------------------------------------------------------

Accelerator Utilization Design Information

Table of Contents
-----------------
1. System Utilization

1. System Utilization
---------------------

+---------------------+-------------------+------------------+-------------------+----------------+---------------+----------------+
| Name                | LUT               | LUTAsMem         | REG               | BRAM           | URAM          | DSP            |
+---------------------+-------------------+------------------+-------------------+----------------+---------------+----------------+
| Platform            |  150970 [ 11.59%] |  32690 [  5.44%] |  281719 [ 10.80%] |  244 [ 12.10%] |   0 [  0.00%] |    4 [  0.04%] |
| User Budget         | 1151750 [100.00%] | 567790 [100.00%] | 2325641 [100.00%] | 1772 [100.00%] | 960 [100.00%] | 9020 [100.00%] |
|    Used Resources   |  610335 [ 52.99%] | 138684 [ 24.43%] |  735638 [ 31.63%] | 1024 [ 57.79%] | 512 [ 53.33%] | 2480 [ 27.49%] |
|    Unused Resources |  541415 [ 47.01%] | 429106 [ 75.57%] | 1590003 [ 68.37%] |  748 [ 42.21%] | 448 [ 46.67%] | 6540 [ 72.51%] |
| k2k_relay           |     874 [  0.08%] |      0 [  0.00%] |    2978 [  0.13%] |    0 [  0.00%] |   0 [  0.00%] |    0 [  0.00%] |
|    relay_SK2_rout   |     504 [  0.04%] |      0 [  0.00%] |    1478 [  0.06%] |    0 [  0.00%] |   0 [  0.00%] |    0 [  0.00%] |
|    relay_SK2_vin    |     370 [  0.03%] |      0 [  0.00%] |    1500 [  0.06%] |    0 [  0.00%] |   0 [  0.00%] |    0 [  0.00%] |
| spmv_result_drain   |    2015 [  0.17%] |    412 [  0.07%] |    4486 [  0.19%] |    4 [  0.23%] |   0 [  0.00%] |    0 [  0.00%] |
|    RD               |    2015 [  0.17%] |    412 [  0.07%] |    4486 [  0.19%] |    4 [  0.23%] |   0 [  0.00%] |    0 [  0.00%] |
| spmv_sk0            |  151328 [ 13.14%] |  34376 [  6.05%] |  181381 [  7.80%] |  254 [ 14.33%] | 128 [ 13.33%] |  620 [  6.87%] |
|    SK0              |  151328 [ 13.14%] |  34376 [  6.05%] |  181381 [  7.80%] |  254 [ 14.33%] | 128 [ 13.33%] |  620 [  6.87%] |
| spmv_sk1            |  227479 [ 19.75%] |  51564 [  9.08%] |  270881 [ 11.65%] |  381 [ 21.50%] | 192 [ 20.00%] |  930 [ 10.31%] |
|    SK1              |  227479 [ 19.75%] |  51564 [  9.08%] |  270881 [ 11.65%] |  381 [ 21.50%] | 192 [ 20.00%] |  930 [ 10.31%] |
| spmv_sk2            |  226142 [ 19.63%] |  51564 [  9.08%] |  270507 [ 11.63%] |  381 [ 21.50%] | 192 [ 20.00%] |  930 [ 10.31%] |
|    SK2              |  226142 [ 19.63%] |  51564 [  9.08%] |  270507 [ 11.63%] |  381 [ 21.50%] | 192 [ 20.00%] |  930 [ 10.31%] |
| spmv_vector_loader  |    2497 [  0.22%] |    768 [  0.14%] |    5405 [  0.23%] |    4 [  0.23%] |   0 [  0.00%] |    0 [  0.00%] |
|    VL               |    2497 [  0.22%] |    768 [  0.14%] |    5405 [  0.23%] |    4 [  0.23%] |   0 [  0.00%] |    0 [  0.00%] |
+---------------------+-------------------+------------------+-------------------+----------------+---------------+----------------+


