Copyright 1986-2021 Xilinx, Inc. All Rights Reserved.
-------------------------------------------------------------------------------------------------------------------------------------------------------------------------------------------------------------------------------------------------------------------------------------------------------------------------------------------------------------------------------------------------------------------------------------------------------------------------------------------------------
| Tool Version : Vivado v.2021.2 (lin64) Build 3367213 Tue Oct 19 02:47:39 MDT 2021
| Date         : Sun Nov 17 19:44:57 2024
| Host         : hacc-gpu0 running 64-bit Ubuntu 20.04.6 LTS
| Command      : report_accelerator_utilization -kernels { krnl_vaddmul:pfm_top_i/dynamic_region/krnl_vaddmul_1/inst:krnl_vaddmul_1 krnl_vaddmul:pfm_top_i/dynamic_region/krnl_vaddmul_2/inst:krnl_vaddmul_2 krnl_vaddmul:pfm_top_i/dynamic_region/krnl_vaddmul_3/inst:krnl_vaddmul_3 krnl_vaddmul:pfm_top_i/dynamic_region/krnl_vaddmul_4/inst:krnl_vaddmul_4 krnl_vaddmul:pfm_top_i/dynamic_region/krnl_vaddmul_5/inst:krnl_vaddmul_5} -file kernel_util_synthed.rpt -name kernel_util_synthed -json
| Design       : pfm_top_wrapper
| Device       : xcu280
| Design State : Synthesized
-------------------------------------------------------------------------------------------------------------------------------------------------------------------------------------------------------------------------------------------------------------------------------------------------------------------------------------------------------------------------------------------------------------------------------------------------------------------------------------------------------

Accelerator Utilization Design Information

Table of Contents
-----------------
1. System Utilization

1. System Utilization
---------------------

+---------------------+-------------------+------------------+-------------------+----------------+---------------+----------------+
| Name                | LUT               | LUTAsMem         | REG               | BRAM           | URAM          | DSP            |
+---------------------+-------------------+------------------+-------------------+----------------+---------------+----------------+
| Platform            |  175604 [ 13.48%] |  39692 [  6.61%] |  262802 [ 10.08%] |  204 [ 10.12%] |   0 [  0.00%] |    4 [  0.04%] |
| User Budget         | 1127116 [100.00%] | 560788 [100.00%] | 2344558 [100.00%] | 1812 [100.00%] | 960 [100.00%] | 9020 [100.00%] |
|    Used Resources   |   57225 [  5.08%] |  31565 [  5.63%] |   68805 [  2.93%] |  100 [  5.52%] |   0 [  0.00%] |   80 [  0.89%] |
|    Unused Resources | 1069891 [ 94.92%] | 529223 [ 94.37%] | 2275753 [ 97.07%] | 1712 [ 94.48%] | 960 [100.00%] | 8940 [ 99.11%] |
| krnl_vaddmul        |   57225 [  5.08%] |  31565 [  5.63%] |   68805 [  2.93%] |  100 [  5.52%] |   0 [  0.00%] |   80 [  0.89%] |
|    krnl_vaddmul_1   |   11445 [  1.02%] |   6313 [  1.13%] |   13761 [  0.59%] |   20 [  1.10%] |   0 [  0.00%] |   16 [  0.18%] |
|    krnl_vaddmul_2   |   11445 [  1.02%] |   6313 [  1.13%] |   13761 [  0.59%] |   20 [  1.10%] |   0 [  0.00%] |   16 [  0.18%] |
|    krnl_vaddmul_3   |   11445 [  1.02%] |   6313 [  1.13%] |   13761 [  0.59%] |   20 [  1.10%] |   0 [  0.00%] |   16 [  0.18%] |
|    krnl_vaddmul_4   |   11445 [  1.02%] |   6313 [  1.13%] |   13761 [  0.59%] |   20 [  1.10%] |   0 [  0.00%] |   16 [  0.18%] |
|    krnl_vaddmul_5   |   11445 [  1.02%] |   6313 [  1.13%] |   13761 [  0.59%] |   20 [  1.10%] |   0 [  0.00%] |   16 [  0.18%] |
+---------------------+-------------------+------------------+-------------------+----------------+---------------+----------------+


