Copyright 1986-2021 Xilinx, Inc. All Rights Reserved.
----------------------------------------------------------------------------------------------------------------------------------------------------------------------------------------------------------------------------------------------------------------------------------------------------------------------------------------------------------------------------------------------------------------------------
| Tool Version : Vivado v.2021.2 (lin64) Build 3367213 Tue Oct 19 02:47:39 MDT 2021
| Date         : Sun Nov 10 19:29:34 2024
| Host         : hacc-gpu0 running 64-bit Ubuntu 20.04.6 LTS
| Command      : report_accelerator_utilization -kernels { krnl_vaddmul:pfm_top_i/dynamic_region/krnl_vaddmul_1/inst:krnl_vaddmul_1 krnl_vaddmul:pfm_top_i/dynamic_region/krnl_vaddmul_2/inst:krnl_vaddmul_2 krnl_vaddmul:pfm_top_i/dynamic_region/krnl_vaddmul_3/inst:krnl_vaddmul_3 krnl_vaddmul:pfm_top_i/dynamic_region/krnl_vaddmul_4/inst:krnl_vaddmul_4} -file kernel_util_routed.rpt -name kernel_util_routed -json
| Design       : pfm_top_wrapper
| Device       : xcu280
| Design State : Routed
----------------------------------------------------------------------------------------------------------------------------------------------------------------------------------------------------------------------------------------------------------------------------------------------------------------------------------------------------------------------------------------------------------------------------

Accelerator Utilization Design Information

Table of Contents
-----------------
1. System Utilization

1. System Utilization
---------------------

+---------------------+-------------------+------------------+-------------------+----------------+---------------+----------------+
| Name                | LUT               | LUTAsMem         | REG               | BRAM           | URAM          | DSP            |
+---------------------+-------------------+------------------+-------------------+----------------+---------------+----------------+
| Platform            |  132665 [ 10.18%] |  22286 [  3.71%] |  195193 [  7.49%] |  204 [ 10.12%] |   0 [  0.00%] |    4 [  0.04%] |
| User Budget         | 1170055 [100.00%] | 578194 [100.00%] | 2412167 [100.00%] | 1812 [100.00%] | 960 [100.00%] | 9020 [100.00%] |
|    Used Resources   |   30937 [  2.64%] |  12476 [  2.16%] |   46450 [  1.93%] |   80 [  4.42%] |   0 [  0.00%] |   64 [  0.71%] |
|    Unused Resources | 1139118 [ 97.36%] | 565718 [ 97.84%] | 2365717 [ 98.07%] | 1732 [ 95.58%] | 960 [100.00%] | 8956 [ 99.29%] |
| krnl_vaddmul        |   30937 [  2.64%] |  12476 [  2.16%] |   46450 [  1.93%] |   80 [  4.42%] |   0 [  0.00%] |   64 [  0.71%] |
|    krnl_vaddmul_1   |    7737 [  0.66%] |   3119 [  0.54%] |   11612 [  0.48%] |   20 [  1.10%] |   0 [  0.00%] |   16 [  0.18%] |
|    krnl_vaddmul_2   |    7737 [  0.66%] |   3119 [  0.54%] |   11626 [  0.48%] |   20 [  1.10%] |   0 [  0.00%] |   16 [  0.18%] |
|    krnl_vaddmul_3   |    7734 [  0.66%] |   3119 [  0.54%] |   11602 [  0.48%] |   20 [  1.10%] |   0 [  0.00%] |   16 [  0.18%] |
|    krnl_vaddmul_4   |    7729 [  0.66%] |   3119 [  0.54%] |   11610 [  0.48%] |   20 [  1.10%] |   0 [  0.00%] |   16 [  0.18%] |
+---------------------+-------------------+------------------+-------------------+----------------+---------------+----------------+


