Copyright 1986-2021 Xilinx, Inc. All Rights Reserved.
------------------------------------------------------------------------------------------
| Tool Version : Vivado v.2021.2 (lin64) Build 3367213 Tue Oct 19 02:47:39 MDT 2021
| Date         : Wed Nov 13 05:55:19 2024
| Host         : hacc-gpu0 running 64-bit Ubuntu 20.04.6 LTS
| Command      : report_utilization -slr -file slr_util_routed.rpt -pb slr_util_routed.pb
| Design       : pfm_top_wrapper
| Device       : xcu280-fsvh2892-2L-e
| Speed File   : -2L
| Design State : Routed
------------------------------------------------------------------------------------------

Utilization Design Information

Table of Contents
-----------------
1. SLR Connectivity
2. SLR Connectivity Matrix
3. SLR CLB Logic and Dedicated Block Utilization
4. SLR IO Utilization

1. SLR Connectivity
-------------------

+----------------------------------+------+-------+-----------+-------+
|                                  | Used | Fixed | Available | Util% |
+----------------------------------+------+-------+-----------+-------+
| SLR2 <-> SLR1                    | 3983 |       |     23040 | 17.29 |
|   SLR1 -> SLR2                   | 2101 |       |           |  9.12 |
|     Using TX_REG only            |  267 |     1 |           |       |
|     Using RX_REG only            |  284 |    18 |           |       |
|     Using Both TX_REG and RX_REG |  267 |     1 |           |       |
|   SLR2 -> SLR1                   | 1882 |       |           |  8.17 |
|     Using TX_REG only            |  407 |     0 |           |       |
|     Using RX_REG only            |  412 |     4 |           |       |
|     Using Both TX_REG and RX_REG |  407 |     0 |           |       |
| SLR1 <-> SLR0                    | 2549 |       |     23040 | 11.06 |
|   SLR0 -> SLR1                   | 1143 |       |           |  4.96 |
|     Using TX_REG only            |  371 |    71 |           |       |
|     Using RX_REG only            |  361 |    61 |           |       |
|     Using Both TX_REG and RX_REG |  355 |    55 |           |       |
|   SLR1 -> SLR0                   | 1406 |       |           |  6.10 |
|     Using TX_REG only            |  437 |    62 |           |       |
|     Using RX_REG only            |  447 |    71 |           |       |
|     Using Both TX_REG and RX_REG |  435 |    60 |           |       |
+----------------------------------+------+-------+-----------+-------+
| Total SLLs Used                  | 6532 |       |           |       |
+----------------------------------+------+-------+-----------+-------+


2. SLR Connectivity Matrix
--------------------------

+-----------+------+------+------+
| FROM \ TO | SLR2 | SLR1 | SLR0 |
+-----------+------+------+------+
| SLR2      |    0 | 1720 |  162 |
| SLR1      | 1961 |    0 | 1244 |
| SLR0      |  140 | 1003 |    0 |
+-----------+------+------+------+


3. SLR CLB Logic and Dedicated Block Utilization
------------------------------------------------

+----------------------------+--------+-------+-------+--------+--------+--------+
|          Site Type         |  SLR0  |  SLR1 |  SLR2 | SLR0 % | SLR1 % | SLR2 % |
+----------------------------+--------+-------+-------+--------+--------+--------+
| CLB                        |  43401 |  6743 |  7803 |  78.97 |  12.49 |  14.45 |
|   CLBL                     |  22765 |  3382 |  4074 |  77.75 |  11.55 |  13.91 |
|   CLBM                     |  20636 |  3361 |  3729 |  80.36 |  13.60 |  15.08 |
| CLB LUTs                   | 178548 | 47684 | 35206 |  40.61 |  11.04 |   8.15 |
|   LUT as Logic             | 151273 | 43712 | 32199 |  34.41 |  10.12 |   7.45 |
|     using O5 output only   |   1856 |   288 |   998 |   0.42 |   0.07 |   0.23 |
|     using O6 output only   | 119689 | 34269 | 19441 |  27.22 |   7.93 |   4.50 |
|     using O5 and O6        |  29728 |  9155 | 11760 |   6.76 |   2.12 |   2.72 |
|   LUT as Memory            |  27275 |  3972 |  3007 |  13.28 |   2.01 |   1.52 |
|     LUT as Distributed RAM |  17328 |  3837 |  1660 |   8.43 |   1.94 |   0.84 |
|       using O5 output only |      0 |     0 |     0 |   0.00 |   0.00 |   0.00 |
|       using O6 output only |     80 |   215 |    84 |   0.04 |   0.11 |   0.04 |
|       using O5 and O6      |  17248 |  3622 |  1576 |   8.40 |   1.83 |   0.80 |
|     LUT as Shift Register  |   9947 |   135 |  1347 |   4.84 |   0.07 |   0.68 |
|       using O5 output only |      0 |     0 |     0 |   0.00 |   0.00 |   0.00 |
|       using O6 output only |   4345 |   135 |  1217 |   2.11 |   0.07 |   0.62 |
|       using O5 and O6      |   5602 |     0 |   130 |   2.73 |   0.00 |   0.07 |
| CLB Registers              | 253292 | 46337 | 60315 |  28.80 |   5.36 |   6.98 |
| CARRY8                     |   2157 |   473 |   313 |   3.92 |   0.88 |   0.58 |
| F7 Muxes                   |   1384 |   651 |  1054 |   0.63 |   0.30 |   0.49 |
| F8 Muxes                   |     16 |   141 |    47 |   0.01 |   0.13 |   0.04 |
| F9 Muxes                   |      0 |     0 |     0 |   0.00 |   0.00 |   0.00 |
| Block RAM Tile             |  273.5 |  80.5 |    94 |  40.70 |  11.98 |  13.99 |
|   RAMB36/FIFO              |    268 |    80 |    92 |  39.88 |  11.90 |  13.69 |
|     RAMB36E2 only          |    268 |    80 |    92 |  39.88 |  11.90 |  13.69 |
|   RAMB18                   |     11 |     1 |     4 |   0.82 |   0.07 |   0.30 |
|     RAMB18E2 only          |     11 |     1 |     4 |   0.82 |   0.07 |   0.30 |
| URAM                       |      0 |     0 |     0 |   0.00 |   0.00 |   0.00 |
| DSPs                       |    428 |     0 |     4 |  14.86 |   0.00 |   0.13 |
| Unique Control Sets        |   5433 |  1505 |  2713 |   4.94 |   1.39 |   2.51 |
+----------------------------+--------+-------+-------+--------+--------+--------+
* Note: Available Control Sets based on CLB Registers / 8


4. SLR IO Utilization
---------------------

+-----------+-----------+---------+------------+----------+------------+----------+-----+
| SLR Index | Used IOBs | (%)IOBs | Used IPADs | (%)IPADs | Used OPADs | (%)OPADs | GTs |
+-----------+-----------+---------+------------+----------+------------+----------+-----+
| SLR2      |        18 |    8.65 |          0 |     0.00 |          0 |     0.00 |   0 |
| SLR1      |         0 |    0.00 |          0 |     0.00 |          0 |     0.00 |   0 |
| SLR0      |         1 |    0.48 |          0 |     0.00 |          0 |     0.00 |  16 |
+-----------+-----------+---------+------------+----------+------------+----------+-----+
| Total     |        19 |         |          0 |          |          0 |          |  16 |
+-----------+-----------+---------+------------+----------+------------+----------+-----+


