Copyright 1986-2021 Xilinx, Inc. All Rights Reserved.
----------------------------------------------------------------------------------------------------------------------------------------------------------------------------------------------------------------------------------------------------------------------------------------------------------------------------------------------------------------------------------------------------------------------------
| Tool Version : Vivado v.2021.2 (lin64) Build 3367213 Tue Oct 19 02:47:39 MDT 2021
| Date         : Wed Nov 13 05:54:39 2024
| Host         : hacc-gpu0 running 64-bit Ubuntu 20.04.6 LTS
| Command      : report_accelerator_utilization -kernels { krnl_vaddmul:pfm_top_i/dynamic_region/krnl_vaddmul_1/inst:krnl_vaddmul_1 krnl_vaddmul:pfm_top_i/dynamic_region/krnl_vaddmul_2/inst:krnl_vaddmul_2 krnl_vaddmul:pfm_top_i/dynamic_region/krnl_vaddmul_3/inst:krnl_vaddmul_3 krnl_vaddmul:pfm_top_i/dynamic_region/krnl_vaddmul_4/inst:krnl_vaddmul_4} -file kernel_util_routed.rpt -name kernel_util_routed -json
| Design       : pfm_top_wrapper
| Device       : xcu280
| Design State : Routed
----------------------------------------------------------------------------------------------------------------------------------------------------------------------------------------------------------------------------------------------------------------------------------------------------------------------------------------------------------------------------------------------------------------------------

Accelerator Utilization Design Information

Table of Contents
-----------------
1. System Utilization

1. System Utilization
---------------------

+---------------------+-------------------+------------------+-------------------+----------------+---------------+----------------+
| Name                | LUT               | LUTAsMem         | REG               | BRAM           | URAM          | DSP            |
+---------------------+-------------------+------------------+-------------------+----------------+---------------+----------------+
| Platform            |  137228 [ 10.53%] |  26262 [  4.37%] |  210690 [  8.08%] |  204 [ 10.12%] |   0 [  0.00%] |    4 [  0.04%] |
| User Budget         | 1165492 [100.00%] | 574218 [100.00%] | 2396670 [100.00%] | 1812 [100.00%] | 960 [100.00%] | 9020 [100.00%] |
|    Used Resources   |  124232 [ 10.66%] |   7992 [  1.39%] |  149254 [  6.23%] |  244 [ 13.47%] |   0 [  0.00%] |  428 [  4.75%] |
|    Unused Resources | 1041260 [ 89.34%] | 566226 [ 98.61%] | 2247416 [ 93.77%] | 1568 [ 86.53%] | 960 [100.00%] | 8592 [ 95.25%] |
| krnl_vaddmul        |  124232 [ 10.66%] |   7992 [  1.39%] |  149254 [  6.23%] |  244 [ 13.47%] |   0 [  0.00%] |  428 [  4.75%] |
|    krnl_vaddmul_1   |   30986 [  2.66%] |   1998 [  0.35%] |   36874 [  1.54%] |   61 [  3.37%] |   0 [  0.00%] |  107 [  1.19%] |
|    krnl_vaddmul_2   |   30985 [  2.66%] |   1998 [  0.35%] |   36797 [  1.54%] |   61 [  3.37%] |   0 [  0.00%] |  107 [  1.19%] |
|    krnl_vaddmul_3   |   31397 [  2.69%] |   1998 [  0.35%] |   38862 [  1.62%] |   61 [  3.37%] |   0 [  0.00%] |  107 [  1.19%] |
|    krnl_vaddmul_4   |   30864 [  2.65%] |   1998 [  0.35%] |   36721 [  1.53%] |   61 [  3.37%] |   0 [  0.00%] |  107 [  1.19%] |
+---------------------+-------------------+------------------+-------------------+----------------+---------------+----------------+


