INFO: [v++ 60-1306] Additional information associated with this v++ link can be found at:
	Reports: /home/ziyuanwang/hbm/Vitis_Accel_Examples/performance/hbm_bandwidth_pseudo_random/_x_5core_25.hw.xilinx_u280_xdma_201920_3/reports/link
	Log files: /home/ziyuanwang/hbm/Vitis_Accel_Examples/performance/hbm_bandwidth_pseudo_random/_x_5core_25.hw.xilinx_u280_xdma_201920_3/logs/link
INFO: [v++ 60-1548] Creating build summary session with primary output /home/ziyuanwang/hbm/Vitis_Accel_Examples/performance/hbm_bandwidth_pseudo_random/build_dir_5core_25.hw.xilinx_u280_xdma_201920_3/krnl_vaddmul.link.xclbin.link_summary, at Mon Nov 18 10:28:08 2024
INFO: [v++ 60-1316] Initiating connection to rulecheck server, at Mon Nov 18 10:28:09 2024
INFO: [v++ 60-1315] Creating rulecheck session with output '/home/ziyuanwang/hbm/Vitis_Accel_Examples/performance/hbm_bandwidth_pseudo_random/_x_5core_25.hw.xilinx_u280_xdma_201920_3/reports/link/v++_link_krnl_vaddmul.link_guidance.html', at Mon Nov 18 10:28:11 2024
INFO: [v++ 60-895]   Target platform: /opt/xilinx/platforms/xilinx_u280_xdma_201920_3/xilinx_u280_xdma_201920_3.xpfm
INFO: [v++ 60-1578]   This platform contains Xilinx Shell Archive '/opt/xilinx/platforms/xilinx_u280_xdma_201920_3/hw/xilinx_u280_xdma_201920_3.xsa'
INFO: [v++ 74-78] Compiler Version string: 2021.2
INFO: [v++ 60-1302] Platform 'xilinx_u280_xdma_201920_3.xpfm' has been explicitly enabled for this release.
INFO: [v++ 60-629] Linking for hardware target
INFO: [v++ 60-423]   Target device: xilinx_u280_xdma_201920_3
INFO: [v++ 60-1332] Run 'run_link' status: Not started
INFO: [v++ 60-1443] [10:28:34] Run run_link: Step system_link: Started
INFO: [v++ 60-1453] Command Line: system_link --xo /home/ziyuanwang/hbm/Vitis_Accel_Examples/performance/hbm_bandwidth_pseudo_random/_x_5core_25.hw.xilinx_u280_xdma_201920_3/krnl_vaddmul.xo -keep --config /home/ziyuanwang/hbm/Vitis_Accel_Examples/performance/hbm_bandwidth_pseudo_random/_x_5core_25.hw.xilinx_u280_xdma_201920_3/link/int/syslinkConfig.ini --xpfm /opt/xilinx/platforms/xilinx_u280_xdma_201920_3/xilinx_u280_xdma_201920_3.xpfm --target hw --output_dir /home/ziyuanwang/hbm/Vitis_Accel_Examples/performance/hbm_bandwidth_pseudo_random/_x_5core_25.hw.xilinx_u280_xdma_201920_3/link/int --temp_dir /home/ziyuanwang/hbm/Vitis_Accel_Examples/performance/hbm_bandwidth_pseudo_random/_x_5core_25.hw.xilinx_u280_xdma_201920_3/link/sys_link
INFO: [v++ 60-1454] Run Directory: /home/ziyuanwang/hbm/Vitis_Accel_Examples/performance/hbm_bandwidth_pseudo_random/_x_5core_25.hw.xilinx_u280_xdma_201920_3/link/run_link
INFO: [SYSTEM_LINK 60-1316] Initiating connection to rulecheck server, at Mon Nov 18 10:28:38 2024
INFO: [SYSTEM_LINK 82-70] Extracting xo v3 file /home/ziyuanwang/hbm/Vitis_Accel_Examples/performance/hbm_bandwidth_pseudo_random/_x_5core_25.hw.xilinx_u280_xdma_201920_3/krnl_vaddmul.xo
INFO: [SYSTEM_LINK 82-53] Creating IP database /home/ziyuanwang/hbm/Vitis_Accel_Examples/performance/hbm_bandwidth_pseudo_random/_x_5core_25.hw.xilinx_u280_xdma_201920_3/link/sys_link/_sysl/.cdb/xd_ip_db.xml
INFO: [SYSTEM_LINK 82-38] [10:29:03] build_xd_ip_db started: /tools/Xilinx/Vitis/2021.2/bin/build_xd_ip_db -ip_search 0  -sds-pf /home/ziyuanwang/hbm/Vitis_Accel_Examples/performance/hbm_bandwidth_pseudo_random/_x_5core_25.hw.xilinx_u280_xdma_201920_3/link/sys_link/xilinx_u280_xdma_201920_3.hpfm -clkid 0 -ip /home/ziyuanwang/hbm/Vitis_Accel_Examples/performance/hbm_bandwidth_pseudo_random/_x_5core_25.hw.xilinx_u280_xdma_201920_3/link/sys_link/iprepo/xilinx_com_hls_krnl_vaddmul_1_0,krnl_vaddmul -o /home/ziyuanwang/hbm/Vitis_Accel_Examples/performance/hbm_bandwidth_pseudo_random/_x_5core_25.hw.xilinx_u280_xdma_201920_3/link/sys_link/_sysl/.cdb/xd_ip_db.xml
INFO: [SYSTEM_LINK 82-37] [10:29:14] build_xd_ip_db finished successfully
Time (s): cpu = 00:00:04 ; elapsed = 00:00:11 . Memory (MB): peak = 2167.246 ; gain = 0.000 ; free physical = 15305 ; free virtual = 469124
INFO: [SYSTEM_LINK 82-51] Create system connectivity graph
INFO: [SYSTEM_LINK 82-102] Applying explicit connections to the system connectivity graph: /home/ziyuanwang/hbm/Vitis_Accel_Examples/performance/hbm_bandwidth_pseudo_random/_x_5core_25.hw.xilinx_u280_xdma_201920_3/link/sys_link/cfgraph/cfgen_cfgraph.xml
INFO: [SYSTEM_LINK 82-38] [10:29:14] cfgen started: /tools/Xilinx/Vitis/2021.2/bin/cfgen  -nk krnl_vaddmul:5 -sp krnl_vaddmul_1.in1:HBM[0] -sp krnl_vaddmul_1.in2:HBM[1] -sp krnl_vaddmul_1.out_add:HBM[2] -sp krnl_vaddmul_1.out_mul:HBM[3] -sp krnl_vaddmul_2.in1:HBM[4] -sp krnl_vaddmul_2.in2:HBM[5] -sp krnl_vaddmul_2.out_add:HBM[6] -sp krnl_vaddmul_2.out_mul:HBM[7] -sp krnl_vaddmul_3.in1:HBM[8] -sp krnl_vaddmul_3.in2:HBM[9] -sp krnl_vaddmul_3.out_add:HBM[10] -sp krnl_vaddmul_3.out_mul:HBM[11] -sp krnl_vaddmul_4.in1:HBM[12] -sp krnl_vaddmul_4.in2:HBM[13] -sp krnl_vaddmul_4.out_add:HBM[14] -sp krnl_vaddmul_4.out_mul:HBM[15] -sp krnl_vaddmul_5.in1:HBM[16] -sp krnl_vaddmul_5.in2:HBM[17] -sp krnl_vaddmul_5.out_add:HBM[18] -sp krnl_vaddmul_5.out_mul:HBM[19] -dmclkid 0 -r /home/ziyuanwang/hbm/Vitis_Accel_Examples/performance/hbm_bandwidth_pseudo_random/_x_5core_25.hw.xilinx_u280_xdma_201920_3/link/sys_link/_sysl/.cdb/xd_ip_db.xml -o /home/ziyuanwang/hbm/Vitis_Accel_Examples/performance/hbm_bandwidth_pseudo_random/_x_5core_25.hw.xilinx_u280_xdma_201920_3/link/sys_link/cfgraph/cfgen_cfgraph.xml
INFO: [CFGEN 83-0] Kernel Specs: 
INFO: [CFGEN 83-0]   kernel: krnl_vaddmul, num: 5  {krnl_vaddmul_1 krnl_vaddmul_2 krnl_vaddmul_3 krnl_vaddmul_4 krnl_vaddmul_5}
INFO: [CFGEN 83-0] Port Specs: 
INFO: [CFGEN 83-0]   kernel: krnl_vaddmul_1, k_port: in1, sptag: HBM[0]
INFO: [CFGEN 83-0]   kernel: krnl_vaddmul_1, k_port: in2, sptag: HBM[1]
INFO: [CFGEN 83-0]   kernel: krnl_vaddmul_1, k_port: out_add, sptag: HBM[2]
INFO: [CFGEN 83-0]   kernel: krnl_vaddmul_1, k_port: out_mul, sptag: HBM[3]
INFO: [CFGEN 83-0]   kernel: krnl_vaddmul_2, k_port: in1, sptag: HBM[4]
INFO: [CFGEN 83-0]   kernel: krnl_vaddmul_2, k_port: in2, sptag: HBM[5]
INFO: [CFGEN 83-0]   kernel: krnl_vaddmul_2, k_port: out_add, sptag: HBM[6]
INFO: [CFGEN 83-0]   kernel: krnl_vaddmul_2, k_port: out_mul, sptag: HBM[7]
INFO: [CFGEN 83-0]   kernel: krnl_vaddmul_3, k_port: in1, sptag: HBM[8]
INFO: [CFGEN 83-0]   kernel: krnl_vaddmul_3, k_port: in2, sptag: HBM[9]
INFO: [CFGEN 83-0]   kernel: krnl_vaddmul_3, k_port: out_add, sptag: HBM[10]
INFO: [CFGEN 83-0]   kernel: krnl_vaddmul_3, k_port: out_mul, sptag: HBM[11]
INFO: [CFGEN 83-0]   kernel: krnl_vaddmul_4, k_port: in1, sptag: HBM[12]
INFO: [CFGEN 83-0]   kernel: krnl_vaddmul_4, k_port: in2, sptag: HBM[13]
INFO: [CFGEN 83-0]   kernel: krnl_vaddmul_4, k_port: out_add, sptag: HBM[14]
INFO: [CFGEN 83-0]   kernel: krnl_vaddmul_4, k_port: out_mul, sptag: HBM[15]
INFO: [CFGEN 83-0]   kernel: krnl_vaddmul_5, k_port: in1, sptag: HBM[16]
INFO: [CFGEN 83-0]   kernel: krnl_vaddmul_5, k_port: in2, sptag: HBM[17]
INFO: [CFGEN 83-0]   kernel: krnl_vaddmul_5, k_port: out_add, sptag: HBM[18]
INFO: [CFGEN 83-0]   kernel: krnl_vaddmul_5, k_port: out_mul, sptag: HBM[19]
INFO: [CFGEN 83-2228] Creating mapping for argument krnl_vaddmul_1.in1 to HBM[0] for directive krnl_vaddmul_1.in1:HBM[0]
INFO: [CFGEN 83-2228] Creating mapping for argument krnl_vaddmul_1.in2 to HBM[1] for directive krnl_vaddmul_1.in2:HBM[1]
INFO: [CFGEN 83-2228] Creating mapping for argument krnl_vaddmul_1.out_add to HBM[2] for directive krnl_vaddmul_1.out_add:HBM[2]
INFO: [CFGEN 83-2228] Creating mapping for argument krnl_vaddmul_1.out_mul to HBM[3] for directive krnl_vaddmul_1.out_mul:HBM[3]
INFO: [CFGEN 83-2228] Creating mapping for argument krnl_vaddmul_2.in1 to HBM[4] for directive krnl_vaddmul_2.in1:HBM[4]
INFO: [CFGEN 83-2228] Creating mapping for argument krnl_vaddmul_2.in2 to HBM[5] for directive krnl_vaddmul_2.in2:HBM[5]
INFO: [CFGEN 83-2228] Creating mapping for argument krnl_vaddmul_2.out_add to HBM[6] for directive krnl_vaddmul_2.out_add:HBM[6]
INFO: [CFGEN 83-2228] Creating mapping for argument krnl_vaddmul_2.out_mul to HBM[7] for directive krnl_vaddmul_2.out_mul:HBM[7]
INFO: [CFGEN 83-2228] Creating mapping for argument krnl_vaddmul_3.in1 to HBM[8] for directive krnl_vaddmul_3.in1:HBM[8]
INFO: [CFGEN 83-2228] Creating mapping for argument krnl_vaddmul_3.in2 to HBM[9] for directive krnl_vaddmul_3.in2:HBM[9]
INFO: [CFGEN 83-2228] Creating mapping for argument krnl_vaddmul_3.out_add to HBM[10] for directive krnl_vaddmul_3.out_add:HBM[10]
INFO: [CFGEN 83-2228] Creating mapping for argument krnl_vaddmul_3.out_mul to HBM[11] for directive krnl_vaddmul_3.out_mul:HBM[11]
INFO: [CFGEN 83-2228] Creating mapping for argument krnl_vaddmul_4.in1 to HBM[12] for directive krnl_vaddmul_4.in1:HBM[12]
INFO: [CFGEN 83-2228] Creating mapping for argument krnl_vaddmul_4.in2 to HBM[13] for directive krnl_vaddmul_4.in2:HBM[13]
INFO: [CFGEN 83-2228] Creating mapping for argument krnl_vaddmul_4.out_add to HBM[14] for directive krnl_vaddmul_4.out_add:HBM[14]
INFO: [CFGEN 83-2228] Creating mapping for argument krnl_vaddmul_4.out_mul to HBM[15] for directive krnl_vaddmul_4.out_mul:HBM[15]
INFO: [CFGEN 83-2228] Creating mapping for argument krnl_vaddmul_5.in1 to HBM[16] for directive krnl_vaddmul_5.in1:HBM[16]
INFO: [CFGEN 83-2228] Creating mapping for argument krnl_vaddmul_5.in2 to HBM[17] for directive krnl_vaddmul_5.in2:HBM[17]
INFO: [CFGEN 83-2228] Creating mapping for argument krnl_vaddmul_5.out_add to HBM[18] for directive krnl_vaddmul_5.out_add:HBM[18]
INFO: [CFGEN 83-2228] Creating mapping for argument krnl_vaddmul_5.out_mul to HBM[19] for directive krnl_vaddmul_5.out_mul:HBM[19]
INFO: [SYSTEM_LINK 82-37] [10:29:22] cfgen finished successfully
Time (s): cpu = 00:00:08 ; elapsed = 00:00:08 . Memory (MB): peak = 2167.246 ; gain = 0.000 ; free physical = 13929 ; free virtual = 467748
INFO: [SYSTEM_LINK 82-52] Create top-level block diagram
INFO: [SYSTEM_LINK 82-38] [10:29:22] cf2bd started: /tools/Xilinx/Vitis/2021.2/bin/cf2bd  --linux --trace_buffer 1024 --input_file /home/ziyuanwang/hbm/Vitis_Accel_Examples/performance/hbm_bandwidth_pseudo_random/_x_5core_25.hw.xilinx_u280_xdma_201920_3/link/sys_link/cfgraph/cfgen_cfgraph.xml --ip_db /home/ziyuanwang/hbm/Vitis_Accel_Examples/performance/hbm_bandwidth_pseudo_random/_x_5core_25.hw.xilinx_u280_xdma_201920_3/link/sys_link/_sysl/.cdb/xd_ip_db.xml --cf_name dr --working_dir /home/ziyuanwang/hbm/Vitis_Accel_Examples/performance/hbm_bandwidth_pseudo_random/_x_5core_25.hw.xilinx_u280_xdma_201920_3/link/sys_link/_sysl/.xsd --temp_dir /home/ziyuanwang/hbm/Vitis_Accel_Examples/performance/hbm_bandwidth_pseudo_random/_x_5core_25.hw.xilinx_u280_xdma_201920_3/link/sys_link --output_dir /home/ziyuanwang/hbm/Vitis_Accel_Examples/performance/hbm_bandwidth_pseudo_random/_x_5core_25.hw.xilinx_u280_xdma_201920_3/link/int --target_bd pfm_dynamic.bd
INFO: [CF2BD 82-31] Launching cf2xd: cf2xd -linux -trace-buffer 1024 -i /home/ziyuanwang/hbm/Vitis_Accel_Examples/performance/hbm_bandwidth_pseudo_random/_x_5core_25.hw.xilinx_u280_xdma_201920_3/link/sys_link/cfgraph/cfgen_cfgraph.xml -r /home/ziyuanwang/hbm/Vitis_Accel_Examples/performance/hbm_bandwidth_pseudo_random/_x_5core_25.hw.xilinx_u280_xdma_201920_3/link/sys_link/_sysl/.cdb/xd_ip_db.xml -o dr.xml
INFO: [CF2BD 82-28] cf2xd finished successfully
INFO: [CF2BD 82-31] Launching cf_xsd: cf_xsd -disable-address-gen -bd pfm_dynamic.bd -dn dr -dp /home/ziyuanwang/hbm/Vitis_Accel_Examples/performance/hbm_bandwidth_pseudo_random/_x_5core_25.hw.xilinx_u280_xdma_201920_3/link/sys_link/_sysl/.xsd
INFO: [CF2BD 82-28] cf_xsd finished successfully
INFO: [SYSTEM_LINK 82-37] [10:29:28] cf2bd finished successfully
Time (s): cpu = 00:00:04 ; elapsed = 00:00:06 . Memory (MB): peak = 2167.246 ; gain = 0.000 ; free physical = 13497 ; free virtual = 467323
INFO: [v++ 60-1441] [10:29:28] Run run_link: Step system_link: Completed
Time (s): cpu = 00:00:20 ; elapsed = 00:00:54 . Memory (MB): peak = 2062.195 ; gain = 0.000 ; free physical = 13539 ; free virtual = 467365
INFO: [v++ 60-1443] [10:29:28] Run run_link: Step cf2sw: Started
INFO: [v++ 60-1453] Command Line: cf2sw -sdsl /home/ziyuanwang/hbm/Vitis_Accel_Examples/performance/hbm_bandwidth_pseudo_random/_x_5core_25.hw.xilinx_u280_xdma_201920_3/link/int/sdsl.dat -rtd /home/ziyuanwang/hbm/Vitis_Accel_Examples/performance/hbm_bandwidth_pseudo_random/_x_5core_25.hw.xilinx_u280_xdma_201920_3/link/int/cf2sw.rtd -nofilter /home/ziyuanwang/hbm/Vitis_Accel_Examples/performance/hbm_bandwidth_pseudo_random/_x_5core_25.hw.xilinx_u280_xdma_201920_3/link/int/cf2sw_full.rtd -xclbin /home/ziyuanwang/hbm/Vitis_Accel_Examples/performance/hbm_bandwidth_pseudo_random/_x_5core_25.hw.xilinx_u280_xdma_201920_3/link/int/xclbin_orig.xml -o /home/ziyuanwang/hbm/Vitis_Accel_Examples/performance/hbm_bandwidth_pseudo_random/_x_5core_25.hw.xilinx_u280_xdma_201920_3/link/int/xclbin_orig.1.xml
INFO: [v++ 60-1454] Run Directory: /home/ziyuanwang/hbm/Vitis_Accel_Examples/performance/hbm_bandwidth_pseudo_random/_x_5core_25.hw.xilinx_u280_xdma_201920_3/link/run_link
INFO: [v++ 60-1441] [10:29:36] Run run_link: Step cf2sw: Completed
Time (s): cpu = 00:00:06 ; elapsed = 00:00:07 . Memory (MB): peak = 2062.195 ; gain = 0.000 ; free physical = 13532 ; free virtual = 467360
INFO: [v++ 60-1443] [10:29:36] Run run_link: Step rtd2_system_diagram: Started
INFO: [v++ 60-1453] Command Line: rtd2SystemDiagram
INFO: [v++ 60-1454] Run Directory: /home/ziyuanwang/hbm/Vitis_Accel_Examples/performance/hbm_bandwidth_pseudo_random/_x_5core_25.hw.xilinx_u280_xdma_201920_3/link/run_link
INFO: [v++ 60-1441] [10:29:37] Run run_link: Step rtd2_system_diagram: Completed
Time (s): cpu = 00:00:00 ; elapsed = 00:00:00.83 . Memory (MB): peak = 2062.195 ; gain = 0.000 ; free physical = 13519 ; free virtual = 467347
INFO: [v++ 60-1443] [10:29:37] Run run_link: Step vpl: Started
INFO: [v++ 60-1453] Command Line: vpl -t hw -f xilinx_u280_xdma_201920_3 --remote_ip_cache /home/ziyuanwang/hbm/Vitis_Accel_Examples/performance/hbm_bandwidth_pseudo_random/.ipcache -s --output_dir /home/ziyuanwang/hbm/Vitis_Accel_Examples/performance/hbm_bandwidth_pseudo_random/_x_5core_25.hw.xilinx_u280_xdma_201920_3/link/int --log_dir /home/ziyuanwang/hbm/Vitis_Accel_Examples/performance/hbm_bandwidth_pseudo_random/_x_5core_25.hw.xilinx_u280_xdma_201920_3/logs/link --report_dir /home/ziyuanwang/hbm/Vitis_Accel_Examples/performance/hbm_bandwidth_pseudo_random/_x_5core_25.hw.xilinx_u280_xdma_201920_3/reports/link --config /home/ziyuanwang/hbm/Vitis_Accel_Examples/performance/hbm_bandwidth_pseudo_random/_x_5core_25.hw.xilinx_u280_xdma_201920_3/link/int/vplConfig.ini -k /home/ziyuanwang/hbm/Vitis_Accel_Examples/performance/hbm_bandwidth_pseudo_random/_x_5core_25.hw.xilinx_u280_xdma_201920_3/link/int/kernel_info.dat --webtalk_flag Vitis --temp_dir /home/ziyuanwang/hbm/Vitis_Accel_Examples/performance/hbm_bandwidth_pseudo_random/_x_5core_25.hw.xilinx_u280_xdma_201920_3/link --no-info --iprepo /home/ziyuanwang/hbm/Vitis_Accel_Examples/performance/hbm_bandwidth_pseudo_random/_x_5core_25.hw.xilinx_u280_xdma_201920_3/link/int/xo/ip_repo/xilinx_com_hls_krnl_vaddmul_1_0 --messageDb /home/ziyuanwang/hbm/Vitis_Accel_Examples/performance/hbm_bandwidth_pseudo_random/_x_5core_25.hw.xilinx_u280_xdma_201920_3/link/run_link/vpl.pb /home/ziyuanwang/hbm/Vitis_Accel_Examples/performance/hbm_bandwidth_pseudo_random/_x_5core_25.hw.xilinx_u280_xdma_201920_3/link/int/dr.bd.tcl
INFO: [v++ 60-1454] Run Directory: /home/ziyuanwang/hbm/Vitis_Accel_Examples/performance/hbm_bandwidth_pseudo_random/_x_5core_25.hw.xilinx_u280_xdma_201920_3/link/run_link

****** vpl v2021.2 (64-bit)
  **** SW Build 3363252 on 2021-10-14-04:41:01
    ** Copyright 1986-2020 Xilinx, Inc. All Rights Reserved.

INFO: [VPL 60-839] Read in kernel information from file '/home/ziyuanwang/hbm/Vitis_Accel_Examples/performance/hbm_bandwidth_pseudo_random/_x_5core_25.hw.xilinx_u280_xdma_201920_3/link/int/kernel_info.dat'.
INFO: [VPL 74-78] Compiler Version string: 2021.2
INFO: [VPL 60-423]   Target device: xilinx_u280_xdma_201920_3
INFO: [VPL 60-1032] Extracting hardware platform to /home/ziyuanwang/hbm/Vitis_Accel_Examples/performance/hbm_bandwidth_pseudo_random/_x_5core_25.hw.xilinx_u280_xdma_201920_3/link/vivado/vpl/.local/hw_platform
[10:47:19] Run vpl: Step create_project: Started
Creating Vivado project.
[10:47:47] Run vpl: Step create_project: Completed
[10:47:47] Run vpl: Step create_bd: Started
[10:49:06] Run vpl: Step create_bd: RUNNING...
[10:50:26] Run vpl: Step create_bd: RUNNING...
[10:51:43] Run vpl: Step create_bd: RUNNING...
[10:53:02] Run vpl: Step create_bd: RUNNING...
[10:54:21] Run vpl: Step create_bd: RUNNING...
[10:55:40] Run vpl: Step create_bd: RUNNING...
[10:56:57] Run vpl: Step create_bd: RUNNING...
[10:58:15] Run vpl: Step create_bd: RUNNING...
[10:59:34] Run vpl: Step create_bd: RUNNING...
[11:01:12] Run vpl: Step create_bd: RUNNING...
[11:02:39] Run vpl: Step create_bd: RUNNING...
[11:04:13] Run vpl: Step create_bd: RUNNING...
[11:05:35] Run vpl: Step create_bd: RUNNING...
[11:07:05] Run vpl: Step create_bd: RUNNING...
[11:08:29] Run vpl: Step create_bd: RUNNING...
[11:09:58] Run vpl: Step create_bd: RUNNING...
[11:11:19] Run vpl: Step create_bd: RUNNING...
[11:12:42] Run vpl: Step create_bd: RUNNING...
[11:14:03] Run vpl: Step create_bd: RUNNING...
[11:15:29] Run vpl: Step create_bd: RUNNING...
[11:16:53] Run vpl: Step create_bd: RUNNING...
[11:18:15] Run vpl: Step create_bd: RUNNING...
[11:19:32] Run vpl: Step create_bd: RUNNING...
[11:20:57] Run vpl: Step create_bd: RUNNING...
[11:22:22] Run vpl: Step create_bd: RUNNING...
[11:23:50] Run vpl: Step create_bd: RUNNING...
[11:25:12] Run vpl: Step create_bd: RUNNING...
[11:26:39] Run vpl: Step create_bd: RUNNING...
[11:27:37] Run vpl: Step create_bd: Completed
[11:27:37] Run vpl: Step update_bd: Started
[11:27:42] Run vpl: Step update_bd: Completed
[11:27:42] Run vpl: Step generate_target: Started
[11:29:07] Run vpl: Step generate_target: RUNNING...
[11:30:41] Run vpl: Step generate_target: RUNNING...
[11:32:02] Run vpl: Step generate_target: RUNNING...
[11:33:25] Run vpl: Step generate_target: RUNNING...
[11:34:50] Run vpl: Step generate_target: RUNNING...
[11:36:27] Run vpl: Step generate_target: RUNNING...
[11:37:51] Run vpl: Step generate_target: RUNNING...
[11:39:18] Run vpl: Step generate_target: RUNNING...
[11:40:45] Run vpl: Step generate_target: RUNNING...
[11:42:18] Run vpl: Step generate_target: RUNNING...
[11:43:43] Run vpl: Step generate_target: RUNNING...
[11:45:12] Run vpl: Step generate_target: RUNNING...
[11:46:38] Run vpl: Step generate_target: RUNNING...
[11:48:08] Run vpl: Step generate_target: RUNNING...
[11:49:30] Run vpl: Step generate_target: RUNNING...
[11:50:49] Run vpl: Step generate_target: RUNNING...
[11:51:48] Run vpl: Step generate_target: Completed
[11:51:48] Run vpl: Step config_hw_runs: Started
[11:52:14] Run vpl: Step config_hw_runs: Completed
[11:52:14] Run vpl: Step synth: Started
[11:53:18] Block-level synthesis in progress, 0 of 5 jobs complete, 1 job running.
[11:53:50] Block-level synthesis in progress, 0 of 5 jobs complete, 1 job running.
[11:54:21] Block-level synthesis in progress, 0 of 5 jobs complete, 1 job running.
[11:54:52] Block-level synthesis in progress, 0 of 5 jobs complete, 1 job running.
[11:55:24] Block-level synthesis in progress, 0 of 5 jobs complete, 1 job running.
[11:55:55] Block-level synthesis in progress, 0 of 5 jobs complete, 1 job running.
[11:56:27] Block-level synthesis in progress, 0 of 5 jobs complete, 1 job running.
[11:56:58] Block-level synthesis in progress, 0 of 5 jobs complete, 1 job running.
[11:57:29] Block-level synthesis in progress, 0 of 5 jobs complete, 1 job running.
[11:58:01] Block-level synthesis in progress, 0 of 5 jobs complete, 1 job running.
[11:58:32] Block-level synthesis in progress, 0 of 5 jobs complete, 1 job running.
[11:59:04] Block-level synthesis in progress, 0 of 5 jobs complete, 1 job running.
[11:59:35] Block-level synthesis in progress, 1 of 5 jobs complete, 0 jobs running.
[12:00:07] Block-level synthesis in progress, 5 of 5 jobs complete, 0 jobs running.
[12:00:38] Top-level synthesis in progress.
[12:01:09] Top-level synthesis in progress.
[12:01:41] Top-level synthesis in progress.
[12:02:13] Top-level synthesis in progress.
[12:02:47] Run vpl: Step synth: Completed
[12:02:47] Run vpl: Step impl: Started
[12:15:59] Finished 2nd of 6 tasks (FPGA linking synthesized kernels to platform). Elapsed time: 01h 46m 19s 

[12:15:59] Starting logic optimization..
[12:18:38] Phase 1 Retarget
[12:19:09] Phase 2 Constant propagation
[12:19:09] Phase 3 Sweep
[12:21:48] Phase 4 BUFG optimization
[12:22:20] Phase 5 Shift Register Optimization
[12:22:20] Phase 6 Post Processing Netlist
[12:25:30] Finished 3rd of 6 tasks (FPGA logic optimization). Elapsed time: 00h 09m 30s 

[12:25:30] Starting logic placement..
[12:26:33] Phase 1 Placer Initialization
[12:26:33] Phase 1.1 Placer Initialization Netlist Sorting
[12:31:19] Phase 1.2 IO Placement/ Clock Placement/ Build Placer Device
[12:32:53] Phase 1.3 Build Placer Netlist Model
[12:35:33] Phase 1.4 Constrain Clocks/Macros
[12:36:04] Phase 2 Global Placement
[12:36:04] Phase 2.1 Floorplanning
[12:37:08] Phase 2.1.1 Partition Driven Placement
[12:37:08] Phase 2.1.1.1 PBP: Partition Driven Placement
[12:39:15] Phase 2.1.1.2 PBP: Clock Region Placement
[12:40:19] Phase 2.1.1.3 PBP: Compute Congestion
[12:40:19] Phase 2.1.1.4 PBP: UpdateTiming
[12:40:51] Phase 2.1.1.5 PBP: Add part constraints
[12:41:22] Phase 2.2 Physical Synthesis After Floorplan
[12:42:26] Phase 2.3 Update Timing before SLR Path Opt
[12:42:26] Phase 2.4 Post-Processing in Floorplanning
[12:42:26] Phase 2.5 Global Placement Core
[12:56:13] Phase 2.5.1 Physical Synthesis In Placer
[13:02:02] Phase 3 Detail Placement
[13:02:02] Phase 3.1 Commit Multi Column Macros
[13:02:02] Phase 3.2 Commit Most Macros & LUTRAMs
[13:04:09] Phase 3.3 Small Shape DP
[13:04:09] Phase 3.3.1 Small Shape Clustering
[13:04:40] Phase 3.3.2 Flow Legalize Slice Clusters
[13:04:40] Phase 3.3.3 Slice Area Swap
[13:06:47] Phase 3.4 Place Remaining
[13:07:20] Phase 3.5 Re-assign LUT pins
[13:07:51] Phase 3.6 Pipeline Register Optimization
[13:07:51] Phase 3.7 Fast Optimization
[13:09:59] Phase 4 Post Placement Optimization and Clean-Up
[13:09:59] Phase 4.1 Post Commit Optimization
[13:12:40] Phase 4.1.1 Post Placement Optimization
[13:12:40] Phase 4.1.1.1 BUFG Insertion
[13:12:40] Phase 1 Physical Synthesis Initialization
[13:14:14] Phase 4.1.1.2 BUFG Replication
[13:14:14] Phase 4.1.1.3 Post Placement Timing Optimization
[13:24:19] Phase 4.1.1.4 Replication
[13:26:26] Phase 4.2 Post Placement Cleanup
[13:26:26] Phase 4.3 Placer Reporting
[13:26:26] Phase 4.3.1 Print Estimated Congestion
[13:26:26] Phase 4.4 Final Placement Cleanup
[13:39:47] Finished 4th of 6 tasks (FPGA logic placement). Elapsed time: 01h 14m 17s 

[13:39:47] Starting logic routing..
[13:41:23] Phase 1 Build RT Design
[13:44:50] Phase 2 Router Initialization
[13:44:50] Phase 2.1 Fix Topology Constraints
[13:44:50] Phase 2.2 Pre Route Cleanup
[13:45:30] Phase 2.3 Global Clock Net Routing
[13:46:06] Phase 2.4 Update Timing
[13:50:29] Phase 2.5 Update Timing for Bus Skew
[13:50:29] Phase 2.5.1 Update Timing
[13:52:05] Phase 3 Initial Routing
[13:52:05] Phase 3.1 Global Routing
[13:54:47] Phase 4 Rip-up And Reroute
[13:54:47] Phase 4.1 Global Iteration 0
[14:23:13] Phase 4.2 Global Iteration 1
[14:29:07] Phase 4.3 Global Iteration 2
[14:34:58] Phase 4.4 Global Iteration 3
[14:40:19] Phase 4.5 Global Iteration 4
[14:48:16] Phase 4.6 Global Iteration 5
[14:54:07] Phase 5 Delay and Skew Optimization
[14:54:07] Phase 5.1 Delay CleanUp
[14:54:07] Phase 5.1.1 Update Timing
[14:56:17] Phase 5.1.2 Update Timing
[14:57:51] Phase 5.2 Clock Skew Optimization
[14:58:23] Phase 6 Post Hold Fix
[14:58:23] Phase 6.1 Hold Fix Iter
[14:58:23] Phase 6.1.1 Update Timing
[15:00:32] Phase 6.1.2 Lut RouteThru Assignment for hold
[15:01:03] Phase 6.2 Additional Hold Fix
[15:04:14] Phase 7 Leaf Clock Prog Delay Opt
[15:07:58] Phase 7.1 Delay CleanUp
[15:07:58] Phase 7.1.1 Update Timing
[15:09:36] Phase 7.1.2 Update Timing
[15:11:12] Phase 7.2 Hold Fix Iter
[15:11:12] Phase 7.2.1 Update Timing
[15:12:47] Phase 7.2.2 Lut RouteThru Assignment for hold
[15:13:19] Phase 7.3 Additional Hold Fix
[15:19:09] Phase 8 Route finalize
[15:19:43] Phase 9 Verifying routed nets
[15:19:43] Phase 10 Depositing Routes
[15:20:47] Phase 11 Resolve XTalk
[15:20:47] Phase 12 Post Router Timing
[15:22:55] Phase 13 Physical Synthesis in Router
[15:22:55] Phase 13.1 Physical Synthesis Initialization
[15:25:34] Phase 13.2 Critical Path Optimization
[15:26:45] Finished 5th of 6 tasks (FPGA routing). Elapsed time: 01h 46m 57s 

[15:26:45] Starting bitstream generation..
[15:41:41] Creating bitmap...
[15:50:50] Writing bitstream ./pfm_top_i_dynamic_region_my_rm_partial.bit...
[15:50:50] Finished 6th of 6 tasks (FPGA bitstream generation). Elapsed time: 00h 24m 04s 
[15:50:49] Run vpl: Step impl: Completed
[15:50:51] Run vpl: FINISHED. Run Status: impl Complete!
INFO: [v++ 60-1441] [15:50:59] Run run_link: Step vpl: Completed
Time (s): cpu = 00:02:11 ; elapsed = 05:21:22 . Memory (MB): peak = 2062.195 ; gain = 0.000 ; free physical = 43191 ; free virtual = 467395
INFO: [v++ 60-1443] [15:50:59] Run run_link: Step rtdgen: Started
INFO: [v++ 60-1453] Command Line: rtdgen
INFO: [v++ 60-1454] Run Directory: /home/ziyuanwang/hbm/Vitis_Accel_Examples/performance/hbm_bandwidth_pseudo_random/_x_5core_25.hw.xilinx_u280_xdma_201920_3/link/run_link
INFO: [v++ 60-991] clock name 'clkwiz_kernel_clk_out1' (clock ID '0') is being mapped to clock name 'DATA_CLK' in the xclbin
INFO: [v++ 60-991] clock name 'clkwiz_kernel2_clk_out1' (clock ID '1') is being mapped to clock name 'KERNEL_CLK' in the xclbin
INFO: [v++ 60-991] clock name 'clk_out1_pfm_top_clkwiz_hbm_aclk_0' (clock ID '') is being mapped to clock name 'clk_out1_pfm_top_clkwiz_hbm_aclk_0' in the xclbin
INFO: [v++ 60-1230] The compiler selected the following frequencies for the runtime controllable kernel clock(s) and scalable system clock(s): System (SYSTEM) clock: clk_out1_pfm_top_clkwiz_hbm_aclk_0 = 433, Kernel (DATA) clock: clkwiz_kernel_clk_out1 = 297, Kernel (KERNEL) clock: clkwiz_kernel2_clk_out1 = 500
INFO: [v++ 60-1453] Command Line: cf2sw -a /home/ziyuanwang/hbm/Vitis_Accel_Examples/performance/hbm_bandwidth_pseudo_random/_x_5core_25.hw.xilinx_u280_xdma_201920_3/link/int/address_map.xml -sdsl /home/ziyuanwang/hbm/Vitis_Accel_Examples/performance/hbm_bandwidth_pseudo_random/_x_5core_25.hw.xilinx_u280_xdma_201920_3/link/int/sdsl.dat -xclbin /home/ziyuanwang/hbm/Vitis_Accel_Examples/performance/hbm_bandwidth_pseudo_random/_x_5core_25.hw.xilinx_u280_xdma_201920_3/link/int/xclbin_orig.xml -rtd /home/ziyuanwang/hbm/Vitis_Accel_Examples/performance/hbm_bandwidth_pseudo_random/_x_5core_25.hw.xilinx_u280_xdma_201920_3/link/int/krnl_vaddmul.link.rtd -o /home/ziyuanwang/hbm/Vitis_Accel_Examples/performance/hbm_bandwidth_pseudo_random/_x_5core_25.hw.xilinx_u280_xdma_201920_3/link/int/krnl_vaddmul.link.xml
INFO: [v++ 60-1652] Cf2sw returned exit code: 0
INFO: [v++ 60-1441] [15:51:06] Run run_link: Step rtdgen: Completed
Time (s): cpu = 00:00:05 ; elapsed = 00:00:07 . Memory (MB): peak = 2062.195 ; gain = 0.000 ; free physical = 43217 ; free virtual = 467421
INFO: [v++ 60-1443] [15:51:06] Run run_link: Step xclbinutil: Started
INFO: [v++ 60-1453] Command Line: xclbinutil --add-section DEBUG_IP_LAYOUT:JSON:/home/ziyuanwang/hbm/Vitis_Accel_Examples/performance/hbm_bandwidth_pseudo_random/_x_5core_25.hw.xilinx_u280_xdma_201920_3/link/int/debug_ip_layout.rtd --add-section BITSTREAM:RAW:/home/ziyuanwang/hbm/Vitis_Accel_Examples/performance/hbm_bandwidth_pseudo_random/_x_5core_25.hw.xilinx_u280_xdma_201920_3/link/int/partial.bit --force --target hw --key-value SYS:dfx_enable:true --add-section :JSON:/home/ziyuanwang/hbm/Vitis_Accel_Examples/performance/hbm_bandwidth_pseudo_random/_x_5core_25.hw.xilinx_u280_xdma_201920_3/link/int/krnl_vaddmul.link.rtd --append-section :JSON:/home/ziyuanwang/hbm/Vitis_Accel_Examples/performance/hbm_bandwidth_pseudo_random/_x_5core_25.hw.xilinx_u280_xdma_201920_3/link/int/appendSection.rtd --add-section CLOCK_FREQ_TOPOLOGY:JSON:/home/ziyuanwang/hbm/Vitis_Accel_Examples/performance/hbm_bandwidth_pseudo_random/_x_5core_25.hw.xilinx_u280_xdma_201920_3/link/int/krnl_vaddmul.link_xml.rtd --add-section BUILD_METADATA:JSON:/home/ziyuanwang/hbm/Vitis_Accel_Examples/performance/hbm_bandwidth_pseudo_random/_x_5core_25.hw.xilinx_u280_xdma_201920_3/link/int/krnl_vaddmul.link_build.rtd --add-section EMBEDDED_METADATA:RAW:/home/ziyuanwang/hbm/Vitis_Accel_Examples/performance/hbm_bandwidth_pseudo_random/_x_5core_25.hw.xilinx_u280_xdma_201920_3/link/int/krnl_vaddmul.link.xml --add-section SYSTEM_METADATA:RAW:/home/ziyuanwang/hbm/Vitis_Accel_Examples/performance/hbm_bandwidth_pseudo_random/_x_5core_25.hw.xilinx_u280_xdma_201920_3/link/int/systemDiagramModelSlrBaseAddress.json --output /home/ziyuanwang/hbm/Vitis_Accel_Examples/performance/hbm_bandwidth_pseudo_random/./build_dir_5core_25.hw.xilinx_u280_xdma_201920_3/krnl_vaddmul.link.xclbin
INFO: [v++ 60-1454] Run Directory: /home/ziyuanwang/hbm/Vitis_Accel_Examples/performance/hbm_bandwidth_pseudo_random/_x_5core_25.hw.xilinx_u280_xdma_201920_3/link/run_link
XRT Build Version: 2.14.354 (2022.2)
       Build Date: 2022-10-08 09:49:58
          Hash ID: 43926231f7183688add2dccfd391b36a1f000bea
Creating a default 'in-memory' xclbin image.

Section: 'DEBUG_IP_LAYOUT'(9) was successfully added.
Size   : 296 bytes
Format : JSON
File   : '/home/ziyuanwang/hbm/Vitis_Accel_Examples/performance/hbm_bandwidth_pseudo_random/_x_5core_25.hw.xilinx_u280_xdma_201920_3/link/int/debug_ip_layout.rtd'

Section: 'BITSTREAM'(0) was successfully added.
Size   : 50562079 bytes
Format : RAW
File   : '/home/ziyuanwang/hbm/Vitis_Accel_Examples/performance/hbm_bandwidth_pseudo_random/_x_5core_25.hw.xilinx_u280_xdma_201920_3/link/int/partial.bit'

Section: 'MEM_TOPOLOGY'(6) was successfully added.
Format : JSON
File   : 'mem_topology'

Section: 'IP_LAYOUT'(8) was successfully added.
Format : JSON
File   : 'ip_layout'

Section: 'CONNECTIVITY'(7) was successfully added.
Format : JSON
File   : 'connectivity'

Section: 'CLOCK_FREQ_TOPOLOGY'(11) was successfully added.
Size   : 410 bytes
Format : JSON
File   : '/home/ziyuanwang/hbm/Vitis_Accel_Examples/performance/hbm_bandwidth_pseudo_random/_x_5core_25.hw.xilinx_u280_xdma_201920_3/link/int/krnl_vaddmul.link_xml.rtd'

Section: 'BUILD_METADATA'(14) was successfully added.
Size   : 4665 bytes
Format : JSON
File   : '/home/ziyuanwang/hbm/Vitis_Accel_Examples/performance/hbm_bandwidth_pseudo_random/_x_5core_25.hw.xilinx_u280_xdma_201920_3/link/int/krnl_vaddmul.link_build.rtd'

Section: 'EMBEDDED_METADATA'(2) was successfully added.
Size   : 9024 bytes
Format : RAW
File   : '/home/ziyuanwang/hbm/Vitis_Accel_Examples/performance/hbm_bandwidth_pseudo_random/_x_5core_25.hw.xilinx_u280_xdma_201920_3/link/int/krnl_vaddmul.link.xml'

Section: 'SYSTEM_METADATA'(22) was successfully added.
Size   : 26204 bytes
Format : RAW
File   : '/home/ziyuanwang/hbm/Vitis_Accel_Examples/performance/hbm_bandwidth_pseudo_random/_x_5core_25.hw.xilinx_u280_xdma_201920_3/link/int/systemDiagramModelSlrBaseAddress.json'

Section: 'IP_LAYOUT'(8) was successfully appended to.
Format : JSON
File   : 'ip_layout'
Successfully wrote (50634617 bytes) to the output file: /home/ziyuanwang/hbm/Vitis_Accel_Examples/performance/hbm_bandwidth_pseudo_random/./build_dir_5core_25.hw.xilinx_u280_xdma_201920_3/krnl_vaddmul.link.xclbin
Leaving xclbinutil.
INFO: [v++ 60-1441] [15:51:08] Run run_link: Step xclbinutil: Completed
Time (s): cpu = 00:00:00.10 ; elapsed = 00:00:02 . Memory (MB): peak = 2062.195 ; gain = 0.000 ; free physical = 43179 ; free virtual = 467431
INFO: [v++ 60-1443] [15:51:08] Run run_link: Step xclbinutilinfo: Started
INFO: [v++ 60-1453] Command Line: xclbinutil --quiet --force --info /home/ziyuanwang/hbm/Vitis_Accel_Examples/performance/hbm_bandwidth_pseudo_random/./build_dir_5core_25.hw.xilinx_u280_xdma_201920_3/krnl_vaddmul.link.xclbin.info --input /home/ziyuanwang/hbm/Vitis_Accel_Examples/performance/hbm_bandwidth_pseudo_random/./build_dir_5core_25.hw.xilinx_u280_xdma_201920_3/krnl_vaddmul.link.xclbin
INFO: [v++ 60-1454] Run Directory: /home/ziyuanwang/hbm/Vitis_Accel_Examples/performance/hbm_bandwidth_pseudo_random/_x_5core_25.hw.xilinx_u280_xdma_201920_3/link/run_link
INFO: [v++ 60-1441] [15:51:09] Run run_link: Step xclbinutilinfo: Completed
Time (s): cpu = 00:00:00.46 ; elapsed = 00:00:00.96 . Memory (MB): peak = 2062.195 ; gain = 0.000 ; free physical = 43180 ; free virtual = 467432
INFO: [v++ 60-1443] [15:51:09] Run run_link: Step generate_sc_driver: Started
INFO: [v++ 60-1453] Command Line: 
INFO: [v++ 60-1454] Run Directory: /home/ziyuanwang/hbm/Vitis_Accel_Examples/performance/hbm_bandwidth_pseudo_random/_x_5core_25.hw.xilinx_u280_xdma_201920_3/link/run_link
INFO: [v++ 60-1441] [15:51:09] Run run_link: Step generate_sc_driver: Completed
Time (s): cpu = 00:00:00 ; elapsed = 00:00:00.23 . Memory (MB): peak = 2062.195 ; gain = 0.000 ; free physical = 43180 ; free virtual = 467433
INFO: [v++ 60-244] Generating system estimate report...
INFO: [v++ 60-1092] Generated system estimate report: /home/ziyuanwang/hbm/Vitis_Accel_Examples/performance/hbm_bandwidth_pseudo_random/_x_5core_25.hw.xilinx_u280_xdma_201920_3/reports/link/system_estimate_krnl_vaddmul.link.xtxt
INFO: [v++ 60-586] Created /home/ziyuanwang/hbm/Vitis_Accel_Examples/performance/hbm_bandwidth_pseudo_random/build_dir_5core_25.hw.xilinx_u280_xdma_201920_3/krnl_vaddmul.link.ltx
INFO: [v++ 60-586] Created ./build_dir_5core_25.hw.xilinx_u280_xdma_201920_3/krnl_vaddmul.link.xclbin
INFO: [v++ 60-1307] Run completed. Additional information can be found in:
	Guidance: /home/ziyuanwang/hbm/Vitis_Accel_Examples/performance/hbm_bandwidth_pseudo_random/_x_5core_25.hw.xilinx_u280_xdma_201920_3/reports/link/v++_link_krnl_vaddmul.link_guidance.html
	Timing Report: /home/ziyuanwang/hbm/Vitis_Accel_Examples/performance/hbm_bandwidth_pseudo_random/_x_5core_25.hw.xilinx_u280_xdma_201920_3/reports/link/imp/impl_1_xilinx_u280_xdma_201920_3_bb_locked_timing_summary_routed.rpt
	Vivado Log: /home/ziyuanwang/hbm/Vitis_Accel_Examples/performance/hbm_bandwidth_pseudo_random/_x_5core_25.hw.xilinx_u280_xdma_201920_3/logs/link/vivado.log
	Steps Log File: /home/ziyuanwang/hbm/Vitis_Accel_Examples/performance/hbm_bandwidth_pseudo_random/_x_5core_25.hw.xilinx_u280_xdma_201920_3/logs/link/link.steps.log

INFO: [v++ 60-2343] Use the vitis_analyzer tool to visualize and navigate the relevant reports. Run the following command. 
    vitis_analyzer /home/ziyuanwang/hbm/Vitis_Accel_Examples/performance/hbm_bandwidth_pseudo_random/build_dir_5core_25.hw.xilinx_u280_xdma_201920_3/krnl_vaddmul.link.xclbin.link_summary 
INFO: [v++ 60-791] Total elapsed time: 5h 23m 13s
