Copyright 1986-2021 Xilinx, Inc. All Rights Reserved.
-----------------------------------------------------------------------------------------------------------------------------------------------------------------------------------------------------------------------------------------------------------------------------------------------------------------------------------------------------------------------------------------------------------------------------------------------------------------------------------------------------
| Tool Version : Vivado v.2021.2 (lin64) Build 3367213 Tue Oct 19 02:47:39 MDT 2021
| Date         : Wed Nov 20 18:25:30 2024
| Host         : hacc-gpu0 running 64-bit Ubuntu 20.04.6 LTS
| Command      : report_accelerator_utilization -kernels { krnl_vaddmul:pfm_top_i/dynamic_region/krnl_vaddmul_1/inst:krnl_vaddmul_1 krnl_vaddmul:pfm_top_i/dynamic_region/krnl_vaddmul_2/inst:krnl_vaddmul_2 krnl_vaddmul:pfm_top_i/dynamic_region/krnl_vaddmul_3/inst:krnl_vaddmul_3 krnl_vaddmul:pfm_top_i/dynamic_region/krnl_vaddmul_4/inst:krnl_vaddmul_4 krnl_vaddmul:pfm_top_i/dynamic_region/krnl_vaddmul_5/inst:krnl_vaddmul_5} -file kernel_util_placed.rpt -name kernel_util_placed -json
| Design       : pfm_top_wrapper
| Device       : xcu280
| Design State : Fully Placed
-----------------------------------------------------------------------------------------------------------------------------------------------------------------------------------------------------------------------------------------------------------------------------------------------------------------------------------------------------------------------------------------------------------------------------------------------------------------------------------------------------

Accelerator Utilization Design Information

Table of Contents
-----------------
1. System Utilization

1. System Utilization
---------------------

+---------------------+-------------------+------------------+-------------------+----------------+---------------+----------------+
| Name                | LUT               | LUTAsMem         | REG               | BRAM           | URAM          | DSP            |
+---------------------+-------------------+------------------+-------------------+----------------+---------------+----------------+
| Platform            |  133290 [ 10.23%] |  23664 [  3.94%] |  200817 [  7.70%] |  204 [ 10.12%] |   0 [  0.00%] |    4 [  0.04%] |
| User Budget         | 1169430 [100.00%] | 576816 [100.00%] | 2406543 [100.00%] | 1812 [100.00%] | 960 [100.00%] | 9020 [100.00%] |
|    Used Resources   |  145151 [ 12.41%] |   9110 [  1.58%] |  155050 [  6.44%] |  230 [ 12.69%] |   0 [  0.00%] |  490 [  5.43%] |
|    Unused Resources | 1024279 [ 87.59%] | 567706 [ 98.42%] | 2251493 [ 93.56%] | 1582 [ 87.31%] | 960 [100.00%] | 8530 [ 94.57%] |
| krnl_vaddmul        |  145151 [ 12.41%] |   9110 [  1.58%] |  155050 [  6.44%] |  230 [ 12.69%] |   0 [  0.00%] |  490 [  5.43%] |
|    krnl_vaddmul_1   |   28733 [  2.46%] |   1822 [  0.32%] |   30677 [  1.27%] |   46 [  2.54%] |   0 [  0.00%] |   98 [  1.09%] |
|    krnl_vaddmul_2   |   28760 [  2.46%] |   1822 [  0.32%] |   30661 [  1.27%] |   46 [  2.54%] |   0 [  0.00%] |   98 [  1.09%] |
|    krnl_vaddmul_3   |   29578 [  2.53%] |   1822 [  0.32%] |   32111 [  1.33%] |   46 [  2.54%] |   0 [  0.00%] |   98 [  1.09%] |
|    krnl_vaddmul_4   |   29365 [  2.51%] |   1822 [  0.32%] |   30919 [  1.28%] |   46 [  2.54%] |   0 [  0.00%] |   98 [  1.09%] |
|    krnl_vaddmul_5   |   28715 [  2.46%] |   1822 [  0.32%] |   30682 [  1.27%] |   46 [  2.54%] |   0 [  0.00%] |   98 [  1.09%] |
+---------------------+-------------------+------------------+-------------------+----------------+---------------+----------------+


