Copyright 1986-2021 Xilinx, Inc. All Rights Reserved.
----------------------------------------------------------------------------------------------------------------------------------------------------------------------------------
| Tool Version : Vivado v.2021.2 (lin64) Build 3367213 Tue Oct 19 02:47:39 MDT 2021
| Date         : Sat Dec 21 02:01:58 2024
| Host         : hacc-gpu0 running 64-bit Ubuntu 20.04.6 LTS
| Command      : report_accelerator_utilization -kernels { overlay:pfm_top_i/dynamic_region/overlay_1/inst:overlay_1} -file kernel_util_routed.rpt -name kernel_util_routed -json
| Design       : pfm_top_wrapper
| Device       : xcu280
| Design State : Routed
----------------------------------------------------------------------------------------------------------------------------------------------------------------------------------

Accelerator Utilization Design Information

Table of Contents
-----------------
1. System Utilization

1. System Utilization
---------------------

+---------------------+-------------------+------------------+-------------------+----------------+---------------+----------------+
| Name                | LUT               | LUTAsMem         | REG               | BRAM           | URAM          | DSP            |
+---------------------+-------------------+------------------+-------------------+----------------+---------------+----------------+
| Platform            |  185176 [ 14.21%] |  32192 [  5.36%] |  296713 [ 11.38%] |  303 [ 15.03%] |   0 [  0.00%] |    7 [  0.08%] |
| User Budget         | 1117544 [100.00%] | 568288 [100.00%] | 2310647 [100.00%] | 1713 [100.00%] | 960 [100.00%] | 9017 [100.00%] |
|    Used Resources   |  393583 [ 35.22%] | 120544 [ 21.21%] |  417303 [ 18.06%] |  669 [ 39.05%] | 768 [ 80.00%] |  723 [  8.02%] |
|    Unused Resources |  723961 [ 64.78%] | 447744 [ 78.79%] | 1893344 [ 81.94%] | 1044 [ 60.95%] | 192 [ 20.00%] | 8294 [ 91.98%] |
| overlay             |  393583 [ 35.22%] | 120544 [ 21.21%] |  417303 [ 18.06%] |  669 [ 39.05%] | 768 [ 80.00%] |  723 [  8.02%] |
|    overlay_1        |  393583 [ 35.22%] | 120544 [ 21.21%] |  417303 [ 18.06%] |  669 [ 39.05%] | 768 [ 80.00%] |  723 [  8.02%] |
+---------------------+-------------------+------------------+-------------------+----------------+---------------+----------------+


