Copyright 1986-2021 Xilinx, Inc. All Rights Reserved.
------------------------------------------------------------------------------------------------------------------------------------------------------------------------------------------------------------------------------------------------------------------------------------------------------------------------------------------------------------------------------------------------------------------------------
| Tool Version : Vivado v.2021.2 (lin64) Build 3367213 Tue Oct 19 02:47:39 MDT 2021
| Date         : Sat Nov  2 10:27:48 2024
| Host         : hacc-gpu0 running 64-bit Ubuntu 20.04.6 LTS
| Command      : report_accelerator_utilization -kernels { krnl_vaddmul:pfm_top_i/dynamic_region/krnl_vaddmul_1/inst:krnl_vaddmul_1 krnl_vaddmul:pfm_top_i/dynamic_region/krnl_vaddmul_2/inst:krnl_vaddmul_2 krnl_vaddmul:pfm_top_i/dynamic_region/krnl_vaddmul_3/inst:krnl_vaddmul_3 krnl_vaddmul:pfm_top_i/dynamic_region/krnl_vaddmul_4/inst:krnl_vaddmul_4} -file kernel_util_synthed.rpt -name kernel_util_synthed -json
| Design       : pfm_top_wrapper
| Device       : xcu280
| Design State : Synthesized
------------------------------------------------------------------------------------------------------------------------------------------------------------------------------------------------------------------------------------------------------------------------------------------------------------------------------------------------------------------------------------------------------------------------------

Accelerator Utilization Design Information

Table of Contents
-----------------
1. System Utilization

1. System Utilization
---------------------

+---------------------+-------------------+------------------+-------------------+----------------+---------------+----------------+
| Name                | LUT               | LUTAsMem         | REG               | BRAM           | URAM          | DSP            |
+---------------------+-------------------+------------------+-------------------+----------------+---------------+----------------+
| Platform            |  151579 [ 11.64%] |  23266 [  3.87%] |  213421 [  8.19%] |  204 [ 10.12%] |   0 [  0.00%] |    4 [  0.04%] |
| User Budget         | 1151141 [100.00%] | 577214 [100.00%] | 2393939 [100.00%] | 1812 [100.00%] | 960 [100.00%] | 9020 [100.00%] |
|    Used Resources   |   57256 [  4.97%] |  12244 [  2.12%] |   75964 [  3.17%] |  124 [  6.84%] |   0 [  0.00%] |   32 [  0.35%] |
|    Unused Resources | 1093885 [ 95.03%] | 564970 [ 97.88%] | 2317975 [ 96.83%] | 1688 [ 93.16%] | 960 [100.00%] | 8988 [ 99.65%] |
| krnl_vaddmul        |   57256 [  4.97%] |  12244 [  2.12%] |   75964 [  3.17%] |  124 [  6.84%] |   0 [  0.00%] |   32 [  0.35%] |
|    krnl_vaddmul_1   |   14314 [  1.24%] |   3061 [  0.53%] |   18991 [  0.79%] |   31 [  1.71%] |   0 [  0.00%] |    8 [  0.09%] |
|    krnl_vaddmul_2   |   14314 [  1.24%] |   3061 [  0.53%] |   18991 [  0.79%] |   31 [  1.71%] |   0 [  0.00%] |    8 [  0.09%] |
|    krnl_vaddmul_3   |   14314 [  1.24%] |   3061 [  0.53%] |   18991 [  0.79%] |   31 [  1.71%] |   0 [  0.00%] |    8 [  0.09%] |
|    krnl_vaddmul_4   |   14314 [  1.24%] |   3061 [  0.53%] |   18991 [  0.79%] |   31 [  1.71%] |   0 [  0.00%] |    8 [  0.09%] |
+---------------------+-------------------+------------------+-------------------+----------------+---------------+----------------+


