Copyright 1986-2021 Xilinx, Inc. All Rights Reserved.
------------------------------------------------------------------------------------------
| Tool Version : Vivado v.2021.2 (lin64) Build 3367213 Tue Oct 19 02:47:39 MDT 2021
| Date         : Wed Nov  6 22:59:46 2024
| Host         : hacc-gpu0 running 64-bit Ubuntu 20.04.6 LTS
| Command      : report_utilization -slr -file slr_util_placed.rpt -pb slr_util_placed.pb
| Design       : pfm_top_wrapper
| Device       : xcu280-fsvh2892-2L-e
| Speed File   : -2L
| Design State : Fully Placed
------------------------------------------------------------------------------------------

Utilization Design Information

Table of Contents
-----------------
1. SLR Connectivity
2. SLR Connectivity Matrix
3. SLR CLB Logic and Dedicated Block Utilization
4. SLR IO Utilization

1. SLR Connectivity
-------------------

+----------------------------------+------+-------+-----------+-------+
|                                  | Used | Fixed | Available | Util% |
+----------------------------------+------+-------+-----------+-------+
| SLR2 <-> SLR1                    | 3969 |       |     23040 | 17.23 |
|   SLR1 -> SLR2                   | 2096 |       |           |  9.10 |
|     Using TX_REG only            |    1 |     1 |           |       |
|     Using RX_REG only            |   18 |    18 |           |       |
|     Using Both TX_REG and RX_REG |  267 |     1 |           |       |
|   SLR2 -> SLR1                   | 1873 |       |           |  8.13 |
|     Using TX_REG only            |    0 |     0 |           |       |
|     Using RX_REG only            |    4 |     4 |           |       |
|     Using Both TX_REG and RX_REG |  407 |     0 |           |       |
| SLR1 <-> SLR0                    | 2535 |       |     23040 | 11.00 |
|   SLR0 -> SLR1                   | 1139 |       |           |  4.94 |
|     Using TX_REG only            |   71 |    71 |           |       |
|     Using RX_REG only            |   61 |    61 |           |       |
|     Using Both TX_REG and RX_REG |  355 |    55 |           |       |
|   SLR1 -> SLR0                   | 1396 |       |           |  6.06 |
|     Using TX_REG only            |   64 |    62 |           |       |
|     Using RX_REG only            |   72 |    71 |           |       |
|     Using Both TX_REG and RX_REG |  433 |    60 |           |       |
+----------------------------------+------+-------+-----------+-------+
| Total SLLs Used                  | 6504 |       |           |       |
+----------------------------------+------+-------+-----------+-------+


2. SLR Connectivity Matrix
--------------------------

+-----------+------+------+------+
| FROM \ TO | SLR2 | SLR1 | SLR0 |
+-----------+------+------+------+
| SLR2      |    0 | 1717 |  156 |
| SLR1      | 1960 |    0 | 1240 |
| SLR0      |  136 | 1003 |    0 |
+-----------+------+------+------+


3. SLR CLB Logic and Dedicated Block Utilization
------------------------------------------------

+----------------------------+--------+-------+-------+--------+--------+--------+
|          Site Type         |  SLR0  |  SLR1 |  SLR2 | SLR0 % | SLR1 % | SLR2 % |
+----------------------------+--------+-------+-------+--------+--------+--------+
| CLB                        |  20559 |  6965 |  8033 |  37.41 |  12.90 |  14.88 |
|   CLBL                     |  10534 |  3465 |  4095 |  35.98 |  11.83 |  13.99 |
|   CLBM                     |  10025 |  3500 |  3938 |  39.04 |  14.16 |  15.93 |
| CLB LUTs                   |  79329 | 47672 | 35363 |  18.04 |  11.04 |   8.19 |
|   LUT as Logic             |  57399 | 43700 | 32323 |  13.05 |  10.12 |   7.48 |
|     using O5 output only   |   1344 |   289 |  1010 |   0.31 |   0.07 |   0.23 |
|     using O6 output only   |  34670 | 34275 | 19506 |   7.89 |   7.93 |   4.52 |
|     using O5 and O6        |  21385 |  9136 | 11807 |   4.86 |   2.11 |   2.73 |
|   LUT as Memory            |  21930 |  3972 |  3040 |  10.67 |   2.01 |   1.54 |
|     LUT as Distributed RAM |  10696 |  3837 |  1660 |   5.21 |   1.94 |   0.84 |
|       using O5 output only |      0 |     0 |     0 |   0.00 |   0.00 |   0.00 |
|       using O6 output only |     80 |   215 |    84 |   0.04 |   0.11 |   0.04 |
|       using O5 and O6      |  10616 |  3622 |  1576 |   5.17 |   1.83 |   0.80 |
|     LUT as Shift Register  |  11234 |   135 |  1380 |   5.47 |   0.07 |   0.70 |
|       using O5 output only |      0 |     0 |     0 |   0.00 |   0.00 |   0.00 |
|       using O6 output only |   6777 |   135 |  1250 |   3.30 |   0.07 |   0.63 |
|       using O5 and O6      |   4457 |     0 |   130 |   2.17 |   0.00 |   0.07 |
| CLB Registers              | 144454 | 46338 | 60952 |  16.43 |   5.36 |   7.05 |
| CARRY8                     |   2164 |   473 |   313 |   3.94 |   0.88 |   0.58 |
| F7 Muxes                   |   2582 |   651 |  1054 |   1.17 |   0.30 |   0.49 |
| F8 Muxes                   |    715 |   141 |    47 |   0.65 |   0.13 |   0.04 |
| F9 Muxes                   |      0 |     0 |     0 |   0.00 |   0.00 |   0.00 |
| Block RAM Tile             |  137.5 |  80.5 |    94 |  20.46 |  11.98 |  13.99 |
|   RAMB36/FIFO              |    136 |    80 |    92 |  20.24 |  11.90 |  13.69 |
|     RAMB36E2 only          |    136 |    80 |    92 |  20.24 |  11.90 |  13.69 |
|   RAMB18                   |      3 |     1 |     4 |   0.22 |   0.07 |   0.30 |
|     RAMB18E2 only          |      3 |     1 |     4 |   0.22 |   0.07 |   0.30 |
| URAM                       |      0 |     0 |     0 |   0.00 |   0.00 |   0.00 |
| DSPs                       |    144 |     0 |     4 |   5.00 |   0.00 |   0.13 |
| Unique Control Sets        |   3887 |  1505 |  2724 |   3.54 |   1.39 |   2.52 |
+----------------------------+--------+-------+-------+--------+--------+--------+
* Note: Available Control Sets based on CLB Registers / 8


4. SLR IO Utilization
---------------------

+-----------+-----------+---------+------------+----------+------------+----------+-----+
| SLR Index | Used IOBs | (%)IOBs | Used IPADs | (%)IPADs | Used OPADs | (%)OPADs | GTs |
+-----------+-----------+---------+------------+----------+------------+----------+-----+
| SLR2      |        18 |    8.65 |          0 |     0.00 |          0 |     0.00 |   0 |
| SLR1      |         0 |    0.00 |          0 |     0.00 |          0 |     0.00 |   0 |
| SLR0      |         1 |    0.48 |          0 |     0.00 |          0 |     0.00 |  16 |
+-----------+-----------+---------+------------+----------+------------+----------+-----+
| Total     |        19 |         |          0 |          |          0 |          |  16 |
+-----------+-----------+---------+------------+----------+------------+----------+-----+


