Copyright 1986-2021 Xilinx, Inc. All Rights Reserved.
---------------------------------------------------------------------------------------------------------------------------------------------------------------------------------------------------------------------------------------------------------------------------------------------------------------------------------------------------
| Tool Version : Vivado v.2021.2 (lin64) Build 3367213 Tue Oct 19 02:47:39 MDT 2021
| Date         : Fri Nov  8 17:12:43 2024
| Host         : hacc-gpu0 running 64-bit Ubuntu 20.04.6 LTS
| Command      : report_accelerator_utilization -kernels { krnl_vaddmul:pfm_top_i/dynamic_region/krnl_vaddmul_1/inst:krnl_vaddmul_1 krnl_vaddmul:pfm_top_i/dynamic_region/krnl_vaddmul_2/inst:krnl_vaddmul_2 krnl_vaddmul:pfm_top_i/dynamic_region/krnl_vaddmul_3/inst:krnl_vaddmul_3} -file kernel_util_routed.rpt -name kernel_util_routed -json
| Design       : pfm_top_wrapper
| Device       : xcu280
| Design State : Routed
---------------------------------------------------------------------------------------------------------------------------------------------------------------------------------------------------------------------------------------------------------------------------------------------------------------------------------------------------

Accelerator Utilization Design Information

Table of Contents
-----------------
1. System Utilization

1. System Utilization
---------------------

+---------------------+-------------------+------------------+-------------------+----------------+---------------+----------------+
| Name                | LUT               | LUTAsMem         | REG               | BRAM           | URAM          | DSP            |
+---------------------+-------------------+------------------+-------------------+----------------+---------------+----------------+
| Platform            |  109150 [  8.38%] |  13234 [  2.20%] |  162658 [  6.24%] |  204 [ 10.12%] |   0 [  0.00%] |    4 [  0.04%] |
| User Budget         | 1193570 [100.00%] | 587246 [100.00%] | 2444702 [100.00%] | 1812 [100.00%] | 960 [100.00%] | 9020 [100.00%] |
|    Used Resources   |  203754 [ 17.07%] |   3942 [  0.67%] |  174445 [  7.14%] |   90 [  4.97%] |   0 [  0.00%] |  267 [  2.96%] |
|    Unused Resources |  989816 [ 82.93%] | 583304 [ 99.33%] | 2270257 [ 92.86%] | 1722 [ 95.03%] | 960 [100.00%] | 8753 [ 97.04%] |
| krnl_vaddmul        |  203754 [ 17.07%] |   3942 [  0.67%] |  174445 [  7.14%] |   90 [  4.97%] |   0 [  0.00%] |  267 [  2.96%] |
|    krnl_vaddmul_1   |   68026 [  5.70%] |   1314 [  0.22%] |   58164 [  2.38%] |   30 [  1.66%] |   0 [  0.00%] |   89 [  0.99%] |
|    krnl_vaddmul_2   |   67930 [  5.69%] |   1314 [  0.22%] |   58145 [  2.38%] |   30 [  1.66%] |   0 [  0.00%] |   89 [  0.99%] |
|    krnl_vaddmul_3   |   67798 [  5.68%] |   1314 [  0.22%] |   58136 [  2.38%] |   30 [  1.66%] |   0 [  0.00%] |   89 [  0.99%] |
+---------------------+-------------------+------------------+-------------------+----------------+---------------+----------------+


