Copyright 1986-2021 Xilinx, Inc. All Rights Reserved.
------------------------------------------------------------------------------------------
| Tool Version : Vivado v.2021.2 (lin64) Build 3367213 Tue Oct 19 02:47:39 MDT 2021
| Date         : Fri Nov  8 17:13:24 2024
| Host         : hacc-gpu0 running 64-bit Ubuntu 20.04.6 LTS
| Command      : report_utilization -slr -file slr_util_routed.rpt -pb slr_util_routed.pb
| Design       : pfm_top_wrapper
| Device       : xcu280-fsvh2892-2L-e
| Speed File   : -2L
| Design State : Routed
------------------------------------------------------------------------------------------

Utilization Design Information

Table of Contents
-----------------
1. SLR Connectivity
2. SLR Connectivity Matrix
3. SLR CLB Logic and Dedicated Block Utilization
4. SLR IO Utilization

1. SLR Connectivity
-------------------

+----------------------------------+------+-------+-----------+-------+
|                                  | Used | Fixed | Available | Util% |
+----------------------------------+------+-------+-----------+-------+
| SLR2 <-> SLR1                    | 3976 |       |     23040 | 17.26 |
|   SLR1 -> SLR2                   | 2094 |       |           |  9.09 |
|     Using TX_REG only            |  267 |     1 |           |       |
|     Using RX_REG only            |  284 |    18 |           |       |
|     Using Both TX_REG and RX_REG |  267 |     1 |           |       |
|   SLR2 -> SLR1                   | 1882 |       |           |  8.17 |
|     Using TX_REG only            |  407 |     0 |           |       |
|     Using RX_REG only            |  413 |     4 |           |       |
|     Using Both TX_REG and RX_REG |  407 |     0 |           |       |
| SLR1 <-> SLR0                    | 5026 |       |     23040 | 21.81 |
|   SLR0 -> SLR1                   | 2283 |       |           |  9.91 |
|     Using TX_REG only            |  378 |    71 |           |       |
|     Using RX_REG only            |  364 |    61 |           |       |
|     Using Both TX_REG and RX_REG |  358 |    55 |           |       |
|   SLR1 -> SLR0                   | 2743 |       |           | 11.91 |
|     Using TX_REG only            |  437 |    62 |           |       |
|     Using RX_REG only            |  448 |    71 |           |       |
|     Using Both TX_REG and RX_REG |  435 |    60 |           |       |
+----------------------------------+------+-------+-----------+-------+
| Total SLLs Used                  | 9002 |       |           |       |
+----------------------------------+------+-------+-----------+-------+


2. SLR Connectivity Matrix
--------------------------

+-----------+------+------+------+
| FROM \ TO | SLR2 | SLR1 | SLR0 |
+-----------+------+------+------+
| SLR2      |    0 | 1722 |  160 |
| SLR1      | 1963 |    0 | 2583 |
| SLR0      |  131 | 2152 |    0 |
+-----------+------+------+------+


3. SLR CLB Logic and Dedicated Block Utilization
------------------------------------------------

+----------------------------+--------+--------+-------+--------+--------+--------+
|          Site Type         |  SLR0  |  SLR1  |  SLR2 | SLR0 % | SLR1 % | SLR2 % |
+----------------------------+--------+--------+-------+--------+--------+--------+
| CLB                        |  39645 |  22646 |  7953 |  72.13 |  41.94 |  14.73 |
|   CLBL                     |  20889 |  11830 |  4133 |  71.34 |  40.40 |  14.12 |
|   CLBM                     |  18756 |  10816 |  3820 |  73.04 |  43.75 |  15.45 |
| CLB LUTs                   | 162045 | 115553 | 35303 |  36.86 |  26.75 |   8.17 |
|   LUT as Logic             | 153168 | 110262 | 32295 |  34.84 |  25.52 |   7.48 |
|     using O5 output only   |    873 |    408 |  1009 |   0.20 |   0.09 |   0.23 |
|     using O6 output only   | 127350 |  91137 | 19483 |  28.96 |  21.10 |   4.51 |
|     using O5 and O6        |  24945 |  18717 | 11803 |   5.67 |   4.33 |   2.73 |
|   LUT as Memory            |   8877 |   5291 |  3008 |   4.32 |   2.68 |   1.52 |
|     LUT as Distributed RAM |   4486 |   3837 |  1660 |   2.18 |   1.94 |   0.84 |
|       using O5 output only |      0 |      0 |     0 |   0.00 |   0.00 |   0.00 |
|       using O6 output only |     80 |    215 |    84 |   0.04 |   0.11 |   0.04 |
|       using O5 and O6      |   4406 |   3622 |  1576 |   2.14 |   1.83 |   0.80 |
|     LUT as Shift Register  |   4391 |   1454 |  1348 |   2.14 |   0.74 |   0.68 |
|       using O5 output only |      4 |      0 |     0 |  <0.01 |   0.00 |   0.00 |
|       using O6 output only |   2133 |    784 |  1218 |   1.04 |   0.40 |   0.62 |
|       using O5 and O6      |   2254 |    670 |   130 |   1.10 |   0.34 |   0.07 |
| CLB Registers              | 171721 | 104631 | 60751 |  19.53 |  12.11 |   7.03 |
| CARRY8                     |   2165 |   1369 |   313 |   3.94 |   2.54 |   0.58 |
| F7 Muxes                   |    768 |    827 |  1054 |   0.35 |   0.38 |   0.49 |
| F8 Muxes                   |     70 |    168 |    47 |   0.06 |   0.16 |   0.04 |
| F9 Muxes                   |      0 |      0 |     0 |   0.00 |   0.00 |   0.00 |
| Block RAM Tile             |   90.5 |    111 |    94 |  13.47 |  16.52 |  13.99 |
|   RAMB36/FIFO              |     88 |    110 |    92 |  13.10 |  16.37 |  13.69 |
|     RAMB36E2 only          |     88 |    110 |    92 |  13.10 |  16.37 |  13.69 |
|   RAMB18                   |      5 |      2 |     4 |   0.37 |   0.15 |   0.30 |
|     RAMB18E2 only          |      5 |      2 |     4 |   0.37 |   0.15 |   0.30 |
| URAM                       |      0 |      0 |     0 |   0.00 |   0.00 |   0.00 |
| DSPs                       |    178 |     89 |     4 |   6.18 |   2.90 |   0.13 |
| Unique Control Sets        |   3053 |   2137 |  2720 |   2.78 |   1.98 |   2.52 |
+----------------------------+--------+--------+-------+--------+--------+--------+
* Note: Available Control Sets based on CLB Registers / 8


4. SLR IO Utilization
---------------------

+-----------+-----------+---------+------------+----------+------------+----------+-----+
| SLR Index | Used IOBs | (%)IOBs | Used IPADs | (%)IPADs | Used OPADs | (%)OPADs | GTs |
+-----------+-----------+---------+------------+----------+------------+----------+-----+
| SLR2      |        18 |    8.65 |          0 |     0.00 |          0 |     0.00 |   0 |
| SLR1      |         0 |    0.00 |          0 |     0.00 |          0 |     0.00 |   0 |
| SLR0      |         1 |    0.48 |          0 |     0.00 |          0 |     0.00 |  16 |
+-----------+-----------+---------+------------+----------+------------+----------+-----+
| Total     |        19 |         |          0 |          |          0 |          |  16 |
+-----------+-----------+---------+------------+----------+------------+----------+-----+


