Copyright 1986-2021 Xilinx, Inc. All Rights Reserved.
------------------------------------------------------------------------------------------
| Tool Version : Vivado v.2021.2 (lin64) Build 3367213 Tue Oct 19 02:47:39 MDT 2021
| Date         : Tue Dec  3 01:57:35 2024
| Host         : hacc-gpu0 running 64-bit Ubuntu 20.04.6 LTS
| Command      : report_utilization -slr -file slr_util_placed.rpt -pb slr_util_placed.pb
| Design       : pfm_top_wrapper
| Device       : xcu280-fsvh2892-2L-e
| Speed File   : -2L
| Design State : Fully Placed
------------------------------------------------------------------------------------------

Utilization Design Information

Table of Contents
-----------------
1. SLR Connectivity
2. SLR Connectivity Matrix
3. SLR CLB Logic and Dedicated Block Utilization
4. SLR IO Utilization

1. SLR Connectivity
-------------------

+----------------------------------+-------+-------+-----------+-------+
|                                  |  Used | Fixed | Available | Util% |
+----------------------------------+-------+-------+-----------+-------+
| SLR2 <-> SLR1                    |  8050 |       |     23040 | 34.94 |
|   SLR1 -> SLR2                   |  4465 |       |           | 19.38 |
|     Using TX_REG only            |     1 |     1 |           |       |
|     Using RX_REG only            |    18 |    18 |           |       |
|     Using Both TX_REG and RX_REG |   267 |     1 |           |       |
|   SLR2 -> SLR1                   |  3585 |       |           | 15.56 |
|     Using TX_REG only            |     0 |     0 |           |       |
|     Using RX_REG only            |     4 |     4 |           |       |
|     Using Both TX_REG and RX_REG |   407 |     0 |           |       |
| SLR1 <-> SLR0                    |  9641 |       |     23040 | 41.84 |
|   SLR0 -> SLR1                   |  5445 |       |           | 23.63 |
|     Using TX_REG only            |    71 |    71 |           |       |
|     Using RX_REG only            |    61 |    61 |           |       |
|     Using Both TX_REG and RX_REG |   365 |    55 |           |       |
|   SLR1 -> SLR0                   |  4196 |       |           | 18.21 |
|     Using TX_REG only            |    62 |    62 |           |       |
|     Using RX_REG only            |    72 |    71 |           |       |
|     Using Both TX_REG and RX_REG |   442 |    60 |           |       |
+----------------------------------+-------+-------+-----------+-------+
| Total SLLs Used                  | 17691 |       |           |       |
+----------------------------------+-------+-------+-----------+-------+


2. SLR Connectivity Matrix
--------------------------

+-----------+------+------+------+
| FROM \ TO | SLR2 | SLR1 | SLR0 |
+-----------+------+------+------+
| SLR2      |    0 | 3268 |  317 |
| SLR1      | 3235 |    0 | 3879 |
| SLR0      | 1230 | 4215 |    0 |
+-----------+------+------+------+


3. SLR CLB Logic and Dedicated Block Utilization
------------------------------------------------

+----------------------------+--------+--------+--------+--------+--------+--------+
|          Site Type         |  SLR0  |  SLR1  |  SLR2  | SLR0 % | SLR1 % | SLR2 % |
+----------------------------+--------+--------+--------+--------+--------+--------+
| CLB                        |  16602 |  28130 |  21021 |  30.21 |  52.09 |  38.93 |
|   CLBL                     |   8565 |  14622 |  10926 |  29.25 |  49.94 |  37.32 |
|   CLBM                     |   8037 |  13508 |  10095 |  31.30 |  54.64 |  40.84 |
| CLB LUTs                   |  63216 | 137163 |  90870 |  14.38 |  31.75 |  21.03 |
|   LUT as Logic             |  52242 | 106651 |  70564 |  11.88 |  24.69 |  16.33 |
|     using O5 output only   |   1730 |    848 |   1476 |   0.39 |   0.20 |   0.34 |
|     using O6 output only   |  31378 |  79747 |  45426 |   7.14 |  18.46 |  10.52 |
|     using O5 and O6        |  19134 |  26056 |  23662 |   4.35 |   6.03 |   5.48 |
|   LUT as Memory            |  10974 |  30512 |  20306 |   5.34 |  15.43 |  10.27 |
|     LUT as Distributed RAM |   8384 |   5073 |   3958 |   4.08 |   2.57 |   2.00 |
|       using O5 output only |      0 |      0 |      0 |   0.00 |   0.00 |   0.00 |
|       using O6 output only |    104 |    731 |     90 |   0.05 |   0.37 |   0.05 |
|       using O5 and O6      |   8280 |   4342 |   3868 |   4.03 |   2.20 |   1.96 |
|     LUT as Shift Register  |   2590 |  25439 |  16348 |   1.26 |  12.86 |   8.27 |
|       using O5 output only |      0 |      0 |      0 |   0.00 |   0.00 |   0.00 |
|       using O6 output only |   1689 |  22386 |  14410 |   0.82 |  11.32 |   7.29 |
|       using O5 and O6      |    901 |   3053 |   1938 |   0.44 |   1.54 |   0.98 |
| CLB Registers              | 110099 | 153163 | 130114 |  12.52 |  17.73 |  15.06 |
| CARRY8                     |    680 |   2772 |   1195 |   1.24 |   5.13 |   2.21 |
| F7 Muxes                   |   1006 |  14277 |   9681 |   0.46 |   6.61 |   4.48 |
| F8 Muxes                   |    109 |    142 |     47 |   0.10 |   0.13 |   0.04 |
| F9 Muxes                   |      0 |      0 |      0 |   0.00 |   0.00 |   0.00 |
| Block RAM Tile             |    120 |    432 |    283 |  17.86 |  64.29 |  42.11 |
|   RAMB36/FIFO              |    116 |    418 |    274 |  17.26 |  62.20 |  40.77 |
|     RAMB36E2 only          |    116 |    418 |    274 |  17.26 |  62.20 |  40.77 |
|   RAMB18                   |      8 |     28 |     18 |   0.60 |   2.08 |   1.34 |
|     RAMB18E2 only          |      8 |     28 |     18 |   0.60 |   2.08 |   1.34 |
| URAM                       |      0 |    288 |    288 |   0.00 |  90.00 |  90.00 |
| DSPs                       |      3 |    155 |     68 |   0.10 |   5.05 |   2.21 |
| Unique Control Sets        |   3716 |   3208 |   3753 |   3.38 |   2.97 |   3.48 |
+----------------------------+--------+--------+--------+--------+--------+--------+
* Note: Available Control Sets based on CLB Registers / 8


4. SLR IO Utilization
---------------------

+-----------+-----------+---------+------------+----------+------------+----------+-----+
| SLR Index | Used IOBs | (%)IOBs | Used IPADs | (%)IPADs | Used OPADs | (%)OPADs | GTs |
+-----------+-----------+---------+------------+----------+------------+----------+-----+
| SLR2      |        18 |    8.65 |          0 |     0.00 |          0 |     0.00 |   0 |
| SLR1      |         0 |    0.00 |          0 |     0.00 |          0 |     0.00 |   0 |
| SLR0      |       140 |   67.31 |          0 |     0.00 |          0 |     0.00 |  16 |
+-----------+-----------+---------+------------+----------+------------+----------+-----+
| Total     |       158 |         |          0 |          |          0 |          |  16 |
+-----------+-----------+---------+------------+----------+------------+----------+-----+


