Copyright 1986-2021 Xilinx, Inc. All Rights Reserved.
------------------------------------------------------------------------------------------
| Tool Version : Vivado v.2021.2 (lin64) Build 3367213 Tue Oct 19 02:47:39 MDT 2021
| Date         : Sun Nov 10 13:44:00 2024
| Host         : hacc-gpu0 running 64-bit Ubuntu 20.04.6 LTS
| Command      : report_utilization -slr -file slr_util_routed.rpt -pb slr_util_routed.pb
| Design       : pfm_top_wrapper
| Device       : xcu280-fsvh2892-2L-e
| Speed File   : -2L
| Design State : Routed
------------------------------------------------------------------------------------------

Utilization Design Information

Table of Contents
-----------------
1. SLR Connectivity
2. SLR Connectivity Matrix
3. SLR CLB Logic and Dedicated Block Utilization
4. SLR IO Utilization

1. SLR Connectivity
-------------------

+----------------------------------+------+-------+-----------+-------+
|                                  | Used | Fixed | Available | Util% |
+----------------------------------+------+-------+-----------+-------+
| SLR2 <-> SLR1                    | 3965 |       |     23040 | 17.21 |
|   SLR1 -> SLR2                   | 2085 |       |           |  9.05 |
|     Using TX_REG only            |  267 |     1 |           |       |
|     Using RX_REG only            |  284 |    18 |           |       |
|     Using Both TX_REG and RX_REG |  267 |     1 |           |       |
|   SLR2 -> SLR1                   | 1880 |       |           |  8.16 |
|     Using TX_REG only            |  407 |     0 |           |       |
|     Using RX_REG only            |  413 |     4 |           |       |
|     Using Both TX_REG and RX_REG |  407 |     0 |           |       |
| SLR1 <-> SLR0                    | 2535 |       |     23040 | 11.00 |
|   SLR0 -> SLR1                   | 1137 |       |           |  4.93 |
|     Using TX_REG only            |  371 |    71 |           |       |
|     Using RX_REG only            |  361 |    61 |           |       |
|     Using Both TX_REG and RX_REG |  355 |    55 |           |       |
|   SLR1 -> SLR0                   | 1398 |       |           |  6.07 |
|     Using TX_REG only            |  437 |    62 |           |       |
|     Using RX_REG only            |  446 |    71 |           |       |
|     Using Both TX_REG and RX_REG |  434 |    60 |           |       |
+----------------------------------+------+-------+-----------+-------+
| Total SLLs Used                  | 6500 |       |           |       |
+----------------------------------+------+-------+-----------+-------+


2. SLR Connectivity Matrix
--------------------------

+-----------+------+------+------+
| FROM \ TO | SLR2 | SLR1 | SLR0 |
+-----------+------+------+------+
| SLR2      |    0 | 1720 |  160 |
| SLR1      | 1956 |    0 | 1238 |
| SLR0      |  129 | 1008 |    0 |
+-----------+------+------+------+


3. SLR CLB Logic and Dedicated Block Utilization
------------------------------------------------

+----------------------------+--------+-------+-------+--------+--------+--------+
|          Site Type         |  SLR0  |  SLR1 |  SLR2 | SLR0 % | SLR1 % | SLR2 % |
+----------------------------+--------+-------+-------+--------+--------+--------+
| CLB                        |  21746 |  7077 |  8222 |  39.57 |  13.11 |  15.23 |
|   CLBL                     |  10933 |  3554 |  4266 |  37.34 |  12.14 |  14.57 |
|   CLBM                     |  10813 |  3523 |  3956 |  42.11 |  14.25 |  16.00 |
| CLB LUTs                   |  77902 | 47636 | 35373 |  17.72 |  11.03 |   8.19 |
|   LUT as Logic             |  64438 | 43664 | 32335 |  14.66 |  10.11 |   7.48 |
|     using O5 output only   |   1360 |   286 |  1010 |   0.31 |   0.07 |   0.23 |
|     using O6 output only   |  46555 | 34239 | 19498 |  10.59 |   7.93 |   4.51 |
|     using O5 and O6        |  16523 |  9139 | 11827 |   3.76 |   2.12 |   2.74 |
|   LUT as Memory            |  13464 |  3972 |  3038 |   6.55 |   2.01 |   1.54 |
|     LUT as Distributed RAM |   7192 |  3837 |  1660 |   3.50 |   1.94 |   0.84 |
|       using O5 output only |      0 |     0 |     0 |   0.00 |   0.00 |   0.00 |
|       using O6 output only |    104 |   215 |    84 |   0.05 |   0.11 |   0.04 |
|       using O5 and O6      |   7088 |  3622 |  1576 |   3.45 |   1.83 |   0.80 |
|     LUT as Shift Register  |   6272 |   135 |  1378 |   3.05 |   0.07 |   0.70 |
|       using O5 output only |      0 |     0 |     0 |   0.00 |   0.00 |   0.00 |
|       using O6 output only |   3582 |   135 |  1248 |   1.74 |   0.07 |   0.63 |
|       using O5 and O6      |   2690 |     0 |   130 |   1.31 |   0.00 |   0.07 |
| CLB Registers              | 128529 | 46342 | 60818 |  14.62 |   5.36 |   7.04 |
| CARRY8                     |   1243 |   473 |   313 |   2.26 |   0.88 |   0.58 |
| F7 Muxes                   |   1166 |   651 |  1054 |   0.53 |   0.30 |   0.49 |
| F8 Muxes                   |     16 |   141 |    47 |   0.01 |   0.13 |   0.04 |
| F9 Muxes                   |      0 |     0 |     0 |   0.00 |   0.00 |   0.00 |
| Block RAM Tile             |  120.5 |  80.5 |    94 |  17.93 |  11.98 |  13.99 |
|   RAMB36/FIFO              |    116 |    80 |    92 |  17.26 |  11.90 |  13.69 |
|     RAMB36E2 only          |    116 |    80 |    92 |  17.26 |  11.90 |  13.69 |
|   RAMB18                   |      9 |     1 |     4 |   0.67 |   0.07 |   0.30 |
|     RAMB18E2 only          |      9 |     1 |     4 |   0.67 |   0.07 |   0.30 |
| URAM                       |      0 |     0 |     0 |   0.00 |   0.00 |   0.00 |
| DSPs                       |     24 |     0 |     4 |   0.83 |   0.00 |   0.13 |
| Unique Control Sets        |   3571 |  1503 |  2727 |   3.25 |   1.39 |   2.53 |
+----------------------------+--------+-------+-------+--------+--------+--------+
* Note: Available Control Sets based on CLB Registers / 8


4. SLR IO Utilization
---------------------

+-----------+-----------+---------+------------+----------+------------+----------+-----+
| SLR Index | Used IOBs | (%)IOBs | Used IPADs | (%)IPADs | Used OPADs | (%)OPADs | GTs |
+-----------+-----------+---------+------------+----------+------------+----------+-----+
| SLR2      |        18 |    8.65 |          0 |     0.00 |          0 |     0.00 |   0 |
| SLR1      |         0 |    0.00 |          0 |     0.00 |          0 |     0.00 |   0 |
| SLR0      |         1 |    0.48 |          0 |     0.00 |          0 |     0.00 |  16 |
+-----------+-----------+---------+------------+----------+------------+----------+-----+
| Total     |        19 |         |          0 |          |          0 |          |  16 |
+-----------+-----------+---------+------------+----------+------------+----------+-----+


