Copyright 1986-2021 Xilinx, Inc. All Rights Reserved.
------------------------------------------------------------------------------------------------------------------------------------------------------------------------------------------------------------------------------------------------------------------------------------------------------------------------------------------------------------------------------------------------------------------------------------------------------------------------------------------------------------------------------
| Tool Version : Vivado v.2021.2 (lin64) Build 3367213 Tue Oct 19 02:47:39 MDT 2021
| Date         : Sat Nov 30 22:44:41 2024
| Host         : hacc-gpu0 running 64-bit Ubuntu 20.04.6 LTS
| Command      : report_accelerator_utilization -kernels { spmv_result_drain:pfm_top_i/dynamic_region/RD/inst:RD spmv_sk0:pfm_top_i/dynamic_region/SK0/inst:SK0 spmv_sk1:pfm_top_i/dynamic_region/SK1/inst:SK1 spmv_sk2:pfm_top_i/dynamic_region/SK2/inst:SK2 spmv_vector_loader:pfm_top_i/dynamic_region/VL/inst:VL k2k_relay:pfm_top_i/dynamic_region/relay_SK2_rout/inst:relay_SK2_rout k2k_relay:pfm_top_i/dynamic_region/relay_SK2_vin/inst:relay_SK2_vin} -file kernel_util_synthed.rpt -name kernel_util_synthed -json
| Design       : pfm_top_wrapper
| Device       : xcu280
| Design State : Synthesized
------------------------------------------------------------------------------------------------------------------------------------------------------------------------------------------------------------------------------------------------------------------------------------------------------------------------------------------------------------------------------------------------------------------------------------------------------------------------------------------------------------------------------

Accelerator Utilization Design Information

Table of Contents
-----------------
1. System Utilization

1. System Utilization
---------------------

+---------------------+-------------------+------------------+-------------------+----------------+---------------+----------------+
| Name                | LUT               | LUTAsMem         | REG               | BRAM           | URAM          | DSP            |
+---------------------+-------------------+------------------+-------------------+----------------+---------------+----------------+
| Platform            |  175841 [ 13.50%] |  36815 [  6.13%] |  341679 [ 13.10%] |  390 [ 19.35%] |   0 [  0.00%] |    4 [  0.04%] |
| User Budget         | 1126879 [100.00%] | 563665 [100.00%] | 2265681 [100.00%] | 1626 [100.00%] | 960 [100.00%] | 9020 [100.00%] |
|    Used Resources   |  612452 [ 54.35%] | 102153 [ 18.12%] |  756877 [ 33.41%] | 1031 [ 63.41%] | 256 [ 26.67%] | 2480 [ 27.49%] |
|    Unused Resources |  514427 [ 45.65%] | 461512 [ 81.88%] | 1508804 [ 66.59%] |  595 [ 36.59%] | 704 [ 73.33%] | 6540 [ 72.51%] |
| k2k_relay           |    4120 [  0.37%] |      0 [  0.00%] |   16412 [  0.72%] |    0 [  0.00%] |   0 [  0.00%] |    0 [  0.00%] |
|    relay_SK2_rout   |    2060 [  0.18%] |      0 [  0.00%] |    8206 [  0.36%] |    0 [  0.00%] |   0 [  0.00%] |    0 [  0.00%] |
|    relay_SK2_vin    |    2060 [  0.18%] |      0 [  0.00%] |    8206 [  0.36%] |    0 [  0.00%] |   0 [  0.00%] |    0 [  0.00%] |
| spmv_result_drain   |    3395 [  0.30%] |    875 [  0.16%] |    7715 [  0.34%] |    8 [  0.49%] |   0 [  0.00%] |    0 [  0.00%] |
|    RD               |    3395 [  0.30%] |    875 [  0.16%] |    7715 [  0.34%] |    8 [  0.49%] |   0 [  0.00%] |    0 [  0.00%] |
| spmv_sk0            |  149659 [ 13.28%] |  24589 [  4.36%] |  180858 [  7.98%] |  254 [ 15.62%] |  64 [  6.67%] |  620 [  6.87%] |
|    SK0              |  149659 [ 13.28%] |  24589 [  4.36%] |  180858 [  7.98%] |  254 [ 15.62%] |  64 [  6.67%] |  620 [  6.87%] |
| spmv_sk1            |  225723 [ 20.03%] |  37749 [  6.70%] |  271350 [ 11.98%] |  381 [ 23.43%] |  96 [ 10.00%] |  930 [ 10.31%] |
|    SK1              |  225723 [ 20.03%] |  37749 [  6.70%] |  271350 [ 11.98%] |  381 [ 23.43%] |  96 [ 10.00%] |  930 [ 10.31%] |
| spmv_sk2            |  225723 [ 20.03%] |  37749 [  6.70%] |  271350 [ 11.98%] |  381 [ 23.43%] |  96 [ 10.00%] |  930 [ 10.31%] |
|    SK2              |  225723 [ 20.03%] |  37749 [  6.70%] |  271350 [ 11.98%] |  381 [ 23.43%] |  96 [ 10.00%] |  930 [ 10.31%] |
| spmv_vector_loader  |    3832 [  0.34%] |   1191 [  0.21%] |    9192 [  0.41%] |    7 [  0.43%] |   0 [  0.00%] |    0 [  0.00%] |
|    VL               |    3832 [  0.34%] |   1191 [  0.21%] |    9192 [  0.41%] |    7 [  0.43%] |   0 [  0.00%] |    0 [  0.00%] |
+---------------------+-------------------+------------------+-------------------+----------------+---------------+----------------+


