Copyright 1986-2021 Xilinx, Inc. All Rights Reserved.
------------------------------------------------------------------------------------------
| Tool Version : Vivado v.2021.2 (lin64) Build 3367213 Tue Oct 19 02:47:39 MDT 2021
| Date         : Thu Oct 24 06:50:24 2024
| Host         : hacc-gpu0 running 64-bit Ubuntu 20.04.6 LTS
| Command      : report_utilization -slr -file slr_util_routed.rpt -pb slr_util_routed.pb
| Design       : pfm_top_wrapper
| Device       : xcu280-fsvh2892-2L-e
| Speed File   : -2L
| Design State : Routed
------------------------------------------------------------------------------------------

Utilization Design Information

Table of Contents
-----------------
1. SLR Connectivity
2. SLR Connectivity Matrix
3. SLR CLB Logic and Dedicated Block Utilization
4. SLR IO Utilization

1. SLR Connectivity
-------------------

+----------------------------------+-------+-------+-----------+-------+
|                                  |  Used | Fixed | Available | Util% |
+----------------------------------+-------+-------+-----------+-------+
| SLR2 <-> SLR1                    |  4536 |       |     23040 | 19.69 |
|   SLR1 -> SLR2                   |  2350 |       |           | 10.20 |
|     Using TX_REG only            |   529 |     1 |           |       |
|     Using RX_REG only            |   546 |    18 |           |       |
|     Using Both TX_REG and RX_REG |   529 |     1 |           |       |
|   SLR2 -> SLR1                   |  2186 |       |           |  9.49 |
|     Using TX_REG only            |   681 |     0 |           |       |
|     Using RX_REG only            |   686 |     4 |           |       |
|     Using Both TX_REG and RX_REG |   681 |     0 |           |       |
| SLR1 <-> SLR0                    | 10640 |       |     23040 | 46.18 |
|   SLR0 -> SLR1                   |  3823 |       |           | 16.59 |
|     Using TX_REG only            |   599 |    71 |           |       |
|     Using RX_REG only            |   589 |    61 |           |       |
|     Using Both TX_REG and RX_REG |   583 |    55 |           |       |
|   SLR1 -> SLR0                   |  6817 |       |           | 29.59 |
|     Using TX_REG only            |   743 |    62 |           |       |
|     Using RX_REG only            |   753 |    71 |           |       |
|     Using Both TX_REG and RX_REG |   741 |    60 |           |       |
+----------------------------------+-------+-------+-----------+-------+
| Total SLLs Used                  | 15176 |       |           |       |
+----------------------------------+-------+-------+-----------+-------+


2. SLR Connectivity Matrix
--------------------------

+-----------+------+------+------+
| FROM \ TO | SLR2 | SLR1 | SLR0 |
+-----------+------+------+------+
| SLR2      |    0 | 2049 |  137 |
| SLR1      | 2246 |    0 | 6680 |
| SLR0      |  104 | 3719 |    0 |
+-----------+------+------+------+


3. SLR CLB Logic and Dedicated Block Utilization
------------------------------------------------

+----------------------------+--------+-------+-------+--------+--------+--------+
|          Site Type         |  SLR0  |  SLR1 |  SLR2 | SLR0 % | SLR1 % | SLR2 % |
+----------------------------+--------+-------+-------+--------+--------+--------+
| CLB                        |  42224 | 12876 |  7708 |  76.83 |  23.84 |  14.27 |
|   CLBL                     |  21830 |  6522 |  3991 |  74.56 |  22.27 |  13.63 |
|   CLBM                     |  20394 |  6354 |  3717 |  79.42 |  25.70 |  15.04 |
| CLB LUTs                   | 154475 | 68563 | 33955 |  35.13 |  15.87 |   7.86 |
|   LUT as Logic             | 100082 | 58435 | 31105 |  22.76 |  13.53 |   7.20 |
|     using O5 output only   |   2970 |   436 |   937 |   0.68 |   0.10 |   0.22 |
|     using O6 output only   |  62086 | 44054 | 18988 |  14.12 |  10.20 |   4.40 |
|     using O5 and O6        |  35026 | 13945 | 11180 |   7.97 |   3.23 |   2.59 |
|   LUT as Memory            |  54393 | 10128 |  2850 |  26.48 |   5.12 |   1.44 |
|     LUT as Distributed RAM |  32862 |  3837 |   936 |  16.00 |   1.94 |   0.47 |
|       using O5 output only |      0 |     0 |     0 |   0.00 |   0.00 |   0.00 |
|       using O6 output only |     84 |   215 |    80 |   0.04 |   0.11 |   0.04 |
|       using O5 and O6      |  32778 |  3622 |   856 |  15.96 |   1.83 |   0.43 |
|     LUT as Shift Register  |  21531 |  6291 |  1914 |  10.48 |   3.18 |   0.97 |
|       using O5 output only |      0 |     0 |     0 |   0.00 |   0.00 |   0.00 |
|       using O6 output only |  13483 |  3897 |  1784 |   6.56 |   1.97 |   0.90 |
|       using O5 and O6      |   8048 |  2394 |   130 |   3.92 |   1.21 |   0.07 |
| CLB Registers              | 293721 | 89970 | 60693 |  33.40 |  10.41 |   7.02 |
| CARRY8                     |   3428 |  1365 |   299 |   6.24 |   2.53 |   0.55 |
| F7 Muxes                   |   5095 |  2063 |  1316 |   2.32 |   0.96 |   0.61 |
| F8 Muxes                   |   1408 |   605 |    47 |   1.28 |   0.56 |   0.04 |
| F9 Muxes                   |      0 |     0 |     0 |   0.00 |   0.00 |   0.00 |
| Block RAM Tile             |  349.5 | 192.5 |    94 |  52.01 |  28.65 |  13.99 |
|   RAMB36/FIFO              |    348 |   192 |    92 |  51.79 |  28.57 |  13.69 |
|     RAMB36E2 only          |    348 |   192 |    92 |  51.79 |  28.57 |  13.69 |
|   RAMB18                   |      3 |     1 |     4 |   0.22 |   0.07 |   0.30 |
|     RAMB18E2 only          |      3 |     1 |     4 |   0.22 |   0.07 |   0.30 |
| URAM                       |      0 |     0 |     0 |   0.00 |   0.00 |   0.00 |
| DSPs                       |    312 |   104 |     4 |  10.83 |   3.39 |   0.13 |
| Unique Control Sets        |   7553 |  2352 |  2619 |   6.87 |   2.18 |   2.43 |
+----------------------------+--------+-------+-------+--------+--------+--------+
* Note: Available Control Sets based on CLB Registers / 8


4. SLR IO Utilization
---------------------

+-----------+-----------+---------+------------+----------+------------+----------+-----+
| SLR Index | Used IOBs | (%)IOBs | Used IPADs | (%)IPADs | Used OPADs | (%)OPADs | GTs |
+-----------+-----------+---------+------------+----------+------------+----------+-----+
| SLR2      |        18 |    8.65 |          0 |     0.00 |          0 |     0.00 |   0 |
| SLR1      |         0 |    0.00 |          0 |     0.00 |          0 |     0.00 |   0 |
| SLR0      |         1 |    0.48 |          0 |     0.00 |          0 |     0.00 |  16 |
+-----------+-----------+---------+------------+----------+------------+----------+-----+
| Total     |        19 |         |          0 |          |          0 |          |  16 |
+-----------+-----------+---------+------------+----------+------------+----------+-----+


