Copyright 1986-2021 Xilinx, Inc. All Rights Reserved.
------------------------------------------------------------------------------------------
| Tool Version : Vivado v.2021.2 (lin64) Build 3367213 Tue Oct 19 02:47:39 MDT 2021
| Date         : Sat Nov 30 05:47:55 2024
| Host         : hacc-gpu0 running 64-bit Ubuntu 20.04.6 LTS
| Command      : report_utilization -slr -file slr_util_routed.rpt -pb slr_util_routed.pb
| Design       : pfm_top_wrapper
| Device       : xcu280-fsvh2892-2L-e
| Speed File   : -2L
| Design State : Routed
------------------------------------------------------------------------------------------

Utilization Design Information

Table of Contents
-----------------
1. SLR Connectivity
2. SLR Connectivity Matrix
3. SLR CLB Logic and Dedicated Block Utilization
4. SLR IO Utilization

1. SLR Connectivity
-------------------

+----------------------------------+-------+-------+-----------+-------+
|                                  |  Used | Fixed | Available | Util% |
+----------------------------------+-------+-------+-----------+-------+
| SLR2 <-> SLR1                    |  8422 |       |     23040 | 36.55 |
|   SLR1 -> SLR2                   |  3994 |       |           | 17.34 |
|     Using TX_REG only            |  1855 |     1 |           |       |
|     Using RX_REG only            |  1873 |    18 |           |       |
|     Using Both TX_REG and RX_REG |  1855 |     1 |           |       |
|   SLR2 -> SLR1                   |  4428 |       |           | 19.22 |
|     Using TX_REG only            |  2659 |     0 |           |       |
|     Using RX_REG only            |  2666 |     4 |           |       |
|     Using Both TX_REG and RX_REG |  2659 |     0 |           |       |
| SLR1 <-> SLR0                    | 11495 |       |     23040 | 49.89 |
|   SLR0 -> SLR1                   |  4941 |       |           | 21.45 |
|     Using TX_REG only            |  3539 |    71 |           |       |
|     Using RX_REG only            |  3529 |    61 |           |       |
|     Using Both TX_REG and RX_REG |  3523 |    55 |           |       |
|   SLR1 -> SLR0                   |  6554 |       |           | 28.45 |
|     Using TX_REG only            |  4937 |    62 |           |       |
|     Using RX_REG only            |  4948 |    71 |           |       |
|     Using Both TX_REG and RX_REG |  4935 |    60 |           |       |
+----------------------------------+-------+-------+-----------+-------+
| Total SLLs Used                  | 19917 |       |           |       |
+----------------------------------+-------+-------+-----------+-------+


2. SLR Connectivity Matrix
--------------------------

+-----------+------+------+------+
| FROM \ TO | SLR2 | SLR1 | SLR0 |
+-----------+------+------+------+
| SLR2      |    0 | 4270 |  158 |
| SLR1      | 3858 |    0 | 6396 |
| SLR0      |  136 | 4805 |    0 |
+-----------+------+------+------+


3. SLR CLB Logic and Dedicated Block Utilization
------------------------------------------------

+----------------------------+--------+--------+--------+--------+--------+--------+
|          Site Type         |  SLR0  |  SLR1  |  SLR2  | SLR0 % | SLR1 % | SLR2 % |
+----------------------------+--------+--------+--------+--------+--------+--------+
| CLB                        |  43801 |  50071 |  50826 |  79.70 |  92.72 |  94.12 |
|   CLBL                     |  22599 |  26888 |  27201 |  77.18 |  91.83 |  92.90 |
|   CLBM                     |  21202 |  23183 |  23625 |  82.56 |  93.78 |  95.57 |
| CLB LUTs                   | 186999 | 275017 | 263774 |  42.53 |  63.66 |  61.06 |
|   LUT as Logic             | 133792 | 205457 | 193603 |  30.43 |  47.56 |  44.82 |
|     using O5 output only   |   1604 |   1592 |   2332 |   0.36 |   0.37 |   0.54 |
|     using O6 output only   |  93288 | 146677 | 132401 |  21.22 |  33.95 |  30.65 |
|     using O5 and O6        |  38900 |  57188 |  58870 |   8.85 |  13.24 |  13.63 |
|   LUT as Memory            |  53207 |  69560 |  70171 |  25.90 |  35.17 |  35.48 |
|     LUT as Distributed RAM |   4440 |   8133 |   5956 |   2.16 |   4.11 |   3.01 |
|       using O5 output only |      0 |      0 |      0 |   0.00 |   0.00 |   0.00 |
|       using O6 output only |     96 |    239 |    108 |   0.05 |   0.12 |   0.05 |
|       using O5 and O6      |   4344 |   7894 |   5848 |   2.11 |   3.99 |   2.96 |
|     LUT as Shift Register  |  48767 |  61427 |  64215 |  23.74 |  31.06 |  32.47 |
|       using O5 output only |      1 |      0 |      1 |  <0.01 |   0.00 |  <0.01 |
|       using O6 output only |  42233 |  53165 |  55812 |  20.56 |  26.88 |  28.22 |
|       using O5 and O6      |   6533 |   8262 |   8402 |   3.18 |   4.18 |   4.25 |
| CLB Registers              | 245956 | 310066 | 306593 |  27.97 |  35.89 |  35.49 |
| CARRY8                     |   3540 |   5085 |   4925 |   6.44 |   9.42 |   9.12 |
| F7 Muxes                   |  21845 |  29305 |  31262 |   9.94 |  13.57 |  14.47 |
| F8 Muxes                   |     16 |    141 |     47 |   0.01 |   0.13 |   0.04 |
| F9 Muxes                   |      0 |      0 |      0 |   0.00 |   0.00 |   0.00 |
| Block RAM Tile             |   97.5 |  135.5 |    139 |  14.51 |  20.16 |  20.68 |
|   RAMB36/FIFO              |     94 |    132 |    134 |  13.99 |  19.64 |  19.94 |
|     RAMB36E2 only          |     94 |    132 |    134 |  13.99 |  19.64 |  19.94 |
|   RAMB18                   |      7 |      7 |     10 |   0.52 |   0.52 |   0.74 |
|     RAMB18E2 only          |      7 |      7 |     10 |   0.52 |   0.52 |   0.74 |
| URAM                       |     96 |    144 |    144 |  30.00 |  45.00 |  45.00 |
| DSPs                       |    174 |    258 |    262 |   6.04 |   8.40 |   8.53 |
| Unique Control Sets        |   5575 |   6963 |   7839 |   5.07 |   6.45 |   7.26 |
+----------------------------+--------+--------+--------+--------+--------+--------+
* Note: Available Control Sets based on CLB Registers / 8


4. SLR IO Utilization
---------------------

+-----------+-----------+---------+------------+----------+------------+----------+-----+
| SLR Index | Used IOBs | (%)IOBs | Used IPADs | (%)IPADs | Used OPADs | (%)OPADs | GTs |
+-----------+-----------+---------+------------+----------+------------+----------+-----+
| SLR2      |        18 |    8.65 |          0 |     0.00 |          0 |     0.00 |   0 |
| SLR1      |         0 |    0.00 |          0 |     0.00 |          0 |     0.00 |   0 |
| SLR0      |         1 |    0.48 |          0 |     0.00 |          0 |     0.00 |  16 |
+-----------+-----------+---------+------------+----------+------------+----------+-----+
| Total     |        19 |         |          0 |          |          0 |          |  16 |
+-----------+-----------+---------+------------+----------+------------+----------+-----+


