Copyright 1986-2021 Xilinx, Inc. All Rights Reserved.
-----------------------------------------------------------------------------------------------------------------------------------------------------------------------------------------------------------------------------------------------------------------------------------------------------------------------------------------------------------------------------------------------------------------------------------------------------------------------------------------------------
| Tool Version : Vivado v.2021.2 (lin64) Build 3367213 Tue Oct 19 02:47:39 MDT 2021
| Date         : Thu Nov 21 11:37:12 2024
| Host         : hacc-gpu0 running 64-bit Ubuntu 20.04.6 LTS
| Command      : report_accelerator_utilization -kernels { krnl_vaddmul:pfm_top_i/dynamic_region/krnl_vaddmul_1/inst:krnl_vaddmul_1 krnl_vaddmul:pfm_top_i/dynamic_region/krnl_vaddmul_2/inst:krnl_vaddmul_2 krnl_vaddmul:pfm_top_i/dynamic_region/krnl_vaddmul_3/inst:krnl_vaddmul_3 krnl_vaddmul:pfm_top_i/dynamic_region/krnl_vaddmul_4/inst:krnl_vaddmul_4 krnl_vaddmul:pfm_top_i/dynamic_region/krnl_vaddmul_5/inst:krnl_vaddmul_5} -file kernel_util_placed.rpt -name kernel_util_placed -json
| Design       : pfm_top_wrapper
| Device       : xcu280
| Design State : Fully Placed
-----------------------------------------------------------------------------------------------------------------------------------------------------------------------------------------------------------------------------------------------------------------------------------------------------------------------------------------------------------------------------------------------------------------------------------------------------------------------------------------------------

Accelerator Utilization Design Information

Table of Contents
-----------------
1. System Utilization

1. System Utilization
---------------------

+---------------------+-------------------+------------------+-------------------+----------------+---------------+----------------+
| Name                | LUT               | LUTAsMem         | REG               | BRAM           | URAM          | DSP            |
+---------------------+-------------------+------------------+-------------------+----------------+---------------+----------------+
| Platform            |  145614 [ 11.18%] |  29584 [  4.93%] |  223753 [  8.58%] |  204 [ 10.12%] |   0 [  0.00%] |    4 [  0.04%] |
| User Budget         | 1157106 [100.00%] | 570896 [100.00%] | 2383607 [100.00%] | 1812 [100.00%] | 960 [100.00%] | 9020 [100.00%] |
|    Used Resources   |  267094 [ 23.08%] |  19950 [  3.49%] |  397557 [ 16.68%] |  390 [ 21.52%] |   0 [  0.00%] |   40 [  0.44%] |
|    Unused Resources |  890012 [ 76.92%] | 550946 [ 96.51%] | 1986050 [ 83.32%] | 1422 [ 78.48%] | 960 [100.00%] | 8980 [ 99.56%] |
| krnl_vaddmul        |  267094 [ 23.08%] |  19950 [  3.49%] |  397557 [ 16.68%] |  390 [ 21.52%] |   0 [  0.00%] |   40 [  0.44%] |
|    krnl_vaddmul_1   |   53441 [  4.62%] |   3990 [  0.70%] |   79499 [  3.34%] |   78 [  4.30%] |   0 [  0.00%] |    8 [  0.09%] |
|    krnl_vaddmul_2   |   53439 [  4.62%] |   3990 [  0.70%] |   79506 [  3.34%] |   78 [  4.30%] |   0 [  0.00%] |    8 [  0.09%] |
|    krnl_vaddmul_3   |   53393 [  4.61%] |   3990 [  0.70%] |   79523 [  3.34%] |   78 [  4.30%] |   0 [  0.00%] |    8 [  0.09%] |
|    krnl_vaddmul_4   |   53422 [  4.62%] |   3990 [  0.70%] |   79537 [  3.34%] |   78 [  4.30%] |   0 [  0.00%] |    8 [  0.09%] |
|    krnl_vaddmul_5   |   53399 [  4.61%] |   3990 [  0.70%] |   79492 [  3.33%] |   78 [  4.30%] |   0 [  0.00%] |    8 [  0.09%] |
+---------------------+-------------------+------------------+-------------------+----------------+---------------+----------------+


