Copyright 1986-2021 Xilinx, Inc. All Rights Reserved.
----------------------------------------------------------------------------------------------------------------------------------------------------------------------------------
| Tool Version : Vivado v.2021.2 (lin64) Build 3367213 Tue Oct 19 02:47:39 MDT 2021
| Date         : Sat Dec 21 06:19:53 2024
| Host         : hacc-gpu0 running 64-bit Ubuntu 20.04.6 LTS
| Command      : report_accelerator_utilization -kernels { overlay:pfm_top_i/dynamic_region/overlay_1/inst:overlay_1} -file kernel_util_placed.rpt -name kernel_util_placed -json
| Design       : pfm_top_wrapper
| Device       : xcu280
| Design State : Fully Placed
----------------------------------------------------------------------------------------------------------------------------------------------------------------------------------

Accelerator Utilization Design Information

Table of Contents
-----------------
1. System Utilization

1. System Utilization
---------------------

+---------------------+-------------------+------------------+-------------------+----------------+---------------+----------------+
| Name                | LUT               | LUTAsMem         | REG               | BRAM           | URAM          | DSP            |
+---------------------+-------------------+------------------+-------------------+----------------+---------------+----------------+
| Platform            |  158269 [ 12.15%] |  21992 [  3.66%] |  245168 [  9.40%] |  303 [ 15.03%] |   0 [  0.00%] |    7 [  0.08%] |
| User Budget         | 1144451 [100.00%] | 578488 [100.00%] | 2362192 [100.00%] | 1713 [100.00%] | 960 [100.00%] | 9017 [100.00%] |
|    Used Resources   |   82971 [  7.25%] |  24642 [  4.26%] |   92900 [  3.93%] |  284 [ 16.58%] | 288 [ 30.00%] |  135 [  1.50%] |
|    Unused Resources | 1061480 [ 92.75%] | 553846 [ 95.74%] | 2269292 [ 96.07%] | 1429 [ 83.42%] | 672 [ 70.00%] | 8882 [ 98.50%] |
| overlay             |   82971 [  7.25%] |  24642 [  4.26%] |   92900 [  3.93%] |  284 [ 16.58%] | 288 [ 30.00%] |  135 [  1.50%] |
|    overlay_1        |   82971 [  7.25%] |  24642 [  4.26%] |   92900 [  3.93%] |  284 [ 16.58%] | 288 [ 30.00%] |  135 [  1.50%] |
+---------------------+-------------------+------------------+-------------------+----------------+---------------+----------------+


