Copyright 1986-2021 Xilinx, Inc. All Rights Reserved.
------------------------------------------------------------------------------------------
| Tool Version : Vivado v.2021.2 (lin64) Build 3367213 Tue Oct 19 02:47:39 MDT 2021
| Date         : Mon Oct 21 06:16:47 2024
| Host         : hacc-gpu0 running 64-bit Ubuntu 20.04.6 LTS
| Command      : report_utilization -slr -file slr_util_routed.rpt -pb slr_util_routed.pb
| Design       : pfm_top_wrapper
| Device       : xcu280-fsvh2892-2L-e
| Speed File   : -2L
| Design State : Routed
------------------------------------------------------------------------------------------

Utilization Design Information

Table of Contents
-----------------
1. SLR Connectivity
2. SLR Connectivity Matrix
3. SLR CLB Logic and Dedicated Block Utilization
4. SLR IO Utilization

1. SLR Connectivity
-------------------

+----------------------------------+------+-------+-----------+-------+
|                                  | Used | Fixed | Available | Util% |
+----------------------------------+------+-------+-----------+-------+
| SLR2 <-> SLR1                    | 4554 |       |     23040 | 19.77 |
|   SLR1 -> SLR2                   | 2366 |       |           | 10.27 |
|     Using TX_REG only            |  529 |     1 |           |       |
|     Using RX_REG only            |  546 |    18 |           |       |
|     Using Both TX_REG and RX_REG |  529 |     1 |           |       |
|   SLR2 -> SLR1                   | 2188 |       |           |  9.50 |
|     Using TX_REG only            |  681 |     0 |           |       |
|     Using RX_REG only            |  685 |     4 |           |       |
|     Using Both TX_REG and RX_REG |  681 |     0 |           |       |
| SLR1 <-> SLR0                    | 3188 |       |     23040 | 13.84 |
|   SLR0 -> SLR1                   | 1429 |       |           |  6.20 |
|     Using TX_REG only            |  599 |    71 |           |       |
|     Using RX_REG only            |  589 |    61 |           |       |
|     Using Both TX_REG and RX_REG |  583 |    55 |           |       |
|   SLR1 -> SLR0                   | 1759 |       |           |  7.63 |
|     Using TX_REG only            |  743 |    62 |           |       |
|     Using RX_REG only            |  754 |    71 |           |       |
|     Using Both TX_REG and RX_REG |  741 |    60 |           |       |
+----------------------------------+------+-------+-----------+-------+
| Total SLLs Used                  | 7742 |       |           |       |
+----------------------------------+------+-------+-----------+-------+


2. SLR Connectivity Matrix
--------------------------

+-----------+------+------+------+
| FROM \ TO | SLR2 | SLR1 | SLR0 |
+-----------+------+------+------+
| SLR2      |    0 | 2051 |  137 |
| SLR1      | 2260 |    0 | 1622 |
| SLR0      |  106 | 1323 |    0 |
+-----------+------+------+------+


3. SLR CLB Logic and Dedicated Block Utilization
------------------------------------------------

+----------------------------+--------+-------+-------+--------+--------+--------+
|          Site Type         |  SLR0  |  SLR1 |  SLR2 | SLR0 % | SLR1 % | SLR2 % |
+----------------------------+--------+-------+-------+--------+--------+--------+
| CLB                        |  43735 |  7090 |  7874 |  79.58 |  13.13 |  14.58 |
|   CLBL                     |  22630 |  3573 |  4033 |  77.29 |  12.20 |  13.77 |
|   CLBM                     |  21105 |  3517 |  3841 |  82.18 |  14.23 |  15.54 |
| CLB LUTs                   | 170310 | 48602 | 33882 |  38.73 |  11.25 |   7.84 |
|   LUT as Logic             | 109727 | 44630 | 31066 |  24.96 |  10.33 |   7.19 |
|     using O5 output only   |   3098 |   292 |   933 |   0.70 |   0.07 |   0.22 |
|     using O6 output only   |  66787 | 35033 | 18952 |  15.19 |   8.11 |   4.39 |
|     using O5 and O6        |  39842 |  9305 | 11181 |   9.06 |   2.15 |   2.59 |
|   LUT as Memory            |  60583 |  3972 |  2816 |  29.49 |   2.01 |   1.42 |
|     LUT as Distributed RAM |  32862 |  3837 |   936 |  16.00 |   1.94 |   0.47 |
|       using O5 output only |      0 |     0 |     0 |   0.00 |   0.00 |   0.00 |
|       using O6 output only |     84 |   215 |    80 |   0.04 |   0.11 |   0.04 |
|       using O5 and O6      |  32778 |  3622 |   856 |  15.96 |   1.83 |   0.43 |
|     LUT as Shift Register  |  27721 |   135 |  1880 |  13.49 |   0.07 |   0.95 |
|       using O5 output only |      0 |     0 |     0 |   0.00 |   0.00 |   0.00 |
|       using O6 output only |  17279 |   135 |  1750 |   8.41 |   0.07 |   0.88 |
|       using O5 and O6      |  10442 |     0 |   130 |   5.08 |   0.00 |   0.07 |
| CLB Registers              | 314024 | 49481 | 60619 |  35.71 |   5.73 |   7.02 |
| CARRY8                     |   3792 |   489 |   299 |   6.90 |   0.91 |   0.55 |
| F7 Muxes                   |   6507 |   651 |  1316 |   2.96 |   0.30 |   0.61 |
| F8 Muxes                   |   1872 |   141 |    47 |   1.70 |   0.13 |   0.04 |
| F9 Muxes                   |      0 |     0 |     0 |   0.00 |   0.00 |   0.00 |
| Block RAM Tile             |  457.5 |  84.5 |    94 |  68.08 |  12.57 |  13.99 |
|   RAMB36/FIFO              |    456 |    84 |    92 |  67.86 |  12.50 |  13.69 |
|     RAMB36E2 only          |    456 |    84 |    92 |  67.86 |  12.50 |  13.69 |
|   RAMB18                   |      3 |     1 |     4 |   0.22 |   0.07 |   0.30 |
|     RAMB18E2 only          |      3 |     1 |     4 |   0.22 |   0.07 |   0.30 |
| URAM                       |      0 |     0 |     0 |   0.00 |   0.00 |   0.00 |
| DSPs                       |    416 |     0 |     4 |  14.44 |   0.00 |   0.13 |
| Unique Control Sets        |   8654 |  1532 |  2618 |   7.87 |   1.42 |   2.42 |
+----------------------------+--------+-------+-------+--------+--------+--------+
* Note: Available Control Sets based on CLB Registers / 8


4. SLR IO Utilization
---------------------

+-----------+-----------+---------+------------+----------+------------+----------+-----+
| SLR Index | Used IOBs | (%)IOBs | Used IPADs | (%)IPADs | Used OPADs | (%)OPADs | GTs |
+-----------+-----------+---------+------------+----------+------------+----------+-----+
| SLR2      |        18 |    8.65 |          0 |     0.00 |          0 |     0.00 |   0 |
| SLR1      |         0 |    0.00 |          0 |     0.00 |          0 |     0.00 |   0 |
| SLR0      |         1 |    0.48 |          0 |     0.00 |          0 |     0.00 |  16 |
+-----------+-----------+---------+------------+----------+------------+----------+-----+
| Total     |        19 |         |          0 |          |          0 |          |  16 |
+-----------+-----------+---------+------------+----------+------------+----------+-----+


