Copyright 1986-2021 Xilinx, Inc. All Rights Reserved.
----------------------------------------------------------------------------------------------------------------------------------------------------------------------------------------------------------------------------------------------------------------------------------------------------------------------------------------------------------------------------------------------------------------------------------------------------------------------------------------------------------------------------------------------------------------------------------------------------------------------------------------------------------------------------------------------------------------------------------
| Tool Version : Vivado v.2021.2 (lin64) Build 3367213 Tue Oct 19 02:47:39 MDT 2021
| Date         : Mon Oct 21 02:42:26 2024
| Host         : hacc-gpu0 running 64-bit Ubuntu 20.04.6 LTS
| Command      : report_accelerator_utilization -kernels { krnl_vaddmul:pfm_top_i/dynamic_region/krnl_vaddmul_1/inst:krnl_vaddmul_1 krnl_vaddmul:pfm_top_i/dynamic_region/krnl_vaddmul_2/inst:krnl_vaddmul_2 krnl_vaddmul:pfm_top_i/dynamic_region/krnl_vaddmul_3/inst:krnl_vaddmul_3 krnl_vaddmul:pfm_top_i/dynamic_region/krnl_vaddmul_4/inst:krnl_vaddmul_4 krnl_vaddmul:pfm_top_i/dynamic_region/krnl_vaddmul_5/inst:krnl_vaddmul_5 krnl_vaddmul:pfm_top_i/dynamic_region/krnl_vaddmul_6/inst:krnl_vaddmul_6 krnl_vaddmul:pfm_top_i/dynamic_region/krnl_vaddmul_7/inst:krnl_vaddmul_7 krnl_vaddmul:pfm_top_i/dynamic_region/krnl_vaddmul_8/inst:krnl_vaddmul_8} -file kernel_util_synthed.rpt -name kernel_util_synthed -json
| Design       : pfm_top_wrapper
| Device       : xcu280
| Design State : Synthesized
----------------------------------------------------------------------------------------------------------------------------------------------------------------------------------------------------------------------------------------------------------------------------------------------------------------------------------------------------------------------------------------------------------------------------------------------------------------------------------------------------------------------------------------------------------------------------------------------------------------------------------------------------------------------------------------------------------------------------------

Accelerator Utilization Design Information

Table of Contents
-----------------
1. System Utilization

1. System Utilization
---------------------

+---------------------+-------------------+------------------+-------------------+----------------+---------------+----------------+
| Name                | LUT               | LUTAsMem         | REG               | BRAM           | URAM          | DSP            |
+---------------------+-------------------+------------------+-------------------+----------------+---------------+----------------+
| Platform            |  222057 [ 17.05%] |  60468 [ 10.07%] |  359957 [ 13.81%] |  204 [ 10.12%] |   0 [  0.00%] |    4 [  0.04%] |
| User Budget         | 1080663 [100.00%] | 540012 [100.00%] | 2247403 [100.00%] | 1812 [100.00%] | 960 [100.00%] | 9020 [100.00%] |
|    Used Resources   |  104488 [  9.67%] |  50328 [  9.32%] |  153168 [  6.82%] |  432 [ 23.84%] |   0 [  0.00%] |  416 [  4.61%] |
|    Unused Resources |  976175 [ 90.33%] | 489684 [ 90.68%] | 2094235 [ 93.18%] | 1380 [ 76.16%] | 960 [100.00%] | 8604 [ 95.39%] |
| krnl_vaddmul        |  104488 [  9.67%] |  50328 [  9.32%] |  153168 [  6.82%] |  432 [ 23.84%] |   0 [  0.00%] |  416 [  4.61%] |
|    krnl_vaddmul_1   |   13061 [  1.21%] |   6291 [  1.16%] |   19146 [  0.85%] |   54 [  2.98%] |   0 [  0.00%] |   52 [  0.58%] |
|    krnl_vaddmul_2   |   13061 [  1.21%] |   6291 [  1.16%] |   19146 [  0.85%] |   54 [  2.98%] |   0 [  0.00%] |   52 [  0.58%] |
|    krnl_vaddmul_3   |   13061 [  1.21%] |   6291 [  1.16%] |   19146 [  0.85%] |   54 [  2.98%] |   0 [  0.00%] |   52 [  0.58%] |
|    krnl_vaddmul_4   |   13061 [  1.21%] |   6291 [  1.16%] |   19146 [  0.85%] |   54 [  2.98%] |   0 [  0.00%] |   52 [  0.58%] |
|    krnl_vaddmul_5   |   13061 [  1.21%] |   6291 [  1.16%] |   19146 [  0.85%] |   54 [  2.98%] |   0 [  0.00%] |   52 [  0.58%] |
|    krnl_vaddmul_6   |   13061 [  1.21%] |   6291 [  1.16%] |   19146 [  0.85%] |   54 [  2.98%] |   0 [  0.00%] |   52 [  0.58%] |
|    krnl_vaddmul_7   |   13061 [  1.21%] |   6291 [  1.16%] |   19146 [  0.85%] |   54 [  2.98%] |   0 [  0.00%] |   52 [  0.58%] |
|    krnl_vaddmul_8   |   13061 [  1.21%] |   6291 [  1.16%] |   19146 [  0.85%] |   54 [  2.98%] |   0 [  0.00%] |   52 [  0.58%] |
+---------------------+-------------------+------------------+-------------------+----------------+---------------+----------------+


