Copyright 1986-2021 Xilinx, Inc. All Rights Reserved.
------------------------------------------------------------------------------------------
| Tool Version : Vivado v.2021.2 (lin64) Build 3367213 Tue Oct 19 02:47:39 MDT 2021
| Date         : Sat Nov  9 05:29:44 2024
| Host         : hacc-gpu0 running 64-bit Ubuntu 20.04.6 LTS
| Command      : report_utilization -slr -file slr_util_placed.rpt -pb slr_util_placed.pb
| Design       : pfm_top_wrapper
| Device       : xcu280-fsvh2892-2L-e
| Speed File   : -2L
| Design State : Fully Placed
------------------------------------------------------------------------------------------

Utilization Design Information

Table of Contents
-----------------
1. SLR Connectivity
2. SLR Connectivity Matrix
3. SLR CLB Logic and Dedicated Block Utilization
4. SLR IO Utilization

1. SLR Connectivity
-------------------

+----------------------------------+------+-------+-----------+-------+
|                                  | Used | Fixed | Available | Util% |
+----------------------------------+------+-------+-----------+-------+
| SLR2 <-> SLR1                    | 3958 |       |     23040 | 17.18 |
|   SLR1 -> SLR2                   | 2084 |       |           |  9.05 |
|     Using TX_REG only            |    1 |     1 |           |       |
|     Using RX_REG only            |   18 |    18 |           |       |
|     Using Both TX_REG and RX_REG |  267 |     1 |           |       |
|   SLR2 -> SLR1                   | 1874 |       |           |  8.13 |
|     Using TX_REG only            |    0 |     0 |           |       |
|     Using RX_REG only            |    4 |     4 |           |       |
|     Using Both TX_REG and RX_REG |  407 |     0 |           |       |
| SLR1 <-> SLR0                    | 2521 |       |     23040 | 10.94 |
|   SLR0 -> SLR1                   | 1129 |       |           |  4.90 |
|     Using TX_REG only            |   71 |    71 |           |       |
|     Using RX_REG only            |   61 |    61 |           |       |
|     Using Both TX_REG and RX_REG |  355 |    55 |           |       |
|   SLR1 -> SLR0                   | 1392 |       |           |  6.04 |
|     Using TX_REG only            |   62 |    62 |           |       |
|     Using RX_REG only            |   72 |    71 |           |       |
|     Using Both TX_REG and RX_REG |  435 |    60 |           |       |
+----------------------------------+------+-------+-----------+-------+
| Total SLLs Used                  | 6479 |       |           |       |
+----------------------------------+------+-------+-----------+-------+


2. SLR Connectivity Matrix
--------------------------

+-----------+------+------+------+
| FROM \ TO | SLR2 | SLR1 | SLR0 |
+-----------+------+------+------+
| SLR2      |    0 | 1739 |  135 |
| SLR1      | 1982 |    0 | 1257 |
| SLR0      |  102 | 1027 |    0 |
+-----------+------+------+------+


3. SLR CLB Logic and Dedicated Block Utilization
------------------------------------------------

+----------------------------+-------+-------+-------+--------+--------+--------+
|          Site Type         |  SLR0 |  SLR1 |  SLR2 | SLR0 % | SLR1 % | SLR2 % |
+----------------------------+-------+-------+-------+--------+--------+--------+
| CLB                        |  9046 |  7459 |  8137 |  16.46 |  13.81 |  15.07 |
|   CLBL                     |  4457 |  3761 |  4222 |  15.22 |  12.84 |  14.42 |
|   CLBM                     |  4589 |  3698 |  3915 |  17.87 |  14.96 |  15.84 |
| CLB LUTs                   | 29578 | 48172 | 35310 |   6.73 |  11.15 |   8.17 |
|   LUT as Logic             | 24556 | 44168 | 32304 |   5.58 |  10.22 |   7.48 |
|     using O5 output only   |   647 |   293 |  1003 |   0.15 |   0.07 |   0.23 |
|     using O6 output only   | 15966 | 34650 | 19466 |   3.63 |   8.02 |   4.51 |
|     using O5 and O6        |  7943 |  9225 | 11835 |   1.81 |   2.14 |   2.74 |
|   LUT as Memory            |  5022 |  4004 |  3006 |   2.44 |   2.02 |   1.52 |
|     LUT as Distributed RAM |  1648 |  3837 |  1660 |   0.80 |   1.94 |   0.84 |
|       using O5 output only |     0 |     0 |     0 |   0.00 |   0.00 |   0.00 |
|       using O6 output only |    80 |   215 |    84 |   0.04 |   0.11 |   0.04 |
|       using O5 and O6      |  1568 |  3622 |  1576 |   0.76 |   1.83 |   0.80 |
|     LUT as Shift Register  |  3374 |   167 |  1346 |   1.64 |   0.08 |   0.68 |
|       using O5 output only |     0 |     0 |     0 |   0.00 |   0.00 |   0.00 |
|       using O6 output only |  2238 |   167 |  1216 |   1.09 |   0.08 |   0.61 |
|       using O5 and O6      |  1136 |     0 |   130 |   0.55 |   0.00 |   0.07 |
| CLB Registers              | 61181 | 47110 | 60601 |   6.96 |   5.45 |   7.01 |
| CARRY8                     |   783 |   480 |   313 |   1.42 |   0.89 |   0.58 |
| F7 Muxes                   |   803 |   651 |  1054 |   0.37 |   0.30 |   0.49 |
| F8 Muxes                   |    16 |   141 |    47 |   0.01 |   0.13 |   0.04 |
| F9 Muxes                   |     0 |     0 |     0 |   0.00 |   0.00 |   0.00 |
| Block RAM Tile             |  37.5 |  82.5 |    94 |   5.58 |  12.28 |  13.99 |
|   RAMB36/FIFO              |    36 |    82 |    92 |   5.36 |  12.20 |  13.69 |
|     RAMB36E2 only          |    36 |    82 |    92 |   5.36 |  12.20 |  13.69 |
|   RAMB18                   |     3 |     1 |     4 |   0.22 |   0.07 |   0.30 |
|     RAMB18E2 only          |     3 |     1 |     4 |   0.22 |   0.07 |   0.30 |
| URAM                       |     0 |     0 |     0 |   0.00 |   0.00 |   0.00 |
| DSPs                       |    12 |     0 |     4 |   0.42 |   0.00 |   0.13 |
| Unique Control Sets        |  2133 |  1524 |  2725 |   1.94 |   1.41 |   2.52 |
+----------------------------+-------+-------+-------+--------+--------+--------+
* Note: Available Control Sets based on CLB Registers / 8


4. SLR IO Utilization
---------------------

+-----------+-----------+---------+------------+----------+------------+----------+-----+
| SLR Index | Used IOBs | (%)IOBs | Used IPADs | (%)IPADs | Used OPADs | (%)OPADs | GTs |
+-----------+-----------+---------+------------+----------+------------+----------+-----+
| SLR2      |        18 |    8.65 |          0 |     0.00 |          0 |     0.00 |   0 |
| SLR1      |         0 |    0.00 |          0 |     0.00 |          0 |     0.00 |   0 |
| SLR0      |         1 |    0.48 |          0 |     0.00 |          0 |     0.00 |  16 |
+-----------+-----------+---------+------------+----------+------------+----------+-----+
| Total     |        19 |         |          0 |          |          0 |          |  16 |
+-----------+-----------+---------+------------+----------+------------+----------+-----+


