Copyright 1986-2021 Xilinx, Inc. All Rights Reserved.
---------------------------------------------------------------------------------------------------------------------------------------------------------------------------------------------------------------------------------------------------------------------------------------------------------------------------------------------------
| Tool Version : Vivado v.2021.2 (lin64) Build 3367213 Tue Oct 19 02:47:39 MDT 2021
| Date         : Wed Nov  6 08:59:58 2024
| Host         : hacc-gpu0 running 64-bit Ubuntu 20.04.6 LTS
| Command      : report_accelerator_utilization -kernels { krnl_vaddmul:pfm_top_i/dynamic_region/krnl_vaddmul_1/inst:krnl_vaddmul_1 krnl_vaddmul:pfm_top_i/dynamic_region/krnl_vaddmul_2/inst:krnl_vaddmul_2 krnl_vaddmul:pfm_top_i/dynamic_region/krnl_vaddmul_3/inst:krnl_vaddmul_3} -file kernel_util_placed.rpt -name kernel_util_placed -json
| Design       : pfm_top_wrapper
| Device       : xcu280
| Design State : Fully Placed
---------------------------------------------------------------------------------------------------------------------------------------------------------------------------------------------------------------------------------------------------------------------------------------------------------------------------------------------------

Accelerator Utilization Design Information

Table of Contents
-----------------
1. System Utilization

1. System Utilization
---------------------

+---------------------+-------------------+------------------+-------------------+----------------+---------------+----------------+
| Name                | LUT               | LUTAsMem         | REG               | BRAM           | URAM          | DSP            |
+---------------------+-------------------+------------------+-------------------+----------------+---------------+----------------+
| Platform            |  121750 [  9.35%] |  16042 [  2.67%] |  181014 [  6.94%] |  204 [ 10.12%] |   0 [  0.00%] |    4 [  0.04%] |
| User Budget         | 1180970 [100.00%] | 584438 [100.00%] | 2426346 [100.00%] | 1812 [100.00%] | 960 [100.00%] | 9020 [100.00%] |
|    Used Resources   |   42188 [  3.57%] |   4440 [  0.76%] |   65105 [  2.68%] |   93 [  5.13%] |   0 [  0.00%] |   78 [  0.86%] |
|    Unused Resources | 1138782 [ 96.43%] | 579998 [ 99.24%] | 2361241 [ 97.32%] | 1719 [ 94.87%] | 960 [100.00%] | 8942 [ 99.14%] |
| krnl_vaddmul        |   42188 [  3.57%] |   4440 [  0.76%] |   65105 [  2.68%] |   93 [  5.13%] |   0 [  0.00%] |   78 [  0.86%] |
|    krnl_vaddmul_1   |   14051 [  1.19%] |   1480 [  0.25%] |   21695 [  0.89%] |   31 [  1.71%] |   0 [  0.00%] |   26 [  0.29%] |
|    krnl_vaddmul_2   |   14034 [  1.19%] |   1480 [  0.25%] |   21714 [  0.89%] |   31 [  1.71%] |   0 [  0.00%] |   26 [  0.29%] |
|    krnl_vaddmul_3   |   14103 [  1.19%] |   1480 [  0.25%] |   21696 [  0.89%] |   31 [  1.71%] |   0 [  0.00%] |   26 [  0.29%] |
+---------------------+-------------------+------------------+-------------------+----------------+---------------+----------------+


