Copyright 1986-2021 Xilinx, Inc. All Rights Reserved.
-----------------------------------------------------------------------------------------------------------------------------------------------------------------------------------------------------------------------------------------------------------------------------------------------------------------------------------------------------
| Tool Version : Vivado v.2021.2 (lin64) Build 3367213 Tue Oct 19 02:47:39 MDT 2021
| Date         : Wed Nov  6 08:05:06 2024
| Host         : hacc-gpu0 running 64-bit Ubuntu 20.04.6 LTS
| Command      : report_accelerator_utilization -kernels { krnl_vaddmul:pfm_top_i/dynamic_region/krnl_vaddmul_1/inst:krnl_vaddmul_1 krnl_vaddmul:pfm_top_i/dynamic_region/krnl_vaddmul_2/inst:krnl_vaddmul_2 krnl_vaddmul:pfm_top_i/dynamic_region/krnl_vaddmul_3/inst:krnl_vaddmul_3} -file kernel_util_synthed.rpt -name kernel_util_synthed -json
| Design       : pfm_top_wrapper
| Device       : xcu280
| Design State : Synthesized
-----------------------------------------------------------------------------------------------------------------------------------------------------------------------------------------------------------------------------------------------------------------------------------------------------------------------------------------------------

Accelerator Utilization Design Information

Table of Contents
-----------------
1. System Utilization

1. System Utilization
---------------------

+---------------------+-------------------+------------------+-------------------+----------------+---------------+----------------+
| Name                | LUT               | LUTAsMem         | REG               | BRAM           | URAM          | DSP            |
+---------------------+-------------------+------------------+-------------------+----------------+---------------+----------------+
| Platform            |  142101 [ 10.91%] |  20110 [  3.35%] |  197540 [  7.58%] |  204 [ 10.12%] |   0 [  0.00%] |    4 [  0.04%] |
| User Budget         | 1160619 [100.00%] | 580370 [100.00%] | 2409820 [100.00%] | 1812 [100.00%] | 960 [100.00%] | 9020 [100.00%] |
|    Used Resources   |   49182 [  4.24%] |   9183 [  1.58%] |   67623 [  2.81%] |   93 [  5.13%] |   0 [  0.00%] |   78 [  0.86%] |
|    Unused Resources | 1111437 [ 95.76%] | 571187 [ 98.42%] | 2342197 [ 97.19%] | 1719 [ 94.87%] | 960 [100.00%] | 8942 [ 99.14%] |
| krnl_vaddmul        |   49182 [  4.24%] |   9183 [  1.58%] |   67623 [  2.81%] |   93 [  5.13%] |   0 [  0.00%] |   78 [  0.86%] |
|    krnl_vaddmul_1   |   16394 [  1.41%] |   3061 [  0.53%] |   22541 [  0.94%] |   31 [  1.71%] |   0 [  0.00%] |   26 [  0.29%] |
|    krnl_vaddmul_2   |   16394 [  1.41%] |   3061 [  0.53%] |   22541 [  0.94%] |   31 [  1.71%] |   0 [  0.00%] |   26 [  0.29%] |
|    krnl_vaddmul_3   |   16394 [  1.41%] |   3061 [  0.53%] |   22541 [  0.94%] |   31 [  1.71%] |   0 [  0.00%] |   26 [  0.29%] |
+---------------------+-------------------+------------------+-------------------+----------------+---------------+----------------+


