Copyright 1986-2021 Xilinx, Inc. All Rights Reserved.
----------------------------------------------------------------------------------------------------------------------------------------------------------------------------------------------------------------------------------------------------------------------------------------------------------------------------------------------------------------------------------------------------------------------------------------------------------------------------------------------------------------------------------------------------------------------------------------------------------------------------------------------------------------------------------------------------------------------------------
| Tool Version : Vivado v.2021.2 (lin64) Build 3367213 Tue Oct 19 02:47:39 MDT 2021
| Date         : Tue Oct 29 03:02:42 2024
| Host         : hacc-gpu0 running 64-bit Ubuntu 20.04.6 LTS
| Command      : report_accelerator_utilization -kernels { krnl_vaddmul:pfm_top_i/dynamic_region/krnl_vaddmul_1/inst:krnl_vaddmul_1 krnl_vaddmul:pfm_top_i/dynamic_region/krnl_vaddmul_2/inst:krnl_vaddmul_2 krnl_vaddmul:pfm_top_i/dynamic_region/krnl_vaddmul_3/inst:krnl_vaddmul_3 krnl_vaddmul:pfm_top_i/dynamic_region/krnl_vaddmul_4/inst:krnl_vaddmul_4 krnl_vaddmul:pfm_top_i/dynamic_region/krnl_vaddmul_5/inst:krnl_vaddmul_5 krnl_vaddmul:pfm_top_i/dynamic_region/krnl_vaddmul_6/inst:krnl_vaddmul_6 krnl_vaddmul:pfm_top_i/dynamic_region/krnl_vaddmul_7/inst:krnl_vaddmul_7 krnl_vaddmul:pfm_top_i/dynamic_region/krnl_vaddmul_8/inst:krnl_vaddmul_8} -file kernel_util_synthed.rpt -name kernel_util_synthed -json
| Design       : pfm_top_wrapper
| Device       : xcu280
| Design State : Synthesized
----------------------------------------------------------------------------------------------------------------------------------------------------------------------------------------------------------------------------------------------------------------------------------------------------------------------------------------------------------------------------------------------------------------------------------------------------------------------------------------------------------------------------------------------------------------------------------------------------------------------------------------------------------------------------------------------------------------------------------

Accelerator Utilization Design Information

Table of Contents
-----------------
1. System Utilization

1. System Utilization
---------------------

+---------------------+-------------------+------------------+-------------------+----------------+---------------+----------------+
| Name                | LUT               | LUTAsMem         | REG               | BRAM           | URAM          | DSP            |
+---------------------+-------------------+------------------+-------------------+----------------+---------------+----------------+
| Platform            |  222057 [ 17.05%] |  60468 [ 10.07%] |  359957 [ 13.81%] |  204 [ 10.12%] |   0 [  0.00%] |    4 [  0.04%] |
| User Budget         | 1080663 [100.00%] | 540012 [100.00%] | 2247403 [100.00%] | 1812 [100.00%] | 960 [100.00%] | 9020 [100.00%] |
|    Used Resources   |  548040 [ 50.71%] |  70448 [ 13.05%] |  812512 [ 36.15%] |  720 [ 39.74%] |   0 [  0.00%] |  800 [  8.87%] |
|    Unused Resources |  532623 [ 49.29%] | 469564 [ 86.95%] | 1434891 [ 63.85%] | 1092 [ 60.26%] | 960 [100.00%] | 8220 [ 91.13%] |
| krnl_vaddmul        |  548040 [ 50.71%] |  70448 [ 13.05%] |  812512 [ 36.15%] |  720 [ 39.74%] |   0 [  0.00%] |  800 [  8.87%] |
|    krnl_vaddmul_1   |   68505 [  6.34%] |   8806 [  1.63%] |  101564 [  4.52%] |   90 [  4.97%] |   0 [  0.00%] |  100 [  1.11%] |
|    krnl_vaddmul_2   |   68505 [  6.34%] |   8806 [  1.63%] |  101564 [  4.52%] |   90 [  4.97%] |   0 [  0.00%] |  100 [  1.11%] |
|    krnl_vaddmul_3   |   68505 [  6.34%] |   8806 [  1.63%] |  101564 [  4.52%] |   90 [  4.97%] |   0 [  0.00%] |  100 [  1.11%] |
|    krnl_vaddmul_4   |   68505 [  6.34%] |   8806 [  1.63%] |  101564 [  4.52%] |   90 [  4.97%] |   0 [  0.00%] |  100 [  1.11%] |
|    krnl_vaddmul_5   |   68505 [  6.34%] |   8806 [  1.63%] |  101564 [  4.52%] |   90 [  4.97%] |   0 [  0.00%] |  100 [  1.11%] |
|    krnl_vaddmul_6   |   68505 [  6.34%] |   8806 [  1.63%] |  101564 [  4.52%] |   90 [  4.97%] |   0 [  0.00%] |  100 [  1.11%] |
|    krnl_vaddmul_7   |   68505 [  6.34%] |   8806 [  1.63%] |  101564 [  4.52%] |   90 [  4.97%] |   0 [  0.00%] |  100 [  1.11%] |
|    krnl_vaddmul_8   |   68505 [  6.34%] |   8806 [  1.63%] |  101564 [  4.52%] |   90 [  4.97%] |   0 [  0.00%] |  100 [  1.11%] |
+---------------------+-------------------+------------------+-------------------+----------------+---------------+----------------+


