Copyright 1986-2021 Xilinx, Inc. All Rights Reserved.
------------------------------------------------------------------------------------------
| Tool Version : Vivado v.2021.2 (lin64) Build 3367213 Tue Oct 19 02:47:39 MDT 2021
| Date         : Thu Oct 31 04:01:57 2024
| Host         : hacc-gpu0 running 64-bit Ubuntu 20.04.6 LTS
| Command      : report_utilization -slr -file slr_util_placed.rpt -pb slr_util_placed.pb
| Design       : pfm_top_wrapper
| Device       : xcu280-fsvh2892-2L-e
| Speed File   : -2L
| Design State : Fully Placed
------------------------------------------------------------------------------------------

Utilization Design Information

Table of Contents
-----------------
1. SLR Connectivity
2. SLR Connectivity Matrix
3. SLR CLB Logic and Dedicated Block Utilization
4. SLR IO Utilization

1. SLR Connectivity
-------------------

+----------------------------------+-------+-------+-----------+-------+
|                                  |  Used | Fixed | Available | Util% |
+----------------------------------+-------+-------+-----------+-------+
| SLR2 <-> SLR1                    |  4530 |       |     23040 | 19.66 |
|   SLR1 -> SLR2                   |  2349 |       |           | 10.20 |
|     Using TX_REG only            |     1 |     1 |           |       |
|     Using RX_REG only            |    18 |    18 |           |       |
|     Using Both TX_REG and RX_REG |   529 |     1 |           |       |
|   SLR2 -> SLR1                   |  2181 |       |           |  9.47 |
|     Using TX_REG only            |     0 |     0 |           |       |
|     Using RX_REG only            |     4 |     4 |           |       |
|     Using Both TX_REG and RX_REG |   681 |     0 |           |       |
| SLR1 <-> SLR0                    | 14340 |       |     23040 | 62.24 |
|   SLR0 -> SLR1                   |  4999 |       |           | 21.70 |
|     Using TX_REG only            |    71 |    71 |           |       |
|     Using RX_REG only            |    61 |    61 |           |       |
|     Using Both TX_REG and RX_REG |   583 |    55 |           |       |
|   SLR1 -> SLR0                   |  9341 |       |           | 40.54 |
|     Using TX_REG only            |    62 |    62 |           |       |
|     Using RX_REG only            |    72 |    71 |           |       |
|     Using Both TX_REG and RX_REG |   741 |    60 |           |       |
+----------------------------------+-------+-------+-----------+-------+
| Total SLLs Used                  | 18870 |       |           |       |
+----------------------------------+-------+-------+-----------+-------+


2. SLR Connectivity Matrix
--------------------------

+-----------+------+------+------+
| FROM \ TO | SLR2 | SLR1 | SLR0 |
+-----------+------+------+------+
| SLR2      |    0 | 2046 |  135 |
| SLR1      | 2246 |    0 | 9206 |
| SLR0      |  103 | 4896 |    0 |
+-----------+------+------+------+


3. SLR CLB Logic and Dedicated Block Utilization
------------------------------------------------

+----------------------------+--------+--------+-------+--------+--------+--------+
|          Site Type         |  SLR0  |  SLR1  |  SLR2 | SLR0 % | SLR1 % | SLR2 % |
+----------------------------+--------+--------+-------+--------+--------+--------+
| CLB                        |  52827 |  29143 |  7539 |  96.12 |  53.97 |  13.96 |
|   CLBL                     |  28104 |  15578 |  3903 |  95.98 |  53.20 |  13.33 |
|   CLBM                     |  24723 |  13565 |  3636 |  96.27 |  54.87 |  14.71 |
| CLB LUTs                   | 277295 | 158070 | 33882 |  63.07 |  36.59 |   7.84 |
|   LUT as Logic             | 222942 | 142980 | 31066 |  50.71 |  33.10 |   7.19 |
|     using O5 output only   |   2583 |    465 |   933 |   0.59 |   0.11 |   0.22 |
|     using O6 output only   | 148254 | 102383 | 18952 |  33.72 |  23.70 |   4.39 |
|     using O5 and O6        |  72105 |  40132 | 11181 |  16.40 |   9.29 |   2.59 |
|   LUT as Memory            |  54353 |  15090 |  2816 |  26.46 |   7.63 |   1.42 |
|     LUT as Distributed RAM |  32862 |   3837 |   936 |  16.00 |   1.94 |   0.47 |
|       using O5 output only |      0 |      0 |     0 |   0.00 |   0.00 |   0.00 |
|       using O6 output only |     84 |    215 |    80 |   0.04 |   0.11 |   0.04 |
|       using O5 and O6      |  32778 |   3622 |   856 |  15.96 |   1.83 |   0.43 |
|     LUT as Shift Register  |  21491 |  11253 |  1880 |  10.46 |   5.69 |   0.95 |
|       using O5 output only |      0 |      6 |     0 |   0.00 |  <0.01 |   0.00 |
|       using O6 output only |  14640 |   7656 |  1750 |   7.13 |   3.87 |   0.88 |
|       using O5 and O6      |   6851 |   3591 |   130 |   3.33 |   1.82 |   0.07 |
| CLB Registers              | 445183 | 213711 | 60339 |  50.63 |  24.74 |   6.98 |
| CARRY8                     |  16351 |   9818 |   299 |  29.75 |  18.18 |   0.55 |
| F7 Muxes                   |   4389 |   2769 |  1316 |   2.00 |   1.28 |   0.61 |
| F8 Muxes                   |   1176 |    837 |    47 |   1.07 |   0.78 |   0.04 |
| F9 Muxes                   |      0 |      0 |     0 |   0.00 |   0.00 |   0.00 |
| Block RAM Tile             |  295.5 |  246.5 |    94 |  43.97 |  36.68 |  13.99 |
|   RAMB36/FIFO              |    294 |    246 |    92 |  43.75 |  36.61 |  13.69 |
|     RAMB36E2 only          |    294 |    246 |    92 |  43.75 |  36.61 |  13.69 |
|   RAMB18                   |      3 |      1 |     4 |   0.22 |   0.07 |   0.30 |
|     RAMB18E2 only          |      3 |      1 |     4 |   0.22 |   0.07 |   0.30 |
| URAM                       |      0 |      0 |     0 |   0.00 |   0.00 |   0.00 |
| DSPs                       |    260 |    156 |     4 |   9.03 |   5.08 |   0.13 |
| Unique Control Sets        |   7032 |   3001 |  2619 |   6.40 |   2.78 |   2.43 |
+----------------------------+--------+--------+-------+--------+--------+--------+
* Note: Available Control Sets based on CLB Registers / 8


4. SLR IO Utilization
---------------------

+-----------+-----------+---------+------------+----------+------------+----------+-----+
| SLR Index | Used IOBs | (%)IOBs | Used IPADs | (%)IPADs | Used OPADs | (%)OPADs | GTs |
+-----------+-----------+---------+------------+----------+------------+----------+-----+
| SLR2      |        18 |    8.65 |          0 |     0.00 |          0 |     0.00 |   0 |
| SLR1      |         0 |    0.00 |          0 |     0.00 |          0 |     0.00 |   0 |
| SLR0      |         1 |    0.48 |          0 |     0.00 |          0 |     0.00 |  16 |
+-----------+-----------+---------+------------+----------+------------+----------+-----+
| Total     |        19 |         |          0 |          |          0 |          |  16 |
+-----------+-----------+---------+------------+----------+------------+----------+-----+


