Copyright 1986-2021 Xilinx, Inc. All Rights Reserved.
----------------------------------------------------------------------------------------------------------------------------------------------------------------------------------------
| Tool Version : Vivado v.2021.2 (lin64) Build 3367213 Tue Oct 19 02:47:39 MDT 2021
| Date         : Mon Nov 18 01:12:52 2024
| Host         : hacc-gpu0 running 64-bit Ubuntu 20.04.6 LTS
| Command      : report_accelerator_utilization -kernels { krnl_vadd:pfm_top_i/dynamic_region/krnl_vadd_1/inst:krnl_vadd_1} -file kernel_util_placed.rpt -name kernel_util_placed -json
| Design       : pfm_top_wrapper
| Device       : xcu280
| Design State : Fully Placed
----------------------------------------------------------------------------------------------------------------------------------------------------------------------------------------

Accelerator Utilization Design Information

Table of Contents
-----------------
1. System Utilization

1. System Utilization
---------------------

+---------------------+-------------------+------------------+-------------------+----------------+---------------+----------------+
| Name                | LUT               | LUTAsMem         | REG               | BRAM           | URAM          | DSP            |
+---------------------+-------------------+------------------+-------------------+----------------+---------------+----------------+
| Platform            |  104100 [  7.99%] |  10550 [  1.76%] |  152482 [  5.85%] |  202 [ 10.02%] |   0 [  0.00%] |    4 [  0.04%] |
| User Budget         | 1198620 [100.00%] | 589930 [100.00%] | 2454878 [100.00%] | 1814 [100.00%] | 960 [100.00%] | 9020 [100.00%] |
|    Used Resources   |    5843 [  0.49%] |   1115 [  0.19%] |   11508 [  0.47%] |   23 [  1.27%] |   0 [  0.00%] |   96 [  1.06%] |
|    Unused Resources | 1192777 [ 99.51%] | 588815 [ 99.81%] | 2443370 [ 99.53%] | 1791 [ 98.73%] | 960 [100.00%] | 8924 [ 98.94%] |
| krnl_vadd           |    5843 [  0.49%] |   1115 [  0.19%] |   11508 [  0.47%] |   23 [  1.27%] |   0 [  0.00%] |   96 [  1.06%] |
|    krnl_vadd_1      |    5843 [  0.49%] |   1115 [  0.19%] |   11508 [  0.47%] |   23 [  1.27%] |   0 [  0.00%] |   96 [  1.06%] |
+---------------------+-------------------+------------------+-------------------+----------------+---------------+----------------+


