Copyright 1986-2021 Xilinx, Inc. All Rights Reserved.
------------------------------------------------------------------------------------------
| Tool Version : Vivado v.2021.2 (lin64) Build 3367213 Tue Oct 19 02:47:39 MDT 2021
| Date         : Mon Nov 18 01:36:30 2024
| Host         : hacc-gpu0 running 64-bit Ubuntu 20.04.6 LTS
| Command      : report_utilization -slr -file slr_util_routed.rpt -pb slr_util_routed.pb
| Design       : pfm_top_wrapper
| Device       : xcu280-fsvh2892-2L-e
| Speed File   : -2L
| Design State : Routed
------------------------------------------------------------------------------------------

Utilization Design Information

Table of Contents
-----------------
1. SLR Connectivity
2. SLR Connectivity Matrix
3. SLR CLB Logic and Dedicated Block Utilization
4. SLR IO Utilization

1. SLR Connectivity
-------------------

+----------------------------------+------+-------+-----------+-------+
|                                  | Used | Fixed | Available | Util% |
+----------------------------------+------+-------+-----------+-------+
| SLR2 <-> SLR1                    | 3956 |       |     23040 | 17.17 |
|   SLR1 -> SLR2                   | 2081 |       |           |  9.03 |
|     Using TX_REG only            |  267 |     1 |           |       |
|     Using RX_REG only            |  284 |    18 |           |       |
|     Using Both TX_REG and RX_REG |  267 |     1 |           |       |
|   SLR2 -> SLR1                   | 1875 |       |           |  8.14 |
|     Using TX_REG only            |  407 |     0 |           |       |
|     Using RX_REG only            |  412 |     4 |           |       |
|     Using Both TX_REG and RX_REG |  407 |     0 |           |       |
| SLR1 <-> SLR0                    | 2527 |       |     23040 | 10.97 |
|   SLR0 -> SLR1                   | 1135 |       |           |  4.93 |
|     Using TX_REG only            |  371 |    71 |           |       |
|     Using RX_REG only            |  361 |    61 |           |       |
|     Using Both TX_REG and RX_REG |  355 |    55 |           |       |
|   SLR1 -> SLR0                   | 1392 |       |           |  6.04 |
|     Using TX_REG only            |  441 |    62 |           |       |
|     Using RX_REG only            |  451 |    71 |           |       |
|     Using Both TX_REG and RX_REG |  439 |    60 |           |       |
+----------------------------------+------+-------+-----------+-------+
| Total SLLs Used                  | 6483 |       |           |       |
+----------------------------------+------+-------+-----------+-------+


2. SLR Connectivity Matrix
--------------------------

+-----------+------+------+------+
| FROM \ TO | SLR2 | SLR1 | SLR0 |
+-----------+------+------+------+
| SLR2      |    0 | 1681 |  194 |
| SLR1      | 1939 |    0 | 1198 |
| SLR0      |  142 |  993 |    0 |
+-----------+------+------+------+


3. SLR CLB Logic and Dedicated Block Utilization
------------------------------------------------

+----------------------------+-------+-------+-------+--------+--------+--------+
|          Site Type         |  SLR0 |  SLR1 |  SLR2 | SLR0 % | SLR1 % | SLR2 % |
+----------------------------+-------+-------+-------+--------+--------+--------+
| CLB                        |  8413 |  7310 |  8146 |  15.31 |  13.54 |  15.09 |
|   CLBL                     |  4109 |  3680 |  4214 |  14.03 |  12.57 |  14.39 |
|   CLBM                     |  4304 |  3630 |  3932 |  16.76 |  14.68 |  15.91 |
| CLB LUTs                   | 26975 | 47598 | 35370 |   6.14 |  11.02 |   8.19 |
|   LUT as Logic             | 22318 | 43628 | 32332 |   5.08 |  10.10 |   7.48 |
|     using O5 output only   |   555 |   285 |  1007 |   0.13 |   0.07 |   0.23 |
|     using O6 output only   | 15043 | 34229 | 19532 |   3.42 |   7.92 |   4.52 |
|     using O5 and O6        |  6720 |  9114 | 11793 |   1.53 |   2.11 |   2.73 |
|   LUT as Memory            |  4657 |  3970 |  3038 |   2.27 |   2.01 |   1.54 |
|     LUT as Distributed RAM |  1832 |  3837 |  1660 |   0.89 |   1.94 |   0.84 |
|       using O5 output only |     0 |     0 |     0 |   0.00 |   0.00 |   0.00 |
|       using O6 output only |    88 |   215 |    84 |   0.04 |   0.11 |   0.04 |
|       using O5 and O6      |  1744 |  3622 |  1576 |   0.85 |   1.83 |   0.80 |
|     LUT as Shift Register  |  2825 |   133 |  1378 |   1.38 |   0.07 |   0.70 |
|       using O5 output only |     0 |     0 |     0 |   0.00 |   0.00 |   0.00 |
|       using O6 output only |  1655 |   133 |  1248 |   0.81 |   0.07 |   0.63 |
|       using O5 and O6      |  1170 |     0 |   130 |   0.57 |   0.00 |   0.07 |
| CLB Registers              | 56934 | 46253 | 60803 |   6.47 |   5.35 |   7.04 |
| CARRY8                     |   601 |   473 |   313 |   1.09 |   0.88 |   0.58 |
| F7 Muxes                   |   681 |   651 |  1054 |   0.31 |   0.30 |   0.49 |
| F8 Muxes                   |    16 |   141 |    47 |   0.01 |   0.13 |   0.04 |
| F9 Muxes                   |     0 |     0 |     0 |   0.00 |   0.00 |   0.00 |
| Block RAM Tile             |  50.5 |  80.5 |    94 |   7.51 |  11.98 |  13.99 |
|   RAMB36/FIFO              |    48 |    80 |    92 |   7.14 |  11.90 |  13.69 |
|     RAMB36E2 only          |    48 |    80 |    92 |   7.14 |  11.90 |  13.69 |
|   RAMB18                   |     5 |     1 |     4 |   0.37 |   0.07 |   0.30 |
|     RAMB18E2 only          |     5 |     1 |     4 |   0.37 |   0.07 |   0.30 |
| URAM                       |     0 |     0 |     0 |   0.00 |   0.00 |   0.00 |
| DSPs                       |    96 |     0 |     4 |   3.33 |   0.00 |   0.13 |
| Unique Control Sets        |  1755 |  1499 |  2725 |   1.60 |   1.39 |   2.52 |
+----------------------------+-------+-------+-------+--------+--------+--------+
* Note: Available Control Sets based on CLB Registers / 8


4. SLR IO Utilization
---------------------

+-----------+-----------+---------+------------+----------+------------+----------+-----+
| SLR Index | Used IOBs | (%)IOBs | Used IPADs | (%)IPADs | Used OPADs | (%)OPADs | GTs |
+-----------+-----------+---------+------------+----------+------------+----------+-----+
| SLR2      |        18 |    8.65 |          0 |     0.00 |          0 |     0.00 |   0 |
| SLR1      |         0 |    0.00 |          0 |     0.00 |          0 |     0.00 |   0 |
| SLR0      |         1 |    0.48 |          0 |     0.00 |          0 |     0.00 |  16 |
+-----------+-----------+---------+------------+----------+------------+----------+-----+
| Total     |        19 |         |          0 |          |          0 |          |  16 |
+-----------+-----------+---------+------------+----------+------------+----------+-----+


