INFO: [v++ 60-1306] Additional information associated with this v++ link can be found at:
	Reports: /home/ziyuanwang/hbm/Vitis_Accel_Examples/performance/hbm_bandwidth/_x_4cores_gem0011_10.hw.xilinx_u280_xdma_201920_3/reports/link
	Log files: /home/ziyuanwang/hbm/Vitis_Accel_Examples/performance/hbm_bandwidth/_x_4cores_gem0011_10.hw.xilinx_u280_xdma_201920_3/logs/link
INFO: [v++ 60-1548] Creating build summary session with primary output /home/ziyuanwang/hbm/Vitis_Accel_Examples/performance/hbm_bandwidth/build_dir_4cores_gem0011_10.hw.xilinx_u280_xdma_201920_3/krnl_vaddmul.link.xclbin.link_summary, at Sat Nov 16 17:04:40 2024
INFO: [v++ 60-1316] Initiating connection to rulecheck server, at Sat Nov 16 17:04:40 2024
INFO: [v++ 60-1315] Creating rulecheck session with output '/home/ziyuanwang/hbm/Vitis_Accel_Examples/performance/hbm_bandwidth/_x_4cores_gem0011_10.hw.xilinx_u280_xdma_201920_3/reports/link/v++_link_krnl_vaddmul.link_guidance.html', at Sat Nov 16 17:04:42 2024
INFO: [v++ 60-895]   Target platform: /opt/xilinx/platforms/xilinx_u280_xdma_201920_3/xilinx_u280_xdma_201920_3.xpfm
INFO: [v++ 60-1578]   This platform contains Xilinx Shell Archive '/opt/xilinx/platforms/xilinx_u280_xdma_201920_3/hw/xilinx_u280_xdma_201920_3.xsa'
INFO: [v++ 74-78] Compiler Version string: 2021.2
INFO: [v++ 60-1302] Platform 'xilinx_u280_xdma_201920_3.xpfm' has been explicitly enabled for this release.
INFO: [v++ 60-629] Linking for hardware target
INFO: [v++ 60-423]   Target device: xilinx_u280_xdma_201920_3
INFO: [v++ 60-1332] Run 'run_link' status: Not started
INFO: [v++ 60-1443] [17:05:17] Run run_link: Step system_link: Started
INFO: [v++ 60-1453] Command Line: system_link --xo /home/ziyuanwang/hbm/Vitis_Accel_Examples/performance/hbm_bandwidth/_x_4cores_gem0011_10.hw.xilinx_u280_xdma_201920_3/krnl_vaddmul.xo -keep --config /home/ziyuanwang/hbm/Vitis_Accel_Examples/performance/hbm_bandwidth/_x_4cores_gem0011_10.hw.xilinx_u280_xdma_201920_3/link/int/syslinkConfig.ini --xpfm /opt/xilinx/platforms/xilinx_u280_xdma_201920_3/xilinx_u280_xdma_201920_3.xpfm --target hw --output_dir /home/ziyuanwang/hbm/Vitis_Accel_Examples/performance/hbm_bandwidth/_x_4cores_gem0011_10.hw.xilinx_u280_xdma_201920_3/link/int --temp_dir /home/ziyuanwang/hbm/Vitis_Accel_Examples/performance/hbm_bandwidth/_x_4cores_gem0011_10.hw.xilinx_u280_xdma_201920_3/link/sys_link
INFO: [v++ 60-1454] Run Directory: /home/ziyuanwang/hbm/Vitis_Accel_Examples/performance/hbm_bandwidth/_x_4cores_gem0011_10.hw.xilinx_u280_xdma_201920_3/link/run_link
INFO: [SYSTEM_LINK 60-1316] Initiating connection to rulecheck server, at Sat Nov 16 17:05:22 2024
INFO: [SYSTEM_LINK 82-70] Extracting xo v3 file /home/ziyuanwang/hbm/Vitis_Accel_Examples/performance/hbm_bandwidth/_x_4cores_gem0011_10.hw.xilinx_u280_xdma_201920_3/krnl_vaddmul.xo
INFO: [SYSTEM_LINK 82-53] Creating IP database /home/ziyuanwang/hbm/Vitis_Accel_Examples/performance/hbm_bandwidth/_x_4cores_gem0011_10.hw.xilinx_u280_xdma_201920_3/link/sys_link/_sysl/.cdb/xd_ip_db.xml
INFO: [SYSTEM_LINK 82-38] [17:06:01] build_xd_ip_db started: /tools/Xilinx/Vitis/2021.2/bin/build_xd_ip_db -ip_search 0  -sds-pf /home/ziyuanwang/hbm/Vitis_Accel_Examples/performance/hbm_bandwidth/_x_4cores_gem0011_10.hw.xilinx_u280_xdma_201920_3/link/sys_link/xilinx_u280_xdma_201920_3.hpfm -clkid 0 -ip /home/ziyuanwang/hbm/Vitis_Accel_Examples/performance/hbm_bandwidth/_x_4cores_gem0011_10.hw.xilinx_u280_xdma_201920_3/link/sys_link/iprepo/xilinx_com_hls_krnl_vaddmul_1_0,krnl_vaddmul -o /home/ziyuanwang/hbm/Vitis_Accel_Examples/performance/hbm_bandwidth/_x_4cores_gem0011_10.hw.xilinx_u280_xdma_201920_3/link/sys_link/_sysl/.cdb/xd_ip_db.xml
INFO: [SYSTEM_LINK 82-37] [17:06:21] build_xd_ip_db finished successfully
Time (s): cpu = 00:00:04 ; elapsed = 00:00:20 . Memory (MB): peak = 2168.234 ; gain = 0.000 ; free physical = 41614 ; free virtual = 490038
INFO: [SYSTEM_LINK 82-51] Create system connectivity graph
INFO: [SYSTEM_LINK 82-102] Applying explicit connections to the system connectivity graph: /home/ziyuanwang/hbm/Vitis_Accel_Examples/performance/hbm_bandwidth/_x_4cores_gem0011_10.hw.xilinx_u280_xdma_201920_3/link/sys_link/cfgraph/cfgen_cfgraph.xml
INFO: [SYSTEM_LINK 82-38] [17:06:21] cfgen started: /tools/Xilinx/Vitis/2021.2/bin/cfgen  -nk krnl_vaddmul:4 -sp krnl_vaddmul_1.in1:HBM[0] -sp krnl_vaddmul_1.in2:HBM[1] -sp krnl_vaddmul_1.out_add:HBM[2] -sp krnl_vaddmul_1.out_mul:HBM[3] -sp krnl_vaddmul_2.in1:HBM[4] -sp krnl_vaddmul_2.in2:HBM[5] -sp krnl_vaddmul_2.out_add:HBM[6] -sp krnl_vaddmul_2.out_mul:HBM[7] -sp krnl_vaddmul_3.in1:HBM[8] -sp krnl_vaddmul_3.in2:HBM[9] -sp krnl_vaddmul_3.out_add:HBM[10] -sp krnl_vaddmul_3.out_mul:HBM[11] -sp krnl_vaddmul_4.in1:HBM[12] -sp krnl_vaddmul_4.in2:HBM[13] -sp krnl_vaddmul_4.out_add:HBM[14] -sp krnl_vaddmul_4.out_mul:HBM[15] -dmclkid 0 -r /home/ziyuanwang/hbm/Vitis_Accel_Examples/performance/hbm_bandwidth/_x_4cores_gem0011_10.hw.xilinx_u280_xdma_201920_3/link/sys_link/_sysl/.cdb/xd_ip_db.xml -o /home/ziyuanwang/hbm/Vitis_Accel_Examples/performance/hbm_bandwidth/_x_4cores_gem0011_10.hw.xilinx_u280_xdma_201920_3/link/sys_link/cfgraph/cfgen_cfgraph.xml
INFO: [CFGEN 83-0] Kernel Specs: 
INFO: [CFGEN 83-0]   kernel: krnl_vaddmul, num: 4  {krnl_vaddmul_1 krnl_vaddmul_2 krnl_vaddmul_3 krnl_vaddmul_4}
INFO: [CFGEN 83-0] Port Specs: 
INFO: [CFGEN 83-0]   kernel: krnl_vaddmul_1, k_port: in1, sptag: HBM[0]
INFO: [CFGEN 83-0]   kernel: krnl_vaddmul_1, k_port: in2, sptag: HBM[1]
INFO: [CFGEN 83-0]   kernel: krnl_vaddmul_1, k_port: out_add, sptag: HBM[2]
INFO: [CFGEN 83-0]   kernel: krnl_vaddmul_1, k_port: out_mul, sptag: HBM[3]
INFO: [CFGEN 83-0]   kernel: krnl_vaddmul_2, k_port: in1, sptag: HBM[4]
INFO: [CFGEN 83-0]   kernel: krnl_vaddmul_2, k_port: in2, sptag: HBM[5]
INFO: [CFGEN 83-0]   kernel: krnl_vaddmul_2, k_port: out_add, sptag: HBM[6]
INFO: [CFGEN 83-0]   kernel: krnl_vaddmul_2, k_port: out_mul, sptag: HBM[7]
INFO: [CFGEN 83-0]   kernel: krnl_vaddmul_3, k_port: in1, sptag: HBM[8]
INFO: [CFGEN 83-0]   kernel: krnl_vaddmul_3, k_port: in2, sptag: HBM[9]
INFO: [CFGEN 83-0]   kernel: krnl_vaddmul_3, k_port: out_add, sptag: HBM[10]
INFO: [CFGEN 83-0]   kernel: krnl_vaddmul_3, k_port: out_mul, sptag: HBM[11]
INFO: [CFGEN 83-0]   kernel: krnl_vaddmul_4, k_port: in1, sptag: HBM[12]
INFO: [CFGEN 83-0]   kernel: krnl_vaddmul_4, k_port: in2, sptag: HBM[13]
INFO: [CFGEN 83-0]   kernel: krnl_vaddmul_4, k_port: out_add, sptag: HBM[14]
INFO: [CFGEN 83-0]   kernel: krnl_vaddmul_4, k_port: out_mul, sptag: HBM[15]
INFO: [CFGEN 83-2228] Creating mapping for argument krnl_vaddmul_1.in1 to HBM[0] for directive krnl_vaddmul_1.in1:HBM[0]
INFO: [CFGEN 83-2228] Creating mapping for argument krnl_vaddmul_1.in2 to HBM[1] for directive krnl_vaddmul_1.in2:HBM[1]
INFO: [CFGEN 83-2228] Creating mapping for argument krnl_vaddmul_1.out_add to HBM[2] for directive krnl_vaddmul_1.out_add:HBM[2]
INFO: [CFGEN 83-2228] Creating mapping for argument krnl_vaddmul_1.out_mul to HBM[3] for directive krnl_vaddmul_1.out_mul:HBM[3]
INFO: [CFGEN 83-2228] Creating mapping for argument krnl_vaddmul_2.in1 to HBM[4] for directive krnl_vaddmul_2.in1:HBM[4]
INFO: [CFGEN 83-2228] Creating mapping for argument krnl_vaddmul_2.in2 to HBM[5] for directive krnl_vaddmul_2.in2:HBM[5]
INFO: [CFGEN 83-2228] Creating mapping for argument krnl_vaddmul_2.out_add to HBM[6] for directive krnl_vaddmul_2.out_add:HBM[6]
INFO: [CFGEN 83-2228] Creating mapping for argument krnl_vaddmul_2.out_mul to HBM[7] for directive krnl_vaddmul_2.out_mul:HBM[7]
INFO: [CFGEN 83-2228] Creating mapping for argument krnl_vaddmul_3.in1 to HBM[8] for directive krnl_vaddmul_3.in1:HBM[8]
INFO: [CFGEN 83-2228] Creating mapping for argument krnl_vaddmul_3.in2 to HBM[9] for directive krnl_vaddmul_3.in2:HBM[9]
INFO: [CFGEN 83-2228] Creating mapping for argument krnl_vaddmul_3.out_add to HBM[10] for directive krnl_vaddmul_3.out_add:HBM[10]
INFO: [CFGEN 83-2228] Creating mapping for argument krnl_vaddmul_3.out_mul to HBM[11] for directive krnl_vaddmul_3.out_mul:HBM[11]
INFO: [CFGEN 83-2228] Creating mapping for argument krnl_vaddmul_4.in1 to HBM[12] for directive krnl_vaddmul_4.in1:HBM[12]
INFO: [CFGEN 83-2228] Creating mapping for argument krnl_vaddmul_4.in2 to HBM[13] for directive krnl_vaddmul_4.in2:HBM[13]
INFO: [CFGEN 83-2228] Creating mapping for argument krnl_vaddmul_4.out_add to HBM[14] for directive krnl_vaddmul_4.out_add:HBM[14]
INFO: [CFGEN 83-2228] Creating mapping for argument krnl_vaddmul_4.out_mul to HBM[15] for directive krnl_vaddmul_4.out_mul:HBM[15]
INFO: [SYSTEM_LINK 82-37] [17:06:28] cfgen finished successfully
Time (s): cpu = 00:00:07 ; elapsed = 00:00:08 . Memory (MB): peak = 2168.234 ; gain = 0.000 ; free physical = 41571 ; free virtual = 489997
INFO: [SYSTEM_LINK 82-52] Create top-level block diagram
INFO: [SYSTEM_LINK 82-38] [17:06:28] cf2bd started: /tools/Xilinx/Vitis/2021.2/bin/cf2bd  --linux --trace_buffer 1024 --input_file /home/ziyuanwang/hbm/Vitis_Accel_Examples/performance/hbm_bandwidth/_x_4cores_gem0011_10.hw.xilinx_u280_xdma_201920_3/link/sys_link/cfgraph/cfgen_cfgraph.xml --ip_db /home/ziyuanwang/hbm/Vitis_Accel_Examples/performance/hbm_bandwidth/_x_4cores_gem0011_10.hw.xilinx_u280_xdma_201920_3/link/sys_link/_sysl/.cdb/xd_ip_db.xml --cf_name dr --working_dir /home/ziyuanwang/hbm/Vitis_Accel_Examples/performance/hbm_bandwidth/_x_4cores_gem0011_10.hw.xilinx_u280_xdma_201920_3/link/sys_link/_sysl/.xsd --temp_dir /home/ziyuanwang/hbm/Vitis_Accel_Examples/performance/hbm_bandwidth/_x_4cores_gem0011_10.hw.xilinx_u280_xdma_201920_3/link/sys_link --output_dir /home/ziyuanwang/hbm/Vitis_Accel_Examples/performance/hbm_bandwidth/_x_4cores_gem0011_10.hw.xilinx_u280_xdma_201920_3/link/int --target_bd pfm_dynamic.bd
INFO: [CF2BD 82-31] Launching cf2xd: cf2xd -linux -trace-buffer 1024 -i /home/ziyuanwang/hbm/Vitis_Accel_Examples/performance/hbm_bandwidth/_x_4cores_gem0011_10.hw.xilinx_u280_xdma_201920_3/link/sys_link/cfgraph/cfgen_cfgraph.xml -r /home/ziyuanwang/hbm/Vitis_Accel_Examples/performance/hbm_bandwidth/_x_4cores_gem0011_10.hw.xilinx_u280_xdma_201920_3/link/sys_link/_sysl/.cdb/xd_ip_db.xml -o dr.xml
INFO: [CF2BD 82-28] cf2xd finished successfully
INFO: [CF2BD 82-31] Launching cf_xsd: cf_xsd -disable-address-gen -bd pfm_dynamic.bd -dn dr -dp /home/ziyuanwang/hbm/Vitis_Accel_Examples/performance/hbm_bandwidth/_x_4cores_gem0011_10.hw.xilinx_u280_xdma_201920_3/link/sys_link/_sysl/.xsd
INFO: [CF2BD 82-28] cf_xsd finished successfully
INFO: [SYSTEM_LINK 82-37] [17:06:34] cf2bd finished successfully
Time (s): cpu = 00:00:04 ; elapsed = 00:00:06 . Memory (MB): peak = 2168.234 ; gain = 0.000 ; free physical = 41557 ; free virtual = 489989
INFO: [v++ 60-1441] [17:06:34] Run run_link: Step system_link: Completed
Time (s): cpu = 00:00:19 ; elapsed = 00:01:17 . Memory (MB): peak = 2052.785 ; gain = 0.000 ; free physical = 41595 ; free virtual = 490027
INFO: [v++ 60-1443] [17:06:35] Run run_link: Step cf2sw: Started
INFO: [v++ 60-1453] Command Line: cf2sw -sdsl /home/ziyuanwang/hbm/Vitis_Accel_Examples/performance/hbm_bandwidth/_x_4cores_gem0011_10.hw.xilinx_u280_xdma_201920_3/link/int/sdsl.dat -rtd /home/ziyuanwang/hbm/Vitis_Accel_Examples/performance/hbm_bandwidth/_x_4cores_gem0011_10.hw.xilinx_u280_xdma_201920_3/link/int/cf2sw.rtd -nofilter /home/ziyuanwang/hbm/Vitis_Accel_Examples/performance/hbm_bandwidth/_x_4cores_gem0011_10.hw.xilinx_u280_xdma_201920_3/link/int/cf2sw_full.rtd -xclbin /home/ziyuanwang/hbm/Vitis_Accel_Examples/performance/hbm_bandwidth/_x_4cores_gem0011_10.hw.xilinx_u280_xdma_201920_3/link/int/xclbin_orig.xml -o /home/ziyuanwang/hbm/Vitis_Accel_Examples/performance/hbm_bandwidth/_x_4cores_gem0011_10.hw.xilinx_u280_xdma_201920_3/link/int/xclbin_orig.1.xml
INFO: [v++ 60-1454] Run Directory: /home/ziyuanwang/hbm/Vitis_Accel_Examples/performance/hbm_bandwidth/_x_4cores_gem0011_10.hw.xilinx_u280_xdma_201920_3/link/run_link
INFO: [v++ 60-1441] [17:06:43] Run run_link: Step cf2sw: Completed
Time (s): cpu = 00:00:05 ; elapsed = 00:00:08 . Memory (MB): peak = 2052.785 ; gain = 0.000 ; free physical = 41617 ; free virtual = 490053
INFO: [v++ 60-1443] [17:06:43] Run run_link: Step rtd2_system_diagram: Started
INFO: [v++ 60-1453] Command Line: rtd2SystemDiagram
INFO: [v++ 60-1454] Run Directory: /home/ziyuanwang/hbm/Vitis_Accel_Examples/performance/hbm_bandwidth/_x_4cores_gem0011_10.hw.xilinx_u280_xdma_201920_3/link/run_link
INFO: [v++ 60-1441] [17:06:45] Run run_link: Step rtd2_system_diagram: Completed
Time (s): cpu = 00:00:00 ; elapsed = 00:00:02 . Memory (MB): peak = 2052.785 ; gain = 0.000 ; free physical = 41608 ; free virtual = 490044
INFO: [v++ 60-1443] [17:06:45] Run run_link: Step vpl: Started
INFO: [v++ 60-1453] Command Line: vpl -t hw -f xilinx_u280_xdma_201920_3 --remote_ip_cache /home/ziyuanwang/hbm/Vitis_Accel_Examples/performance/hbm_bandwidth/.ipcache -s --output_dir /home/ziyuanwang/hbm/Vitis_Accel_Examples/performance/hbm_bandwidth/_x_4cores_gem0011_10.hw.xilinx_u280_xdma_201920_3/link/int --log_dir /home/ziyuanwang/hbm/Vitis_Accel_Examples/performance/hbm_bandwidth/_x_4cores_gem0011_10.hw.xilinx_u280_xdma_201920_3/logs/link --report_dir /home/ziyuanwang/hbm/Vitis_Accel_Examples/performance/hbm_bandwidth/_x_4cores_gem0011_10.hw.xilinx_u280_xdma_201920_3/reports/link --config /home/ziyuanwang/hbm/Vitis_Accel_Examples/performance/hbm_bandwidth/_x_4cores_gem0011_10.hw.xilinx_u280_xdma_201920_3/link/int/vplConfig.ini -k /home/ziyuanwang/hbm/Vitis_Accel_Examples/performance/hbm_bandwidth/_x_4cores_gem0011_10.hw.xilinx_u280_xdma_201920_3/link/int/kernel_info.dat --webtalk_flag Vitis --temp_dir /home/ziyuanwang/hbm/Vitis_Accel_Examples/performance/hbm_bandwidth/_x_4cores_gem0011_10.hw.xilinx_u280_xdma_201920_3/link --no-info --iprepo /home/ziyuanwang/hbm/Vitis_Accel_Examples/performance/hbm_bandwidth/_x_4cores_gem0011_10.hw.xilinx_u280_xdma_201920_3/link/int/xo/ip_repo/xilinx_com_hls_krnl_vaddmul_1_0 --messageDb /home/ziyuanwang/hbm/Vitis_Accel_Examples/performance/hbm_bandwidth/_x_4cores_gem0011_10.hw.xilinx_u280_xdma_201920_3/link/run_link/vpl.pb /home/ziyuanwang/hbm/Vitis_Accel_Examples/performance/hbm_bandwidth/_x_4cores_gem0011_10.hw.xilinx_u280_xdma_201920_3/link/int/dr.bd.tcl
INFO: [v++ 60-1454] Run Directory: /home/ziyuanwang/hbm/Vitis_Accel_Examples/performance/hbm_bandwidth/_x_4cores_gem0011_10.hw.xilinx_u280_xdma_201920_3/link/run_link

****** vpl v2021.2 (64-bit)
  **** SW Build 3363252 on 2021-10-14-04:41:01
    ** Copyright 1986-2020 Xilinx, Inc. All Rights Reserved.

INFO: [VPL 60-839] Read in kernel information from file '/home/ziyuanwang/hbm/Vitis_Accel_Examples/performance/hbm_bandwidth/_x_4cores_gem0011_10.hw.xilinx_u280_xdma_201920_3/link/int/kernel_info.dat'.
INFO: [VPL 74-78] Compiler Version string: 2021.2
INFO: [VPL 60-423]   Target device: xilinx_u280_xdma_201920_3
INFO: [VPL 60-1032] Extracting hardware platform to /home/ziyuanwang/hbm/Vitis_Accel_Examples/performance/hbm_bandwidth/_x_4cores_gem0011_10.hw.xilinx_u280_xdma_201920_3/link/vivado/vpl/.local/hw_platform
[17:42:09] Run vpl: Step create_project: Started
Creating Vivado project.
[17:42:51] Run vpl: Step create_project: RUNNING...
[17:42:54] Run vpl: Step create_project: Completed
[17:42:54] Run vpl: Step create_bd: Started
[17:44:20] Run vpl: Step create_bd: RUNNING...
[17:45:48] Run vpl: Step create_bd: RUNNING...
[17:47:18] Run vpl: Step create_bd: RUNNING...
[17:49:53] Run vpl: Step create_bd: RUNNING...
[17:51:15] Run vpl: Step create_bd: RUNNING...
[17:52:48] Run vpl: Step create_bd: RUNNING...
[17:54:11] Run vpl: Step create_bd: RUNNING...
[17:55:43] Run vpl: Step create_bd: RUNNING...
[17:57:51] Run vpl: Step create_bd: RUNNING...
[18:00:03] Run vpl: Step create_bd: RUNNING...
[18:01:43] Run vpl: Step create_bd: RUNNING...
[18:03:28] Run vpl: Step create_bd: RUNNING...
[18:08:10] Run vpl: Step create_bd: RUNNING...
[18:11:50] Run vpl: Step create_bd: RUNNING...
[18:13:41] Run vpl: Step create_bd: RUNNING...
[18:15:21] Run vpl: Step create_bd: RUNNING...
[18:17:27] Run vpl: Step create_bd: RUNNING...
[18:19:10] Run vpl: Step create_bd: RUNNING...
[18:20:37] Run vpl: Step create_bd: RUNNING...
[18:23:29] Run vpl: Step create_bd: RUNNING...
[18:25:00] Run vpl: Step create_bd: RUNNING...
[18:26:28] Run vpl: Step create_bd: RUNNING...
[18:27:59] Run vpl: Step create_bd: RUNNING...
[18:30:14] Run vpl: Step create_bd: RUNNING...
[18:31:44] Run vpl: Step create_bd: RUNNING...
[18:33:11] Run vpl: Step create_bd: Completed
[18:33:12] Run vpl: Step update_bd: Started
[18:33:25] Run vpl: Step update_bd: Completed
[18:33:25] Run vpl: Step generate_target: Started
[18:35:13] Run vpl: Step generate_target: RUNNING...
[18:36:58] Run vpl: Step generate_target: RUNNING...
[18:38:25] Run vpl: Step generate_target: RUNNING...
[18:40:00] Run vpl: Step generate_target: RUNNING...
[18:41:18] Run vpl: Step generate_target: RUNNING...
[18:43:23] Run vpl: Step generate_target: RUNNING...
[18:44:54] Run vpl: Step generate_target: RUNNING...
[18:45:39] Run vpl: Step generate_target: Completed
[18:45:39] Run vpl: Step config_hw_runs: Started
[18:47:30] Run vpl: Step config_hw_runs: RUNNING...
[18:48:29] Run vpl: Step config_hw_runs: Completed
[18:48:29] Run vpl: Step synth: Started
[18:51:23] Block-level synthesis in progress, 0 of 13 jobs complete, 8 jobs running.
[18:52:27] Block-level synthesis in progress, 0 of 13 jobs complete, 8 jobs running.
[18:53:07] Block-level synthesis in progress, 0 of 13 jobs complete, 8 jobs running.
[18:54:30] Block-level synthesis in progress, 0 of 13 jobs complete, 8 jobs running.
[18:55:21] Block-level synthesis in progress, 0 of 13 jobs complete, 8 jobs running.
[18:56:03] Block-level synthesis in progress, 0 of 13 jobs complete, 8 jobs running.
[18:56:38] Block-level synthesis in progress, 0 of 13 jobs complete, 8 jobs running.
[18:57:27] Block-level synthesis in progress, 0 of 13 jobs complete, 8 jobs running.
[18:58:09] Block-level synthesis in progress, 0 of 13 jobs complete, 8 jobs running.
[18:58:49] Block-level synthesis in progress, 0 of 13 jobs complete, 8 jobs running.
[18:59:24] Block-level synthesis in progress, 0 of 13 jobs complete, 8 jobs running.
[18:59:58] Block-level synthesis in progress, 8 of 13 jobs complete, 0 jobs running.
[19:00:29] Block-level synthesis in progress, 8 of 13 jobs complete, 2 jobs running.
[19:01:07] Block-level synthesis in progress, 8 of 13 jobs complete, 2 jobs running.
[19:02:11] Block-level synthesis in progress, 8 of 13 jobs complete, 2 jobs running.
[19:03:18] Block-level synthesis in progress, 8 of 13 jobs complete, 2 jobs running.
[19:03:51] Block-level synthesis in progress, 9 of 13 jobs complete, 1 job running.
[19:04:35] Block-level synthesis in progress, 9 of 13 jobs complete, 1 job running.
[19:05:12] Block-level synthesis in progress, 9 of 13 jobs complete, 1 job running.
[19:06:18] Block-level synthesis in progress, 9 of 13 jobs complete, 1 job running.
[19:06:52] Block-level synthesis in progress, 9 of 13 jobs complete, 1 job running.
[19:07:24] Block-level synthesis in progress, 10 of 13 jobs complete, 0 jobs running.
[19:08:00] Block-level synthesis in progress, 10 of 13 jobs complete, 3 jobs running.
[19:08:40] Block-level synthesis in progress, 13 of 13 jobs complete, 0 jobs running.
[19:09:13] Top-level synthesis in progress.
[19:09:51] Top-level synthesis in progress.
[19:10:22] Top-level synthesis in progress.
[19:10:57] Top-level synthesis in progress.
[19:11:31] Top-level synthesis in progress.
[19:12:05] Top-level synthesis in progress.
[19:12:49] Run vpl: Step synth: Completed
[19:12:49] Run vpl: Step impl: Started
[19:22:38] Finished 2nd of 6 tasks (FPGA linking synthesized kernels to platform). Elapsed time: 02h 15m 48s 

[19:22:38] Starting logic optimization..
[19:24:12] Phase 1 Retarget
[19:24:12] Phase 2 Constant propagation
[19:24:48] Phase 3 Sweep
[19:24:48] Phase 4 BUFG optimization
[19:25:21] Phase 5 Shift Register Optimization
[19:25:21] Phase 6 Post Processing Netlist
[19:27:56] Finished 3rd of 6 tasks (FPGA logic optimization). Elapsed time: 00h 05m 18s 

[19:27:56] Starting logic placement..
[19:28:37] Phase 1 Placer Initialization
[19:28:37] Phase 1.1 Placer Initialization Netlist Sorting
[19:32:42] Phase 1.2 IO Placement/ Clock Placement/ Build Placer Device
[19:33:24] Phase 1.3 Build Placer Netlist Model
[19:35:33] Phase 1.4 Constrain Clocks/Macros
[19:35:33] Phase 2 Global Placement
[19:35:33] Phase 2.1 Floorplanning
[19:36:36] Phase 2.1.1 Partition Driven Placement
[19:36:36] Phase 2.1.1.1 PBP: Partition Driven Placement
[19:37:08] Phase 2.1.1.2 PBP: Clock Region Placement
[19:37:42] Phase 2.1.1.3 PBP: Compute Congestion
[19:38:27] Phase 2.1.1.4 PBP: UpdateTiming
[19:38:27] Phase 2.1.1.5 PBP: Add part constraints
[19:38:27] Phase 2.2 Physical Synthesis After Floorplan
[19:38:59] Phase 2.3 Update Timing before SLR Path Opt
[19:38:59] Phase 2.4 Post-Processing in Floorplanning
[19:38:59] Phase 2.5 Global Placement Core
[19:48:08] Phase 2.5.1 Physical Synthesis In Placer
[19:51:07] Phase 3 Detail Placement
[19:51:07] Phase 3.1 Commit Multi Column Macros
[19:51:07] Phase 3.2 Commit Most Macros & LUTRAMs
[19:52:24] Phase 3.3 Small Shape DP
[19:52:24] Phase 3.3.1 Small Shape Clustering
[19:52:24] Phase 3.3.2 Flow Legalize Slice Clusters
[19:52:24] Phase 3.3.3 Slice Area Swap
[19:53:20] Phase 3.4 Place Remaining
[19:53:20] Phase 3.5 Re-assign LUT pins
[19:53:53] Phase 3.6 Pipeline Register Optimization
[19:53:53] Phase 3.7 Fast Optimization
[19:54:57] Phase 4 Post Placement Optimization and Clean-Up
[19:54:57] Phase 4.1 Post Commit Optimization
[19:56:43] Phase 4.1.1 Post Placement Optimization
[19:56:43] Phase 4.1.1.1 BUFG Insertion
[19:56:43] Phase 1 Physical Synthesis Initialization
[19:57:23] Phase 4.1.1.2 BUFG Replication
[19:57:23] Phase 4.1.1.3 Post Placement Timing Optimization
[20:02:52] Phase 4.1.1.4 Replication
[20:04:07] Phase 4.2 Post Placement Cleanup
[20:04:07] Phase 4.3 Placer Reporting
[20:04:07] Phase 4.3.1 Print Estimated Congestion
[20:04:07] Phase 4.4 Final Placement Cleanup
[20:07:48] Finished 4th of 6 tasks (FPGA logic placement). Elapsed time: 00h 39m 52s 

[20:07:48] Starting logic routing..
[20:08:21] Phase 1 Build RT Design
[20:10:54] Phase 2 Router Initialization
[20:10:54] Phase 2.1 Fix Topology Constraints
[20:10:54] Phase 2.2 Pre Route Cleanup
[20:10:54] Phase 2.3 Global Clock Net Routing
[20:11:30] Phase 2.4 Update Timing
[20:13:50] Phase 2.5 Update Timing for Bus Skew
[20:13:50] Phase 2.5.1 Update Timing
[20:15:02] Phase 3 Initial Routing
[20:15:02] Phase 3.1 Global Routing
[20:16:43] Phase 4 Rip-up And Reroute
[20:16:43] Phase 4.1 Global Iteration 0
[20:25:39] Phase 4.2 Global Iteration 1
[20:27:03] Phase 4.3 Global Iteration 2
[20:28:11] Phase 5 Delay and Skew Optimization
[20:28:11] Phase 5.1 Delay CleanUp
[20:28:11] Phase 5.1.1 Update Timing
[20:30:01] Phase 5.2 Clock Skew Optimization
[20:30:01] Phase 6 Post Hold Fix
[20:30:01] Phase 6.1 Hold Fix Iter
[20:30:01] Phase 6.1.1 Update Timing
[20:31:24] Phase 6.1.2 Lut RouteThru Assignment for hold
[20:31:24] Phase 6.2 Additional Hold Fix
[20:32:39] Phase 7 Leaf Clock Prog Delay Opt
[20:34:18] Phase 8 Route finalize
[20:34:18] Phase 9 Verifying routed nets
[20:34:18] Phase 10 Depositing Routes
[20:34:50] Phase 11 Resolve XTalk
[20:34:50] Phase 12 Post Router Timing
[20:35:23] Finished 5th of 6 tasks (FPGA routing). Elapsed time: 00h 27m 34s 

[20:35:23] Starting bitstream generation..
[20:46:53] Creating bitmap...
[20:55:31] Writing bitstream ./pfm_top_i_dynamic_region_my_rm_partial.bit...
[20:55:31] Finished 6th of 6 tasks (FPGA bitstream generation). Elapsed time: 00h 20m 08s 
[20:55:46] Run vpl: Step impl: Completed
[20:55:49] Run vpl: FINISHED. Run Status: impl Complete!
INFO: [v++ 60-1441] [20:56:00] Run run_link: Step vpl: Completed
Time (s): cpu = 00:01:13 ; elapsed = 03:49:15 . Memory (MB): peak = 2052.785 ; gain = 0.000 ; free physical = 19892 ; free virtual = 448627
INFO: [v++ 60-1443] [20:56:00] Run run_link: Step rtdgen: Started
INFO: [v++ 60-1453] Command Line: rtdgen
INFO: [v++ 60-1454] Run Directory: /home/ziyuanwang/hbm/Vitis_Accel_Examples/performance/hbm_bandwidth/_x_4cores_gem0011_10.hw.xilinx_u280_xdma_201920_3/link/run_link
INFO: [v++ 60-991] clock name 'clkwiz_kernel_clk_out1' (clock ID '0') is being mapped to clock name 'DATA_CLK' in the xclbin
INFO: [v++ 60-991] clock name 'clkwiz_kernel2_clk_out1' (clock ID '1') is being mapped to clock name 'KERNEL_CLK' in the xclbin
INFO: [v++ 60-991] clock name 'clk_out1_pfm_top_clkwiz_hbm_aclk_0' (clock ID '') is being mapped to clock name 'clk_out1_pfm_top_clkwiz_hbm_aclk_0' in the xclbin
INFO: [v++ 60-1230] The compiler selected the following frequencies for the runtime controllable kernel clock(s) and scalable system clock(s): System (SYSTEM) clock: clk_out1_pfm_top_clkwiz_hbm_aclk_0 = 450, Kernel (DATA) clock: clkwiz_kernel_clk_out1 = 300, Kernel (KERNEL) clock: clkwiz_kernel2_clk_out1 = 500
INFO: [v++ 60-1453] Command Line: cf2sw -a /home/ziyuanwang/hbm/Vitis_Accel_Examples/performance/hbm_bandwidth/_x_4cores_gem0011_10.hw.xilinx_u280_xdma_201920_3/link/int/address_map.xml -sdsl /home/ziyuanwang/hbm/Vitis_Accel_Examples/performance/hbm_bandwidth/_x_4cores_gem0011_10.hw.xilinx_u280_xdma_201920_3/link/int/sdsl.dat -xclbin /home/ziyuanwang/hbm/Vitis_Accel_Examples/performance/hbm_bandwidth/_x_4cores_gem0011_10.hw.xilinx_u280_xdma_201920_3/link/int/xclbin_orig.xml -rtd /home/ziyuanwang/hbm/Vitis_Accel_Examples/performance/hbm_bandwidth/_x_4cores_gem0011_10.hw.xilinx_u280_xdma_201920_3/link/int/krnl_vaddmul.link.rtd -o /home/ziyuanwang/hbm/Vitis_Accel_Examples/performance/hbm_bandwidth/_x_4cores_gem0011_10.hw.xilinx_u280_xdma_201920_3/link/int/krnl_vaddmul.link.xml
INFO: [v++ 60-1652] Cf2sw returned exit code: 0
INFO: [v++ 60-1441] [20:56:11] Run run_link: Step rtdgen: Completed
Time (s): cpu = 00:00:05 ; elapsed = 00:00:10 . Memory (MB): peak = 2052.785 ; gain = 0.000 ; free physical = 19603 ; free virtual = 448339
INFO: [v++ 60-1443] [20:56:12] Run run_link: Step xclbinutil: Started
INFO: [v++ 60-1453] Command Line: xclbinutil --add-section DEBUG_IP_LAYOUT:JSON:/home/ziyuanwang/hbm/Vitis_Accel_Examples/performance/hbm_bandwidth/_x_4cores_gem0011_10.hw.xilinx_u280_xdma_201920_3/link/int/debug_ip_layout.rtd --add-section BITSTREAM:RAW:/home/ziyuanwang/hbm/Vitis_Accel_Examples/performance/hbm_bandwidth/_x_4cores_gem0011_10.hw.xilinx_u280_xdma_201920_3/link/int/partial.bit --force --target hw --key-value SYS:dfx_enable:true --add-section :JSON:/home/ziyuanwang/hbm/Vitis_Accel_Examples/performance/hbm_bandwidth/_x_4cores_gem0011_10.hw.xilinx_u280_xdma_201920_3/link/int/krnl_vaddmul.link.rtd --append-section :JSON:/home/ziyuanwang/hbm/Vitis_Accel_Examples/performance/hbm_bandwidth/_x_4cores_gem0011_10.hw.xilinx_u280_xdma_201920_3/link/int/appendSection.rtd --add-section CLOCK_FREQ_TOPOLOGY:JSON:/home/ziyuanwang/hbm/Vitis_Accel_Examples/performance/hbm_bandwidth/_x_4cores_gem0011_10.hw.xilinx_u280_xdma_201920_3/link/int/krnl_vaddmul.link_xml.rtd --add-section BUILD_METADATA:JSON:/home/ziyuanwang/hbm/Vitis_Accel_Examples/performance/hbm_bandwidth/_x_4cores_gem0011_10.hw.xilinx_u280_xdma_201920_3/link/int/krnl_vaddmul.link_build.rtd --add-section EMBEDDED_METADATA:RAW:/home/ziyuanwang/hbm/Vitis_Accel_Examples/performance/hbm_bandwidth/_x_4cores_gem0011_10.hw.xilinx_u280_xdma_201920_3/link/int/krnl_vaddmul.link.xml --add-section SYSTEM_METADATA:RAW:/home/ziyuanwang/hbm/Vitis_Accel_Examples/performance/hbm_bandwidth/_x_4cores_gem0011_10.hw.xilinx_u280_xdma_201920_3/link/int/systemDiagramModelSlrBaseAddress.json --output /home/ziyuanwang/hbm/Vitis_Accel_Examples/performance/hbm_bandwidth/./build_dir_4cores_gem0011_10.hw.xilinx_u280_xdma_201920_3/krnl_vaddmul.link.xclbin
INFO: [v++ 60-1454] Run Directory: /home/ziyuanwang/hbm/Vitis_Accel_Examples/performance/hbm_bandwidth/_x_4cores_gem0011_10.hw.xilinx_u280_xdma_201920_3/link/run_link
XRT Build Version: 2.14.354 (2022.2)
       Build Date: 2022-10-08 09:49:58
          Hash ID: 43926231f7183688add2dccfd391b36a1f000bea
Creating a default 'in-memory' xclbin image.

Section: 'DEBUG_IP_LAYOUT'(9) was successfully added.
Size   : 296 bytes
Format : JSON
File   : '/home/ziyuanwang/hbm/Vitis_Accel_Examples/performance/hbm_bandwidth/_x_4cores_gem0011_10.hw.xilinx_u280_xdma_201920_3/link/int/debug_ip_layout.rtd'

Section: 'BITSTREAM'(0) was successfully added.
Size   : 45111107 bytes
Format : RAW
File   : '/home/ziyuanwang/hbm/Vitis_Accel_Examples/performance/hbm_bandwidth/_x_4cores_gem0011_10.hw.xilinx_u280_xdma_201920_3/link/int/partial.bit'

Section: 'MEM_TOPOLOGY'(6) was successfully added.
Format : JSON
File   : 'mem_topology'

Section: 'IP_LAYOUT'(8) was successfully added.
Format : JSON
File   : 'ip_layout'

Section: 'CONNECTIVITY'(7) was successfully added.
Format : JSON
File   : 'connectivity'

Section: 'CLOCK_FREQ_TOPOLOGY'(11) was successfully added.
Size   : 410 bytes
Format : JSON
File   : '/home/ziyuanwang/hbm/Vitis_Accel_Examples/performance/hbm_bandwidth/_x_4cores_gem0011_10.hw.xilinx_u280_xdma_201920_3/link/int/krnl_vaddmul.link_xml.rtd'

Section: 'BUILD_METADATA'(14) was successfully added.
Size   : 4238 bytes
Format : JSON
File   : '/home/ziyuanwang/hbm/Vitis_Accel_Examples/performance/hbm_bandwidth/_x_4cores_gem0011_10.hw.xilinx_u280_xdma_201920_3/link/int/krnl_vaddmul.link_build.rtd'

Section: 'EMBEDDED_METADATA'(2) was successfully added.
Size   : 6932 bytes
Format : RAW
File   : '/home/ziyuanwang/hbm/Vitis_Accel_Examples/performance/hbm_bandwidth/_x_4cores_gem0011_10.hw.xilinx_u280_xdma_201920_3/link/int/krnl_vaddmul.link.xml'

Section: 'SYSTEM_METADATA'(22) was successfully added.
Size   : 23474 bytes
Format : RAW
File   : '/home/ziyuanwang/hbm/Vitis_Accel_Examples/performance/hbm_bandwidth/_x_4cores_gem0011_10.hw.xilinx_u280_xdma_201920_3/link/int/systemDiagramModelSlrBaseAddress.json'

Section: 'IP_LAYOUT'(8) was successfully appended to.
Format : JSON
File   : 'ip_layout'
Successfully wrote (45176820 bytes) to the output file: /home/ziyuanwang/hbm/Vitis_Accel_Examples/performance/hbm_bandwidth/./build_dir_4cores_gem0011_10.hw.xilinx_u280_xdma_201920_3/krnl_vaddmul.link.xclbin
Leaving xclbinutil.
INFO: [v++ 60-1441] [20:56:17] Run run_link: Step xclbinutil: Completed
Time (s): cpu = 00:00:00.13 ; elapsed = 00:00:05 . Memory (MB): peak = 2052.785 ; gain = 0.000 ; free physical = 19471 ; free virtual = 448250
INFO: [v++ 60-1443] [20:56:17] Run run_link: Step xclbinutilinfo: Started
INFO: [v++ 60-1453] Command Line: xclbinutil --quiet --force --info /home/ziyuanwang/hbm/Vitis_Accel_Examples/performance/hbm_bandwidth/./build_dir_4cores_gem0011_10.hw.xilinx_u280_xdma_201920_3/krnl_vaddmul.link.xclbin.info --input /home/ziyuanwang/hbm/Vitis_Accel_Examples/performance/hbm_bandwidth/./build_dir_4cores_gem0011_10.hw.xilinx_u280_xdma_201920_3/krnl_vaddmul.link.xclbin
INFO: [v++ 60-1454] Run Directory: /home/ziyuanwang/hbm/Vitis_Accel_Examples/performance/hbm_bandwidth/_x_4cores_gem0011_10.hw.xilinx_u280_xdma_201920_3/link/run_link
INFO: [v++ 60-1441] [20:56:18] Run run_link: Step xclbinutilinfo: Completed
Time (s): cpu = 00:00:00.57 ; elapsed = 00:00:01 . Memory (MB): peak = 2052.785 ; gain = 0.000 ; free physical = 19426 ; free virtual = 448205
INFO: [v++ 60-1443] [20:56:18] Run run_link: Step generate_sc_driver: Started
INFO: [v++ 60-1453] Command Line: 
INFO: [v++ 60-1454] Run Directory: /home/ziyuanwang/hbm/Vitis_Accel_Examples/performance/hbm_bandwidth/_x_4cores_gem0011_10.hw.xilinx_u280_xdma_201920_3/link/run_link
INFO: [v++ 60-1441] [20:56:19] Run run_link: Step generate_sc_driver: Completed
Time (s): cpu = 00:00:00 ; elapsed = 00:00:00.77 . Memory (MB): peak = 2052.785 ; gain = 0.000 ; free physical = 19411 ; free virtual = 448189
INFO: [v++ 60-244] Generating system estimate report...
INFO: [v++ 60-1092] Generated system estimate report: /home/ziyuanwang/hbm/Vitis_Accel_Examples/performance/hbm_bandwidth/_x_4cores_gem0011_10.hw.xilinx_u280_xdma_201920_3/reports/link/system_estimate_krnl_vaddmul.link.xtxt
INFO: [v++ 60-586] Created /home/ziyuanwang/hbm/Vitis_Accel_Examples/performance/hbm_bandwidth/build_dir_4cores_gem0011_10.hw.xilinx_u280_xdma_201920_3/krnl_vaddmul.link.ltx
INFO: [v++ 60-586] Created ./build_dir_4cores_gem0011_10.hw.xilinx_u280_xdma_201920_3/krnl_vaddmul.link.xclbin
INFO: [v++ 60-1307] Run completed. Additional information can be found in:
	Guidance: /home/ziyuanwang/hbm/Vitis_Accel_Examples/performance/hbm_bandwidth/_x_4cores_gem0011_10.hw.xilinx_u280_xdma_201920_3/reports/link/v++_link_krnl_vaddmul.link_guidance.html
	Timing Report: /home/ziyuanwang/hbm/Vitis_Accel_Examples/performance/hbm_bandwidth/_x_4cores_gem0011_10.hw.xilinx_u280_xdma_201920_3/reports/link/imp/impl_1_xilinx_u280_xdma_201920_3_bb_locked_timing_summary_routed.rpt
	Vivado Log: /home/ziyuanwang/hbm/Vitis_Accel_Examples/performance/hbm_bandwidth/_x_4cores_gem0011_10.hw.xilinx_u280_xdma_201920_3/logs/link/vivado.log
	Steps Log File: /home/ziyuanwang/hbm/Vitis_Accel_Examples/performance/hbm_bandwidth/_x_4cores_gem0011_10.hw.xilinx_u280_xdma_201920_3/logs/link/link.steps.log

INFO: [v++ 60-2343] Use the vitis_analyzer tool to visualize and navigate the relevant reports. Run the following command. 
    vitis_analyzer /home/ziyuanwang/hbm/Vitis_Accel_Examples/performance/hbm_bandwidth/build_dir_4cores_gem0011_10.hw.xilinx_u280_xdma_201920_3/krnl_vaddmul.link.xclbin.link_summary 
INFO: [v++ 60-791] Total elapsed time: 3h 51m 55s
