Copyright 1986-2021 Xilinx, Inc. All Rights Reserved.
------------------------------------------------------------------------------------------
| Tool Version : Vivado v.2021.2 (lin64) Build 3367213 Tue Oct 19 02:47:39 MDT 2021
| Date         : Fri Nov  1 13:18:58 2024
| Host         : hacc-gpu0 running 64-bit Ubuntu 20.04.6 LTS
| Command      : report_utilization -slr -file slr_util_routed.rpt -pb slr_util_routed.pb
| Design       : pfm_top_wrapper
| Device       : xcu280-fsvh2892-2L-e
| Speed File   : -2L
| Design State : Routed
------------------------------------------------------------------------------------------

Utilization Design Information

Table of Contents
-----------------
1. SLR Connectivity
2. SLR Connectivity Matrix
3. SLR CLB Logic and Dedicated Block Utilization
4. SLR IO Utilization

1. SLR Connectivity
-------------------

+----------------------------------+-------+-------+-----------+-------+
|                                  |  Used | Fixed | Available | Util% |
+----------------------------------+-------+-------+-----------+-------+
| SLR2 <-> SLR1                    |  7063 |       |     23040 | 30.66 |
|   SLR1 -> SLR2                   |  3502 |       |           | 15.20 |
|     Using TX_REG only            |   529 |     1 |           |       |
|     Using RX_REG only            |   546 |    18 |           |       |
|     Using Both TX_REG and RX_REG |   529 |     1 |           |       |
|   SLR2 -> SLR1                   |  3561 |       |           | 15.46 |
|     Using TX_REG only            |   681 |     0 |           |       |
|     Using RX_REG only            |   687 |     4 |           |       |
|     Using Both TX_REG and RX_REG |   681 |     0 |           |       |
| SLR1 <-> SLR0                    | 13116 |       |     23040 | 56.93 |
|   SLR0 -> SLR1                   |  5862 |       |           | 25.44 |
|     Using TX_REG only            |   599 |    71 |           |       |
|     Using RX_REG only            |   589 |    61 |           |       |
|     Using Both TX_REG and RX_REG |   583 |    55 |           |       |
|   SLR1 -> SLR0                   |  7254 |       |           | 31.48 |
|     Using TX_REG only            |   743 |    62 |           |       |
|     Using RX_REG only            |   753 |    71 |           |       |
|     Using Both TX_REG and RX_REG |   741 |    60 |           |       |
+----------------------------------+-------+-------+-----------+-------+
| Total SLLs Used                  | 20179 |       |           |       |
+----------------------------------+-------+-------+-----------+-------+


2. SLR Connectivity Matrix
--------------------------

+-----------+------+------+------+
| FROM \ TO | SLR2 | SLR1 | SLR0 |
+-----------+------+------+------+
| SLR2      |    0 | 2065 | 1496 |
| SLR1      | 2300 |    0 | 5758 |
| SLR0      | 1202 | 4660 |    0 |
+-----------+------+------+------+


3. SLR CLB Logic and Dedicated Block Utilization
------------------------------------------------

+----------------------------+--------+--------+--------+--------+--------+--------+
|          Site Type         |  SLR0  |  SLR1  |  SLR2  | SLR0 % | SLR1 % | SLR2 % |
+----------------------------+--------+--------+--------+--------+--------+--------+
| CLB                        |  53893 |  43276 |  20789 |  98.06 |  80.14 |  38.50 |
|   CLBL                     |  28743 |  23010 |  10843 |  98.17 |  78.59 |  37.03 |
|   CLBM                     |  25150 |  20266 |   9946 |  97.94 |  81.98 |  40.23 |
| CLB LUTs                   | 309033 | 220184 |  91281 |  70.29 |  50.97 |  21.13 |
|   LUT as Logic             | 273053 | 206393 |  85144 |  62.10 |  47.78 |  19.71 |
|     using O5 output only   |   2414 |    472 |   1016 |   0.55 |   0.11 |   0.24 |
|     using O6 output only   | 182325 | 145178 |  55798 |  41.47 |  33.61 |  12.92 |
|     using O5 and O6        |  88314 |  60743 |  28330 |  20.09 |  14.06 |   6.56 |
|   LUT as Memory            |  35980 |  13791 |   6137 |  17.51 |   6.97 |   3.10 |
|     LUT as Distributed RAM |  20056 |   3837 |    936 |   9.76 |   1.94 |   0.47 |
|       using O5 output only |      0 |      0 |      0 |   0.00 |   0.00 |   0.00 |
|       using O6 output only |     84 |    215 |     80 |   0.04 |   0.11 |   0.04 |
|       using O5 and O6      |  19972 |   3622 |    856 |   9.72 |   1.83 |   0.43 |
|     LUT as Shift Register  |  15924 |   9954 |   5201 |   7.75 |   5.03 |   2.63 |
|       using O5 output only |      0 |      0 |      0 |   0.00 |   0.00 |   0.00 |
|       using O6 output only |  12626 |   8130 |   4463 |   6.15 |   4.11 |   2.26 |
|       using O5 and O6      |   3298 |   1824 |    738 |   1.61 |   0.92 |   0.37 |
| CLB Registers              | 471808 | 294243 | 142412 |  53.65 |  34.06 |  16.48 |
| CARRY8                     |  20053 |  14950 |   5121 |  36.49 |  27.69 |   9.48 |
| F7 Muxes                   |   2170 |   1738 |   1677 |   0.99 |   0.80 |   0.78 |
| F8 Muxes                   |     16 |    141 |     47 |   0.01 |   0.13 |   0.04 |
| F9 Muxes                   |      0 |      0 |      0 |   0.00 |   0.00 |   0.00 |
| Block RAM Tile             |  149.5 |  177.5 |    125 |  22.25 |  26.41 |  18.60 |
|   RAMB36/FIFO              |    144 |    174 |    122 |  21.43 |  25.89 |  18.15 |
|     RAMB36E2 only          |    144 |    174 |    122 |  21.43 |  25.89 |  18.15 |
|   RAMB18                   |     11 |      7 |      6 |   0.82 |   0.52 |   0.45 |
|     RAMB18E2 only          |     11 |      7 |      6 |   0.82 |   0.52 |   0.45 |
| URAM                       |      0 |      0 |      0 |   0.00 |   0.00 |   0.00 |
| DSPs                       |     16 |     12 |      8 |   0.56 |   0.39 |   0.26 |
| Unique Control Sets        |   6321 |   2748 |   3048 |   5.75 |   2.54 |   2.82 |
+----------------------------+--------+--------+--------+--------+--------+--------+
* Note: Available Control Sets based on CLB Registers / 8


4. SLR IO Utilization
---------------------

+-----------+-----------+---------+------------+----------+------------+----------+-----+
| SLR Index | Used IOBs | (%)IOBs | Used IPADs | (%)IPADs | Used OPADs | (%)OPADs | GTs |
+-----------+-----------+---------+------------+----------+------------+----------+-----+
| SLR2      |        18 |    8.65 |          0 |     0.00 |          0 |     0.00 |   0 |
| SLR1      |         0 |    0.00 |          0 |     0.00 |          0 |     0.00 |   0 |
| SLR0      |         1 |    0.48 |          0 |     0.00 |          0 |     0.00 |  16 |
+-----------+-----------+---------+------------+----------+------------+----------+-----+
| Total     |        19 |         |          0 |          |          0 |          |  16 |
+-----------+-----------+---------+------------+----------+------------+----------+-----+


