INFO: [v++ 60-1306] Additional information associated with this v++ link can be found at:
	Reports: /home/ziyuanwang/hbm/Vitis_Accel_Examples/performance/hbm_bandwidth_pseudo_random/_x_3core_floataddmin_9.hw.xilinx_u280_xdma_201920_3/reports/link
	Log files: /home/ziyuanwang/hbm/Vitis_Accel_Examples/performance/hbm_bandwidth_pseudo_random/_x_3core_floataddmin_9.hw.xilinx_u280_xdma_201920_3/logs/link
INFO: [v++ 60-1548] Creating build summary session with primary output /home/ziyuanwang/hbm/Vitis_Accel_Examples/performance/hbm_bandwidth_pseudo_random/build_dir_3core_floataddmin_9.hw.xilinx_u280_xdma_201920_3/krnl_vaddmul.link.xclbin.link_summary, at Wed Nov  6 17:28:40 2024
INFO: [v++ 60-1316] Initiating connection to rulecheck server, at Wed Nov  6 17:28:40 2024
INFO: [v++ 60-1315] Creating rulecheck session with output '/home/ziyuanwang/hbm/Vitis_Accel_Examples/performance/hbm_bandwidth_pseudo_random/_x_3core_floataddmin_9.hw.xilinx_u280_xdma_201920_3/reports/link/v++_link_krnl_vaddmul.link_guidance.html', at Wed Nov  6 17:28:42 2024
INFO: [v++ 60-895]   Target platform: /opt/xilinx/platforms/xilinx_u280_xdma_201920_3/xilinx_u280_xdma_201920_3.xpfm
INFO: [v++ 60-1578]   This platform contains Xilinx Shell Archive '/opt/xilinx/platforms/xilinx_u280_xdma_201920_3/hw/xilinx_u280_xdma_201920_3.xsa'
INFO: [v++ 74-78] Compiler Version string: 2021.2
INFO: [v++ 60-1302] Platform 'xilinx_u280_xdma_201920_3.xpfm' has been explicitly enabled for this release.
INFO: [v++ 60-629] Linking for hardware target
INFO: [v++ 60-423]   Target device: xilinx_u280_xdma_201920_3
INFO: [v++ 60-1332] Run 'run_link' status: Not started
INFO: [v++ 60-1443] [17:29:09] Run run_link: Step system_link: Started
INFO: [v++ 60-1453] Command Line: system_link --xo /home/ziyuanwang/hbm/Vitis_Accel_Examples/performance/hbm_bandwidth_pseudo_random/_x_3core_floataddmin_9.hw.xilinx_u280_xdma_201920_3/krnl_vaddmul.xo -keep --config /home/ziyuanwang/hbm/Vitis_Accel_Examples/performance/hbm_bandwidth_pseudo_random/_x_3core_floataddmin_9.hw.xilinx_u280_xdma_201920_3/link/int/syslinkConfig.ini --xpfm /opt/xilinx/platforms/xilinx_u280_xdma_201920_3/xilinx_u280_xdma_201920_3.xpfm --target hw --output_dir /home/ziyuanwang/hbm/Vitis_Accel_Examples/performance/hbm_bandwidth_pseudo_random/_x_3core_floataddmin_9.hw.xilinx_u280_xdma_201920_3/link/int --temp_dir /home/ziyuanwang/hbm/Vitis_Accel_Examples/performance/hbm_bandwidth_pseudo_random/_x_3core_floataddmin_9.hw.xilinx_u280_xdma_201920_3/link/sys_link
INFO: [v++ 60-1454] Run Directory: /home/ziyuanwang/hbm/Vitis_Accel_Examples/performance/hbm_bandwidth_pseudo_random/_x_3core_floataddmin_9.hw.xilinx_u280_xdma_201920_3/link/run_link
INFO: [SYSTEM_LINK 60-1316] Initiating connection to rulecheck server, at Wed Nov  6 17:29:13 2024
INFO: [SYSTEM_LINK 82-70] Extracting xo v3 file /home/ziyuanwang/hbm/Vitis_Accel_Examples/performance/hbm_bandwidth_pseudo_random/_x_3core_floataddmin_9.hw.xilinx_u280_xdma_201920_3/krnl_vaddmul.xo
INFO: [SYSTEM_LINK 82-53] Creating IP database /home/ziyuanwang/hbm/Vitis_Accel_Examples/performance/hbm_bandwidth_pseudo_random/_x_3core_floataddmin_9.hw.xilinx_u280_xdma_201920_3/link/sys_link/_sysl/.cdb/xd_ip_db.xml
INFO: [SYSTEM_LINK 82-38] [17:29:46] build_xd_ip_db started: /tools/Xilinx/Vitis/2021.2/bin/build_xd_ip_db -ip_search 0  -sds-pf /home/ziyuanwang/hbm/Vitis_Accel_Examples/performance/hbm_bandwidth_pseudo_random/_x_3core_floataddmin_9.hw.xilinx_u280_xdma_201920_3/link/sys_link/xilinx_u280_xdma_201920_3.hpfm -clkid 0 -ip /home/ziyuanwang/hbm/Vitis_Accel_Examples/performance/hbm_bandwidth_pseudo_random/_x_3core_floataddmin_9.hw.xilinx_u280_xdma_201920_3/link/sys_link/iprepo/xilinx_com_hls_krnl_vaddmul_1_0,krnl_vaddmul -o /home/ziyuanwang/hbm/Vitis_Accel_Examples/performance/hbm_bandwidth_pseudo_random/_x_3core_floataddmin_9.hw.xilinx_u280_xdma_201920_3/link/sys_link/_sysl/.cdb/xd_ip_db.xml
INFO: [SYSTEM_LINK 82-37] [17:30:00] build_xd_ip_db finished successfully
Time (s): cpu = 00:00:04 ; elapsed = 00:00:13 . Memory (MB): peak = 2167.246 ; gain = 0.000 ; free physical = 19365 ; free virtual = 494963
INFO: [SYSTEM_LINK 82-51] Create system connectivity graph
INFO: [SYSTEM_LINK 82-102] Applying explicit connections to the system connectivity graph: /home/ziyuanwang/hbm/Vitis_Accel_Examples/performance/hbm_bandwidth_pseudo_random/_x_3core_floataddmin_9.hw.xilinx_u280_xdma_201920_3/link/sys_link/cfgraph/cfgen_cfgraph.xml
INFO: [SYSTEM_LINK 82-38] [17:30:00] cfgen started: /tools/Xilinx/Vitis/2021.2/bin/cfgen  -nk krnl_vaddmul:3 -sp krnl_vaddmul_1.in1:HBM[0] -sp krnl_vaddmul_1.in2:HBM[1] -sp krnl_vaddmul_1.out_add:HBM[2] -sp krnl_vaddmul_1.out_mul:HBM[3] -sp krnl_vaddmul_2.in1:HBM[4] -sp krnl_vaddmul_2.in2:HBM[5] -sp krnl_vaddmul_2.out_add:HBM[6] -sp krnl_vaddmul_2.out_mul:HBM[7] -sp krnl_vaddmul_3.in1:HBM[28:31] -sp krnl_vaddmul_3.in2:HBM[28:31] -sp krnl_vaddmul_3.out_add:HBM[28:31] -sp krnl_vaddmul_3.out_mul:HBM[28:31] -dmclkid 0 -r /home/ziyuanwang/hbm/Vitis_Accel_Examples/performance/hbm_bandwidth_pseudo_random/_x_3core_floataddmin_9.hw.xilinx_u280_xdma_201920_3/link/sys_link/_sysl/.cdb/xd_ip_db.xml -o /home/ziyuanwang/hbm/Vitis_Accel_Examples/performance/hbm_bandwidth_pseudo_random/_x_3core_floataddmin_9.hw.xilinx_u280_xdma_201920_3/link/sys_link/cfgraph/cfgen_cfgraph.xml
INFO: [CFGEN 83-0] Kernel Specs: 
INFO: [CFGEN 83-0]   kernel: krnl_vaddmul, num: 3  {krnl_vaddmul_1 krnl_vaddmul_2 krnl_vaddmul_3}
INFO: [CFGEN 83-0] Port Specs: 
INFO: [CFGEN 83-0]   kernel: krnl_vaddmul_1, k_port: in1, sptag: HBM[0]
INFO: [CFGEN 83-0]   kernel: krnl_vaddmul_1, k_port: in2, sptag: HBM[1]
INFO: [CFGEN 83-0]   kernel: krnl_vaddmul_1, k_port: out_add, sptag: HBM[2]
INFO: [CFGEN 83-0]   kernel: krnl_vaddmul_1, k_port: out_mul, sptag: HBM[3]
INFO: [CFGEN 83-0]   kernel: krnl_vaddmul_2, k_port: in1, sptag: HBM[4]
INFO: [CFGEN 83-0]   kernel: krnl_vaddmul_2, k_port: in2, sptag: HBM[5]
INFO: [CFGEN 83-0]   kernel: krnl_vaddmul_2, k_port: out_add, sptag: HBM[6]
INFO: [CFGEN 83-0]   kernel: krnl_vaddmul_2, k_port: out_mul, sptag: HBM[7]
INFO: [CFGEN 83-0]   kernel: krnl_vaddmul_3, k_port: in1, sptag: HBM[28:31]
INFO: [CFGEN 83-0]   kernel: krnl_vaddmul_3, k_port: in2, sptag: HBM[28:31]
INFO: [CFGEN 83-0]   kernel: krnl_vaddmul_3, k_port: out_add, sptag: HBM[28:31]
INFO: [CFGEN 83-0]   kernel: krnl_vaddmul_3, k_port: out_mul, sptag: HBM[28:31]
INFO: [CFGEN 83-2228] Creating mapping for argument krnl_vaddmul_1.in1 to HBM[0] for directive krnl_vaddmul_1.in1:HBM[0]
INFO: [CFGEN 83-2228] Creating mapping for argument krnl_vaddmul_1.in2 to HBM[1] for directive krnl_vaddmul_1.in2:HBM[1]
INFO: [CFGEN 83-2228] Creating mapping for argument krnl_vaddmul_1.out_add to HBM[2] for directive krnl_vaddmul_1.out_add:HBM[2]
INFO: [CFGEN 83-2228] Creating mapping for argument krnl_vaddmul_1.out_mul to HBM[3] for directive krnl_vaddmul_1.out_mul:HBM[3]
INFO: [CFGEN 83-2228] Creating mapping for argument krnl_vaddmul_2.in1 to HBM[4] for directive krnl_vaddmul_2.in1:HBM[4]
INFO: [CFGEN 83-2228] Creating mapping for argument krnl_vaddmul_2.in2 to HBM[5] for directive krnl_vaddmul_2.in2:HBM[5]
INFO: [CFGEN 83-2228] Creating mapping for argument krnl_vaddmul_2.out_add to HBM[6] for directive krnl_vaddmul_2.out_add:HBM[6]
INFO: [CFGEN 83-2228] Creating mapping for argument krnl_vaddmul_2.out_mul to HBM[7] for directive krnl_vaddmul_2.out_mul:HBM[7]
INFO: [CFGEN 83-2228] Creating mapping for argument krnl_vaddmul_3.in1 to HBM[28:31] for directive krnl_vaddmul_3.in1:HBM[28:31]
INFO: [CFGEN 83-2228] Creating mapping for argument krnl_vaddmul_3.in2 to HBM[28:31] for directive krnl_vaddmul_3.in2:HBM[28:31]
INFO: [CFGEN 83-2228] Creating mapping for argument krnl_vaddmul_3.out_add to HBM[28:31] for directive krnl_vaddmul_3.out_add:HBM[28:31]
INFO: [CFGEN 83-2228] Creating mapping for argument krnl_vaddmul_3.out_mul to HBM[28:31] for directive krnl_vaddmul_3.out_mul:HBM[28:31]
INFO: [SYSTEM_LINK 82-37] [17:30:07] cfgen finished successfully
Time (s): cpu = 00:00:08 ; elapsed = 00:00:08 . Memory (MB): peak = 2167.246 ; gain = 0.000 ; free physical = 19246 ; free virtual = 494896
INFO: [SYSTEM_LINK 82-52] Create top-level block diagram
INFO: [SYSTEM_LINK 82-38] [17:30:07] cf2bd started: /tools/Xilinx/Vitis/2021.2/bin/cf2bd  --linux --trace_buffer 1024 --input_file /home/ziyuanwang/hbm/Vitis_Accel_Examples/performance/hbm_bandwidth_pseudo_random/_x_3core_floataddmin_9.hw.xilinx_u280_xdma_201920_3/link/sys_link/cfgraph/cfgen_cfgraph.xml --ip_db /home/ziyuanwang/hbm/Vitis_Accel_Examples/performance/hbm_bandwidth_pseudo_random/_x_3core_floataddmin_9.hw.xilinx_u280_xdma_201920_3/link/sys_link/_sysl/.cdb/xd_ip_db.xml --cf_name dr --working_dir /home/ziyuanwang/hbm/Vitis_Accel_Examples/performance/hbm_bandwidth_pseudo_random/_x_3core_floataddmin_9.hw.xilinx_u280_xdma_201920_3/link/sys_link/_sysl/.xsd --temp_dir /home/ziyuanwang/hbm/Vitis_Accel_Examples/performance/hbm_bandwidth_pseudo_random/_x_3core_floataddmin_9.hw.xilinx_u280_xdma_201920_3/link/sys_link --output_dir /home/ziyuanwang/hbm/Vitis_Accel_Examples/performance/hbm_bandwidth_pseudo_random/_x_3core_floataddmin_9.hw.xilinx_u280_xdma_201920_3/link/int --target_bd pfm_dynamic.bd
INFO: [CF2BD 82-31] Launching cf2xd: cf2xd -linux -trace-buffer 1024 -i /home/ziyuanwang/hbm/Vitis_Accel_Examples/performance/hbm_bandwidth_pseudo_random/_x_3core_floataddmin_9.hw.xilinx_u280_xdma_201920_3/link/sys_link/cfgraph/cfgen_cfgraph.xml -r /home/ziyuanwang/hbm/Vitis_Accel_Examples/performance/hbm_bandwidth_pseudo_random/_x_3core_floataddmin_9.hw.xilinx_u280_xdma_201920_3/link/sys_link/_sysl/.cdb/xd_ip_db.xml -o dr.xml
INFO: [CF2BD 82-28] cf2xd finished successfully
INFO: [CF2BD 82-31] Launching cf_xsd: cf_xsd -disable-address-gen -bd pfm_dynamic.bd -dn dr -dp /home/ziyuanwang/hbm/Vitis_Accel_Examples/performance/hbm_bandwidth_pseudo_random/_x_3core_floataddmin_9.hw.xilinx_u280_xdma_201920_3/link/sys_link/_sysl/.xsd
INFO: [CF2BD 82-28] cf_xsd finished successfully
INFO: [SYSTEM_LINK 82-37] [17:30:13] cf2bd finished successfully
Time (s): cpu = 00:00:03 ; elapsed = 00:00:05 . Memory (MB): peak = 2167.246 ; gain = 0.000 ; free physical = 19059 ; free virtual = 494714
INFO: [v++ 60-1441] [17:30:13] Run run_link: Step system_link: Completed
Time (s): cpu = 00:00:19 ; elapsed = 00:01:03 . Memory (MB): peak = 2062.188 ; gain = 0.000 ; free physical = 19094 ; free virtual = 494749
INFO: [v++ 60-1443] [17:30:13] Run run_link: Step cf2sw: Started
INFO: [v++ 60-1453] Command Line: cf2sw -sdsl /home/ziyuanwang/hbm/Vitis_Accel_Examples/performance/hbm_bandwidth_pseudo_random/_x_3core_floataddmin_9.hw.xilinx_u280_xdma_201920_3/link/int/sdsl.dat -rtd /home/ziyuanwang/hbm/Vitis_Accel_Examples/performance/hbm_bandwidth_pseudo_random/_x_3core_floataddmin_9.hw.xilinx_u280_xdma_201920_3/link/int/cf2sw.rtd -nofilter /home/ziyuanwang/hbm/Vitis_Accel_Examples/performance/hbm_bandwidth_pseudo_random/_x_3core_floataddmin_9.hw.xilinx_u280_xdma_201920_3/link/int/cf2sw_full.rtd -xclbin /home/ziyuanwang/hbm/Vitis_Accel_Examples/performance/hbm_bandwidth_pseudo_random/_x_3core_floataddmin_9.hw.xilinx_u280_xdma_201920_3/link/int/xclbin_orig.xml -o /home/ziyuanwang/hbm/Vitis_Accel_Examples/performance/hbm_bandwidth_pseudo_random/_x_3core_floataddmin_9.hw.xilinx_u280_xdma_201920_3/link/int/xclbin_orig.1.xml
INFO: [v++ 60-1454] Run Directory: /home/ziyuanwang/hbm/Vitis_Accel_Examples/performance/hbm_bandwidth_pseudo_random/_x_3core_floataddmin_9.hw.xilinx_u280_xdma_201920_3/link/run_link
INFO: [v++ 60-1441] [17:30:19] Run run_link: Step cf2sw: Completed
Time (s): cpu = 00:00:05 ; elapsed = 00:00:06 . Memory (MB): peak = 2062.188 ; gain = 0.000 ; free physical = 18843 ; free virtual = 494478
INFO: [v++ 60-1443] [17:30:20] Run run_link: Step rtd2_system_diagram: Started
INFO: [v++ 60-1453] Command Line: rtd2SystemDiagram
INFO: [v++ 60-1454] Run Directory: /home/ziyuanwang/hbm/Vitis_Accel_Examples/performance/hbm_bandwidth_pseudo_random/_x_3core_floataddmin_9.hw.xilinx_u280_xdma_201920_3/link/run_link
INFO: [v++ 60-1441] [17:30:20] Run run_link: Step rtd2_system_diagram: Completed
Time (s): cpu = 00:00:00.01 ; elapsed = 00:00:00.70 . Memory (MB): peak = 2062.188 ; gain = 0.000 ; free physical = 18826 ; free virtual = 494461
INFO: [v++ 60-1443] [17:30:20] Run run_link: Step vpl: Started
INFO: [v++ 60-1453] Command Line: vpl -t hw -f xilinx_u280_xdma_201920_3 --remote_ip_cache /home/ziyuanwang/hbm/Vitis_Accel_Examples/performance/hbm_bandwidth_pseudo_random/.ipcache -s --output_dir /home/ziyuanwang/hbm/Vitis_Accel_Examples/performance/hbm_bandwidth_pseudo_random/_x_3core_floataddmin_9.hw.xilinx_u280_xdma_201920_3/link/int --log_dir /home/ziyuanwang/hbm/Vitis_Accel_Examples/performance/hbm_bandwidth_pseudo_random/_x_3core_floataddmin_9.hw.xilinx_u280_xdma_201920_3/logs/link --report_dir /home/ziyuanwang/hbm/Vitis_Accel_Examples/performance/hbm_bandwidth_pseudo_random/_x_3core_floataddmin_9.hw.xilinx_u280_xdma_201920_3/reports/link --config /home/ziyuanwang/hbm/Vitis_Accel_Examples/performance/hbm_bandwidth_pseudo_random/_x_3core_floataddmin_9.hw.xilinx_u280_xdma_201920_3/link/int/vplConfig.ini -k /home/ziyuanwang/hbm/Vitis_Accel_Examples/performance/hbm_bandwidth_pseudo_random/_x_3core_floataddmin_9.hw.xilinx_u280_xdma_201920_3/link/int/kernel_info.dat --webtalk_flag Vitis --temp_dir /home/ziyuanwang/hbm/Vitis_Accel_Examples/performance/hbm_bandwidth_pseudo_random/_x_3core_floataddmin_9.hw.xilinx_u280_xdma_201920_3/link --no-info --iprepo /home/ziyuanwang/hbm/Vitis_Accel_Examples/performance/hbm_bandwidth_pseudo_random/_x_3core_floataddmin_9.hw.xilinx_u280_xdma_201920_3/link/int/xo/ip_repo/xilinx_com_hls_krnl_vaddmul_1_0 --messageDb /home/ziyuanwang/hbm/Vitis_Accel_Examples/performance/hbm_bandwidth_pseudo_random/_x_3core_floataddmin_9.hw.xilinx_u280_xdma_201920_3/link/run_link/vpl.pb /home/ziyuanwang/hbm/Vitis_Accel_Examples/performance/hbm_bandwidth_pseudo_random/_x_3core_floataddmin_9.hw.xilinx_u280_xdma_201920_3/link/int/dr.bd.tcl
INFO: [v++ 60-1454] Run Directory: /home/ziyuanwang/hbm/Vitis_Accel_Examples/performance/hbm_bandwidth_pseudo_random/_x_3core_floataddmin_9.hw.xilinx_u280_xdma_201920_3/link/run_link

****** vpl v2021.2 (64-bit)
  **** SW Build 3363252 on 2021-10-14-04:41:01
    ** Copyright 1986-2020 Xilinx, Inc. All Rights Reserved.

INFO: [VPL 60-839] Read in kernel information from file '/home/ziyuanwang/hbm/Vitis_Accel_Examples/performance/hbm_bandwidth_pseudo_random/_x_3core_floataddmin_9.hw.xilinx_u280_xdma_201920_3/link/int/kernel_info.dat'.
INFO: [VPL 74-78] Compiler Version string: 2021.2
INFO: [VPL 60-423]   Target device: xilinx_u280_xdma_201920_3
INFO: [VPL 60-1032] Extracting hardware platform to /home/ziyuanwang/hbm/Vitis_Accel_Examples/performance/hbm_bandwidth_pseudo_random/_x_3core_floataddmin_9.hw.xilinx_u280_xdma_201920_3/link/vivado/vpl/.local/hw_platform
[17:49:05] Run vpl: Step create_project: Started
Creating Vivado project.
[17:49:29] Run vpl: Step create_project: Completed
[17:49:29] Run vpl: Step create_bd: Started
[17:50:48] Run vpl: Step create_bd: RUNNING...
[17:52:06] Run vpl: Step create_bd: RUNNING...
[17:53:23] Run vpl: Step create_bd: RUNNING...
[17:54:41] Run vpl: Step create_bd: RUNNING...
[17:55:58] Run vpl: Step create_bd: RUNNING...
[17:57:16] Run vpl: Step create_bd: RUNNING...
[17:58:34] Run vpl: Step create_bd: RUNNING...
[17:59:52] Run vpl: Step create_bd: RUNNING...
[18:01:09] Run vpl: Step create_bd: RUNNING...
[18:02:28] Run vpl: Step create_bd: RUNNING...
[18:03:45] Run vpl: Step create_bd: RUNNING...
[18:05:04] Run vpl: Step create_bd: RUNNING...
[18:06:22] Run vpl: Step create_bd: RUNNING...
[18:07:39] Run vpl: Step create_bd: RUNNING...
[18:08:55] Run vpl: Step create_bd: RUNNING...
[18:10:11] Run vpl: Step create_bd: RUNNING...
[18:11:29] Run vpl: Step create_bd: RUNNING...
[18:12:34] Run vpl: Step create_bd: Completed
[18:12:34] Run vpl: Step update_bd: Started
[18:12:42] Run vpl: Step update_bd: Completed
[18:12:43] Run vpl: Step generate_target: Started
[18:14:02] Run vpl: Step generate_target: RUNNING...
[18:15:20] Run vpl: Step generate_target: RUNNING...
[18:16:37] Run vpl: Step generate_target: RUNNING...
[18:17:57] Run vpl: Step generate_target: RUNNING...
[18:19:15] Run vpl: Step generate_target: RUNNING...
[18:20:34] Run vpl: Step generate_target: RUNNING...
[18:21:52] Run vpl: Step generate_target: RUNNING...
[18:21:57] Run vpl: Step generate_target: Completed
[18:21:57] Run vpl: Step config_hw_runs: Started
[18:22:28] Run vpl: Step config_hw_runs: Completed
[18:22:29] Run vpl: Step synth: Started
[18:23:02] Block-level synthesis in progress, 0 of 3 jobs complete, 1 job running.
[18:23:34] Block-level synthesis in progress, 0 of 3 jobs complete, 1 job running.
[18:24:05] Block-level synthesis in progress, 0 of 3 jobs complete, 1 job running.
[18:24:37] Block-level synthesis in progress, 0 of 3 jobs complete, 1 job running.
[18:25:08] Block-level synthesis in progress, 0 of 3 jobs complete, 1 job running.
[18:25:40] Block-level synthesis in progress, 0 of 3 jobs complete, 1 job running.
[18:26:12] Block-level synthesis in progress, 0 of 3 jobs complete, 1 job running.
[18:26:43] Block-level synthesis in progress, 0 of 3 jobs complete, 1 job running.
[18:27:14] Block-level synthesis in progress, 0 of 3 jobs complete, 1 job running.
[18:27:46] Block-level synthesis in progress, 0 of 3 jobs complete, 1 job running.
[18:28:17] Block-level synthesis in progress, 0 of 3 jobs complete, 1 job running.
[18:28:49] Block-level synthesis in progress, 0 of 3 jobs complete, 1 job running.
[18:29:20] Block-level synthesis in progress, 0 of 3 jobs complete, 1 job running.
[18:29:52] Block-level synthesis in progress, 1 of 3 jobs complete, 0 jobs running.
[18:30:25] Block-level synthesis in progress, 1 of 3 jobs complete, 2 jobs running.
[18:30:57] Top-level synthesis in progress.
[18:31:28] Top-level synthesis in progress.
[18:32:01] Top-level synthesis in progress.
[18:32:32] Top-level synthesis in progress.
[18:32:54] Run vpl: Step synth: Completed
[18:32:55] Run vpl: Step impl: Started
[18:45:00] Finished 2nd of 6 tasks (FPGA linking synthesized kernels to platform). Elapsed time: 01h 14m 36s 

[18:45:00] Starting logic optimization..
[18:47:06] Phase 1 Retarget
[18:47:06] Phase 2 Constant propagation
[18:47:37] Phase 3 Sweep
[18:49:43] Phase 4 BUFG optimization
[18:49:43] Phase 5 Shift Register Optimization
[18:50:15] Phase 6 Post Processing Netlist
[18:52:53] Finished 3rd of 6 tasks (FPGA logic optimization). Elapsed time: 00h 07m 53s 

[18:52:53] Starting logic placement..
[18:53:55] Phase 1 Placer Initialization
[18:53:55] Phase 1.1 Placer Initialization Netlist Sorting
[18:59:40] Phase 1.2 IO Placement/ Clock Placement/ Build Placer Device
[19:00:43] Phase 1.3 Build Placer Netlist Model
[19:03:53] Phase 1.4 Constrain Clocks/Macros
[19:03:53] Phase 2 Global Placement
[19:03:53] Phase 2.1 Floorplanning
[19:04:56] Phase 2.1.1 Partition Driven Placement
[19:04:56] Phase 2.1.1.1 PBP: Partition Driven Placement
[19:05:59] Phase 2.1.1.2 PBP: Clock Region Placement
[19:06:31] Phase 2.1.1.3 PBP: Compute Congestion
[19:07:03] Phase 2.1.1.4 PBP: UpdateTiming
[19:07:35] Phase 2.1.1.5 PBP: Add part constraints
[19:08:06] Phase 2.2 Physical Synthesis After Floorplan
[19:08:38] Phase 2.3 Update Timing before SLR Path Opt
[19:09:09] Phase 2.4 Post-Processing in Floorplanning
[19:09:09] Phase 2.5 Global Placement Core
[19:23:57] Phase 2.5.1 Physical Synthesis In Placer
[19:28:42] Phase 3 Detail Placement
[19:28:42] Phase 3.1 Commit Multi Column Macros
[19:29:13] Phase 3.2 Commit Most Macros & LUTRAMs
[19:30:48] Phase 3.3 Small Shape DP
[19:30:48] Phase 3.3.1 Small Shape Clustering
[19:30:48] Phase 3.3.2 Flow Legalize Slice Clusters
[19:30:48] Phase 3.3.3 Slice Area Swap
[19:31:51] Phase 3.4 Place Remaining
[19:31:51] Phase 3.5 Re-assign LUT pins
[19:32:22] Phase 3.6 Pipeline Register Optimization
[19:32:22] Phase 3.7 Fast Optimization
[19:34:30] Phase 4 Post Placement Optimization and Clean-Up
[19:34:30] Phase 4.1 Post Commit Optimization
[19:36:38] Phase 4.1.1 Post Placement Optimization
[19:36:38] Phase 4.1.1.1 BUFG Insertion
[19:36:38] Phase 1 Physical Synthesis Initialization
[19:37:41] Phase 4.1.1.2 BUFG Replication
[19:37:41] Phase 4.1.1.3 Post Placement Timing Optimization
[19:46:36] Phase 4.1.1.4 Replication
[19:48:11] Phase 4.2 Post Placement Cleanup
[19:48:11] Phase 4.3 Placer Reporting
[19:48:11] Phase 4.3.1 Print Estimated Congestion
[19:48:42] Phase 4.4 Final Placement Cleanup
[19:52:55] Finished 4th of 6 tasks (FPGA logic placement). Elapsed time: 01h 00m 02s 

[19:52:55] Starting logic routing..
[19:54:29] Phase 1 Build RT Design
[19:57:41] Phase 2 Router Initialization
[19:57:41] Phase 2.1 Fix Topology Constraints
[19:57:41] Phase 2.2 Pre Route Cleanup
[19:58:13] Phase 2.3 Global Clock Net Routing
[19:58:45] Phase 2.4 Update Timing
[20:01:56] Phase 2.5 Update Timing for Bus Skew
[20:01:56] Phase 2.5.1 Update Timing
[20:03:32] Phase 3 Initial Routing
[20:03:32] Phase 3.1 Global Routing
[20:05:07] Phase 4 Rip-up And Reroute
[20:05:07] Phase 4.1 Global Iteration 0
[20:24:13] Phase 4.2 Global Iteration 1
[20:28:30] Phase 4.3 Global Iteration 2
[20:32:43] Phase 5 Delay and Skew Optimization
[20:32:43] Phase 5.1 Delay CleanUp
[20:32:43] Phase 5.1.1 Update Timing
[20:34:19] Phase 5.2 Clock Skew Optimization
[20:34:19] Phase 6 Post Hold Fix
[20:34:19] Phase 6.1 Hold Fix Iter
[20:34:19] Phase 6.1.1 Update Timing
[20:35:54] Phase 6.1.2 Lut RouteThru Assignment for hold
[20:36:26] Phase 6.2 Additional Hold Fix
[20:39:04] Phase 7 Leaf Clock Prog Delay Opt
[20:40:40] Phase 8 Route finalize
[20:41:11] Phase 9 Verifying routed nets
[20:41:11] Phase 10 Depositing Routes
[20:42:15] Phase 11 Resolve XTalk
[20:42:15] Phase 12 Post Router Timing
[20:42:48] Finished 5th of 6 tasks (FPGA routing). Elapsed time: 00h 49m 52s 

[20:42:48] Starting bitstream generation..
[20:54:59] Creating bitmap...
[21:02:46] Writing bitstream ./pfm_top_i_dynamic_region_my_rm_partial.bit...
[21:02:46] Finished 6th of 6 tasks (FPGA bitstream generation). Elapsed time: 00h 19m 58s 
[21:02:45] Run vpl: Step impl: Completed
[21:02:47] Run vpl: FINISHED. Run Status: impl Complete!
INFO: [v++ 60-1441] [21:02:54] Run run_link: Step vpl: Completed
Time (s): cpu = 00:01:25 ; elapsed = 03:32:33 . Memory (MB): peak = 2062.188 ; gain = 0.000 ; free physical = 27929 ; free virtual = 501870
INFO: [v++ 60-1443] [21:02:54] Run run_link: Step rtdgen: Started
INFO: [v++ 60-1453] Command Line: rtdgen
INFO: [v++ 60-1454] Run Directory: /home/ziyuanwang/hbm/Vitis_Accel_Examples/performance/hbm_bandwidth_pseudo_random/_x_3core_floataddmin_9.hw.xilinx_u280_xdma_201920_3/link/run_link
INFO: [v++ 60-991] clock name 'clkwiz_kernel_clk_out1' (clock ID '0') is being mapped to clock name 'DATA_CLK' in the xclbin
INFO: [v++ 60-991] clock name 'clkwiz_kernel2_clk_out1' (clock ID '1') is being mapped to clock name 'KERNEL_CLK' in the xclbin
INFO: [v++ 60-991] clock name 'clk_out1_pfm_top_clkwiz_hbm_aclk_0' (clock ID '') is being mapped to clock name 'clk_out1_pfm_top_clkwiz_hbm_aclk_0' in the xclbin
INFO: [v++ 60-1230] The compiler selected the following frequencies for the runtime controllable kernel clock(s) and scalable system clock(s): System (SYSTEM) clock: clk_out1_pfm_top_clkwiz_hbm_aclk_0 = 450, Kernel (DATA) clock: clkwiz_kernel_clk_out1 = 300, Kernel (KERNEL) clock: clkwiz_kernel2_clk_out1 = 500
INFO: [v++ 60-1453] Command Line: cf2sw -a /home/ziyuanwang/hbm/Vitis_Accel_Examples/performance/hbm_bandwidth_pseudo_random/_x_3core_floataddmin_9.hw.xilinx_u280_xdma_201920_3/link/int/address_map.xml -sdsl /home/ziyuanwang/hbm/Vitis_Accel_Examples/performance/hbm_bandwidth_pseudo_random/_x_3core_floataddmin_9.hw.xilinx_u280_xdma_201920_3/link/int/sdsl.dat -xclbin /home/ziyuanwang/hbm/Vitis_Accel_Examples/performance/hbm_bandwidth_pseudo_random/_x_3core_floataddmin_9.hw.xilinx_u280_xdma_201920_3/link/int/xclbin_orig.xml -rtd /home/ziyuanwang/hbm/Vitis_Accel_Examples/performance/hbm_bandwidth_pseudo_random/_x_3core_floataddmin_9.hw.xilinx_u280_xdma_201920_3/link/int/krnl_vaddmul.link.rtd -o /home/ziyuanwang/hbm/Vitis_Accel_Examples/performance/hbm_bandwidth_pseudo_random/_x_3core_floataddmin_9.hw.xilinx_u280_xdma_201920_3/link/int/krnl_vaddmul.link.xml
INFO: [v++ 60-1652] Cf2sw returned exit code: 0
INFO: [v++ 60-1441] [21:03:01] Run run_link: Step rtdgen: Completed
Time (s): cpu = 00:00:04 ; elapsed = 00:00:07 . Memory (MB): peak = 2062.188 ; gain = 0.000 ; free physical = 27860 ; free virtual = 501870
INFO: [v++ 60-1443] [21:03:01] Run run_link: Step xclbinutil: Started
INFO: [v++ 60-1453] Command Line: xclbinutil --add-section DEBUG_IP_LAYOUT:JSON:/home/ziyuanwang/hbm/Vitis_Accel_Examples/performance/hbm_bandwidth_pseudo_random/_x_3core_floataddmin_9.hw.xilinx_u280_xdma_201920_3/link/int/debug_ip_layout.rtd --add-section BITSTREAM:RAW:/home/ziyuanwang/hbm/Vitis_Accel_Examples/performance/hbm_bandwidth_pseudo_random/_x_3core_floataddmin_9.hw.xilinx_u280_xdma_201920_3/link/int/partial.bit --force --target hw --key-value SYS:dfx_enable:true --add-section :JSON:/home/ziyuanwang/hbm/Vitis_Accel_Examples/performance/hbm_bandwidth_pseudo_random/_x_3core_floataddmin_9.hw.xilinx_u280_xdma_201920_3/link/int/krnl_vaddmul.link.rtd --append-section :JSON:/home/ziyuanwang/hbm/Vitis_Accel_Examples/performance/hbm_bandwidth_pseudo_random/_x_3core_floataddmin_9.hw.xilinx_u280_xdma_201920_3/link/int/appendSection.rtd --add-section CLOCK_FREQ_TOPOLOGY:JSON:/home/ziyuanwang/hbm/Vitis_Accel_Examples/performance/hbm_bandwidth_pseudo_random/_x_3core_floataddmin_9.hw.xilinx_u280_xdma_201920_3/link/int/krnl_vaddmul.link_xml.rtd --add-section BUILD_METADATA:JSON:/home/ziyuanwang/hbm/Vitis_Accel_Examples/performance/hbm_bandwidth_pseudo_random/_x_3core_floataddmin_9.hw.xilinx_u280_xdma_201920_3/link/int/krnl_vaddmul.link_build.rtd --add-section EMBEDDED_METADATA:RAW:/home/ziyuanwang/hbm/Vitis_Accel_Examples/performance/hbm_bandwidth_pseudo_random/_x_3core_floataddmin_9.hw.xilinx_u280_xdma_201920_3/link/int/krnl_vaddmul.link.xml --add-section SYSTEM_METADATA:RAW:/home/ziyuanwang/hbm/Vitis_Accel_Examples/performance/hbm_bandwidth_pseudo_random/_x_3core_floataddmin_9.hw.xilinx_u280_xdma_201920_3/link/int/systemDiagramModelSlrBaseAddress.json --output /home/ziyuanwang/hbm/Vitis_Accel_Examples/performance/hbm_bandwidth_pseudo_random/./build_dir_3core_floataddmin_9.hw.xilinx_u280_xdma_201920_3/krnl_vaddmul.link.xclbin
INFO: [v++ 60-1454] Run Directory: /home/ziyuanwang/hbm/Vitis_Accel_Examples/performance/hbm_bandwidth_pseudo_random/_x_3core_floataddmin_9.hw.xilinx_u280_xdma_201920_3/link/run_link
XRT Build Version: 2.14.354 (2022.2)
       Build Date: 2022-10-08 09:49:58
          Hash ID: 43926231f7183688add2dccfd391b36a1f000bea
Creating a default 'in-memory' xclbin image.

Section: 'DEBUG_IP_LAYOUT'(9) was successfully added.
Size   : 296 bytes
Format : JSON
File   : '/home/ziyuanwang/hbm/Vitis_Accel_Examples/performance/hbm_bandwidth_pseudo_random/_x_3core_floataddmin_9.hw.xilinx_u280_xdma_201920_3/link/int/debug_ip_layout.rtd'

Section: 'BITSTREAM'(0) was successfully added.
Size   : 47016175 bytes
Format : RAW
File   : '/home/ziyuanwang/hbm/Vitis_Accel_Examples/performance/hbm_bandwidth_pseudo_random/_x_3core_floataddmin_9.hw.xilinx_u280_xdma_201920_3/link/int/partial.bit'

Section: 'MEM_TOPOLOGY'(6) was successfully added.
Format : JSON
File   : 'mem_topology'

Section: 'IP_LAYOUT'(8) was successfully added.
Format : JSON
File   : 'ip_layout'

Section: 'CONNECTIVITY'(7) was successfully added.
Format : JSON
File   : 'connectivity'

Section: 'CLOCK_FREQ_TOPOLOGY'(11) was successfully added.
Size   : 410 bytes
Format : JSON
File   : '/home/ziyuanwang/hbm/Vitis_Accel_Examples/performance/hbm_bandwidth_pseudo_random/_x_3core_floataddmin_9.hw.xilinx_u280_xdma_201920_3/link/int/krnl_vaddmul.link_xml.rtd'

Section: 'BUILD_METADATA'(14) was successfully added.
Size   : 4284 bytes
Format : JSON
File   : '/home/ziyuanwang/hbm/Vitis_Accel_Examples/performance/hbm_bandwidth_pseudo_random/_x_3core_floataddmin_9.hw.xilinx_u280_xdma_201920_3/link/int/krnl_vaddmul.link_build.rtd'

Section: 'EMBEDDED_METADATA'(2) was successfully added.
Size   : 7242 bytes
Format : RAW
File   : '/home/ziyuanwang/hbm/Vitis_Accel_Examples/performance/hbm_bandwidth_pseudo_random/_x_3core_floataddmin_9.hw.xilinx_u280_xdma_201920_3/link/int/krnl_vaddmul.link.xml'

Section: 'SYSTEM_METADATA'(22) was successfully added.
Size   : 25933 bytes
Format : RAW
File   : '/home/ziyuanwang/hbm/Vitis_Accel_Examples/performance/hbm_bandwidth_pseudo_random/_x_3core_floataddmin_9.hw.xilinx_u280_xdma_201920_3/link/int/systemDiagramModelSlrBaseAddress.json'

Section: 'IP_LAYOUT'(8) was successfully appended to.
Format : JSON
File   : 'ip_layout'
Successfully wrote (47085572 bytes) to the output file: /home/ziyuanwang/hbm/Vitis_Accel_Examples/performance/hbm_bandwidth_pseudo_random/./build_dir_3core_floataddmin_9.hw.xilinx_u280_xdma_201920_3/krnl_vaddmul.link.xclbin
Leaving xclbinutil.
INFO: [v++ 60-1441] [21:03:02] Run run_link: Step xclbinutil: Completed
Time (s): cpu = 00:00:00.11 ; elapsed = 00:00:02 . Memory (MB): peak = 2062.188 ; gain = 0.000 ; free physical = 27813 ; free virtual = 501868
INFO: [v++ 60-1443] [21:03:02] Run run_link: Step xclbinutilinfo: Started
INFO: [v++ 60-1453] Command Line: xclbinutil --quiet --force --info /home/ziyuanwang/hbm/Vitis_Accel_Examples/performance/hbm_bandwidth_pseudo_random/./build_dir_3core_floataddmin_9.hw.xilinx_u280_xdma_201920_3/krnl_vaddmul.link.xclbin.info --input /home/ziyuanwang/hbm/Vitis_Accel_Examples/performance/hbm_bandwidth_pseudo_random/./build_dir_3core_floataddmin_9.hw.xilinx_u280_xdma_201920_3/krnl_vaddmul.link.xclbin
INFO: [v++ 60-1454] Run Directory: /home/ziyuanwang/hbm/Vitis_Accel_Examples/performance/hbm_bandwidth_pseudo_random/_x_3core_floataddmin_9.hw.xilinx_u280_xdma_201920_3/link/run_link
INFO: [v++ 60-1441] [21:03:03] Run run_link: Step xclbinutilinfo: Completed
Time (s): cpu = 00:00:00.43 ; elapsed = 00:00:00.86 . Memory (MB): peak = 2062.188 ; gain = 0.000 ; free physical = 27818 ; free virtual = 501874
INFO: [v++ 60-1443] [21:03:03] Run run_link: Step generate_sc_driver: Started
INFO: [v++ 60-1453] Command Line: 
INFO: [v++ 60-1454] Run Directory: /home/ziyuanwang/hbm/Vitis_Accel_Examples/performance/hbm_bandwidth_pseudo_random/_x_3core_floataddmin_9.hw.xilinx_u280_xdma_201920_3/link/run_link
INFO: [v++ 60-1441] [21:03:04] Run run_link: Step generate_sc_driver: Completed
Time (s): cpu = 00:00:00 ; elapsed = 00:00:00.24 . Memory (MB): peak = 2062.188 ; gain = 0.000 ; free physical = 27818 ; free virtual = 501873
INFO: [v++ 60-244] Generating system estimate report...
INFO: [v++ 60-1092] Generated system estimate report: /home/ziyuanwang/hbm/Vitis_Accel_Examples/performance/hbm_bandwidth_pseudo_random/_x_3core_floataddmin_9.hw.xilinx_u280_xdma_201920_3/reports/link/system_estimate_krnl_vaddmul.link.xtxt
INFO: [v++ 60-586] Created /home/ziyuanwang/hbm/Vitis_Accel_Examples/performance/hbm_bandwidth_pseudo_random/build_dir_3core_floataddmin_9.hw.xilinx_u280_xdma_201920_3/krnl_vaddmul.link.ltx
INFO: [v++ 60-586] Created ./build_dir_3core_floataddmin_9.hw.xilinx_u280_xdma_201920_3/krnl_vaddmul.link.xclbin
INFO: [v++ 60-1307] Run completed. Additional information can be found in:
	Guidance: /home/ziyuanwang/hbm/Vitis_Accel_Examples/performance/hbm_bandwidth_pseudo_random/_x_3core_floataddmin_9.hw.xilinx_u280_xdma_201920_3/reports/link/v++_link_krnl_vaddmul.link_guidance.html
	Timing Report: /home/ziyuanwang/hbm/Vitis_Accel_Examples/performance/hbm_bandwidth_pseudo_random/_x_3core_floataddmin_9.hw.xilinx_u280_xdma_201920_3/reports/link/imp/impl_1_xilinx_u280_xdma_201920_3_bb_locked_timing_summary_routed.rpt
	Vivado Log: /home/ziyuanwang/hbm/Vitis_Accel_Examples/performance/hbm_bandwidth_pseudo_random/_x_3core_floataddmin_9.hw.xilinx_u280_xdma_201920_3/logs/link/vivado.log
	Steps Log File: /home/ziyuanwang/hbm/Vitis_Accel_Examples/performance/hbm_bandwidth_pseudo_random/_x_3core_floataddmin_9.hw.xilinx_u280_xdma_201920_3/logs/link/link.steps.log

INFO: [v++ 60-2343] Use the vitis_analyzer tool to visualize and navigate the relevant reports. Run the following command. 
    vitis_analyzer /home/ziyuanwang/hbm/Vitis_Accel_Examples/performance/hbm_bandwidth_pseudo_random/build_dir_3core_floataddmin_9.hw.xilinx_u280_xdma_201920_3/krnl_vaddmul.link.xclbin.link_summary 
INFO: [v++ 60-791] Total elapsed time: 3h 34m 36s
