Copyright 1986-2021 Xilinx, Inc. All Rights Reserved.
---------------------------------------------------------------------------------------------------------------------------------------------------------------------------------------------------------------------------------------------------------------------------------------------------------------------------------------------------
| Tool Version : Vivado v.2021.2 (lin64) Build 3367213 Tue Oct 19 02:47:39 MDT 2021
| Date         : Mon Nov  4 12:17:46 2024
| Host         : hacc-gpu0 running 64-bit Ubuntu 20.04.6 LTS
| Command      : report_accelerator_utilization -kernels { krnl_vaddmul:pfm_top_i/dynamic_region/krnl_vaddmul_1/inst:krnl_vaddmul_1 krnl_vaddmul:pfm_top_i/dynamic_region/krnl_vaddmul_2/inst:krnl_vaddmul_2 krnl_vaddmul:pfm_top_i/dynamic_region/krnl_vaddmul_3/inst:krnl_vaddmul_3} -file kernel_util_routed.rpt -name kernel_util_routed -json
| Design       : pfm_top_wrapper
| Device       : xcu280
| Design State : Routed
---------------------------------------------------------------------------------------------------------------------------------------------------------------------------------------------------------------------------------------------------------------------------------------------------------------------------------------------------

Accelerator Utilization Design Information

Table of Contents
-----------------
1. System Utilization

1. System Utilization
---------------------

+---------------------+-------------------+------------------+-------------------+----------------+---------------+----------------+
| Name                | LUT               | LUTAsMem         | REG               | BRAM           | URAM          | DSP            |
+---------------------+-------------------+------------------+-------------------+----------------+---------------+----------------+
| Platform            |  127577 [  9.79%] |  21388 [  3.56%] |  192449 [  7.38%] |  204 [ 10.12%] |   0 [  0.00%] |    4 [  0.04%] |
| User Budget         | 1175143 [100.00%] | 579092 [100.00%] | 2414911 [100.00%] | 1812 [100.00%] | 960 [100.00%] | 9020 [100.00%] |
|    Used Resources   |   33783 [  2.87%] |   9297 [  1.61%] |   74954 [  3.10%] |  234 [ 12.91%] |   0 [  0.00%] |   24 [  0.27%] |
|    Unused Resources | 1141360 [ 97.13%] | 569795 [ 98.39%] | 2339957 [ 96.90%] | 1578 [ 87.09%] | 960 [100.00%] | 8996 [ 99.73%] |
| krnl_vaddmul        |   33783 [  2.87%] |   9297 [  1.61%] |   74954 [  3.10%] |  234 [ 12.91%] |   0 [  0.00%] |   24 [  0.27%] |
|    krnl_vaddmul_1   |   11263 [  0.96%] |   3099 [  0.54%] |   24993 [  1.03%] |   78 [  4.30%] |   0 [  0.00%] |    8 [  0.09%] |
|    krnl_vaddmul_2   |   11258 [  0.96%] |   3099 [  0.54%] |   25000 [  1.04%] |   78 [  4.30%] |   0 [  0.00%] |    8 [  0.09%] |
|    krnl_vaddmul_3   |   11262 [  0.96%] |   3099 [  0.54%] |   24961 [  1.03%] |   78 [  4.30%] |   0 [  0.00%] |    8 [  0.09%] |
+---------------------+-------------------+------------------+-------------------+----------------+---------------+----------------+


