Copyright 1986-2021 Xilinx, Inc. All Rights Reserved.
------------------------------------------------------------------------------------------
| Tool Version : Vivado v.2021.2 (lin64) Build 3367213 Tue Oct 19 02:47:39 MDT 2021
| Date         : Sun Nov  3 06:53:54 2024
| Host         : hacc-gpu0 running 64-bit Ubuntu 20.04.6 LTS
| Command      : report_utilization -slr -file slr_util_routed.rpt -pb slr_util_routed.pb
| Design       : pfm_top_wrapper
| Device       : xcu280-fsvh2892-2L-e
| Speed File   : -2L
| Design State : Routed
------------------------------------------------------------------------------------------

Utilization Design Information

Table of Contents
-----------------
1. SLR Connectivity
2. SLR Connectivity Matrix
3. SLR CLB Logic and Dedicated Block Utilization
4. SLR IO Utilization

1. SLR Connectivity
-------------------

+----------------------------------+------+-------+-----------+-------+
|                                  | Used | Fixed | Available | Util% |
+----------------------------------+------+-------+-----------+-------+
| SLR2 <-> SLR1                    | 3985 |       |     23040 | 17.30 |
|   SLR1 -> SLR2                   | 2102 |       |           |  9.12 |
|     Using TX_REG only            |  267 |     1 |           |       |
|     Using RX_REG only            |  284 |    18 |           |       |
|     Using Both TX_REG and RX_REG |  267 |     1 |           |       |
|   SLR2 -> SLR1                   | 1883 |       |           |  8.17 |
|     Using TX_REG only            |  407 |     0 |           |       |
|     Using RX_REG only            |  413 |     4 |           |       |
|     Using Both TX_REG and RX_REG |  407 |     0 |           |       |
| SLR1 <-> SLR0                    | 2546 |       |     23040 | 11.05 |
|   SLR0 -> SLR1                   | 1143 |       |           |  4.96 |
|     Using TX_REG only            |  371 |    71 |           |       |
|     Using RX_REG only            |  361 |    61 |           |       |
|     Using Both TX_REG and RX_REG |  355 |    55 |           |       |
|   SLR1 -> SLR0                   | 1403 |       |           |  6.09 |
|     Using TX_REG only            |  437 |    62 |           |       |
|     Using RX_REG only            |  447 |    71 |           |       |
|     Using Both TX_REG and RX_REG |  435 |    60 |           |       |
+----------------------------------+------+-------+-----------+-------+
| Total SLLs Used                  | 6531 |       |           |       |
+----------------------------------+------+-------+-----------+-------+


2. SLR Connectivity Matrix
--------------------------

+-----------+------+------+------+
| FROM \ TO | SLR2 | SLR1 | SLR0 |
+-----------+------+------+------+
| SLR2      |    0 | 1721 |  162 |
| SLR1      | 1962 |    0 | 1241 |
| SLR0      |  140 | 1003 |    0 |
+-----------+------+------+------+


3. SLR CLB Logic and Dedicated Block Utilization
------------------------------------------------

+----------------------------+--------+-------+-------+--------+--------+--------+
|          Site Type         |  SLR0  |  SLR1 |  SLR2 | SLR0 % | SLR1 % | SLR2 % |
+----------------------------+--------+-------+-------+--------+--------+--------+
| CLB                        |  42660 |  6676 |  7733 |  77.62 |  12.36 |  14.32 |
|   CLBL                     |  22202 |  3337 |  3993 |  75.83 |  11.40 |  13.64 |
|   CLBM                     |  20458 |  3339 |  3740 |  79.67 |  13.51 |  15.13 |
| CLB LUTs                   | 189845 | 47671 | 35280 |  43.18 |  11.03 |   8.17 |
|   LUT as Logic             | 162594 | 43699 | 32273 |  36.98 |  10.12 |   7.47 |
|     using O5 output only   |   1884 |   290 |  1006 |   0.43 |   0.07 |   0.23 |
|     using O6 output only   | 127311 | 34274 | 19461 |  28.96 |   7.93 |   4.50 |
|     using O5 and O6        |  33399 |  9135 | 11806 |   7.60 |   2.11 |   2.73 |
|   LUT as Memory            |  27251 |  3972 |  3007 |  13.26 |   2.01 |   1.52 |
|     LUT as Distributed RAM |  17328 |  3837 |  1660 |   8.43 |   1.94 |   0.84 |
|       using O5 output only |      0 |     0 |     0 |   0.00 |   0.00 |   0.00 |
|       using O6 output only |     80 |   215 |    84 |   0.04 |   0.11 |   0.04 |
|       using O5 and O6      |  17248 |  3622 |  1576 |   8.40 |   1.83 |   0.80 |
|     LUT as Shift Register  |   9923 |   135 |  1347 |   4.83 |   0.07 |   0.68 |
|       using O5 output only |      0 |     0 |     0 |   0.00 |   0.00 |   0.00 |
|       using O6 output only |   4321 |   135 |  1217 |   2.10 |   0.07 |   0.62 |
|       using O5 and O6      |   5602 |     0 |   130 |   2.73 |   0.00 |   0.07 |
| CLB Registers              | 245914 | 46337 | 60547 |  27.97 |   5.36 |   7.01 |
| CARRY8                     |   2001 |   473 |   313 |   3.64 |   0.88 |   0.58 |
| F7 Muxes                   |   1384 |   651 |  1054 |   0.63 |   0.30 |   0.49 |
| F8 Muxes                   |     16 |   141 |    47 |   0.01 |   0.13 |   0.04 |
| F9 Muxes                   |      0 |     0 |     0 |   0.00 |   0.00 |   0.00 |
| Block RAM Tile             |  273.5 |  80.5 |    94 |  40.70 |  11.98 |  13.99 |
|   RAMB36/FIFO              |    268 |    80 |    92 |  39.88 |  11.90 |  13.69 |
|     RAMB36E2 only          |    268 |    80 |    92 |  39.88 |  11.90 |  13.69 |
|   RAMB18                   |     11 |     1 |     4 |   0.82 |   0.07 |   0.30 |
|     RAMB18E2 only          |     11 |     1 |     4 |   0.82 |   0.07 |   0.30 |
| URAM                       |      0 |     0 |     0 |   0.00 |   0.00 |   0.00 |
| DSPs                       |     32 |     0 |     4 |   1.11 |   0.00 |   0.13 |
| Unique Control Sets        |   4933 |  1505 |  2721 |   4.49 |   1.39 |   2.52 |
+----------------------------+--------+-------+-------+--------+--------+--------+
* Note: Available Control Sets based on CLB Registers / 8


4. SLR IO Utilization
---------------------

+-----------+-----------+---------+------------+----------+------------+----------+-----+
| SLR Index | Used IOBs | (%)IOBs | Used IPADs | (%)IPADs | Used OPADs | (%)OPADs | GTs |
+-----------+-----------+---------+------------+----------+------------+----------+-----+
| SLR2      |        18 |    8.65 |          0 |     0.00 |          0 |     0.00 |   0 |
| SLR1      |         0 |    0.00 |          0 |     0.00 |          0 |     0.00 |   0 |
| SLR0      |         1 |    0.48 |          0 |     0.00 |          0 |     0.00 |  16 |
+-----------+-----------+---------+------------+----------+------------+----------+-----+
| Total     |        19 |         |          0 |          |          0 |          |  16 |
+-----------+-----------+---------+------------+----------+------------+----------+-----+


