Copyright 1986-2021 Xilinx, Inc. All Rights Reserved.
------------------------------------------------------------------------------------------
| Tool Version : Vivado v.2021.2 (lin64) Build 3367213 Tue Oct 19 02:47:39 MDT 2021
| Date         : Tue Nov 12 07:50:32 2024
| Host         : hacc-gpu0 running 64-bit Ubuntu 20.04.6 LTS
| Command      : report_utilization -slr -file slr_util_routed.rpt -pb slr_util_routed.pb
| Design       : pfm_top_wrapper
| Device       : xcu280-fsvh2892-2L-e
| Speed File   : -2L
| Design State : Routed
------------------------------------------------------------------------------------------

Utilization Design Information

Table of Contents
-----------------
1. SLR Connectivity
2. SLR Connectivity Matrix
3. SLR CLB Logic and Dedicated Block Utilization
4. SLR IO Utilization

1. SLR Connectivity
-------------------

+----------------------------------+------+-------+-----------+-------+
|                                  | Used | Fixed | Available | Util% |
+----------------------------------+------+-------+-----------+-------+
| SLR2 <-> SLR1                    | 3979 |       |     23040 | 17.27 |
|   SLR1 -> SLR2                   | 2099 |       |           |  9.11 |
|     Using TX_REG only            |  267 |     1 |           |       |
|     Using RX_REG only            |  284 |    18 |           |       |
|     Using Both TX_REG and RX_REG |  267 |     1 |           |       |
|   SLR2 -> SLR1                   | 1880 |       |           |  8.16 |
|     Using TX_REG only            |  407 |     0 |           |       |
|     Using RX_REG only            |  412 |     4 |           |       |
|     Using Both TX_REG and RX_REG |  407 |     0 |           |       |
| SLR1 <-> SLR0                    | 2540 |       |     23040 | 11.02 |
|   SLR0 -> SLR1                   | 1140 |       |           |  4.95 |
|     Using TX_REG only            |  371 |    71 |           |       |
|     Using RX_REG only            |  361 |    61 |           |       |
|     Using Both TX_REG and RX_REG |  355 |    55 |           |       |
|   SLR1 -> SLR0                   | 1400 |       |           |  6.08 |
|     Using TX_REG only            |  437 |    62 |           |       |
|     Using RX_REG only            |  448 |    71 |           |       |
|     Using Both TX_REG and RX_REG |  435 |    60 |           |       |
+----------------------------------+------+-------+-----------+-------+
| Total SLLs Used                  | 6519 |       |           |       |
+----------------------------------+------+-------+-----------+-------+


2. SLR Connectivity Matrix
--------------------------

+-----------+------+------+------+
| FROM \ TO | SLR2 | SLR1 | SLR0 |
+-----------+------+------+------+
| SLR2      |    0 | 1722 |  158 |
| SLR1      | 1962 |    0 | 1242 |
| SLR0      |  137 | 1003 |    0 |
+-----------+------+------+------+


3. SLR CLB Logic and Dedicated Block Utilization
------------------------------------------------

+----------------------------+--------+-------+-------+--------+--------+--------+
|          Site Type         |  SLR0  |  SLR1 |  SLR2 | SLR0 % | SLR1 % | SLR2 % |
+----------------------------+--------+-------+-------+--------+--------+--------+
| CLB                        |  26295 |  6932 |  7959 |  47.84 |  12.84 |  14.74 |
|   CLBL                     |  13398 |  3506 |  4149 |  45.76 |  11.97 |  14.17 |
|   CLBM                     |  12897 |  3426 |  3810 |  50.22 |  13.86 |  15.41 |
| CLB LUTs                   |  98861 | 47667 | 35293 |  22.48 |  11.03 |   8.17 |
|   LUT as Logic             |  81603 | 43695 | 32253 |  18.56 |  10.11 |   7.47 |
|     using O5 output only   |   1689 |   288 |  1006 |   0.38 |   0.07 |   0.23 |
|     using O6 output only   |  60018 | 34269 | 19493 |  13.65 |   7.93 |   4.51 |
|     using O5 and O6        |  19896 |  9138 | 11754 |   4.53 |   2.12 |   2.72 |
|   LUT as Memory            |  17258 |  3972 |  3040 |   8.40 |   2.01 |   1.54 |
|     LUT as Distributed RAM |   9456 |  3837 |  1660 |   4.60 |   1.94 |   0.84 |
|       using O5 output only |      0 |     0 |     0 |   0.00 |   0.00 |   0.00 |
|       using O6 output only |    112 |   215 |    84 |   0.05 |   0.11 |   0.04 |
|       using O5 and O6      |   9344 |  3622 |  1576 |   4.55 |   1.83 |   0.80 |
|     LUT as Shift Register  |   7802 |   135 |  1380 |   3.80 |   0.07 |   0.70 |
|       using O5 output only |      0 |     0 |     0 |   0.00 |   0.00 |   0.00 |
|       using O6 output only |   4504 |   135 |  1250 |   2.19 |   0.07 |   0.63 |
|       using O5 and O6      |   3298 |     0 |   130 |   1.61 |   0.00 |   0.07 |
| CLB Registers              | 163302 | 46338 | 60600 |  18.57 |   5.36 |   7.01 |
| CARRY8                     |   1637 |   473 |   313 |   2.98 |   0.88 |   0.58 |
| F7 Muxes                   |   1416 |   651 |  1054 |   0.64 |   0.30 |   0.49 |
| F8 Muxes                   |     16 |   141 |    47 |   0.01 |   0.13 |   0.04 |
| F9 Muxes                   |      0 |     0 |     0 |   0.00 |   0.00 |   0.00 |
| Block RAM Tile             |  153.5 |  80.5 |    94 |  22.84 |  11.98 |  13.99 |
|   RAMB36/FIFO              |    148 |    80 |    92 |  22.02 |  11.90 |  13.69 |
|     RAMB36E2 only          |    148 |    80 |    92 |  22.02 |  11.90 |  13.69 |
|   RAMB18                   |     11 |     1 |     4 |   0.82 |   0.07 |   0.30 |
|     RAMB18E2 only          |     11 |     1 |     4 |   0.82 |   0.07 |   0.30 |
| URAM                       |      0 |     0 |     0 |   0.00 |   0.00 |   0.00 |
| DSPs                       |    152 |     0 |     4 |   5.28 |   0.00 |   0.13 |
| Unique Control Sets        |   4708 |  1505 |  2720 |   4.28 |   1.39 |   2.52 |
+----------------------------+--------+-------+-------+--------+--------+--------+
* Note: Available Control Sets based on CLB Registers / 8


4. SLR IO Utilization
---------------------

+-----------+-----------+---------+------------+----------+------------+----------+-----+
| SLR Index | Used IOBs | (%)IOBs | Used IPADs | (%)IPADs | Used OPADs | (%)OPADs | GTs |
+-----------+-----------+---------+------------+----------+------------+----------+-----+
| SLR2      |        18 |    8.65 |          0 |     0.00 |          0 |     0.00 |   0 |
| SLR1      |         0 |    0.00 |          0 |     0.00 |          0 |     0.00 |   0 |
| SLR0      |         1 |    0.48 |          0 |     0.00 |          0 |     0.00 |  16 |
+-----------+-----------+---------+------------+----------+------------+----------+-----+
| Total     |        19 |         |          0 |          |          0 |          |  16 |
+-----------+-----------+---------+------------+----------+------------+----------+-----+


