Copyright 1986-2021 Xilinx, Inc. All Rights Reserved.
-----------------------------------------------------------------------------------------------------------------------------------------------------------------------------------------------------------------------------------------------------------------------------------------------------------------------------------------------------
| Tool Version : Vivado v.2021.2 (lin64) Build 3367213 Tue Oct 19 02:47:39 MDT 2021
| Date         : Sun Nov  3 19:12:46 2024
| Host         : hacc-gpu0 running 64-bit Ubuntu 20.04.6 LTS
| Command      : report_accelerator_utilization -kernels { krnl_vaddmul:pfm_top_i/dynamic_region/krnl_vaddmul_1/inst:krnl_vaddmul_1 krnl_vaddmul:pfm_top_i/dynamic_region/krnl_vaddmul_2/inst:krnl_vaddmul_2 krnl_vaddmul:pfm_top_i/dynamic_region/krnl_vaddmul_3/inst:krnl_vaddmul_3} -file kernel_util_synthed.rpt -name kernel_util_synthed -json
| Design       : pfm_top_wrapper
| Device       : xcu280
| Design State : Synthesized
-----------------------------------------------------------------------------------------------------------------------------------------------------------------------------------------------------------------------------------------------------------------------------------------------------------------------------------------------------

Accelerator Utilization Design Information

Table of Contents
-----------------
1. System Utilization

1. System Utilization
---------------------

+---------------------+-------------------+------------------+-------------------+----------------+---------------+----------------+
| Name                | LUT               | LUTAsMem         | REG               | BRAM           | URAM          | DSP            |
+---------------------+-------------------+------------------+-------------------+----------------+---------------+----------------+
| Platform            |  134409 [ 10.32%] |  16522 [  2.75%] |  184244 [  7.07%] |  204 [ 10.12%] |   0 [  0.00%] |    4 [  0.04%] |
| User Budget         | 1168311 [100.00%] | 583958 [100.00%] | 2423116 [100.00%] | 1812 [100.00%] | 960 [100.00%] | 9020 [100.00%] |
|    Used Resources   |   26508 [  2.27%] |   4680 [  0.80%] |   34845 [  1.44%] |   48 [  2.65%] |   0 [  0.00%] |   24 [  0.27%] |
|    Unused Resources | 1141803 [ 97.73%] | 579278 [ 99.20%] | 2388271 [ 98.56%] | 1764 [ 97.35%] | 960 [100.00%] | 8996 [ 99.73%] |
| krnl_vaddmul        |   26508 [  2.27%] |   4680 [  0.80%] |   34845 [  1.44%] |   48 [  2.65%] |   0 [  0.00%] |   24 [  0.27%] |
|    krnl_vaddmul_1   |    8836 [  0.76%] |   1560 [  0.27%] |   11615 [  0.48%] |   16 [  0.88%] |   0 [  0.00%] |    8 [  0.09%] |
|    krnl_vaddmul_2   |    8836 [  0.76%] |   1560 [  0.27%] |   11615 [  0.48%] |   16 [  0.88%] |   0 [  0.00%] |    8 [  0.09%] |
|    krnl_vaddmul_3   |    8836 [  0.76%] |   1560 [  0.27%] |   11615 [  0.48%] |   16 [  0.88%] |   0 [  0.00%] |    8 [  0.09%] |
+---------------------+-------------------+------------------+-------------------+----------------+---------------+----------------+


