Copyright 1986-2021 Xilinx, Inc. All Rights Reserved.
----------------------------------------------------------------------------------------------------------------------------------------------------------------------------------
| Tool Version : Vivado v.2021.2 (lin64) Build 3367213 Tue Oct 19 02:47:39 MDT 2021
| Date         : Sat Nov 30 11:57:45 2024
| Host         : hacc-gpu0 running 64-bit Ubuntu 20.04.6 LTS
| Command      : report_accelerator_utilization -kernels { overlay:pfm_top_i/dynamic_region/overlay_1/inst:overlay_1} -file kernel_util_routed.rpt -name kernel_util_routed -json
| Design       : pfm_top_wrapper
| Device       : xcu280
| Design State : Routed
----------------------------------------------------------------------------------------------------------------------------------------------------------------------------------

Accelerator Utilization Design Information

Table of Contents
-----------------
1. System Utilization

1. System Utilization
---------------------

+---------------------+-------------------+------------------+-------------------+----------------+---------------+----------------+
| Name                | LUT               | LUTAsMem         | REG               | BRAM           | URAM          | DSP            |
+---------------------+-------------------+------------------+-------------------+----------------+---------------+----------------+
| Platform            |  185077 [ 14.21%] |  32148 [  5.35%] |  296708 [ 11.38%] |  303 [ 15.03%] |   0 [  0.00%] |    7 [  0.08%] |
| User Budget         | 1117643 [100.00%] | 568332 [100.00%] | 2310652 [100.00%] | 1713 [100.00%] | 960 [100.00%] | 9017 [100.00%] |
|    Used Resources   |  394923 [ 35.34%] | 120540 [ 21.21%] |  418291 [ 18.10%] |  669 [ 39.05%] | 640 [ 66.67%] |  728 [  8.07%] |
|    Unused Resources |  722720 [ 64.66%] | 447792 [ 78.79%] | 1892361 [ 81.90%] | 1044 [ 60.95%] | 320 [ 33.33%] | 8289 [ 91.93%] |
| overlay             |  394923 [ 35.34%] | 120540 [ 21.21%] |  418291 [ 18.10%] |  669 [ 39.05%] | 640 [ 66.67%] |  728 [  8.07%] |
|    overlay_1        |  394923 [ 35.34%] | 120540 [ 21.21%] |  418291 [ 18.10%] |  669 [ 39.05%] | 640 [ 66.67%] |  728 [  8.07%] |
+---------------------+-------------------+------------------+-------------------+----------------+---------------+----------------+


