Copyright 1986-2021 Xilinx, Inc. All Rights Reserved.
------------------------------------------------------------------------------------------
| Tool Version : Vivado v.2021.2 (lin64) Build 3367213 Tue Oct 19 02:47:39 MDT 2021
| Date         : Sat Nov 30 11:59:05 2024
| Host         : hacc-gpu0 running 64-bit Ubuntu 20.04.6 LTS
| Command      : report_utilization -slr -file slr_util_routed.rpt -pb slr_util_routed.pb
| Design       : pfm_top_wrapper
| Device       : xcu280-fsvh2892-2L-e
| Speed File   : -2L
| Design State : Routed
------------------------------------------------------------------------------------------

Utilization Design Information

Table of Contents
-----------------
1. SLR Connectivity
2. SLR Connectivity Matrix
3. SLR CLB Logic and Dedicated Block Utilization
4. SLR IO Utilization

1. SLR Connectivity
-------------------

+----------------------------------+-------+-------+-----------+-------+
|                                  |  Used | Fixed | Available | Util% |
+----------------------------------+-------+-------+-----------+-------+
| SLR2 <-> SLR1                    | 13235 |       |     23040 | 57.44 |
|   SLR1 -> SLR2                   |  7583 |       |           | 32.91 |
|     Using TX_REG only            |   267 |     1 |           |       |
|     Using RX_REG only            |   284 |    18 |           |       |
|     Using Both TX_REG and RX_REG |   267 |     1 |           |       |
|   SLR2 -> SLR1                   |  5652 |       |           | 24.53 |
|     Using TX_REG only            |   407 |     0 |           |       |
|     Using RX_REG only            |   412 |     4 |           |       |
|     Using Both TX_REG and RX_REG |   407 |     0 |           |       |
| SLR1 <-> SLR0                    | 17009 |       |     23040 | 73.82 |
|   SLR0 -> SLR1                   | 11965 |       |           | 51.93 |
|     Using TX_REG only            |   382 |    71 |           |       |
|     Using RX_REG only            |   372 |    61 |           |       |
|     Using Both TX_REG and RX_REG |   366 |    55 |           |       |
|   SLR1 -> SLR0                   |  5044 |       |           | 21.89 |
|     Using TX_REG only            |   442 |    62 |           |       |
|     Using RX_REG only            |   452 |    71 |           |       |
|     Using Both TX_REG and RX_REG |   440 |    60 |           |       |
+----------------------------------+-------+-------+-----------+-------+
| Total SLLs Used                  | 30244 |       |           |       |
+----------------------------------+-------+-------+-----------+-------+


2. SLR Connectivity Matrix
--------------------------

+-----------+------+-------+------+
| FROM \ TO | SLR2 |  SLR1 | SLR0 |
+-----------+------+-------+------+
| SLR2      |    0 |  5214 |  438 |
| SLR1      | 7222 |     0 | 4606 |
| SLR0      |  361 | 11604 |    0 |
+-----------+------+-------+------+


3. SLR CLB Logic and Dedicated Block Utilization
------------------------------------------------

+----------------------------+--------+--------+--------+--------+--------+--------+
|          Site Type         |  SLR0  |  SLR1  |  SLR2  | SLR0 % | SLR1 % | SLR2 % |
+----------------------------+--------+--------+--------+--------+--------+--------+
| CLB                        |  24083 |  53363 |  43047 |  43.82 |  98.82 |  79.72 |
|   CLBL                     |  12092 |  28852 |  22464 |  41.30 |  98.54 |  76.72 |
|   CLBM                     |  11991 |  24511 |  20583 |  46.69 |  99.15 |  83.26 |
| CLB LUTs                   |  86384 | 288356 | 205259 |  19.65 |  66.75 |  47.51 |
|   LUT as Logic             |  66662 | 213866 | 146783 |  15.16 |  49.51 |  33.98 |
|     using O5 output only   |   2499 |   1281 |   1779 |   0.57 |   0.30 |   0.41 |
|     using O6 output only   |  39382 | 157497 |  98942 |   8.96 |  36.46 |  22.90 |
|     using O5 and O6        |  24781 |  55088 |  46062 |   5.64 |  12.75 |  10.66 |
|   LUT as Memory            |  19722 |  74490 |  58476 |   9.60 |  37.67 |  29.57 |
|     LUT as Distributed RAM |  16976 |   5073 |   3958 |   8.26 |   2.57 |   2.00 |
|       using O5 output only |      0 |      0 |      0 |   0.00 |   0.00 |   0.00 |
|       using O6 output only |    152 |    731 |     90 |   0.07 |   0.37 |   0.05 |
|       using O5 and O6      |  16824 |   4342 |   3868 |   8.19 |   2.20 |   1.96 |
|     LUT as Shift Register  |   2746 |  69417 |  54518 |   1.34 |  35.10 |  27.57 |
|       using O5 output only |      0 |      0 |      1 |   0.00 |   0.00 |  <0.01 |
|       using O6 output only |   1845 |  60859 |  47189 |   0.90 |  30.77 |  23.86 |
|       using O5 and O6      |    901 |   8558 |   7328 |   0.44 |   4.33 |   3.71 |
| CLB Registers              | 154597 | 332439 | 227963 |  17.58 |  38.48 |  26.38 |
| CARRY8                     |    848 |   6264 |   3302 |   1.54 |  11.60 |   6.11 |
| F7 Muxes                   |   1006 |  42361 |  34880 |   0.46 |  19.61 |  16.15 |
| F8 Muxes                   |    109 |    686 |    175 |   0.10 |   0.64 |   0.16 |
| F9 Muxes                   |      0 |      0 |      0 |   0.00 |   0.00 |   0.00 |
| Block RAM Tile             |    120 |    507 |    346 |  17.86 |  75.45 |  51.49 |
|   RAMB36/FIFO              |    116 |    496 |    344 |  17.26 |  73.81 |  51.19 |
|     RAMB36E2 only          |    116 |    496 |    344 |  17.26 |  73.81 |  51.19 |
|   RAMB18                   |      8 |     22 |      4 |   0.60 |   1.64 |   0.30 |
|     RAMB18E2 only          |      8 |     22 |      4 |   0.60 |   1.64 |   0.30 |
| URAM                       |     12 |    317 |    311 |   3.75 |  99.06 |  97.19 |
| DSPs                       |      3 |    472 |    260 |   0.10 |  15.36 |   8.46 |
| Unique Control Sets        |   4652 |   5290 |   5289 |   4.23 |   4.90 |   4.90 |
+----------------------------+--------+--------+--------+--------+--------+--------+
* Note: Available Control Sets based on CLB Registers / 8


4. SLR IO Utilization
---------------------

+-----------+-----------+---------+------------+----------+------------+----------+-----+
| SLR Index | Used IOBs | (%)IOBs | Used IPADs | (%)IPADs | Used OPADs | (%)OPADs | GTs |
+-----------+-----------+---------+------------+----------+------------+----------+-----+
| SLR2      |        18 |    8.65 |          0 |     0.00 |          0 |     0.00 |   0 |
| SLR1      |         0 |    0.00 |          0 |     0.00 |          0 |     0.00 |   0 |
| SLR0      |       140 |   67.31 |          0 |     0.00 |          0 |     0.00 |  16 |
+-----------+-----------+---------+------------+----------+------------+----------+-----+
| Total     |       158 |         |          0 |          |          0 |          |  16 |
+-----------+-----------+---------+------------+----------+------------+----------+-----+


