Copyright 1986-2021 Xilinx, Inc. All Rights Reserved.
------------------------------------------------------------------------------------------
| Tool Version : Vivado v.2021.2 (lin64) Build 3367213 Tue Oct 19 02:47:39 MDT 2021
| Date         : Sun Nov 17 11:48:51 2024
| Host         : hacc-gpu0 running 64-bit Ubuntu 20.04.6 LTS
| Command      : report_utilization -slr -file slr_util_routed.rpt -pb slr_util_routed.pb
| Design       : pfm_top_wrapper
| Device       : xcu280-fsvh2892-2L-e
| Speed File   : -2L
| Design State : Routed
------------------------------------------------------------------------------------------

Utilization Design Information

Table of Contents
-----------------
1. SLR Connectivity
2. SLR Connectivity Matrix
3. SLR CLB Logic and Dedicated Block Utilization
4. SLR IO Utilization

1. SLR Connectivity
-------------------

+----------------------------------+------+-------+-----------+-------+
|                                  | Used | Fixed | Available | Util% |
+----------------------------------+------+-------+-----------+-------+
| SLR2 <-> SLR1                    | 3955 |       |     23040 | 17.17 |
|   SLR1 -> SLR2                   | 2081 |       |           |  9.03 |
|     Using TX_REG only            |  267 |     1 |           |       |
|     Using RX_REG only            |  284 |    18 |           |       |
|     Using Both TX_REG and RX_REG |  267 |     1 |           |       |
|   SLR2 -> SLR1                   | 1874 |       |           |  8.13 |
|     Using TX_REG only            |  407 |     0 |           |       |
|     Using RX_REG only            |  412 |     4 |           |       |
|     Using Both TX_REG and RX_REG |  407 |     0 |           |       |
| SLR1 <-> SLR0                    | 2524 |       |     23040 | 10.95 |
|   SLR0 -> SLR1                   | 1129 |       |           |  4.90 |
|     Using TX_REG only            |  371 |    71 |           |       |
|     Using RX_REG only            |  361 |    61 |           |       |
|     Using Both TX_REG and RX_REG |  355 |    55 |           |       |
|   SLR1 -> SLR0                   | 1395 |       |           |  6.05 |
|     Using TX_REG only            |  441 |    62 |           |       |
|     Using RX_REG only            |  451 |    71 |           |       |
|     Using Both TX_REG and RX_REG |  439 |    60 |           |       |
+----------------------------------+------+-------+-----------+-------+
| Total SLLs Used                  | 6479 |       |           |       |
+----------------------------------+------+-------+-----------+-------+


2. SLR Connectivity Matrix
--------------------------

+-----------+------+------+------+
| FROM \ TO | SLR2 | SLR1 | SLR0 |
+-----------+------+------+------+
| SLR2      |    0 | 1737 |  137 |
| SLR1      | 1980 |    0 | 1258 |
| SLR0      |  101 | 1028 |    0 |
+-----------+------+------+------+


3. SLR CLB Logic and Dedicated Block Utilization
------------------------------------------------

+----------------------------+-------+-------+-------+--------+--------+--------+
|          Site Type         |  SLR0 |  SLR1 |  SLR2 | SLR0 % | SLR1 % | SLR2 % |
+----------------------------+-------+-------+-------+--------+--------+--------+
| CLB                        |  7498 |  7111 |  8129 |  13.64 |  13.17 |  15.05 |
|   CLBL                     |  3697 |  3573 |  4196 |  12.63 |  12.20 |  14.33 |
|   CLBM                     |  3801 |  3538 |  3933 |  14.80 |  14.31 |  15.91 |
| CLB LUTs                   | 24151 | 48067 | 35356 |   5.49 |  11.13 |   8.18 |
|   LUT as Logic             | 20567 | 44097 | 32318 |   4.68 |  10.21 |   7.48 |
|     using O5 output only   |   466 |   295 |  1009 |   0.11 |   0.07 |   0.23 |
|     using O6 output only   | 13962 | 34610 | 19508 |   3.18 |   8.01 |   4.52 |
|     using O5 and O6        |  6139 |  9192 | 11801 |   1.40 |   2.13 |   2.73 |
|   LUT as Memory            |  3584 |  3970 |  3038 |   1.74 |   2.01 |   1.54 |
|     LUT as Distributed RAM |  1116 |  3837 |  1660 |   0.54 |   1.94 |   0.84 |
|       using O5 output only |     0 |     0 |     0 |   0.00 |   0.00 |   0.00 |
|       using O6 output only |    84 |   215 |    84 |   0.04 |   0.11 |   0.04 |
|       using O5 and O6      |  1032 |  3622 |  1576 |   0.50 |   1.83 |   0.80 |
|     LUT as Shift Register  |  2468 |   133 |  1378 |   1.20 |   0.07 |   0.70 |
|       using O5 output only |     0 |     0 |     0 |   0.00 |   0.00 |   0.00 |
|       using O6 output only |  1298 |   133 |  1248 |   0.63 |   0.07 |   0.63 |
|       using O5 and O6      |  1170 |     0 |   130 |   0.57 |   0.00 |   0.07 |
| CLB Registers              | 52677 | 46670 | 60795 |   5.99 |   5.40 |   7.04 |
| CARRY8                     |   449 |   480 |   313 |   0.82 |   0.89 |   0.58 |
| F7 Muxes                   |   564 |   651 |  1054 |   0.26 |   0.30 |   0.49 |
| F8 Muxes                   |    16 |   141 |    47 |   0.01 |   0.13 |   0.04 |
| F9 Muxes                   |     0 |     0 |     0 |   0.00 |   0.00 |   0.00 |
| Block RAM Tile             |    41 |  82.5 |    94 |   6.10 |  12.28 |  13.99 |
|   RAMB36/FIFO              |    39 |    82 |    92 |   5.80 |  12.20 |  13.69 |
|     RAMB36E2 only          |    39 |    82 |    92 |   5.80 |  12.20 |  13.69 |
|   RAMB18                   |     4 |     1 |     4 |   0.30 |   0.07 |   0.30 |
|     RAMB18E2 only          |     4 |     1 |     4 |   0.30 |   0.07 |   0.30 |
| URAM                       |     0 |     0 |     0 |   0.00 |   0.00 |   0.00 |
| DSPs                       |     0 |     0 |     4 |   0.00 |   0.00 |   0.13 |
| Unique Control Sets        |  1603 |  1516 |  2721 |   1.46 |   1.40 |   2.52 |
+----------------------------+-------+-------+-------+--------+--------+--------+
* Note: Available Control Sets based on CLB Registers / 8


4. SLR IO Utilization
---------------------

+-----------+-----------+---------+------------+----------+------------+----------+-----+
| SLR Index | Used IOBs | (%)IOBs | Used IPADs | (%)IPADs | Used OPADs | (%)OPADs | GTs |
+-----------+-----------+---------+------------+----------+------------+----------+-----+
| SLR2      |        18 |    8.65 |          0 |     0.00 |          0 |     0.00 |   0 |
| SLR1      |         0 |    0.00 |          0 |     0.00 |          0 |     0.00 |   0 |
| SLR0      |         1 |    0.48 |          0 |     0.00 |          0 |     0.00 |  16 |
+-----------+-----------+---------+------------+----------+------------+----------+-----+
| Total     |        19 |         |          0 |          |          0 |          |  16 |
+-----------+-----------+---------+------------+----------+------------+----------+-----+


